[2024-02-27T04:13:33.118+0000] {taskinstance.py:1956} INFO - Dependencies all met for dep_context=non-requeueable deps ti=<TaskInstance: dag_with_postgres_operator_v08.create_postgres_table scheduled__2024-02-23T00:00:00+00:00 [queued]>
[2024-02-27T04:13:33.254+0000] {taskinstance.py:1956} INFO - Dependencies all met for dep_context=requeueable deps ti=<TaskInstance: dag_with_postgres_operator_v08.create_postgres_table scheduled__2024-02-23T00:00:00+00:00 [queued]>
[2024-02-27T04:13:33.254+0000] {taskinstance.py:2170} INFO - Starting attempt 1 of 6
[2024-02-27T04:13:33.478+0000] {taskinstance.py:2191} INFO - Executing <Task(PostgresOperator): create_postgres_table> on 2024-02-23 00:00:00+00:00
[2024-02-27T04:13:33.641+0000] {standard_task_runner.py:60} INFO - Started process 62 to run task
[2024-02-27T04:13:33.684+0000] {standard_task_runner.py:87} INFO - Running: ['***', 'tasks', 'run', 'dag_with_postgres_operator_v08', 'create_postgres_table', 'scheduled__2024-02-23T00:00:00+00:00', '--job-id', '476', '--raw', '--subdir', 'DAGS_FOLDER/dag_with_postgres_operator.py', '--cfg-path', '/tmp/tmp4qhiut85']
[2024-02-27T04:13:33.849+0000] {standard_task_runner.py:88} INFO - Job 476: Subtask create_postgres_table
[2024-02-27T04:13:34.511+0000] {task_command.py:423} INFO - Running <TaskInstance: dag_with_postgres_operator_v08.create_postgres_table scheduled__2024-02-23T00:00:00+00:00 [running]> on host f592a0b4b395
[2024-02-27T04:13:36.378+0000] {taskinstance.py:2480} INFO - Exporting env vars: AIRFLOW_CTX_DAG_OWNER='Shiv' AIRFLOW_CTX_DAG_ID='dag_with_postgres_operator_v08' AIRFLOW_CTX_TASK_ID='create_postgres_table' AIRFLOW_CTX_EXECUTION_DATE='2024-02-23T00:00:00+00:00' AIRFLOW_CTX_TRY_NUMBER='1' AIRFLOW_CTX_DAG_RUN_ID='scheduled__2024-02-23T00:00:00+00:00'
[2024-02-27T04:13:36.380+0000] {sql.py:276} INFO - Executing: 
            CREATE TABLE IF NOT EXISTS dag_runs (
                dt DATE,
                dag_id VARCHAR,
                PRIMARY KEY (dt, dag_id)
            );
        
[2024-02-27T04:13:36.573+0000] {base.py:83} INFO - Using connection ID 'postgres_localhost' for task execution.
[2024-02-27T04:13:36.703+0000] {base.py:83} INFO - Using connection ID 'postgres_localhost' for task execution.
[2024-02-27T04:13:36.806+0000] {sql.py:450} INFO - Running statement: 
            CREATE TABLE IF NOT EXISTS dag_runs (
                dt DATE,
                dag_id VARCHAR,
                PRIMARY KEY (dt, dag_id)
            );
        , parameters: None
[2024-02-27T04:13:36.940+0000] {taskinstance.py:1138} INFO - Marking task as SUCCESS. dag_id=dag_with_postgres_operator_v08, task_id=create_postgres_table, execution_date=20240223T000000, start_date=20240227T041333, end_date=20240227T041336
[2024-02-27T04:13:37.621+0000] {local_task_job_runner.py:234} INFO - Task exited with return code 0
[2024-02-27T04:13:38.702+0000] {taskinstance.py:3280} INFO - 0 downstream tasks scheduled from follow-on schedule check
