[2024-02-10T04:51:40.741+0000] {processor.py:161} INFO - Started process (PID=8107) to work on /workspaces/Airflow_101/airflow_tutorial/py_env/lib/python3.10/site-packages/airflow/example_dags/plugins/workday.py
[2024-02-10T04:51:40.741+0000] {processor.py:830} INFO - Processing file /workspaces/Airflow_101/airflow_tutorial/py_env/lib/python3.10/site-packages/airflow/example_dags/plugins/workday.py for tasks to queue
[2024-02-10T04:51:40.742+0000] {logging_mixin.py:188} INFO - [2024-02-10T04:51:40.742+0000] {dagbag.py:538} INFO - Filling up the DagBag from /workspaces/Airflow_101/airflow_tutorial/py_env/lib/python3.10/site-packages/airflow/example_dags/plugins/workday.py
[2024-02-10T04:51:40.744+0000] {logging_mixin.py:188} INFO - [2024-02-10T04:51:40.744+0000] {workday.py:40} WARNING - Could not import pandas. Holidays will not be considered.
[2024-02-10T04:51:40.745+0000] {processor.py:842} WARNING - No viable dags retrieved from /workspaces/Airflow_101/airflow_tutorial/py_env/lib/python3.10/site-packages/airflow/example_dags/plugins/workday.py
[2024-02-10T04:51:40.751+0000] {processor.py:183} INFO - Processing /workspaces/Airflow_101/airflow_tutorial/py_env/lib/python3.10/site-packages/airflow/example_dags/plugins/workday.py took 0.013 seconds
[2024-02-10T04:52:37.305+0000] {processor.py:161} INFO - Started process (PID=8612) to work on /workspaces/Airflow_101/airflow_tutorial/py_env/lib/python3.10/site-packages/airflow/example_dags/plugins/workday.py
[2024-02-10T04:52:37.306+0000] {processor.py:830} INFO - Processing file /workspaces/Airflow_101/airflow_tutorial/py_env/lib/python3.10/site-packages/airflow/example_dags/plugins/workday.py for tasks to queue
[2024-02-10T04:52:37.307+0000] {logging_mixin.py:188} INFO - [2024-02-10T04:52:37.306+0000] {dagbag.py:538} INFO - Filling up the DagBag from /workspaces/Airflow_101/airflow_tutorial/py_env/lib/python3.10/site-packages/airflow/example_dags/plugins/workday.py
[2024-02-10T04:52:37.309+0000] {logging_mixin.py:188} INFO - [2024-02-10T04:52:37.309+0000] {workday.py:40} WARNING - Could not import pandas. Holidays will not be considered.
[2024-02-10T04:52:37.309+0000] {processor.py:842} WARNING - No viable dags retrieved from /workspaces/Airflow_101/airflow_tutorial/py_env/lib/python3.10/site-packages/airflow/example_dags/plugins/workday.py
[2024-02-10T04:52:37.316+0000] {processor.py:183} INFO - Processing /workspaces/Airflow_101/airflow_tutorial/py_env/lib/python3.10/site-packages/airflow/example_dags/plugins/workday.py took 0.013 seconds
[2024-02-10T04:53:21.401+0000] {processor.py:161} INFO - Started process (PID=8915) to work on /workspaces/Airflow_101/airflow_tutorial/py_env/lib/python3.10/site-packages/airflow/example_dags/plugins/workday.py
[2024-02-10T04:53:21.402+0000] {processor.py:830} INFO - Processing file /workspaces/Airflow_101/airflow_tutorial/py_env/lib/python3.10/site-packages/airflow/example_dags/plugins/workday.py for tasks to queue
[2024-02-10T04:53:21.403+0000] {logging_mixin.py:188} INFO - [2024-02-10T04:53:21.402+0000] {dagbag.py:538} INFO - Filling up the DagBag from /workspaces/Airflow_101/airflow_tutorial/py_env/lib/python3.10/site-packages/airflow/example_dags/plugins/workday.py
[2024-02-10T04:53:21.405+0000] {logging_mixin.py:188} INFO - [2024-02-10T04:53:21.405+0000] {workday.py:40} WARNING - Could not import pandas. Holidays will not be considered.
[2024-02-10T04:53:21.405+0000] {processor.py:842} WARNING - No viable dags retrieved from /workspaces/Airflow_101/airflow_tutorial/py_env/lib/python3.10/site-packages/airflow/example_dags/plugins/workday.py
[2024-02-10T04:53:21.426+0000] {processor.py:183} INFO - Processing /workspaces/Airflow_101/airflow_tutorial/py_env/lib/python3.10/site-packages/airflow/example_dags/plugins/workday.py took 0.027 seconds
[2024-02-10T04:53:59.067+0000] {processor.py:161} INFO - Started process (PID=9376) to work on /workspaces/Airflow_101/airflow_tutorial/py_env/lib/python3.10/site-packages/airflow/example_dags/plugins/workday.py
[2024-02-10T04:53:59.068+0000] {processor.py:830} INFO - Processing file /workspaces/Airflow_101/airflow_tutorial/py_env/lib/python3.10/site-packages/airflow/example_dags/plugins/workday.py for tasks to queue
[2024-02-10T04:53:59.068+0000] {logging_mixin.py:188} INFO - [2024-02-10T04:53:59.068+0000] {dagbag.py:538} INFO - Filling up the DagBag from /workspaces/Airflow_101/airflow_tutorial/py_env/lib/python3.10/site-packages/airflow/example_dags/plugins/workday.py
[2024-02-10T04:53:59.071+0000] {logging_mixin.py:188} INFO - [2024-02-10T04:53:59.070+0000] {workday.py:40} WARNING - Could not import pandas. Holidays will not be considered.
[2024-02-10T04:53:59.071+0000] {processor.py:842} WARNING - No viable dags retrieved from /workspaces/Airflow_101/airflow_tutorial/py_env/lib/python3.10/site-packages/airflow/example_dags/plugins/workday.py
[2024-02-10T04:53:59.078+0000] {processor.py:183} INFO - Processing /workspaces/Airflow_101/airflow_tutorial/py_env/lib/python3.10/site-packages/airflow/example_dags/plugins/workday.py took 0.013 seconds
[2024-02-10T04:54:45.704+0000] {processor.py:161} INFO - Started process (PID=9824) to work on /workspaces/Airflow_101/airflow_tutorial/py_env/lib/python3.10/site-packages/airflow/example_dags/plugins/workday.py
[2024-02-10T04:54:45.705+0000] {processor.py:830} INFO - Processing file /workspaces/Airflow_101/airflow_tutorial/py_env/lib/python3.10/site-packages/airflow/example_dags/plugins/workday.py for tasks to queue
[2024-02-10T04:54:45.706+0000] {logging_mixin.py:188} INFO - [2024-02-10T04:54:45.705+0000] {dagbag.py:538} INFO - Filling up the DagBag from /workspaces/Airflow_101/airflow_tutorial/py_env/lib/python3.10/site-packages/airflow/example_dags/plugins/workday.py
[2024-02-10T04:54:45.708+0000] {logging_mixin.py:188} INFO - [2024-02-10T04:54:45.708+0000] {workday.py:40} WARNING - Could not import pandas. Holidays will not be considered.
[2024-02-10T04:54:45.708+0000] {processor.py:842} WARNING - No viable dags retrieved from /workspaces/Airflow_101/airflow_tutorial/py_env/lib/python3.10/site-packages/airflow/example_dags/plugins/workday.py
[2024-02-10T04:54:45.715+0000] {processor.py:183} INFO - Processing /workspaces/Airflow_101/airflow_tutorial/py_env/lib/python3.10/site-packages/airflow/example_dags/plugins/workday.py took 0.013 seconds
