[2024-02-27T04:13:52.703+0000] {taskinstance.py:1956} INFO - Dependencies all met for dep_context=non-requeueable deps ti=<TaskInstance: dag_with_postgres_operator_v08.insert_into_table scheduled__2024-02-22T00:00:00+00:00 [queued]>
[2024-02-27T04:13:52.857+0000] {taskinstance.py:1956} INFO - Dependencies all met for dep_context=requeueable deps ti=<TaskInstance: dag_with_postgres_operator_v08.insert_into_table scheduled__2024-02-22T00:00:00+00:00 [queued]>
[2024-02-27T04:13:52.868+0000] {taskinstance.py:2170} INFO - Starting attempt 1 of 6
[2024-02-27T04:13:53.066+0000] {taskinstance.py:2191} INFO - Executing <Task(PostgresOperator): insert_into_table> on 2024-02-22 00:00:00+00:00
[2024-02-27T04:13:53.128+0000] {standard_task_runner.py:60} INFO - Started process 100 to run task
[2024-02-27T04:13:53.157+0000] {standard_task_runner.py:87} INFO - Running: ['***', 'tasks', 'run', 'dag_with_postgres_operator_v08', 'insert_into_table', 'scheduled__2024-02-22T00:00:00+00:00', '--job-id', '490', '--raw', '--subdir', 'DAGS_FOLDER/dag_with_postgres_operator.py', '--cfg-path', '/tmp/tmp4ekc1lhz']
[2024-02-27T04:13:53.218+0000] {standard_task_runner.py:88} INFO - Job 490: Subtask insert_into_table
[2024-02-27T04:13:53.719+0000] {task_command.py:423} INFO - Running <TaskInstance: dag_with_postgres_operator_v08.insert_into_table scheduled__2024-02-22T00:00:00+00:00 [running]> on host f592a0b4b395
[2024-02-27T04:13:55.006+0000] {taskinstance.py:2480} INFO - Exporting env vars: AIRFLOW_CTX_DAG_OWNER='Shiv' AIRFLOW_CTX_DAG_ID='dag_with_postgres_operator_v08' AIRFLOW_CTX_TASK_ID='insert_into_table' AIRFLOW_CTX_EXECUTION_DATE='2024-02-22T00:00:00+00:00' AIRFLOW_CTX_TRY_NUMBER='1' AIRFLOW_CTX_DAG_RUN_ID='scheduled__2024-02-22T00:00:00+00:00'
[2024-02-27T04:13:55.011+0000] {sql.py:276} INFO - Executing: 
            INSERT INTO dag_runs (dt, dag_id) VALUES ('2024-02-22', 'dag_with_postgres_operator_v08');
        
[2024-02-27T04:13:55.168+0000] {base.py:83} INFO - Using connection ID 'postgres_localhost' for task execution.
[2024-02-27T04:13:55.248+0000] {base.py:83} INFO - Using connection ID 'postgres_localhost' for task execution.
[2024-02-27T04:13:55.272+0000] {sql.py:450} INFO - Running statement: 
            INSERT INTO dag_runs (dt, dag_id) VALUES ('2024-02-22', 'dag_with_postgres_operator_v08');
        , parameters: None
[2024-02-27T04:13:55.276+0000] {sql.py:459} INFO - Rows affected: 1
[2024-02-27T04:13:55.334+0000] {taskinstance.py:1138} INFO - Marking task as SUCCESS. dag_id=dag_with_postgres_operator_v08, task_id=insert_into_table, execution_date=20240222T000000, start_date=20240227T041352, end_date=20240227T041355
[2024-02-27T04:13:55.701+0000] {local_task_job_runner.py:234} INFO - Task exited with return code 0
[2024-02-27T04:13:55.837+0000] {taskinstance.py:3280} INFO - 0 downstream tasks scheduled from follow-on schedule check
