[2024-02-27T04:13:15.999+0000] {processor.py:161} INFO - Started process (PID=38) to work on /opt/airflow/dags/dag_with_catchup_backfill.py
[2024-02-27T04:13:16.000+0000] {processor.py:830} INFO - Processing file /opt/airflow/dags/dag_with_catchup_backfill.py for tasks to queue
[2024-02-27T04:13:16.026+0000] {logging_mixin.py:188} INFO - [2024-02-27T04:13:16.025+0000] {dagbag.py:538} INFO - Filling up the DagBag from /opt/airflow/dags/dag_with_catchup_backfill.py
[2024-02-27T04:13:16.141+0000] {processor.py:840} INFO - DAG(s) 'dag_with_catchup_backup_v3' retrieved from /opt/airflow/dags/dag_with_catchup_backfill.py
[2024-02-27T04:13:17.049+0000] {logging_mixin.py:188} INFO - [2024-02-27T04:13:17.049+0000] {dag.py:3036} INFO - Sync 1 DAGs
[2024-02-27T04:13:17.344+0000] {logging_mixin.py:188} INFO - [2024-02-27T04:13:17.344+0000] {dag.py:3823} INFO - Setting next_dagrun for dag_with_catchup_backup_v3 to 2024-02-26 00:00:00+00:00, run_after=2024-02-27 00:00:00+00:00
[2024-02-27T04:13:17.612+0000] {processor.py:183} INFO - Processing /opt/airflow/dags/dag_with_catchup_backfill.py took 1.660 seconds
[2024-02-27T04:13:47.831+0000] {processor.py:161} INFO - Started process (PID=51) to work on /opt/airflow/dags/dag_with_catchup_backfill.py
[2024-02-27T04:13:47.837+0000] {processor.py:830} INFO - Processing file /opt/airflow/dags/dag_with_catchup_backfill.py for tasks to queue
[2024-02-27T04:13:47.844+0000] {logging_mixin.py:188} INFO - [2024-02-27T04:13:47.843+0000] {dagbag.py:538} INFO - Filling up the DagBag from /opt/airflow/dags/dag_with_catchup_backfill.py
[2024-02-27T04:13:47.868+0000] {processor.py:840} INFO - DAG(s) 'dag_with_catchup_backup_v3' retrieved from /opt/airflow/dags/dag_with_catchup_backfill.py
[2024-02-27T04:13:47.928+0000] {logging_mixin.py:188} INFO - [2024-02-27T04:13:47.928+0000] {dag.py:3036} INFO - Sync 1 DAGs
[2024-02-27T04:13:47.970+0000] {logging_mixin.py:188} INFO - [2024-02-27T04:13:47.970+0000] {dag.py:3823} INFO - Setting next_dagrun for dag_with_catchup_backup_v3 to 2024-02-26 00:00:00+00:00, run_after=2024-02-27 00:00:00+00:00
[2024-02-27T04:13:48.018+0000] {processor.py:183} INFO - Processing /opt/airflow/dags/dag_with_catchup_backfill.py took 0.194 seconds
[2024-02-27T04:14:18.728+0000] {processor.py:161} INFO - Started process (PID=64) to work on /opt/airflow/dags/dag_with_catchup_backfill.py
[2024-02-27T04:14:18.730+0000] {processor.py:830} INFO - Processing file /opt/airflow/dags/dag_with_catchup_backfill.py for tasks to queue
[2024-02-27T04:14:18.732+0000] {logging_mixin.py:188} INFO - [2024-02-27T04:14:18.732+0000] {dagbag.py:538} INFO - Filling up the DagBag from /opt/airflow/dags/dag_with_catchup_backfill.py
[2024-02-27T04:14:18.745+0000] {processor.py:840} INFO - DAG(s) 'dag_with_catchup_backup_v3' retrieved from /opt/airflow/dags/dag_with_catchup_backfill.py
[2024-02-27T04:14:18.780+0000] {logging_mixin.py:188} INFO - [2024-02-27T04:14:18.780+0000] {dag.py:3036} INFO - Sync 1 DAGs
[2024-02-27T04:14:18.813+0000] {logging_mixin.py:188} INFO - [2024-02-27T04:14:18.813+0000] {dag.py:3823} INFO - Setting next_dagrun for dag_with_catchup_backup_v3 to 2024-02-26 00:00:00+00:00, run_after=2024-02-27 00:00:00+00:00
[2024-02-27T04:14:18.840+0000] {processor.py:183} INFO - Processing /opt/airflow/dags/dag_with_catchup_backfill.py took 0.116 seconds
[2024-02-27T04:14:49.228+0000] {processor.py:161} INFO - Started process (PID=85) to work on /opt/airflow/dags/dag_with_catchup_backfill.py
[2024-02-27T04:14:49.229+0000] {processor.py:830} INFO - Processing file /opt/airflow/dags/dag_with_catchup_backfill.py for tasks to queue
[2024-02-27T04:14:49.232+0000] {logging_mixin.py:188} INFO - [2024-02-27T04:14:49.232+0000] {dagbag.py:538} INFO - Filling up the DagBag from /opt/airflow/dags/dag_with_catchup_backfill.py
[2024-02-27T04:14:49.243+0000] {processor.py:840} INFO - DAG(s) 'dag_with_catchup_backup_v3' retrieved from /opt/airflow/dags/dag_with_catchup_backfill.py
[2024-02-27T04:14:49.269+0000] {logging_mixin.py:188} INFO - [2024-02-27T04:14:49.269+0000] {dag.py:3036} INFO - Sync 1 DAGs
[2024-02-27T04:14:49.288+0000] {logging_mixin.py:188} INFO - [2024-02-27T04:14:49.288+0000] {dag.py:3823} INFO - Setting next_dagrun for dag_with_catchup_backup_v3 to 2024-02-26 00:00:00+00:00, run_after=2024-02-27 00:00:00+00:00
[2024-02-27T04:14:49.306+0000] {processor.py:183} INFO - Processing /opt/airflow/dags/dag_with_catchup_backfill.py took 0.081 seconds
[2024-02-27T04:15:19.543+0000] {processor.py:161} INFO - Started process (PID=100) to work on /opt/airflow/dags/dag_with_catchup_backfill.py
[2024-02-27T04:15:19.544+0000] {processor.py:830} INFO - Processing file /opt/airflow/dags/dag_with_catchup_backfill.py for tasks to queue
[2024-02-27T04:15:19.547+0000] {logging_mixin.py:188} INFO - [2024-02-27T04:15:19.546+0000] {dagbag.py:538} INFO - Filling up the DagBag from /opt/airflow/dags/dag_with_catchup_backfill.py
[2024-02-27T04:15:19.565+0000] {processor.py:840} INFO - DAG(s) 'dag_with_catchup_backup_v3' retrieved from /opt/airflow/dags/dag_with_catchup_backfill.py
[2024-02-27T04:15:19.670+0000] {logging_mixin.py:188} INFO - [2024-02-27T04:15:19.669+0000] {dag.py:3036} INFO - Sync 1 DAGs
[2024-02-27T04:15:19.714+0000] {logging_mixin.py:188} INFO - [2024-02-27T04:15:19.714+0000] {dag.py:3823} INFO - Setting next_dagrun for dag_with_catchup_backup_v3 to 2024-02-26 00:00:00+00:00, run_after=2024-02-27 00:00:00+00:00
[2024-02-27T04:15:19.749+0000] {processor.py:183} INFO - Processing /opt/airflow/dags/dag_with_catchup_backfill.py took 0.215 seconds
[2024-02-27T04:15:50.513+0000] {processor.py:161} INFO - Started process (PID=116) to work on /opt/airflow/dags/dag_with_catchup_backfill.py
[2024-02-27T04:15:50.515+0000] {processor.py:830} INFO - Processing file /opt/airflow/dags/dag_with_catchup_backfill.py for tasks to queue
[2024-02-27T04:15:50.517+0000] {logging_mixin.py:188} INFO - [2024-02-27T04:15:50.517+0000] {dagbag.py:538} INFO - Filling up the DagBag from /opt/airflow/dags/dag_with_catchup_backfill.py
[2024-02-27T04:15:50.529+0000] {processor.py:840} INFO - DAG(s) 'dag_with_catchup_backup_v3' retrieved from /opt/airflow/dags/dag_with_catchup_backfill.py
[2024-02-27T04:15:50.572+0000] {logging_mixin.py:188} INFO - [2024-02-27T04:15:50.571+0000] {dag.py:3036} INFO - Sync 1 DAGs
[2024-02-27T04:15:50.620+0000] {logging_mixin.py:188} INFO - [2024-02-27T04:15:50.620+0000] {dag.py:3823} INFO - Setting next_dagrun for dag_with_catchup_backup_v3 to 2024-02-26 00:00:00+00:00, run_after=2024-02-27 00:00:00+00:00
[2024-02-27T04:15:50.688+0000] {processor.py:183} INFO - Processing /opt/airflow/dags/dag_with_catchup_backfill.py took 0.179 seconds
[2024-02-27T04:16:21.369+0000] {processor.py:161} INFO - Started process (PID=130) to work on /opt/airflow/dags/dag_with_catchup_backfill.py
[2024-02-27T04:16:21.370+0000] {processor.py:830} INFO - Processing file /opt/airflow/dags/dag_with_catchup_backfill.py for tasks to queue
[2024-02-27T04:16:21.371+0000] {logging_mixin.py:188} INFO - [2024-02-27T04:16:21.371+0000] {dagbag.py:538} INFO - Filling up the DagBag from /opt/airflow/dags/dag_with_catchup_backfill.py
[2024-02-27T04:16:21.380+0000] {processor.py:840} INFO - DAG(s) 'dag_with_catchup_backup_v3' retrieved from /opt/airflow/dags/dag_with_catchup_backfill.py
[2024-02-27T04:16:21.400+0000] {logging_mixin.py:188} INFO - [2024-02-27T04:16:21.400+0000] {dag.py:3036} INFO - Sync 1 DAGs
[2024-02-27T04:16:21.418+0000] {logging_mixin.py:188} INFO - [2024-02-27T04:16:21.418+0000] {dag.py:3823} INFO - Setting next_dagrun for dag_with_catchup_backup_v3 to 2024-02-26 00:00:00+00:00, run_after=2024-02-27 00:00:00+00:00
[2024-02-27T04:16:21.436+0000] {processor.py:183} INFO - Processing /opt/airflow/dags/dag_with_catchup_backfill.py took 0.070 seconds
[2024-02-27T04:16:52.058+0000] {processor.py:161} INFO - Started process (PID=143) to work on /opt/airflow/dags/dag_with_catchup_backfill.py
[2024-02-27T04:16:52.059+0000] {processor.py:830} INFO - Processing file /opt/airflow/dags/dag_with_catchup_backfill.py for tasks to queue
[2024-02-27T04:16:52.061+0000] {logging_mixin.py:188} INFO - [2024-02-27T04:16:52.060+0000] {dagbag.py:538} INFO - Filling up the DagBag from /opt/airflow/dags/dag_with_catchup_backfill.py
[2024-02-27T04:16:52.070+0000] {processor.py:840} INFO - DAG(s) 'dag_with_catchup_backup_v3' retrieved from /opt/airflow/dags/dag_with_catchup_backfill.py
[2024-02-27T04:16:52.094+0000] {logging_mixin.py:188} INFO - [2024-02-27T04:16:52.094+0000] {dag.py:3036} INFO - Sync 1 DAGs
[2024-02-27T04:16:52.117+0000] {logging_mixin.py:188} INFO - [2024-02-27T04:16:52.117+0000] {dag.py:3823} INFO - Setting next_dagrun for dag_with_catchup_backup_v3 to 2024-02-26 00:00:00+00:00, run_after=2024-02-27 00:00:00+00:00
[2024-02-27T04:16:52.135+0000] {processor.py:183} INFO - Processing /opt/airflow/dags/dag_with_catchup_backfill.py took 0.079 seconds
[2024-02-27T04:17:22.988+0000] {processor.py:161} INFO - Started process (PID=157) to work on /opt/airflow/dags/dag_with_catchup_backfill.py
[2024-02-27T04:17:22.997+0000] {processor.py:830} INFO - Processing file /opt/airflow/dags/dag_with_catchup_backfill.py for tasks to queue
[2024-02-27T04:17:23.999+0000] {logging_mixin.py:188} INFO - [2024-02-27T04:17:22.999+0000] {dagbag.py:538} INFO - Filling up the DagBag from /opt/airflow/dags/dag_with_catchup_backfill.py
[2024-02-27T04:17:23.049+0000] {processor.py:840} INFO - DAG(s) 'dag_with_catchup_backup_v3' retrieved from /opt/airflow/dags/dag_with_catchup_backfill.py
[2024-02-27T04:17:23.178+0000] {logging_mixin.py:188} INFO - [2024-02-27T04:17:23.177+0000] {dag.py:3036} INFO - Sync 1 DAGs
[2024-02-27T04:17:23.248+0000] {logging_mixin.py:188} INFO - [2024-02-27T04:17:23.247+0000] {dag.py:3823} INFO - Setting next_dagrun for dag_with_catchup_backup_v3 to 2024-02-26 00:00:00+00:00, run_after=2024-02-27 00:00:00+00:00
[2024-02-27T04:17:23.287+0000] {processor.py:183} INFO - Processing /opt/airflow/dags/dag_with_catchup_backfill.py took 0.302 seconds
[2024-02-27T04:17:53.504+0000] {processor.py:161} INFO - Started process (PID=170) to work on /opt/airflow/dags/dag_with_catchup_backfill.py
[2024-02-27T04:17:53.512+0000] {processor.py:830} INFO - Processing file /opt/airflow/dags/dag_with_catchup_backfill.py for tasks to queue
[2024-02-27T04:17:53.515+0000] {logging_mixin.py:188} INFO - [2024-02-27T04:17:53.515+0000] {dagbag.py:538} INFO - Filling up the DagBag from /opt/airflow/dags/dag_with_catchup_backfill.py
[2024-02-27T04:17:53.535+0000] {processor.py:840} INFO - DAG(s) 'dag_with_catchup_backup_v3' retrieved from /opt/airflow/dags/dag_with_catchup_backfill.py
[2024-02-27T04:17:53.614+0000] {logging_mixin.py:188} INFO - [2024-02-27T04:17:53.614+0000] {dag.py:3036} INFO - Sync 1 DAGs
[2024-02-27T04:17:53.664+0000] {logging_mixin.py:188} INFO - [2024-02-27T04:17:53.664+0000] {dag.py:3823} INFO - Setting next_dagrun for dag_with_catchup_backup_v3 to 2024-02-26 00:00:00+00:00, run_after=2024-02-27 00:00:00+00:00
[2024-02-27T04:17:53.715+0000] {processor.py:183} INFO - Processing /opt/airflow/dags/dag_with_catchup_backfill.py took 0.215 seconds
[2024-02-27T04:18:23.781+0000] {processor.py:161} INFO - Started process (PID=183) to work on /opt/airflow/dags/dag_with_catchup_backfill.py
[2024-02-27T04:18:23.786+0000] {processor.py:830} INFO - Processing file /opt/airflow/dags/dag_with_catchup_backfill.py for tasks to queue
[2024-02-27T04:18:23.786+0000] {logging_mixin.py:188} INFO - [2024-02-27T04:18:23.786+0000] {dagbag.py:538} INFO - Filling up the DagBag from /opt/airflow/dags/dag_with_catchup_backfill.py
[2024-02-27T04:18:23.809+0000] {processor.py:840} INFO - DAG(s) 'dag_with_catchup_backup_v3' retrieved from /opt/airflow/dags/dag_with_catchup_backfill.py
[2024-02-27T04:18:23.900+0000] {logging_mixin.py:188} INFO - [2024-02-27T04:18:23.899+0000] {dag.py:3036} INFO - Sync 1 DAGs
[2024-02-27T04:18:23.960+0000] {logging_mixin.py:188} INFO - [2024-02-27T04:18:23.960+0000] {dag.py:3823} INFO - Setting next_dagrun for dag_with_catchup_backup_v3 to 2024-02-26 00:00:00+00:00, run_after=2024-02-27 00:00:00+00:00
[2024-02-27T04:18:24.001+0000] {processor.py:183} INFO - Processing /opt/airflow/dags/dag_with_catchup_backfill.py took 0.231 seconds
[2024-02-27T04:18:54.781+0000] {processor.py:161} INFO - Started process (PID=196) to work on /opt/airflow/dags/dag_with_catchup_backfill.py
[2024-02-27T04:18:54.782+0000] {processor.py:830} INFO - Processing file /opt/airflow/dags/dag_with_catchup_backfill.py for tasks to queue
[2024-02-27T04:18:54.783+0000] {logging_mixin.py:188} INFO - [2024-02-27T04:18:54.783+0000] {dagbag.py:538} INFO - Filling up the DagBag from /opt/airflow/dags/dag_with_catchup_backfill.py
[2024-02-27T04:18:54.796+0000] {processor.py:840} INFO - DAG(s) 'dag_with_catchup_backup_v3' retrieved from /opt/airflow/dags/dag_with_catchup_backfill.py
[2024-02-27T04:18:54.825+0000] {logging_mixin.py:188} INFO - [2024-02-27T04:18:54.825+0000] {dag.py:3036} INFO - Sync 1 DAGs
[2024-02-27T04:18:54.854+0000] {logging_mixin.py:188} INFO - [2024-02-27T04:18:54.854+0000] {dag.py:3823} INFO - Setting next_dagrun for dag_with_catchup_backup_v3 to 2024-02-26 00:00:00+00:00, run_after=2024-02-27 00:00:00+00:00
[2024-02-27T04:18:54.879+0000] {processor.py:183} INFO - Processing /opt/airflow/dags/dag_with_catchup_backfill.py took 0.101 seconds
[2024-02-27T04:19:25.120+0000] {processor.py:161} INFO - Started process (PID=209) to work on /opt/airflow/dags/dag_with_catchup_backfill.py
[2024-02-27T04:19:25.128+0000] {processor.py:830} INFO - Processing file /opt/airflow/dags/dag_with_catchup_backfill.py for tasks to queue
[2024-02-27T04:19:25.134+0000] {logging_mixin.py:188} INFO - [2024-02-27T04:19:25.131+0000] {dagbag.py:538} INFO - Filling up the DagBag from /opt/airflow/dags/dag_with_catchup_backfill.py
[2024-02-27T04:19:25.203+0000] {processor.py:840} INFO - DAG(s) 'dag_with_catchup_backup_v3' retrieved from /opt/airflow/dags/dag_with_catchup_backfill.py
[2024-02-27T04:19:25.385+0000] {logging_mixin.py:188} INFO - [2024-02-27T04:19:25.381+0000] {dag.py:3036} INFO - Sync 1 DAGs
[2024-02-27T04:19:25.492+0000] {logging_mixin.py:188} INFO - [2024-02-27T04:19:25.492+0000] {dag.py:3823} INFO - Setting next_dagrun for dag_with_catchup_backup_v3 to 2024-02-26 00:00:00+00:00, run_after=2024-02-27 00:00:00+00:00
[2024-02-27T04:19:25.565+0000] {processor.py:183} INFO - Processing /opt/airflow/dags/dag_with_catchup_backfill.py took 0.460 seconds
[2024-02-27T04:20:32.166+0000] {processor.py:161} INFO - Started process (PID=37) to work on /opt/airflow/dags/dag_with_catchup_backfill.py
[2024-02-27T04:20:32.167+0000] {processor.py:830} INFO - Processing file /opt/airflow/dags/dag_with_catchup_backfill.py for tasks to queue
[2024-02-27T04:20:32.174+0000] {logging_mixin.py:188} INFO - [2024-02-27T04:20:32.173+0000] {dagbag.py:538} INFO - Filling up the DagBag from /opt/airflow/dags/dag_with_catchup_backfill.py
[2024-02-27T04:20:32.215+0000] {processor.py:840} INFO - DAG(s) 'dag_with_catchup_backup_v3' retrieved from /opt/airflow/dags/dag_with_catchup_backfill.py
[2024-02-27T04:20:32.674+0000] {logging_mixin.py:188} INFO - [2024-02-27T04:20:32.673+0000] {dag.py:3036} INFO - Sync 1 DAGs
[2024-02-27T04:20:32.768+0000] {logging_mixin.py:188} INFO - [2024-02-27T04:20:32.768+0000] {dag.py:3823} INFO - Setting next_dagrun for dag_with_catchup_backup_v3 to 2024-02-26 00:00:00+00:00, run_after=2024-02-27 00:00:00+00:00
[2024-02-27T04:20:32.902+0000] {processor.py:183} INFO - Processing /opt/airflow/dags/dag_with_catchup_backfill.py took 0.754 seconds
[2024-02-27T04:21:03.395+0000] {processor.py:161} INFO - Started process (PID=50) to work on /opt/airflow/dags/dag_with_catchup_backfill.py
[2024-02-27T04:21:03.396+0000] {processor.py:830} INFO - Processing file /opt/airflow/dags/dag_with_catchup_backfill.py for tasks to queue
[2024-02-27T04:21:03.398+0000] {logging_mixin.py:188} INFO - [2024-02-27T04:21:03.398+0000] {dagbag.py:538} INFO - Filling up the DagBag from /opt/airflow/dags/dag_with_catchup_backfill.py
[2024-02-27T04:21:03.410+0000] {processor.py:840} INFO - DAG(s) 'dag_with_catchup_backup_v3' retrieved from /opt/airflow/dags/dag_with_catchup_backfill.py
[2024-02-27T04:21:03.442+0000] {logging_mixin.py:188} INFO - [2024-02-27T04:21:03.442+0000] {dag.py:3036} INFO - Sync 1 DAGs
[2024-02-27T04:21:03.469+0000] {logging_mixin.py:188} INFO - [2024-02-27T04:21:03.469+0000] {dag.py:3823} INFO - Setting next_dagrun for dag_with_catchup_backup_v3 to 2024-02-26 00:00:00+00:00, run_after=2024-02-27 00:00:00+00:00
[2024-02-27T04:21:03.493+0000] {processor.py:183} INFO - Processing /opt/airflow/dags/dag_with_catchup_backfill.py took 0.101 seconds
[2024-02-27T04:21:33.827+0000] {processor.py:161} INFO - Started process (PID=63) to work on /opt/airflow/dags/dag_with_catchup_backfill.py
[2024-02-27T04:21:33.833+0000] {processor.py:830} INFO - Processing file /opt/airflow/dags/dag_with_catchup_backfill.py for tasks to queue
[2024-02-27T04:21:33.835+0000] {logging_mixin.py:188} INFO - [2024-02-27T04:21:33.835+0000] {dagbag.py:538} INFO - Filling up the DagBag from /opt/airflow/dags/dag_with_catchup_backfill.py
[2024-02-27T04:21:33.864+0000] {processor.py:840} INFO - DAG(s) 'dag_with_catchup_backup_v3' retrieved from /opt/airflow/dags/dag_with_catchup_backfill.py
[2024-02-27T04:21:33.934+0000] {logging_mixin.py:188} INFO - [2024-02-27T04:21:33.934+0000] {dag.py:3036} INFO - Sync 1 DAGs
[2024-02-27T04:21:34.022+0000] {logging_mixin.py:188} INFO - [2024-02-27T04:21:34.016+0000] {dag.py:3823} INFO - Setting next_dagrun for dag_with_catchup_backup_v3 to 2024-02-26 00:00:00+00:00, run_after=2024-02-27 00:00:00+00:00
[2024-02-27T04:21:34.070+0000] {processor.py:183} INFO - Processing /opt/airflow/dags/dag_with_catchup_backfill.py took 0.254 seconds
[2024-02-27T04:22:04.715+0000] {processor.py:161} INFO - Started process (PID=76) to work on /opt/airflow/dags/dag_with_catchup_backfill.py
[2024-02-27T04:22:04.717+0000] {processor.py:830} INFO - Processing file /opt/airflow/dags/dag_with_catchup_backfill.py for tasks to queue
[2024-02-27T04:22:04.719+0000] {logging_mixin.py:188} INFO - [2024-02-27T04:22:04.718+0000] {dagbag.py:538} INFO - Filling up the DagBag from /opt/airflow/dags/dag_with_catchup_backfill.py
[2024-02-27T04:22:04.730+0000] {processor.py:840} INFO - DAG(s) 'dag_with_catchup_backup_v3' retrieved from /opt/airflow/dags/dag_with_catchup_backfill.py
[2024-02-27T04:22:04.765+0000] {logging_mixin.py:188} INFO - [2024-02-27T04:22:04.764+0000] {dag.py:3036} INFO - Sync 1 DAGs
[2024-02-27T04:22:04.801+0000] {logging_mixin.py:188} INFO - [2024-02-27T04:22:04.800+0000] {dag.py:3823} INFO - Setting next_dagrun for dag_with_catchup_backup_v3 to 2024-02-26 00:00:00+00:00, run_after=2024-02-27 00:00:00+00:00
[2024-02-27T04:22:04.836+0000] {processor.py:183} INFO - Processing /opt/airflow/dags/dag_with_catchup_backfill.py took 0.129 seconds
[2024-02-27T04:22:36.153+0000] {processor.py:161} INFO - Started process (PID=89) to work on /opt/airflow/dags/dag_with_catchup_backfill.py
[2024-02-27T04:22:36.173+0000] {processor.py:830} INFO - Processing file /opt/airflow/dags/dag_with_catchup_backfill.py for tasks to queue
[2024-02-27T04:22:36.176+0000] {logging_mixin.py:188} INFO - [2024-02-27T04:22:36.175+0000] {dagbag.py:538} INFO - Filling up the DagBag from /opt/airflow/dags/dag_with_catchup_backfill.py
[2024-02-27T04:22:36.280+0000] {processor.py:840} INFO - DAG(s) 'dag_with_catchup_backup_v3' retrieved from /opt/airflow/dags/dag_with_catchup_backfill.py
[2024-02-27T04:22:36.749+0000] {logging_mixin.py:188} INFO - [2024-02-27T04:22:36.749+0000] {dag.py:3036} INFO - Sync 1 DAGs
[2024-02-27T04:22:37.267+0000] {logging_mixin.py:188} INFO - [2024-02-27T04:22:37.266+0000] {dag.py:3823} INFO - Setting next_dagrun for dag_with_catchup_backup_v3 to 2024-02-26 00:00:00+00:00, run_after=2024-02-27 00:00:00+00:00
[2024-02-27T04:22:37.607+0000] {processor.py:183} INFO - Processing /opt/airflow/dags/dag_with_catchup_backfill.py took 1.532 seconds
[2024-02-27T04:23:08.419+0000] {processor.py:161} INFO - Started process (PID=102) to work on /opt/airflow/dags/dag_with_catchup_backfill.py
[2024-02-27T04:23:08.420+0000] {processor.py:830} INFO - Processing file /opt/airflow/dags/dag_with_catchup_backfill.py for tasks to queue
[2024-02-27T04:23:08.422+0000] {logging_mixin.py:188} INFO - [2024-02-27T04:23:08.422+0000] {dagbag.py:538} INFO - Filling up the DagBag from /opt/airflow/dags/dag_with_catchup_backfill.py
[2024-02-27T04:23:08.435+0000] {processor.py:840} INFO - DAG(s) 'dag_with_catchup_backup_v3' retrieved from /opt/airflow/dags/dag_with_catchup_backfill.py
[2024-02-27T04:23:08.463+0000] {logging_mixin.py:188} INFO - [2024-02-27T04:23:08.463+0000] {dag.py:3036} INFO - Sync 1 DAGs
[2024-02-27T04:23:08.492+0000] {logging_mixin.py:188} INFO - [2024-02-27T04:23:08.492+0000] {dag.py:3823} INFO - Setting next_dagrun for dag_with_catchup_backup_v3 to 2024-02-26 00:00:00+00:00, run_after=2024-02-27 00:00:00+00:00
[2024-02-27T04:23:08.514+0000] {processor.py:183} INFO - Processing /opt/airflow/dags/dag_with_catchup_backfill.py took 0.099 seconds
[2024-02-27T04:23:38.940+0000] {processor.py:161} INFO - Started process (PID=115) to work on /opt/airflow/dags/dag_with_catchup_backfill.py
[2024-02-27T04:23:38.946+0000] {processor.py:830} INFO - Processing file /opt/airflow/dags/dag_with_catchup_backfill.py for tasks to queue
[2024-02-27T04:23:38.948+0000] {logging_mixin.py:188} INFO - [2024-02-27T04:23:38.948+0000] {dagbag.py:538} INFO - Filling up the DagBag from /opt/airflow/dags/dag_with_catchup_backfill.py
[2024-02-27T04:23:38.962+0000] {processor.py:840} INFO - DAG(s) 'dag_with_catchup_backup_v3' retrieved from /opt/airflow/dags/dag_with_catchup_backfill.py
[2024-02-27T04:23:38.990+0000] {logging_mixin.py:188} INFO - [2024-02-27T04:23:38.990+0000] {dag.py:3036} INFO - Sync 1 DAGs
[2024-02-27T04:23:39.022+0000] {logging_mixin.py:188} INFO - [2024-02-27T04:23:39.021+0000] {dag.py:3823} INFO - Setting next_dagrun for dag_with_catchup_backup_v3 to 2024-02-26 00:00:00+00:00, run_after=2024-02-27 00:00:00+00:00
[2024-02-27T04:23:39.043+0000] {processor.py:183} INFO - Processing /opt/airflow/dags/dag_with_catchup_backfill.py took 0.107 seconds
[2024-02-27T04:24:09.507+0000] {processor.py:161} INFO - Started process (PID=128) to work on /opt/airflow/dags/dag_with_catchup_backfill.py
[2024-02-27T04:24:09.508+0000] {processor.py:830} INFO - Processing file /opt/airflow/dags/dag_with_catchup_backfill.py for tasks to queue
[2024-02-27T04:24:09.511+0000] {logging_mixin.py:188} INFO - [2024-02-27T04:24:09.511+0000] {dagbag.py:538} INFO - Filling up the DagBag from /opt/airflow/dags/dag_with_catchup_backfill.py
[2024-02-27T04:24:09.523+0000] {processor.py:840} INFO - DAG(s) 'dag_with_catchup_backup_v3' retrieved from /opt/airflow/dags/dag_with_catchup_backfill.py
[2024-02-27T04:24:09.559+0000] {logging_mixin.py:188} INFO - [2024-02-27T04:24:09.559+0000] {dag.py:3036} INFO - Sync 1 DAGs
[2024-02-27T04:24:09.595+0000] {logging_mixin.py:188} INFO - [2024-02-27T04:24:09.595+0000] {dag.py:3823} INFO - Setting next_dagrun for dag_with_catchup_backup_v3 to 2024-02-26 00:00:00+00:00, run_after=2024-02-27 00:00:00+00:00
[2024-02-27T04:24:09.617+0000] {processor.py:183} INFO - Processing /opt/airflow/dags/dag_with_catchup_backfill.py took 0.114 seconds
[2024-02-27T04:24:40.040+0000] {processor.py:161} INFO - Started process (PID=142) to work on /opt/airflow/dags/dag_with_catchup_backfill.py
[2024-02-27T04:24:40.044+0000] {processor.py:830} INFO - Processing file /opt/airflow/dags/dag_with_catchup_backfill.py for tasks to queue
[2024-02-27T04:24:40.058+0000] {logging_mixin.py:188} INFO - [2024-02-27T04:24:40.057+0000] {dagbag.py:538} INFO - Filling up the DagBag from /opt/airflow/dags/dag_with_catchup_backfill.py
[2024-02-27T04:24:40.088+0000] {processor.py:840} INFO - DAG(s) 'dag_with_catchup_backup_v3' retrieved from /opt/airflow/dags/dag_with_catchup_backfill.py
[2024-02-27T04:24:40.210+0000] {logging_mixin.py:188} INFO - [2024-02-27T04:24:40.210+0000] {dag.py:3036} INFO - Sync 1 DAGs
[2024-02-27T04:24:40.308+0000] {logging_mixin.py:188} INFO - [2024-02-27T04:24:40.308+0000] {dag.py:3823} INFO - Setting next_dagrun for dag_with_catchup_backup_v3 to 2024-02-26 00:00:00+00:00, run_after=2024-02-27 00:00:00+00:00
[2024-02-27T04:24:40.372+0000] {processor.py:183} INFO - Processing /opt/airflow/dags/dag_with_catchup_backfill.py took 0.352 seconds
[2024-02-27T04:25:11.021+0000] {processor.py:161} INFO - Started process (PID=156) to work on /opt/airflow/dags/dag_with_catchup_backfill.py
[2024-02-27T04:25:11.024+0000] {processor.py:830} INFO - Processing file /opt/airflow/dags/dag_with_catchup_backfill.py for tasks to queue
[2024-02-27T04:25:11.026+0000] {logging_mixin.py:188} INFO - [2024-02-27T04:25:11.025+0000] {dagbag.py:538} INFO - Filling up the DagBag from /opt/airflow/dags/dag_with_catchup_backfill.py
[2024-02-27T04:25:11.065+0000] {processor.py:840} INFO - DAG(s) 'dag_with_catchup_backup_v3' retrieved from /opt/airflow/dags/dag_with_catchup_backfill.py
[2024-02-27T04:25:11.161+0000] {logging_mixin.py:188} INFO - [2024-02-27T04:25:11.161+0000] {dag.py:3036} INFO - Sync 1 DAGs
[2024-02-27T04:25:11.226+0000] {logging_mixin.py:188} INFO - [2024-02-27T04:25:11.226+0000] {dag.py:3823} INFO - Setting next_dagrun for dag_with_catchup_backup_v3 to 2024-02-26 00:00:00+00:00, run_after=2024-02-27 00:00:00+00:00
[2024-02-27T04:25:11.276+0000] {processor.py:183} INFO - Processing /opt/airflow/dags/dag_with_catchup_backfill.py took 0.267 seconds
[2024-02-27T04:25:41.752+0000] {processor.py:161} INFO - Started process (PID=169) to work on /opt/airflow/dags/dag_with_catchup_backfill.py
[2024-02-27T04:25:41.762+0000] {processor.py:830} INFO - Processing file /opt/airflow/dags/dag_with_catchup_backfill.py for tasks to queue
[2024-02-27T04:25:41.766+0000] {logging_mixin.py:188} INFO - [2024-02-27T04:25:41.765+0000] {dagbag.py:538} INFO - Filling up the DagBag from /opt/airflow/dags/dag_with_catchup_backfill.py
[2024-02-27T04:25:41.843+0000] {processor.py:840} INFO - DAG(s) 'dag_with_catchup_backup_v3' retrieved from /opt/airflow/dags/dag_with_catchup_backfill.py
[2024-02-27T04:25:41.997+0000] {logging_mixin.py:188} INFO - [2024-02-27T04:25:41.992+0000] {dag.py:3036} INFO - Sync 1 DAGs
[2024-02-27T04:25:42.057+0000] {logging_mixin.py:188} INFO - [2024-02-27T04:25:42.056+0000] {dag.py:3823} INFO - Setting next_dagrun for dag_with_catchup_backup_v3 to 2024-02-26 00:00:00+00:00, run_after=2024-02-27 00:00:00+00:00
[2024-02-27T04:25:42.109+0000] {processor.py:183} INFO - Processing /opt/airflow/dags/dag_with_catchup_backfill.py took 0.360 seconds
[2024-02-27T04:26:12.541+0000] {processor.py:161} INFO - Started process (PID=183) to work on /opt/airflow/dags/dag_with_catchup_backfill.py
[2024-02-27T04:26:12.542+0000] {processor.py:830} INFO - Processing file /opt/airflow/dags/dag_with_catchup_backfill.py for tasks to queue
[2024-02-27T04:26:12.548+0000] {logging_mixin.py:188} INFO - [2024-02-27T04:26:12.548+0000] {dagbag.py:538} INFO - Filling up the DagBag from /opt/airflow/dags/dag_with_catchup_backfill.py
[2024-02-27T04:26:12.583+0000] {processor.py:840} INFO - DAG(s) 'dag_with_catchup_backup_v3' retrieved from /opt/airflow/dags/dag_with_catchup_backfill.py
[2024-02-27T04:26:12.650+0000] {logging_mixin.py:188} INFO - [2024-02-27T04:26:12.650+0000] {dag.py:3036} INFO - Sync 1 DAGs
[2024-02-27T04:26:12.688+0000] {logging_mixin.py:188} INFO - [2024-02-27T04:26:12.688+0000] {dag.py:3823} INFO - Setting next_dagrun for dag_with_catchup_backup_v3 to 2024-02-26 00:00:00+00:00, run_after=2024-02-27 00:00:00+00:00
[2024-02-27T04:26:12.722+0000] {processor.py:183} INFO - Processing /opt/airflow/dags/dag_with_catchup_backfill.py took 0.199 seconds
[2024-02-27T04:26:43.196+0000] {processor.py:161} INFO - Started process (PID=196) to work on /opt/airflow/dags/dag_with_catchup_backfill.py
[2024-02-27T04:26:43.197+0000] {processor.py:830} INFO - Processing file /opt/airflow/dags/dag_with_catchup_backfill.py for tasks to queue
[2024-02-27T04:26:43.198+0000] {logging_mixin.py:188} INFO - [2024-02-27T04:26:43.198+0000] {dagbag.py:538} INFO - Filling up the DagBag from /opt/airflow/dags/dag_with_catchup_backfill.py
[2024-02-27T04:26:43.273+0000] {processor.py:840} INFO - DAG(s) 'dag_with_catchup_backup_v3' retrieved from /opt/airflow/dags/dag_with_catchup_backfill.py
[2024-02-27T04:26:43.362+0000] {logging_mixin.py:188} INFO - [2024-02-27T04:26:43.361+0000] {dag.py:3036} INFO - Sync 1 DAGs
[2024-02-27T04:26:43.466+0000] {logging_mixin.py:188} INFO - [2024-02-27T04:26:43.465+0000] {dag.py:3823} INFO - Setting next_dagrun for dag_with_catchup_backup_v3 to 2024-02-26 00:00:00+00:00, run_after=2024-02-27 00:00:00+00:00
[2024-02-27T04:26:43.541+0000] {processor.py:183} INFO - Processing /opt/airflow/dags/dag_with_catchup_backfill.py took 0.349 seconds
[2024-02-27T04:27:13.868+0000] {processor.py:161} INFO - Started process (PID=208) to work on /opt/airflow/dags/dag_with_catchup_backfill.py
[2024-02-27T04:27:13.876+0000] {processor.py:830} INFO - Processing file /opt/airflow/dags/dag_with_catchup_backfill.py for tasks to queue
[2024-02-27T04:27:13.879+0000] {logging_mixin.py:188} INFO - [2024-02-27T04:27:13.877+0000] {dagbag.py:538} INFO - Filling up the DagBag from /opt/airflow/dags/dag_with_catchup_backfill.py
[2024-02-27T04:27:13.911+0000] {processor.py:840} INFO - DAG(s) 'dag_with_catchup_backup_v3' retrieved from /opt/airflow/dags/dag_with_catchup_backfill.py
[2024-02-27T04:27:13.966+0000] {logging_mixin.py:188} INFO - [2024-02-27T04:27:13.966+0000] {dag.py:3036} INFO - Sync 1 DAGs
[2024-02-27T04:27:14.011+0000] {logging_mixin.py:188} INFO - [2024-02-27T04:27:14.011+0000] {dag.py:3823} INFO - Setting next_dagrun for dag_with_catchup_backup_v3 to 2024-02-26 00:00:00+00:00, run_after=2024-02-27 00:00:00+00:00
[2024-02-27T04:27:14.047+0000] {processor.py:183} INFO - Processing /opt/airflow/dags/dag_with_catchup_backfill.py took 0.182 seconds
[2024-02-27T04:27:44.604+0000] {processor.py:161} INFO - Started process (PID=221) to work on /opt/airflow/dags/dag_with_catchup_backfill.py
[2024-02-27T04:27:44.605+0000] {processor.py:830} INFO - Processing file /opt/airflow/dags/dag_with_catchup_backfill.py for tasks to queue
[2024-02-27T04:27:44.606+0000] {logging_mixin.py:188} INFO - [2024-02-27T04:27:44.606+0000] {dagbag.py:538} INFO - Filling up the DagBag from /opt/airflow/dags/dag_with_catchup_backfill.py
[2024-02-27T04:27:44.619+0000] {processor.py:840} INFO - DAG(s) 'dag_with_catchup_backup_v3' retrieved from /opt/airflow/dags/dag_with_catchup_backfill.py
[2024-02-27T04:27:44.661+0000] {logging_mixin.py:188} INFO - [2024-02-27T04:27:44.660+0000] {dag.py:3036} INFO - Sync 1 DAGs
[2024-02-27T04:27:44.689+0000] {logging_mixin.py:188} INFO - [2024-02-27T04:27:44.689+0000] {dag.py:3823} INFO - Setting next_dagrun for dag_with_catchup_backup_v3 to 2024-02-26 00:00:00+00:00, run_after=2024-02-27 00:00:00+00:00
[2024-02-27T04:27:44.715+0000] {processor.py:183} INFO - Processing /opt/airflow/dags/dag_with_catchup_backfill.py took 0.116 seconds
[2024-02-27T04:28:15.113+0000] {processor.py:161} INFO - Started process (PID=234) to work on /opt/airflow/dags/dag_with_catchup_backfill.py
[2024-02-27T04:28:15.114+0000] {processor.py:830} INFO - Processing file /opt/airflow/dags/dag_with_catchup_backfill.py for tasks to queue
[2024-02-27T04:28:15.115+0000] {logging_mixin.py:188} INFO - [2024-02-27T04:28:15.115+0000] {dagbag.py:538} INFO - Filling up the DagBag from /opt/airflow/dags/dag_with_catchup_backfill.py
[2024-02-27T04:28:15.128+0000] {processor.py:840} INFO - DAG(s) 'dag_with_catchup_backup_v3' retrieved from /opt/airflow/dags/dag_with_catchup_backfill.py
[2024-02-27T04:28:15.165+0000] {logging_mixin.py:188} INFO - [2024-02-27T04:28:15.165+0000] {dag.py:3036} INFO - Sync 1 DAGs
[2024-02-27T04:28:15.192+0000] {logging_mixin.py:188} INFO - [2024-02-27T04:28:15.192+0000] {dag.py:3823} INFO - Setting next_dagrun for dag_with_catchup_backup_v3 to 2024-02-26 00:00:00+00:00, run_after=2024-02-27 00:00:00+00:00
[2024-02-27T04:28:15.214+0000] {processor.py:183} INFO - Processing /opt/airflow/dags/dag_with_catchup_backfill.py took 0.104 seconds
[2024-02-27T04:28:45.522+0000] {processor.py:161} INFO - Started process (PID=247) to work on /opt/airflow/dags/dag_with_catchup_backfill.py
[2024-02-27T04:28:45.523+0000] {processor.py:830} INFO - Processing file /opt/airflow/dags/dag_with_catchup_backfill.py for tasks to queue
[2024-02-27T04:28:45.524+0000] {logging_mixin.py:188} INFO - [2024-02-27T04:28:45.524+0000] {dagbag.py:538} INFO - Filling up the DagBag from /opt/airflow/dags/dag_with_catchup_backfill.py
[2024-02-27T04:28:45.537+0000] {processor.py:840} INFO - DAG(s) 'dag_with_catchup_backup_v3' retrieved from /opt/airflow/dags/dag_with_catchup_backfill.py
[2024-02-27T04:28:45.566+0000] {logging_mixin.py:188} INFO - [2024-02-27T04:28:45.566+0000] {dag.py:3036} INFO - Sync 1 DAGs
[2024-02-27T04:28:45.595+0000] {logging_mixin.py:188} INFO - [2024-02-27T04:28:45.595+0000] {dag.py:3823} INFO - Setting next_dagrun for dag_with_catchup_backup_v3 to 2024-02-26 00:00:00+00:00, run_after=2024-02-27 00:00:00+00:00
[2024-02-27T04:28:45.620+0000] {processor.py:183} INFO - Processing /opt/airflow/dags/dag_with_catchup_backfill.py took 0.102 seconds
[2024-02-27T04:29:15.998+0000] {processor.py:161} INFO - Started process (PID=261) to work on /opt/airflow/dags/dag_with_catchup_backfill.py
[2024-02-27T04:29:15.999+0000] {processor.py:830} INFO - Processing file /opt/airflow/dags/dag_with_catchup_backfill.py for tasks to queue
[2024-02-27T04:29:16.000+0000] {logging_mixin.py:188} INFO - [2024-02-27T04:29:16.000+0000] {dagbag.py:538} INFO - Filling up the DagBag from /opt/airflow/dags/dag_with_catchup_backfill.py
[2024-02-27T04:29:16.013+0000] {processor.py:840} INFO - DAG(s) 'dag_with_catchup_backup_v3' retrieved from /opt/airflow/dags/dag_with_catchup_backfill.py
[2024-02-27T04:29:16.045+0000] {logging_mixin.py:188} INFO - [2024-02-27T04:29:16.044+0000] {dag.py:3036} INFO - Sync 1 DAGs
[2024-02-27T04:29:16.072+0000] {logging_mixin.py:188} INFO - [2024-02-27T04:29:16.072+0000] {dag.py:3823} INFO - Setting next_dagrun for dag_with_catchup_backup_v3 to 2024-02-26 00:00:00+00:00, run_after=2024-02-27 00:00:00+00:00
[2024-02-27T04:29:16.110+0000] {processor.py:183} INFO - Processing /opt/airflow/dags/dag_with_catchup_backfill.py took 0.115 seconds
[2024-02-27T04:29:46.481+0000] {processor.py:161} INFO - Started process (PID=274) to work on /opt/airflow/dags/dag_with_catchup_backfill.py
[2024-02-27T04:29:46.482+0000] {processor.py:830} INFO - Processing file /opt/airflow/dags/dag_with_catchup_backfill.py for tasks to queue
[2024-02-27T04:29:46.483+0000] {logging_mixin.py:188} INFO - [2024-02-27T04:29:46.483+0000] {dagbag.py:538} INFO - Filling up the DagBag from /opt/airflow/dags/dag_with_catchup_backfill.py
[2024-02-27T04:29:46.496+0000] {processor.py:840} INFO - DAG(s) 'dag_with_catchup_backup_v3' retrieved from /opt/airflow/dags/dag_with_catchup_backfill.py
[2024-02-27T04:29:46.529+0000] {logging_mixin.py:188} INFO - [2024-02-27T04:29:46.529+0000] {dag.py:3036} INFO - Sync 1 DAGs
[2024-02-27T04:29:46.558+0000] {logging_mixin.py:188} INFO - [2024-02-27T04:29:46.558+0000] {dag.py:3823} INFO - Setting next_dagrun for dag_with_catchup_backup_v3 to 2024-02-26 00:00:00+00:00, run_after=2024-02-27 00:00:00+00:00
[2024-02-27T04:29:46.581+0000] {processor.py:183} INFO - Processing /opt/airflow/dags/dag_with_catchup_backfill.py took 0.104 seconds
[2024-02-27T04:30:17.022+0000] {processor.py:161} INFO - Started process (PID=287) to work on /opt/airflow/dags/dag_with_catchup_backfill.py
[2024-02-27T04:30:17.025+0000] {processor.py:830} INFO - Processing file /opt/airflow/dags/dag_with_catchup_backfill.py for tasks to queue
[2024-02-27T04:30:17.026+0000] {logging_mixin.py:188} INFO - [2024-02-27T04:30:17.026+0000] {dagbag.py:538} INFO - Filling up the DagBag from /opt/airflow/dags/dag_with_catchup_backfill.py
[2024-02-27T04:30:17.053+0000] {processor.py:840} INFO - DAG(s) 'dag_with_catchup_backup_v3' retrieved from /opt/airflow/dags/dag_with_catchup_backfill.py
[2024-02-27T04:30:17.133+0000] {logging_mixin.py:188} INFO - [2024-02-27T04:30:17.133+0000] {dag.py:3036} INFO - Sync 1 DAGs
[2024-02-27T04:30:17.223+0000] {logging_mixin.py:188} INFO - [2024-02-27T04:30:17.212+0000] {dag.py:3823} INFO - Setting next_dagrun for dag_with_catchup_backup_v3 to 2024-02-26 00:00:00+00:00, run_after=2024-02-27 00:00:00+00:00
[2024-02-27T04:30:17.267+0000] {processor.py:183} INFO - Processing /opt/airflow/dags/dag_with_catchup_backfill.py took 0.255 seconds
[2024-02-27T04:30:47.924+0000] {processor.py:161} INFO - Started process (PID=306) to work on /opt/airflow/dags/dag_with_catchup_backfill.py
[2024-02-27T04:30:47.935+0000] {processor.py:830} INFO - Processing file /opt/airflow/dags/dag_with_catchup_backfill.py for tasks to queue
[2024-02-27T04:30:47.936+0000] {logging_mixin.py:188} INFO - [2024-02-27T04:30:47.936+0000] {dagbag.py:538} INFO - Filling up the DagBag from /opt/airflow/dags/dag_with_catchup_backfill.py
[2024-02-27T04:30:47.971+0000] {processor.py:840} INFO - DAG(s) 'dag_with_catchup_backup_v3' retrieved from /opt/airflow/dags/dag_with_catchup_backfill.py
[2024-02-27T04:30:48.137+0000] {logging_mixin.py:188} INFO - [2024-02-27T04:30:48.137+0000] {dag.py:3036} INFO - Sync 1 DAGs
[2024-02-27T04:30:48.219+0000] {logging_mixin.py:188} INFO - [2024-02-27T04:30:48.219+0000] {dag.py:3823} INFO - Setting next_dagrun for dag_with_catchup_backup_v3 to 2024-02-26 00:00:00+00:00, run_after=2024-02-27 00:00:00+00:00
[2024-02-27T04:30:48.254+0000] {processor.py:183} INFO - Processing /opt/airflow/dags/dag_with_catchup_backfill.py took 0.335 seconds
[2024-02-27T04:31:18.663+0000] {processor.py:161} INFO - Started process (PID=320) to work on /opt/airflow/dags/dag_with_catchup_backfill.py
[2024-02-27T04:31:18.664+0000] {processor.py:830} INFO - Processing file /opt/airflow/dags/dag_with_catchup_backfill.py for tasks to queue
[2024-02-27T04:31:18.665+0000] {logging_mixin.py:188} INFO - [2024-02-27T04:31:18.665+0000] {dagbag.py:538} INFO - Filling up the DagBag from /opt/airflow/dags/dag_with_catchup_backfill.py
[2024-02-27T04:31:18.679+0000] {processor.py:840} INFO - DAG(s) 'dag_with_catchup_backup_v3' retrieved from /opt/airflow/dags/dag_with_catchup_backfill.py
[2024-02-27T04:31:18.708+0000] {logging_mixin.py:188} INFO - [2024-02-27T04:31:18.707+0000] {dag.py:3036} INFO - Sync 1 DAGs
[2024-02-27T04:31:18.737+0000] {logging_mixin.py:188} INFO - [2024-02-27T04:31:18.736+0000] {dag.py:3823} INFO - Setting next_dagrun for dag_with_catchup_backup_v3 to 2024-02-26 00:00:00+00:00, run_after=2024-02-27 00:00:00+00:00
[2024-02-27T04:31:18.759+0000] {processor.py:183} INFO - Processing /opt/airflow/dags/dag_with_catchup_backfill.py took 0.100 seconds
[2024-02-27T04:31:49.185+0000] {processor.py:161} INFO - Started process (PID=332) to work on /opt/airflow/dags/dag_with_catchup_backfill.py
[2024-02-27T04:31:49.192+0000] {processor.py:830} INFO - Processing file /opt/airflow/dags/dag_with_catchup_backfill.py for tasks to queue
[2024-02-27T04:31:49.193+0000] {logging_mixin.py:188} INFO - [2024-02-27T04:31:49.192+0000] {dagbag.py:538} INFO - Filling up the DagBag from /opt/airflow/dags/dag_with_catchup_backfill.py
[2024-02-27T04:31:49.221+0000] {processor.py:840} INFO - DAG(s) 'dag_with_catchup_backup_v3' retrieved from /opt/airflow/dags/dag_with_catchup_backfill.py
[2024-02-27T04:31:49.285+0000] {logging_mixin.py:188} INFO - [2024-02-27T04:31:49.285+0000] {dag.py:3036} INFO - Sync 1 DAGs
[2024-02-27T04:31:49.335+0000] {logging_mixin.py:188} INFO - [2024-02-27T04:31:49.335+0000] {dag.py:3823} INFO - Setting next_dagrun for dag_with_catchup_backup_v3 to 2024-02-26 00:00:00+00:00, run_after=2024-02-27 00:00:00+00:00
[2024-02-27T04:31:49.358+0000] {processor.py:183} INFO - Processing /opt/airflow/dags/dag_with_catchup_backfill.py took 0.176 seconds
