[2024-02-27T04:13:14.462+0000] {processor.py:161} INFO - Started process (PID=35) to work on /opt/airflow/dags/dag_with_python_dependencies.py
[2024-02-27T04:13:14.463+0000] {processor.py:830} INFO - Processing file /opt/airflow/dags/dag_with_python_dependencies.py for tasks to queue
[2024-02-27T04:13:14.469+0000] {logging_mixin.py:188} INFO - [2024-02-27T04:13:14.464+0000] {dagbag.py:538} INFO - Filling up the DagBag from /opt/airflow/dags/dag_with_python_dependencies.py
[2024-02-27T04:13:14.472+0000] {logging_mixin.py:188} INFO - [2024-02-27T04:13:14.471+0000] {dagbag.py:348} ERROR - Failed to import: /opt/airflow/dags/dag_with_python_dependencies.py
Traceback (most recent call last):
  File "/home/airflow/.local/lib/python3.8/site-packages/airflow/models/dagbag.py", line 344, in parse
    loader.exec_module(new_module)
  File "<frozen importlib._bootstrap_external>", line 839, in exec_module
  File "<frozen importlib._bootstrap_external>", line 976, in get_code
  File "<frozen importlib._bootstrap_external>", line 906, in source_to_code
  File "<frozen importlib._bootstrap>", line 219, in _call_with_frames_removed
  File "/opt/airflow/dags/dag_with_python_dependencies.py", line 26
    python_callable=get_sklearn
    ^
SyntaxError: invalid syntax
[2024-02-27T04:13:14.472+0000] {processor.py:842} WARNING - No viable dags retrieved from /opt/airflow/dags/dag_with_python_dependencies.py
[2024-02-27T04:13:14.538+0000] {processor.py:183} INFO - Processing /opt/airflow/dags/dag_with_python_dependencies.py took 0.088 seconds
[2024-02-27T04:13:44.974+0000] {processor.py:161} INFO - Started process (PID=48) to work on /opt/airflow/dags/dag_with_python_dependencies.py
[2024-02-27T04:13:44.978+0000] {processor.py:830} INFO - Processing file /opt/airflow/dags/dag_with_python_dependencies.py for tasks to queue
[2024-02-27T04:13:44.980+0000] {logging_mixin.py:188} INFO - [2024-02-27T04:13:44.979+0000] {dagbag.py:538} INFO - Filling up the DagBag from /opt/airflow/dags/dag_with_python_dependencies.py
[2024-02-27T04:13:44.984+0000] {logging_mixin.py:188} INFO - [2024-02-27T04:13:44.983+0000] {dagbag.py:348} ERROR - Failed to import: /opt/airflow/dags/dag_with_python_dependencies.py
Traceback (most recent call last):
  File "/home/airflow/.local/lib/python3.8/site-packages/airflow/models/dagbag.py", line 344, in parse
    loader.exec_module(new_module)
  File "<frozen importlib._bootstrap_external>", line 839, in exec_module
  File "<frozen importlib._bootstrap_external>", line 976, in get_code
  File "<frozen importlib._bootstrap_external>", line 906, in source_to_code
  File "<frozen importlib._bootstrap>", line 219, in _call_with_frames_removed
  File "/opt/airflow/dags/dag_with_python_dependencies.py", line 26
    python_callable=get_sklearn
    ^
SyntaxError: invalid syntax
[2024-02-27T04:13:44.989+0000] {processor.py:842} WARNING - No viable dags retrieved from /opt/airflow/dags/dag_with_python_dependencies.py
[2024-02-27T04:13:45.043+0000] {processor.py:183} INFO - Processing /opt/airflow/dags/dag_with_python_dependencies.py took 0.077 seconds
[2024-02-27T04:14:15.586+0000] {processor.py:161} INFO - Started process (PID=61) to work on /opt/airflow/dags/dag_with_python_dependencies.py
[2024-02-27T04:14:15.587+0000] {processor.py:830} INFO - Processing file /opt/airflow/dags/dag_with_python_dependencies.py for tasks to queue
[2024-02-27T04:14:15.588+0000] {logging_mixin.py:188} INFO - [2024-02-27T04:14:15.588+0000] {dagbag.py:538} INFO - Filling up the DagBag from /opt/airflow/dags/dag_with_python_dependencies.py
[2024-02-27T04:14:15.590+0000] {logging_mixin.py:188} INFO - [2024-02-27T04:14:15.590+0000] {dagbag.py:348} ERROR - Failed to import: /opt/airflow/dags/dag_with_python_dependencies.py
Traceback (most recent call last):
  File "/home/airflow/.local/lib/python3.8/site-packages/airflow/models/dagbag.py", line 344, in parse
    loader.exec_module(new_module)
  File "<frozen importlib._bootstrap_external>", line 839, in exec_module
  File "<frozen importlib._bootstrap_external>", line 976, in get_code
  File "<frozen importlib._bootstrap_external>", line 906, in source_to_code
  File "<frozen importlib._bootstrap>", line 219, in _call_with_frames_removed
  File "/opt/airflow/dags/dag_with_python_dependencies.py", line 26
    python_callable=get_sklearn
    ^
SyntaxError: invalid syntax
[2024-02-27T04:14:15.591+0000] {processor.py:842} WARNING - No viable dags retrieved from /opt/airflow/dags/dag_with_python_dependencies.py
[2024-02-27T04:14:15.612+0000] {processor.py:183} INFO - Processing /opt/airflow/dags/dag_with_python_dependencies.py took 0.029 seconds
[2024-02-27T04:14:21.020+0000] {processor.py:161} INFO - Started process (PID=66) to work on /opt/airflow/dags/dag_with_python_dependencies.py
[2024-02-27T04:14:21.023+0000] {processor.py:830} INFO - Processing file /opt/airflow/dags/dag_with_python_dependencies.py for tasks to queue
[2024-02-27T04:14:21.024+0000] {logging_mixin.py:188} INFO - [2024-02-27T04:14:21.024+0000] {dagbag.py:538} INFO - Filling up the DagBag from /opt/airflow/dags/dag_with_python_dependencies.py
[2024-02-27T04:14:21.036+0000] {logging_mixin.py:188} INFO - [2024-02-27T04:14:21.035+0000] {dagbag.py:348} ERROR - Failed to import: /opt/airflow/dags/dag_with_python_dependencies.py
Traceback (most recent call last):
  File "/home/airflow/.local/lib/python3.8/site-packages/airflow/models/dagbag.py", line 344, in parse
    loader.exec_module(new_module)
  File "<frozen importlib._bootstrap_external>", line 839, in exec_module
  File "<frozen importlib._bootstrap_external>", line 976, in get_code
  File "<frozen importlib._bootstrap_external>", line 906, in source_to_code
  File "<frozen importlib._bootstrap>", line 219, in _call_with_frames_removed
  File "/opt/airflow/dags/dag_with_python_dependencies.py", line 17
    def get_
           ^
SyntaxError: invalid syntax
[2024-02-27T04:14:21.067+0000] {processor.py:842} WARNING - No viable dags retrieved from /opt/airflow/dags/dag_with_python_dependencies.py
[2024-02-27T04:14:21.287+0000] {processor.py:183} INFO - Processing /opt/airflow/dags/dag_with_python_dependencies.py took 0.315 seconds
[2024-02-27T04:14:25.847+0000] {processor.py:161} INFO - Started process (PID=69) to work on /opt/airflow/dags/dag_with_python_dependencies.py
[2024-02-27T04:14:25.848+0000] {processor.py:830} INFO - Processing file /opt/airflow/dags/dag_with_python_dependencies.py for tasks to queue
[2024-02-27T04:14:25.874+0000] {logging_mixin.py:188} INFO - [2024-02-27T04:14:25.873+0000] {dagbag.py:538} INFO - Filling up the DagBag from /opt/airflow/dags/dag_with_python_dependencies.py
[2024-02-27T04:14:25.877+0000] {logging_mixin.py:188} INFO - [2024-02-27T04:14:25.876+0000] {dagbag.py:348} ERROR - Failed to import: /opt/airflow/dags/dag_with_python_dependencies.py
Traceback (most recent call last):
  File "/home/airflow/.local/lib/python3.8/site-packages/airflow/models/dagbag.py", line 344, in parse
    loader.exec_module(new_module)
  File "<frozen importlib._bootstrap_external>", line 839, in exec_module
  File "<frozen importlib._bootstrap_external>", line 976, in get_code
  File "<frozen importlib._bootstrap_external>", line 906, in source_to_code
  File "<frozen importlib._bootstrap>", line 219, in _call_with_frames_removed
  File "/opt/airflow/dags/dag_with_python_dependencies.py", line 17
    def get_matplotlib
                     ^
SyntaxError: invalid syntax
[2024-02-27T04:14:25.889+0000] {processor.py:842} WARNING - No viable dags retrieved from /opt/airflow/dags/dag_with_python_dependencies.py
[2024-02-27T04:14:25.978+0000] {processor.py:183} INFO - Processing /opt/airflow/dags/dag_with_python_dependencies.py took 0.159 seconds
[2024-02-27T04:14:26.772+0000] {processor.py:161} INFO - Started process (PID=70) to work on /opt/airflow/dags/dag_with_python_dependencies.py
[2024-02-27T04:14:26.774+0000] {processor.py:830} INFO - Processing file /opt/airflow/dags/dag_with_python_dependencies.py for tasks to queue
[2024-02-27T04:14:26.781+0000] {logging_mixin.py:188} INFO - [2024-02-27T04:14:26.781+0000] {dagbag.py:538} INFO - Filling up the DagBag from /opt/airflow/dags/dag_with_python_dependencies.py
[2024-02-27T04:14:26.785+0000] {logging_mixin.py:188} INFO - [2024-02-27T04:14:26.784+0000] {dagbag.py:348} ERROR - Failed to import: /opt/airflow/dags/dag_with_python_dependencies.py
Traceback (most recent call last):
  File "/home/airflow/.local/lib/python3.8/site-packages/airflow/models/dagbag.py", line 344, in parse
    loader.exec_module(new_module)
  File "<frozen importlib._bootstrap_external>", line 839, in exec_module
  File "<frozen importlib._bootstrap_external>", line 976, in get_code
  File "<frozen importlib._bootstrap_external>", line 906, in source_to_code
  File "<frozen importlib._bootstrap>", line 219, in _call_with_frames_removed
  File "/opt/airflow/dags/dag_with_python_dependencies.py", line 17
    def get_matplotlib()
                       ^
SyntaxError: invalid syntax
[2024-02-27T04:14:26.786+0000] {processor.py:842} WARNING - No viable dags retrieved from /opt/airflow/dags/dag_with_python_dependencies.py
[2024-02-27T04:14:26.831+0000] {processor.py:183} INFO - Processing /opt/airflow/dags/dag_with_python_dependencies.py took 0.062 seconds
[2024-02-27T04:14:29.798+0000] {processor.py:161} INFO - Started process (PID=71) to work on /opt/airflow/dags/dag_with_python_dependencies.py
[2024-02-27T04:14:29.800+0000] {processor.py:830} INFO - Processing file /opt/airflow/dags/dag_with_python_dependencies.py for tasks to queue
[2024-02-27T04:14:29.805+0000] {logging_mixin.py:188} INFO - [2024-02-27T04:14:29.805+0000] {dagbag.py:538} INFO - Filling up the DagBag from /opt/airflow/dags/dag_with_python_dependencies.py
[2024-02-27T04:14:29.809+0000] {logging_mixin.py:188} INFO - [2024-02-27T04:14:29.808+0000] {dagbag.py:348} ERROR - Failed to import: /opt/airflow/dags/dag_with_python_dependencies.py
Traceback (most recent call last):
  File "/home/airflow/.local/lib/python3.8/site-packages/airflow/models/dagbag.py", line 344, in parse
    loader.exec_module(new_module)
  File "<frozen importlib._bootstrap_external>", line 839, in exec_module
  File "<frozen importlib._bootstrap_external>", line 976, in get_code
  File "<frozen importlib._bootstrap_external>", line 906, in source_to_code
  File "<frozen importlib._bootstrap>", line 219, in _call_with_frames_removed
  File "/opt/airflow/dags/dag_with_python_dependencies.py", line 20
    with DAG(
    ^
IndentationError: expected an indented block
[2024-02-27T04:14:29.811+0000] {processor.py:842} WARNING - No viable dags retrieved from /opt/airflow/dags/dag_with_python_dependencies.py
[2024-02-27T04:14:29.872+0000] {processor.py:183} INFO - Processing /opt/airflow/dags/dag_with_python_dependencies.py took 0.078 seconds
[2024-02-27T04:14:32.920+0000] {processor.py:161} INFO - Started process (PID=78) to work on /opt/airflow/dags/dag_with_python_dependencies.py
[2024-02-27T04:14:32.921+0000] {processor.py:830} INFO - Processing file /opt/airflow/dags/dag_with_python_dependencies.py for tasks to queue
[2024-02-27T04:14:32.923+0000] {logging_mixin.py:188} INFO - [2024-02-27T04:14:32.923+0000] {dagbag.py:538} INFO - Filling up the DagBag from /opt/airflow/dags/dag_with_python_dependencies.py
[2024-02-27T04:14:32.928+0000] {logging_mixin.py:188} INFO - [2024-02-27T04:14:32.926+0000] {dagbag.py:348} ERROR - Failed to import: /opt/airflow/dags/dag_with_python_dependencies.py
Traceback (most recent call last):
  File "/home/airflow/.local/lib/python3.8/site-packages/airflow/models/dagbag.py", line 344, in parse
    loader.exec_module(new_module)
  File "<frozen importlib._bootstrap_external>", line 839, in exec_module
  File "<frozen importlib._bootstrap_external>", line 976, in get_code
  File "<frozen importlib._bootstrap_external>", line 906, in source_to_code
  File "<frozen importlib._bootstrap>", line 219, in _call_with_frames_removed
  File "/opt/airflow/dags/dag_with_python_dependencies.py", line 29
    python_callable=get_sklearn
    ^
SyntaxError: invalid syntax
[2024-02-27T04:14:32.928+0000] {processor.py:842} WARNING - No viable dags retrieved from /opt/airflow/dags/dag_with_python_dependencies.py
[2024-02-27T04:14:32.955+0000] {processor.py:183} INFO - Processing /opt/airflow/dags/dag_with_python_dependencies.py took 0.038 seconds
[2024-02-27T04:14:36.984+0000] {processor.py:161} INFO - Started process (PID=79) to work on /opt/airflow/dags/dag_with_python_dependencies.py
[2024-02-27T04:14:36.986+0000] {processor.py:830} INFO - Processing file /opt/airflow/dags/dag_with_python_dependencies.py for tasks to queue
[2024-02-27T04:14:36.992+0000] {logging_mixin.py:188} INFO - [2024-02-27T04:14:36.989+0000] {dagbag.py:538} INFO - Filling up the DagBag from /opt/airflow/dags/dag_with_python_dependencies.py
[2024-02-27T04:14:36.999+0000] {logging_mixin.py:188} INFO - [2024-02-27T04:14:36.997+0000] {dagbag.py:348} ERROR - Failed to import: /opt/airflow/dags/dag_with_python_dependencies.py
Traceback (most recent call last):
  File "/home/airflow/.local/lib/python3.8/site-packages/airflow/models/dagbag.py", line 344, in parse
    loader.exec_module(new_module)
  File "<frozen importlib._bootstrap_external>", line 839, in exec_module
  File "<frozen importlib._bootstrap_external>", line 976, in get_code
  File "<frozen importlib._bootstrap_external>", line 906, in source_to_code
  File "<frozen importlib._bootstrap>", line 219, in _call_with_frames_removed
  File "/opt/airflow/dags/dag_with_python_dependencies.py", line 30
    python_callable=get_sklearn
    ^
SyntaxError: invalid syntax
[2024-02-27T04:14:37.005+0000] {processor.py:842} WARNING - No viable dags retrieved from /opt/airflow/dags/dag_with_python_dependencies.py
[2024-02-27T04:14:37.051+0000] {processor.py:183} INFO - Processing /opt/airflow/dags/dag_with_python_dependencies.py took 0.080 seconds
[2024-02-27T04:14:43.034+0000] {processor.py:161} INFO - Started process (PID=80) to work on /opt/airflow/dags/dag_with_python_dependencies.py
[2024-02-27T04:14:43.035+0000] {processor.py:830} INFO - Processing file /opt/airflow/dags/dag_with_python_dependencies.py for tasks to queue
[2024-02-27T04:14:43.036+0000] {logging_mixin.py:188} INFO - [2024-02-27T04:14:43.036+0000] {dagbag.py:538} INFO - Filling up the DagBag from /opt/airflow/dags/dag_with_python_dependencies.py
[2024-02-27T04:14:43.038+0000] {logging_mixin.py:188} INFO - [2024-02-27T04:14:43.038+0000] {dagbag.py:348} ERROR - Failed to import: /opt/airflow/dags/dag_with_python_dependencies.py
Traceback (most recent call last):
  File "/home/airflow/.local/lib/python3.8/site-packages/airflow/models/dagbag.py", line 344, in parse
    loader.exec_module(new_module)
  File "<frozen importlib._bootstrap_external>", line 839, in exec_module
  File "<frozen importlib._bootstrap_external>", line 976, in get_code
  File "<frozen importlib._bootstrap_external>", line 906, in source_to_code
  File "<frozen importlib._bootstrap>", line 219, in _call_with_frames_removed
  File "/opt/airflow/dags/dag_with_python_dependencies.py", line 30
    python_callable=get_sklearn
    ^
SyntaxError: invalid syntax
[2024-02-27T04:14:43.039+0000] {processor.py:842} WARNING - No viable dags retrieved from /opt/airflow/dags/dag_with_python_dependencies.py
[2024-02-27T04:14:43.058+0000] {processor.py:183} INFO - Processing /opt/airflow/dags/dag_with_python_dependencies.py took 0.027 seconds
[2024-02-27T04:14:46.051+0000] {processor.py:161} INFO - Started process (PID=81) to work on /opt/airflow/dags/dag_with_python_dependencies.py
[2024-02-27T04:14:46.051+0000] {processor.py:830} INFO - Processing file /opt/airflow/dags/dag_with_python_dependencies.py for tasks to queue
[2024-02-27T04:14:46.053+0000] {logging_mixin.py:188} INFO - [2024-02-27T04:14:46.052+0000] {dagbag.py:538} INFO - Filling up the DagBag from /opt/airflow/dags/dag_with_python_dependencies.py
[2024-02-27T04:14:46.055+0000] {logging_mixin.py:188} INFO - [2024-02-27T04:14:46.054+0000] {dagbag.py:348} ERROR - Failed to import: /opt/airflow/dags/dag_with_python_dependencies.py
Traceback (most recent call last):
  File "/home/airflow/.local/lib/python3.8/site-packages/airflow/models/dagbag.py", line 344, in parse
    loader.exec_module(new_module)
  File "<frozen importlib._bootstrap_external>", line 839, in exec_module
  File "<frozen importlib._bootstrap_external>", line 976, in get_code
  File "<frozen importlib._bootstrap_external>", line 906, in source_to_code
  File "<frozen importlib._bootstrap>", line 219, in _call_with_frames_removed
  File "/opt/airflow/dags/dag_with_python_dependencies.py", line 30
    python_callable=get_sklearn
    ^
SyntaxError: invalid syntax
[2024-02-27T04:14:46.055+0000] {processor.py:842} WARNING - No viable dags retrieved from /opt/airflow/dags/dag_with_python_dependencies.py
[2024-02-27T04:14:46.076+0000] {processor.py:183} INFO - Processing /opt/airflow/dags/dag_with_python_dependencies.py took 0.029 seconds
[2024-02-27T04:14:49.214+0000] {processor.py:161} INFO - Started process (PID=84) to work on /opt/airflow/dags/dag_with_python_dependencies.py
[2024-02-27T04:14:49.215+0000] {processor.py:830} INFO - Processing file /opt/airflow/dags/dag_with_python_dependencies.py for tasks to queue
[2024-02-27T04:14:49.217+0000] {logging_mixin.py:188} INFO - [2024-02-27T04:14:49.217+0000] {dagbag.py:538} INFO - Filling up the DagBag from /opt/airflow/dags/dag_with_python_dependencies.py
[2024-02-27T04:14:49.220+0000] {logging_mixin.py:188} INFO - [2024-02-27T04:14:49.219+0000] {dagbag.py:348} ERROR - Failed to import: /opt/airflow/dags/dag_with_python_dependencies.py
Traceback (most recent call last):
  File "/home/airflow/.local/lib/python3.8/site-packages/airflow/models/dagbag.py", line 344, in parse
    loader.exec_module(new_module)
  File "<frozen importlib._bootstrap_external>", line 839, in exec_module
  File "<frozen importlib._bootstrap_external>", line 976, in get_code
  File "<frozen importlib._bootstrap_external>", line 906, in source_to_code
  File "<frozen importlib._bootstrap>", line 219, in _call_with_frames_removed
  File "/opt/airflow/dags/dag_with_python_dependencies.py", line 30
    python_callable=get_sklearn
    ^
SyntaxError: invalid syntax
[2024-02-27T04:14:49.220+0000] {processor.py:842} WARNING - No viable dags retrieved from /opt/airflow/dags/dag_with_python_dependencies.py
[2024-02-27T04:14:49.247+0000] {processor.py:183} INFO - Processing /opt/airflow/dags/dag_with_python_dependencies.py took 0.036 seconds
[2024-02-27T04:14:53.132+0000] {processor.py:161} INFO - Started process (PID=89) to work on /opt/airflow/dags/dag_with_python_dependencies.py
[2024-02-27T04:14:53.133+0000] {processor.py:830} INFO - Processing file /opt/airflow/dags/dag_with_python_dependencies.py for tasks to queue
[2024-02-27T04:14:53.135+0000] {logging_mixin.py:188} INFO - [2024-02-27T04:14:53.135+0000] {dagbag.py:538} INFO - Filling up the DagBag from /opt/airflow/dags/dag_with_python_dependencies.py
[2024-02-27T04:14:53.154+0000] {logging_mixin.py:188} INFO - [2024-02-27T04:14:53.153+0000] {dagbag.py:348} ERROR - Failed to import: /opt/airflow/dags/dag_with_python_dependencies.py
Traceback (most recent call last):
  File "/home/airflow/.local/lib/python3.8/site-packages/airflow/models/dagbag.py", line 344, in parse
    loader.exec_module(new_module)
  File "<frozen importlib._bootstrap_external>", line 839, in exec_module
  File "<frozen importlib._bootstrap_external>", line 976, in get_code
  File "<frozen importlib._bootstrap_external>", line 906, in source_to_code
  File "<frozen importlib._bootstrap>", line 219, in _call_with_frames_removed
  File "/opt/airflow/dags/dag_with_python_dependencies.py", line 30
    python_callable=get_sklearn
    ^
SyntaxError: invalid syntax
[2024-02-27T04:14:53.155+0000] {processor.py:842} WARNING - No viable dags retrieved from /opt/airflow/dags/dag_with_python_dependencies.py
[2024-02-27T04:14:53.197+0000] {processor.py:183} INFO - Processing /opt/airflow/dags/dag_with_python_dependencies.py took 0.070 seconds
[2024-02-27T04:14:56.145+0000] {processor.py:161} INFO - Started process (PID=90) to work on /opt/airflow/dags/dag_with_python_dependencies.py
[2024-02-27T04:14:56.146+0000] {processor.py:830} INFO - Processing file /opt/airflow/dags/dag_with_python_dependencies.py for tasks to queue
[2024-02-27T04:14:56.148+0000] {logging_mixin.py:188} INFO - [2024-02-27T04:14:56.147+0000] {dagbag.py:538} INFO - Filling up the DagBag from /opt/airflow/dags/dag_with_python_dependencies.py
[2024-02-27T04:14:56.151+0000] {logging_mixin.py:188} INFO - [2024-02-27T04:14:56.150+0000] {dagbag.py:348} ERROR - Failed to import: /opt/airflow/dags/dag_with_python_dependencies.py
Traceback (most recent call last):
  File "/home/airflow/.local/lib/python3.8/site-packages/airflow/models/dagbag.py", line 344, in parse
    loader.exec_module(new_module)
  File "<frozen importlib._bootstrap_external>", line 839, in exec_module
  File "<frozen importlib._bootstrap_external>", line 976, in get_code
  File "<frozen importlib._bootstrap_external>", line 906, in source_to_code
  File "<frozen importlib._bootstrap>", line 219, in _call_with_frames_removed
  File "/opt/airflow/dags/dag_with_python_dependencies.py", line 30
    python_callable=get_sklearn
    ^
SyntaxError: invalid syntax
[2024-02-27T04:14:56.151+0000] {processor.py:842} WARNING - No viable dags retrieved from /opt/airflow/dags/dag_with_python_dependencies.py
[2024-02-27T04:14:56.176+0000] {processor.py:183} INFO - Processing /opt/airflow/dags/dag_with_python_dependencies.py took 0.034 seconds
[2024-02-27T04:14:59.182+0000] {processor.py:161} INFO - Started process (PID=91) to work on /opt/airflow/dags/dag_with_python_dependencies.py
[2024-02-27T04:14:59.184+0000] {processor.py:830} INFO - Processing file /opt/airflow/dags/dag_with_python_dependencies.py for tasks to queue
[2024-02-27T04:14:59.186+0000] {logging_mixin.py:188} INFO - [2024-02-27T04:14:59.186+0000] {dagbag.py:538} INFO - Filling up the DagBag from /opt/airflow/dags/dag_with_python_dependencies.py
[2024-02-27T04:14:59.189+0000] {logging_mixin.py:188} INFO - [2024-02-27T04:14:59.189+0000] {dagbag.py:348} ERROR - Failed to import: /opt/airflow/dags/dag_with_python_dependencies.py
Traceback (most recent call last):
  File "/home/airflow/.local/lib/python3.8/site-packages/airflow/models/dagbag.py", line 344, in parse
    loader.exec_module(new_module)
  File "<frozen importlib._bootstrap_external>", line 839, in exec_module
  File "<frozen importlib._bootstrap_external>", line 976, in get_code
  File "<frozen importlib._bootstrap_external>", line 906, in source_to_code
  File "<frozen importlib._bootstrap>", line 219, in _call_with_frames_removed
  File "/opt/airflow/dags/dag_with_python_dependencies.py", line 30
    python_callable=get_sklearn
    ^
SyntaxError: invalid syntax
[2024-02-27T04:14:59.190+0000] {processor.py:842} WARNING - No viable dags retrieved from /opt/airflow/dags/dag_with_python_dependencies.py
[2024-02-27T04:14:59.261+0000] {processor.py:183} INFO - Processing /opt/airflow/dags/dag_with_python_dependencies.py took 0.091 seconds
[2024-02-27T04:15:03.245+0000] {processor.py:161} INFO - Started process (PID=97) to work on /opt/airflow/dags/dag_with_python_dependencies.py
[2024-02-27T04:15:03.246+0000] {processor.py:830} INFO - Processing file /opt/airflow/dags/dag_with_python_dependencies.py for tasks to queue
[2024-02-27T04:15:03.253+0000] {logging_mixin.py:188} INFO - [2024-02-27T04:15:03.253+0000] {dagbag.py:538} INFO - Filling up the DagBag from /opt/airflow/dags/dag_with_python_dependencies.py
[2024-02-27T04:15:03.256+0000] {logging_mixin.py:188} INFO - [2024-02-27T04:15:03.255+0000] {dagbag.py:348} ERROR - Failed to import: /opt/airflow/dags/dag_with_python_dependencies.py
Traceback (most recent call last):
  File "/home/airflow/.local/lib/python3.8/site-packages/airflow/models/dagbag.py", line 344, in parse
    loader.exec_module(new_module)
  File "<frozen importlib._bootstrap_external>", line 839, in exec_module
  File "<frozen importlib._bootstrap_external>", line 976, in get_code
  File "<frozen importlib._bootstrap_external>", line 906, in source_to_code
  File "<frozen importlib._bootstrap>", line 219, in _call_with_frames_removed
  File "/opt/airflow/dags/dag_with_python_dependencies.py", line 30
    python_callable=get_sklearn
    ^
SyntaxError: invalid syntax
[2024-02-27T04:15:03.256+0000] {processor.py:842} WARNING - No viable dags retrieved from /opt/airflow/dags/dag_with_python_dependencies.py
[2024-02-27T04:15:03.283+0000] {processor.py:183} INFO - Processing /opt/airflow/dags/dag_with_python_dependencies.py took 0.042 seconds
[2024-02-27T04:15:30.943+0000] {processor.py:161} INFO - Started process (PID=110) to work on /opt/airflow/dags/dag_with_python_dependencies.py
[2024-02-27T04:15:30.948+0000] {processor.py:830} INFO - Processing file /opt/airflow/dags/dag_with_python_dependencies.py for tasks to queue
[2024-02-27T04:15:30.949+0000] {logging_mixin.py:188} INFO - [2024-02-27T04:15:30.949+0000] {dagbag.py:538} INFO - Filling up the DagBag from /opt/airflow/dags/dag_with_python_dependencies.py
[2024-02-27T04:15:30.952+0000] {logging_mixin.py:188} INFO - [2024-02-27T04:15:30.951+0000] {dagbag.py:348} ERROR - Failed to import: /opt/airflow/dags/dag_with_python_dependencies.py
Traceback (most recent call last):
  File "/home/airflow/.local/lib/python3.8/site-packages/airflow/models/dagbag.py", line 344, in parse
    loader.exec_module(new_module)
  File "<frozen importlib._bootstrap_external>", line 839, in exec_module
  File "<frozen importlib._bootstrap_external>", line 976, in get_code
  File "<frozen importlib._bootstrap_external>", line 906, in source_to_code
  File "<frozen importlib._bootstrap>", line 219, in _call_with_frames_removed
  File "/opt/airflow/dags/dag_with_python_dependencies.py", line 30
    python_callable=get_sklearn
    ^
SyntaxError: invalid syntax
[2024-02-27T04:15:30.952+0000] {processor.py:842} WARNING - No viable dags retrieved from /opt/airflow/dags/dag_with_python_dependencies.py
[2024-02-27T04:15:30.983+0000] {processor.py:183} INFO - Processing /opt/airflow/dags/dag_with_python_dependencies.py took 0.044 seconds
[2024-02-27T04:15:33.032+0000] {processor.py:161} INFO - Started process (PID=111) to work on /opt/airflow/dags/dag_with_python_dependencies.py
[2024-02-27T04:15:33.033+0000] {processor.py:830} INFO - Processing file /opt/airflow/dags/dag_with_python_dependencies.py for tasks to queue
[2024-02-27T04:15:33.061+0000] {logging_mixin.py:188} INFO - [2024-02-27T04:15:33.061+0000] {dagbag.py:538} INFO - Filling up the DagBag from /opt/airflow/dags/dag_with_python_dependencies.py
[2024-02-27T04:15:33.086+0000] {logging_mixin.py:188} INFO - [2024-02-27T04:15:33.085+0000] {dagbag.py:348} ERROR - Failed to import: /opt/airflow/dags/dag_with_python_dependencies.py
Traceback (most recent call last):
  File "/home/airflow/.local/lib/python3.8/site-packages/airflow/models/dagbag.py", line 344, in parse
    loader.exec_module(new_module)
  File "<frozen importlib._bootstrap_external>", line 839, in exec_module
  File "<frozen importlib._bootstrap_external>", line 976, in get_code
  File "<frozen importlib._bootstrap_external>", line 906, in source_to_code
  File "<frozen importlib._bootstrap>", line 219, in _call_with_frames_removed
  File "/opt/airflow/dags/dag_with_python_dependencies.py", line 30
    python_callable=get_sklearn
    ^
SyntaxError: invalid syntax
[2024-02-27T04:15:33.087+0000] {processor.py:842} WARNING - No viable dags retrieved from /opt/airflow/dags/dag_with_python_dependencies.py
[2024-02-27T04:15:33.184+0000] {processor.py:183} INFO - Processing /opt/airflow/dags/dag_with_python_dependencies.py took 0.155 seconds
[2024-02-27T04:15:40.119+0000] {processor.py:161} INFO - Started process (PID=112) to work on /opt/airflow/dags/dag_with_python_dependencies.py
[2024-02-27T04:15:40.120+0000] {processor.py:830} INFO - Processing file /opt/airflow/dags/dag_with_python_dependencies.py for tasks to queue
[2024-02-27T04:15:40.122+0000] {logging_mixin.py:188} INFO - [2024-02-27T04:15:40.122+0000] {dagbag.py:538} INFO - Filling up the DagBag from /opt/airflow/dags/dag_with_python_dependencies.py
[2024-02-27T04:15:40.126+0000] {logging_mixin.py:188} INFO - [2024-02-27T04:15:40.125+0000] {dagbag.py:348} ERROR - Failed to import: /opt/airflow/dags/dag_with_python_dependencies.py
Traceback (most recent call last):
  File "/home/airflow/.local/lib/python3.8/site-packages/airflow/models/dagbag.py", line 344, in parse
    loader.exec_module(new_module)
  File "<frozen importlib._bootstrap_external>", line 839, in exec_module
  File "<frozen importlib._bootstrap_external>", line 976, in get_code
  File "<frozen importlib._bootstrap_external>", line 906, in source_to_code
  File "<frozen importlib._bootstrap>", line 219, in _call_with_frames_removed
  File "/opt/airflow/dags/dag_with_python_dependencies.py", line 30
    python_callable=get_sklearn
    ^
SyntaxError: invalid syntax
[2024-02-27T04:15:40.127+0000] {processor.py:842} WARNING - No viable dags retrieved from /opt/airflow/dags/dag_with_python_dependencies.py
[2024-02-27T04:15:40.158+0000] {processor.py:183} INFO - Processing /opt/airflow/dags/dag_with_python_dependencies.py took 0.043 seconds
[2024-02-27T04:15:43.140+0000] {processor.py:161} INFO - Started process (PID=113) to work on /opt/airflow/dags/dag_with_python_dependencies.py
[2024-02-27T04:15:43.141+0000] {processor.py:830} INFO - Processing file /opt/airflow/dags/dag_with_python_dependencies.py for tasks to queue
[2024-02-27T04:15:43.144+0000] {logging_mixin.py:188} INFO - [2024-02-27T04:15:43.144+0000] {dagbag.py:538} INFO - Filling up the DagBag from /opt/airflow/dags/dag_with_python_dependencies.py
[2024-02-27T04:15:43.148+0000] {logging_mixin.py:188} INFO - [2024-02-27T04:15:43.148+0000] {dagbag.py:348} ERROR - Failed to import: /opt/airflow/dags/dag_with_python_dependencies.py
Traceback (most recent call last):
  File "/home/airflow/.local/lib/python3.8/site-packages/airflow/models/dagbag.py", line 344, in parse
    loader.exec_module(new_module)
  File "<frozen importlib._bootstrap_external>", line 839, in exec_module
  File "<frozen importlib._bootstrap_external>", line 976, in get_code
  File "<frozen importlib._bootstrap_external>", line 906, in source_to_code
  File "<frozen importlib._bootstrap>", line 219, in _call_with_frames_removed
  File "/opt/airflow/dags/dag_with_python_dependencies.py", line 30
    python_callable=get_sklearn
    ^
SyntaxError: invalid syntax
[2024-02-27T04:15:43.149+0000] {processor.py:842} WARNING - No viable dags retrieved from /opt/airflow/dags/dag_with_python_dependencies.py
[2024-02-27T04:15:43.171+0000] {processor.py:183} INFO - Processing /opt/airflow/dags/dag_with_python_dependencies.py took 0.035 seconds
[2024-02-27T04:15:51.597+0000] {processor.py:161} INFO - Started process (PID=117) to work on /opt/airflow/dags/dag_with_python_dependencies.py
[2024-02-27T04:15:51.601+0000] {processor.py:830} INFO - Processing file /opt/airflow/dags/dag_with_python_dependencies.py for tasks to queue
[2024-02-27T04:15:51.603+0000] {logging_mixin.py:188} INFO - [2024-02-27T04:15:51.603+0000] {dagbag.py:538} INFO - Filling up the DagBag from /opt/airflow/dags/dag_with_python_dependencies.py
[2024-02-27T04:15:51.607+0000] {logging_mixin.py:188} INFO - [2024-02-27T04:15:51.606+0000] {dagbag.py:348} ERROR - Failed to import: /opt/airflow/dags/dag_with_python_dependencies.py
Traceback (most recent call last):
  File "/home/airflow/.local/lib/python3.8/site-packages/airflow/models/dagbag.py", line 344, in parse
    loader.exec_module(new_module)
  File "<frozen importlib._bootstrap_external>", line 839, in exec_module
  File "<frozen importlib._bootstrap_external>", line 976, in get_code
  File "<frozen importlib._bootstrap_external>", line 906, in source_to_code
  File "<frozen importlib._bootstrap>", line 219, in _call_with_frames_removed
  File "/opt/airflow/dags/dag_with_python_dependencies.py", line 35
    python_callable=get_matplotlib
    ^
SyntaxError: invalid syntax
[2024-02-27T04:15:51.608+0000] {processor.py:842} WARNING - No viable dags retrieved from /opt/airflow/dags/dag_with_python_dependencies.py
[2024-02-27T04:15:51.637+0000] {processor.py:183} INFO - Processing /opt/airflow/dags/dag_with_python_dependencies.py took 0.044 seconds
[2024-02-27T04:15:52.684+0000] {processor.py:161} INFO - Started process (PID=119) to work on /opt/airflow/dags/dag_with_python_dependencies.py
[2024-02-27T04:15:52.685+0000] {processor.py:830} INFO - Processing file /opt/airflow/dags/dag_with_python_dependencies.py for tasks to queue
[2024-02-27T04:15:52.687+0000] {logging_mixin.py:188} INFO - [2024-02-27T04:15:52.687+0000] {dagbag.py:538} INFO - Filling up the DagBag from /opt/airflow/dags/dag_with_python_dependencies.py
[2024-02-27T04:15:52.698+0000] {processor.py:840} INFO - DAG(s) 'dag_with_python_dependencies_v01' retrieved from /opt/airflow/dags/dag_with_python_dependencies.py
[2024-02-27T04:15:52.884+0000] {logging_mixin.py:188} INFO - [2024-02-27T04:15:52.883+0000] {override.py:1769} INFO - Created Permission View: can delete on DAG:dag_with_python_dependencies_v01
[2024-02-27T04:15:52.905+0000] {logging_mixin.py:188} INFO - [2024-02-27T04:15:52.905+0000] {override.py:1769} INFO - Created Permission View: can read on DAG:dag_with_python_dependencies_v01
[2024-02-27T04:15:52.916+0000] {logging_mixin.py:188} INFO - [2024-02-27T04:15:52.916+0000] {override.py:1769} INFO - Created Permission View: can edit on DAG:dag_with_python_dependencies_v01
[2024-02-27T04:15:52.917+0000] {logging_mixin.py:188} INFO - [2024-02-27T04:15:52.916+0000] {dag.py:3036} INFO - Sync 1 DAGs
[2024-02-27T04:15:52.929+0000] {logging_mixin.py:188} INFO - [2024-02-27T04:15:52.929+0000] {dag.py:3058} INFO - Creating ORM DAG for dag_with_python_dependencies_v01
[2024-02-27T04:15:52.941+0000] {logging_mixin.py:188} INFO - [2024-02-27T04:15:52.941+0000] {dag.py:3823} INFO - Setting next_dagrun for dag_with_python_dependencies_v01 to 2024-02-23 00:00:00+00:00, run_after=2024-02-24 00:00:00+00:00
[2024-02-27T04:15:52.979+0000] {processor.py:183} INFO - Processing /opt/airflow/dags/dag_with_python_dependencies.py took 0.299 seconds
[2024-02-27T04:16:23.495+0000] {processor.py:161} INFO - Started process (PID=132) to work on /opt/airflow/dags/dag_with_python_dependencies.py
[2024-02-27T04:16:23.503+0000] {processor.py:830} INFO - Processing file /opt/airflow/dags/dag_with_python_dependencies.py for tasks to queue
[2024-02-27T04:16:23.516+0000] {logging_mixin.py:188} INFO - [2024-02-27T04:16:23.513+0000] {dagbag.py:538} INFO - Filling up the DagBag from /opt/airflow/dags/dag_with_python_dependencies.py
[2024-02-27T04:16:23.539+0000] {processor.py:840} INFO - DAG(s) 'dag_with_python_dependencies_v01' retrieved from /opt/airflow/dags/dag_with_python_dependencies.py
[2024-02-27T04:16:23.604+0000] {logging_mixin.py:188} INFO - [2024-02-27T04:16:23.603+0000] {dag.py:3036} INFO - Sync 1 DAGs
[2024-02-27T04:16:23.789+0000] {logging_mixin.py:188} INFO - [2024-02-27T04:16:23.781+0000] {dag.py:3823} INFO - Setting next_dagrun for dag_with_python_dependencies_v01 to 2024-02-27 00:00:00+00:00, run_after=2024-02-28 00:00:00+00:00
[2024-02-27T04:16:23.920+0000] {processor.py:183} INFO - Processing /opt/airflow/dags/dag_with_python_dependencies.py took 0.438 seconds
[2024-02-27T04:16:54.166+0000] {processor.py:161} INFO - Started process (PID=145) to work on /opt/airflow/dags/dag_with_python_dependencies.py
[2024-02-27T04:16:54.173+0000] {processor.py:830} INFO - Processing file /opt/airflow/dags/dag_with_python_dependencies.py for tasks to queue
[2024-02-27T04:16:54.175+0000] {logging_mixin.py:188} INFO - [2024-02-27T04:16:54.175+0000] {dagbag.py:538} INFO - Filling up the DagBag from /opt/airflow/dags/dag_with_python_dependencies.py
[2024-02-27T04:16:54.193+0000] {processor.py:840} INFO - DAG(s) 'dag_with_python_dependencies_v01' retrieved from /opt/airflow/dags/dag_with_python_dependencies.py
[2024-02-27T04:16:54.226+0000] {logging_mixin.py:188} INFO - [2024-02-27T04:16:54.226+0000] {dag.py:3036} INFO - Sync 1 DAGs
[2024-02-27T04:16:54.256+0000] {logging_mixin.py:188} INFO - [2024-02-27T04:16:54.256+0000] {dag.py:3823} INFO - Setting next_dagrun for dag_with_python_dependencies_v01 to 2024-02-27 00:00:00+00:00, run_after=2024-02-28 00:00:00+00:00
[2024-02-27T04:16:54.278+0000] {processor.py:183} INFO - Processing /opt/airflow/dags/dag_with_python_dependencies.py took 0.116 seconds
[2024-02-27T04:17:07.381+0000] {processor.py:161} INFO - Started process (PID=154) to work on /opt/airflow/dags/dag_with_python_dependencies.py
[2024-02-27T04:17:07.382+0000] {processor.py:830} INFO - Processing file /opt/airflow/dags/dag_with_python_dependencies.py for tasks to queue
[2024-02-27T04:17:07.384+0000] {logging_mixin.py:188} INFO - [2024-02-27T04:17:07.383+0000] {dagbag.py:538} INFO - Filling up the DagBag from /opt/airflow/dags/dag_with_python_dependencies.py
[2024-02-27T04:17:07.397+0000] {processor.py:840} INFO - DAG(s) 'dag_with_python_dependencies_v02' retrieved from /opt/airflow/dags/dag_with_python_dependencies.py
[2024-02-27T04:17:07.542+0000] {logging_mixin.py:188} INFO - [2024-02-27T04:17:07.541+0000] {override.py:1769} INFO - Created Permission View: can delete on DAG:dag_with_python_dependencies_v02
[2024-02-27T04:17:07.561+0000] {logging_mixin.py:188} INFO - [2024-02-27T04:17:07.561+0000] {override.py:1769} INFO - Created Permission View: can read on DAG:dag_with_python_dependencies_v02
[2024-02-27T04:17:07.572+0000] {logging_mixin.py:188} INFO - [2024-02-27T04:17:07.572+0000] {override.py:1769} INFO - Created Permission View: can edit on DAG:dag_with_python_dependencies_v02
[2024-02-27T04:17:07.573+0000] {logging_mixin.py:188} INFO - [2024-02-27T04:17:07.573+0000] {dag.py:3036} INFO - Sync 1 DAGs
[2024-02-27T04:17:07.596+0000] {logging_mixin.py:188} INFO - [2024-02-27T04:17:07.596+0000] {dag.py:3058} INFO - Creating ORM DAG for dag_with_python_dependencies_v02
[2024-02-27T04:17:07.623+0000] {logging_mixin.py:188} INFO - [2024-02-27T04:17:07.623+0000] {dag.py:3823} INFO - Setting next_dagrun for dag_with_python_dependencies_v02 to 2024-02-23 00:00:00+00:00, run_after=2024-02-24 00:00:00+00:00
[2024-02-27T04:17:07.645+0000] {processor.py:183} INFO - Processing /opt/airflow/dags/dag_with_python_dependencies.py took 0.268 seconds
[2024-02-27T04:17:37.810+0000] {processor.py:161} INFO - Started process (PID=167) to work on /opt/airflow/dags/dag_with_python_dependencies.py
[2024-02-27T04:17:37.811+0000] {processor.py:830} INFO - Processing file /opt/airflow/dags/dag_with_python_dependencies.py for tasks to queue
[2024-02-27T04:17:37.813+0000] {logging_mixin.py:188} INFO - [2024-02-27T04:17:37.812+0000] {dagbag.py:538} INFO - Filling up the DagBag from /opt/airflow/dags/dag_with_python_dependencies.py
[2024-02-27T04:17:37.824+0000] {processor.py:840} INFO - DAG(s) 'dag_with_python_dependencies_v02' retrieved from /opt/airflow/dags/dag_with_python_dependencies.py
[2024-02-27T04:17:37.855+0000] {logging_mixin.py:188} INFO - [2024-02-27T04:17:37.855+0000] {dag.py:3036} INFO - Sync 1 DAGs
[2024-02-27T04:17:37.908+0000] {logging_mixin.py:188} INFO - [2024-02-27T04:17:37.908+0000] {dag.py:3823} INFO - Setting next_dagrun for dag_with_python_dependencies_v02 to 2024-02-23 00:00:00+00:00, run_after=2024-02-24 00:00:00+00:00
[2024-02-27T04:17:37.930+0000] {processor.py:183} INFO - Processing /opt/airflow/dags/dag_with_python_dependencies.py took 0.124 seconds
[2024-02-27T04:18:08.138+0000] {processor.py:161} INFO - Started process (PID=180) to work on /opt/airflow/dags/dag_with_python_dependencies.py
[2024-02-27T04:18:08.138+0000] {processor.py:830} INFO - Processing file /opt/airflow/dags/dag_with_python_dependencies.py for tasks to queue
[2024-02-27T04:18:08.140+0000] {logging_mixin.py:188} INFO - [2024-02-27T04:18:08.140+0000] {dagbag.py:538} INFO - Filling up the DagBag from /opt/airflow/dags/dag_with_python_dependencies.py
[2024-02-27T04:18:08.166+0000] {processor.py:840} INFO - DAG(s) 'dag_with_python_dependencies_v02' retrieved from /opt/airflow/dags/dag_with_python_dependencies.py
[2024-02-27T04:18:08.256+0000] {logging_mixin.py:188} INFO - [2024-02-27T04:18:08.256+0000] {dag.py:3036} INFO - Sync 1 DAGs
[2024-02-27T04:18:08.341+0000] {logging_mixin.py:188} INFO - [2024-02-27T04:18:08.341+0000] {dag.py:3823} INFO - Setting next_dagrun for dag_with_python_dependencies_v02 to 2024-02-23 00:00:00+00:00, run_after=2024-02-24 00:00:00+00:00
[2024-02-27T04:18:08.383+0000] {processor.py:183} INFO - Processing /opt/airflow/dags/dag_with_python_dependencies.py took 0.266 seconds
[2024-02-27T04:18:38.494+0000] {processor.py:161} INFO - Started process (PID=193) to work on /opt/airflow/dags/dag_with_python_dependencies.py
[2024-02-27T04:18:38.497+0000] {processor.py:830} INFO - Processing file /opt/airflow/dags/dag_with_python_dependencies.py for tasks to queue
[2024-02-27T04:18:38.498+0000] {logging_mixin.py:188} INFO - [2024-02-27T04:18:38.498+0000] {dagbag.py:538} INFO - Filling up the DagBag from /opt/airflow/dags/dag_with_python_dependencies.py
[2024-02-27T04:18:38.515+0000] {processor.py:840} INFO - DAG(s) 'dag_with_python_dependencies_v02' retrieved from /opt/airflow/dags/dag_with_python_dependencies.py
[2024-02-27T04:18:38.562+0000] {logging_mixin.py:188} INFO - [2024-02-27T04:18:38.562+0000] {dag.py:3036} INFO - Sync 1 DAGs
[2024-02-27T04:18:38.591+0000] {logging_mixin.py:188} INFO - [2024-02-27T04:18:38.591+0000] {dag.py:3823} INFO - Setting next_dagrun for dag_with_python_dependencies_v02 to 2024-02-23 00:00:00+00:00, run_after=2024-02-24 00:00:00+00:00
[2024-02-27T04:18:38.627+0000] {processor.py:183} INFO - Processing /opt/airflow/dags/dag_with_python_dependencies.py took 0.138 seconds
[2024-02-27T04:19:09.243+0000] {processor.py:161} INFO - Started process (PID=206) to work on /opt/airflow/dags/dag_with_python_dependencies.py
[2024-02-27T04:19:09.257+0000] {processor.py:830} INFO - Processing file /opt/airflow/dags/dag_with_python_dependencies.py for tasks to queue
[2024-02-27T04:19:09.278+0000] {logging_mixin.py:188} INFO - [2024-02-27T04:19:09.258+0000] {dagbag.py:538} INFO - Filling up the DagBag from /opt/airflow/dags/dag_with_python_dependencies.py
[2024-02-27T04:19:09.329+0000] {processor.py:840} INFO - DAG(s) 'dag_with_python_dependencies_v02' retrieved from /opt/airflow/dags/dag_with_python_dependencies.py
[2024-02-27T04:19:09.527+0000] {logging_mixin.py:188} INFO - [2024-02-27T04:19:09.526+0000] {dag.py:3036} INFO - Sync 1 DAGs
[2024-02-27T04:19:09.623+0000] {logging_mixin.py:188} INFO - [2024-02-27T04:19:09.623+0000] {dag.py:3823} INFO - Setting next_dagrun for dag_with_python_dependencies_v02 to 2024-02-23 00:00:00+00:00, run_after=2024-02-24 00:00:00+00:00
[2024-02-27T04:19:09.689+0000] {processor.py:183} INFO - Processing /opt/airflow/dags/dag_with_python_dependencies.py took 0.505 seconds
[2024-02-27T04:20:31.054+0000] {processor.py:161} INFO - Started process (PID=34) to work on /opt/airflow/dags/dag_with_python_dependencies.py
[2024-02-27T04:20:31.057+0000] {processor.py:830} INFO - Processing file /opt/airflow/dags/dag_with_python_dependencies.py for tasks to queue
[2024-02-27T04:20:31.059+0000] {logging_mixin.py:188} INFO - [2024-02-27T04:20:31.059+0000] {dagbag.py:538} INFO - Filling up the DagBag from /opt/airflow/dags/dag_with_python_dependencies.py
[2024-02-27T04:20:31.118+0000] {processor.py:840} INFO - DAG(s) 'dag_with_python_dependencies_v02' retrieved from /opt/airflow/dags/dag_with_python_dependencies.py
[2024-02-27T04:20:31.943+0000] {logging_mixin.py:188} INFO - [2024-02-27T04:20:31.942+0000] {dag.py:3036} INFO - Sync 1 DAGs
[2024-02-27T04:20:31.979+0000] {logging_mixin.py:188} INFO - [2024-02-27T04:20:31.979+0000] {dag.py:3823} INFO - Setting next_dagrun for dag_with_python_dependencies_v02 to 2024-02-23 00:00:00+00:00, run_after=2024-02-24 00:00:00+00:00
[2024-02-27T04:20:32.019+0000] {processor.py:183} INFO - Processing /opt/airflow/dags/dag_with_python_dependencies.py took 0.980 seconds
[2024-02-27T04:21:02.207+0000] {processor.py:161} INFO - Started process (PID=47) to work on /opt/airflow/dags/dag_with_python_dependencies.py
[2024-02-27T04:21:02.208+0000] {processor.py:830} INFO - Processing file /opt/airflow/dags/dag_with_python_dependencies.py for tasks to queue
[2024-02-27T04:21:02.209+0000] {logging_mixin.py:188} INFO - [2024-02-27T04:21:02.209+0000] {dagbag.py:538} INFO - Filling up the DagBag from /opt/airflow/dags/dag_with_python_dependencies.py
[2024-02-27T04:21:02.221+0000] {processor.py:840} INFO - DAG(s) 'dag_with_python_dependencies_v02' retrieved from /opt/airflow/dags/dag_with_python_dependencies.py
[2024-02-27T04:21:02.251+0000] {logging_mixin.py:188} INFO - [2024-02-27T04:21:02.251+0000] {dag.py:3036} INFO - Sync 1 DAGs
[2024-02-27T04:21:02.300+0000] {logging_mixin.py:188} INFO - [2024-02-27T04:21:02.299+0000] {dag.py:3823} INFO - Setting next_dagrun for dag_with_python_dependencies_v02 to 2024-02-23 00:00:00+00:00, run_after=2024-02-24 00:00:00+00:00
[2024-02-27T04:21:02.334+0000] {processor.py:183} INFO - Processing /opt/airflow/dags/dag_with_python_dependencies.py took 0.130 seconds
[2024-02-27T04:21:32.754+0000] {processor.py:161} INFO - Started process (PID=60) to work on /opt/airflow/dags/dag_with_python_dependencies.py
[2024-02-27T04:21:32.755+0000] {processor.py:830} INFO - Processing file /opt/airflow/dags/dag_with_python_dependencies.py for tasks to queue
[2024-02-27T04:21:32.757+0000] {logging_mixin.py:188} INFO - [2024-02-27T04:21:32.757+0000] {dagbag.py:538} INFO - Filling up the DagBag from /opt/airflow/dags/dag_with_python_dependencies.py
[2024-02-27T04:21:32.768+0000] {processor.py:840} INFO - DAG(s) 'dag_with_python_dependencies_v02' retrieved from /opt/airflow/dags/dag_with_python_dependencies.py
[2024-02-27T04:21:32.799+0000] {logging_mixin.py:188} INFO - [2024-02-27T04:21:32.799+0000] {dag.py:3036} INFO - Sync 1 DAGs
[2024-02-27T04:21:32.851+0000] {logging_mixin.py:188} INFO - [2024-02-27T04:21:32.850+0000] {dag.py:3823} INFO - Setting next_dagrun for dag_with_python_dependencies_v02 to 2024-02-23 00:00:00+00:00, run_after=2024-02-24 00:00:00+00:00
[2024-02-27T04:21:32.877+0000] {processor.py:183} INFO - Processing /opt/airflow/dags/dag_with_python_dependencies.py took 0.125 seconds
[2024-02-27T04:22:03.564+0000] {processor.py:161} INFO - Started process (PID=73) to work on /opt/airflow/dags/dag_with_python_dependencies.py
[2024-02-27T04:22:03.565+0000] {processor.py:830} INFO - Processing file /opt/airflow/dags/dag_with_python_dependencies.py for tasks to queue
[2024-02-27T04:22:03.567+0000] {logging_mixin.py:188} INFO - [2024-02-27T04:22:03.567+0000] {dagbag.py:538} INFO - Filling up the DagBag from /opt/airflow/dags/dag_with_python_dependencies.py
[2024-02-27T04:22:03.578+0000] {processor.py:840} INFO - DAG(s) 'dag_with_python_dependencies_v02' retrieved from /opt/airflow/dags/dag_with_python_dependencies.py
[2024-02-27T04:22:03.610+0000] {logging_mixin.py:188} INFO - [2024-02-27T04:22:03.609+0000] {dag.py:3036} INFO - Sync 1 DAGs
[2024-02-27T04:22:03.641+0000] {logging_mixin.py:188} INFO - [2024-02-27T04:22:03.640+0000] {dag.py:3823} INFO - Setting next_dagrun for dag_with_python_dependencies_v02 to 2024-02-23 00:00:00+00:00, run_after=2024-02-24 00:00:00+00:00
[2024-02-27T04:22:03.664+0000] {processor.py:183} INFO - Processing /opt/airflow/dags/dag_with_python_dependencies.py took 0.102 seconds
[2024-02-27T04:22:34.384+0000] {processor.py:161} INFO - Started process (PID=86) to work on /opt/airflow/dags/dag_with_python_dependencies.py
[2024-02-27T04:22:34.426+0000] {processor.py:830} INFO - Processing file /opt/airflow/dags/dag_with_python_dependencies.py for tasks to queue
[2024-02-27T04:22:34.444+0000] {logging_mixin.py:188} INFO - [2024-02-27T04:22:34.439+0000] {dagbag.py:538} INFO - Filling up the DagBag from /opt/airflow/dags/dag_with_python_dependencies.py
[2024-02-27T04:22:34.559+0000] {processor.py:840} INFO - DAG(s) 'dag_with_python_dependencies_v02' retrieved from /opt/airflow/dags/dag_with_python_dependencies.py
[2024-02-27T04:22:34.990+0000] {logging_mixin.py:188} INFO - [2024-02-27T04:22:34.990+0000] {dag.py:3036} INFO - Sync 1 DAGs
[2024-02-27T04:22:35.351+0000] {logging_mixin.py:188} INFO - [2024-02-27T04:22:35.333+0000] {dag.py:3823} INFO - Setting next_dagrun for dag_with_python_dependencies_v02 to 2024-02-23 00:00:00+00:00, run_after=2024-02-24 00:00:00+00:00
[2024-02-27T04:22:35.643+0000] {processor.py:183} INFO - Processing /opt/airflow/dags/dag_with_python_dependencies.py took 1.291 seconds
[2024-02-27T04:23:06.146+0000] {processor.py:161} INFO - Started process (PID=99) to work on /opt/airflow/dags/dag_with_python_dependencies.py
[2024-02-27T04:23:06.151+0000] {processor.py:830} INFO - Processing file /opt/airflow/dags/dag_with_python_dependencies.py for tasks to queue
[2024-02-27T04:23:06.153+0000] {logging_mixin.py:188} INFO - [2024-02-27T04:23:06.153+0000] {dagbag.py:538} INFO - Filling up the DagBag from /opt/airflow/dags/dag_with_python_dependencies.py
[2024-02-27T04:23:06.206+0000] {processor.py:840} INFO - DAG(s) 'dag_with_python_dependencies_v02' retrieved from /opt/airflow/dags/dag_with_python_dependencies.py
[2024-02-27T04:23:06.274+0000] {logging_mixin.py:188} INFO - [2024-02-27T04:23:06.273+0000] {dag.py:3036} INFO - Sync 1 DAGs
[2024-02-27T04:23:06.328+0000] {logging_mixin.py:188} INFO - [2024-02-27T04:23:06.327+0000] {dag.py:3823} INFO - Setting next_dagrun for dag_with_python_dependencies_v02 to 2024-02-27 00:00:00+00:00, run_after=2024-02-28 00:00:00+00:00
[2024-02-27T04:23:06.365+0000] {processor.py:183} INFO - Processing /opt/airflow/dags/dag_with_python_dependencies.py took 0.222 seconds
[2024-02-27T04:23:36.774+0000] {processor.py:161} INFO - Started process (PID=112) to work on /opt/airflow/dags/dag_with_python_dependencies.py
[2024-02-27T04:23:36.775+0000] {processor.py:830} INFO - Processing file /opt/airflow/dags/dag_with_python_dependencies.py for tasks to queue
[2024-02-27T04:23:36.777+0000] {logging_mixin.py:188} INFO - [2024-02-27T04:23:36.776+0000] {dagbag.py:538} INFO - Filling up the DagBag from /opt/airflow/dags/dag_with_python_dependencies.py
[2024-02-27T04:23:36.788+0000] {processor.py:840} INFO - DAG(s) 'dag_with_python_dependencies_v02' retrieved from /opt/airflow/dags/dag_with_python_dependencies.py
[2024-02-27T04:23:36.818+0000] {logging_mixin.py:188} INFO - [2024-02-27T04:23:36.818+0000] {dag.py:3036} INFO - Sync 1 DAGs
[2024-02-27T04:23:36.846+0000] {logging_mixin.py:188} INFO - [2024-02-27T04:23:36.846+0000] {dag.py:3823} INFO - Setting next_dagrun for dag_with_python_dependencies_v02 to 2024-02-27 00:00:00+00:00, run_after=2024-02-28 00:00:00+00:00
[2024-02-27T04:23:36.871+0000] {processor.py:183} INFO - Processing /opt/airflow/dags/dag_with_python_dependencies.py took 0.100 seconds
[2024-02-27T04:24:07.322+0000] {processor.py:161} INFO - Started process (PID=125) to work on /opt/airflow/dags/dag_with_python_dependencies.py
[2024-02-27T04:24:07.323+0000] {processor.py:830} INFO - Processing file /opt/airflow/dags/dag_with_python_dependencies.py for tasks to queue
[2024-02-27T04:24:07.325+0000] {logging_mixin.py:188} INFO - [2024-02-27T04:24:07.325+0000] {dagbag.py:538} INFO - Filling up the DagBag from /opt/airflow/dags/dag_with_python_dependencies.py
[2024-02-27T04:24:07.336+0000] {processor.py:840} INFO - DAG(s) 'dag_with_python_dependencies_v02' retrieved from /opt/airflow/dags/dag_with_python_dependencies.py
[2024-02-27T04:24:07.367+0000] {logging_mixin.py:188} INFO - [2024-02-27T04:24:07.367+0000] {dag.py:3036} INFO - Sync 1 DAGs
[2024-02-27T04:24:07.406+0000] {logging_mixin.py:188} INFO - [2024-02-27T04:24:07.405+0000] {dag.py:3823} INFO - Setting next_dagrun for dag_with_python_dependencies_v02 to 2024-02-27 00:00:00+00:00, run_after=2024-02-28 00:00:00+00:00
[2024-02-27T04:24:07.448+0000] {processor.py:183} INFO - Processing /opt/airflow/dags/dag_with_python_dependencies.py took 0.129 seconds
[2024-02-27T04:24:27.858+0000] {processor.py:161} INFO - Started process (PID=138) to work on /opt/airflow/dags/dag_with_python_dependencies.py
[2024-02-27T04:24:27.859+0000] {processor.py:830} INFO - Processing file /opt/airflow/dags/dag_with_python_dependencies.py for tasks to queue
[2024-02-27T04:24:27.861+0000] {logging_mixin.py:188} INFO - [2024-02-27T04:24:27.860+0000] {dagbag.py:538} INFO - Filling up the DagBag from /opt/airflow/dags/dag_with_python_dependencies.py
[2024-02-27T04:24:27.864+0000] {logging_mixin.py:188} INFO - [2024-02-27T04:24:27.864+0000] {dagbag.py:348} ERROR - Failed to import: /opt/airflow/dags/dag_with_python_dependencies.py
Traceback (most recent call last):
  File "/home/airflow/.local/lib/python3.8/site-packages/airflow/models/dagbag.py", line 344, in parse
    loader.exec_module(new_module)
  File "<frozen importlib._bootstrap_external>", line 839, in exec_module
  File "<frozen importlib._bootstrap_external>", line 976, in get_code
  File "<frozen importlib._bootstrap_external>", line 906, in source_to_code
  File "<frozen importlib._bootstrap>", line 219, in _call_with_frames_removed
  File "/opt/airflow/dags/dag_with_python_dependencies.py", line 38
    get_sklearn >>
                  ^
SyntaxError: invalid syntax
[2024-02-27T04:24:27.865+0000] {processor.py:842} WARNING - No viable dags retrieved from /opt/airflow/dags/dag_with_python_dependencies.py
[2024-02-27T04:24:27.887+0000] {processor.py:183} INFO - Processing /opt/airflow/dags/dag_with_python_dependencies.py took 0.033 seconds
[2024-02-27T04:24:30.879+0000] {processor.py:161} INFO - Started process (PID=139) to work on /opt/airflow/dags/dag_with_python_dependencies.py
[2024-02-27T04:24:30.880+0000] {processor.py:830} INFO - Processing file /opt/airflow/dags/dag_with_python_dependencies.py for tasks to queue
[2024-02-27T04:24:30.883+0000] {logging_mixin.py:188} INFO - [2024-02-27T04:24:30.882+0000] {dagbag.py:538} INFO - Filling up the DagBag from /opt/airflow/dags/dag_with_python_dependencies.py
[2024-02-27T04:24:30.897+0000] {processor.py:840} INFO - DAG(s) 'dag_with_python_dependencies_v02' retrieved from /opt/airflow/dags/dag_with_python_dependencies.py
[2024-02-27T04:24:31.110+0000] {logging_mixin.py:188} INFO - [2024-02-27T04:24:31.109+0000] {dag.py:3036} INFO - Sync 1 DAGs
[2024-02-27T04:24:31.138+0000] {logging_mixin.py:188} INFO - [2024-02-27T04:24:31.138+0000] {dag.py:3823} INFO - Setting next_dagrun for dag_with_python_dependencies_v02 to 2024-02-27 00:00:00+00:00, run_after=2024-02-28 00:00:00+00:00
[2024-02-27T04:24:31.173+0000] {processor.py:183} INFO - Processing /opt/airflow/dags/dag_with_python_dependencies.py took 0.297 seconds
[2024-02-27T04:24:47.580+0000] {processor.py:161} INFO - Started process (PID=153) to work on /opt/airflow/dags/dag_with_python_dependencies.py
[2024-02-27T04:24:47.581+0000] {processor.py:830} INFO - Processing file /opt/airflow/dags/dag_with_python_dependencies.py for tasks to queue
[2024-02-27T04:24:47.583+0000] {logging_mixin.py:188} INFO - [2024-02-27T04:24:47.582+0000] {dagbag.py:538} INFO - Filling up the DagBag from /opt/airflow/dags/dag_with_python_dependencies.py
[2024-02-27T04:24:47.594+0000] {processor.py:840} INFO - DAG(s) 'dag_with_python_dependencies_v03' retrieved from /opt/airflow/dags/dag_with_python_dependencies.py
[2024-02-27T04:24:47.753+0000] {logging_mixin.py:188} INFO - [2024-02-27T04:24:47.752+0000] {override.py:1769} INFO - Created Permission View: can read on DAG:dag_with_python_dependencies_v03
[2024-02-27T04:24:47.767+0000] {logging_mixin.py:188} INFO - [2024-02-27T04:24:47.767+0000] {override.py:1769} INFO - Created Permission View: can delete on DAG:dag_with_python_dependencies_v03
[2024-02-27T04:24:47.778+0000] {logging_mixin.py:188} INFO - [2024-02-27T04:24:47.778+0000] {override.py:1769} INFO - Created Permission View: can edit on DAG:dag_with_python_dependencies_v03
[2024-02-27T04:24:47.779+0000] {logging_mixin.py:188} INFO - [2024-02-27T04:24:47.779+0000] {dag.py:3036} INFO - Sync 1 DAGs
[2024-02-27T04:24:47.792+0000] {logging_mixin.py:188} INFO - [2024-02-27T04:24:47.792+0000] {dag.py:3058} INFO - Creating ORM DAG for dag_with_python_dependencies_v03
[2024-02-27T04:24:47.805+0000] {logging_mixin.py:188} INFO - [2024-02-27T04:24:47.804+0000] {dag.py:3823} INFO - Setting next_dagrun for dag_with_python_dependencies_v03 to 2024-02-23 00:00:00+00:00, run_after=2024-02-24 00:00:00+00:00
[2024-02-27T04:24:47.825+0000] {processor.py:183} INFO - Processing /opt/airflow/dags/dag_with_python_dependencies.py took 0.248 seconds
[2024-02-27T04:25:18.485+0000] {processor.py:161} INFO - Started process (PID=166) to work on /opt/airflow/dags/dag_with_python_dependencies.py
[2024-02-27T04:25:18.486+0000] {processor.py:830} INFO - Processing file /opt/airflow/dags/dag_with_python_dependencies.py for tasks to queue
[2024-02-27T04:25:18.487+0000] {logging_mixin.py:188} INFO - [2024-02-27T04:25:18.487+0000] {dagbag.py:538} INFO - Filling up the DagBag from /opt/airflow/dags/dag_with_python_dependencies.py
[2024-02-27T04:25:18.495+0000] {processor.py:840} INFO - DAG(s) 'dag_with_python_dependencies_v03' retrieved from /opt/airflow/dags/dag_with_python_dependencies.py
[2024-02-27T04:25:18.516+0000] {logging_mixin.py:188} INFO - [2024-02-27T04:25:18.515+0000] {dag.py:3036} INFO - Sync 1 DAGs
[2024-02-27T04:25:18.537+0000] {logging_mixin.py:188} INFO - [2024-02-27T04:25:18.537+0000] {dag.py:3823} INFO - Setting next_dagrun for dag_with_python_dependencies_v03 to 2024-02-27 00:00:00+00:00, run_after=2024-02-28 00:00:00+00:00
[2024-02-27T04:25:18.555+0000] {processor.py:183} INFO - Processing /opt/airflow/dags/dag_with_python_dependencies.py took 0.073 seconds
[2024-02-27T04:25:49.335+0000] {processor.py:161} INFO - Started process (PID=180) to work on /opt/airflow/dags/dag_with_python_dependencies.py
[2024-02-27T04:25:49.335+0000] {processor.py:830} INFO - Processing file /opt/airflow/dags/dag_with_python_dependencies.py for tasks to queue
[2024-02-27T04:25:49.337+0000] {logging_mixin.py:188} INFO - [2024-02-27T04:25:49.337+0000] {dagbag.py:538} INFO - Filling up the DagBag from /opt/airflow/dags/dag_with_python_dependencies.py
[2024-02-27T04:25:49.346+0000] {processor.py:840} INFO - DAG(s) 'dag_with_python_dependencies_v03' retrieved from /opt/airflow/dags/dag_with_python_dependencies.py
[2024-02-27T04:25:49.372+0000] {logging_mixin.py:188} INFO - [2024-02-27T04:25:49.372+0000] {dag.py:3036} INFO - Sync 1 DAGs
[2024-02-27T04:25:49.393+0000] {logging_mixin.py:188} INFO - [2024-02-27T04:25:49.393+0000] {dag.py:3823} INFO - Setting next_dagrun for dag_with_python_dependencies_v03 to 2024-02-27 00:00:00+00:00, run_after=2024-02-28 00:00:00+00:00
[2024-02-27T04:25:49.412+0000] {processor.py:183} INFO - Processing /opt/airflow/dags/dag_with_python_dependencies.py took 0.079 seconds
[2024-02-27T04:26:19.919+0000] {processor.py:161} INFO - Started process (PID=193) to work on /opt/airflow/dags/dag_with_python_dependencies.py
[2024-02-27T04:26:19.920+0000] {processor.py:830} INFO - Processing file /opt/airflow/dags/dag_with_python_dependencies.py for tasks to queue
[2024-02-27T04:26:19.922+0000] {logging_mixin.py:188} INFO - [2024-02-27T04:26:19.921+0000] {dagbag.py:538} INFO - Filling up the DagBag from /opt/airflow/dags/dag_with_python_dependencies.py
[2024-02-27T04:26:19.930+0000] {processor.py:840} INFO - DAG(s) 'dag_with_python_dependencies_v03' retrieved from /opt/airflow/dags/dag_with_python_dependencies.py
[2024-02-27T04:26:19.951+0000] {logging_mixin.py:188} INFO - [2024-02-27T04:26:19.951+0000] {dag.py:3036} INFO - Sync 1 DAGs
[2024-02-27T04:26:19.970+0000] {logging_mixin.py:188} INFO - [2024-02-27T04:26:19.969+0000] {dag.py:3823} INFO - Setting next_dagrun for dag_with_python_dependencies_v03 to 2024-02-27 00:00:00+00:00, run_after=2024-02-28 00:00:00+00:00
[2024-02-27T04:26:19.988+0000] {processor.py:183} INFO - Processing /opt/airflow/dags/dag_with_python_dependencies.py took 0.072 seconds
[2024-02-27T04:26:50.686+0000] {processor.py:161} INFO - Started process (PID=205) to work on /opt/airflow/dags/dag_with_python_dependencies.py
[2024-02-27T04:26:50.686+0000] {processor.py:830} INFO - Processing file /opt/airflow/dags/dag_with_python_dependencies.py for tasks to queue
[2024-02-27T04:26:50.687+0000] {logging_mixin.py:188} INFO - [2024-02-27T04:26:50.687+0000] {dagbag.py:538} INFO - Filling up the DagBag from /opt/airflow/dags/dag_with_python_dependencies.py
[2024-02-27T04:26:50.696+0000] {processor.py:840} INFO - DAG(s) 'dag_with_python_dependencies_v03' retrieved from /opt/airflow/dags/dag_with_python_dependencies.py
[2024-02-27T04:26:50.716+0000] {logging_mixin.py:188} INFO - [2024-02-27T04:26:50.716+0000] {dag.py:3036} INFO - Sync 1 DAGs
[2024-02-27T04:26:50.735+0000] {logging_mixin.py:188} INFO - [2024-02-27T04:26:50.734+0000] {dag.py:3823} INFO - Setting next_dagrun for dag_with_python_dependencies_v03 to 2024-02-27 00:00:00+00:00, run_after=2024-02-28 00:00:00+00:00
[2024-02-27T04:26:50.759+0000] {processor.py:183} INFO - Processing /opt/airflow/dags/dag_with_python_dependencies.py took 0.076 seconds
[2024-02-27T04:27:21.430+0000] {processor.py:161} INFO - Started process (PID=218) to work on /opt/airflow/dags/dag_with_python_dependencies.py
[2024-02-27T04:27:21.430+0000] {processor.py:830} INFO - Processing file /opt/airflow/dags/dag_with_python_dependencies.py for tasks to queue
[2024-02-27T04:27:21.431+0000] {logging_mixin.py:188} INFO - [2024-02-27T04:27:21.431+0000] {dagbag.py:538} INFO - Filling up the DagBag from /opt/airflow/dags/dag_with_python_dependencies.py
[2024-02-27T04:27:21.440+0000] {processor.py:840} INFO - DAG(s) 'dag_with_python_dependencies_v03' retrieved from /opt/airflow/dags/dag_with_python_dependencies.py
[2024-02-27T04:27:21.464+0000] {logging_mixin.py:188} INFO - [2024-02-27T04:27:21.464+0000] {dag.py:3036} INFO - Sync 1 DAGs
[2024-02-27T04:27:21.482+0000] {logging_mixin.py:188} INFO - [2024-02-27T04:27:21.481+0000] {dag.py:3823} INFO - Setting next_dagrun for dag_with_python_dependencies_v03 to 2024-02-27 00:00:00+00:00, run_after=2024-02-28 00:00:00+00:00
[2024-02-27T04:27:21.500+0000] {processor.py:183} INFO - Processing /opt/airflow/dags/dag_with_python_dependencies.py took 0.074 seconds
[2024-02-27T04:27:51.922+0000] {processor.py:161} INFO - Started process (PID=231) to work on /opt/airflow/dags/dag_with_python_dependencies.py
[2024-02-27T04:27:51.923+0000] {processor.py:830} INFO - Processing file /opt/airflow/dags/dag_with_python_dependencies.py for tasks to queue
[2024-02-27T04:27:51.924+0000] {logging_mixin.py:188} INFO - [2024-02-27T04:27:51.924+0000] {dagbag.py:538} INFO - Filling up the DagBag from /opt/airflow/dags/dag_with_python_dependencies.py
[2024-02-27T04:27:51.937+0000] {processor.py:840} INFO - DAG(s) 'dag_with_python_dependencies_v03' retrieved from /opt/airflow/dags/dag_with_python_dependencies.py
[2024-02-27T04:27:51.973+0000] {logging_mixin.py:188} INFO - [2024-02-27T04:27:51.972+0000] {dag.py:3036} INFO - Sync 1 DAGs
[2024-02-27T04:27:51.999+0000] {logging_mixin.py:188} INFO - [2024-02-27T04:27:51.999+0000] {dag.py:3823} INFO - Setting next_dagrun for dag_with_python_dependencies_v03 to 2024-02-27 00:00:00+00:00, run_after=2024-02-28 00:00:00+00:00
[2024-02-27T04:27:52.022+0000] {processor.py:183} INFO - Processing /opt/airflow/dags/dag_with_python_dependencies.py took 0.104 seconds
[2024-02-27T04:28:22.407+0000] {processor.py:161} INFO - Started process (PID=244) to work on /opt/airflow/dags/dag_with_python_dependencies.py
[2024-02-27T04:28:22.408+0000] {processor.py:830} INFO - Processing file /opt/airflow/dags/dag_with_python_dependencies.py for tasks to queue
[2024-02-27T04:28:22.409+0000] {logging_mixin.py:188} INFO - [2024-02-27T04:28:22.409+0000] {dagbag.py:538} INFO - Filling up the DagBag from /opt/airflow/dags/dag_with_python_dependencies.py
[2024-02-27T04:28:22.421+0000] {processor.py:840} INFO - DAG(s) 'dag_with_python_dependencies_v03' retrieved from /opt/airflow/dags/dag_with_python_dependencies.py
[2024-02-27T04:28:22.451+0000] {logging_mixin.py:188} INFO - [2024-02-27T04:28:22.451+0000] {dag.py:3036} INFO - Sync 1 DAGs
[2024-02-27T04:28:22.481+0000] {logging_mixin.py:188} INFO - [2024-02-27T04:28:22.481+0000] {dag.py:3823} INFO - Setting next_dagrun for dag_with_python_dependencies_v03 to 2024-02-27 00:00:00+00:00, run_after=2024-02-28 00:00:00+00:00
[2024-02-27T04:28:22.505+0000] {processor.py:183} INFO - Processing /opt/airflow/dags/dag_with_python_dependencies.py took 0.101 seconds
[2024-02-27T04:28:52.812+0000] {processor.py:161} INFO - Started process (PID=258) to work on /opt/airflow/dags/dag_with_python_dependencies.py
[2024-02-27T04:28:52.813+0000] {processor.py:830} INFO - Processing file /opt/airflow/dags/dag_with_python_dependencies.py for tasks to queue
[2024-02-27T04:28:52.814+0000] {logging_mixin.py:188} INFO - [2024-02-27T04:28:52.813+0000] {dagbag.py:538} INFO - Filling up the DagBag from /opt/airflow/dags/dag_with_python_dependencies.py
[2024-02-27T04:28:52.822+0000] {processor.py:840} INFO - DAG(s) 'dag_with_python_dependencies_v03' retrieved from /opt/airflow/dags/dag_with_python_dependencies.py
[2024-02-27T04:28:52.842+0000] {logging_mixin.py:188} INFO - [2024-02-27T04:28:52.842+0000] {dag.py:3036} INFO - Sync 1 DAGs
[2024-02-27T04:28:52.861+0000] {logging_mixin.py:188} INFO - [2024-02-27T04:28:52.860+0000] {dag.py:3823} INFO - Setting next_dagrun for dag_with_python_dependencies_v03 to 2024-02-27 00:00:00+00:00, run_after=2024-02-28 00:00:00+00:00
[2024-02-27T04:28:52.881+0000] {processor.py:183} INFO - Processing /opt/airflow/dags/dag_with_python_dependencies.py took 0.073 seconds
[2024-02-27T04:29:23.292+0000] {processor.py:161} INFO - Started process (PID=271) to work on /opt/airflow/dags/dag_with_python_dependencies.py
[2024-02-27T04:29:23.293+0000] {processor.py:830} INFO - Processing file /opt/airflow/dags/dag_with_python_dependencies.py for tasks to queue
[2024-02-27T04:29:23.294+0000] {logging_mixin.py:188} INFO - [2024-02-27T04:29:23.294+0000] {dagbag.py:538} INFO - Filling up the DagBag from /opt/airflow/dags/dag_with_python_dependencies.py
[2024-02-27T04:29:23.303+0000] {processor.py:840} INFO - DAG(s) 'dag_with_python_dependencies_v03' retrieved from /opt/airflow/dags/dag_with_python_dependencies.py
[2024-02-27T04:29:23.324+0000] {logging_mixin.py:188} INFO - [2024-02-27T04:29:23.323+0000] {dag.py:3036} INFO - Sync 1 DAGs
[2024-02-27T04:29:23.349+0000] {logging_mixin.py:188} INFO - [2024-02-27T04:29:23.349+0000] {dag.py:3823} INFO - Setting next_dagrun for dag_with_python_dependencies_v03 to 2024-02-27 00:00:00+00:00, run_after=2024-02-28 00:00:00+00:00
[2024-02-27T04:29:23.367+0000] {processor.py:183} INFO - Processing /opt/airflow/dags/dag_with_python_dependencies.py took 0.078 seconds
[2024-02-27T04:29:53.839+0000] {processor.py:161} INFO - Started process (PID=284) to work on /opt/airflow/dags/dag_with_python_dependencies.py
[2024-02-27T04:29:53.840+0000] {processor.py:830} INFO - Processing file /opt/airflow/dags/dag_with_python_dependencies.py for tasks to queue
[2024-02-27T04:29:53.840+0000] {logging_mixin.py:188} INFO - [2024-02-27T04:29:53.840+0000] {dagbag.py:538} INFO - Filling up the DagBag from /opt/airflow/dags/dag_with_python_dependencies.py
[2024-02-27T04:29:53.849+0000] {processor.py:840} INFO - DAG(s) 'dag_with_python_dependencies_v03' retrieved from /opt/airflow/dags/dag_with_python_dependencies.py
[2024-02-27T04:29:53.872+0000] {logging_mixin.py:188} INFO - [2024-02-27T04:29:53.872+0000] {dag.py:3036} INFO - Sync 1 DAGs
[2024-02-27T04:29:53.890+0000] {logging_mixin.py:188} INFO - [2024-02-27T04:29:53.890+0000] {dag.py:3823} INFO - Setting next_dagrun for dag_with_python_dependencies_v03 to 2024-02-27 00:00:00+00:00, run_after=2024-02-28 00:00:00+00:00
[2024-02-27T04:29:53.908+0000] {processor.py:183} INFO - Processing /opt/airflow/dags/dag_with_python_dependencies.py took 0.073 seconds
[2024-02-27T04:30:24.609+0000] {processor.py:161} INFO - Started process (PID=297) to work on /opt/airflow/dags/dag_with_python_dependencies.py
[2024-02-27T04:30:24.611+0000] {processor.py:830} INFO - Processing file /opt/airflow/dags/dag_with_python_dependencies.py for tasks to queue
[2024-02-27T04:30:24.612+0000] {logging_mixin.py:188} INFO - [2024-02-27T04:30:24.612+0000] {dagbag.py:538} INFO - Filling up the DagBag from /opt/airflow/dags/dag_with_python_dependencies.py
[2024-02-27T04:30:24.626+0000] {processor.py:840} INFO - DAG(s) 'dag_with_python_dependencies_v03' retrieved from /opt/airflow/dags/dag_with_python_dependencies.py
[2024-02-27T04:30:24.700+0000] {logging_mixin.py:188} INFO - [2024-02-27T04:30:24.700+0000] {dag.py:3036} INFO - Sync 1 DAGs
[2024-02-27T04:30:24.732+0000] {logging_mixin.py:188} INFO - [2024-02-27T04:30:24.732+0000] {dag.py:3823} INFO - Setting next_dagrun for dag_with_python_dependencies_v03 to 2024-02-27 00:00:00+00:00, run_after=2024-02-28 00:00:00+00:00
[2024-02-27T04:30:24.756+0000] {processor.py:183} INFO - Processing /opt/airflow/dags/dag_with_python_dependencies.py took 0.151 seconds
[2024-02-27T04:30:55.479+0000] {processor.py:161} INFO - Started process (PID=310) to work on /opt/airflow/dags/dag_with_python_dependencies.py
[2024-02-27T04:30:55.480+0000] {processor.py:830} INFO - Processing file /opt/airflow/dags/dag_with_python_dependencies.py for tasks to queue
[2024-02-27T04:30:55.481+0000] {logging_mixin.py:188} INFO - [2024-02-27T04:30:55.480+0000] {dagbag.py:538} INFO - Filling up the DagBag from /opt/airflow/dags/dag_with_python_dependencies.py
[2024-02-27T04:30:55.489+0000] {processor.py:840} INFO - DAG(s) 'dag_with_python_dependencies_v03' retrieved from /opt/airflow/dags/dag_with_python_dependencies.py
[2024-02-27T04:30:55.510+0000] {logging_mixin.py:188} INFO - [2024-02-27T04:30:55.510+0000] {dag.py:3036} INFO - Sync 1 DAGs
[2024-02-27T04:30:55.527+0000] {logging_mixin.py:188} INFO - [2024-02-27T04:30:55.527+0000] {dag.py:3823} INFO - Setting next_dagrun for dag_with_python_dependencies_v03 to 2024-02-27 00:00:00+00:00, run_after=2024-02-28 00:00:00+00:00
[2024-02-27T04:30:55.546+0000] {processor.py:183} INFO - Processing /opt/airflow/dags/dag_with_python_dependencies.py took 0.070 seconds
[2024-02-27T04:31:26.000+0000] {processor.py:161} INFO - Started process (PID=324) to work on /opt/airflow/dags/dag_with_python_dependencies.py
[2024-02-27T04:31:26.001+0000] {processor.py:830} INFO - Processing file /opt/airflow/dags/dag_with_python_dependencies.py for tasks to queue
[2024-02-27T04:31:26.002+0000] {logging_mixin.py:188} INFO - [2024-02-27T04:31:26.002+0000] {dagbag.py:538} INFO - Filling up the DagBag from /opt/airflow/dags/dag_with_python_dependencies.py
[2024-02-27T04:31:26.013+0000] {processor.py:840} INFO - DAG(s) 'dag_with_python_dependencies_v03' retrieved from /opt/airflow/dags/dag_with_python_dependencies.py
[2024-02-27T04:31:26.035+0000] {logging_mixin.py:188} INFO - [2024-02-27T04:31:26.035+0000] {dag.py:3036} INFO - Sync 1 DAGs
[2024-02-27T04:31:26.054+0000] {logging_mixin.py:188} INFO - [2024-02-27T04:31:26.054+0000] {dag.py:3823} INFO - Setting next_dagrun for dag_with_python_dependencies_v03 to 2024-02-27 00:00:00+00:00, run_after=2024-02-28 00:00:00+00:00
[2024-02-27T04:31:26.072+0000] {processor.py:183} INFO - Processing /opt/airflow/dags/dag_with_python_dependencies.py took 0.075 seconds
[2024-02-27T04:31:56.649+0000] {processor.py:161} INFO - Started process (PID=336) to work on /opt/airflow/dags/dag_with_python_dependencies.py
[2024-02-27T04:31:56.650+0000] {processor.py:830} INFO - Processing file /opt/airflow/dags/dag_with_python_dependencies.py for tasks to queue
[2024-02-27T04:31:56.651+0000] {logging_mixin.py:188} INFO - [2024-02-27T04:31:56.651+0000] {dagbag.py:538} INFO - Filling up the DagBag from /opt/airflow/dags/dag_with_python_dependencies.py
[2024-02-27T04:31:56.669+0000] {processor.py:840} INFO - DAG(s) 'dag_with_python_dependencies_v03' retrieved from /opt/airflow/dags/dag_with_python_dependencies.py
[2024-02-27T04:31:56.698+0000] {logging_mixin.py:188} INFO - [2024-02-27T04:31:56.697+0000] {dag.py:3036} INFO - Sync 1 DAGs
[2024-02-27T04:31:56.716+0000] {logging_mixin.py:188} INFO - [2024-02-27T04:31:56.716+0000] {dag.py:3823} INFO - Setting next_dagrun for dag_with_python_dependencies_v03 to 2024-02-27 00:00:00+00:00, run_after=2024-02-28 00:00:00+00:00
[2024-02-27T04:31:56.733+0000] {processor.py:183} INFO - Processing /opt/airflow/dags/dag_with_python_dependencies.py took 0.088 seconds
