[2024-02-27T04:13:14.647+0000] {processor.py:161} INFO - Started process (PID=36) to work on /opt/airflow/dags/dag_with_postgres_operator.py
[2024-02-27T04:13:14.648+0000] {processor.py:830} INFO - Processing file /opt/airflow/dags/dag_with_postgres_operator.py for tasks to queue
[2024-02-27T04:13:14.649+0000] {logging_mixin.py:188} INFO - [2024-02-27T04:13:14.649+0000] {dagbag.py:538} INFO - Filling up the DagBag from /opt/airflow/dags/dag_with_postgres_operator.py
[2024-02-27T04:13:14.727+0000] {processor.py:840} INFO - DAG(s) 'dag_with_postgres_operator_v08' retrieved from /opt/airflow/dags/dag_with_postgres_operator.py
[2024-02-27T04:13:15.462+0000] {logging_mixin.py:188} INFO - [2024-02-27T04:13:15.461+0000] {dag.py:3036} INFO - Sync 1 DAGs
[2024-02-27T04:13:15.668+0000] {logging_mixin.py:188} INFO - [2024-02-27T04:13:15.668+0000] {dag.py:3823} INFO - Setting next_dagrun for dag_with_postgres_operator_v08 to 2024-02-19 00:00:00+00:00, run_after=2024-02-20 00:00:00+00:00
[2024-02-27T04:13:16.006+0000] {processor.py:183} INFO - Processing /opt/airflow/dags/dag_with_postgres_operator.py took 1.373 seconds
[2024-02-27T04:13:46.203+0000] {processor.py:161} INFO - Started process (PID=50) to work on /opt/airflow/dags/dag_with_postgres_operator.py
[2024-02-27T04:13:46.213+0000] {processor.py:830} INFO - Processing file /opt/airflow/dags/dag_with_postgres_operator.py for tasks to queue
[2024-02-27T04:13:46.236+0000] {logging_mixin.py:188} INFO - [2024-02-27T04:13:46.236+0000] {dagbag.py:538} INFO - Filling up the DagBag from /opt/airflow/dags/dag_with_postgres_operator.py
[2024-02-27T04:13:46.333+0000] {processor.py:840} INFO - DAG(s) 'dag_with_postgres_operator_v08' retrieved from /opt/airflow/dags/dag_with_postgres_operator.py
[2024-02-27T04:13:46.547+0000] {logging_mixin.py:188} INFO - [2024-02-27T04:13:46.547+0000] {dag.py:3036} INFO - Sync 1 DAGs
[2024-02-27T04:13:46.681+0000] {logging_mixin.py:188} INFO - [2024-02-27T04:13:46.680+0000] {dag.py:3823} INFO - Setting next_dagrun for dag_with_postgres_operator_v08 to 2024-02-27 00:00:00+00:00, run_after=2024-02-28 00:00:00+00:00
[2024-02-27T04:13:46.765+0000] {processor.py:183} INFO - Processing /opt/airflow/dags/dag_with_postgres_operator.py took 0.600 seconds
[2024-02-27T04:14:17.642+0000] {processor.py:161} INFO - Started process (PID=63) to work on /opt/airflow/dags/dag_with_postgres_operator.py
[2024-02-27T04:14:17.643+0000] {processor.py:830} INFO - Processing file /opt/airflow/dags/dag_with_postgres_operator.py for tasks to queue
[2024-02-27T04:14:17.646+0000] {logging_mixin.py:188} INFO - [2024-02-27T04:14:17.645+0000] {dagbag.py:538} INFO - Filling up the DagBag from /opt/airflow/dags/dag_with_postgres_operator.py
[2024-02-27T04:14:17.664+0000] {processor.py:840} INFO - DAG(s) 'dag_with_postgres_operator_v08' retrieved from /opt/airflow/dags/dag_with_postgres_operator.py
[2024-02-27T04:14:17.700+0000] {logging_mixin.py:188} INFO - [2024-02-27T04:14:17.699+0000] {dag.py:3036} INFO - Sync 1 DAGs
[2024-02-27T04:14:17.722+0000] {logging_mixin.py:188} INFO - [2024-02-27T04:14:17.722+0000] {dag.py:3823} INFO - Setting next_dagrun for dag_with_postgres_operator_v08 to 2024-02-27 00:00:00+00:00, run_after=2024-02-28 00:00:00+00:00
[2024-02-27T04:14:17.758+0000] {processor.py:183} INFO - Processing /opt/airflow/dags/dag_with_postgres_operator.py took 0.118 seconds
[2024-02-27T04:14:48.124+0000] {processor.py:161} INFO - Started process (PID=83) to work on /opt/airflow/dags/dag_with_postgres_operator.py
[2024-02-27T04:14:48.126+0000] {processor.py:830} INFO - Processing file /opt/airflow/dags/dag_with_postgres_operator.py for tasks to queue
[2024-02-27T04:14:48.128+0000] {logging_mixin.py:188} INFO - [2024-02-27T04:14:48.127+0000] {dagbag.py:538} INFO - Filling up the DagBag from /opt/airflow/dags/dag_with_postgres_operator.py
[2024-02-27T04:14:48.140+0000] {processor.py:840} INFO - DAG(s) 'dag_with_postgres_operator_v08' retrieved from /opt/airflow/dags/dag_with_postgres_operator.py
[2024-02-27T04:14:48.163+0000] {logging_mixin.py:188} INFO - [2024-02-27T04:14:48.163+0000] {dag.py:3036} INFO - Sync 1 DAGs
[2024-02-27T04:14:48.181+0000] {logging_mixin.py:188} INFO - [2024-02-27T04:14:48.181+0000] {dag.py:3823} INFO - Setting next_dagrun for dag_with_postgres_operator_v08 to 2024-02-27 00:00:00+00:00, run_after=2024-02-28 00:00:00+00:00
[2024-02-27T04:14:48.200+0000] {processor.py:183} INFO - Processing /opt/airflow/dags/dag_with_postgres_operator.py took 0.081 seconds
[2024-02-27T04:15:18.392+0000] {processor.py:161} INFO - Started process (PID=99) to work on /opt/airflow/dags/dag_with_postgres_operator.py
[2024-02-27T04:15:18.393+0000] {processor.py:830} INFO - Processing file /opt/airflow/dags/dag_with_postgres_operator.py for tasks to queue
[2024-02-27T04:15:18.397+0000] {logging_mixin.py:188} INFO - [2024-02-27T04:15:18.395+0000] {dagbag.py:538} INFO - Filling up the DagBag from /opt/airflow/dags/dag_with_postgres_operator.py
[2024-02-27T04:15:18.439+0000] {processor.py:840} INFO - DAG(s) 'dag_with_postgres_operator_v08' retrieved from /opt/airflow/dags/dag_with_postgres_operator.py
[2024-02-27T04:15:18.518+0000] {logging_mixin.py:188} INFO - [2024-02-27T04:15:18.518+0000] {dag.py:3036} INFO - Sync 1 DAGs
[2024-02-27T04:15:18.554+0000] {logging_mixin.py:188} INFO - [2024-02-27T04:15:18.554+0000] {dag.py:3823} INFO - Setting next_dagrun for dag_with_postgres_operator_v08 to 2024-02-27 00:00:00+00:00, run_after=2024-02-28 00:00:00+00:00
[2024-02-27T04:15:18.584+0000] {processor.py:183} INFO - Processing /opt/airflow/dags/dag_with_postgres_operator.py took 0.197 seconds
[2024-02-27T04:15:49.296+0000] {processor.py:161} INFO - Started process (PID=115) to work on /opt/airflow/dags/dag_with_postgres_operator.py
[2024-02-27T04:15:49.298+0000] {processor.py:830} INFO - Processing file /opt/airflow/dags/dag_with_postgres_operator.py for tasks to queue
[2024-02-27T04:15:49.299+0000] {logging_mixin.py:188} INFO - [2024-02-27T04:15:49.299+0000] {dagbag.py:538} INFO - Filling up the DagBag from /opt/airflow/dags/dag_with_postgres_operator.py
[2024-02-27T04:15:49.348+0000] {processor.py:840} INFO - DAG(s) 'dag_with_postgres_operator_v08' retrieved from /opt/airflow/dags/dag_with_postgres_operator.py
[2024-02-27T04:15:49.437+0000] {logging_mixin.py:188} INFO - [2024-02-27T04:15:49.436+0000] {dag.py:3036} INFO - Sync 1 DAGs
[2024-02-27T04:15:49.507+0000] {logging_mixin.py:188} INFO - [2024-02-27T04:15:49.507+0000] {dag.py:3823} INFO - Setting next_dagrun for dag_with_postgres_operator_v08 to 2024-02-27 00:00:00+00:00, run_after=2024-02-28 00:00:00+00:00
[2024-02-27T04:15:49.538+0000] {processor.py:183} INFO - Processing /opt/airflow/dags/dag_with_postgres_operator.py took 0.253 seconds
[2024-02-27T04:16:20.281+0000] {processor.py:161} INFO - Started process (PID=129) to work on /opt/airflow/dags/dag_with_postgres_operator.py
[2024-02-27T04:16:20.282+0000] {processor.py:830} INFO - Processing file /opt/airflow/dags/dag_with_postgres_operator.py for tasks to queue
[2024-02-27T04:16:20.284+0000] {logging_mixin.py:188} INFO - [2024-02-27T04:16:20.284+0000] {dagbag.py:538} INFO - Filling up the DagBag from /opt/airflow/dags/dag_with_postgres_operator.py
[2024-02-27T04:16:20.296+0000] {processor.py:840} INFO - DAG(s) 'dag_with_postgres_operator_v08' retrieved from /opt/airflow/dags/dag_with_postgres_operator.py
[2024-02-27T04:16:20.324+0000] {logging_mixin.py:188} INFO - [2024-02-27T04:16:20.324+0000] {dag.py:3036} INFO - Sync 1 DAGs
[2024-02-27T04:16:20.343+0000] {logging_mixin.py:188} INFO - [2024-02-27T04:16:20.343+0000] {dag.py:3823} INFO - Setting next_dagrun for dag_with_postgres_operator_v08 to 2024-02-27 00:00:00+00:00, run_after=2024-02-28 00:00:00+00:00
[2024-02-27T04:16:20.361+0000] {processor.py:183} INFO - Processing /opt/airflow/dags/dag_with_postgres_operator.py took 0.084 seconds
[2024-02-27T04:16:50.972+0000] {processor.py:161} INFO - Started process (PID=142) to work on /opt/airflow/dags/dag_with_postgres_operator.py
[2024-02-27T04:16:50.973+0000] {processor.py:830} INFO - Processing file /opt/airflow/dags/dag_with_postgres_operator.py for tasks to queue
[2024-02-27T04:16:50.974+0000] {logging_mixin.py:188} INFO - [2024-02-27T04:16:50.974+0000] {dagbag.py:538} INFO - Filling up the DagBag from /opt/airflow/dags/dag_with_postgres_operator.py
[2024-02-27T04:16:50.983+0000] {processor.py:840} INFO - DAG(s) 'dag_with_postgres_operator_v08' retrieved from /opt/airflow/dags/dag_with_postgres_operator.py
[2024-02-27T04:16:51.007+0000] {logging_mixin.py:188} INFO - [2024-02-27T04:16:51.007+0000] {dag.py:3036} INFO - Sync 1 DAGs
[2024-02-27T04:16:51.025+0000] {logging_mixin.py:188} INFO - [2024-02-27T04:16:51.025+0000] {dag.py:3823} INFO - Setting next_dagrun for dag_with_postgres_operator_v08 to 2024-02-27 00:00:00+00:00, run_after=2024-02-28 00:00:00+00:00
[2024-02-27T04:16:51.045+0000] {processor.py:183} INFO - Processing /opt/airflow/dags/dag_with_postgres_operator.py took 0.075 seconds
[2024-02-27T04:17:21.727+0000] {processor.py:161} INFO - Started process (PID=156) to work on /opt/airflow/dags/dag_with_postgres_operator.py
[2024-02-27T04:17:21.733+0000] {processor.py:830} INFO - Processing file /opt/airflow/dags/dag_with_postgres_operator.py for tasks to queue
[2024-02-27T04:17:21.735+0000] {logging_mixin.py:188} INFO - [2024-02-27T04:17:21.734+0000] {dagbag.py:538} INFO - Filling up the DagBag from /opt/airflow/dags/dag_with_postgres_operator.py
[2024-02-27T04:17:21.774+0000] {processor.py:840} INFO - DAG(s) 'dag_with_postgres_operator_v08' retrieved from /opt/airflow/dags/dag_with_postgres_operator.py
[2024-02-27T04:17:21.866+0000] {logging_mixin.py:188} INFO - [2024-02-27T04:17:21.866+0000] {dag.py:3036} INFO - Sync 1 DAGs
[2024-02-27T04:17:21.963+0000] {logging_mixin.py:188} INFO - [2024-02-27T04:17:21.963+0000] {dag.py:3823} INFO - Setting next_dagrun for dag_with_postgres_operator_v08 to 2024-02-27 00:00:00+00:00, run_after=2024-02-28 00:00:00+00:00
[2024-02-27T04:17:22.025+0000] {processor.py:183} INFO - Processing /opt/airflow/dags/dag_with_postgres_operator.py took 0.301 seconds
[2024-02-27T04:17:52.310+0000] {processor.py:161} INFO - Started process (PID=169) to work on /opt/airflow/dags/dag_with_postgres_operator.py
[2024-02-27T04:17:52.311+0000] {processor.py:830} INFO - Processing file /opt/airflow/dags/dag_with_postgres_operator.py for tasks to queue
[2024-02-27T04:17:52.313+0000] {logging_mixin.py:188} INFO - [2024-02-27T04:17:52.313+0000] {dagbag.py:538} INFO - Filling up the DagBag from /opt/airflow/dags/dag_with_postgres_operator.py
[2024-02-27T04:17:52.326+0000] {processor.py:840} INFO - DAG(s) 'dag_with_postgres_operator_v08' retrieved from /opt/airflow/dags/dag_with_postgres_operator.py
[2024-02-27T04:17:52.359+0000] {logging_mixin.py:188} INFO - [2024-02-27T04:17:52.359+0000] {dag.py:3036} INFO - Sync 1 DAGs
[2024-02-27T04:17:52.389+0000] {logging_mixin.py:188} INFO - [2024-02-27T04:17:52.389+0000] {dag.py:3823} INFO - Setting next_dagrun for dag_with_postgres_operator_v08 to 2024-02-27 00:00:00+00:00, run_after=2024-02-28 00:00:00+00:00
[2024-02-27T04:17:52.418+0000] {processor.py:183} INFO - Processing /opt/airflow/dags/dag_with_postgres_operator.py took 0.112 seconds
[2024-02-27T04:18:22.545+0000] {processor.py:161} INFO - Started process (PID=182) to work on /opt/airflow/dags/dag_with_postgres_operator.py
[2024-02-27T04:18:22.546+0000] {processor.py:830} INFO - Processing file /opt/airflow/dags/dag_with_postgres_operator.py for tasks to queue
[2024-02-27T04:18:22.548+0000] {logging_mixin.py:188} INFO - [2024-02-27T04:18:22.547+0000] {dagbag.py:538} INFO - Filling up the DagBag from /opt/airflow/dags/dag_with_postgres_operator.py
[2024-02-27T04:18:22.601+0000] {processor.py:840} INFO - DAG(s) 'dag_with_postgres_operator_v08' retrieved from /opt/airflow/dags/dag_with_postgres_operator.py
[2024-02-27T04:18:22.647+0000] {logging_mixin.py:188} INFO - [2024-02-27T04:18:22.646+0000] {dag.py:3036} INFO - Sync 1 DAGs
[2024-02-27T04:18:22.700+0000] {logging_mixin.py:188} INFO - [2024-02-27T04:18:22.699+0000] {dag.py:3823} INFO - Setting next_dagrun for dag_with_postgres_operator_v08 to 2024-02-27 00:00:00+00:00, run_after=2024-02-28 00:00:00+00:00
[2024-02-27T04:18:22.726+0000] {processor.py:183} INFO - Processing /opt/airflow/dags/dag_with_postgres_operator.py took 0.184 seconds
[2024-02-27T04:18:52.768+0000] {processor.py:161} INFO - Started process (PID=195) to work on /opt/airflow/dags/dag_with_postgres_operator.py
[2024-02-27T04:18:52.769+0000] {processor.py:830} INFO - Processing file /opt/airflow/dags/dag_with_postgres_operator.py for tasks to queue
[2024-02-27T04:18:52.769+0000] {logging_mixin.py:188} INFO - [2024-02-27T04:18:52.769+0000] {dagbag.py:538} INFO - Filling up the DagBag from /opt/airflow/dags/dag_with_postgres_operator.py
[2024-02-27T04:18:52.780+0000] {processor.py:840} INFO - DAG(s) 'dag_with_postgres_operator_v08' retrieved from /opt/airflow/dags/dag_with_postgres_operator.py
[2024-02-27T04:18:52.802+0000] {logging_mixin.py:188} INFO - [2024-02-27T04:18:52.802+0000] {dag.py:3036} INFO - Sync 1 DAGs
[2024-02-27T04:18:52.821+0000] {logging_mixin.py:188} INFO - [2024-02-27T04:18:52.821+0000] {dag.py:3823} INFO - Setting next_dagrun for dag_with_postgres_operator_v08 to 2024-02-27 00:00:00+00:00, run_after=2024-02-28 00:00:00+00:00
[2024-02-27T04:18:52.839+0000] {processor.py:183} INFO - Processing /opt/airflow/dags/dag_with_postgres_operator.py took 0.074 seconds
[2024-02-27T04:19:22.886+0000] {processor.py:161} INFO - Started process (PID=207) to work on /opt/airflow/dags/dag_with_postgres_operator.py
[2024-02-27T04:19:22.888+0000] {processor.py:830} INFO - Processing file /opt/airflow/dags/dag_with_postgres_operator.py for tasks to queue
[2024-02-27T04:19:22.889+0000] {logging_mixin.py:188} INFO - [2024-02-27T04:19:22.889+0000] {dagbag.py:538} INFO - Filling up the DagBag from /opt/airflow/dags/dag_with_postgres_operator.py
[2024-02-27T04:19:22.902+0000] {processor.py:840} INFO - DAG(s) 'dag_with_postgres_operator_v08' retrieved from /opt/airflow/dags/dag_with_postgres_operator.py
[2024-02-27T04:19:22.941+0000] {logging_mixin.py:188} INFO - [2024-02-27T04:19:22.941+0000] {dag.py:3036} INFO - Sync 1 DAGs
[2024-02-27T04:19:23.010+0000] {logging_mixin.py:188} INFO - [2024-02-27T04:19:23.010+0000] {dag.py:3823} INFO - Setting next_dagrun for dag_with_postgres_operator_v08 to 2024-02-27 00:00:00+00:00, run_after=2024-02-28 00:00:00+00:00
[2024-02-27T04:19:23.053+0000] {processor.py:183} INFO - Processing /opt/airflow/dags/dag_with_postgres_operator.py took 0.170 seconds
[2024-02-27T04:20:31.249+0000] {processor.py:161} INFO - Started process (PID=35) to work on /opt/airflow/dags/dag_with_postgres_operator.py
[2024-02-27T04:20:31.257+0000] {processor.py:830} INFO - Processing file /opt/airflow/dags/dag_with_postgres_operator.py for tasks to queue
[2024-02-27T04:20:31.265+0000] {logging_mixin.py:188} INFO - [2024-02-27T04:20:31.265+0000] {dagbag.py:538} INFO - Filling up the DagBag from /opt/airflow/dags/dag_with_postgres_operator.py
[2024-02-27T04:20:31.344+0000] {processor.py:840} INFO - DAG(s) 'dag_with_postgres_operator_v08' retrieved from /opt/airflow/dags/dag_with_postgres_operator.py
[2024-02-27T04:20:31.981+0000] {logging_mixin.py:188} INFO - [2024-02-27T04:20:31.980+0000] {dag.py:3036} INFO - Sync 1 DAGs
[2024-02-27T04:20:32.038+0000] {logging_mixin.py:188} INFO - [2024-02-27T04:20:32.037+0000] {dag.py:3823} INFO - Setting next_dagrun for dag_with_postgres_operator_v08 to 2024-02-27 00:00:00+00:00, run_after=2024-02-28 00:00:00+00:00
[2024-02-27T04:20:32.083+0000] {processor.py:183} INFO - Processing /opt/airflow/dags/dag_with_postgres_operator.py took 0.849 seconds
[2024-02-27T04:21:02.219+0000] {processor.py:161} INFO - Started process (PID=48) to work on /opt/airflow/dags/dag_with_postgres_operator.py
[2024-02-27T04:21:02.220+0000] {processor.py:830} INFO - Processing file /opt/airflow/dags/dag_with_postgres_operator.py for tasks to queue
[2024-02-27T04:21:02.222+0000] {logging_mixin.py:188} INFO - [2024-02-27T04:21:02.222+0000] {dagbag.py:538} INFO - Filling up the DagBag from /opt/airflow/dags/dag_with_postgres_operator.py
[2024-02-27T04:21:02.236+0000] {processor.py:840} INFO - DAG(s) 'dag_with_postgres_operator_v08' retrieved from /opt/airflow/dags/dag_with_postgres_operator.py
[2024-02-27T04:21:02.354+0000] {logging_mixin.py:188} INFO - [2024-02-27T04:21:02.354+0000] {dag.py:3036} INFO - Sync 1 DAGs
[2024-02-27T04:21:02.383+0000] {logging_mixin.py:188} INFO - [2024-02-27T04:21:02.383+0000] {dag.py:3823} INFO - Setting next_dagrun for dag_with_postgres_operator_v08 to 2024-02-27 00:00:00+00:00, run_after=2024-02-28 00:00:00+00:00
[2024-02-27T04:21:02.407+0000] {processor.py:183} INFO - Processing /opt/airflow/dags/dag_with_postgres_operator.py took 0.192 seconds
[2024-02-27T04:21:32.769+0000] {processor.py:161} INFO - Started process (PID=61) to work on /opt/airflow/dags/dag_with_postgres_operator.py
[2024-02-27T04:21:32.770+0000] {processor.py:830} INFO - Processing file /opt/airflow/dags/dag_with_postgres_operator.py for tasks to queue
[2024-02-27T04:21:32.772+0000] {logging_mixin.py:188} INFO - [2024-02-27T04:21:32.771+0000] {dagbag.py:538} INFO - Filling up the DagBag from /opt/airflow/dags/dag_with_postgres_operator.py
[2024-02-27T04:21:32.788+0000] {processor.py:840} INFO - DAG(s) 'dag_with_postgres_operator_v08' retrieved from /opt/airflow/dags/dag_with_postgres_operator.py
[2024-02-27T04:21:32.818+0000] {logging_mixin.py:188} INFO - [2024-02-27T04:21:32.818+0000] {dag.py:3036} INFO - Sync 1 DAGs
[2024-02-27T04:21:32.847+0000] {logging_mixin.py:188} INFO - [2024-02-27T04:21:32.847+0000] {dag.py:3823} INFO - Setting next_dagrun for dag_with_postgres_operator_v08 to 2024-02-27 00:00:00+00:00, run_after=2024-02-28 00:00:00+00:00
[2024-02-27T04:21:32.871+0000] {processor.py:183} INFO - Processing /opt/airflow/dags/dag_with_postgres_operator.py took 0.106 seconds
[2024-02-27T04:22:03.582+0000] {processor.py:161} INFO - Started process (PID=74) to work on /opt/airflow/dags/dag_with_postgres_operator.py
[2024-02-27T04:22:03.583+0000] {processor.py:830} INFO - Processing file /opt/airflow/dags/dag_with_postgres_operator.py for tasks to queue
[2024-02-27T04:22:03.585+0000] {logging_mixin.py:188} INFO - [2024-02-27T04:22:03.585+0000] {dagbag.py:538} INFO - Filling up the DagBag from /opt/airflow/dags/dag_with_postgres_operator.py
[2024-02-27T04:22:03.598+0000] {processor.py:840} INFO - DAG(s) 'dag_with_postgres_operator_v08' retrieved from /opt/airflow/dags/dag_with_postgres_operator.py
[2024-02-27T04:22:03.627+0000] {logging_mixin.py:188} INFO - [2024-02-27T04:22:03.626+0000] {dag.py:3036} INFO - Sync 1 DAGs
[2024-02-27T04:22:03.654+0000] {logging_mixin.py:188} INFO - [2024-02-27T04:22:03.654+0000] {dag.py:3823} INFO - Setting next_dagrun for dag_with_postgres_operator_v08 to 2024-02-27 00:00:00+00:00, run_after=2024-02-28 00:00:00+00:00
[2024-02-27T04:22:03.676+0000] {processor.py:183} INFO - Processing /opt/airflow/dags/dag_with_postgres_operator.py took 0.098 seconds
[2024-02-27T04:22:34.521+0000] {processor.py:161} INFO - Started process (PID=87) to work on /opt/airflow/dags/dag_with_postgres_operator.py
[2024-02-27T04:22:34.588+0000] {processor.py:830} INFO - Processing file /opt/airflow/dags/dag_with_postgres_operator.py for tasks to queue
[2024-02-27T04:22:34.612+0000] {logging_mixin.py:188} INFO - [2024-02-27T04:22:34.605+0000] {dagbag.py:538} INFO - Filling up the DagBag from /opt/airflow/dags/dag_with_postgres_operator.py
[2024-02-27T04:22:34.760+0000] {processor.py:840} INFO - DAG(s) 'dag_with_postgres_operator_v08' retrieved from /opt/airflow/dags/dag_with_postgres_operator.py
[2024-02-27T04:22:35.026+0000] {logging_mixin.py:188} INFO - [2024-02-27T04:22:35.025+0000] {dag.py:3036} INFO - Sync 1 DAGs
[2024-02-27T04:22:35.380+0000] {logging_mixin.py:188} INFO - [2024-02-27T04:22:35.379+0000] {dag.py:3823} INFO - Setting next_dagrun for dag_with_postgres_operator_v08 to 2024-02-27 00:00:00+00:00, run_after=2024-02-28 00:00:00+00:00
[2024-02-27T04:22:35.690+0000] {processor.py:183} INFO - Processing /opt/airflow/dags/dag_with_postgres_operator.py took 1.198 seconds
[2024-02-27T04:23:06.201+0000] {processor.py:161} INFO - Started process (PID=100) to work on /opt/airflow/dags/dag_with_postgres_operator.py
[2024-02-27T04:23:06.204+0000] {processor.py:830} INFO - Processing file /opt/airflow/dags/dag_with_postgres_operator.py for tasks to queue
[2024-02-27T04:23:06.211+0000] {logging_mixin.py:188} INFO - [2024-02-27T04:23:06.209+0000] {dagbag.py:538} INFO - Filling up the DagBag from /opt/airflow/dags/dag_with_postgres_operator.py
[2024-02-27T04:23:06.260+0000] {processor.py:840} INFO - DAG(s) 'dag_with_postgres_operator_v08' retrieved from /opt/airflow/dags/dag_with_postgres_operator.py
[2024-02-27T04:23:06.320+0000] {logging_mixin.py:188} INFO - [2024-02-27T04:23:06.319+0000] {dag.py:3036} INFO - Sync 1 DAGs
[2024-02-27T04:23:06.376+0000] {logging_mixin.py:188} INFO - [2024-02-27T04:23:06.375+0000] {dag.py:3823} INFO - Setting next_dagrun for dag_with_postgres_operator_v08 to 2024-02-27 00:00:00+00:00, run_after=2024-02-28 00:00:00+00:00
[2024-02-27T04:23:06.404+0000] {processor.py:183} INFO - Processing /opt/airflow/dags/dag_with_postgres_operator.py took 0.222 seconds
[2024-02-27T04:23:36.789+0000] {processor.py:161} INFO - Started process (PID=113) to work on /opt/airflow/dags/dag_with_postgres_operator.py
[2024-02-27T04:23:36.790+0000] {processor.py:830} INFO - Processing file /opt/airflow/dags/dag_with_postgres_operator.py for tasks to queue
[2024-02-27T04:23:36.792+0000] {logging_mixin.py:188} INFO - [2024-02-27T04:23:36.791+0000] {dagbag.py:538} INFO - Filling up the DagBag from /opt/airflow/dags/dag_with_postgres_operator.py
[2024-02-27T04:23:36.804+0000] {processor.py:840} INFO - DAG(s) 'dag_with_postgres_operator_v08' retrieved from /opt/airflow/dags/dag_with_postgres_operator.py
[2024-02-27T04:23:36.833+0000] {logging_mixin.py:188} INFO - [2024-02-27T04:23:36.833+0000] {dag.py:3036} INFO - Sync 1 DAGs
[2024-02-27T04:23:36.861+0000] {logging_mixin.py:188} INFO - [2024-02-27T04:23:36.860+0000] {dag.py:3823} INFO - Setting next_dagrun for dag_with_postgres_operator_v08 to 2024-02-27 00:00:00+00:00, run_after=2024-02-28 00:00:00+00:00
[2024-02-27T04:23:36.896+0000] {processor.py:183} INFO - Processing /opt/airflow/dags/dag_with_postgres_operator.py took 0.111 seconds
[2024-02-27T04:24:07.338+0000] {processor.py:161} INFO - Started process (PID=126) to work on /opt/airflow/dags/dag_with_postgres_operator.py
[2024-02-27T04:24:07.339+0000] {processor.py:830} INFO - Processing file /opt/airflow/dags/dag_with_postgres_operator.py for tasks to queue
[2024-02-27T04:24:07.341+0000] {logging_mixin.py:188} INFO - [2024-02-27T04:24:07.340+0000] {dagbag.py:538} INFO - Filling up the DagBag from /opt/airflow/dags/dag_with_postgres_operator.py
[2024-02-27T04:24:07.354+0000] {processor.py:840} INFO - DAG(s) 'dag_with_postgres_operator_v08' retrieved from /opt/airflow/dags/dag_with_postgres_operator.py
[2024-02-27T04:24:07.401+0000] {logging_mixin.py:188} INFO - [2024-02-27T04:24:07.401+0000] {dag.py:3036} INFO - Sync 1 DAGs
[2024-02-27T04:24:07.458+0000] {logging_mixin.py:188} INFO - [2024-02-27T04:24:07.458+0000] {dag.py:3823} INFO - Setting next_dagrun for dag_with_postgres_operator_v08 to 2024-02-27 00:00:00+00:00, run_after=2024-02-28 00:00:00+00:00
[2024-02-27T04:24:07.497+0000] {processor.py:183} INFO - Processing /opt/airflow/dags/dag_with_postgres_operator.py took 0.162 seconds
[2024-02-27T04:24:37.954+0000] {processor.py:161} INFO - Started process (PID=140) to work on /opt/airflow/dags/dag_with_postgres_operator.py
[2024-02-27T04:24:37.955+0000] {processor.py:830} INFO - Processing file /opt/airflow/dags/dag_with_postgres_operator.py for tasks to queue
[2024-02-27T04:24:37.957+0000] {logging_mixin.py:188} INFO - [2024-02-27T04:24:37.957+0000] {dagbag.py:538} INFO - Filling up the DagBag from /opt/airflow/dags/dag_with_postgres_operator.py
[2024-02-27T04:24:37.971+0000] {processor.py:840} INFO - DAG(s) 'dag_with_postgres_operator_v08' retrieved from /opt/airflow/dags/dag_with_postgres_operator.py
[2024-02-27T04:24:38.002+0000] {logging_mixin.py:188} INFO - [2024-02-27T04:24:38.001+0000] {dag.py:3036} INFO - Sync 1 DAGs
[2024-02-27T04:24:38.030+0000] {logging_mixin.py:188} INFO - [2024-02-27T04:24:38.029+0000] {dag.py:3823} INFO - Setting next_dagrun for dag_with_postgres_operator_v08 to 2024-02-27 00:00:00+00:00, run_after=2024-02-28 00:00:00+00:00
[2024-02-27T04:24:38.052+0000] {processor.py:183} INFO - Processing /opt/airflow/dags/dag_with_postgres_operator.py took 0.102 seconds
[2024-02-27T04:25:08.769+0000] {processor.py:161} INFO - Started process (PID=154) to work on /opt/airflow/dags/dag_with_postgres_operator.py
[2024-02-27T04:25:08.770+0000] {processor.py:830} INFO - Processing file /opt/airflow/dags/dag_with_postgres_operator.py for tasks to queue
[2024-02-27T04:25:08.775+0000] {logging_mixin.py:188} INFO - [2024-02-27T04:25:08.774+0000] {dagbag.py:538} INFO - Filling up the DagBag from /opt/airflow/dags/dag_with_postgres_operator.py
[2024-02-27T04:25:08.820+0000] {processor.py:840} INFO - DAG(s) 'dag_with_postgres_operator_v08' retrieved from /opt/airflow/dags/dag_with_postgres_operator.py
[2024-02-27T04:25:08.975+0000] {logging_mixin.py:188} INFO - [2024-02-27T04:25:08.974+0000] {dag.py:3036} INFO - Sync 1 DAGs
[2024-02-27T04:25:09.048+0000] {logging_mixin.py:188} INFO - [2024-02-27T04:25:09.048+0000] {dag.py:3823} INFO - Setting next_dagrun for dag_with_postgres_operator_v08 to 2024-02-27 00:00:00+00:00, run_after=2024-02-28 00:00:00+00:00
[2024-02-27T04:25:09.107+0000] {processor.py:183} INFO - Processing /opt/airflow/dags/dag_with_postgres_operator.py took 0.350 seconds
[2024-02-27T04:25:39.671+0000] {processor.py:161} INFO - Started process (PID=167) to work on /opt/airflow/dags/dag_with_postgres_operator.py
[2024-02-27T04:25:39.673+0000] {processor.py:830} INFO - Processing file /opt/airflow/dags/dag_with_postgres_operator.py for tasks to queue
[2024-02-27T04:25:39.680+0000] {logging_mixin.py:188} INFO - [2024-02-27T04:25:39.678+0000] {dagbag.py:538} INFO - Filling up the DagBag from /opt/airflow/dags/dag_with_postgres_operator.py
[2024-02-27T04:25:39.706+0000] {processor.py:840} INFO - DAG(s) 'dag_with_postgres_operator_v08' retrieved from /opt/airflow/dags/dag_with_postgres_operator.py
[2024-02-27T04:25:39.772+0000] {logging_mixin.py:188} INFO - [2024-02-27T04:25:39.772+0000] {dag.py:3036} INFO - Sync 1 DAGs
[2024-02-27T04:25:39.827+0000] {logging_mixin.py:188} INFO - [2024-02-27T04:25:39.827+0000] {dag.py:3823} INFO - Setting next_dagrun for dag_with_postgres_operator_v08 to 2024-02-27 00:00:00+00:00, run_after=2024-02-28 00:00:00+00:00
[2024-02-27T04:25:39.866+0000] {processor.py:183} INFO - Processing /opt/airflow/dags/dag_with_postgres_operator.py took 0.206 seconds
[2024-02-27T04:26:10.479+0000] {processor.py:161} INFO - Started process (PID=181) to work on /opt/airflow/dags/dag_with_postgres_operator.py
[2024-02-27T04:26:10.480+0000] {processor.py:830} INFO - Processing file /opt/airflow/dags/dag_with_postgres_operator.py for tasks to queue
[2024-02-27T04:26:10.482+0000] {logging_mixin.py:188} INFO - [2024-02-27T04:26:10.482+0000] {dagbag.py:538} INFO - Filling up the DagBag from /opt/airflow/dags/dag_with_postgres_operator.py
[2024-02-27T04:26:10.495+0000] {processor.py:840} INFO - DAG(s) 'dag_with_postgres_operator_v08' retrieved from /opt/airflow/dags/dag_with_postgres_operator.py
[2024-02-27T04:26:10.530+0000] {logging_mixin.py:188} INFO - [2024-02-27T04:26:10.530+0000] {dag.py:3036} INFO - Sync 1 DAGs
[2024-02-27T04:26:10.561+0000] {logging_mixin.py:188} INFO - [2024-02-27T04:26:10.561+0000] {dag.py:3823} INFO - Setting next_dagrun for dag_with_postgres_operator_v08 to 2024-02-27 00:00:00+00:00, run_after=2024-02-28 00:00:00+00:00
[2024-02-27T04:26:10.586+0000] {processor.py:183} INFO - Processing /opt/airflow/dags/dag_with_postgres_operator.py took 0.111 seconds
[2024-02-27T04:26:41.091+0000] {processor.py:161} INFO - Started process (PID=194) to work on /opt/airflow/dags/dag_with_postgres_operator.py
[2024-02-27T04:26:41.092+0000] {processor.py:830} INFO - Processing file /opt/airflow/dags/dag_with_postgres_operator.py for tasks to queue
[2024-02-27T04:26:41.094+0000] {logging_mixin.py:188} INFO - [2024-02-27T04:26:41.093+0000] {dagbag.py:538} INFO - Filling up the DagBag from /opt/airflow/dags/dag_with_postgres_operator.py
[2024-02-27T04:26:41.106+0000] {processor.py:840} INFO - DAG(s) 'dag_with_postgres_operator_v08' retrieved from /opt/airflow/dags/dag_with_postgres_operator.py
[2024-02-27T04:26:41.145+0000] {logging_mixin.py:188} INFO - [2024-02-27T04:26:41.144+0000] {dag.py:3036} INFO - Sync 1 DAGs
[2024-02-27T04:26:41.174+0000] {logging_mixin.py:188} INFO - [2024-02-27T04:26:41.174+0000] {dag.py:3823} INFO - Setting next_dagrun for dag_with_postgres_operator_v08 to 2024-02-27 00:00:00+00:00, run_after=2024-02-28 00:00:00+00:00
[2024-02-27T04:26:41.197+0000] {processor.py:183} INFO - Processing /opt/airflow/dags/dag_with_postgres_operator.py took 0.109 seconds
[2024-02-27T04:27:11.781+0000] {processor.py:161} INFO - Started process (PID=206) to work on /opt/airflow/dags/dag_with_postgres_operator.py
[2024-02-27T04:27:11.782+0000] {processor.py:830} INFO - Processing file /opt/airflow/dags/dag_with_postgres_operator.py for tasks to queue
[2024-02-27T04:27:11.782+0000] {logging_mixin.py:188} INFO - [2024-02-27T04:27:11.782+0000] {dagbag.py:538} INFO - Filling up the DagBag from /opt/airflow/dags/dag_with_postgres_operator.py
[2024-02-27T04:27:11.791+0000] {processor.py:840} INFO - DAG(s) 'dag_with_postgres_operator_v08' retrieved from /opt/airflow/dags/dag_with_postgres_operator.py
[2024-02-27T04:27:11.812+0000] {logging_mixin.py:188} INFO - [2024-02-27T04:27:11.812+0000] {dag.py:3036} INFO - Sync 1 DAGs
[2024-02-27T04:27:11.831+0000] {logging_mixin.py:188} INFO - [2024-02-27T04:27:11.831+0000] {dag.py:3823} INFO - Setting next_dagrun for dag_with_postgres_operator_v08 to 2024-02-27 00:00:00+00:00, run_after=2024-02-28 00:00:00+00:00
[2024-02-27T04:27:11.862+0000] {processor.py:183} INFO - Processing /opt/airflow/dags/dag_with_postgres_operator.py took 0.083 seconds
[2024-02-27T04:27:42.549+0000] {processor.py:161} INFO - Started process (PID=219) to work on /opt/airflow/dags/dag_with_postgres_operator.py
[2024-02-27T04:27:42.550+0000] {processor.py:830} INFO - Processing file /opt/airflow/dags/dag_with_postgres_operator.py for tasks to queue
[2024-02-27T04:27:42.551+0000] {logging_mixin.py:188} INFO - [2024-02-27T04:27:42.550+0000] {dagbag.py:538} INFO - Filling up the DagBag from /opt/airflow/dags/dag_with_postgres_operator.py
[2024-02-27T04:27:42.565+0000] {processor.py:840} INFO - DAG(s) 'dag_with_postgres_operator_v08' retrieved from /opt/airflow/dags/dag_with_postgres_operator.py
[2024-02-27T04:27:42.620+0000] {logging_mixin.py:188} INFO - [2024-02-27T04:27:42.620+0000] {dag.py:3036} INFO - Sync 1 DAGs
[2024-02-27T04:27:42.650+0000] {logging_mixin.py:188} INFO - [2024-02-27T04:27:42.650+0000] {dag.py:3823} INFO - Setting next_dagrun for dag_with_postgres_operator_v08 to 2024-02-27 00:00:00+00:00, run_after=2024-02-28 00:00:00+00:00
[2024-02-27T04:27:42.672+0000] {processor.py:183} INFO - Processing /opt/airflow/dags/dag_with_postgres_operator.py took 0.128 seconds
[2024-02-27T04:28:13.044+0000] {processor.py:161} INFO - Started process (PID=232) to work on /opt/airflow/dags/dag_with_postgres_operator.py
[2024-02-27T04:28:13.045+0000] {processor.py:830} INFO - Processing file /opt/airflow/dags/dag_with_postgres_operator.py for tasks to queue
[2024-02-27T04:28:13.046+0000] {logging_mixin.py:188} INFO - [2024-02-27T04:28:13.046+0000] {dagbag.py:538} INFO - Filling up the DagBag from /opt/airflow/dags/dag_with_postgres_operator.py
[2024-02-27T04:28:13.055+0000] {processor.py:840} INFO - DAG(s) 'dag_with_postgres_operator_v08' retrieved from /opt/airflow/dags/dag_with_postgres_operator.py
[2024-02-27T04:28:13.076+0000] {logging_mixin.py:188} INFO - [2024-02-27T04:28:13.076+0000] {dag.py:3036} INFO - Sync 1 DAGs
[2024-02-27T04:28:13.096+0000] {logging_mixin.py:188} INFO - [2024-02-27T04:28:13.096+0000] {dag.py:3823} INFO - Setting next_dagrun for dag_with_postgres_operator_v08 to 2024-02-27 00:00:00+00:00, run_after=2024-02-28 00:00:00+00:00
[2024-02-27T04:28:13.114+0000] {processor.py:183} INFO - Processing /opt/airflow/dags/dag_with_postgres_operator.py took 0.073 seconds
[2024-02-27T04:28:43.493+0000] {processor.py:161} INFO - Started process (PID=245) to work on /opt/airflow/dags/dag_with_postgres_operator.py
[2024-02-27T04:28:43.494+0000] {processor.py:830} INFO - Processing file /opt/airflow/dags/dag_with_postgres_operator.py for tasks to queue
[2024-02-27T04:28:43.495+0000] {logging_mixin.py:188} INFO - [2024-02-27T04:28:43.494+0000] {dagbag.py:538} INFO - Filling up the DagBag from /opt/airflow/dags/dag_with_postgres_operator.py
[2024-02-27T04:28:43.504+0000] {processor.py:840} INFO - DAG(s) 'dag_with_postgres_operator_v08' retrieved from /opt/airflow/dags/dag_with_postgres_operator.py
[2024-02-27T04:28:43.525+0000] {logging_mixin.py:188} INFO - [2024-02-27T04:28:43.525+0000] {dag.py:3036} INFO - Sync 1 DAGs
[2024-02-27T04:28:43.543+0000] {logging_mixin.py:188} INFO - [2024-02-27T04:28:43.543+0000] {dag.py:3823} INFO - Setting next_dagrun for dag_with_postgres_operator_v08 to 2024-02-27 00:00:00+00:00, run_after=2024-02-28 00:00:00+00:00
[2024-02-27T04:28:43.562+0000] {processor.py:183} INFO - Processing /opt/airflow/dags/dag_with_postgres_operator.py took 0.072 seconds
[2024-02-27T04:29:13.913+0000] {processor.py:161} INFO - Started process (PID=259) to work on /opt/airflow/dags/dag_with_postgres_operator.py
[2024-02-27T04:29:13.914+0000] {processor.py:830} INFO - Processing file /opt/airflow/dags/dag_with_postgres_operator.py for tasks to queue
[2024-02-27T04:29:13.915+0000] {logging_mixin.py:188} INFO - [2024-02-27T04:29:13.915+0000] {dagbag.py:538} INFO - Filling up the DagBag from /opt/airflow/dags/dag_with_postgres_operator.py
[2024-02-27T04:29:13.928+0000] {processor.py:840} INFO - DAG(s) 'dag_with_postgres_operator_v08' retrieved from /opt/airflow/dags/dag_with_postgres_operator.py
[2024-02-27T04:29:13.958+0000] {logging_mixin.py:188} INFO - [2024-02-27T04:29:13.958+0000] {dag.py:3036} INFO - Sync 1 DAGs
[2024-02-27T04:29:13.985+0000] {logging_mixin.py:188} INFO - [2024-02-27T04:29:13.984+0000] {dag.py:3823} INFO - Setting next_dagrun for dag_with_postgres_operator_v08 to 2024-02-27 00:00:00+00:00, run_after=2024-02-28 00:00:00+00:00
[2024-02-27T04:29:14.012+0000] {processor.py:183} INFO - Processing /opt/airflow/dags/dag_with_postgres_operator.py took 0.102 seconds
[2024-02-27T04:29:44.390+0000] {processor.py:161} INFO - Started process (PID=272) to work on /opt/airflow/dags/dag_with_postgres_operator.py
[2024-02-27T04:29:44.390+0000] {processor.py:830} INFO - Processing file /opt/airflow/dags/dag_with_postgres_operator.py for tasks to queue
[2024-02-27T04:29:44.391+0000] {logging_mixin.py:188} INFO - [2024-02-27T04:29:44.391+0000] {dagbag.py:538} INFO - Filling up the DagBag from /opt/airflow/dags/dag_with_postgres_operator.py
[2024-02-27T04:29:44.404+0000] {processor.py:840} INFO - DAG(s) 'dag_with_postgres_operator_v08' retrieved from /opt/airflow/dags/dag_with_postgres_operator.py
[2024-02-27T04:29:44.447+0000] {logging_mixin.py:188} INFO - [2024-02-27T04:29:44.446+0000] {dag.py:3036} INFO - Sync 1 DAGs
[2024-02-27T04:29:44.468+0000] {logging_mixin.py:188} INFO - [2024-02-27T04:29:44.468+0000] {dag.py:3823} INFO - Setting next_dagrun for dag_with_postgres_operator_v08 to 2024-02-27 00:00:00+00:00, run_after=2024-02-28 00:00:00+00:00
[2024-02-27T04:29:44.488+0000] {processor.py:183} INFO - Processing /opt/airflow/dags/dag_with_postgres_operator.py took 0.101 seconds
[2024-02-27T04:30:14.967+0000] {processor.py:161} INFO - Started process (PID=285) to work on /opt/airflow/dags/dag_with_postgres_operator.py
[2024-02-27T04:30:14.968+0000] {processor.py:830} INFO - Processing file /opt/airflow/dags/dag_with_postgres_operator.py for tasks to queue
[2024-02-27T04:30:14.969+0000] {logging_mixin.py:188} INFO - [2024-02-27T04:30:14.968+0000] {dagbag.py:538} INFO - Filling up the DagBag from /opt/airflow/dags/dag_with_postgres_operator.py
[2024-02-27T04:30:14.981+0000] {processor.py:840} INFO - DAG(s) 'dag_with_postgres_operator_v08' retrieved from /opt/airflow/dags/dag_with_postgres_operator.py
[2024-02-27T04:30:15.011+0000] {logging_mixin.py:188} INFO - [2024-02-27T04:30:15.011+0000] {dag.py:3036} INFO - Sync 1 DAGs
[2024-02-27T04:30:15.046+0000] {logging_mixin.py:188} INFO - [2024-02-27T04:30:15.046+0000] {dag.py:3823} INFO - Setting next_dagrun for dag_with_postgres_operator_v08 to 2024-02-27 00:00:00+00:00, run_after=2024-02-28 00:00:00+00:00
[2024-02-27T04:30:15.090+0000] {processor.py:183} INFO - Processing /opt/airflow/dags/dag_with_postgres_operator.py took 0.126 seconds
[2024-02-27T04:30:45.792+0000] {processor.py:161} INFO - Started process (PID=298) to work on /opt/airflow/dags/dag_with_postgres_operator.py
[2024-02-27T04:30:45.804+0000] {processor.py:830} INFO - Processing file /opt/airflow/dags/dag_with_postgres_operator.py for tasks to queue
[2024-02-27T04:30:45.806+0000] {logging_mixin.py:188} INFO - [2024-02-27T04:30:45.805+0000] {dagbag.py:538} INFO - Filling up the DagBag from /opt/airflow/dags/dag_with_postgres_operator.py
[2024-02-27T04:30:45.832+0000] {processor.py:840} INFO - DAG(s) 'dag_with_postgres_operator_v08' retrieved from /opt/airflow/dags/dag_with_postgres_operator.py
[2024-02-27T04:30:45.905+0000] {logging_mixin.py:188} INFO - [2024-02-27T04:30:45.905+0000] {dag.py:3036} INFO - Sync 1 DAGs
[2024-02-27T04:30:45.942+0000] {logging_mixin.py:188} INFO - [2024-02-27T04:30:45.942+0000] {dag.py:3823} INFO - Setting next_dagrun for dag_with_postgres_operator_v08 to 2024-02-27 00:00:00+00:00, run_after=2024-02-28 00:00:00+00:00
[2024-02-27T04:30:45.971+0000] {processor.py:183} INFO - Processing /opt/airflow/dags/dag_with_postgres_operator.py took 0.199 seconds
[2024-02-27T04:31:16.633+0000] {processor.py:161} INFO - Started process (PID=311) to work on /opt/airflow/dags/dag_with_postgres_operator.py
[2024-02-27T04:31:16.634+0000] {processor.py:830} INFO - Processing file /opt/airflow/dags/dag_with_postgres_operator.py for tasks to queue
[2024-02-27T04:31:16.635+0000] {logging_mixin.py:188} INFO - [2024-02-27T04:31:16.635+0000] {dagbag.py:538} INFO - Filling up the DagBag from /opt/airflow/dags/dag_with_postgres_operator.py
[2024-02-27T04:31:16.644+0000] {processor.py:840} INFO - DAG(s) 'dag_with_postgres_operator_v08' retrieved from /opt/airflow/dags/dag_with_postgres_operator.py
[2024-02-27T04:31:16.665+0000] {logging_mixin.py:188} INFO - [2024-02-27T04:31:16.664+0000] {dag.py:3036} INFO - Sync 1 DAGs
[2024-02-27T04:31:16.683+0000] {logging_mixin.py:188} INFO - [2024-02-27T04:31:16.682+0000] {dag.py:3823} INFO - Setting next_dagrun for dag_with_postgres_operator_v08 to 2024-02-27 00:00:00+00:00, run_after=2024-02-28 00:00:00+00:00
[2024-02-27T04:31:16.701+0000] {processor.py:183} INFO - Processing /opt/airflow/dags/dag_with_postgres_operator.py took 0.071 seconds
[2024-02-27T04:31:47.122+0000] {processor.py:161} INFO - Started process (PID=325) to work on /opt/airflow/dags/dag_with_postgres_operator.py
[2024-02-27T04:31:47.140+0000] {processor.py:830} INFO - Processing file /opt/airflow/dags/dag_with_postgres_operator.py for tasks to queue
[2024-02-27T04:31:47.141+0000] {logging_mixin.py:188} INFO - [2024-02-27T04:31:47.141+0000] {dagbag.py:538} INFO - Filling up the DagBag from /opt/airflow/dags/dag_with_postgres_operator.py
[2024-02-27T04:31:47.168+0000] {processor.py:840} INFO - DAG(s) 'dag_with_postgres_operator_v08' retrieved from /opt/airflow/dags/dag_with_postgres_operator.py
[2024-02-27T04:31:47.205+0000] {logging_mixin.py:188} INFO - [2024-02-27T04:31:47.205+0000] {dag.py:3036} INFO - Sync 1 DAGs
[2024-02-27T04:31:47.250+0000] {logging_mixin.py:188} INFO - [2024-02-27T04:31:47.250+0000] {dag.py:3823} INFO - Setting next_dagrun for dag_with_postgres_operator_v08 to 2024-02-27 00:00:00+00:00, run_after=2024-02-28 00:00:00+00:00
[2024-02-27T04:31:47.284+0000] {processor.py:183} INFO - Processing /opt/airflow/dags/dag_with_postgres_operator.py took 0.166 seconds
[2024-02-27T04:32:17.744+0000] {processor.py:161} INFO - Started process (PID=337) to work on /opt/airflow/dags/dag_with_postgres_operator.py
[2024-02-27T04:32:17.744+0000] {processor.py:830} INFO - Processing file /opt/airflow/dags/dag_with_postgres_operator.py for tasks to queue
[2024-02-27T04:32:17.745+0000] {logging_mixin.py:188} INFO - [2024-02-27T04:32:17.745+0000] {dagbag.py:538} INFO - Filling up the DagBag from /opt/airflow/dags/dag_with_postgres_operator.py
[2024-02-27T04:32:17.756+0000] {processor.py:840} INFO - DAG(s) 'dag_with_postgres_operator_v08' retrieved from /opt/airflow/dags/dag_with_postgres_operator.py
[2024-02-27T04:32:17.780+0000] {logging_mixin.py:188} INFO - [2024-02-27T04:32:17.780+0000] {dag.py:3036} INFO - Sync 1 DAGs
[2024-02-27T04:32:17.798+0000] {logging_mixin.py:188} INFO - [2024-02-27T04:32:17.798+0000] {dag.py:3823} INFO - Setting next_dagrun for dag_with_postgres_operator_v08 to 2024-02-27 00:00:00+00:00, run_after=2024-02-28 00:00:00+00:00
[2024-02-27T04:32:17.816+0000] {processor.py:183} INFO - Processing /opt/airflow/dags/dag_with_postgres_operator.py took 0.076 seconds
[2024-02-27T04:32:47.897+0000] {processor.py:161} INFO - Started process (PID=351) to work on /opt/airflow/dags/dag_with_postgres_operator.py
[2024-02-27T04:32:47.897+0000] {processor.py:830} INFO - Processing file /opt/airflow/dags/dag_with_postgres_operator.py for tasks to queue
[2024-02-27T04:32:47.898+0000] {logging_mixin.py:188} INFO - [2024-02-27T04:32:47.898+0000] {dagbag.py:538} INFO - Filling up the DagBag from /opt/airflow/dags/dag_with_postgres_operator.py
[2024-02-27T04:32:47.907+0000] {processor.py:840} INFO - DAG(s) 'dag_with_postgres_operator_v08' retrieved from /opt/airflow/dags/dag_with_postgres_operator.py
[2024-02-27T04:32:47.928+0000] {logging_mixin.py:188} INFO - [2024-02-27T04:32:47.928+0000] {dag.py:3036} INFO - Sync 1 DAGs
[2024-02-27T04:32:47.946+0000] {logging_mixin.py:188} INFO - [2024-02-27T04:32:47.946+0000] {dag.py:3823} INFO - Setting next_dagrun for dag_with_postgres_operator_v08 to 2024-02-27 00:00:00+00:00, run_after=2024-02-28 00:00:00+00:00
[2024-02-27T04:32:47.963+0000] {processor.py:183} INFO - Processing /opt/airflow/dags/dag_with_postgres_operator.py took 0.070 seconds
[2024-02-27T04:33:18.824+0000] {processor.py:161} INFO - Started process (PID=371) to work on /opt/airflow/dags/dag_with_postgres_operator.py
[2024-02-27T04:33:18.824+0000] {processor.py:830} INFO - Processing file /opt/airflow/dags/dag_with_postgres_operator.py for tasks to queue
[2024-02-27T04:33:18.825+0000] {logging_mixin.py:188} INFO - [2024-02-27T04:33:18.825+0000] {dagbag.py:538} INFO - Filling up the DagBag from /opt/airflow/dags/dag_with_postgres_operator.py
[2024-02-27T04:33:18.834+0000] {processor.py:840} INFO - DAG(s) 'dag_with_postgres_operator_v08' retrieved from /opt/airflow/dags/dag_with_postgres_operator.py
[2024-02-27T04:33:18.859+0000] {logging_mixin.py:188} INFO - [2024-02-27T04:33:18.859+0000] {dag.py:3036} INFO - Sync 1 DAGs
[2024-02-27T04:33:18.877+0000] {logging_mixin.py:188} INFO - [2024-02-27T04:33:18.877+0000] {dag.py:3823} INFO - Setting next_dagrun for dag_with_postgres_operator_v08 to 2024-02-27 00:00:00+00:00, run_after=2024-02-28 00:00:00+00:00
[2024-02-27T04:33:18.895+0000] {processor.py:183} INFO - Processing /opt/airflow/dags/dag_with_postgres_operator.py took 0.074 seconds
[2024-02-27T04:33:49.391+0000] {processor.py:161} INFO - Started process (PID=384) to work on /opt/airflow/dags/dag_with_postgres_operator.py
[2024-02-27T04:33:49.392+0000] {processor.py:830} INFO - Processing file /opt/airflow/dags/dag_with_postgres_operator.py for tasks to queue
[2024-02-27T04:33:49.393+0000] {logging_mixin.py:188} INFO - [2024-02-27T04:33:49.393+0000] {dagbag.py:538} INFO - Filling up the DagBag from /opt/airflow/dags/dag_with_postgres_operator.py
[2024-02-27T04:33:49.403+0000] {processor.py:840} INFO - DAG(s) 'dag_with_postgres_operator_v08' retrieved from /opt/airflow/dags/dag_with_postgres_operator.py
[2024-02-27T04:33:49.428+0000] {logging_mixin.py:188} INFO - [2024-02-27T04:33:49.428+0000] {dag.py:3036} INFO - Sync 1 DAGs
[2024-02-27T04:33:49.447+0000] {logging_mixin.py:188} INFO - [2024-02-27T04:33:49.447+0000] {dag.py:3823} INFO - Setting next_dagrun for dag_with_postgres_operator_v08 to 2024-02-27 00:00:00+00:00, run_after=2024-02-28 00:00:00+00:00
[2024-02-27T04:33:49.467+0000] {processor.py:183} INFO - Processing /opt/airflow/dags/dag_with_postgres_operator.py took 0.079 seconds
[2024-02-27T04:34:19.827+0000] {processor.py:161} INFO - Started process (PID=397) to work on /opt/airflow/dags/dag_with_postgres_operator.py
[2024-02-27T04:34:19.837+0000] {processor.py:830} INFO - Processing file /opt/airflow/dags/dag_with_postgres_operator.py for tasks to queue
[2024-02-27T04:34:19.838+0000] {logging_mixin.py:188} INFO - [2024-02-27T04:34:19.838+0000] {dagbag.py:538} INFO - Filling up the DagBag from /opt/airflow/dags/dag_with_postgres_operator.py
[2024-02-27T04:34:19.875+0000] {processor.py:840} INFO - DAG(s) 'dag_with_postgres_operator_v08' retrieved from /opt/airflow/dags/dag_with_postgres_operator.py
[2024-02-27T04:34:19.962+0000] {logging_mixin.py:188} INFO - [2024-02-27T04:34:19.961+0000] {dag.py:3036} INFO - Sync 1 DAGs
[2024-02-27T04:34:20.028+0000] {logging_mixin.py:188} INFO - [2024-02-27T04:34:20.028+0000] {dag.py:3823} INFO - Setting next_dagrun for dag_with_postgres_operator_v08 to 2024-02-27 00:00:00+00:00, run_after=2024-02-28 00:00:00+00:00
[2024-02-27T04:34:20.049+0000] {processor.py:183} INFO - Processing /opt/airflow/dags/dag_with_postgres_operator.py took 0.225 seconds
[2024-02-27T04:34:50.364+0000] {processor.py:161} INFO - Started process (PID=410) to work on /opt/airflow/dags/dag_with_postgres_operator.py
[2024-02-27T04:34:50.365+0000] {processor.py:830} INFO - Processing file /opt/airflow/dags/dag_with_postgres_operator.py for tasks to queue
[2024-02-27T04:34:50.366+0000] {logging_mixin.py:188} INFO - [2024-02-27T04:34:50.366+0000] {dagbag.py:538} INFO - Filling up the DagBag from /opt/airflow/dags/dag_with_postgres_operator.py
[2024-02-27T04:34:50.377+0000] {processor.py:840} INFO - DAG(s) 'dag_with_postgres_operator_v08' retrieved from /opt/airflow/dags/dag_with_postgres_operator.py
[2024-02-27T04:34:50.401+0000] {logging_mixin.py:188} INFO - [2024-02-27T04:34:50.401+0000] {dag.py:3036} INFO - Sync 1 DAGs
[2024-02-27T04:34:50.422+0000] {logging_mixin.py:188} INFO - [2024-02-27T04:34:50.421+0000] {dag.py:3823} INFO - Setting next_dagrun for dag_with_postgres_operator_v08 to 2024-02-27 00:00:00+00:00, run_after=2024-02-28 00:00:00+00:00
[2024-02-27T04:34:50.441+0000] {processor.py:183} INFO - Processing /opt/airflow/dags/dag_with_postgres_operator.py took 0.079 seconds
[2024-02-27T04:35:20.890+0000] {processor.py:161} INFO - Started process (PID=423) to work on /opt/airflow/dags/dag_with_postgres_operator.py
[2024-02-27T04:35:20.891+0000] {processor.py:830} INFO - Processing file /opt/airflow/dags/dag_with_postgres_operator.py for tasks to queue
[2024-02-27T04:35:20.892+0000] {logging_mixin.py:188} INFO - [2024-02-27T04:35:20.891+0000] {dagbag.py:538} INFO - Filling up the DagBag from /opt/airflow/dags/dag_with_postgres_operator.py
[2024-02-27T04:35:20.904+0000] {processor.py:840} INFO - DAG(s) 'dag_with_postgres_operator_v08' retrieved from /opt/airflow/dags/dag_with_postgres_operator.py
[2024-02-27T04:35:20.929+0000] {logging_mixin.py:188} INFO - [2024-02-27T04:35:20.929+0000] {dag.py:3036} INFO - Sync 1 DAGs
[2024-02-27T04:35:20.948+0000] {logging_mixin.py:188} INFO - [2024-02-27T04:35:20.948+0000] {dag.py:3823} INFO - Setting next_dagrun for dag_with_postgres_operator_v08 to 2024-02-27 00:00:00+00:00, run_after=2024-02-28 00:00:00+00:00
[2024-02-27T04:35:20.968+0000] {processor.py:183} INFO - Processing /opt/airflow/dags/dag_with_postgres_operator.py took 0.080 seconds
[2024-02-27T04:35:51.364+0000] {processor.py:161} INFO - Started process (PID=436) to work on /opt/airflow/dags/dag_with_postgres_operator.py
[2024-02-27T04:35:51.365+0000] {processor.py:830} INFO - Processing file /opt/airflow/dags/dag_with_postgres_operator.py for tasks to queue
[2024-02-27T04:35:51.366+0000] {logging_mixin.py:188} INFO - [2024-02-27T04:35:51.366+0000] {dagbag.py:538} INFO - Filling up the DagBag from /opt/airflow/dags/dag_with_postgres_operator.py
[2024-02-27T04:35:51.375+0000] {processor.py:840} INFO - DAG(s) 'dag_with_postgres_operator_v08' retrieved from /opt/airflow/dags/dag_with_postgres_operator.py
[2024-02-27T04:35:51.396+0000] {logging_mixin.py:188} INFO - [2024-02-27T04:35:51.396+0000] {dag.py:3036} INFO - Sync 1 DAGs
[2024-02-27T04:35:51.414+0000] {logging_mixin.py:188} INFO - [2024-02-27T04:35:51.414+0000] {dag.py:3823} INFO - Setting next_dagrun for dag_with_postgres_operator_v08 to 2024-02-27 00:00:00+00:00, run_after=2024-02-28 00:00:00+00:00
[2024-02-27T04:35:51.434+0000] {processor.py:183} INFO - Processing /opt/airflow/dags/dag_with_postgres_operator.py took 0.072 seconds
[2024-02-27T04:36:21.849+0000] {processor.py:161} INFO - Started process (PID=449) to work on /opt/airflow/dags/dag_with_postgres_operator.py
[2024-02-27T04:36:21.853+0000] {processor.py:830} INFO - Processing file /opt/airflow/dags/dag_with_postgres_operator.py for tasks to queue
[2024-02-27T04:36:21.854+0000] {logging_mixin.py:188} INFO - [2024-02-27T04:36:21.854+0000] {dagbag.py:538} INFO - Filling up the DagBag from /opt/airflow/dags/dag_with_postgres_operator.py
[2024-02-27T04:36:21.918+0000] {processor.py:840} INFO - DAG(s) 'dag_with_postgres_operator_v08' retrieved from /opt/airflow/dags/dag_with_postgres_operator.py
[2024-02-27T04:36:22.029+0000] {logging_mixin.py:188} INFO - [2024-02-27T04:36:22.029+0000] {dag.py:3036} INFO - Sync 1 DAGs
[2024-02-27T04:36:22.108+0000] {logging_mixin.py:188} INFO - [2024-02-27T04:36:22.107+0000] {dag.py:3823} INFO - Setting next_dagrun for dag_with_postgres_operator_v08 to 2024-02-27 00:00:00+00:00, run_after=2024-02-28 00:00:00+00:00
[2024-02-27T04:36:22.200+0000] {processor.py:183} INFO - Processing /opt/airflow/dags/dag_with_postgres_operator.py took 0.370 seconds
[2024-02-27T04:36:52.936+0000] {processor.py:161} INFO - Started process (PID=462) to work on /opt/airflow/dags/dag_with_postgres_operator.py
[2024-02-27T04:36:52.937+0000] {processor.py:830} INFO - Processing file /opt/airflow/dags/dag_with_postgres_operator.py for tasks to queue
[2024-02-27T04:36:52.938+0000] {logging_mixin.py:188} INFO - [2024-02-27T04:36:52.937+0000] {dagbag.py:538} INFO - Filling up the DagBag from /opt/airflow/dags/dag_with_postgres_operator.py
[2024-02-27T04:36:52.947+0000] {processor.py:840} INFO - DAG(s) 'dag_with_postgres_operator_v08' retrieved from /opt/airflow/dags/dag_with_postgres_operator.py
[2024-02-27T04:36:52.968+0000] {logging_mixin.py:188} INFO - [2024-02-27T04:36:52.968+0000] {dag.py:3036} INFO - Sync 1 DAGs
[2024-02-27T04:36:52.986+0000] {logging_mixin.py:188} INFO - [2024-02-27T04:36:52.986+0000] {dag.py:3823} INFO - Setting next_dagrun for dag_with_postgres_operator_v08 to 2024-02-27 00:00:00+00:00, run_after=2024-02-28 00:00:00+00:00
[2024-02-27T04:36:53.004+0000] {processor.py:183} INFO - Processing /opt/airflow/dags/dag_with_postgres_operator.py took 0.071 seconds
[2024-02-27T04:37:23.672+0000] {processor.py:161} INFO - Started process (PID=475) to work on /opt/airflow/dags/dag_with_postgres_operator.py
[2024-02-27T04:37:23.673+0000] {processor.py:830} INFO - Processing file /opt/airflow/dags/dag_with_postgres_operator.py for tasks to queue
[2024-02-27T04:37:23.673+0000] {logging_mixin.py:188} INFO - [2024-02-27T04:37:23.673+0000] {dagbag.py:538} INFO - Filling up the DagBag from /opt/airflow/dags/dag_with_postgres_operator.py
[2024-02-27T04:37:23.682+0000] {processor.py:840} INFO - DAG(s) 'dag_with_postgres_operator_v08' retrieved from /opt/airflow/dags/dag_with_postgres_operator.py
[2024-02-27T04:37:23.704+0000] {logging_mixin.py:188} INFO - [2024-02-27T04:37:23.703+0000] {dag.py:3036} INFO - Sync 1 DAGs
[2024-02-27T04:37:23.722+0000] {logging_mixin.py:188} INFO - [2024-02-27T04:37:23.722+0000] {dag.py:3823} INFO - Setting next_dagrun for dag_with_postgres_operator_v08 to 2024-02-27 00:00:00+00:00, run_after=2024-02-28 00:00:00+00:00
[2024-02-27T04:37:23.740+0000] {processor.py:183} INFO - Processing /opt/airflow/dags/dag_with_postgres_operator.py took 0.071 seconds
[2024-02-27T04:37:54.235+0000] {processor.py:161} INFO - Started process (PID=488) to work on /opt/airflow/dags/dag_with_postgres_operator.py
[2024-02-27T04:37:54.236+0000] {processor.py:830} INFO - Processing file /opt/airflow/dags/dag_with_postgres_operator.py for tasks to queue
[2024-02-27T04:37:54.237+0000] {logging_mixin.py:188} INFO - [2024-02-27T04:37:54.237+0000] {dagbag.py:538} INFO - Filling up the DagBag from /opt/airflow/dags/dag_with_postgres_operator.py
[2024-02-27T04:37:54.246+0000] {processor.py:840} INFO - DAG(s) 'dag_with_postgres_operator_v08' retrieved from /opt/airflow/dags/dag_with_postgres_operator.py
[2024-02-27T04:37:54.267+0000] {logging_mixin.py:188} INFO - [2024-02-27T04:37:54.267+0000] {dag.py:3036} INFO - Sync 1 DAGs
[2024-02-27T04:37:54.284+0000] {logging_mixin.py:188} INFO - [2024-02-27T04:37:54.284+0000] {dag.py:3823} INFO - Setting next_dagrun for dag_with_postgres_operator_v08 to 2024-02-27 00:00:00+00:00, run_after=2024-02-28 00:00:00+00:00
[2024-02-27T04:37:54.302+0000] {processor.py:183} INFO - Processing /opt/airflow/dags/dag_with_postgres_operator.py took 0.070 seconds
[2024-02-27T04:38:24.675+0000] {processor.py:161} INFO - Started process (PID=502) to work on /opt/airflow/dags/dag_with_postgres_operator.py
[2024-02-27T04:38:24.676+0000] {processor.py:830} INFO - Processing file /opt/airflow/dags/dag_with_postgres_operator.py for tasks to queue
[2024-02-27T04:38:24.677+0000] {logging_mixin.py:188} INFO - [2024-02-27T04:38:24.676+0000] {dagbag.py:538} INFO - Filling up the DagBag from /opt/airflow/dags/dag_with_postgres_operator.py
[2024-02-27T04:38:24.689+0000] {processor.py:840} INFO - DAG(s) 'dag_with_postgres_operator_v08' retrieved from /opt/airflow/dags/dag_with_postgres_operator.py
[2024-02-27T04:38:24.714+0000] {logging_mixin.py:188} INFO - [2024-02-27T04:38:24.714+0000] {dag.py:3036} INFO - Sync 1 DAGs
[2024-02-27T04:38:24.732+0000] {logging_mixin.py:188} INFO - [2024-02-27T04:38:24.732+0000] {dag.py:3823} INFO - Setting next_dagrun for dag_with_postgres_operator_v08 to 2024-02-27 00:00:00+00:00, run_after=2024-02-28 00:00:00+00:00
[2024-02-27T04:38:24.750+0000] {processor.py:183} INFO - Processing /opt/airflow/dags/dag_with_postgres_operator.py took 0.078 seconds
[2024-02-27T04:38:55.321+0000] {processor.py:161} INFO - Started process (PID=516) to work on /opt/airflow/dags/dag_with_postgres_operator.py
[2024-02-27T04:38:55.322+0000] {processor.py:830} INFO - Processing file /opt/airflow/dags/dag_with_postgres_operator.py for tasks to queue
[2024-02-27T04:38:55.323+0000] {logging_mixin.py:188} INFO - [2024-02-27T04:38:55.323+0000] {dagbag.py:538} INFO - Filling up the DagBag from /opt/airflow/dags/dag_with_postgres_operator.py
[2024-02-27T04:38:55.332+0000] {processor.py:840} INFO - DAG(s) 'dag_with_postgres_operator_v08' retrieved from /opt/airflow/dags/dag_with_postgres_operator.py
[2024-02-27T04:38:55.353+0000] {logging_mixin.py:188} INFO - [2024-02-27T04:38:55.353+0000] {dag.py:3036} INFO - Sync 1 DAGs
[2024-02-27T04:38:55.370+0000] {logging_mixin.py:188} INFO - [2024-02-27T04:38:55.370+0000] {dag.py:3823} INFO - Setting next_dagrun for dag_with_postgres_operator_v08 to 2024-02-27 00:00:00+00:00, run_after=2024-02-28 00:00:00+00:00
[2024-02-27T04:38:55.390+0000] {processor.py:183} INFO - Processing /opt/airflow/dags/dag_with_postgres_operator.py took 0.071 seconds
