[2024-02-27T04:13:18.526+0000] {processor.py:161} INFO - Started process (PID=41) to work on /opt/airflow/dags/our_first_dag.py
[2024-02-27T04:13:18.545+0000] {processor.py:830} INFO - Processing file /opt/airflow/dags/our_first_dag.py for tasks to queue
[2024-02-27T04:13:18.561+0000] {logging_mixin.py:188} INFO - [2024-02-27T04:13:18.561+0000] {dagbag.py:538} INFO - Filling up the DagBag from /opt/airflow/dags/our_first_dag.py
[2024-02-27T04:13:18.637+0000] {processor.py:840} INFO - DAG(s) 'our_first_dag_v5' retrieved from /opt/airflow/dags/our_first_dag.py
[2024-02-27T04:13:19.856+0000] {logging_mixin.py:188} INFO - [2024-02-27T04:13:19.856+0000] {dag.py:3036} INFO - Sync 1 DAGs
[2024-02-27T04:13:20.007+0000] {logging_mixin.py:188} INFO - [2024-02-27T04:13:20.007+0000] {dag.py:3823} INFO - Setting next_dagrun for our_first_dag_v5 to 2024-02-13 00:00:00+00:00, run_after=2024-02-14 00:00:00+00:00
[2024-02-27T04:13:20.163+0000] {processor.py:183} INFO - Processing /opt/airflow/dags/our_first_dag.py took 1.693 seconds
[2024-02-27T04:13:50.479+0000] {processor.py:161} INFO - Started process (PID=54) to work on /opt/airflow/dags/our_first_dag.py
[2024-02-27T04:13:50.484+0000] {processor.py:830} INFO - Processing file /opt/airflow/dags/our_first_dag.py for tasks to queue
[2024-02-27T04:13:50.491+0000] {logging_mixin.py:188} INFO - [2024-02-27T04:13:50.490+0000] {dagbag.py:538} INFO - Filling up the DagBag from /opt/airflow/dags/our_first_dag.py
[2024-02-27T04:13:50.520+0000] {processor.py:840} INFO - DAG(s) 'our_first_dag_v5' retrieved from /opt/airflow/dags/our_first_dag.py
[2024-02-27T04:13:50.597+0000] {logging_mixin.py:188} INFO - [2024-02-27T04:13:50.594+0000] {dag.py:3036} INFO - Sync 1 DAGs
[2024-02-27T04:13:50.651+0000] {logging_mixin.py:188} INFO - [2024-02-27T04:13:50.650+0000] {dag.py:3823} INFO - Setting next_dagrun for our_first_dag_v5 to 2024-02-13 00:00:00+00:00, run_after=2024-02-14 00:00:00+00:00
[2024-02-27T04:13:50.707+0000] {processor.py:183} INFO - Processing /opt/airflow/dags/our_first_dag.py took 0.240 seconds
[2024-02-27T04:14:21.583+0000] {processor.py:161} INFO - Started process (PID=68) to work on /opt/airflow/dags/our_first_dag.py
[2024-02-27T04:14:21.641+0000] {processor.py:830} INFO - Processing file /opt/airflow/dags/our_first_dag.py for tasks to queue
[2024-02-27T04:14:21.643+0000] {logging_mixin.py:188} INFO - [2024-02-27T04:14:21.642+0000] {dagbag.py:538} INFO - Filling up the DagBag from /opt/airflow/dags/our_first_dag.py
[2024-02-27T04:14:21.824+0000] {processor.py:840} INFO - DAG(s) 'our_first_dag_v5' retrieved from /opt/airflow/dags/our_first_dag.py
[2024-02-27T04:14:22.199+0000] {logging_mixin.py:188} INFO - [2024-02-27T04:14:22.198+0000] {dag.py:3036} INFO - Sync 1 DAGs
[2024-02-27T04:14:22.494+0000] {logging_mixin.py:188} INFO - [2024-02-27T04:14:22.493+0000] {dag.py:3823} INFO - Setting next_dagrun for our_first_dag_v5 to 2024-02-13 00:00:00+00:00, run_after=2024-02-14 00:00:00+00:00
[2024-02-27T04:14:22.590+0000] {processor.py:183} INFO - Processing /opt/airflow/dags/our_first_dag.py took 1.027 seconds
[2024-02-27T04:14:52.756+0000] {processor.py:161} INFO - Started process (PID=88) to work on /opt/airflow/dags/our_first_dag.py
[2024-02-27T04:14:52.758+0000] {processor.py:830} INFO - Processing file /opt/airflow/dags/our_first_dag.py for tasks to queue
[2024-02-27T04:14:52.774+0000] {logging_mixin.py:188} INFO - [2024-02-27T04:14:52.773+0000] {dagbag.py:538} INFO - Filling up the DagBag from /opt/airflow/dags/our_first_dag.py
[2024-02-27T04:14:52.860+0000] {processor.py:840} INFO - DAG(s) 'our_first_dag_v5' retrieved from /opt/airflow/dags/our_first_dag.py
[2024-02-27T04:14:52.961+0000] {logging_mixin.py:188} INFO - [2024-02-27T04:14:52.960+0000] {dag.py:3036} INFO - Sync 1 DAGs
[2024-02-27T04:14:53.023+0000] {logging_mixin.py:188} INFO - [2024-02-27T04:14:53.023+0000] {dag.py:3823} INFO - Setting next_dagrun for our_first_dag_v5 to 2024-02-13 00:00:00+00:00, run_after=2024-02-14 00:00:00+00:00
[2024-02-27T04:14:53.063+0000] {processor.py:183} INFO - Processing /opt/airflow/dags/our_first_dag.py took 0.310 seconds
[2024-02-27T04:15:23.807+0000] {processor.py:161} INFO - Started process (PID=103) to work on /opt/airflow/dags/our_first_dag.py
[2024-02-27T04:15:23.808+0000] {processor.py:830} INFO - Processing file /opt/airflow/dags/our_first_dag.py for tasks to queue
[2024-02-27T04:15:23.810+0000] {logging_mixin.py:188} INFO - [2024-02-27T04:15:23.809+0000] {dagbag.py:538} INFO - Filling up the DagBag from /opt/airflow/dags/our_first_dag.py
[2024-02-27T04:15:23.822+0000] {processor.py:840} INFO - DAG(s) 'our_first_dag_v5' retrieved from /opt/airflow/dags/our_first_dag.py
[2024-02-27T04:15:23.854+0000] {logging_mixin.py:188} INFO - [2024-02-27T04:15:23.854+0000] {dag.py:3036} INFO - Sync 1 DAGs
[2024-02-27T04:15:23.886+0000] {logging_mixin.py:188} INFO - [2024-02-27T04:15:23.886+0000] {dag.py:3823} INFO - Setting next_dagrun for our_first_dag_v5 to 2024-02-13 00:00:00+00:00, run_after=2024-02-14 00:00:00+00:00
[2024-02-27T04:15:23.912+0000] {processor.py:183} INFO - Processing /opt/airflow/dags/our_first_dag.py took 0.108 seconds
[2024-02-27T04:15:54.026+0000] {processor.py:161} INFO - Started process (PID=121) to work on /opt/airflow/dags/our_first_dag.py
[2024-02-27T04:15:54.033+0000] {processor.py:830} INFO - Processing file /opt/airflow/dags/our_first_dag.py for tasks to queue
[2024-02-27T04:15:54.035+0000] {logging_mixin.py:188} INFO - [2024-02-27T04:15:54.035+0000] {dagbag.py:538} INFO - Filling up the DagBag from /opt/airflow/dags/our_first_dag.py
[2024-02-27T04:15:54.052+0000] {processor.py:840} INFO - DAG(s) 'our_first_dag_v5' retrieved from /opt/airflow/dags/our_first_dag.py
[2024-02-27T04:15:54.091+0000] {logging_mixin.py:188} INFO - [2024-02-27T04:15:54.091+0000] {dag.py:3036} INFO - Sync 1 DAGs
[2024-02-27T04:15:54.139+0000] {logging_mixin.py:188} INFO - [2024-02-27T04:15:54.139+0000] {dag.py:3823} INFO - Setting next_dagrun for our_first_dag_v5 to 2024-02-13 00:00:00+00:00, run_after=2024-02-14 00:00:00+00:00
[2024-02-27T04:15:54.166+0000] {processor.py:183} INFO - Processing /opt/airflow/dags/our_first_dag.py took 0.145 seconds
[2024-02-27T04:16:25.034+0000] {processor.py:161} INFO - Started process (PID=134) to work on /opt/airflow/dags/our_first_dag.py
[2024-02-27T04:16:25.055+0000] {processor.py:830} INFO - Processing file /opt/airflow/dags/our_first_dag.py for tasks to queue
[2024-02-27T04:16:25.080+0000] {logging_mixin.py:188} INFO - [2024-02-27T04:16:25.077+0000] {dagbag.py:538} INFO - Filling up the DagBag from /opt/airflow/dags/our_first_dag.py
[2024-02-27T04:16:25.138+0000] {processor.py:840} INFO - DAG(s) 'our_first_dag_v5' retrieved from /opt/airflow/dags/our_first_dag.py
[2024-02-27T04:16:25.396+0000] {logging_mixin.py:188} INFO - [2024-02-27T04:16:25.396+0000] {dag.py:3036} INFO - Sync 1 DAGs
[2024-02-27T04:16:25.589+0000] {logging_mixin.py:188} INFO - [2024-02-27T04:16:25.578+0000] {dag.py:3823} INFO - Setting next_dagrun for our_first_dag_v5 to 2024-02-13 00:00:00+00:00, run_after=2024-02-14 00:00:00+00:00
[2024-02-27T04:16:25.698+0000] {processor.py:183} INFO - Processing /opt/airflow/dags/our_first_dag.py took 0.687 seconds
[2024-02-27T04:16:56.320+0000] {processor.py:161} INFO - Started process (PID=147) to work on /opt/airflow/dags/our_first_dag.py
[2024-02-27T04:16:56.322+0000] {processor.py:830} INFO - Processing file /opt/airflow/dags/our_first_dag.py for tasks to queue
[2024-02-27T04:16:56.326+0000] {logging_mixin.py:188} INFO - [2024-02-27T04:16:56.325+0000] {dagbag.py:538} INFO - Filling up the DagBag from /opt/airflow/dags/our_first_dag.py
[2024-02-27T04:16:56.342+0000] {processor.py:840} INFO - DAG(s) 'our_first_dag_v5' retrieved from /opt/airflow/dags/our_first_dag.py
[2024-02-27T04:16:56.373+0000] {logging_mixin.py:188} INFO - [2024-02-27T04:16:56.373+0000] {dag.py:3036} INFO - Sync 1 DAGs
[2024-02-27T04:16:56.400+0000] {logging_mixin.py:188} INFO - [2024-02-27T04:16:56.400+0000] {dag.py:3823} INFO - Setting next_dagrun for our_first_dag_v5 to 2024-02-13 00:00:00+00:00, run_after=2024-02-14 00:00:00+00:00
[2024-02-27T04:16:56.428+0000] {processor.py:183} INFO - Processing /opt/airflow/dags/our_first_dag.py took 0.112 seconds
[2024-02-27T04:17:26.545+0000] {processor.py:161} INFO - Started process (PID=160) to work on /opt/airflow/dags/our_first_dag.py
[2024-02-27T04:17:26.546+0000] {processor.py:830} INFO - Processing file /opt/airflow/dags/our_first_dag.py for tasks to queue
[2024-02-27T04:17:26.548+0000] {logging_mixin.py:188} INFO - [2024-02-27T04:17:26.548+0000] {dagbag.py:538} INFO - Filling up the DagBag from /opt/airflow/dags/our_first_dag.py
[2024-02-27T04:17:26.565+0000] {processor.py:840} INFO - DAG(s) 'our_first_dag_v5' retrieved from /opt/airflow/dags/our_first_dag.py
[2024-02-27T04:17:26.625+0000] {logging_mixin.py:188} INFO - [2024-02-27T04:17:26.623+0000] {dag.py:3036} INFO - Sync 1 DAGs
[2024-02-27T04:17:26.696+0000] {logging_mixin.py:188} INFO - [2024-02-27T04:17:26.695+0000] {dag.py:3823} INFO - Setting next_dagrun for our_first_dag_v5 to 2024-02-13 00:00:00+00:00, run_after=2024-02-14 00:00:00+00:00
[2024-02-27T04:17:26.729+0000] {processor.py:183} INFO - Processing /opt/airflow/dags/our_first_dag.py took 0.187 seconds
[2024-02-27T04:17:56.818+0000] {processor.py:161} INFO - Started process (PID=173) to work on /opt/airflow/dags/our_first_dag.py
[2024-02-27T04:17:56.829+0000] {processor.py:830} INFO - Processing file /opt/airflow/dags/our_first_dag.py for tasks to queue
[2024-02-27T04:17:56.831+0000] {logging_mixin.py:188} INFO - [2024-02-27T04:17:56.831+0000] {dagbag.py:538} INFO - Filling up the DagBag from /opt/airflow/dags/our_first_dag.py
[2024-02-27T04:17:56.866+0000] {processor.py:840} INFO - DAG(s) 'our_first_dag_v5' retrieved from /opt/airflow/dags/our_first_dag.py
[2024-02-27T04:17:56.958+0000] {logging_mixin.py:188} INFO - [2024-02-27T04:17:56.958+0000] {dag.py:3036} INFO - Sync 1 DAGs
[2024-02-27T04:17:57.030+0000] {logging_mixin.py:188} INFO - [2024-02-27T04:17:57.030+0000] {dag.py:3823} INFO - Setting next_dagrun for our_first_dag_v5 to 2024-02-13 00:00:00+00:00, run_after=2024-02-14 00:00:00+00:00
[2024-02-27T04:17:57.078+0000] {processor.py:183} INFO - Processing /opt/airflow/dags/our_first_dag.py took 0.267 seconds
[2024-02-27T04:18:27.385+0000] {processor.py:161} INFO - Started process (PID=186) to work on /opt/airflow/dags/our_first_dag.py
[2024-02-27T04:18:27.389+0000] {processor.py:830} INFO - Processing file /opt/airflow/dags/our_first_dag.py for tasks to queue
[2024-02-27T04:18:27.390+0000] {logging_mixin.py:188} INFO - [2024-02-27T04:18:27.390+0000] {dagbag.py:538} INFO - Filling up the DagBag from /opt/airflow/dags/our_first_dag.py
[2024-02-27T04:18:27.410+0000] {processor.py:840} INFO - DAG(s) 'our_first_dag_v5' retrieved from /opt/airflow/dags/our_first_dag.py
[2024-02-27T04:18:27.463+0000] {logging_mixin.py:188} INFO - [2024-02-27T04:18:27.463+0000] {dag.py:3036} INFO - Sync 1 DAGs
[2024-02-27T04:18:27.492+0000] {logging_mixin.py:188} INFO - [2024-02-27T04:18:27.492+0000] {dag.py:3823} INFO - Setting next_dagrun for our_first_dag_v5 to 2024-02-13 00:00:00+00:00, run_after=2024-02-14 00:00:00+00:00
[2024-02-27T04:18:27.522+0000] {processor.py:183} INFO - Processing /opt/airflow/dags/our_first_dag.py took 0.140 seconds
[2024-02-27T04:18:57.937+0000] {processor.py:161} INFO - Started process (PID=199) to work on /opt/airflow/dags/our_first_dag.py
[2024-02-27T04:18:57.938+0000] {processor.py:830} INFO - Processing file /opt/airflow/dags/our_first_dag.py for tasks to queue
[2024-02-27T04:18:57.939+0000] {logging_mixin.py:188} INFO - [2024-02-27T04:18:57.938+0000] {dagbag.py:538} INFO - Filling up the DagBag from /opt/airflow/dags/our_first_dag.py
[2024-02-27T04:18:57.952+0000] {processor.py:840} INFO - DAG(s) 'our_first_dag_v5' retrieved from /opt/airflow/dags/our_first_dag.py
[2024-02-27T04:18:57.987+0000] {logging_mixin.py:188} INFO - [2024-02-27T04:18:57.986+0000] {dag.py:3036} INFO - Sync 1 DAGs
[2024-02-27T04:18:58.013+0000] {logging_mixin.py:188} INFO - [2024-02-27T04:18:58.013+0000] {dag.py:3823} INFO - Setting next_dagrun for our_first_dag_v5 to 2024-02-13 00:00:00+00:00, run_after=2024-02-14 00:00:00+00:00
[2024-02-27T04:18:58.048+0000] {processor.py:183} INFO - Processing /opt/airflow/dags/our_first_dag.py took 0.115 seconds
[2024-02-27T04:19:28.612+0000] {processor.py:161} INFO - Started process (PID=212) to work on /opt/airflow/dags/our_first_dag.py
[2024-02-27T04:19:28.613+0000] {processor.py:830} INFO - Processing file /opt/airflow/dags/our_first_dag.py for tasks to queue
[2024-02-27T04:19:28.615+0000] {logging_mixin.py:188} INFO - [2024-02-27T04:19:28.614+0000] {dagbag.py:538} INFO - Filling up the DagBag from /opt/airflow/dags/our_first_dag.py
[2024-02-27T04:19:28.628+0000] {processor.py:840} INFO - DAG(s) 'our_first_dag_v5' retrieved from /opt/airflow/dags/our_first_dag.py
[2024-02-27T04:19:28.850+0000] {logging_mixin.py:188} INFO - [2024-02-27T04:19:28.849+0000] {dag.py:3036} INFO - Sync 1 DAGs
[2024-02-27T04:19:28.900+0000] {logging_mixin.py:188} INFO - [2024-02-27T04:19:28.899+0000] {dag.py:3823} INFO - Setting next_dagrun for our_first_dag_v5 to 2024-02-13 00:00:00+00:00, run_after=2024-02-14 00:00:00+00:00
[2024-02-27T04:19:28.951+0000] {processor.py:183} INFO - Processing /opt/airflow/dags/our_first_dag.py took 0.343 seconds
[2024-02-27T04:20:34.750+0000] {processor.py:161} INFO - Started process (PID=40) to work on /opt/airflow/dags/our_first_dag.py
[2024-02-27T04:20:34.752+0000] {processor.py:830} INFO - Processing file /opt/airflow/dags/our_first_dag.py for tasks to queue
[2024-02-27T04:20:34.755+0000] {logging_mixin.py:188} INFO - [2024-02-27T04:20:34.755+0000] {dagbag.py:538} INFO - Filling up the DagBag from /opt/airflow/dags/our_first_dag.py
[2024-02-27T04:20:34.817+0000] {processor.py:840} INFO - DAG(s) 'our_first_dag_v5' retrieved from /opt/airflow/dags/our_first_dag.py
[2024-02-27T04:20:34.927+0000] {logging_mixin.py:188} INFO - [2024-02-27T04:20:34.927+0000] {dag.py:3036} INFO - Sync 1 DAGs
[2024-02-27T04:20:34.996+0000] {logging_mixin.py:188} INFO - [2024-02-27T04:20:34.996+0000] {dag.py:3823} INFO - Setting next_dagrun for our_first_dag_v5 to 2024-02-13 00:00:00+00:00, run_after=2024-02-14 00:00:00+00:00
[2024-02-27T04:20:35.047+0000] {processor.py:183} INFO - Processing /opt/airflow/dags/our_first_dag.py took 0.306 seconds
[2024-02-27T04:21:05.640+0000] {processor.py:161} INFO - Started process (PID=53) to work on /opt/airflow/dags/our_first_dag.py
[2024-02-27T04:21:05.641+0000] {processor.py:830} INFO - Processing file /opt/airflow/dags/our_first_dag.py for tasks to queue
[2024-02-27T04:21:05.643+0000] {logging_mixin.py:188} INFO - [2024-02-27T04:21:05.642+0000] {dagbag.py:538} INFO - Filling up the DagBag from /opt/airflow/dags/our_first_dag.py
[2024-02-27T04:21:05.652+0000] {processor.py:840} INFO - DAG(s) 'our_first_dag_v5' retrieved from /opt/airflow/dags/our_first_dag.py
[2024-02-27T04:21:05.673+0000] {logging_mixin.py:188} INFO - [2024-02-27T04:21:05.673+0000] {dag.py:3036} INFO - Sync 1 DAGs
[2024-02-27T04:21:05.691+0000] {logging_mixin.py:188} INFO - [2024-02-27T04:21:05.691+0000] {dag.py:3823} INFO - Setting next_dagrun for our_first_dag_v5 to 2024-02-13 00:00:00+00:00, run_after=2024-02-14 00:00:00+00:00
[2024-02-27T04:21:05.709+0000] {processor.py:183} INFO - Processing /opt/airflow/dags/our_first_dag.py took 0.071 seconds
[2024-02-27T04:21:36.346+0000] {processor.py:161} INFO - Started process (PID=66) to work on /opt/airflow/dags/our_first_dag.py
[2024-02-27T04:21:36.351+0000] {processor.py:830} INFO - Processing file /opt/airflow/dags/our_first_dag.py for tasks to queue
[2024-02-27T04:21:36.355+0000] {logging_mixin.py:188} INFO - [2024-02-27T04:21:36.355+0000] {dagbag.py:538} INFO - Filling up the DagBag from /opt/airflow/dags/our_first_dag.py
[2024-02-27T04:21:36.391+0000] {processor.py:840} INFO - DAG(s) 'our_first_dag_v5' retrieved from /opt/airflow/dags/our_first_dag.py
[2024-02-27T04:21:36.429+0000] {logging_mixin.py:188} INFO - [2024-02-27T04:21:36.428+0000] {dag.py:3036} INFO - Sync 1 DAGs
[2024-02-27T04:21:36.465+0000] {logging_mixin.py:188} INFO - [2024-02-27T04:21:36.465+0000] {dag.py:3823} INFO - Setting next_dagrun for our_first_dag_v5 to 2024-02-13 00:00:00+00:00, run_after=2024-02-14 00:00:00+00:00
[2024-02-27T04:21:36.503+0000] {processor.py:183} INFO - Processing /opt/airflow/dags/our_first_dag.py took 0.165 seconds
[2024-02-27T04:22:07.182+0000] {processor.py:161} INFO - Started process (PID=79) to work on /opt/airflow/dags/our_first_dag.py
[2024-02-27T04:22:07.183+0000] {processor.py:830} INFO - Processing file /opt/airflow/dags/our_first_dag.py for tasks to queue
[2024-02-27T04:22:07.185+0000] {logging_mixin.py:188} INFO - [2024-02-27T04:22:07.185+0000] {dagbag.py:538} INFO - Filling up the DagBag from /opt/airflow/dags/our_first_dag.py
[2024-02-27T04:22:07.198+0000] {processor.py:840} INFO - DAG(s) 'our_first_dag_v5' retrieved from /opt/airflow/dags/our_first_dag.py
[2024-02-27T04:22:07.241+0000] {logging_mixin.py:188} INFO - [2024-02-27T04:22:07.241+0000] {dag.py:3036} INFO - Sync 1 DAGs
[2024-02-27T04:22:07.280+0000] {logging_mixin.py:188} INFO - [2024-02-27T04:22:07.279+0000] {dag.py:3823} INFO - Setting next_dagrun for our_first_dag_v5 to 2024-02-13 00:00:00+00:00, run_after=2024-02-14 00:00:00+00:00
[2024-02-27T04:22:07.314+0000] {processor.py:183} INFO - Processing /opt/airflow/dags/our_first_dag.py took 0.136 seconds
[2024-02-27T04:22:38.596+0000] {processor.py:161} INFO - Started process (PID=92) to work on /opt/airflow/dags/our_first_dag.py
[2024-02-27T04:22:38.597+0000] {processor.py:830} INFO - Processing file /opt/airflow/dags/our_first_dag.py for tasks to queue
[2024-02-27T04:22:38.617+0000] {logging_mixin.py:188} INFO - [2024-02-27T04:22:38.616+0000] {dagbag.py:538} INFO - Filling up the DagBag from /opt/airflow/dags/our_first_dag.py
[2024-02-27T04:22:38.704+0000] {processor.py:840} INFO - DAG(s) 'our_first_dag_v5' retrieved from /opt/airflow/dags/our_first_dag.py
[2024-02-27T04:22:38.867+0000] {logging_mixin.py:188} INFO - [2024-02-27T04:22:38.867+0000] {dag.py:3036} INFO - Sync 1 DAGs
[2024-02-27T04:22:38.932+0000] {logging_mixin.py:188} INFO - [2024-02-27T04:22:38.932+0000] {dag.py:3823} INFO - Setting next_dagrun for our_first_dag_v5 to 2024-02-13 00:00:00+00:00, run_after=2024-02-14 00:00:00+00:00
[2024-02-27T04:22:38.968+0000] {processor.py:183} INFO - Processing /opt/airflow/dags/our_first_dag.py took 0.395 seconds
[2024-02-27T04:23:09.562+0000] {processor.py:161} INFO - Started process (PID=105) to work on /opt/airflow/dags/our_first_dag.py
[2024-02-27T04:23:09.563+0000] {processor.py:830} INFO - Processing file /opt/airflow/dags/our_first_dag.py for tasks to queue
[2024-02-27T04:23:09.565+0000] {logging_mixin.py:188} INFO - [2024-02-27T04:23:09.564+0000] {dagbag.py:538} INFO - Filling up the DagBag from /opt/airflow/dags/our_first_dag.py
[2024-02-27T04:23:09.578+0000] {processor.py:840} INFO - DAG(s) 'our_first_dag_v5' retrieved from /opt/airflow/dags/our_first_dag.py
[2024-02-27T04:23:09.608+0000] {logging_mixin.py:188} INFO - [2024-02-27T04:23:09.608+0000] {dag.py:3036} INFO - Sync 1 DAGs
[2024-02-27T04:23:09.635+0000] {logging_mixin.py:188} INFO - [2024-02-27T04:23:09.635+0000] {dag.py:3823} INFO - Setting next_dagrun for our_first_dag_v5 to 2024-02-13 00:00:00+00:00, run_after=2024-02-14 00:00:00+00:00
[2024-02-27T04:23:09.661+0000] {processor.py:183} INFO - Processing /opt/airflow/dags/our_first_dag.py took 0.105 seconds
[2024-02-27T04:23:40.087+0000] {processor.py:161} INFO - Started process (PID=118) to work on /opt/airflow/dags/our_first_dag.py
[2024-02-27T04:23:40.088+0000] {processor.py:830} INFO - Processing file /opt/airflow/dags/our_first_dag.py for tasks to queue
[2024-02-27T04:23:40.091+0000] {logging_mixin.py:188} INFO - [2024-02-27T04:23:40.090+0000] {dagbag.py:538} INFO - Filling up the DagBag from /opt/airflow/dags/our_first_dag.py
[2024-02-27T04:23:40.103+0000] {processor.py:840} INFO - DAG(s) 'our_first_dag_v5' retrieved from /opt/airflow/dags/our_first_dag.py
[2024-02-27T04:23:40.148+0000] {logging_mixin.py:188} INFO - [2024-02-27T04:23:40.147+0000] {dag.py:3036} INFO - Sync 1 DAGs
[2024-02-27T04:23:40.189+0000] {logging_mixin.py:188} INFO - [2024-02-27T04:23:40.189+0000] {dag.py:3823} INFO - Setting next_dagrun for our_first_dag_v5 to 2024-02-13 00:00:00+00:00, run_after=2024-02-14 00:00:00+00:00
[2024-02-27T04:23:40.208+0000] {processor.py:183} INFO - Processing /opt/airflow/dags/our_first_dag.py took 0.124 seconds
[2024-02-27T04:24:10.662+0000] {processor.py:161} INFO - Started process (PID=131) to work on /opt/airflow/dags/our_first_dag.py
[2024-02-27T04:24:10.663+0000] {processor.py:830} INFO - Processing file /opt/airflow/dags/our_first_dag.py for tasks to queue
[2024-02-27T04:24:10.665+0000] {logging_mixin.py:188} INFO - [2024-02-27T04:24:10.665+0000] {dagbag.py:538} INFO - Filling up the DagBag from /opt/airflow/dags/our_first_dag.py
[2024-02-27T04:24:10.678+0000] {processor.py:840} INFO - DAG(s) 'our_first_dag_v5' retrieved from /opt/airflow/dags/our_first_dag.py
[2024-02-27T04:24:10.707+0000] {logging_mixin.py:188} INFO - [2024-02-27T04:24:10.707+0000] {dag.py:3036} INFO - Sync 1 DAGs
[2024-02-27T04:24:10.738+0000] {logging_mixin.py:188} INFO - [2024-02-27T04:24:10.738+0000] {dag.py:3823} INFO - Setting next_dagrun for our_first_dag_v5 to 2024-02-13 00:00:00+00:00, run_after=2024-02-14 00:00:00+00:00
[2024-02-27T04:24:10.760+0000] {processor.py:183} INFO - Processing /opt/airflow/dags/our_first_dag.py took 0.101 seconds
[2024-02-27T04:24:41.430+0000] {processor.py:161} INFO - Started process (PID=145) to work on /opt/airflow/dags/our_first_dag.py
[2024-02-27T04:24:41.431+0000] {processor.py:830} INFO - Processing file /opt/airflow/dags/our_first_dag.py for tasks to queue
[2024-02-27T04:24:41.433+0000] {logging_mixin.py:188} INFO - [2024-02-27T04:24:41.432+0000] {dagbag.py:538} INFO - Filling up the DagBag from /opt/airflow/dags/our_first_dag.py
[2024-02-27T04:24:41.445+0000] {processor.py:840} INFO - DAG(s) 'our_first_dag_v5' retrieved from /opt/airflow/dags/our_first_dag.py
[2024-02-27T04:24:41.475+0000] {logging_mixin.py:188} INFO - [2024-02-27T04:24:41.475+0000] {dag.py:3036} INFO - Sync 1 DAGs
[2024-02-27T04:24:41.503+0000] {logging_mixin.py:188} INFO - [2024-02-27T04:24:41.503+0000] {dag.py:3823} INFO - Setting next_dagrun for our_first_dag_v5 to 2024-02-13 00:00:00+00:00, run_after=2024-02-14 00:00:00+00:00
[2024-02-27T04:24:41.525+0000] {processor.py:183} INFO - Processing /opt/airflow/dags/our_first_dag.py took 0.098 seconds
[2024-02-27T04:25:12.342+0000] {processor.py:161} INFO - Started process (PID=159) to work on /opt/airflow/dags/our_first_dag.py
[2024-02-27T04:25:12.343+0000] {processor.py:830} INFO - Processing file /opt/airflow/dags/our_first_dag.py for tasks to queue
[2024-02-27T04:25:12.351+0000] {logging_mixin.py:188} INFO - [2024-02-27T04:25:12.350+0000] {dagbag.py:538} INFO - Filling up the DagBag from /opt/airflow/dags/our_first_dag.py
[2024-02-27T04:25:12.364+0000] {processor.py:840} INFO - DAG(s) 'our_first_dag_v5' retrieved from /opt/airflow/dags/our_first_dag.py
[2024-02-27T04:25:12.395+0000] {logging_mixin.py:188} INFO - [2024-02-27T04:25:12.394+0000] {dag.py:3036} INFO - Sync 1 DAGs
[2024-02-27T04:25:12.421+0000] {logging_mixin.py:188} INFO - [2024-02-27T04:25:12.421+0000] {dag.py:3823} INFO - Setting next_dagrun for our_first_dag_v5 to 2024-02-13 00:00:00+00:00, run_after=2024-02-14 00:00:00+00:00
[2024-02-27T04:25:12.446+0000] {processor.py:183} INFO - Processing /opt/airflow/dags/our_first_dag.py took 0.108 seconds
[2024-02-27T04:25:43.179+0000] {processor.py:161} INFO - Started process (PID=172) to work on /opt/airflow/dags/our_first_dag.py
[2024-02-27T04:25:43.180+0000] {processor.py:830} INFO - Processing file /opt/airflow/dags/our_first_dag.py for tasks to queue
[2024-02-27T04:25:43.182+0000] {logging_mixin.py:188} INFO - [2024-02-27T04:25:43.181+0000] {dagbag.py:538} INFO - Filling up the DagBag from /opt/airflow/dags/our_first_dag.py
[2024-02-27T04:25:43.193+0000] {processor.py:840} INFO - DAG(s) 'our_first_dag_v5' retrieved from /opt/airflow/dags/our_first_dag.py
[2024-02-27T04:25:43.222+0000] {logging_mixin.py:188} INFO - [2024-02-27T04:25:43.222+0000] {dag.py:3036} INFO - Sync 1 DAGs
[2024-02-27T04:25:43.249+0000] {logging_mixin.py:188} INFO - [2024-02-27T04:25:43.249+0000] {dag.py:3823} INFO - Setting next_dagrun for our_first_dag_v5 to 2024-02-13 00:00:00+00:00, run_after=2024-02-14 00:00:00+00:00
[2024-02-27T04:25:43.281+0000] {processor.py:183} INFO - Processing /opt/airflow/dags/our_first_dag.py took 0.106 seconds
[2024-02-27T04:26:13.806+0000] {processor.py:161} INFO - Started process (PID=186) to work on /opt/airflow/dags/our_first_dag.py
[2024-02-27T04:26:13.806+0000] {processor.py:830} INFO - Processing file /opt/airflow/dags/our_first_dag.py for tasks to queue
[2024-02-27T04:26:13.808+0000] {logging_mixin.py:188} INFO - [2024-02-27T04:26:13.808+0000] {dagbag.py:538} INFO - Filling up the DagBag from /opt/airflow/dags/our_first_dag.py
[2024-02-27T04:26:13.823+0000] {processor.py:840} INFO - DAG(s) 'our_first_dag_v5' retrieved from /opt/airflow/dags/our_first_dag.py
[2024-02-27T04:26:13.877+0000] {logging_mixin.py:188} INFO - [2024-02-27T04:26:13.876+0000] {dag.py:3036} INFO - Sync 1 DAGs
[2024-02-27T04:26:13.923+0000] {logging_mixin.py:188} INFO - [2024-02-27T04:26:13.922+0000] {dag.py:3823} INFO - Setting next_dagrun for our_first_dag_v5 to 2024-02-13 00:00:00+00:00, run_after=2024-02-14 00:00:00+00:00
[2024-02-27T04:26:13.955+0000] {processor.py:183} INFO - Processing /opt/airflow/dags/our_first_dag.py took 0.154 seconds
[2024-02-27T04:26:44.812+0000] {processor.py:161} INFO - Started process (PID=199) to work on /opt/airflow/dags/our_first_dag.py
[2024-02-27T04:26:44.854+0000] {processor.py:830} INFO - Processing file /opt/airflow/dags/our_first_dag.py for tasks to queue
[2024-02-27T04:26:44.859+0000] {logging_mixin.py:188} INFO - [2024-02-27T04:26:44.858+0000] {dagbag.py:538} INFO - Filling up the DagBag from /opt/airflow/dags/our_first_dag.py
[2024-02-27T04:26:45.009+0000] {processor.py:840} INFO - DAG(s) 'our_first_dag_v5' retrieved from /opt/airflow/dags/our_first_dag.py
[2024-02-27T04:26:45.213+0000] {logging_mixin.py:188} INFO - [2024-02-27T04:26:45.213+0000] {dag.py:3036} INFO - Sync 1 DAGs
[2024-02-27T04:26:45.360+0000] {logging_mixin.py:188} INFO - [2024-02-27T04:26:45.359+0000] {dag.py:3823} INFO - Setting next_dagrun for our_first_dag_v5 to 2024-02-13 00:00:00+00:00, run_after=2024-02-14 00:00:00+00:00
[2024-02-27T04:26:45.560+0000] {processor.py:183} INFO - Processing /opt/airflow/dags/our_first_dag.py took 0.774 seconds
[2024-02-27T04:27:16.136+0000] {processor.py:161} INFO - Started process (PID=211) to work on /opt/airflow/dags/our_first_dag.py
[2024-02-27T04:27:16.137+0000] {processor.py:830} INFO - Processing file /opt/airflow/dags/our_first_dag.py for tasks to queue
[2024-02-27T04:27:16.138+0000] {logging_mixin.py:188} INFO - [2024-02-27T04:27:16.138+0000] {dagbag.py:538} INFO - Filling up the DagBag from /opt/airflow/dags/our_first_dag.py
[2024-02-27T04:27:16.157+0000] {processor.py:840} INFO - DAG(s) 'our_first_dag_v5' retrieved from /opt/airflow/dags/our_first_dag.py
[2024-02-27T04:27:16.231+0000] {logging_mixin.py:188} INFO - [2024-02-27T04:27:16.231+0000] {dag.py:3036} INFO - Sync 1 DAGs
[2024-02-27T04:27:16.335+0000] {logging_mixin.py:188} INFO - [2024-02-27T04:27:16.335+0000] {dag.py:3823} INFO - Setting next_dagrun for our_first_dag_v5 to 2024-02-13 00:00:00+00:00, run_after=2024-02-14 00:00:00+00:00
[2024-02-27T04:27:16.394+0000] {processor.py:183} INFO - Processing /opt/airflow/dags/our_first_dag.py took 0.261 seconds
[2024-02-27T04:27:46.770+0000] {processor.py:161} INFO - Started process (PID=224) to work on /opt/airflow/dags/our_first_dag.py
[2024-02-27T04:27:46.772+0000] {processor.py:830} INFO - Processing file /opt/airflow/dags/our_first_dag.py for tasks to queue
[2024-02-27T04:27:46.773+0000] {logging_mixin.py:188} INFO - [2024-02-27T04:27:46.773+0000] {dagbag.py:538} INFO - Filling up the DagBag from /opt/airflow/dags/our_first_dag.py
[2024-02-27T04:27:46.796+0000] {processor.py:840} INFO - DAG(s) 'our_first_dag_v5' retrieved from /opt/airflow/dags/our_first_dag.py
[2024-02-27T04:27:46.864+0000] {logging_mixin.py:188} INFO - [2024-02-27T04:27:46.863+0000] {dag.py:3036} INFO - Sync 1 DAGs
[2024-02-27T04:27:46.898+0000] {logging_mixin.py:188} INFO - [2024-02-27T04:27:46.897+0000] {dag.py:3823} INFO - Setting next_dagrun for our_first_dag_v5 to 2024-02-13 00:00:00+00:00, run_after=2024-02-14 00:00:00+00:00
[2024-02-27T04:27:46.919+0000] {processor.py:183} INFO - Processing /opt/airflow/dags/our_first_dag.py took 0.153 seconds
[2024-02-27T04:28:17.260+0000] {processor.py:161} INFO - Started process (PID=243) to work on /opt/airflow/dags/our_first_dag.py
[2024-02-27T04:28:17.261+0000] {processor.py:830} INFO - Processing file /opt/airflow/dags/our_first_dag.py for tasks to queue
[2024-02-27T04:28:17.262+0000] {logging_mixin.py:188} INFO - [2024-02-27T04:28:17.262+0000] {dagbag.py:538} INFO - Filling up the DagBag from /opt/airflow/dags/our_first_dag.py
[2024-02-27T04:28:17.275+0000] {processor.py:840} INFO - DAG(s) 'our_first_dag_v5' retrieved from /opt/airflow/dags/our_first_dag.py
[2024-02-27T04:28:17.304+0000] {logging_mixin.py:188} INFO - [2024-02-27T04:28:17.304+0000] {dag.py:3036} INFO - Sync 1 DAGs
[2024-02-27T04:28:17.341+0000] {logging_mixin.py:188} INFO - [2024-02-27T04:28:17.341+0000] {dag.py:3823} INFO - Setting next_dagrun for our_first_dag_v5 to 2024-02-13 00:00:00+00:00, run_after=2024-02-14 00:00:00+00:00
[2024-02-27T04:28:17.362+0000] {processor.py:183} INFO - Processing /opt/airflow/dags/our_first_dag.py took 0.106 seconds
[2024-02-27T04:28:47.665+0000] {processor.py:161} INFO - Started process (PID=257) to work on /opt/airflow/dags/our_first_dag.py
[2024-02-27T04:28:47.666+0000] {processor.py:830} INFO - Processing file /opt/airflow/dags/our_first_dag.py for tasks to queue
[2024-02-27T04:28:47.667+0000] {logging_mixin.py:188} INFO - [2024-02-27T04:28:47.667+0000] {dagbag.py:538} INFO - Filling up the DagBag from /opt/airflow/dags/our_first_dag.py
[2024-02-27T04:28:47.685+0000] {processor.py:840} INFO - DAG(s) 'our_first_dag_v5' retrieved from /opt/airflow/dags/our_first_dag.py
[2024-02-27T04:28:47.725+0000] {logging_mixin.py:188} INFO - [2024-02-27T04:28:47.725+0000] {dag.py:3036} INFO - Sync 1 DAGs
[2024-02-27T04:28:47.751+0000] {logging_mixin.py:188} INFO - [2024-02-27T04:28:47.751+0000] {dag.py:3823} INFO - Setting next_dagrun for our_first_dag_v5 to 2024-02-13 00:00:00+00:00, run_after=2024-02-14 00:00:00+00:00
[2024-02-27T04:28:47.774+0000] {processor.py:183} INFO - Processing /opt/airflow/dags/our_first_dag.py took 0.113 seconds
[2024-02-27T04:29:18.153+0000] {processor.py:161} INFO - Started process (PID=270) to work on /opt/airflow/dags/our_first_dag.py
[2024-02-27T04:29:18.164+0000] {processor.py:830} INFO - Processing file /opt/airflow/dags/our_first_dag.py for tasks to queue
[2024-02-27T04:29:18.166+0000] {logging_mixin.py:188} INFO - [2024-02-27T04:29:18.165+0000] {dagbag.py:538} INFO - Filling up the DagBag from /opt/airflow/dags/our_first_dag.py
[2024-02-27T04:29:18.192+0000] {processor.py:840} INFO - DAG(s) 'our_first_dag_v5' retrieved from /opt/airflow/dags/our_first_dag.py
[2024-02-27T04:29:18.223+0000] {logging_mixin.py:188} INFO - [2024-02-27T04:29:18.223+0000] {dag.py:3036} INFO - Sync 1 DAGs
[2024-02-27T04:29:18.248+0000] {logging_mixin.py:188} INFO - [2024-02-27T04:29:18.248+0000] {dag.py:3823} INFO - Setting next_dagrun for our_first_dag_v5 to 2024-02-13 00:00:00+00:00, run_after=2024-02-14 00:00:00+00:00
[2024-02-27T04:29:18.268+0000] {processor.py:183} INFO - Processing /opt/airflow/dags/our_first_dag.py took 0.119 seconds
[2024-02-27T04:29:48.645+0000] {processor.py:161} INFO - Started process (PID=283) to work on /opt/airflow/dags/our_first_dag.py
[2024-02-27T04:29:48.652+0000] {processor.py:830} INFO - Processing file /opt/airflow/dags/our_first_dag.py for tasks to queue
[2024-02-27T04:29:48.654+0000] {logging_mixin.py:188} INFO - [2024-02-27T04:29:48.653+0000] {dagbag.py:538} INFO - Filling up the DagBag from /opt/airflow/dags/our_first_dag.py
[2024-02-27T04:29:48.678+0000] {processor.py:840} INFO - DAG(s) 'our_first_dag_v5' retrieved from /opt/airflow/dags/our_first_dag.py
[2024-02-27T04:29:48.758+0000] {logging_mixin.py:188} INFO - [2024-02-27T04:29:48.758+0000] {dag.py:3036} INFO - Sync 1 DAGs
[2024-02-27T04:29:48.816+0000] {logging_mixin.py:188} INFO - [2024-02-27T04:29:48.812+0000] {dag.py:3823} INFO - Setting next_dagrun for our_first_dag_v5 to 2024-02-13 00:00:00+00:00, run_after=2024-02-14 00:00:00+00:00
[2024-02-27T04:29:48.840+0000] {processor.py:183} INFO - Processing /opt/airflow/dags/our_first_dag.py took 0.216 seconds
[2024-02-27T04:30:19.374+0000] {processor.py:161} INFO - Started process (PID=296) to work on /opt/airflow/dags/our_first_dag.py
[2024-02-27T04:30:19.374+0000] {processor.py:830} INFO - Processing file /opt/airflow/dags/our_first_dag.py for tasks to queue
[2024-02-27T04:30:19.375+0000] {logging_mixin.py:188} INFO - [2024-02-27T04:30:19.375+0000] {dagbag.py:538} INFO - Filling up the DagBag from /opt/airflow/dags/our_first_dag.py
[2024-02-27T04:30:19.408+0000] {processor.py:840} INFO - DAG(s) 'our_first_dag_v5' retrieved from /opt/airflow/dags/our_first_dag.py
[2024-02-27T04:30:19.461+0000] {logging_mixin.py:188} INFO - [2024-02-27T04:30:19.461+0000] {dag.py:3036} INFO - Sync 1 DAGs
[2024-02-27T04:30:19.510+0000] {logging_mixin.py:188} INFO - [2024-02-27T04:30:19.510+0000] {dag.py:3823} INFO - Setting next_dagrun for our_first_dag_v5 to 2024-02-13 00:00:00+00:00, run_after=2024-02-14 00:00:00+00:00
[2024-02-27T04:30:19.581+0000] {processor.py:183} INFO - Processing /opt/airflow/dags/our_first_dag.py took 0.217 seconds
[2024-02-27T04:30:50.339+0000] {processor.py:161} INFO - Started process (PID=309) to work on /opt/airflow/dags/our_first_dag.py
[2024-02-27T04:30:50.345+0000] {processor.py:830} INFO - Processing file /opt/airflow/dags/our_first_dag.py for tasks to queue
[2024-02-27T04:30:50.346+0000] {logging_mixin.py:188} INFO - [2024-02-27T04:30:50.346+0000] {dagbag.py:538} INFO - Filling up the DagBag from /opt/airflow/dags/our_first_dag.py
[2024-02-27T04:30:50.404+0000] {processor.py:840} INFO - DAG(s) 'our_first_dag_v5' retrieved from /opt/airflow/dags/our_first_dag.py
[2024-02-27T04:30:50.464+0000] {logging_mixin.py:188} INFO - [2024-02-27T04:30:50.463+0000] {dag.py:3036} INFO - Sync 1 DAGs
[2024-02-27T04:30:50.487+0000] {logging_mixin.py:188} INFO - [2024-02-27T04:30:50.487+0000] {dag.py:3823} INFO - Setting next_dagrun for our_first_dag_v5 to 2024-02-13 00:00:00+00:00, run_after=2024-02-14 00:00:00+00:00
[2024-02-27T04:30:50.512+0000] {processor.py:183} INFO - Processing /opt/airflow/dags/our_first_dag.py took 0.188 seconds
[2024-02-27T04:31:20.808+0000] {processor.py:161} INFO - Started process (PID=323) to work on /opt/airflow/dags/our_first_dag.py
[2024-02-27T04:31:20.809+0000] {processor.py:830} INFO - Processing file /opt/airflow/dags/our_first_dag.py for tasks to queue
[2024-02-27T04:31:20.811+0000] {logging_mixin.py:188} INFO - [2024-02-27T04:31:20.810+0000] {dagbag.py:538} INFO - Filling up the DagBag from /opt/airflow/dags/our_first_dag.py
[2024-02-27T04:31:20.824+0000] {processor.py:840} INFO - DAG(s) 'our_first_dag_v5' retrieved from /opt/airflow/dags/our_first_dag.py
[2024-02-27T04:31:20.857+0000] {logging_mixin.py:188} INFO - [2024-02-27T04:31:20.856+0000] {dag.py:3036} INFO - Sync 1 DAGs
[2024-02-27T04:31:20.897+0000] {logging_mixin.py:188} INFO - [2024-02-27T04:31:20.896+0000] {dag.py:3823} INFO - Setting next_dagrun for our_first_dag_v5 to 2024-02-13 00:00:00+00:00, run_after=2024-02-14 00:00:00+00:00
[2024-02-27T04:31:20.964+0000] {processor.py:183} INFO - Processing /opt/airflow/dags/our_first_dag.py took 0.159 seconds
[2024-02-27T04:31:51.427+0000] {processor.py:161} INFO - Started process (PID=335) to work on /opt/airflow/dags/our_first_dag.py
[2024-02-27T04:31:51.428+0000] {processor.py:830} INFO - Processing file /opt/airflow/dags/our_first_dag.py for tasks to queue
[2024-02-27T04:31:51.430+0000] {logging_mixin.py:188} INFO - [2024-02-27T04:31:51.429+0000] {dagbag.py:538} INFO - Filling up the DagBag from /opt/airflow/dags/our_first_dag.py
[2024-02-27T04:31:51.489+0000] {processor.py:840} INFO - DAG(s) 'our_first_dag_v5' retrieved from /opt/airflow/dags/our_first_dag.py
[2024-02-27T04:31:51.542+0000] {logging_mixin.py:188} INFO - [2024-02-27T04:31:51.542+0000] {dag.py:3036} INFO - Sync 1 DAGs
[2024-02-27T04:31:51.585+0000] {logging_mixin.py:188} INFO - [2024-02-27T04:31:51.585+0000] {dag.py:3823} INFO - Setting next_dagrun for our_first_dag_v5 to 2024-02-13 00:00:00+00:00, run_after=2024-02-14 00:00:00+00:00
[2024-02-27T04:31:51.625+0000] {processor.py:183} INFO - Processing /opt/airflow/dags/our_first_dag.py took 0.222 seconds
