[2024-02-10T17:43:05.495+0000] {processor.py:161} INFO - Started process (PID=58) to work on /home/airflow/.local/lib/python3.8/site-packages/airflow/example_dags/example_branch_operator.py
[2024-02-10T17:43:05.498+0000] {processor.py:830} INFO - Processing file /home/airflow/.local/lib/python3.8/site-packages/airflow/example_dags/example_branch_operator.py for tasks to queue
[2024-02-10T17:43:05.500+0000] {logging_mixin.py:188} INFO - [2024-02-10T17:43:05.499+0000] {dagbag.py:538} INFO - Filling up the DagBag from /home/airflow/.local/lib/python3.8/site-packages/airflow/example_dags/example_branch_operator.py
[2024-02-10T17:43:05.578+0000] {processor.py:840} INFO - DAG(s) 'example_branch_operator' retrieved from /home/airflow/.local/lib/python3.8/site-packages/airflow/example_dags/example_branch_operator.py
[2024-02-10T17:43:05.874+0000] {logging_mixin.py:188} INFO - [2024-02-10T17:43:05.873+0000] {dag.py:3036} INFO - Sync 1 DAGs
[2024-02-10T17:43:05.929+0000] {logging_mixin.py:188} INFO - [2024-02-10T17:43:05.926+0000] {dag.py:3823} INFO - Setting next_dagrun for example_branch_operator to 2024-02-09 00:00:00+00:00, run_after=2024-02-10 00:00:00+00:00
[2024-02-10T17:43:05.976+0000] {processor.py:183} INFO - Processing /home/airflow/.local/lib/python3.8/site-packages/airflow/example_dags/example_branch_operator.py took 0.507 seconds
[2024-02-10T17:43:36.147+0000] {processor.py:161} INFO - Started process (PID=113) to work on /home/airflow/.local/lib/python3.8/site-packages/airflow/example_dags/example_branch_operator.py
[2024-02-10T17:43:36.148+0000] {processor.py:830} INFO - Processing file /home/airflow/.local/lib/python3.8/site-packages/airflow/example_dags/example_branch_operator.py for tasks to queue
[2024-02-10T17:43:36.150+0000] {logging_mixin.py:188} INFO - [2024-02-10T17:43:36.150+0000] {dagbag.py:538} INFO - Filling up the DagBag from /home/airflow/.local/lib/python3.8/site-packages/airflow/example_dags/example_branch_operator.py
[2024-02-10T17:43:36.173+0000] {processor.py:840} INFO - DAG(s) 'example_branch_operator' retrieved from /home/airflow/.local/lib/python3.8/site-packages/airflow/example_dags/example_branch_operator.py
[2024-02-10T17:43:36.207+0000] {logging_mixin.py:188} INFO - [2024-02-10T17:43:36.206+0000] {dag.py:3036} INFO - Sync 1 DAGs
[2024-02-10T17:43:36.233+0000] {logging_mixin.py:188} INFO - [2024-02-10T17:43:36.233+0000] {dag.py:3823} INFO - Setting next_dagrun for example_branch_operator to 2024-02-09 00:00:00+00:00, run_after=2024-02-10 00:00:00+00:00
[2024-02-10T17:43:36.257+0000] {processor.py:183} INFO - Processing /home/airflow/.local/lib/python3.8/site-packages/airflow/example_dags/example_branch_operator.py took 0.113 seconds
[2024-02-10T17:44:06.598+0000] {processor.py:161} INFO - Started process (PID=168) to work on /home/airflow/.local/lib/python3.8/site-packages/airflow/example_dags/example_branch_operator.py
[2024-02-10T17:44:06.599+0000] {processor.py:830} INFO - Processing file /home/airflow/.local/lib/python3.8/site-packages/airflow/example_dags/example_branch_operator.py for tasks to queue
[2024-02-10T17:44:06.601+0000] {logging_mixin.py:188} INFO - [2024-02-10T17:44:06.600+0000] {dagbag.py:538} INFO - Filling up the DagBag from /home/airflow/.local/lib/python3.8/site-packages/airflow/example_dags/example_branch_operator.py
[2024-02-10T17:44:06.622+0000] {processor.py:840} INFO - DAG(s) 'example_branch_operator' retrieved from /home/airflow/.local/lib/python3.8/site-packages/airflow/example_dags/example_branch_operator.py
[2024-02-10T17:44:06.658+0000] {logging_mixin.py:188} INFO - [2024-02-10T17:44:06.658+0000] {dag.py:3036} INFO - Sync 1 DAGs
[2024-02-10T17:44:06.685+0000] {logging_mixin.py:188} INFO - [2024-02-10T17:44:06.685+0000] {dag.py:3823} INFO - Setting next_dagrun for example_branch_operator to 2024-02-09 00:00:00+00:00, run_after=2024-02-10 00:00:00+00:00
[2024-02-10T17:44:06.710+0000] {processor.py:183} INFO - Processing /home/airflow/.local/lib/python3.8/site-packages/airflow/example_dags/example_branch_operator.py took 0.115 seconds
[2024-02-10T17:44:37.216+0000] {processor.py:161} INFO - Started process (PID=223) to work on /home/airflow/.local/lib/python3.8/site-packages/airflow/example_dags/example_branch_operator.py
[2024-02-10T17:44:37.226+0000] {processor.py:830} INFO - Processing file /home/airflow/.local/lib/python3.8/site-packages/airflow/example_dags/example_branch_operator.py for tasks to queue
[2024-02-10T17:44:37.228+0000] {logging_mixin.py:188} INFO - [2024-02-10T17:44:37.228+0000] {dagbag.py:538} INFO - Filling up the DagBag from /home/airflow/.local/lib/python3.8/site-packages/airflow/example_dags/example_branch_operator.py
[2024-02-10T17:44:37.273+0000] {processor.py:840} INFO - DAG(s) 'example_branch_operator' retrieved from /home/airflow/.local/lib/python3.8/site-packages/airflow/example_dags/example_branch_operator.py
[2024-02-10T17:44:37.307+0000] {logging_mixin.py:188} INFO - [2024-02-10T17:44:37.307+0000] {dag.py:3036} INFO - Sync 1 DAGs
[2024-02-10T17:44:37.334+0000] {logging_mixin.py:188} INFO - [2024-02-10T17:44:37.334+0000] {dag.py:3823} INFO - Setting next_dagrun for example_branch_operator to 2024-02-09 00:00:00+00:00, run_after=2024-02-10 00:00:00+00:00
[2024-02-10T17:44:37.359+0000] {processor.py:183} INFO - Processing /home/airflow/.local/lib/python3.8/site-packages/airflow/example_dags/example_branch_operator.py took 0.145 seconds
[2024-02-10T17:45:07.764+0000] {processor.py:161} INFO - Started process (PID=278) to work on /home/airflow/.local/lib/python3.8/site-packages/airflow/example_dags/example_branch_operator.py
[2024-02-10T17:45:07.765+0000] {processor.py:830} INFO - Processing file /home/airflow/.local/lib/python3.8/site-packages/airflow/example_dags/example_branch_operator.py for tasks to queue
[2024-02-10T17:45:07.767+0000] {logging_mixin.py:188} INFO - [2024-02-10T17:45:07.767+0000] {dagbag.py:538} INFO - Filling up the DagBag from /home/airflow/.local/lib/python3.8/site-packages/airflow/example_dags/example_branch_operator.py
[2024-02-10T17:45:07.791+0000] {processor.py:840} INFO - DAG(s) 'example_branch_operator' retrieved from /home/airflow/.local/lib/python3.8/site-packages/airflow/example_dags/example_branch_operator.py
[2024-02-10T17:45:07.824+0000] {logging_mixin.py:188} INFO - [2024-02-10T17:45:07.824+0000] {dag.py:3036} INFO - Sync 1 DAGs
[2024-02-10T17:45:07.853+0000] {logging_mixin.py:188} INFO - [2024-02-10T17:45:07.853+0000] {dag.py:3823} INFO - Setting next_dagrun for example_branch_operator to 2024-02-09 00:00:00+00:00, run_after=2024-02-10 00:00:00+00:00
[2024-02-10T17:45:07.877+0000] {processor.py:183} INFO - Processing /home/airflow/.local/lib/python3.8/site-packages/airflow/example_dags/example_branch_operator.py took 0.117 seconds
[2024-02-10T17:45:38.907+0000] {processor.py:161} INFO - Started process (PID=332) to work on /home/airflow/.local/lib/python3.8/site-packages/airflow/example_dags/example_branch_operator.py
[2024-02-10T17:45:38.908+0000] {processor.py:830} INFO - Processing file /home/airflow/.local/lib/python3.8/site-packages/airflow/example_dags/example_branch_operator.py for tasks to queue
[2024-02-10T17:45:38.910+0000] {logging_mixin.py:188} INFO - [2024-02-10T17:45:38.909+0000] {dagbag.py:538} INFO - Filling up the DagBag from /home/airflow/.local/lib/python3.8/site-packages/airflow/example_dags/example_branch_operator.py
[2024-02-10T17:45:38.931+0000] {processor.py:840} INFO - DAG(s) 'example_branch_operator' retrieved from /home/airflow/.local/lib/python3.8/site-packages/airflow/example_dags/example_branch_operator.py
[2024-02-10T17:45:39.008+0000] {logging_mixin.py:188} INFO - [2024-02-10T17:45:39.007+0000] {dag.py:3036} INFO - Sync 1 DAGs
[2024-02-10T17:45:39.036+0000] {logging_mixin.py:188} INFO - [2024-02-10T17:45:39.036+0000] {dag.py:3823} INFO - Setting next_dagrun for example_branch_operator to 2024-02-09 00:00:00+00:00, run_after=2024-02-10 00:00:00+00:00
[2024-02-10T17:45:39.074+0000] {processor.py:183} INFO - Processing /home/airflow/.local/lib/python3.8/site-packages/airflow/example_dags/example_branch_operator.py took 0.171 seconds
[2024-02-10T17:46:10.038+0000] {processor.py:161} INFO - Started process (PID=388) to work on /home/airflow/.local/lib/python3.8/site-packages/airflow/example_dags/example_branch_operator.py
[2024-02-10T17:46:10.044+0000] {processor.py:830} INFO - Processing file /home/airflow/.local/lib/python3.8/site-packages/airflow/example_dags/example_branch_operator.py for tasks to queue
[2024-02-10T17:46:10.046+0000] {logging_mixin.py:188} INFO - [2024-02-10T17:46:10.046+0000] {dagbag.py:538} INFO - Filling up the DagBag from /home/airflow/.local/lib/python3.8/site-packages/airflow/example_dags/example_branch_operator.py
[2024-02-10T17:46:10.085+0000] {processor.py:840} INFO - DAG(s) 'example_branch_operator' retrieved from /home/airflow/.local/lib/python3.8/site-packages/airflow/example_dags/example_branch_operator.py
[2024-02-10T17:46:10.190+0000] {logging_mixin.py:188} INFO - [2024-02-10T17:46:10.189+0000] {dag.py:3036} INFO - Sync 1 DAGs
[2024-02-10T17:46:10.226+0000] {logging_mixin.py:188} INFO - [2024-02-10T17:46:10.225+0000] {dag.py:3823} INFO - Setting next_dagrun for example_branch_operator to 2024-02-09 00:00:00+00:00, run_after=2024-02-10 00:00:00+00:00
[2024-02-10T17:46:10.254+0000] {processor.py:183} INFO - Processing /home/airflow/.local/lib/python3.8/site-packages/airflow/example_dags/example_branch_operator.py took 0.228 seconds
[2024-02-10T17:46:41.133+0000] {processor.py:161} INFO - Started process (PID=444) to work on /home/airflow/.local/lib/python3.8/site-packages/airflow/example_dags/example_branch_operator.py
[2024-02-10T17:46:41.137+0000] {processor.py:830} INFO - Processing file /home/airflow/.local/lib/python3.8/site-packages/airflow/example_dags/example_branch_operator.py for tasks to queue
[2024-02-10T17:46:41.143+0000] {logging_mixin.py:188} INFO - [2024-02-10T17:46:41.143+0000] {dagbag.py:538} INFO - Filling up the DagBag from /home/airflow/.local/lib/python3.8/site-packages/airflow/example_dags/example_branch_operator.py
[2024-02-10T17:46:41.193+0000] {processor.py:840} INFO - DAG(s) 'example_branch_operator' retrieved from /home/airflow/.local/lib/python3.8/site-packages/airflow/example_dags/example_branch_operator.py
[2024-02-10T17:46:41.271+0000] {logging_mixin.py:188} INFO - [2024-02-10T17:46:41.270+0000] {dag.py:3036} INFO - Sync 1 DAGs
[2024-02-10T17:46:41.312+0000] {logging_mixin.py:188} INFO - [2024-02-10T17:46:41.311+0000] {dag.py:3823} INFO - Setting next_dagrun for example_branch_operator to 2024-02-09 00:00:00+00:00, run_after=2024-02-10 00:00:00+00:00
[2024-02-10T17:46:41.360+0000] {processor.py:183} INFO - Processing /home/airflow/.local/lib/python3.8/site-packages/airflow/example_dags/example_branch_operator.py took 0.232 seconds
[2024-02-10T17:47:11.557+0000] {processor.py:161} INFO - Started process (PID=499) to work on /home/airflow/.local/lib/python3.8/site-packages/airflow/example_dags/example_branch_operator.py
[2024-02-10T17:47:11.557+0000] {processor.py:830} INFO - Processing file /home/airflow/.local/lib/python3.8/site-packages/airflow/example_dags/example_branch_operator.py for tasks to queue
[2024-02-10T17:47:11.559+0000] {logging_mixin.py:188} INFO - [2024-02-10T17:47:11.559+0000] {dagbag.py:538} INFO - Filling up the DagBag from /home/airflow/.local/lib/python3.8/site-packages/airflow/example_dags/example_branch_operator.py
[2024-02-10T17:47:11.582+0000] {processor.py:840} INFO - DAG(s) 'example_branch_operator' retrieved from /home/airflow/.local/lib/python3.8/site-packages/airflow/example_dags/example_branch_operator.py
[2024-02-10T17:47:11.612+0000] {logging_mixin.py:188} INFO - [2024-02-10T17:47:11.612+0000] {dag.py:3036} INFO - Sync 1 DAGs
[2024-02-10T17:47:11.636+0000] {logging_mixin.py:188} INFO - [2024-02-10T17:47:11.636+0000] {dag.py:3823} INFO - Setting next_dagrun for example_branch_operator to 2024-02-09 00:00:00+00:00, run_after=2024-02-10 00:00:00+00:00
[2024-02-10T17:47:11.659+0000] {processor.py:183} INFO - Processing /home/airflow/.local/lib/python3.8/site-packages/airflow/example_dags/example_branch_operator.py took 0.112 seconds
[2024-02-10T17:47:41.901+0000] {processor.py:161} INFO - Started process (PID=554) to work on /home/airflow/.local/lib/python3.8/site-packages/airflow/example_dags/example_branch_operator.py
[2024-02-10T17:47:41.902+0000] {processor.py:830} INFO - Processing file /home/airflow/.local/lib/python3.8/site-packages/airflow/example_dags/example_branch_operator.py for tasks to queue
[2024-02-10T17:47:41.905+0000] {logging_mixin.py:188} INFO - [2024-02-10T17:47:41.904+0000] {dagbag.py:538} INFO - Filling up the DagBag from /home/airflow/.local/lib/python3.8/site-packages/airflow/example_dags/example_branch_operator.py
[2024-02-10T17:47:41.951+0000] {processor.py:840} INFO - DAG(s) 'example_branch_operator' retrieved from /home/airflow/.local/lib/python3.8/site-packages/airflow/example_dags/example_branch_operator.py
[2024-02-10T17:47:41.982+0000] {logging_mixin.py:188} INFO - [2024-02-10T17:47:41.982+0000] {dag.py:3036} INFO - Sync 1 DAGs
[2024-02-10T17:47:42.008+0000] {logging_mixin.py:188} INFO - [2024-02-10T17:47:42.007+0000] {dag.py:3823} INFO - Setting next_dagrun for example_branch_operator to 2024-02-09 00:00:00+00:00, run_after=2024-02-10 00:00:00+00:00
[2024-02-10T17:47:42.034+0000] {processor.py:183} INFO - Processing /home/airflow/.local/lib/python3.8/site-packages/airflow/example_dags/example_branch_operator.py took 0.136 seconds
[2024-02-10T17:48:12.184+0000] {processor.py:161} INFO - Started process (PID=611) to work on /home/airflow/.local/lib/python3.8/site-packages/airflow/example_dags/example_branch_operator.py
[2024-02-10T17:48:12.185+0000] {processor.py:830} INFO - Processing file /home/airflow/.local/lib/python3.8/site-packages/airflow/example_dags/example_branch_operator.py for tasks to queue
[2024-02-10T17:48:12.187+0000] {logging_mixin.py:188} INFO - [2024-02-10T17:48:12.187+0000] {dagbag.py:538} INFO - Filling up the DagBag from /home/airflow/.local/lib/python3.8/site-packages/airflow/example_dags/example_branch_operator.py
[2024-02-10T17:48:12.213+0000] {processor.py:840} INFO - DAG(s) 'example_branch_operator' retrieved from /home/airflow/.local/lib/python3.8/site-packages/airflow/example_dags/example_branch_operator.py
[2024-02-10T17:48:12.244+0000] {logging_mixin.py:188} INFO - [2024-02-10T17:48:12.244+0000] {dag.py:3036} INFO - Sync 1 DAGs
[2024-02-10T17:48:12.272+0000] {logging_mixin.py:188} INFO - [2024-02-10T17:48:12.272+0000] {dag.py:3823} INFO - Setting next_dagrun for example_branch_operator to 2024-02-09 00:00:00+00:00, run_after=2024-02-10 00:00:00+00:00
[2024-02-10T17:48:12.301+0000] {processor.py:183} INFO - Processing /home/airflow/.local/lib/python3.8/site-packages/airflow/example_dags/example_branch_operator.py took 0.121 seconds
[2024-02-10T17:48:43.150+0000] {processor.py:161} INFO - Started process (PID=669) to work on /home/airflow/.local/lib/python3.8/site-packages/airflow/example_dags/example_branch_operator.py
[2024-02-10T17:48:43.151+0000] {processor.py:830} INFO - Processing file /home/airflow/.local/lib/python3.8/site-packages/airflow/example_dags/example_branch_operator.py for tasks to queue
[2024-02-10T17:48:43.153+0000] {logging_mixin.py:188} INFO - [2024-02-10T17:48:43.153+0000] {dagbag.py:538} INFO - Filling up the DagBag from /home/airflow/.local/lib/python3.8/site-packages/airflow/example_dags/example_branch_operator.py
[2024-02-10T17:48:43.175+0000] {processor.py:840} INFO - DAG(s) 'example_branch_operator' retrieved from /home/airflow/.local/lib/python3.8/site-packages/airflow/example_dags/example_branch_operator.py
[2024-02-10T17:48:43.209+0000] {logging_mixin.py:188} INFO - [2024-02-10T17:48:43.209+0000] {dag.py:3036} INFO - Sync 1 DAGs
[2024-02-10T17:48:43.236+0000] {logging_mixin.py:188} INFO - [2024-02-10T17:48:43.236+0000] {dag.py:3823} INFO - Setting next_dagrun for example_branch_operator to 2024-02-09 00:00:00+00:00, run_after=2024-02-10 00:00:00+00:00
[2024-02-10T17:48:43.260+0000] {processor.py:183} INFO - Processing /home/airflow/.local/lib/python3.8/site-packages/airflow/example_dags/example_branch_operator.py took 0.114 seconds
[2024-02-10T17:49:13.688+0000] {processor.py:161} INFO - Started process (PID=724) to work on /home/airflow/.local/lib/python3.8/site-packages/airflow/example_dags/example_branch_operator.py
[2024-02-10T17:49:13.689+0000] {processor.py:830} INFO - Processing file /home/airflow/.local/lib/python3.8/site-packages/airflow/example_dags/example_branch_operator.py for tasks to queue
[2024-02-10T17:49:13.691+0000] {logging_mixin.py:188} INFO - [2024-02-10T17:49:13.691+0000] {dagbag.py:538} INFO - Filling up the DagBag from /home/airflow/.local/lib/python3.8/site-packages/airflow/example_dags/example_branch_operator.py
[2024-02-10T17:49:13.712+0000] {processor.py:840} INFO - DAG(s) 'example_branch_operator' retrieved from /home/airflow/.local/lib/python3.8/site-packages/airflow/example_dags/example_branch_operator.py
[2024-02-10T17:49:13.746+0000] {logging_mixin.py:188} INFO - [2024-02-10T17:49:13.746+0000] {dag.py:3036} INFO - Sync 1 DAGs
[2024-02-10T17:49:13.773+0000] {logging_mixin.py:188} INFO - [2024-02-10T17:49:13.773+0000] {dag.py:3823} INFO - Setting next_dagrun for example_branch_operator to 2024-02-09 00:00:00+00:00, run_after=2024-02-10 00:00:00+00:00
[2024-02-10T17:49:13.819+0000] {processor.py:183} INFO - Processing /home/airflow/.local/lib/python3.8/site-packages/airflow/example_dags/example_branch_operator.py took 0.135 seconds
[2024-02-10T17:49:43.886+0000] {processor.py:161} INFO - Started process (PID=778) to work on /home/airflow/.local/lib/python3.8/site-packages/airflow/example_dags/example_branch_operator.py
[2024-02-10T17:49:43.887+0000] {processor.py:830} INFO - Processing file /home/airflow/.local/lib/python3.8/site-packages/airflow/example_dags/example_branch_operator.py for tasks to queue
[2024-02-10T17:49:43.889+0000] {logging_mixin.py:188} INFO - [2024-02-10T17:49:43.889+0000] {dagbag.py:538} INFO - Filling up the DagBag from /home/airflow/.local/lib/python3.8/site-packages/airflow/example_dags/example_branch_operator.py
[2024-02-10T17:49:43.910+0000] {processor.py:840} INFO - DAG(s) 'example_branch_operator' retrieved from /home/airflow/.local/lib/python3.8/site-packages/airflow/example_dags/example_branch_operator.py
[2024-02-10T17:49:43.944+0000] {logging_mixin.py:188} INFO - [2024-02-10T17:49:43.944+0000] {dag.py:3036} INFO - Sync 1 DAGs
[2024-02-10T17:49:43.967+0000] {logging_mixin.py:188} INFO - [2024-02-10T17:49:43.967+0000] {dag.py:3823} INFO - Setting next_dagrun for example_branch_operator to 2024-02-09 00:00:00+00:00, run_after=2024-02-10 00:00:00+00:00
[2024-02-10T17:49:43.990+0000] {processor.py:183} INFO - Processing /home/airflow/.local/lib/python3.8/site-packages/airflow/example_dags/example_branch_operator.py took 0.108 seconds
[2024-02-10T17:50:14.861+0000] {processor.py:161} INFO - Started process (PID=834) to work on /home/airflow/.local/lib/python3.8/site-packages/airflow/example_dags/example_branch_operator.py
[2024-02-10T17:50:14.862+0000] {processor.py:830} INFO - Processing file /home/airflow/.local/lib/python3.8/site-packages/airflow/example_dags/example_branch_operator.py for tasks to queue
[2024-02-10T17:50:14.864+0000] {logging_mixin.py:188} INFO - [2024-02-10T17:50:14.864+0000] {dagbag.py:538} INFO - Filling up the DagBag from /home/airflow/.local/lib/python3.8/site-packages/airflow/example_dags/example_branch_operator.py
[2024-02-10T17:50:14.886+0000] {processor.py:840} INFO - DAG(s) 'example_branch_operator' retrieved from /home/airflow/.local/lib/python3.8/site-packages/airflow/example_dags/example_branch_operator.py
[2024-02-10T17:50:14.921+0000] {logging_mixin.py:188} INFO - [2024-02-10T17:50:14.921+0000] {dag.py:3036} INFO - Sync 1 DAGs
[2024-02-10T17:50:14.948+0000] {logging_mixin.py:188} INFO - [2024-02-10T17:50:14.947+0000] {dag.py:3823} INFO - Setting next_dagrun for example_branch_operator to 2024-02-09 00:00:00+00:00, run_after=2024-02-10 00:00:00+00:00
[2024-02-10T17:50:14.971+0000] {processor.py:183} INFO - Processing /home/airflow/.local/lib/python3.8/site-packages/airflow/example_dags/example_branch_operator.py took 0.114 seconds
[2024-02-10T17:50:45.944+0000] {processor.py:161} INFO - Started process (PID=889) to work on /home/airflow/.local/lib/python3.8/site-packages/airflow/example_dags/example_branch_operator.py
[2024-02-10T17:50:45.945+0000] {processor.py:830} INFO - Processing file /home/airflow/.local/lib/python3.8/site-packages/airflow/example_dags/example_branch_operator.py for tasks to queue
[2024-02-10T17:50:45.946+0000] {logging_mixin.py:188} INFO - [2024-02-10T17:50:45.946+0000] {dagbag.py:538} INFO - Filling up the DagBag from /home/airflow/.local/lib/python3.8/site-packages/airflow/example_dags/example_branch_operator.py
[2024-02-10T17:50:45.967+0000] {processor.py:840} INFO - DAG(s) 'example_branch_operator' retrieved from /home/airflow/.local/lib/python3.8/site-packages/airflow/example_dags/example_branch_operator.py
[2024-02-10T17:50:46.027+0000] {logging_mixin.py:188} INFO - [2024-02-10T17:50:46.026+0000] {dag.py:3036} INFO - Sync 1 DAGs
[2024-02-10T17:50:46.053+0000] {logging_mixin.py:188} INFO - [2024-02-10T17:50:46.053+0000] {dag.py:3823} INFO - Setting next_dagrun for example_branch_operator to 2024-02-09 00:00:00+00:00, run_after=2024-02-10 00:00:00+00:00
[2024-02-10T17:50:46.079+0000] {processor.py:183} INFO - Processing /home/airflow/.local/lib/python3.8/site-packages/airflow/example_dags/example_branch_operator.py took 0.139 seconds
[2024-02-10T17:51:16.216+0000] {processor.py:161} INFO - Started process (PID=943) to work on /home/airflow/.local/lib/python3.8/site-packages/airflow/example_dags/example_branch_operator.py
[2024-02-10T17:51:16.217+0000] {processor.py:830} INFO - Processing file /home/airflow/.local/lib/python3.8/site-packages/airflow/example_dags/example_branch_operator.py for tasks to queue
[2024-02-10T17:51:16.218+0000] {logging_mixin.py:188} INFO - [2024-02-10T17:51:16.218+0000] {dagbag.py:538} INFO - Filling up the DagBag from /home/airflow/.local/lib/python3.8/site-packages/airflow/example_dags/example_branch_operator.py
[2024-02-10T17:51:16.232+0000] {processor.py:840} INFO - DAG(s) 'example_branch_operator' retrieved from /home/airflow/.local/lib/python3.8/site-packages/airflow/example_dags/example_branch_operator.py
[2024-02-10T17:51:16.254+0000] {logging_mixin.py:188} INFO - [2024-02-10T17:51:16.254+0000] {dag.py:3036} INFO - Sync 1 DAGs
[2024-02-10T17:51:16.272+0000] {logging_mixin.py:188} INFO - [2024-02-10T17:51:16.272+0000] {dag.py:3823} INFO - Setting next_dagrun for example_branch_operator to 2024-02-09 00:00:00+00:00, run_after=2024-02-10 00:00:00+00:00
[2024-02-10T17:51:16.298+0000] {processor.py:183} INFO - Processing /home/airflow/.local/lib/python3.8/site-packages/airflow/example_dags/example_branch_operator.py took 0.084 seconds
[2024-02-10T17:51:46.455+0000] {processor.py:161} INFO - Started process (PID=998) to work on /home/airflow/.local/lib/python3.8/site-packages/airflow/example_dags/example_branch_operator.py
[2024-02-10T17:51:46.456+0000] {processor.py:830} INFO - Processing file /home/airflow/.local/lib/python3.8/site-packages/airflow/example_dags/example_branch_operator.py for tasks to queue
[2024-02-10T17:51:46.458+0000] {logging_mixin.py:188} INFO - [2024-02-10T17:51:46.458+0000] {dagbag.py:538} INFO - Filling up the DagBag from /home/airflow/.local/lib/python3.8/site-packages/airflow/example_dags/example_branch_operator.py
[2024-02-10T17:51:46.506+0000] {processor.py:840} INFO - DAG(s) 'example_branch_operator' retrieved from /home/airflow/.local/lib/python3.8/site-packages/airflow/example_dags/example_branch_operator.py
[2024-02-10T17:51:46.582+0000] {logging_mixin.py:188} INFO - [2024-02-10T17:51:46.582+0000] {dag.py:3036} INFO - Sync 1 DAGs
[2024-02-10T17:51:46.628+0000] {logging_mixin.py:188} INFO - [2024-02-10T17:51:46.628+0000] {dag.py:3823} INFO - Setting next_dagrun for example_branch_operator to 2024-02-09 00:00:00+00:00, run_after=2024-02-10 00:00:00+00:00
[2024-02-10T17:51:46.764+0000] {processor.py:183} INFO - Processing /home/airflow/.local/lib/python3.8/site-packages/airflow/example_dags/example_branch_operator.py took 0.320 seconds
[2024-02-10T17:52:17.648+0000] {processor.py:161} INFO - Started process (PID=1059) to work on /home/airflow/.local/lib/python3.8/site-packages/airflow/example_dags/example_branch_operator.py
[2024-02-10T17:52:17.648+0000] {processor.py:830} INFO - Processing file /home/airflow/.local/lib/python3.8/site-packages/airflow/example_dags/example_branch_operator.py for tasks to queue
[2024-02-10T17:52:17.650+0000] {logging_mixin.py:188} INFO - [2024-02-10T17:52:17.650+0000] {dagbag.py:538} INFO - Filling up the DagBag from /home/airflow/.local/lib/python3.8/site-packages/airflow/example_dags/example_branch_operator.py
[2024-02-10T17:52:17.682+0000] {processor.py:840} INFO - DAG(s) 'example_branch_operator' retrieved from /home/airflow/.local/lib/python3.8/site-packages/airflow/example_dags/example_branch_operator.py
[2024-02-10T17:52:17.716+0000] {logging_mixin.py:188} INFO - [2024-02-10T17:52:17.716+0000] {dag.py:3036} INFO - Sync 1 DAGs
[2024-02-10T17:52:17.746+0000] {logging_mixin.py:188} INFO - [2024-02-10T17:52:17.746+0000] {dag.py:3823} INFO - Setting next_dagrun for example_branch_operator to 2024-02-09 00:00:00+00:00, run_after=2024-02-10 00:00:00+00:00
[2024-02-10T17:52:17.779+0000] {processor.py:183} INFO - Processing /home/airflow/.local/lib/python3.8/site-packages/airflow/example_dags/example_branch_operator.py took 0.137 seconds
[2024-02-10T17:52:47.856+0000] {processor.py:161} INFO - Started process (PID=1114) to work on /home/airflow/.local/lib/python3.8/site-packages/airflow/example_dags/example_branch_operator.py
[2024-02-10T17:52:47.856+0000] {processor.py:830} INFO - Processing file /home/airflow/.local/lib/python3.8/site-packages/airflow/example_dags/example_branch_operator.py for tasks to queue
[2024-02-10T17:52:47.858+0000] {logging_mixin.py:188} INFO - [2024-02-10T17:52:47.858+0000] {dagbag.py:538} INFO - Filling up the DagBag from /home/airflow/.local/lib/python3.8/site-packages/airflow/example_dags/example_branch_operator.py
[2024-02-10T17:52:47.880+0000] {processor.py:840} INFO - DAG(s) 'example_branch_operator' retrieved from /home/airflow/.local/lib/python3.8/site-packages/airflow/example_dags/example_branch_operator.py
[2024-02-10T17:52:47.913+0000] {logging_mixin.py:188} INFO - [2024-02-10T17:52:47.913+0000] {dag.py:3036} INFO - Sync 1 DAGs
[2024-02-10T17:52:47.941+0000] {logging_mixin.py:188} INFO - [2024-02-10T17:52:47.941+0000] {dag.py:3823} INFO - Setting next_dagrun for example_branch_operator to 2024-02-09 00:00:00+00:00, run_after=2024-02-10 00:00:00+00:00
[2024-02-10T17:52:47.964+0000] {processor.py:183} INFO - Processing /home/airflow/.local/lib/python3.8/site-packages/airflow/example_dags/example_branch_operator.py took 0.111 seconds
[2024-02-10T17:53:18.084+0000] {processor.py:161} INFO - Started process (PID=1169) to work on /home/airflow/.local/lib/python3.8/site-packages/airflow/example_dags/example_branch_operator.py
[2024-02-10T17:53:18.085+0000] {processor.py:830} INFO - Processing file /home/airflow/.local/lib/python3.8/site-packages/airflow/example_dags/example_branch_operator.py for tasks to queue
[2024-02-10T17:53:18.087+0000] {logging_mixin.py:188} INFO - [2024-02-10T17:53:18.087+0000] {dagbag.py:538} INFO - Filling up the DagBag from /home/airflow/.local/lib/python3.8/site-packages/airflow/example_dags/example_branch_operator.py
[2024-02-10T17:53:18.108+0000] {processor.py:840} INFO - DAG(s) 'example_branch_operator' retrieved from /home/airflow/.local/lib/python3.8/site-packages/airflow/example_dags/example_branch_operator.py
[2024-02-10T17:53:18.142+0000] {logging_mixin.py:188} INFO - [2024-02-10T17:53:18.141+0000] {dag.py:3036} INFO - Sync 1 DAGs
[2024-02-10T17:53:18.169+0000] {logging_mixin.py:188} INFO - [2024-02-10T17:53:18.168+0000] {dag.py:3823} INFO - Setting next_dagrun for example_branch_operator to 2024-02-09 00:00:00+00:00, run_after=2024-02-10 00:00:00+00:00
[2024-02-10T17:53:18.191+0000] {processor.py:183} INFO - Processing /home/airflow/.local/lib/python3.8/site-packages/airflow/example_dags/example_branch_operator.py took 0.110 seconds
[2024-02-10T17:53:48.684+0000] {processor.py:161} INFO - Started process (PID=1225) to work on /home/airflow/.local/lib/python3.8/site-packages/airflow/example_dags/example_branch_operator.py
[2024-02-10T17:53:48.684+0000] {processor.py:830} INFO - Processing file /home/airflow/.local/lib/python3.8/site-packages/airflow/example_dags/example_branch_operator.py for tasks to queue
[2024-02-10T17:53:48.686+0000] {logging_mixin.py:188} INFO - [2024-02-10T17:53:48.686+0000] {dagbag.py:538} INFO - Filling up the DagBag from /home/airflow/.local/lib/python3.8/site-packages/airflow/example_dags/example_branch_operator.py
[2024-02-10T17:53:48.707+0000] {processor.py:840} INFO - DAG(s) 'example_branch_operator' retrieved from /home/airflow/.local/lib/python3.8/site-packages/airflow/example_dags/example_branch_operator.py
[2024-02-10T17:53:48.741+0000] {logging_mixin.py:188} INFO - [2024-02-10T17:53:48.741+0000] {dag.py:3036} INFO - Sync 1 DAGs
[2024-02-10T17:53:48.766+0000] {logging_mixin.py:188} INFO - [2024-02-10T17:53:48.766+0000] {dag.py:3823} INFO - Setting next_dagrun for example_branch_operator to 2024-02-09 00:00:00+00:00, run_after=2024-02-10 00:00:00+00:00
[2024-02-10T17:53:48.789+0000] {processor.py:183} INFO - Processing /home/airflow/.local/lib/python3.8/site-packages/airflow/example_dags/example_branch_operator.py took 0.109 seconds
[2024-02-10T17:54:18.899+0000] {processor.py:161} INFO - Started process (PID=1281) to work on /home/airflow/.local/lib/python3.8/site-packages/airflow/example_dags/example_branch_operator.py
[2024-02-10T17:54:18.899+0000] {processor.py:830} INFO - Processing file /home/airflow/.local/lib/python3.8/site-packages/airflow/example_dags/example_branch_operator.py for tasks to queue
[2024-02-10T17:54:18.901+0000] {logging_mixin.py:188} INFO - [2024-02-10T17:54:18.901+0000] {dagbag.py:538} INFO - Filling up the DagBag from /home/airflow/.local/lib/python3.8/site-packages/airflow/example_dags/example_branch_operator.py
[2024-02-10T17:54:18.924+0000] {processor.py:840} INFO - DAG(s) 'example_branch_operator' retrieved from /home/airflow/.local/lib/python3.8/site-packages/airflow/example_dags/example_branch_operator.py
[2024-02-10T17:54:18.970+0000] {logging_mixin.py:188} INFO - [2024-02-10T17:54:18.970+0000] {dag.py:3036} INFO - Sync 1 DAGs
[2024-02-10T17:54:19.038+0000] {logging_mixin.py:188} INFO - [2024-02-10T17:54:19.038+0000] {dag.py:3823} INFO - Setting next_dagrun for example_branch_operator to 2024-02-09 00:00:00+00:00, run_after=2024-02-10 00:00:00+00:00
[2024-02-10T17:54:19.082+0000] {processor.py:183} INFO - Processing /home/airflow/.local/lib/python3.8/site-packages/airflow/example_dags/example_branch_operator.py took 0.187 seconds
[2024-02-10T17:54:49.515+0000] {processor.py:161} INFO - Started process (PID=1336) to work on /home/airflow/.local/lib/python3.8/site-packages/airflow/example_dags/example_branch_operator.py
[2024-02-10T17:54:49.518+0000] {processor.py:830} INFO - Processing file /home/airflow/.local/lib/python3.8/site-packages/airflow/example_dags/example_branch_operator.py for tasks to queue
[2024-02-10T17:54:49.519+0000] {logging_mixin.py:188} INFO - [2024-02-10T17:54:49.519+0000] {dagbag.py:538} INFO - Filling up the DagBag from /home/airflow/.local/lib/python3.8/site-packages/airflow/example_dags/example_branch_operator.py
[2024-02-10T17:54:49.549+0000] {processor.py:840} INFO - DAG(s) 'example_branch_operator' retrieved from /home/airflow/.local/lib/python3.8/site-packages/airflow/example_dags/example_branch_operator.py
[2024-02-10T17:54:49.586+0000] {logging_mixin.py:188} INFO - [2024-02-10T17:54:49.586+0000] {dag.py:3036} INFO - Sync 1 DAGs
[2024-02-10T17:54:49.613+0000] {logging_mixin.py:188} INFO - [2024-02-10T17:54:49.613+0000] {dag.py:3823} INFO - Setting next_dagrun for example_branch_operator to 2024-02-09 00:00:00+00:00, run_after=2024-02-10 00:00:00+00:00
[2024-02-10T17:54:49.639+0000] {processor.py:183} INFO - Processing /home/airflow/.local/lib/python3.8/site-packages/airflow/example_dags/example_branch_operator.py took 0.142 seconds
[2024-02-10T17:55:19.682+0000] {processor.py:161} INFO - Started process (PID=1391) to work on /home/airflow/.local/lib/python3.8/site-packages/airflow/example_dags/example_branch_operator.py
[2024-02-10T17:55:19.683+0000] {processor.py:830} INFO - Processing file /home/airflow/.local/lib/python3.8/site-packages/airflow/example_dags/example_branch_operator.py for tasks to queue
[2024-02-10T17:55:19.685+0000] {logging_mixin.py:188} INFO - [2024-02-10T17:55:19.684+0000] {dagbag.py:538} INFO - Filling up the DagBag from /home/airflow/.local/lib/python3.8/site-packages/airflow/example_dags/example_branch_operator.py
[2024-02-10T17:55:19.706+0000] {processor.py:840} INFO - DAG(s) 'example_branch_operator' retrieved from /home/airflow/.local/lib/python3.8/site-packages/airflow/example_dags/example_branch_operator.py
[2024-02-10T17:55:19.740+0000] {logging_mixin.py:188} INFO - [2024-02-10T17:55:19.740+0000] {dag.py:3036} INFO - Sync 1 DAGs
[2024-02-10T17:55:19.766+0000] {logging_mixin.py:188} INFO - [2024-02-10T17:55:19.766+0000] {dag.py:3823} INFO - Setting next_dagrun for example_branch_operator to 2024-02-09 00:00:00+00:00, run_after=2024-02-10 00:00:00+00:00
[2024-02-10T17:55:19.789+0000] {processor.py:183} INFO - Processing /home/airflow/.local/lib/python3.8/site-packages/airflow/example_dags/example_branch_operator.py took 0.110 seconds
[2024-02-10T17:55:50.159+0000] {processor.py:161} INFO - Started process (PID=1447) to work on /home/airflow/.local/lib/python3.8/site-packages/airflow/example_dags/example_branch_operator.py
[2024-02-10T17:55:50.160+0000] {processor.py:830} INFO - Processing file /home/airflow/.local/lib/python3.8/site-packages/airflow/example_dags/example_branch_operator.py for tasks to queue
[2024-02-10T17:55:50.162+0000] {logging_mixin.py:188} INFO - [2024-02-10T17:55:50.161+0000] {dagbag.py:538} INFO - Filling up the DagBag from /home/airflow/.local/lib/python3.8/site-packages/airflow/example_dags/example_branch_operator.py
[2024-02-10T17:55:50.189+0000] {processor.py:840} INFO - DAG(s) 'example_branch_operator' retrieved from /home/airflow/.local/lib/python3.8/site-packages/airflow/example_dags/example_branch_operator.py
[2024-02-10T17:55:50.222+0000] {logging_mixin.py:188} INFO - [2024-02-10T17:55:50.222+0000] {dag.py:3036} INFO - Sync 1 DAGs
[2024-02-10T17:55:50.248+0000] {logging_mixin.py:188} INFO - [2024-02-10T17:55:50.248+0000] {dag.py:3823} INFO - Setting next_dagrun for example_branch_operator to 2024-02-09 00:00:00+00:00, run_after=2024-02-10 00:00:00+00:00
[2024-02-10T17:55:50.271+0000] {processor.py:183} INFO - Processing /home/airflow/.local/lib/python3.8/site-packages/airflow/example_dags/example_branch_operator.py took 0.115 seconds
[2024-02-10T17:56:20.783+0000] {processor.py:161} INFO - Started process (PID=1503) to work on /home/airflow/.local/lib/python3.8/site-packages/airflow/example_dags/example_branch_operator.py
[2024-02-10T17:56:20.783+0000] {processor.py:830} INFO - Processing file /home/airflow/.local/lib/python3.8/site-packages/airflow/example_dags/example_branch_operator.py for tasks to queue
[2024-02-10T17:56:20.785+0000] {logging_mixin.py:188} INFO - [2024-02-10T17:56:20.785+0000] {dagbag.py:538} INFO - Filling up the DagBag from /home/airflow/.local/lib/python3.8/site-packages/airflow/example_dags/example_branch_operator.py
[2024-02-10T17:56:20.807+0000] {processor.py:840} INFO - DAG(s) 'example_branch_operator' retrieved from /home/airflow/.local/lib/python3.8/site-packages/airflow/example_dags/example_branch_operator.py
[2024-02-10T17:56:20.841+0000] {logging_mixin.py:188} INFO - [2024-02-10T17:56:20.840+0000] {dag.py:3036} INFO - Sync 1 DAGs
[2024-02-10T17:56:20.867+0000] {logging_mixin.py:188} INFO - [2024-02-10T17:56:20.867+0000] {dag.py:3823} INFO - Setting next_dagrun for example_branch_operator to 2024-02-09 00:00:00+00:00, run_after=2024-02-10 00:00:00+00:00
[2024-02-10T17:56:20.894+0000] {processor.py:183} INFO - Processing /home/airflow/.local/lib/python3.8/site-packages/airflow/example_dags/example_branch_operator.py took 0.112 seconds
[2024-02-10T17:56:51.463+0000] {processor.py:161} INFO - Started process (PID=1559) to work on /home/airflow/.local/lib/python3.8/site-packages/airflow/example_dags/example_branch_operator.py
[2024-02-10T17:56:51.464+0000] {processor.py:830} INFO - Processing file /home/airflow/.local/lib/python3.8/site-packages/airflow/example_dags/example_branch_operator.py for tasks to queue
[2024-02-10T17:56:51.466+0000] {logging_mixin.py:188} INFO - [2024-02-10T17:56:51.466+0000] {dagbag.py:538} INFO - Filling up the DagBag from /home/airflow/.local/lib/python3.8/site-packages/airflow/example_dags/example_branch_operator.py
[2024-02-10T17:56:51.488+0000] {processor.py:840} INFO - DAG(s) 'example_branch_operator' retrieved from /home/airflow/.local/lib/python3.8/site-packages/airflow/example_dags/example_branch_operator.py
[2024-02-10T17:56:51.523+0000] {logging_mixin.py:188} INFO - [2024-02-10T17:56:51.523+0000] {dag.py:3036} INFO - Sync 1 DAGs
[2024-02-10T17:56:51.549+0000] {logging_mixin.py:188} INFO - [2024-02-10T17:56:51.549+0000] {dag.py:3823} INFO - Setting next_dagrun for example_branch_operator to 2024-02-09 00:00:00+00:00, run_after=2024-02-10 00:00:00+00:00
[2024-02-10T17:56:51.572+0000] {processor.py:183} INFO - Processing /home/airflow/.local/lib/python3.8/site-packages/airflow/example_dags/example_branch_operator.py took 0.112 seconds
[2024-02-10T17:57:21.935+0000] {processor.py:161} INFO - Started process (PID=1614) to work on /home/airflow/.local/lib/python3.8/site-packages/airflow/example_dags/example_branch_operator.py
[2024-02-10T17:57:21.936+0000] {processor.py:830} INFO - Processing file /home/airflow/.local/lib/python3.8/site-packages/airflow/example_dags/example_branch_operator.py for tasks to queue
[2024-02-10T17:57:21.937+0000] {logging_mixin.py:188} INFO - [2024-02-10T17:57:21.937+0000] {dagbag.py:538} INFO - Filling up the DagBag from /home/airflow/.local/lib/python3.8/site-packages/airflow/example_dags/example_branch_operator.py
[2024-02-10T17:57:21.969+0000] {processor.py:840} INFO - DAG(s) 'example_branch_operator' retrieved from /home/airflow/.local/lib/python3.8/site-packages/airflow/example_dags/example_branch_operator.py
[2024-02-10T17:57:22.069+0000] {logging_mixin.py:188} INFO - [2024-02-10T17:57:22.068+0000] {dag.py:3036} INFO - Sync 1 DAGs
[2024-02-10T17:57:22.094+0000] {logging_mixin.py:188} INFO - [2024-02-10T17:57:22.094+0000] {dag.py:3823} INFO - Setting next_dagrun for example_branch_operator to 2024-02-09 00:00:00+00:00, run_after=2024-02-10 00:00:00+00:00
[2024-02-10T17:57:22.117+0000] {processor.py:183} INFO - Processing /home/airflow/.local/lib/python3.8/site-packages/airflow/example_dags/example_branch_operator.py took 0.185 seconds
[2024-02-10T17:57:52.175+0000] {processor.py:161} INFO - Started process (PID=1669) to work on /home/airflow/.local/lib/python3.8/site-packages/airflow/example_dags/example_branch_operator.py
[2024-02-10T17:57:52.182+0000] {processor.py:830} INFO - Processing file /home/airflow/.local/lib/python3.8/site-packages/airflow/example_dags/example_branch_operator.py for tasks to queue
[2024-02-10T17:57:52.190+0000] {logging_mixin.py:188} INFO - [2024-02-10T17:57:52.185+0000] {dagbag.py:538} INFO - Filling up the DagBag from /home/airflow/.local/lib/python3.8/site-packages/airflow/example_dags/example_branch_operator.py
[2024-02-10T17:57:52.249+0000] {processor.py:840} INFO - DAG(s) 'example_branch_operator' retrieved from /home/airflow/.local/lib/python3.8/site-packages/airflow/example_dags/example_branch_operator.py
[2024-02-10T17:57:52.325+0000] {logging_mixin.py:188} INFO - [2024-02-10T17:57:52.325+0000] {dag.py:3036} INFO - Sync 1 DAGs
[2024-02-10T17:57:52.362+0000] {logging_mixin.py:188} INFO - [2024-02-10T17:57:52.362+0000] {dag.py:3823} INFO - Setting next_dagrun for example_branch_operator to 2024-02-09 00:00:00+00:00, run_after=2024-02-10 00:00:00+00:00
[2024-02-10T17:57:52.403+0000] {processor.py:183} INFO - Processing /home/airflow/.local/lib/python3.8/site-packages/airflow/example_dags/example_branch_operator.py took 0.232 seconds
[2024-02-10T17:58:22.738+0000] {processor.py:161} INFO - Started process (PID=1725) to work on /home/airflow/.local/lib/python3.8/site-packages/airflow/example_dags/example_branch_operator.py
[2024-02-10T17:58:22.742+0000] {processor.py:830} INFO - Processing file /home/airflow/.local/lib/python3.8/site-packages/airflow/example_dags/example_branch_operator.py for tasks to queue
[2024-02-10T17:58:22.744+0000] {logging_mixin.py:188} INFO - [2024-02-10T17:58:22.743+0000] {dagbag.py:538} INFO - Filling up the DagBag from /home/airflow/.local/lib/python3.8/site-packages/airflow/example_dags/example_branch_operator.py
[2024-02-10T17:58:22.787+0000] {processor.py:840} INFO - DAG(s) 'example_branch_operator' retrieved from /home/airflow/.local/lib/python3.8/site-packages/airflow/example_dags/example_branch_operator.py
[2024-02-10T17:58:22.858+0000] {logging_mixin.py:188} INFO - [2024-02-10T17:58:22.858+0000] {dag.py:3036} INFO - Sync 1 DAGs
[2024-02-10T17:58:22.908+0000] {logging_mixin.py:188} INFO - [2024-02-10T17:58:22.908+0000] {dag.py:3823} INFO - Setting next_dagrun for example_branch_operator to 2024-02-09 00:00:00+00:00, run_after=2024-02-10 00:00:00+00:00
[2024-02-10T17:58:22.946+0000] {processor.py:183} INFO - Processing /home/airflow/.local/lib/python3.8/site-packages/airflow/example_dags/example_branch_operator.py took 0.213 seconds
[2024-02-10T17:58:53.849+0000] {processor.py:161} INFO - Started process (PID=1780) to work on /home/airflow/.local/lib/python3.8/site-packages/airflow/example_dags/example_branch_operator.py
[2024-02-10T17:58:53.854+0000] {processor.py:830} INFO - Processing file /home/airflow/.local/lib/python3.8/site-packages/airflow/example_dags/example_branch_operator.py for tasks to queue
[2024-02-10T17:58:53.857+0000] {logging_mixin.py:188} INFO - [2024-02-10T17:58:53.857+0000] {dagbag.py:538} INFO - Filling up the DagBag from /home/airflow/.local/lib/python3.8/site-packages/airflow/example_dags/example_branch_operator.py
[2024-02-10T17:58:53.890+0000] {processor.py:840} INFO - DAG(s) 'example_branch_operator' retrieved from /home/airflow/.local/lib/python3.8/site-packages/airflow/example_dags/example_branch_operator.py
[2024-02-10T17:58:53.950+0000] {logging_mixin.py:188} INFO - [2024-02-10T17:58:53.950+0000] {dag.py:3036} INFO - Sync 1 DAGs
[2024-02-10T17:58:53.995+0000] {logging_mixin.py:188} INFO - [2024-02-10T17:58:53.995+0000] {dag.py:3823} INFO - Setting next_dagrun for example_branch_operator to 2024-02-09 00:00:00+00:00, run_after=2024-02-10 00:00:00+00:00
[2024-02-10T17:58:54.032+0000] {processor.py:183} INFO - Processing /home/airflow/.local/lib/python3.8/site-packages/airflow/example_dags/example_branch_operator.py took 0.193 seconds
[2024-02-10T17:59:24.381+0000] {processor.py:161} INFO - Started process (PID=1835) to work on /home/airflow/.local/lib/python3.8/site-packages/airflow/example_dags/example_branch_operator.py
[2024-02-10T17:59:24.382+0000] {processor.py:830} INFO - Processing file /home/airflow/.local/lib/python3.8/site-packages/airflow/example_dags/example_branch_operator.py for tasks to queue
[2024-02-10T17:59:24.383+0000] {logging_mixin.py:188} INFO - [2024-02-10T17:59:24.383+0000] {dagbag.py:538} INFO - Filling up the DagBag from /home/airflow/.local/lib/python3.8/site-packages/airflow/example_dags/example_branch_operator.py
[2024-02-10T17:59:24.405+0000] {processor.py:840} INFO - DAG(s) 'example_branch_operator' retrieved from /home/airflow/.local/lib/python3.8/site-packages/airflow/example_dags/example_branch_operator.py
[2024-02-10T17:59:24.439+0000] {logging_mixin.py:188} INFO - [2024-02-10T17:59:24.439+0000] {dag.py:3036} INFO - Sync 1 DAGs
[2024-02-10T17:59:24.465+0000] {logging_mixin.py:188} INFO - [2024-02-10T17:59:24.465+0000] {dag.py:3823} INFO - Setting next_dagrun for example_branch_operator to 2024-02-09 00:00:00+00:00, run_after=2024-02-10 00:00:00+00:00
[2024-02-10T17:59:24.488+0000] {processor.py:183} INFO - Processing /home/airflow/.local/lib/python3.8/site-packages/airflow/example_dags/example_branch_operator.py took 0.111 seconds
[2024-02-10T17:59:54.617+0000] {processor.py:161} INFO - Started process (PID=1890) to work on /home/airflow/.local/lib/python3.8/site-packages/airflow/example_dags/example_branch_operator.py
[2024-02-10T17:59:54.618+0000] {processor.py:830} INFO - Processing file /home/airflow/.local/lib/python3.8/site-packages/airflow/example_dags/example_branch_operator.py for tasks to queue
[2024-02-10T17:59:54.620+0000] {logging_mixin.py:188} INFO - [2024-02-10T17:59:54.620+0000] {dagbag.py:538} INFO - Filling up the DagBag from /home/airflow/.local/lib/python3.8/site-packages/airflow/example_dags/example_branch_operator.py
[2024-02-10T17:59:54.641+0000] {processor.py:840} INFO - DAG(s) 'example_branch_operator' retrieved from /home/airflow/.local/lib/python3.8/site-packages/airflow/example_dags/example_branch_operator.py
[2024-02-10T17:59:54.680+0000] {logging_mixin.py:188} INFO - [2024-02-10T17:59:54.680+0000] {dag.py:3036} INFO - Sync 1 DAGs
[2024-02-10T17:59:54.706+0000] {logging_mixin.py:188} INFO - [2024-02-10T17:59:54.706+0000] {dag.py:3823} INFO - Setting next_dagrun for example_branch_operator to 2024-02-09 00:00:00+00:00, run_after=2024-02-10 00:00:00+00:00
[2024-02-10T17:59:54.729+0000] {processor.py:183} INFO - Processing /home/airflow/.local/lib/python3.8/site-packages/airflow/example_dags/example_branch_operator.py took 0.114 seconds
[2024-02-10T18:00:24.800+0000] {processor.py:161} INFO - Started process (PID=1945) to work on /home/airflow/.local/lib/python3.8/site-packages/airflow/example_dags/example_branch_operator.py
[2024-02-10T18:00:24.801+0000] {processor.py:830} INFO - Processing file /home/airflow/.local/lib/python3.8/site-packages/airflow/example_dags/example_branch_operator.py for tasks to queue
[2024-02-10T18:00:24.803+0000] {logging_mixin.py:188} INFO - [2024-02-10T18:00:24.802+0000] {dagbag.py:538} INFO - Filling up the DagBag from /home/airflow/.local/lib/python3.8/site-packages/airflow/example_dags/example_branch_operator.py
[2024-02-10T18:00:24.837+0000] {processor.py:840} INFO - DAG(s) 'example_branch_operator' retrieved from /home/airflow/.local/lib/python3.8/site-packages/airflow/example_dags/example_branch_operator.py
[2024-02-10T18:00:24.886+0000] {logging_mixin.py:188} INFO - [2024-02-10T18:00:24.885+0000] {dag.py:3036} INFO - Sync 1 DAGs
[2024-02-10T18:00:24.913+0000] {logging_mixin.py:188} INFO - [2024-02-10T18:00:24.913+0000] {dag.py:3823} INFO - Setting next_dagrun for example_branch_operator to 2024-02-09 00:00:00+00:00, run_after=2024-02-10 00:00:00+00:00
[2024-02-10T18:00:24.936+0000] {processor.py:183} INFO - Processing /home/airflow/.local/lib/python3.8/site-packages/airflow/example_dags/example_branch_operator.py took 0.140 seconds
[2024-02-10T18:00:55.121+0000] {processor.py:161} INFO - Started process (PID=2000) to work on /home/airflow/.local/lib/python3.8/site-packages/airflow/example_dags/example_branch_operator.py
[2024-02-10T18:00:55.122+0000] {processor.py:830} INFO - Processing file /home/airflow/.local/lib/python3.8/site-packages/airflow/example_dags/example_branch_operator.py for tasks to queue
[2024-02-10T18:00:55.123+0000] {logging_mixin.py:188} INFO - [2024-02-10T18:00:55.123+0000] {dagbag.py:538} INFO - Filling up the DagBag from /home/airflow/.local/lib/python3.8/site-packages/airflow/example_dags/example_branch_operator.py
[2024-02-10T18:00:55.144+0000] {processor.py:840} INFO - DAG(s) 'example_branch_operator' retrieved from /home/airflow/.local/lib/python3.8/site-packages/airflow/example_dags/example_branch_operator.py
[2024-02-10T18:00:55.178+0000] {logging_mixin.py:188} INFO - [2024-02-10T18:00:55.178+0000] {dag.py:3036} INFO - Sync 1 DAGs
[2024-02-10T18:00:55.209+0000] {logging_mixin.py:188} INFO - [2024-02-10T18:00:55.209+0000] {dag.py:3823} INFO - Setting next_dagrun for example_branch_operator to 2024-02-09 00:00:00+00:00, run_after=2024-02-10 00:00:00+00:00
[2024-02-10T18:00:55.232+0000] {processor.py:183} INFO - Processing /home/airflow/.local/lib/python3.8/site-packages/airflow/example_dags/example_branch_operator.py took 0.114 seconds
[2024-02-10T18:01:25.631+0000] {processor.py:161} INFO - Started process (PID=2055) to work on /home/airflow/.local/lib/python3.8/site-packages/airflow/example_dags/example_branch_operator.py
[2024-02-10T18:01:25.632+0000] {processor.py:830} INFO - Processing file /home/airflow/.local/lib/python3.8/site-packages/airflow/example_dags/example_branch_operator.py for tasks to queue
[2024-02-10T18:01:25.633+0000] {logging_mixin.py:188} INFO - [2024-02-10T18:01:25.633+0000] {dagbag.py:538} INFO - Filling up the DagBag from /home/airflow/.local/lib/python3.8/site-packages/airflow/example_dags/example_branch_operator.py
[2024-02-10T18:01:25.655+0000] {processor.py:840} INFO - DAG(s) 'example_branch_operator' retrieved from /home/airflow/.local/lib/python3.8/site-packages/airflow/example_dags/example_branch_operator.py
[2024-02-10T18:01:25.689+0000] {logging_mixin.py:188} INFO - [2024-02-10T18:01:25.688+0000] {dag.py:3036} INFO - Sync 1 DAGs
[2024-02-10T18:01:25.715+0000] {logging_mixin.py:188} INFO - [2024-02-10T18:01:25.715+0000] {dag.py:3823} INFO - Setting next_dagrun for example_branch_operator to 2024-02-09 00:00:00+00:00, run_after=2024-02-10 00:00:00+00:00
[2024-02-10T18:01:25.740+0000] {processor.py:183} INFO - Processing /home/airflow/.local/lib/python3.8/site-packages/airflow/example_dags/example_branch_operator.py took 0.112 seconds
[2024-02-10T18:01:55.835+0000] {processor.py:161} INFO - Started process (PID=2110) to work on /home/airflow/.local/lib/python3.8/site-packages/airflow/example_dags/example_branch_operator.py
[2024-02-10T18:01:55.836+0000] {processor.py:830} INFO - Processing file /home/airflow/.local/lib/python3.8/site-packages/airflow/example_dags/example_branch_operator.py for tasks to queue
[2024-02-10T18:01:55.837+0000] {logging_mixin.py:188} INFO - [2024-02-10T18:01:55.837+0000] {dagbag.py:538} INFO - Filling up the DagBag from /home/airflow/.local/lib/python3.8/site-packages/airflow/example_dags/example_branch_operator.py
[2024-02-10T18:01:55.859+0000] {processor.py:840} INFO - DAG(s) 'example_branch_operator' retrieved from /home/airflow/.local/lib/python3.8/site-packages/airflow/example_dags/example_branch_operator.py
[2024-02-10T18:01:55.893+0000] {logging_mixin.py:188} INFO - [2024-02-10T18:01:55.893+0000] {dag.py:3036} INFO - Sync 1 DAGs
[2024-02-10T18:01:55.918+0000] {logging_mixin.py:188} INFO - [2024-02-10T18:01:55.917+0000] {dag.py:3823} INFO - Setting next_dagrun for example_branch_operator to 2024-02-09 00:00:00+00:00, run_after=2024-02-10 00:00:00+00:00
[2024-02-10T18:01:55.942+0000] {processor.py:183} INFO - Processing /home/airflow/.local/lib/python3.8/site-packages/airflow/example_dags/example_branch_operator.py took 0.110 seconds
[2024-02-10T18:02:26.184+0000] {processor.py:161} INFO - Started process (PID=2165) to work on /home/airflow/.local/lib/python3.8/site-packages/airflow/example_dags/example_branch_operator.py
[2024-02-10T18:02:26.185+0000] {processor.py:830} INFO - Processing file /home/airflow/.local/lib/python3.8/site-packages/airflow/example_dags/example_branch_operator.py for tasks to queue
[2024-02-10T18:02:26.187+0000] {logging_mixin.py:188} INFO - [2024-02-10T18:02:26.187+0000] {dagbag.py:538} INFO - Filling up the DagBag from /home/airflow/.local/lib/python3.8/site-packages/airflow/example_dags/example_branch_operator.py
[2024-02-10T18:02:26.209+0000] {processor.py:840} INFO - DAG(s) 'example_branch_operator' retrieved from /home/airflow/.local/lib/python3.8/site-packages/airflow/example_dags/example_branch_operator.py
[2024-02-10T18:02:26.245+0000] {logging_mixin.py:188} INFO - [2024-02-10T18:02:26.244+0000] {dag.py:3036} INFO - Sync 1 DAGs
[2024-02-10T18:02:26.272+0000] {logging_mixin.py:188} INFO - [2024-02-10T18:02:26.272+0000] {dag.py:3823} INFO - Setting next_dagrun for example_branch_operator to 2024-02-09 00:00:00+00:00, run_after=2024-02-10 00:00:00+00:00
[2024-02-10T18:02:26.295+0000] {processor.py:183} INFO - Processing /home/airflow/.local/lib/python3.8/site-packages/airflow/example_dags/example_branch_operator.py took 0.115 seconds
[2024-02-10T18:02:56.636+0000] {processor.py:161} INFO - Started process (PID=2221) to work on /home/airflow/.local/lib/python3.8/site-packages/airflow/example_dags/example_branch_operator.py
[2024-02-10T18:02:56.637+0000] {processor.py:830} INFO - Processing file /home/airflow/.local/lib/python3.8/site-packages/airflow/example_dags/example_branch_operator.py for tasks to queue
[2024-02-10T18:02:56.639+0000] {logging_mixin.py:188} INFO - [2024-02-10T18:02:56.638+0000] {dagbag.py:538} INFO - Filling up the DagBag from /home/airflow/.local/lib/python3.8/site-packages/airflow/example_dags/example_branch_operator.py
[2024-02-10T18:02:56.660+0000] {processor.py:840} INFO - DAG(s) 'example_branch_operator' retrieved from /home/airflow/.local/lib/python3.8/site-packages/airflow/example_dags/example_branch_operator.py
[2024-02-10T18:02:56.700+0000] {logging_mixin.py:188} INFO - [2024-02-10T18:02:56.700+0000] {dag.py:3036} INFO - Sync 1 DAGs
[2024-02-10T18:02:56.726+0000] {logging_mixin.py:188} INFO - [2024-02-10T18:02:56.726+0000] {dag.py:3823} INFO - Setting next_dagrun for example_branch_operator to 2024-02-09 00:00:00+00:00, run_after=2024-02-10 00:00:00+00:00
[2024-02-10T18:02:56.771+0000] {processor.py:183} INFO - Processing /home/airflow/.local/lib/python3.8/site-packages/airflow/example_dags/example_branch_operator.py took 0.138 seconds
[2024-02-10T18:03:27.294+0000] {processor.py:161} INFO - Started process (PID=2276) to work on /home/airflow/.local/lib/python3.8/site-packages/airflow/example_dags/example_branch_operator.py
[2024-02-10T18:03:27.294+0000] {processor.py:830} INFO - Processing file /home/airflow/.local/lib/python3.8/site-packages/airflow/example_dags/example_branch_operator.py for tasks to queue
[2024-02-10T18:03:27.296+0000] {logging_mixin.py:188} INFO - [2024-02-10T18:03:27.296+0000] {dagbag.py:538} INFO - Filling up the DagBag from /home/airflow/.local/lib/python3.8/site-packages/airflow/example_dags/example_branch_operator.py
[2024-02-10T18:03:27.317+0000] {processor.py:840} INFO - DAG(s) 'example_branch_operator' retrieved from /home/airflow/.local/lib/python3.8/site-packages/airflow/example_dags/example_branch_operator.py
[2024-02-10T18:03:27.352+0000] {logging_mixin.py:188} INFO - [2024-02-10T18:03:27.352+0000] {dag.py:3036} INFO - Sync 1 DAGs
[2024-02-10T18:03:27.384+0000] {logging_mixin.py:188} INFO - [2024-02-10T18:03:27.383+0000] {dag.py:3823} INFO - Setting next_dagrun for example_branch_operator to 2024-02-09 00:00:00+00:00, run_after=2024-02-10 00:00:00+00:00
[2024-02-10T18:03:27.412+0000] {processor.py:183} INFO - Processing /home/airflow/.local/lib/python3.8/site-packages/airflow/example_dags/example_branch_operator.py took 0.122 seconds
[2024-02-10T18:03:57.580+0000] {processor.py:161} INFO - Started process (PID=2332) to work on /home/airflow/.local/lib/python3.8/site-packages/airflow/example_dags/example_branch_operator.py
[2024-02-10T18:03:57.581+0000] {processor.py:830} INFO - Processing file /home/airflow/.local/lib/python3.8/site-packages/airflow/example_dags/example_branch_operator.py for tasks to queue
[2024-02-10T18:03:57.582+0000] {logging_mixin.py:188} INFO - [2024-02-10T18:03:57.582+0000] {dagbag.py:538} INFO - Filling up the DagBag from /home/airflow/.local/lib/python3.8/site-packages/airflow/example_dags/example_branch_operator.py
[2024-02-10T18:03:57.603+0000] {processor.py:840} INFO - DAG(s) 'example_branch_operator' retrieved from /home/airflow/.local/lib/python3.8/site-packages/airflow/example_dags/example_branch_operator.py
[2024-02-10T18:03:57.637+0000] {logging_mixin.py:188} INFO - [2024-02-10T18:03:57.637+0000] {dag.py:3036} INFO - Sync 1 DAGs
[2024-02-10T18:03:57.663+0000] {logging_mixin.py:188} INFO - [2024-02-10T18:03:57.663+0000] {dag.py:3823} INFO - Setting next_dagrun for example_branch_operator to 2024-02-09 00:00:00+00:00, run_after=2024-02-10 00:00:00+00:00
[2024-02-10T18:03:57.687+0000] {processor.py:183} INFO - Processing /home/airflow/.local/lib/python3.8/site-packages/airflow/example_dags/example_branch_operator.py took 0.111 seconds
[2024-02-10T18:04:27.753+0000] {processor.py:161} INFO - Started process (PID=2387) to work on /home/airflow/.local/lib/python3.8/site-packages/airflow/example_dags/example_branch_operator.py
[2024-02-10T18:04:27.753+0000] {processor.py:830} INFO - Processing file /home/airflow/.local/lib/python3.8/site-packages/airflow/example_dags/example_branch_operator.py for tasks to queue
[2024-02-10T18:04:27.755+0000] {logging_mixin.py:188} INFO - [2024-02-10T18:04:27.754+0000] {dagbag.py:538} INFO - Filling up the DagBag from /home/airflow/.local/lib/python3.8/site-packages/airflow/example_dags/example_branch_operator.py
[2024-02-10T18:04:27.770+0000] {processor.py:840} INFO - DAG(s) 'example_branch_operator' retrieved from /home/airflow/.local/lib/python3.8/site-packages/airflow/example_dags/example_branch_operator.py
[2024-02-10T18:04:27.792+0000] {logging_mixin.py:188} INFO - [2024-02-10T18:04:27.792+0000] {dag.py:3036} INFO - Sync 1 DAGs
[2024-02-10T18:04:27.810+0000] {logging_mixin.py:188} INFO - [2024-02-10T18:04:27.810+0000] {dag.py:3823} INFO - Setting next_dagrun for example_branch_operator to 2024-02-09 00:00:00+00:00, run_after=2024-02-10 00:00:00+00:00
[2024-02-10T18:04:27.954+0000] {processor.py:183} INFO - Processing /home/airflow/.local/lib/python3.8/site-packages/airflow/example_dags/example_branch_operator.py took 0.205 seconds
[2024-02-10T18:04:58.403+0000] {processor.py:161} INFO - Started process (PID=2442) to work on /home/airflow/.local/lib/python3.8/site-packages/airflow/example_dags/example_branch_operator.py
[2024-02-10T18:04:58.412+0000] {processor.py:830} INFO - Processing file /home/airflow/.local/lib/python3.8/site-packages/airflow/example_dags/example_branch_operator.py for tasks to queue
[2024-02-10T18:04:58.424+0000] {logging_mixin.py:188} INFO - [2024-02-10T18:04:58.424+0000] {dagbag.py:538} INFO - Filling up the DagBag from /home/airflow/.local/lib/python3.8/site-packages/airflow/example_dags/example_branch_operator.py
[2024-02-10T18:04:58.461+0000] {processor.py:840} INFO - DAG(s) 'example_branch_operator' retrieved from /home/airflow/.local/lib/python3.8/site-packages/airflow/example_dags/example_branch_operator.py
[2024-02-10T18:04:58.531+0000] {logging_mixin.py:188} INFO - [2024-02-10T18:04:58.531+0000] {dag.py:3036} INFO - Sync 1 DAGs
[2024-02-10T18:04:58.585+0000] {logging_mixin.py:188} INFO - [2024-02-10T18:04:58.585+0000] {dag.py:3823} INFO - Setting next_dagrun for example_branch_operator to 2024-02-09 00:00:00+00:00, run_after=2024-02-10 00:00:00+00:00
[2024-02-10T18:04:58.624+0000] {processor.py:183} INFO - Processing /home/airflow/.local/lib/python3.8/site-packages/airflow/example_dags/example_branch_operator.py took 0.225 seconds
[2024-02-10T18:05:28.730+0000] {processor.py:161} INFO - Started process (PID=2497) to work on /home/airflow/.local/lib/python3.8/site-packages/airflow/example_dags/example_branch_operator.py
[2024-02-10T18:05:28.730+0000] {processor.py:830} INFO - Processing file /home/airflow/.local/lib/python3.8/site-packages/airflow/example_dags/example_branch_operator.py for tasks to queue
[2024-02-10T18:05:28.732+0000] {logging_mixin.py:188} INFO - [2024-02-10T18:05:28.732+0000] {dagbag.py:538} INFO - Filling up the DagBag from /home/airflow/.local/lib/python3.8/site-packages/airflow/example_dags/example_branch_operator.py
[2024-02-10T18:05:28.746+0000] {processor.py:840} INFO - DAG(s) 'example_branch_operator' retrieved from /home/airflow/.local/lib/python3.8/site-packages/airflow/example_dags/example_branch_operator.py
[2024-02-10T18:05:28.768+0000] {logging_mixin.py:188} INFO - [2024-02-10T18:05:28.768+0000] {dag.py:3036} INFO - Sync 1 DAGs
[2024-02-10T18:05:28.787+0000] {logging_mixin.py:188} INFO - [2024-02-10T18:05:28.786+0000] {dag.py:3823} INFO - Setting next_dagrun for example_branch_operator to 2024-02-09 00:00:00+00:00, run_after=2024-02-10 00:00:00+00:00
[2024-02-10T18:05:28.806+0000] {processor.py:183} INFO - Processing /home/airflow/.local/lib/python3.8/site-packages/airflow/example_dags/example_branch_operator.py took 0.079 seconds
[2024-02-10T18:05:59.098+0000] {processor.py:161} INFO - Started process (PID=2553) to work on /home/airflow/.local/lib/python3.8/site-packages/airflow/example_dags/example_branch_operator.py
[2024-02-10T18:05:59.099+0000] {processor.py:830} INFO - Processing file /home/airflow/.local/lib/python3.8/site-packages/airflow/example_dags/example_branch_operator.py for tasks to queue
[2024-02-10T18:05:59.101+0000] {logging_mixin.py:188} INFO - [2024-02-10T18:05:59.101+0000] {dagbag.py:538} INFO - Filling up the DagBag from /home/airflow/.local/lib/python3.8/site-packages/airflow/example_dags/example_branch_operator.py
[2024-02-10T18:05:59.125+0000] {processor.py:840} INFO - DAG(s) 'example_branch_operator' retrieved from /home/airflow/.local/lib/python3.8/site-packages/airflow/example_dags/example_branch_operator.py
[2024-02-10T18:05:59.160+0000] {logging_mixin.py:188} INFO - [2024-02-10T18:05:59.159+0000] {dag.py:3036} INFO - Sync 1 DAGs
[2024-02-10T18:05:59.185+0000] {logging_mixin.py:188} INFO - [2024-02-10T18:05:59.185+0000] {dag.py:3823} INFO - Setting next_dagrun for example_branch_operator to 2024-02-09 00:00:00+00:00, run_after=2024-02-10 00:00:00+00:00
[2024-02-10T18:05:59.209+0000] {processor.py:183} INFO - Processing /home/airflow/.local/lib/python3.8/site-packages/airflow/example_dags/example_branch_operator.py took 0.130 seconds
[2024-02-10T18:06:29.588+0000] {processor.py:161} INFO - Started process (PID=2607) to work on /home/airflow/.local/lib/python3.8/site-packages/airflow/example_dags/example_branch_operator.py
[2024-02-10T18:06:29.589+0000] {processor.py:830} INFO - Processing file /home/airflow/.local/lib/python3.8/site-packages/airflow/example_dags/example_branch_operator.py for tasks to queue
[2024-02-10T18:06:29.590+0000] {logging_mixin.py:188} INFO - [2024-02-10T18:06:29.590+0000] {dagbag.py:538} INFO - Filling up the DagBag from /home/airflow/.local/lib/python3.8/site-packages/airflow/example_dags/example_branch_operator.py
[2024-02-10T18:06:29.637+0000] {processor.py:840} INFO - DAG(s) 'example_branch_operator' retrieved from /home/airflow/.local/lib/python3.8/site-packages/airflow/example_dags/example_branch_operator.py
[2024-02-10T18:06:29.710+0000] {logging_mixin.py:188} INFO - [2024-02-10T18:06:29.710+0000] {dag.py:3036} INFO - Sync 1 DAGs
[2024-02-10T18:06:30.031+0000] {logging_mixin.py:188} INFO - [2024-02-10T18:06:30.030+0000] {dag.py:3823} INFO - Setting next_dagrun for example_branch_operator to 2024-02-09 00:00:00+00:00, run_after=2024-02-10 00:00:00+00:00
[2024-02-10T18:06:30.070+0000] {processor.py:183} INFO - Processing /home/airflow/.local/lib/python3.8/site-packages/airflow/example_dags/example_branch_operator.py took 0.489 seconds
[2024-02-10T18:07:00.592+0000] {processor.py:161} INFO - Started process (PID=2662) to work on /home/airflow/.local/lib/python3.8/site-packages/airflow/example_dags/example_branch_operator.py
[2024-02-10T18:07:00.595+0000] {processor.py:830} INFO - Processing file /home/airflow/.local/lib/python3.8/site-packages/airflow/example_dags/example_branch_operator.py for tasks to queue
[2024-02-10T18:07:00.597+0000] {logging_mixin.py:188} INFO - [2024-02-10T18:07:00.597+0000] {dagbag.py:538} INFO - Filling up the DagBag from /home/airflow/.local/lib/python3.8/site-packages/airflow/example_dags/example_branch_operator.py
[2024-02-10T18:07:00.669+0000] {processor.py:840} INFO - DAG(s) 'example_branch_operator' retrieved from /home/airflow/.local/lib/python3.8/site-packages/airflow/example_dags/example_branch_operator.py
[2024-02-10T18:07:00.766+0000] {logging_mixin.py:188} INFO - [2024-02-10T18:07:00.761+0000] {dag.py:3036} INFO - Sync 1 DAGs
[2024-02-10T18:07:00.990+0000] {logging_mixin.py:188} INFO - [2024-02-10T18:07:00.990+0000] {dag.py:3823} INFO - Setting next_dagrun for example_branch_operator to 2024-02-09 00:00:00+00:00, run_after=2024-02-10 00:00:00+00:00
[2024-02-10T18:07:01.010+0000] {processor.py:183} INFO - Processing /home/airflow/.local/lib/python3.8/site-packages/airflow/example_dags/example_branch_operator.py took 0.429 seconds
[2024-02-10T18:07:31.375+0000] {processor.py:161} INFO - Started process (PID=2716) to work on /home/airflow/.local/lib/python3.8/site-packages/airflow/example_dags/example_branch_operator.py
[2024-02-10T18:07:31.376+0000] {processor.py:830} INFO - Processing file /home/airflow/.local/lib/python3.8/site-packages/airflow/example_dags/example_branch_operator.py for tasks to queue
[2024-02-10T18:07:31.378+0000] {logging_mixin.py:188} INFO - [2024-02-10T18:07:31.378+0000] {dagbag.py:538} INFO - Filling up the DagBag from /home/airflow/.local/lib/python3.8/site-packages/airflow/example_dags/example_branch_operator.py
[2024-02-10T18:07:31.399+0000] {processor.py:840} INFO - DAG(s) 'example_branch_operator' retrieved from /home/airflow/.local/lib/python3.8/site-packages/airflow/example_dags/example_branch_operator.py
[2024-02-10T18:07:31.434+0000] {logging_mixin.py:188} INFO - [2024-02-10T18:07:31.434+0000] {dag.py:3036} INFO - Sync 1 DAGs
[2024-02-10T18:07:31.475+0000] {logging_mixin.py:188} INFO - [2024-02-10T18:07:31.474+0000] {dag.py:3823} INFO - Setting next_dagrun for example_branch_operator to 2024-02-09 00:00:00+00:00, run_after=2024-02-10 00:00:00+00:00
[2024-02-10T18:07:31.534+0000] {processor.py:183} INFO - Processing /home/airflow/.local/lib/python3.8/site-packages/airflow/example_dags/example_branch_operator.py took 0.162 seconds
[2024-02-10T18:08:01.717+0000] {processor.py:161} INFO - Started process (PID=2771) to work on /home/airflow/.local/lib/python3.8/site-packages/airflow/example_dags/example_branch_operator.py
[2024-02-10T18:08:01.717+0000] {processor.py:830} INFO - Processing file /home/airflow/.local/lib/python3.8/site-packages/airflow/example_dags/example_branch_operator.py for tasks to queue
[2024-02-10T18:08:01.719+0000] {logging_mixin.py:188} INFO - [2024-02-10T18:08:01.719+0000] {dagbag.py:538} INFO - Filling up the DagBag from /home/airflow/.local/lib/python3.8/site-packages/airflow/example_dags/example_branch_operator.py
[2024-02-10T18:08:01.742+0000] {processor.py:840} INFO - DAG(s) 'example_branch_operator' retrieved from /home/airflow/.local/lib/python3.8/site-packages/airflow/example_dags/example_branch_operator.py
[2024-02-10T18:08:01.775+0000] {logging_mixin.py:188} INFO - [2024-02-10T18:08:01.775+0000] {dag.py:3036} INFO - Sync 1 DAGs
[2024-02-10T18:08:01.803+0000] {logging_mixin.py:188} INFO - [2024-02-10T18:08:01.803+0000] {dag.py:3823} INFO - Setting next_dagrun for example_branch_operator to 2024-02-09 00:00:00+00:00, run_after=2024-02-10 00:00:00+00:00
[2024-02-10T18:08:01.826+0000] {processor.py:183} INFO - Processing /home/airflow/.local/lib/python3.8/site-packages/airflow/example_dags/example_branch_operator.py took 0.112 seconds
[2024-02-10T18:08:32.216+0000] {processor.py:161} INFO - Started process (PID=2827) to work on /home/airflow/.local/lib/python3.8/site-packages/airflow/example_dags/example_branch_operator.py
[2024-02-10T18:08:32.217+0000] {processor.py:830} INFO - Processing file /home/airflow/.local/lib/python3.8/site-packages/airflow/example_dags/example_branch_operator.py for tasks to queue
[2024-02-10T18:08:32.219+0000] {logging_mixin.py:188} INFO - [2024-02-10T18:08:32.218+0000] {dagbag.py:538} INFO - Filling up the DagBag from /home/airflow/.local/lib/python3.8/site-packages/airflow/example_dags/example_branch_operator.py
[2024-02-10T18:08:32.240+0000] {processor.py:840} INFO - DAG(s) 'example_branch_operator' retrieved from /home/airflow/.local/lib/python3.8/site-packages/airflow/example_dags/example_branch_operator.py
[2024-02-10T18:08:32.273+0000] {logging_mixin.py:188} INFO - [2024-02-10T18:08:32.273+0000] {dag.py:3036} INFO - Sync 1 DAGs
[2024-02-10T18:08:32.298+0000] {logging_mixin.py:188} INFO - [2024-02-10T18:08:32.298+0000] {dag.py:3823} INFO - Setting next_dagrun for example_branch_operator to 2024-02-09 00:00:00+00:00, run_after=2024-02-10 00:00:00+00:00
[2024-02-10T18:08:32.324+0000] {processor.py:183} INFO - Processing /home/airflow/.local/lib/python3.8/site-packages/airflow/example_dags/example_branch_operator.py took 0.111 seconds
[2024-02-10T18:09:02.885+0000] {processor.py:161} INFO - Started process (PID=2883) to work on /home/airflow/.local/lib/python3.8/site-packages/airflow/example_dags/example_branch_operator.py
[2024-02-10T18:09:02.886+0000] {processor.py:830} INFO - Processing file /home/airflow/.local/lib/python3.8/site-packages/airflow/example_dags/example_branch_operator.py for tasks to queue
[2024-02-10T18:09:02.888+0000] {logging_mixin.py:188} INFO - [2024-02-10T18:09:02.887+0000] {dagbag.py:538} INFO - Filling up the DagBag from /home/airflow/.local/lib/python3.8/site-packages/airflow/example_dags/example_branch_operator.py
[2024-02-10T18:09:02.909+0000] {processor.py:840} INFO - DAG(s) 'example_branch_operator' retrieved from /home/airflow/.local/lib/python3.8/site-packages/airflow/example_dags/example_branch_operator.py
[2024-02-10T18:09:02.944+0000] {logging_mixin.py:188} INFO - [2024-02-10T18:09:02.944+0000] {dag.py:3036} INFO - Sync 1 DAGs
[2024-02-10T18:09:02.970+0000] {logging_mixin.py:188} INFO - [2024-02-10T18:09:02.970+0000] {dag.py:3823} INFO - Setting next_dagrun for example_branch_operator to 2024-02-09 00:00:00+00:00, run_after=2024-02-10 00:00:00+00:00
[2024-02-10T18:09:03.002+0000] {processor.py:183} INFO - Processing /home/airflow/.local/lib/python3.8/site-packages/airflow/example_dags/example_branch_operator.py took 0.120 seconds
[2024-02-10T18:09:33.292+0000] {processor.py:161} INFO - Started process (PID=2939) to work on /home/airflow/.local/lib/python3.8/site-packages/airflow/example_dags/example_branch_operator.py
[2024-02-10T18:09:33.293+0000] {processor.py:830} INFO - Processing file /home/airflow/.local/lib/python3.8/site-packages/airflow/example_dags/example_branch_operator.py for tasks to queue
[2024-02-10T18:09:33.294+0000] {logging_mixin.py:188} INFO - [2024-02-10T18:09:33.294+0000] {dagbag.py:538} INFO - Filling up the DagBag from /home/airflow/.local/lib/python3.8/site-packages/airflow/example_dags/example_branch_operator.py
[2024-02-10T18:09:33.316+0000] {processor.py:840} INFO - DAG(s) 'example_branch_operator' retrieved from /home/airflow/.local/lib/python3.8/site-packages/airflow/example_dags/example_branch_operator.py
[2024-02-10T18:09:33.357+0000] {logging_mixin.py:188} INFO - [2024-02-10T18:09:33.357+0000] {dag.py:3036} INFO - Sync 1 DAGs
[2024-02-10T18:09:33.388+0000] {logging_mixin.py:188} INFO - [2024-02-10T18:09:33.388+0000] {dag.py:3823} INFO - Setting next_dagrun for example_branch_operator to 2024-02-09 00:00:00+00:00, run_after=2024-02-10 00:00:00+00:00
[2024-02-10T18:09:33.411+0000] {processor.py:183} INFO - Processing /home/airflow/.local/lib/python3.8/site-packages/airflow/example_dags/example_branch_operator.py took 0.123 seconds
[2024-02-10T18:10:03.596+0000] {processor.py:161} INFO - Started process (PID=2993) to work on /home/airflow/.local/lib/python3.8/site-packages/airflow/example_dags/example_branch_operator.py
[2024-02-10T18:10:03.599+0000] {processor.py:830} INFO - Processing file /home/airflow/.local/lib/python3.8/site-packages/airflow/example_dags/example_branch_operator.py for tasks to queue
[2024-02-10T18:10:03.601+0000] {logging_mixin.py:188} INFO - [2024-02-10T18:10:03.601+0000] {dagbag.py:538} INFO - Filling up the DagBag from /home/airflow/.local/lib/python3.8/site-packages/airflow/example_dags/example_branch_operator.py
[2024-02-10T18:10:03.623+0000] {processor.py:840} INFO - DAG(s) 'example_branch_operator' retrieved from /home/airflow/.local/lib/python3.8/site-packages/airflow/example_dags/example_branch_operator.py
[2024-02-10T18:10:03.712+0000] {logging_mixin.py:188} INFO - [2024-02-10T18:10:03.712+0000] {dag.py:3036} INFO - Sync 1 DAGs
[2024-02-10T18:10:03.784+0000] {logging_mixin.py:188} INFO - [2024-02-10T18:10:03.784+0000] {dag.py:3823} INFO - Setting next_dagrun for example_branch_operator to 2024-02-09 00:00:00+00:00, run_after=2024-02-10 00:00:00+00:00
[2024-02-10T18:10:03.831+0000] {processor.py:183} INFO - Processing /home/airflow/.local/lib/python3.8/site-packages/airflow/example_dags/example_branch_operator.py took 0.238 seconds
[2024-02-10T18:10:33.914+0000] {processor.py:161} INFO - Started process (PID=3048) to work on /home/airflow/.local/lib/python3.8/site-packages/airflow/example_dags/example_branch_operator.py
[2024-02-10T18:10:33.916+0000] {processor.py:830} INFO - Processing file /home/airflow/.local/lib/python3.8/site-packages/airflow/example_dags/example_branch_operator.py for tasks to queue
[2024-02-10T18:10:33.917+0000] {logging_mixin.py:188} INFO - [2024-02-10T18:10:33.917+0000] {dagbag.py:538} INFO - Filling up the DagBag from /home/airflow/.local/lib/python3.8/site-packages/airflow/example_dags/example_branch_operator.py
[2024-02-10T18:10:33.941+0000] {processor.py:840} INFO - DAG(s) 'example_branch_operator' retrieved from /home/airflow/.local/lib/python3.8/site-packages/airflow/example_dags/example_branch_operator.py
[2024-02-10T18:10:33.974+0000] {logging_mixin.py:188} INFO - [2024-02-10T18:10:33.974+0000] {dag.py:3036} INFO - Sync 1 DAGs
[2024-02-10T18:10:34.002+0000] {logging_mixin.py:188} INFO - [2024-02-10T18:10:34.001+0000] {dag.py:3823} INFO - Setting next_dagrun for example_branch_operator to 2024-02-09 00:00:00+00:00, run_after=2024-02-10 00:00:00+00:00
[2024-02-10T18:10:34.032+0000] {processor.py:183} INFO - Processing /home/airflow/.local/lib/python3.8/site-packages/airflow/example_dags/example_branch_operator.py took 0.121 seconds
[2024-02-10T18:11:04.537+0000] {processor.py:161} INFO - Started process (PID=3102) to work on /home/airflow/.local/lib/python3.8/site-packages/airflow/example_dags/example_branch_operator.py
[2024-02-10T18:11:04.538+0000] {processor.py:830} INFO - Processing file /home/airflow/.local/lib/python3.8/site-packages/airflow/example_dags/example_branch_operator.py for tasks to queue
[2024-02-10T18:11:04.539+0000] {logging_mixin.py:188} INFO - [2024-02-10T18:11:04.539+0000] {dagbag.py:538} INFO - Filling up the DagBag from /home/airflow/.local/lib/python3.8/site-packages/airflow/example_dags/example_branch_operator.py
[2024-02-10T18:11:04.561+0000] {processor.py:840} INFO - DAG(s) 'example_branch_operator' retrieved from /home/airflow/.local/lib/python3.8/site-packages/airflow/example_dags/example_branch_operator.py
[2024-02-10T18:11:04.594+0000] {logging_mixin.py:188} INFO - [2024-02-10T18:11:04.593+0000] {dag.py:3036} INFO - Sync 1 DAGs
[2024-02-10T18:11:04.618+0000] {logging_mixin.py:188} INFO - [2024-02-10T18:11:04.618+0000] {dag.py:3823} INFO - Setting next_dagrun for example_branch_operator to 2024-02-09 00:00:00+00:00, run_after=2024-02-10 00:00:00+00:00
[2024-02-10T18:11:04.663+0000] {processor.py:183} INFO - Processing /home/airflow/.local/lib/python3.8/site-packages/airflow/example_dags/example_branch_operator.py took 0.130 seconds
[2024-02-10T18:11:35.071+0000] {processor.py:161} INFO - Started process (PID=3158) to work on /home/airflow/.local/lib/python3.8/site-packages/airflow/example_dags/example_branch_operator.py
[2024-02-10T18:11:35.072+0000] {processor.py:830} INFO - Processing file /home/airflow/.local/lib/python3.8/site-packages/airflow/example_dags/example_branch_operator.py for tasks to queue
[2024-02-10T18:11:35.074+0000] {logging_mixin.py:188} INFO - [2024-02-10T18:11:35.074+0000] {dagbag.py:538} INFO - Filling up the DagBag from /home/airflow/.local/lib/python3.8/site-packages/airflow/example_dags/example_branch_operator.py
[2024-02-10T18:11:35.095+0000] {processor.py:840} INFO - DAG(s) 'example_branch_operator' retrieved from /home/airflow/.local/lib/python3.8/site-packages/airflow/example_dags/example_branch_operator.py
[2024-02-10T18:11:35.130+0000] {logging_mixin.py:188} INFO - [2024-02-10T18:11:35.130+0000] {dag.py:3036} INFO - Sync 1 DAGs
[2024-02-10T18:11:35.156+0000] {logging_mixin.py:188} INFO - [2024-02-10T18:11:35.155+0000] {dag.py:3823} INFO - Setting next_dagrun for example_branch_operator to 2024-02-09 00:00:00+00:00, run_after=2024-02-10 00:00:00+00:00
[2024-02-10T18:11:35.184+0000] {processor.py:183} INFO - Processing /home/airflow/.local/lib/python3.8/site-packages/airflow/example_dags/example_branch_operator.py took 0.115 seconds
[2024-02-10T18:12:05.302+0000] {processor.py:161} INFO - Started process (PID=3213) to work on /home/airflow/.local/lib/python3.8/site-packages/airflow/example_dags/example_branch_operator.py
[2024-02-10T18:12:05.303+0000] {processor.py:830} INFO - Processing file /home/airflow/.local/lib/python3.8/site-packages/airflow/example_dags/example_branch_operator.py for tasks to queue
[2024-02-10T18:12:05.307+0000] {logging_mixin.py:188} INFO - [2024-02-10T18:12:05.307+0000] {dagbag.py:538} INFO - Filling up the DagBag from /home/airflow/.local/lib/python3.8/site-packages/airflow/example_dags/example_branch_operator.py
[2024-02-10T18:12:05.329+0000] {processor.py:840} INFO - DAG(s) 'example_branch_operator' retrieved from /home/airflow/.local/lib/python3.8/site-packages/airflow/example_dags/example_branch_operator.py
[2024-02-10T18:12:05.430+0000] {logging_mixin.py:188} INFO - [2024-02-10T18:12:05.430+0000] {dag.py:3036} INFO - Sync 1 DAGs
[2024-02-10T18:12:05.538+0000] {logging_mixin.py:188} INFO - [2024-02-10T18:12:05.537+0000] {dag.py:3823} INFO - Setting next_dagrun for example_branch_operator to 2024-02-09 00:00:00+00:00, run_after=2024-02-10 00:00:00+00:00
[2024-02-10T18:12:05.602+0000] {processor.py:183} INFO - Processing /home/airflow/.local/lib/python3.8/site-packages/airflow/example_dags/example_branch_operator.py took 0.324 seconds
[2024-02-10T18:12:35.916+0000] {processor.py:161} INFO - Started process (PID=3269) to work on /home/airflow/.local/lib/python3.8/site-packages/airflow/example_dags/example_branch_operator.py
[2024-02-10T18:12:35.916+0000] {processor.py:830} INFO - Processing file /home/airflow/.local/lib/python3.8/site-packages/airflow/example_dags/example_branch_operator.py for tasks to queue
[2024-02-10T18:12:35.918+0000] {logging_mixin.py:188} INFO - [2024-02-10T18:12:35.918+0000] {dagbag.py:538} INFO - Filling up the DagBag from /home/airflow/.local/lib/python3.8/site-packages/airflow/example_dags/example_branch_operator.py
[2024-02-10T18:12:35.940+0000] {processor.py:840} INFO - DAG(s) 'example_branch_operator' retrieved from /home/airflow/.local/lib/python3.8/site-packages/airflow/example_dags/example_branch_operator.py
[2024-02-10T18:12:35.974+0000] {logging_mixin.py:188} INFO - [2024-02-10T18:12:35.974+0000] {dag.py:3036} INFO - Sync 1 DAGs
[2024-02-10T18:12:36.004+0000] {logging_mixin.py:188} INFO - [2024-02-10T18:12:36.003+0000] {dag.py:3823} INFO - Setting next_dagrun for example_branch_operator to 2024-02-09 00:00:00+00:00, run_after=2024-02-10 00:00:00+00:00
[2024-02-10T18:12:36.030+0000] {processor.py:183} INFO - Processing /home/airflow/.local/lib/python3.8/site-packages/airflow/example_dags/example_branch_operator.py took 0.118 seconds
[2024-02-10T18:13:06.312+0000] {processor.py:161} INFO - Started process (PID=3324) to work on /home/airflow/.local/lib/python3.8/site-packages/airflow/example_dags/example_branch_operator.py
[2024-02-10T18:13:06.313+0000] {processor.py:830} INFO - Processing file /home/airflow/.local/lib/python3.8/site-packages/airflow/example_dags/example_branch_operator.py for tasks to queue
[2024-02-10T18:13:06.314+0000] {logging_mixin.py:188} INFO - [2024-02-10T18:13:06.314+0000] {dagbag.py:538} INFO - Filling up the DagBag from /home/airflow/.local/lib/python3.8/site-packages/airflow/example_dags/example_branch_operator.py
[2024-02-10T18:13:06.355+0000] {processor.py:840} INFO - DAG(s) 'example_branch_operator' retrieved from /home/airflow/.local/lib/python3.8/site-packages/airflow/example_dags/example_branch_operator.py
[2024-02-10T18:13:06.389+0000] {logging_mixin.py:188} INFO - [2024-02-10T18:13:06.388+0000] {dag.py:3036} INFO - Sync 1 DAGs
[2024-02-10T18:13:06.417+0000] {logging_mixin.py:188} INFO - [2024-02-10T18:13:06.417+0000] {dag.py:3823} INFO - Setting next_dagrun for example_branch_operator to 2024-02-09 00:00:00+00:00, run_after=2024-02-10 00:00:00+00:00
[2024-02-10T18:13:06.447+0000] {processor.py:183} INFO - Processing /home/airflow/.local/lib/python3.8/site-packages/airflow/example_dags/example_branch_operator.py took 0.138 seconds
[2024-02-10T18:13:36.711+0000] {processor.py:161} INFO - Started process (PID=3380) to work on /home/airflow/.local/lib/python3.8/site-packages/airflow/example_dags/example_branch_operator.py
[2024-02-10T18:13:36.715+0000] {processor.py:830} INFO - Processing file /home/airflow/.local/lib/python3.8/site-packages/airflow/example_dags/example_branch_operator.py for tasks to queue
[2024-02-10T18:13:36.717+0000] {logging_mixin.py:188} INFO - [2024-02-10T18:13:36.716+0000] {dagbag.py:538} INFO - Filling up the DagBag from /home/airflow/.local/lib/python3.8/site-packages/airflow/example_dags/example_branch_operator.py
[2024-02-10T18:13:36.762+0000] {processor.py:840} INFO - DAG(s) 'example_branch_operator' retrieved from /home/airflow/.local/lib/python3.8/site-packages/airflow/example_dags/example_branch_operator.py
[2024-02-10T18:13:36.837+0000] {logging_mixin.py:188} INFO - [2024-02-10T18:13:36.836+0000] {dag.py:3036} INFO - Sync 1 DAGs
[2024-02-10T18:13:36.886+0000] {logging_mixin.py:188} INFO - [2024-02-10T18:13:36.886+0000] {dag.py:3823} INFO - Setting next_dagrun for example_branch_operator to 2024-02-09 00:00:00+00:00, run_after=2024-02-10 00:00:00+00:00
[2024-02-10T18:13:36.921+0000] {processor.py:183} INFO - Processing /home/airflow/.local/lib/python3.8/site-packages/airflow/example_dags/example_branch_operator.py took 0.213 seconds
[2024-02-10T18:14:07.072+0000] {processor.py:161} INFO - Started process (PID=3435) to work on /home/airflow/.local/lib/python3.8/site-packages/airflow/example_dags/example_branch_operator.py
[2024-02-10T18:14:07.074+0000] {processor.py:830} INFO - Processing file /home/airflow/.local/lib/python3.8/site-packages/airflow/example_dags/example_branch_operator.py for tasks to queue
[2024-02-10T18:14:07.076+0000] {logging_mixin.py:188} INFO - [2024-02-10T18:14:07.075+0000] {dagbag.py:538} INFO - Filling up the DagBag from /home/airflow/.local/lib/python3.8/site-packages/airflow/example_dags/example_branch_operator.py
[2024-02-10T18:14:07.097+0000] {processor.py:840} INFO - DAG(s) 'example_branch_operator' retrieved from /home/airflow/.local/lib/python3.8/site-packages/airflow/example_dags/example_branch_operator.py
[2024-02-10T18:14:07.142+0000] {logging_mixin.py:188} INFO - [2024-02-10T18:14:07.141+0000] {dag.py:3036} INFO - Sync 1 DAGs
[2024-02-10T18:14:07.170+0000] {logging_mixin.py:188} INFO - [2024-02-10T18:14:07.170+0000] {dag.py:3823} INFO - Setting next_dagrun for example_branch_operator to 2024-02-09 00:00:00+00:00, run_after=2024-02-10 00:00:00+00:00
[2024-02-10T18:14:07.208+0000] {processor.py:183} INFO - Processing /home/airflow/.local/lib/python3.8/site-packages/airflow/example_dags/example_branch_operator.py took 0.139 seconds
[2024-02-10T18:14:37.291+0000] {processor.py:161} INFO - Started process (PID=3490) to work on /home/airflow/.local/lib/python3.8/site-packages/airflow/example_dags/example_branch_operator.py
[2024-02-10T18:14:37.292+0000] {processor.py:830} INFO - Processing file /home/airflow/.local/lib/python3.8/site-packages/airflow/example_dags/example_branch_operator.py for tasks to queue
[2024-02-10T18:14:37.297+0000] {logging_mixin.py:188} INFO - [2024-02-10T18:14:37.293+0000] {dagbag.py:538} INFO - Filling up the DagBag from /home/airflow/.local/lib/python3.8/site-packages/airflow/example_dags/example_branch_operator.py
[2024-02-10T18:14:37.326+0000] {processor.py:840} INFO - DAG(s) 'example_branch_operator' retrieved from /home/airflow/.local/lib/python3.8/site-packages/airflow/example_dags/example_branch_operator.py
[2024-02-10T18:14:37.362+0000] {logging_mixin.py:188} INFO - [2024-02-10T18:14:37.362+0000] {dag.py:3036} INFO - Sync 1 DAGs
[2024-02-10T18:14:37.393+0000] {logging_mixin.py:188} INFO - [2024-02-10T18:14:37.393+0000] {dag.py:3823} INFO - Setting next_dagrun for example_branch_operator to 2024-02-09 00:00:00+00:00, run_after=2024-02-10 00:00:00+00:00
[2024-02-10T18:14:37.417+0000] {processor.py:183} INFO - Processing /home/airflow/.local/lib/python3.8/site-packages/airflow/example_dags/example_branch_operator.py took 0.129 seconds
[2024-02-10T18:15:07.623+0000] {processor.py:161} INFO - Started process (PID=3545) to work on /home/airflow/.local/lib/python3.8/site-packages/airflow/example_dags/example_branch_operator.py
[2024-02-10T18:15:07.626+0000] {processor.py:830} INFO - Processing file /home/airflow/.local/lib/python3.8/site-packages/airflow/example_dags/example_branch_operator.py for tasks to queue
[2024-02-10T18:15:07.628+0000] {logging_mixin.py:188} INFO - [2024-02-10T18:15:07.628+0000] {dagbag.py:538} INFO - Filling up the DagBag from /home/airflow/.local/lib/python3.8/site-packages/airflow/example_dags/example_branch_operator.py
[2024-02-10T18:15:07.675+0000] {processor.py:840} INFO - DAG(s) 'example_branch_operator' retrieved from /home/airflow/.local/lib/python3.8/site-packages/airflow/example_dags/example_branch_operator.py
[2024-02-10T18:15:07.772+0000] {logging_mixin.py:188} INFO - [2024-02-10T18:15:07.772+0000] {dag.py:3036} INFO - Sync 1 DAGs
[2024-02-10T18:15:07.797+0000] {logging_mixin.py:188} INFO - [2024-02-10T18:15:07.797+0000] {dag.py:3823} INFO - Setting next_dagrun for example_branch_operator to 2024-02-09 00:00:00+00:00, run_after=2024-02-10 00:00:00+00:00
[2024-02-10T18:15:07.819+0000] {processor.py:183} INFO - Processing /home/airflow/.local/lib/python3.8/site-packages/airflow/example_dags/example_branch_operator.py took 0.202 seconds
[2024-02-10T18:15:38.146+0000] {processor.py:161} INFO - Started process (PID=3600) to work on /home/airflow/.local/lib/python3.8/site-packages/airflow/example_dags/example_branch_operator.py
[2024-02-10T18:15:38.147+0000] {processor.py:830} INFO - Processing file /home/airflow/.local/lib/python3.8/site-packages/airflow/example_dags/example_branch_operator.py for tasks to queue
[2024-02-10T18:15:38.149+0000] {logging_mixin.py:188} INFO - [2024-02-10T18:15:38.148+0000] {dagbag.py:538} INFO - Filling up the DagBag from /home/airflow/.local/lib/python3.8/site-packages/airflow/example_dags/example_branch_operator.py
[2024-02-10T18:15:38.170+0000] {processor.py:840} INFO - DAG(s) 'example_branch_operator' retrieved from /home/airflow/.local/lib/python3.8/site-packages/airflow/example_dags/example_branch_operator.py
[2024-02-10T18:15:38.209+0000] {logging_mixin.py:188} INFO - [2024-02-10T18:15:38.208+0000] {dag.py:3036} INFO - Sync 1 DAGs
[2024-02-10T18:15:38.239+0000] {logging_mixin.py:188} INFO - [2024-02-10T18:15:38.238+0000] {dag.py:3823} INFO - Setting next_dagrun for example_branch_operator to 2024-02-09 00:00:00+00:00, run_after=2024-02-10 00:00:00+00:00
[2024-02-10T18:15:38.272+0000] {processor.py:183} INFO - Processing /home/airflow/.local/lib/python3.8/site-packages/airflow/example_dags/example_branch_operator.py took 0.129 seconds
[2024-02-10T18:16:08.489+0000] {processor.py:161} INFO - Started process (PID=3656) to work on /home/airflow/.local/lib/python3.8/site-packages/airflow/example_dags/example_branch_operator.py
[2024-02-10T18:16:08.490+0000] {processor.py:830} INFO - Processing file /home/airflow/.local/lib/python3.8/site-packages/airflow/example_dags/example_branch_operator.py for tasks to queue
[2024-02-10T18:16:08.492+0000] {logging_mixin.py:188} INFO - [2024-02-10T18:16:08.491+0000] {dagbag.py:538} INFO - Filling up the DagBag from /home/airflow/.local/lib/python3.8/site-packages/airflow/example_dags/example_branch_operator.py
[2024-02-10T18:16:08.513+0000] {processor.py:840} INFO - DAG(s) 'example_branch_operator' retrieved from /home/airflow/.local/lib/python3.8/site-packages/airflow/example_dags/example_branch_operator.py
[2024-02-10T18:16:08.548+0000] {logging_mixin.py:188} INFO - [2024-02-10T18:16:08.548+0000] {dag.py:3036} INFO - Sync 1 DAGs
[2024-02-10T18:16:08.608+0000] {logging_mixin.py:188} INFO - [2024-02-10T18:16:08.608+0000] {dag.py:3823} INFO - Setting next_dagrun for example_branch_operator to 2024-02-09 00:00:00+00:00, run_after=2024-02-10 00:00:00+00:00
[2024-02-10T18:16:08.633+0000] {processor.py:183} INFO - Processing /home/airflow/.local/lib/python3.8/site-packages/airflow/example_dags/example_branch_operator.py took 0.147 seconds
