[2024-02-10T17:43:10.271+0000] {processor.py:161} INFO - Started process (PID=71) to work on /home/airflow/.local/lib/python3.8/site-packages/airflow/example_dags/example_nested_branch_dag.py
[2024-02-10T17:43:10.271+0000] {processor.py:830} INFO - Processing file /home/airflow/.local/lib/python3.8/site-packages/airflow/example_dags/example_nested_branch_dag.py for tasks to queue
[2024-02-10T17:43:10.273+0000] {logging_mixin.py:188} INFO - [2024-02-10T17:43:10.273+0000] {dagbag.py:538} INFO - Filling up the DagBag from /home/airflow/.local/lib/python3.8/site-packages/airflow/example_dags/example_nested_branch_dag.py
[2024-02-10T17:43:10.289+0000] {processor.py:840} INFO - DAG(s) 'example_nested_branch_dag' retrieved from /home/airflow/.local/lib/python3.8/site-packages/airflow/example_dags/example_nested_branch_dag.py
[2024-02-10T17:43:10.486+0000] {logging_mixin.py:188} INFO - [2024-02-10T17:43:10.486+0000] {dag.py:3036} INFO - Sync 1 DAGs
[2024-02-10T17:43:10.512+0000] {logging_mixin.py:188} INFO - [2024-02-10T17:43:10.512+0000] {dag.py:3823} INFO - Setting next_dagrun for example_nested_branch_dag to 2024-02-09 00:00:00+00:00, run_after=2024-02-10 00:00:00+00:00
[2024-02-10T17:43:10.543+0000] {processor.py:183} INFO - Processing /home/airflow/.local/lib/python3.8/site-packages/airflow/example_dags/example_nested_branch_dag.py took 0.294 seconds
[2024-02-10T17:43:41.016+0000] {processor.py:161} INFO - Started process (PID=126) to work on /home/airflow/.local/lib/python3.8/site-packages/airflow/example_dags/example_nested_branch_dag.py
[2024-02-10T17:43:41.017+0000] {processor.py:830} INFO - Processing file /home/airflow/.local/lib/python3.8/site-packages/airflow/example_dags/example_nested_branch_dag.py for tasks to queue
[2024-02-10T17:43:41.019+0000] {logging_mixin.py:188} INFO - [2024-02-10T17:43:41.018+0000] {dagbag.py:538} INFO - Filling up the DagBag from /home/airflow/.local/lib/python3.8/site-packages/airflow/example_dags/example_nested_branch_dag.py
[2024-02-10T17:43:41.031+0000] {processor.py:840} INFO - DAG(s) 'example_nested_branch_dag' retrieved from /home/airflow/.local/lib/python3.8/site-packages/airflow/example_dags/example_nested_branch_dag.py
[2024-02-10T17:43:41.056+0000] {logging_mixin.py:188} INFO - [2024-02-10T17:43:41.056+0000] {dag.py:3036} INFO - Sync 1 DAGs
[2024-02-10T17:43:41.084+0000] {logging_mixin.py:188} INFO - [2024-02-10T17:43:41.084+0000] {dag.py:3823} INFO - Setting next_dagrun for example_nested_branch_dag to 2024-02-09 00:00:00+00:00, run_after=2024-02-10 00:00:00+00:00
[2024-02-10T17:43:41.108+0000] {processor.py:183} INFO - Processing /home/airflow/.local/lib/python3.8/site-packages/airflow/example_dags/example_nested_branch_dag.py took 0.095 seconds
[2024-02-10T17:44:11.525+0000] {processor.py:161} INFO - Started process (PID=181) to work on /home/airflow/.local/lib/python3.8/site-packages/airflow/example_dags/example_nested_branch_dag.py
[2024-02-10T17:44:11.525+0000] {processor.py:830} INFO - Processing file /home/airflow/.local/lib/python3.8/site-packages/airflow/example_dags/example_nested_branch_dag.py for tasks to queue
[2024-02-10T17:44:11.527+0000] {logging_mixin.py:188} INFO - [2024-02-10T17:44:11.527+0000] {dagbag.py:538} INFO - Filling up the DagBag from /home/airflow/.local/lib/python3.8/site-packages/airflow/example_dags/example_nested_branch_dag.py
[2024-02-10T17:44:11.541+0000] {processor.py:840} INFO - DAG(s) 'example_nested_branch_dag' retrieved from /home/airflow/.local/lib/python3.8/site-packages/airflow/example_dags/example_nested_branch_dag.py
[2024-02-10T17:44:11.572+0000] {logging_mixin.py:188} INFO - [2024-02-10T17:44:11.572+0000] {dag.py:3036} INFO - Sync 1 DAGs
[2024-02-10T17:44:11.600+0000] {logging_mixin.py:188} INFO - [2024-02-10T17:44:11.599+0000] {dag.py:3823} INFO - Setting next_dagrun for example_nested_branch_dag to 2024-02-09 00:00:00+00:00, run_after=2024-02-10 00:00:00+00:00
[2024-02-10T17:44:11.623+0000] {processor.py:183} INFO - Processing /home/airflow/.local/lib/python3.8/site-packages/airflow/example_dags/example_nested_branch_dag.py took 0.102 seconds
[2024-02-10T17:44:42.092+0000] {processor.py:161} INFO - Started process (PID=236) to work on /home/airflow/.local/lib/python3.8/site-packages/airflow/example_dags/example_nested_branch_dag.py
[2024-02-10T17:44:42.093+0000] {processor.py:830} INFO - Processing file /home/airflow/.local/lib/python3.8/site-packages/airflow/example_dags/example_nested_branch_dag.py for tasks to queue
[2024-02-10T17:44:42.095+0000] {logging_mixin.py:188} INFO - [2024-02-10T17:44:42.094+0000] {dagbag.py:538} INFO - Filling up the DagBag from /home/airflow/.local/lib/python3.8/site-packages/airflow/example_dags/example_nested_branch_dag.py
[2024-02-10T17:44:42.111+0000] {processor.py:840} INFO - DAG(s) 'example_nested_branch_dag' retrieved from /home/airflow/.local/lib/python3.8/site-packages/airflow/example_dags/example_nested_branch_dag.py
[2024-02-10T17:44:42.149+0000] {logging_mixin.py:188} INFO - [2024-02-10T17:44:42.149+0000] {dag.py:3036} INFO - Sync 1 DAGs
[2024-02-10T17:44:42.179+0000] {logging_mixin.py:188} INFO - [2024-02-10T17:44:42.178+0000] {dag.py:3823} INFO - Setting next_dagrun for example_nested_branch_dag to 2024-02-09 00:00:00+00:00, run_after=2024-02-10 00:00:00+00:00
[2024-02-10T17:44:42.203+0000] {processor.py:183} INFO - Processing /home/airflow/.local/lib/python3.8/site-packages/airflow/example_dags/example_nested_branch_dag.py took 0.114 seconds
[2024-02-10T17:45:12.747+0000] {processor.py:161} INFO - Started process (PID=291) to work on /home/airflow/.local/lib/python3.8/site-packages/airflow/example_dags/example_nested_branch_dag.py
[2024-02-10T17:45:12.748+0000] {processor.py:830} INFO - Processing file /home/airflow/.local/lib/python3.8/site-packages/airflow/example_dags/example_nested_branch_dag.py for tasks to queue
[2024-02-10T17:45:12.750+0000] {logging_mixin.py:188} INFO - [2024-02-10T17:45:12.750+0000] {dagbag.py:538} INFO - Filling up the DagBag from /home/airflow/.local/lib/python3.8/site-packages/airflow/example_dags/example_nested_branch_dag.py
[2024-02-10T17:45:12.762+0000] {processor.py:840} INFO - DAG(s) 'example_nested_branch_dag' retrieved from /home/airflow/.local/lib/python3.8/site-packages/airflow/example_dags/example_nested_branch_dag.py
[2024-02-10T17:45:12.795+0000] {logging_mixin.py:188} INFO - [2024-02-10T17:45:12.795+0000] {dag.py:3036} INFO - Sync 1 DAGs
[2024-02-10T17:45:12.829+0000] {logging_mixin.py:188} INFO - [2024-02-10T17:45:12.828+0000] {dag.py:3823} INFO - Setting next_dagrun for example_nested_branch_dag to 2024-02-09 00:00:00+00:00, run_after=2024-02-10 00:00:00+00:00
[2024-02-10T17:45:12.853+0000] {processor.py:183} INFO - Processing /home/airflow/.local/lib/python3.8/site-packages/airflow/example_dags/example_nested_branch_dag.py took 0.110 seconds
[2024-02-10T17:45:42.963+0000] {processor.py:161} INFO - Started process (PID=345) to work on /home/airflow/.local/lib/python3.8/site-packages/airflow/example_dags/example_nested_branch_dag.py
[2024-02-10T17:45:42.964+0000] {processor.py:830} INFO - Processing file /home/airflow/.local/lib/python3.8/site-packages/airflow/example_dags/example_nested_branch_dag.py for tasks to queue
[2024-02-10T17:45:42.965+0000] {logging_mixin.py:188} INFO - [2024-02-10T17:45:42.965+0000] {dagbag.py:538} INFO - Filling up the DagBag from /home/airflow/.local/lib/python3.8/site-packages/airflow/example_dags/example_nested_branch_dag.py
[2024-02-10T17:45:42.973+0000] {processor.py:840} INFO - DAG(s) 'example_nested_branch_dag' retrieved from /home/airflow/.local/lib/python3.8/site-packages/airflow/example_dags/example_nested_branch_dag.py
[2024-02-10T17:45:42.993+0000] {logging_mixin.py:188} INFO - [2024-02-10T17:45:42.993+0000] {dag.py:3036} INFO - Sync 1 DAGs
[2024-02-10T17:45:43.019+0000] {logging_mixin.py:188} INFO - [2024-02-10T17:45:43.019+0000] {dag.py:3823} INFO - Setting next_dagrun for example_nested_branch_dag to 2024-02-09 00:00:00+00:00, run_after=2024-02-10 00:00:00+00:00
[2024-02-10T17:45:43.049+0000] {processor.py:183} INFO - Processing /home/airflow/.local/lib/python3.8/site-packages/airflow/example_dags/example_nested_branch_dag.py took 0.088 seconds
[2024-02-10T17:46:13.469+0000] {processor.py:161} INFO - Started process (PID=401) to work on /home/airflow/.local/lib/python3.8/site-packages/airflow/example_dags/example_nested_branch_dag.py
[2024-02-10T17:46:13.471+0000] {processor.py:830} INFO - Processing file /home/airflow/.local/lib/python3.8/site-packages/airflow/example_dags/example_nested_branch_dag.py for tasks to queue
[2024-02-10T17:46:13.474+0000] {logging_mixin.py:188} INFO - [2024-02-10T17:46:13.474+0000] {dagbag.py:538} INFO - Filling up the DagBag from /home/airflow/.local/lib/python3.8/site-packages/airflow/example_dags/example_nested_branch_dag.py
[2024-02-10T17:46:13.486+0000] {processor.py:840} INFO - DAG(s) 'example_nested_branch_dag' retrieved from /home/airflow/.local/lib/python3.8/site-packages/airflow/example_dags/example_nested_branch_dag.py
[2024-02-10T17:46:13.512+0000] {logging_mixin.py:188} INFO - [2024-02-10T17:46:13.512+0000] {dag.py:3036} INFO - Sync 1 DAGs
[2024-02-10T17:46:13.541+0000] {logging_mixin.py:188} INFO - [2024-02-10T17:46:13.541+0000] {dag.py:3823} INFO - Setting next_dagrun for example_nested_branch_dag to 2024-02-09 00:00:00+00:00, run_after=2024-02-10 00:00:00+00:00
[2024-02-10T17:46:13.565+0000] {processor.py:183} INFO - Processing /home/airflow/.local/lib/python3.8/site-packages/airflow/example_dags/example_nested_branch_dag.py took 0.100 seconds
[2024-02-10T17:46:44.155+0000] {processor.py:161} INFO - Started process (PID=457) to work on /home/airflow/.local/lib/python3.8/site-packages/airflow/example_dags/example_nested_branch_dag.py
[2024-02-10T17:46:44.169+0000] {processor.py:830} INFO - Processing file /home/airflow/.local/lib/python3.8/site-packages/airflow/example_dags/example_nested_branch_dag.py for tasks to queue
[2024-02-10T17:46:44.171+0000] {logging_mixin.py:188} INFO - [2024-02-10T17:46:44.171+0000] {dagbag.py:538} INFO - Filling up the DagBag from /home/airflow/.local/lib/python3.8/site-packages/airflow/example_dags/example_nested_branch_dag.py
[2024-02-10T17:46:44.186+0000] {processor.py:840} INFO - DAG(s) 'example_nested_branch_dag' retrieved from /home/airflow/.local/lib/python3.8/site-packages/airflow/example_dags/example_nested_branch_dag.py
[2024-02-10T17:46:44.228+0000] {logging_mixin.py:188} INFO - [2024-02-10T17:46:44.228+0000] {dag.py:3036} INFO - Sync 1 DAGs
[2024-02-10T17:46:44.260+0000] {logging_mixin.py:188} INFO - [2024-02-10T17:46:44.260+0000] {dag.py:3823} INFO - Setting next_dagrun for example_nested_branch_dag to 2024-02-09 00:00:00+00:00, run_after=2024-02-10 00:00:00+00:00
[2024-02-10T17:46:44.292+0000] {processor.py:183} INFO - Processing /home/airflow/.local/lib/python3.8/site-packages/airflow/example_dags/example_nested_branch_dag.py took 0.143 seconds
[2024-02-10T17:47:14.765+0000] {processor.py:161} INFO - Started process (PID=513) to work on /home/airflow/.local/lib/python3.8/site-packages/airflow/example_dags/example_nested_branch_dag.py
[2024-02-10T17:47:14.766+0000] {processor.py:830} INFO - Processing file /home/airflow/.local/lib/python3.8/site-packages/airflow/example_dags/example_nested_branch_dag.py for tasks to queue
[2024-02-10T17:47:14.767+0000] {logging_mixin.py:188} INFO - [2024-02-10T17:47:14.767+0000] {dagbag.py:538} INFO - Filling up the DagBag from /home/airflow/.local/lib/python3.8/site-packages/airflow/example_dags/example_nested_branch_dag.py
[2024-02-10T17:47:14.786+0000] {processor.py:840} INFO - DAG(s) 'example_nested_branch_dag' retrieved from /home/airflow/.local/lib/python3.8/site-packages/airflow/example_dags/example_nested_branch_dag.py
[2024-02-10T17:47:14.815+0000] {logging_mixin.py:188} INFO - [2024-02-10T17:47:14.814+0000] {dag.py:3036} INFO - Sync 1 DAGs
[2024-02-10T17:47:14.840+0000] {logging_mixin.py:188} INFO - [2024-02-10T17:47:14.840+0000] {dag.py:3823} INFO - Setting next_dagrun for example_nested_branch_dag to 2024-02-09 00:00:00+00:00, run_after=2024-02-10 00:00:00+00:00
[2024-02-10T17:47:14.887+0000] {processor.py:183} INFO - Processing /home/airflow/.local/lib/python3.8/site-packages/airflow/example_dags/example_nested_branch_dag.py took 0.130 seconds
[2024-02-10T17:47:44.955+0000] {processor.py:161} INFO - Started process (PID=568) to work on /home/airflow/.local/lib/python3.8/site-packages/airflow/example_dags/example_nested_branch_dag.py
[2024-02-10T17:47:44.956+0000] {processor.py:830} INFO - Processing file /home/airflow/.local/lib/python3.8/site-packages/airflow/example_dags/example_nested_branch_dag.py for tasks to queue
[2024-02-10T17:47:44.957+0000] {logging_mixin.py:188} INFO - [2024-02-10T17:47:44.957+0000] {dagbag.py:538} INFO - Filling up the DagBag from /home/airflow/.local/lib/python3.8/site-packages/airflow/example_dags/example_nested_branch_dag.py
[2024-02-10T17:47:44.965+0000] {processor.py:840} INFO - DAG(s) 'example_nested_branch_dag' retrieved from /home/airflow/.local/lib/python3.8/site-packages/airflow/example_dags/example_nested_branch_dag.py
[2024-02-10T17:47:44.982+0000] {logging_mixin.py:188} INFO - [2024-02-10T17:47:44.982+0000] {dag.py:3036} INFO - Sync 1 DAGs
[2024-02-10T17:47:45.000+0000] {logging_mixin.py:188} INFO - [2024-02-10T17:47:45.000+0000] {dag.py:3823} INFO - Setting next_dagrun for example_nested_branch_dag to 2024-02-09 00:00:00+00:00, run_after=2024-02-10 00:00:00+00:00
[2024-02-10T17:47:45.020+0000] {processor.py:183} INFO - Processing /home/airflow/.local/lib/python3.8/site-packages/airflow/example_dags/example_nested_branch_dag.py took 0.067 seconds
[2024-02-10T17:48:15.278+0000] {processor.py:161} INFO - Started process (PID=625) to work on /home/airflow/.local/lib/python3.8/site-packages/airflow/example_dags/example_nested_branch_dag.py
[2024-02-10T17:48:15.282+0000] {processor.py:830} INFO - Processing file /home/airflow/.local/lib/python3.8/site-packages/airflow/example_dags/example_nested_branch_dag.py for tasks to queue
[2024-02-10T17:48:15.284+0000] {logging_mixin.py:188} INFO - [2024-02-10T17:48:15.283+0000] {dagbag.py:538} INFO - Filling up the DagBag from /home/airflow/.local/lib/python3.8/site-packages/airflow/example_dags/example_nested_branch_dag.py
[2024-02-10T17:48:15.313+0000] {processor.py:840} INFO - DAG(s) 'example_nested_branch_dag' retrieved from /home/airflow/.local/lib/python3.8/site-packages/airflow/example_dags/example_nested_branch_dag.py
[2024-02-10T17:48:15.345+0000] {logging_mixin.py:188} INFO - [2024-02-10T17:48:15.344+0000] {dag.py:3036} INFO - Sync 1 DAGs
[2024-02-10T17:48:15.379+0000] {logging_mixin.py:188} INFO - [2024-02-10T17:48:15.378+0000] {dag.py:3823} INFO - Setting next_dagrun for example_nested_branch_dag to 2024-02-09 00:00:00+00:00, run_after=2024-02-10 00:00:00+00:00
[2024-02-10T17:48:15.416+0000] {processor.py:183} INFO - Processing /home/airflow/.local/lib/python3.8/site-packages/airflow/example_dags/example_nested_branch_dag.py took 0.152 seconds
[2024-02-10T17:48:46.013+0000] {processor.py:161} INFO - Started process (PID=682) to work on /home/airflow/.local/lib/python3.8/site-packages/airflow/example_dags/example_nested_branch_dag.py
[2024-02-10T17:48:46.015+0000] {processor.py:830} INFO - Processing file /home/airflow/.local/lib/python3.8/site-packages/airflow/example_dags/example_nested_branch_dag.py for tasks to queue
[2024-02-10T17:48:46.018+0000] {logging_mixin.py:188} INFO - [2024-02-10T17:48:46.018+0000] {dagbag.py:538} INFO - Filling up the DagBag from /home/airflow/.local/lib/python3.8/site-packages/airflow/example_dags/example_nested_branch_dag.py
[2024-02-10T17:48:46.042+0000] {processor.py:840} INFO - DAG(s) 'example_nested_branch_dag' retrieved from /home/airflow/.local/lib/python3.8/site-packages/airflow/example_dags/example_nested_branch_dag.py
[2024-02-10T17:48:46.134+0000] {logging_mixin.py:188} INFO - [2024-02-10T17:48:46.133+0000] {dag.py:3036} INFO - Sync 1 DAGs
[2024-02-10T17:48:46.197+0000] {logging_mixin.py:188} INFO - [2024-02-10T17:48:46.197+0000] {dag.py:3823} INFO - Setting next_dagrun for example_nested_branch_dag to 2024-02-09 00:00:00+00:00, run_after=2024-02-10 00:00:00+00:00
[2024-02-10T17:48:46.226+0000] {processor.py:183} INFO - Processing /home/airflow/.local/lib/python3.8/site-packages/airflow/example_dags/example_nested_branch_dag.py took 0.220 seconds
[2024-02-10T17:49:16.602+0000] {processor.py:161} INFO - Started process (PID=743) to work on /home/airflow/.local/lib/python3.8/site-packages/airflow/example_dags/example_nested_branch_dag.py
[2024-02-10T17:49:16.603+0000] {processor.py:830} INFO - Processing file /home/airflow/.local/lib/python3.8/site-packages/airflow/example_dags/example_nested_branch_dag.py for tasks to queue
[2024-02-10T17:49:16.604+0000] {logging_mixin.py:188} INFO - [2024-02-10T17:49:16.604+0000] {dagbag.py:538} INFO - Filling up the DagBag from /home/airflow/.local/lib/python3.8/site-packages/airflow/example_dags/example_nested_branch_dag.py
[2024-02-10T17:49:16.612+0000] {processor.py:840} INFO - DAG(s) 'example_nested_branch_dag' retrieved from /home/airflow/.local/lib/python3.8/site-packages/airflow/example_dags/example_nested_branch_dag.py
[2024-02-10T17:49:16.629+0000] {logging_mixin.py:188} INFO - [2024-02-10T17:49:16.629+0000] {dag.py:3036} INFO - Sync 1 DAGs
[2024-02-10T17:49:16.647+0000] {logging_mixin.py:188} INFO - [2024-02-10T17:49:16.647+0000] {dag.py:3823} INFO - Setting next_dagrun for example_nested_branch_dag to 2024-02-09 00:00:00+00:00, run_after=2024-02-10 00:00:00+00:00
[2024-02-10T17:49:16.667+0000] {processor.py:183} INFO - Processing /home/airflow/.local/lib/python3.8/site-packages/airflow/example_dags/example_nested_branch_dag.py took 0.068 seconds
[2024-02-10T17:49:46.973+0000] {processor.py:161} INFO - Started process (PID=798) to work on /home/airflow/.local/lib/python3.8/site-packages/airflow/example_dags/example_nested_branch_dag.py
[2024-02-10T17:49:46.974+0000] {processor.py:830} INFO - Processing file /home/airflow/.local/lib/python3.8/site-packages/airflow/example_dags/example_nested_branch_dag.py for tasks to queue
[2024-02-10T17:49:46.975+0000] {logging_mixin.py:188} INFO - [2024-02-10T17:49:46.975+0000] {dagbag.py:538} INFO - Filling up the DagBag from /home/airflow/.local/lib/python3.8/site-packages/airflow/example_dags/example_nested_branch_dag.py
[2024-02-10T17:49:46.984+0000] {processor.py:840} INFO - DAG(s) 'example_nested_branch_dag' retrieved from /home/airflow/.local/lib/python3.8/site-packages/airflow/example_dags/example_nested_branch_dag.py
[2024-02-10T17:49:47.001+0000] {logging_mixin.py:188} INFO - [2024-02-10T17:49:47.001+0000] {dag.py:3036} INFO - Sync 1 DAGs
[2024-02-10T17:49:47.023+0000] {logging_mixin.py:188} INFO - [2024-02-10T17:49:47.023+0000] {dag.py:3823} INFO - Setting next_dagrun for example_nested_branch_dag to 2024-02-09 00:00:00+00:00, run_after=2024-02-10 00:00:00+00:00
[2024-02-10T17:49:47.046+0000] {processor.py:183} INFO - Processing /home/airflow/.local/lib/python3.8/site-packages/airflow/example_dags/example_nested_branch_dag.py took 0.075 seconds
[2024-02-10T17:50:17.729+0000] {processor.py:161} INFO - Started process (PID=853) to work on /home/airflow/.local/lib/python3.8/site-packages/airflow/example_dags/example_nested_branch_dag.py
[2024-02-10T17:50:17.730+0000] {processor.py:830} INFO - Processing file /home/airflow/.local/lib/python3.8/site-packages/airflow/example_dags/example_nested_branch_dag.py for tasks to queue
[2024-02-10T17:50:17.731+0000] {logging_mixin.py:188} INFO - [2024-02-10T17:50:17.731+0000] {dagbag.py:538} INFO - Filling up the DagBag from /home/airflow/.local/lib/python3.8/site-packages/airflow/example_dags/example_nested_branch_dag.py
[2024-02-10T17:50:17.742+0000] {processor.py:840} INFO - DAG(s) 'example_nested_branch_dag' retrieved from /home/airflow/.local/lib/python3.8/site-packages/airflow/example_dags/example_nested_branch_dag.py
[2024-02-10T17:50:17.768+0000] {logging_mixin.py:188} INFO - [2024-02-10T17:50:17.767+0000] {dag.py:3036} INFO - Sync 1 DAGs
[2024-02-10T17:50:17.794+0000] {logging_mixin.py:188} INFO - [2024-02-10T17:50:17.794+0000] {dag.py:3823} INFO - Setting next_dagrun for example_nested_branch_dag to 2024-02-09 00:00:00+00:00, run_after=2024-02-10 00:00:00+00:00
[2024-02-10T17:50:17.818+0000] {processor.py:183} INFO - Processing /home/airflow/.local/lib/python3.8/site-packages/airflow/example_dags/example_nested_branch_dag.py took 0.092 seconds
[2024-02-10T17:50:48.168+0000] {processor.py:161} INFO - Started process (PID=908) to work on /home/airflow/.local/lib/python3.8/site-packages/airflow/example_dags/example_nested_branch_dag.py
[2024-02-10T17:50:48.169+0000] {processor.py:830} INFO - Processing file /home/airflow/.local/lib/python3.8/site-packages/airflow/example_dags/example_nested_branch_dag.py for tasks to queue
[2024-02-10T17:50:48.170+0000] {logging_mixin.py:188} INFO - [2024-02-10T17:50:48.170+0000] {dagbag.py:538} INFO - Filling up the DagBag from /home/airflow/.local/lib/python3.8/site-packages/airflow/example_dags/example_nested_branch_dag.py
[2024-02-10T17:50:48.178+0000] {processor.py:840} INFO - DAG(s) 'example_nested_branch_dag' retrieved from /home/airflow/.local/lib/python3.8/site-packages/airflow/example_dags/example_nested_branch_dag.py
[2024-02-10T17:50:48.195+0000] {logging_mixin.py:188} INFO - [2024-02-10T17:50:48.195+0000] {dag.py:3036} INFO - Sync 1 DAGs
[2024-02-10T17:50:48.213+0000] {logging_mixin.py:188} INFO - [2024-02-10T17:50:48.213+0000] {dag.py:3823} INFO - Setting next_dagrun for example_nested_branch_dag to 2024-02-09 00:00:00+00:00, run_after=2024-02-10 00:00:00+00:00
[2024-02-10T17:50:48.233+0000] {processor.py:183} INFO - Processing /home/airflow/.local/lib/python3.8/site-packages/airflow/example_dags/example_nested_branch_dag.py took 0.068 seconds
[2024-02-10T17:51:18.366+0000] {processor.py:161} INFO - Started process (PID=963) to work on /home/airflow/.local/lib/python3.8/site-packages/airflow/example_dags/example_nested_branch_dag.py
[2024-02-10T17:51:18.367+0000] {processor.py:830} INFO - Processing file /home/airflow/.local/lib/python3.8/site-packages/airflow/example_dags/example_nested_branch_dag.py for tasks to queue
[2024-02-10T17:51:18.368+0000] {logging_mixin.py:188} INFO - [2024-02-10T17:51:18.368+0000] {dagbag.py:538} INFO - Filling up the DagBag from /home/airflow/.local/lib/python3.8/site-packages/airflow/example_dags/example_nested_branch_dag.py
[2024-02-10T17:51:18.376+0000] {processor.py:840} INFO - DAG(s) 'example_nested_branch_dag' retrieved from /home/airflow/.local/lib/python3.8/site-packages/airflow/example_dags/example_nested_branch_dag.py
[2024-02-10T17:51:18.393+0000] {logging_mixin.py:188} INFO - [2024-02-10T17:51:18.393+0000] {dag.py:3036} INFO - Sync 1 DAGs
[2024-02-10T17:51:18.412+0000] {logging_mixin.py:188} INFO - [2024-02-10T17:51:18.412+0000] {dag.py:3823} INFO - Setting next_dagrun for example_nested_branch_dag to 2024-02-09 00:00:00+00:00, run_after=2024-02-10 00:00:00+00:00
[2024-02-10T17:51:18.431+0000] {processor.py:183} INFO - Processing /home/airflow/.local/lib/python3.8/site-packages/airflow/example_dags/example_nested_branch_dag.py took 0.068 seconds
[2024-02-10T17:51:49.348+0000] {processor.py:161} INFO - Started process (PID=1018) to work on /home/airflow/.local/lib/python3.8/site-packages/airflow/example_dags/example_nested_branch_dag.py
[2024-02-10T17:51:49.353+0000] {processor.py:830} INFO - Processing file /home/airflow/.local/lib/python3.8/site-packages/airflow/example_dags/example_nested_branch_dag.py for tasks to queue
[2024-02-10T17:51:49.359+0000] {logging_mixin.py:188} INFO - [2024-02-10T17:51:49.359+0000] {dagbag.py:538} INFO - Filling up the DagBag from /home/airflow/.local/lib/python3.8/site-packages/airflow/example_dags/example_nested_branch_dag.py
[2024-02-10T17:51:49.388+0000] {processor.py:840} INFO - DAG(s) 'example_nested_branch_dag' retrieved from /home/airflow/.local/lib/python3.8/site-packages/airflow/example_dags/example_nested_branch_dag.py
[2024-02-10T17:51:49.441+0000] {logging_mixin.py:188} INFO - [2024-02-10T17:51:49.441+0000] {dag.py:3036} INFO - Sync 1 DAGs
[2024-02-10T17:51:49.466+0000] {logging_mixin.py:188} INFO - [2024-02-10T17:51:49.466+0000] {dag.py:3823} INFO - Setting next_dagrun for example_nested_branch_dag to 2024-02-09 00:00:00+00:00, run_after=2024-02-10 00:00:00+00:00
[2024-02-10T17:51:49.491+0000] {processor.py:183} INFO - Processing /home/airflow/.local/lib/python3.8/site-packages/airflow/example_dags/example_nested_branch_dag.py took 0.148 seconds
[2024-02-10T17:52:21.622+0000] {processor.py:161} INFO - Started process (PID=1073) to work on /home/airflow/.local/lib/python3.8/site-packages/airflow/example_dags/example_nested_branch_dag.py
[2024-02-10T17:52:21.631+0000] {processor.py:830} INFO - Processing file /home/airflow/.local/lib/python3.8/site-packages/airflow/example_dags/example_nested_branch_dag.py for tasks to queue
[2024-02-10T17:52:21.640+0000] {logging_mixin.py:188} INFO - [2024-02-10T17:52:21.640+0000] {dagbag.py:538} INFO - Filling up the DagBag from /home/airflow/.local/lib/python3.8/site-packages/airflow/example_dags/example_nested_branch_dag.py
[2024-02-10T17:52:21.768+0000] {processor.py:840} INFO - DAG(s) 'example_nested_branch_dag' retrieved from /home/airflow/.local/lib/python3.8/site-packages/airflow/example_dags/example_nested_branch_dag.py
[2024-02-10T17:52:21.958+0000] {logging_mixin.py:188} INFO - [2024-02-10T17:52:21.957+0000] {dag.py:3036} INFO - Sync 1 DAGs
[2024-02-10T17:52:22.084+0000] {logging_mixin.py:188} INFO - [2024-02-10T17:52:22.083+0000] {dag.py:3823} INFO - Setting next_dagrun for example_nested_branch_dag to 2024-02-09 00:00:00+00:00, run_after=2024-02-10 00:00:00+00:00
[2024-02-10T17:52:22.150+0000] {processor.py:183} INFO - Processing /home/airflow/.local/lib/python3.8/site-packages/airflow/example_dags/example_nested_branch_dag.py took 0.542 seconds
[2024-02-10T17:52:52.766+0000] {processor.py:161} INFO - Started process (PID=1128) to work on /home/airflow/.local/lib/python3.8/site-packages/airflow/example_dags/example_nested_branch_dag.py
[2024-02-10T17:52:52.767+0000] {processor.py:830} INFO - Processing file /home/airflow/.local/lib/python3.8/site-packages/airflow/example_dags/example_nested_branch_dag.py for tasks to queue
[2024-02-10T17:52:52.769+0000] {logging_mixin.py:188} INFO - [2024-02-10T17:52:52.769+0000] {dagbag.py:538} INFO - Filling up the DagBag from /home/airflow/.local/lib/python3.8/site-packages/airflow/example_dags/example_nested_branch_dag.py
[2024-02-10T17:52:52.782+0000] {processor.py:840} INFO - DAG(s) 'example_nested_branch_dag' retrieved from /home/airflow/.local/lib/python3.8/site-packages/airflow/example_dags/example_nested_branch_dag.py
[2024-02-10T17:52:52.807+0000] {logging_mixin.py:188} INFO - [2024-02-10T17:52:52.807+0000] {dag.py:3036} INFO - Sync 1 DAGs
[2024-02-10T17:52:52.861+0000] {logging_mixin.py:188} INFO - [2024-02-10T17:52:52.861+0000] {dag.py:3823} INFO - Setting next_dagrun for example_nested_branch_dag to 2024-02-09 00:00:00+00:00, run_after=2024-02-10 00:00:00+00:00
[2024-02-10T17:52:52.899+0000] {processor.py:183} INFO - Processing /home/airflow/.local/lib/python3.8/site-packages/airflow/example_dags/example_nested_branch_dag.py took 0.136 seconds
[2024-02-10T17:53:23.213+0000] {processor.py:161} INFO - Started process (PID=1183) to work on /home/airflow/.local/lib/python3.8/site-packages/airflow/example_dags/example_nested_branch_dag.py
[2024-02-10T17:53:23.214+0000] {processor.py:830} INFO - Processing file /home/airflow/.local/lib/python3.8/site-packages/airflow/example_dags/example_nested_branch_dag.py for tasks to queue
[2024-02-10T17:53:23.216+0000] {logging_mixin.py:188} INFO - [2024-02-10T17:53:23.215+0000] {dagbag.py:538} INFO - Filling up the DagBag from /home/airflow/.local/lib/python3.8/site-packages/airflow/example_dags/example_nested_branch_dag.py
[2024-02-10T17:53:23.228+0000] {processor.py:840} INFO - DAG(s) 'example_nested_branch_dag' retrieved from /home/airflow/.local/lib/python3.8/site-packages/airflow/example_dags/example_nested_branch_dag.py
[2024-02-10T17:53:23.252+0000] {logging_mixin.py:188} INFO - [2024-02-10T17:53:23.252+0000] {dag.py:3036} INFO - Sync 1 DAGs
[2024-02-10T17:53:23.275+0000] {logging_mixin.py:188} INFO - [2024-02-10T17:53:23.275+0000] {dag.py:3823} INFO - Setting next_dagrun for example_nested_branch_dag to 2024-02-09 00:00:00+00:00, run_after=2024-02-10 00:00:00+00:00
[2024-02-10T17:53:23.298+0000] {processor.py:183} INFO - Processing /home/airflow/.local/lib/python3.8/site-packages/airflow/example_dags/example_nested_branch_dag.py took 0.088 seconds
[2024-02-10T17:53:53.924+0000] {processor.py:161} INFO - Started process (PID=1239) to work on /home/airflow/.local/lib/python3.8/site-packages/airflow/example_dags/example_nested_branch_dag.py
[2024-02-10T17:53:53.924+0000] {processor.py:830} INFO - Processing file /home/airflow/.local/lib/python3.8/site-packages/airflow/example_dags/example_nested_branch_dag.py for tasks to queue
[2024-02-10T17:53:53.926+0000] {logging_mixin.py:188} INFO - [2024-02-10T17:53:53.926+0000] {dagbag.py:538} INFO - Filling up the DagBag from /home/airflow/.local/lib/python3.8/site-packages/airflow/example_dags/example_nested_branch_dag.py
[2024-02-10T17:53:53.938+0000] {processor.py:840} INFO - DAG(s) 'example_nested_branch_dag' retrieved from /home/airflow/.local/lib/python3.8/site-packages/airflow/example_dags/example_nested_branch_dag.py
[2024-02-10T17:53:53.965+0000] {logging_mixin.py:188} INFO - [2024-02-10T17:53:53.965+0000] {dag.py:3036} INFO - Sync 1 DAGs
[2024-02-10T17:53:53.990+0000] {logging_mixin.py:188} INFO - [2024-02-10T17:53:53.990+0000] {dag.py:3823} INFO - Setting next_dagrun for example_nested_branch_dag to 2024-02-09 00:00:00+00:00, run_after=2024-02-10 00:00:00+00:00
[2024-02-10T17:53:54.015+0000] {processor.py:183} INFO - Processing /home/airflow/.local/lib/python3.8/site-packages/airflow/example_dags/example_nested_branch_dag.py took 0.097 seconds
[2024-02-10T17:54:24.086+0000] {processor.py:161} INFO - Started process (PID=1295) to work on /home/airflow/.local/lib/python3.8/site-packages/airflow/example_dags/example_nested_branch_dag.py
[2024-02-10T17:54:24.087+0000] {processor.py:830} INFO - Processing file /home/airflow/.local/lib/python3.8/site-packages/airflow/example_dags/example_nested_branch_dag.py for tasks to queue
[2024-02-10T17:54:24.088+0000] {logging_mixin.py:188} INFO - [2024-02-10T17:54:24.088+0000] {dagbag.py:538} INFO - Filling up the DagBag from /home/airflow/.local/lib/python3.8/site-packages/airflow/example_dags/example_nested_branch_dag.py
[2024-02-10T17:54:24.100+0000] {processor.py:840} INFO - DAG(s) 'example_nested_branch_dag' retrieved from /home/airflow/.local/lib/python3.8/site-packages/airflow/example_dags/example_nested_branch_dag.py
[2024-02-10T17:54:24.154+0000] {logging_mixin.py:188} INFO - [2024-02-10T17:54:24.153+0000] {dag.py:3036} INFO - Sync 1 DAGs
[2024-02-10T17:54:24.202+0000] {logging_mixin.py:188} INFO - [2024-02-10T17:54:24.201+0000] {dag.py:3823} INFO - Setting next_dagrun for example_nested_branch_dag to 2024-02-09 00:00:00+00:00, run_after=2024-02-10 00:00:00+00:00
[2024-02-10T17:54:24.243+0000] {processor.py:183} INFO - Processing /home/airflow/.local/lib/python3.8/site-packages/airflow/example_dags/example_nested_branch_dag.py took 0.160 seconds
[2024-02-10T17:54:54.464+0000] {processor.py:161} INFO - Started process (PID=1350) to work on /home/airflow/.local/lib/python3.8/site-packages/airflow/example_dags/example_nested_branch_dag.py
[2024-02-10T17:54:54.465+0000] {processor.py:830} INFO - Processing file /home/airflow/.local/lib/python3.8/site-packages/airflow/example_dags/example_nested_branch_dag.py for tasks to queue
[2024-02-10T17:54:54.466+0000] {logging_mixin.py:188} INFO - [2024-02-10T17:54:54.466+0000] {dagbag.py:538} INFO - Filling up the DagBag from /home/airflow/.local/lib/python3.8/site-packages/airflow/example_dags/example_nested_branch_dag.py
[2024-02-10T17:54:54.474+0000] {processor.py:840} INFO - DAG(s) 'example_nested_branch_dag' retrieved from /home/airflow/.local/lib/python3.8/site-packages/airflow/example_dags/example_nested_branch_dag.py
[2024-02-10T17:54:54.491+0000] {logging_mixin.py:188} INFO - [2024-02-10T17:54:54.491+0000] {dag.py:3036} INFO - Sync 1 DAGs
[2024-02-10T17:54:54.508+0000] {logging_mixin.py:188} INFO - [2024-02-10T17:54:54.508+0000] {dag.py:3823} INFO - Setting next_dagrun for example_nested_branch_dag to 2024-02-09 00:00:00+00:00, run_after=2024-02-10 00:00:00+00:00
[2024-02-10T17:54:54.528+0000] {processor.py:183} INFO - Processing /home/airflow/.local/lib/python3.8/site-packages/airflow/example_dags/example_nested_branch_dag.py took 0.067 seconds
[2024-02-10T17:55:24.838+0000] {processor.py:161} INFO - Started process (PID=1405) to work on /home/airflow/.local/lib/python3.8/site-packages/airflow/example_dags/example_nested_branch_dag.py
[2024-02-10T17:55:24.838+0000] {processor.py:830} INFO - Processing file /home/airflow/.local/lib/python3.8/site-packages/airflow/example_dags/example_nested_branch_dag.py for tasks to queue
[2024-02-10T17:55:24.840+0000] {logging_mixin.py:188} INFO - [2024-02-10T17:55:24.840+0000] {dagbag.py:538} INFO - Filling up the DagBag from /home/airflow/.local/lib/python3.8/site-packages/airflow/example_dags/example_nested_branch_dag.py
[2024-02-10T17:55:24.852+0000] {processor.py:840} INFO - DAG(s) 'example_nested_branch_dag' retrieved from /home/airflow/.local/lib/python3.8/site-packages/airflow/example_dags/example_nested_branch_dag.py
[2024-02-10T17:55:24.877+0000] {logging_mixin.py:188} INFO - [2024-02-10T17:55:24.876+0000] {dag.py:3036} INFO - Sync 1 DAGs
[2024-02-10T17:55:24.901+0000] {logging_mixin.py:188} INFO - [2024-02-10T17:55:24.900+0000] {dag.py:3823} INFO - Setting next_dagrun for example_nested_branch_dag to 2024-02-09 00:00:00+00:00, run_after=2024-02-10 00:00:00+00:00
[2024-02-10T17:55:24.926+0000] {processor.py:183} INFO - Processing /home/airflow/.local/lib/python3.8/site-packages/airflow/example_dags/example_nested_branch_dag.py took 0.092 seconds
[2024-02-10T17:55:55.334+0000] {processor.py:161} INFO - Started process (PID=1461) to work on /home/airflow/.local/lib/python3.8/site-packages/airflow/example_dags/example_nested_branch_dag.py
[2024-02-10T17:55:55.337+0000] {processor.py:830} INFO - Processing file /home/airflow/.local/lib/python3.8/site-packages/airflow/example_dags/example_nested_branch_dag.py for tasks to queue
[2024-02-10T17:55:55.339+0000] {logging_mixin.py:188} INFO - [2024-02-10T17:55:55.338+0000] {dagbag.py:538} INFO - Filling up the DagBag from /home/airflow/.local/lib/python3.8/site-packages/airflow/example_dags/example_nested_branch_dag.py
[2024-02-10T17:55:55.374+0000] {processor.py:840} INFO - DAG(s) 'example_nested_branch_dag' retrieved from /home/airflow/.local/lib/python3.8/site-packages/airflow/example_dags/example_nested_branch_dag.py
[2024-02-10T17:55:55.408+0000] {logging_mixin.py:188} INFO - [2024-02-10T17:55:55.407+0000] {dag.py:3036} INFO - Sync 1 DAGs
[2024-02-10T17:55:55.434+0000] {logging_mixin.py:188} INFO - [2024-02-10T17:55:55.434+0000] {dag.py:3823} INFO - Setting next_dagrun for example_nested_branch_dag to 2024-02-09 00:00:00+00:00, run_after=2024-02-10 00:00:00+00:00
[2024-02-10T17:55:55.459+0000] {processor.py:183} INFO - Processing /home/airflow/.local/lib/python3.8/site-packages/airflow/example_dags/example_nested_branch_dag.py took 0.128 seconds
[2024-02-10T17:56:25.789+0000] {processor.py:161} INFO - Started process (PID=1517) to work on /home/airflow/.local/lib/python3.8/site-packages/airflow/example_dags/example_nested_branch_dag.py
[2024-02-10T17:56:25.789+0000] {processor.py:830} INFO - Processing file /home/airflow/.local/lib/python3.8/site-packages/airflow/example_dags/example_nested_branch_dag.py for tasks to queue
[2024-02-10T17:56:25.791+0000] {logging_mixin.py:188} INFO - [2024-02-10T17:56:25.791+0000] {dagbag.py:538} INFO - Filling up the DagBag from /home/airflow/.local/lib/python3.8/site-packages/airflow/example_dags/example_nested_branch_dag.py
[2024-02-10T17:56:25.803+0000] {processor.py:840} INFO - DAG(s) 'example_nested_branch_dag' retrieved from /home/airflow/.local/lib/python3.8/site-packages/airflow/example_dags/example_nested_branch_dag.py
[2024-02-10T17:56:25.827+0000] {logging_mixin.py:188} INFO - [2024-02-10T17:56:25.827+0000] {dag.py:3036} INFO - Sync 1 DAGs
[2024-02-10T17:56:25.850+0000] {logging_mixin.py:188} INFO - [2024-02-10T17:56:25.850+0000] {dag.py:3823} INFO - Setting next_dagrun for example_nested_branch_dag to 2024-02-09 00:00:00+00:00, run_after=2024-02-10 00:00:00+00:00
[2024-02-10T17:56:25.872+0000] {processor.py:183} INFO - Processing /home/airflow/.local/lib/python3.8/site-packages/airflow/example_dags/example_nested_branch_dag.py took 0.087 seconds
[2024-02-10T17:56:56.529+0000] {processor.py:161} INFO - Started process (PID=1573) to work on /home/airflow/.local/lib/python3.8/site-packages/airflow/example_dags/example_nested_branch_dag.py
[2024-02-10T17:56:56.530+0000] {processor.py:830} INFO - Processing file /home/airflow/.local/lib/python3.8/site-packages/airflow/example_dags/example_nested_branch_dag.py for tasks to queue
[2024-02-10T17:56:56.531+0000] {logging_mixin.py:188} INFO - [2024-02-10T17:56:56.531+0000] {dagbag.py:538} INFO - Filling up the DagBag from /home/airflow/.local/lib/python3.8/site-packages/airflow/example_dags/example_nested_branch_dag.py
[2024-02-10T17:56:56.542+0000] {processor.py:840} INFO - DAG(s) 'example_nested_branch_dag' retrieved from /home/airflow/.local/lib/python3.8/site-packages/airflow/example_dags/example_nested_branch_dag.py
[2024-02-10T17:56:56.567+0000] {logging_mixin.py:188} INFO - [2024-02-10T17:56:56.566+0000] {dag.py:3036} INFO - Sync 1 DAGs
[2024-02-10T17:56:56.595+0000] {logging_mixin.py:188} INFO - [2024-02-10T17:56:56.594+0000] {dag.py:3823} INFO - Setting next_dagrun for example_nested_branch_dag to 2024-02-09 00:00:00+00:00, run_after=2024-02-10 00:00:00+00:00
[2024-02-10T17:56:56.621+0000] {processor.py:183} INFO - Processing /home/airflow/.local/lib/python3.8/site-packages/airflow/example_dags/example_nested_branch_dag.py took 0.095 seconds
[2024-02-10T17:57:26.898+0000] {processor.py:161} INFO - Started process (PID=1628) to work on /home/airflow/.local/lib/python3.8/site-packages/airflow/example_dags/example_nested_branch_dag.py
[2024-02-10T17:57:26.898+0000] {processor.py:830} INFO - Processing file /home/airflow/.local/lib/python3.8/site-packages/airflow/example_dags/example_nested_branch_dag.py for tasks to queue
[2024-02-10T17:57:26.900+0000] {logging_mixin.py:188} INFO - [2024-02-10T17:57:26.900+0000] {dagbag.py:538} INFO - Filling up the DagBag from /home/airflow/.local/lib/python3.8/site-packages/airflow/example_dags/example_nested_branch_dag.py
[2024-02-10T17:57:26.911+0000] {processor.py:840} INFO - DAG(s) 'example_nested_branch_dag' retrieved from /home/airflow/.local/lib/python3.8/site-packages/airflow/example_dags/example_nested_branch_dag.py
[2024-02-10T17:57:26.937+0000] {logging_mixin.py:188} INFO - [2024-02-10T17:57:26.937+0000] {dag.py:3036} INFO - Sync 1 DAGs
[2024-02-10T17:57:26.971+0000] {logging_mixin.py:188} INFO - [2024-02-10T17:57:26.971+0000] {dag.py:3823} INFO - Setting next_dagrun for example_nested_branch_dag to 2024-02-09 00:00:00+00:00, run_after=2024-02-10 00:00:00+00:00
[2024-02-10T17:57:27.009+0000] {processor.py:183} INFO - Processing /home/airflow/.local/lib/python3.8/site-packages/airflow/example_dags/example_nested_branch_dag.py took 0.115 seconds
[2024-02-10T17:57:57.404+0000] {processor.py:161} INFO - Started process (PID=1683) to work on /home/airflow/.local/lib/python3.8/site-packages/airflow/example_dags/example_nested_branch_dag.py
[2024-02-10T17:57:57.405+0000] {processor.py:830} INFO - Processing file /home/airflow/.local/lib/python3.8/site-packages/airflow/example_dags/example_nested_branch_dag.py for tasks to queue
[2024-02-10T17:57:57.407+0000] {logging_mixin.py:188} INFO - [2024-02-10T17:57:57.406+0000] {dagbag.py:538} INFO - Filling up the DagBag from /home/airflow/.local/lib/python3.8/site-packages/airflow/example_dags/example_nested_branch_dag.py
[2024-02-10T17:57:57.419+0000] {processor.py:840} INFO - DAG(s) 'example_nested_branch_dag' retrieved from /home/airflow/.local/lib/python3.8/site-packages/airflow/example_dags/example_nested_branch_dag.py
[2024-02-10T17:57:57.517+0000] {logging_mixin.py:188} INFO - [2024-02-10T17:57:57.517+0000] {dag.py:3036} INFO - Sync 1 DAGs
[2024-02-10T17:57:57.564+0000] {logging_mixin.py:188} INFO - [2024-02-10T17:57:57.564+0000] {dag.py:3823} INFO - Setting next_dagrun for example_nested_branch_dag to 2024-02-09 00:00:00+00:00, run_after=2024-02-10 00:00:00+00:00
[2024-02-10T17:57:57.601+0000] {processor.py:183} INFO - Processing /home/airflow/.local/lib/python3.8/site-packages/airflow/example_dags/example_nested_branch_dag.py took 0.200 seconds
[2024-02-10T17:58:27.638+0000] {processor.py:161} INFO - Started process (PID=1739) to work on /home/airflow/.local/lib/python3.8/site-packages/airflow/example_dags/example_nested_branch_dag.py
[2024-02-10T17:58:27.639+0000] {processor.py:830} INFO - Processing file /home/airflow/.local/lib/python3.8/site-packages/airflow/example_dags/example_nested_branch_dag.py for tasks to queue
[2024-02-10T17:58:27.640+0000] {logging_mixin.py:188} INFO - [2024-02-10T17:58:27.640+0000] {dagbag.py:538} INFO - Filling up the DagBag from /home/airflow/.local/lib/python3.8/site-packages/airflow/example_dags/example_nested_branch_dag.py
[2024-02-10T17:58:27.650+0000] {processor.py:840} INFO - DAG(s) 'example_nested_branch_dag' retrieved from /home/airflow/.local/lib/python3.8/site-packages/airflow/example_dags/example_nested_branch_dag.py
[2024-02-10T17:58:27.680+0000] {logging_mixin.py:188} INFO - [2024-02-10T17:58:27.679+0000] {dag.py:3036} INFO - Sync 1 DAGs
[2024-02-10T17:58:27.725+0000] {logging_mixin.py:188} INFO - [2024-02-10T17:58:27.725+0000] {dag.py:3823} INFO - Setting next_dagrun for example_nested_branch_dag to 2024-02-09 00:00:00+00:00, run_after=2024-02-10 00:00:00+00:00
[2024-02-10T17:58:27.769+0000] {processor.py:183} INFO - Processing /home/airflow/.local/lib/python3.8/site-packages/airflow/example_dags/example_nested_branch_dag.py took 0.133 seconds
[2024-02-10T17:58:58.232+0000] {processor.py:161} INFO - Started process (PID=1794) to work on /home/airflow/.local/lib/python3.8/site-packages/airflow/example_dags/example_nested_branch_dag.py
[2024-02-10T17:58:58.233+0000] {processor.py:830} INFO - Processing file /home/airflow/.local/lib/python3.8/site-packages/airflow/example_dags/example_nested_branch_dag.py for tasks to queue
[2024-02-10T17:58:58.235+0000] {logging_mixin.py:188} INFO - [2024-02-10T17:58:58.235+0000] {dagbag.py:538} INFO - Filling up the DagBag from /home/airflow/.local/lib/python3.8/site-packages/airflow/example_dags/example_nested_branch_dag.py
[2024-02-10T17:58:58.246+0000] {processor.py:840} INFO - DAG(s) 'example_nested_branch_dag' retrieved from /home/airflow/.local/lib/python3.8/site-packages/airflow/example_dags/example_nested_branch_dag.py
[2024-02-10T17:58:58.286+0000] {logging_mixin.py:188} INFO - [2024-02-10T17:58:58.286+0000] {dag.py:3036} INFO - Sync 1 DAGs
[2024-02-10T17:58:58.314+0000] {logging_mixin.py:188} INFO - [2024-02-10T17:58:58.313+0000] {dag.py:3823} INFO - Setting next_dagrun for example_nested_branch_dag to 2024-02-09 00:00:00+00:00, run_after=2024-02-10 00:00:00+00:00
[2024-02-10T17:58:58.363+0000] {processor.py:183} INFO - Processing /home/airflow/.local/lib/python3.8/site-packages/airflow/example_dags/example_nested_branch_dag.py took 0.134 seconds
[2024-02-10T17:59:29.162+0000] {processor.py:161} INFO - Started process (PID=1849) to work on /home/airflow/.local/lib/python3.8/site-packages/airflow/example_dags/example_nested_branch_dag.py
[2024-02-10T17:59:29.162+0000] {processor.py:830} INFO - Processing file /home/airflow/.local/lib/python3.8/site-packages/airflow/example_dags/example_nested_branch_dag.py for tasks to queue
[2024-02-10T17:59:29.164+0000] {logging_mixin.py:188} INFO - [2024-02-10T17:59:29.164+0000] {dagbag.py:538} INFO - Filling up the DagBag from /home/airflow/.local/lib/python3.8/site-packages/airflow/example_dags/example_nested_branch_dag.py
[2024-02-10T17:59:29.184+0000] {processor.py:840} INFO - DAG(s) 'example_nested_branch_dag' retrieved from /home/airflow/.local/lib/python3.8/site-packages/airflow/example_dags/example_nested_branch_dag.py
[2024-02-10T17:59:29.212+0000] {logging_mixin.py:188} INFO - [2024-02-10T17:59:29.212+0000] {dag.py:3036} INFO - Sync 1 DAGs
[2024-02-10T17:59:29.239+0000] {logging_mixin.py:188} INFO - [2024-02-10T17:59:29.239+0000] {dag.py:3823} INFO - Setting next_dagrun for example_nested_branch_dag to 2024-02-09 00:00:00+00:00, run_after=2024-02-10 00:00:00+00:00
[2024-02-10T17:59:29.266+0000] {processor.py:183} INFO - Processing /home/airflow/.local/lib/python3.8/site-packages/airflow/example_dags/example_nested_branch_dag.py took 0.108 seconds
[2024-02-10T17:59:59.704+0000] {processor.py:161} INFO - Started process (PID=1904) to work on /home/airflow/.local/lib/python3.8/site-packages/airflow/example_dags/example_nested_branch_dag.py
[2024-02-10T17:59:59.705+0000] {processor.py:830} INFO - Processing file /home/airflow/.local/lib/python3.8/site-packages/airflow/example_dags/example_nested_branch_dag.py for tasks to queue
[2024-02-10T17:59:59.706+0000] {logging_mixin.py:188} INFO - [2024-02-10T17:59:59.706+0000] {dagbag.py:538} INFO - Filling up the DagBag from /home/airflow/.local/lib/python3.8/site-packages/airflow/example_dags/example_nested_branch_dag.py
[2024-02-10T17:59:59.714+0000] {processor.py:840} INFO - DAG(s) 'example_nested_branch_dag' retrieved from /home/airflow/.local/lib/python3.8/site-packages/airflow/example_dags/example_nested_branch_dag.py
[2024-02-10T17:59:59.732+0000] {logging_mixin.py:188} INFO - [2024-02-10T17:59:59.732+0000] {dag.py:3036} INFO - Sync 1 DAGs
[2024-02-10T17:59:59.750+0000] {logging_mixin.py:188} INFO - [2024-02-10T17:59:59.749+0000] {dag.py:3823} INFO - Setting next_dagrun for example_nested_branch_dag to 2024-02-09 00:00:00+00:00, run_after=2024-02-10 00:00:00+00:00
[2024-02-10T17:59:59.769+0000] {processor.py:183} INFO - Processing /home/airflow/.local/lib/python3.8/site-packages/airflow/example_dags/example_nested_branch_dag.py took 0.067 seconds
[2024-02-10T18:00:30.011+0000] {processor.py:161} INFO - Started process (PID=1959) to work on /home/airflow/.local/lib/python3.8/site-packages/airflow/example_dags/example_nested_branch_dag.py
[2024-02-10T18:00:30.012+0000] {processor.py:830} INFO - Processing file /home/airflow/.local/lib/python3.8/site-packages/airflow/example_dags/example_nested_branch_dag.py for tasks to queue
[2024-02-10T18:00:30.013+0000] {logging_mixin.py:188} INFO - [2024-02-10T18:00:30.013+0000] {dagbag.py:538} INFO - Filling up the DagBag from /home/airflow/.local/lib/python3.8/site-packages/airflow/example_dags/example_nested_branch_dag.py
[2024-02-10T18:00:30.035+0000] {processor.py:840} INFO - DAG(s) 'example_nested_branch_dag' retrieved from /home/airflow/.local/lib/python3.8/site-packages/airflow/example_dags/example_nested_branch_dag.py
[2024-02-10T18:00:30.062+0000] {logging_mixin.py:188} INFO - [2024-02-10T18:00:30.062+0000] {dag.py:3036} INFO - Sync 1 DAGs
[2024-02-10T18:00:30.089+0000] {logging_mixin.py:188} INFO - [2024-02-10T18:00:30.089+0000] {dag.py:3823} INFO - Setting next_dagrun for example_nested_branch_dag to 2024-02-09 00:00:00+00:00, run_after=2024-02-10 00:00:00+00:00
[2024-02-10T18:00:30.119+0000] {processor.py:183} INFO - Processing /home/airflow/.local/lib/python3.8/site-packages/airflow/example_dags/example_nested_branch_dag.py took 0.111 seconds
[2024-02-10T18:01:01.116+0000] {processor.py:161} INFO - Started process (PID=2014) to work on /home/airflow/.local/lib/python3.8/site-packages/airflow/example_dags/example_nested_branch_dag.py
[2024-02-10T18:01:01.116+0000] {processor.py:830} INFO - Processing file /home/airflow/.local/lib/python3.8/site-packages/airflow/example_dags/example_nested_branch_dag.py for tasks to queue
[2024-02-10T18:01:01.118+0000] {logging_mixin.py:188} INFO - [2024-02-10T18:01:01.118+0000] {dagbag.py:538} INFO - Filling up the DagBag from /home/airflow/.local/lib/python3.8/site-packages/airflow/example_dags/example_nested_branch_dag.py
[2024-02-10T18:01:01.142+0000] {processor.py:840} INFO - DAG(s) 'example_nested_branch_dag' retrieved from /home/airflow/.local/lib/python3.8/site-packages/airflow/example_dags/example_nested_branch_dag.py
[2024-02-10T18:01:01.194+0000] {logging_mixin.py:188} INFO - [2024-02-10T18:01:01.193+0000] {dag.py:3036} INFO - Sync 1 DAGs
[2024-02-10T18:01:01.220+0000] {logging_mixin.py:188} INFO - [2024-02-10T18:01:01.219+0000] {dag.py:3823} INFO - Setting next_dagrun for example_nested_branch_dag to 2024-02-09 00:00:00+00:00, run_after=2024-02-10 00:00:00+00:00
[2024-02-10T18:01:01.245+0000] {processor.py:183} INFO - Processing /home/airflow/.local/lib/python3.8/site-packages/airflow/example_dags/example_nested_branch_dag.py took 0.134 seconds
[2024-02-10T18:01:31.703+0000] {processor.py:161} INFO - Started process (PID=2069) to work on /home/airflow/.local/lib/python3.8/site-packages/airflow/example_dags/example_nested_branch_dag.py
[2024-02-10T18:01:31.704+0000] {processor.py:830} INFO - Processing file /home/airflow/.local/lib/python3.8/site-packages/airflow/example_dags/example_nested_branch_dag.py for tasks to queue
[2024-02-10T18:01:31.706+0000] {logging_mixin.py:188} INFO - [2024-02-10T18:01:31.705+0000] {dagbag.py:538} INFO - Filling up the DagBag from /home/airflow/.local/lib/python3.8/site-packages/airflow/example_dags/example_nested_branch_dag.py
[2024-02-10T18:01:31.717+0000] {processor.py:840} INFO - DAG(s) 'example_nested_branch_dag' retrieved from /home/airflow/.local/lib/python3.8/site-packages/airflow/example_dags/example_nested_branch_dag.py
[2024-02-10T18:01:31.743+0000] {logging_mixin.py:188} INFO - [2024-02-10T18:01:31.743+0000] {dag.py:3036} INFO - Sync 1 DAGs
[2024-02-10T18:01:31.770+0000] {logging_mixin.py:188} INFO - [2024-02-10T18:01:31.770+0000] {dag.py:3823} INFO - Setting next_dagrun for example_nested_branch_dag to 2024-02-09 00:00:00+00:00, run_after=2024-02-10 00:00:00+00:00
[2024-02-10T18:01:31.796+0000] {processor.py:183} INFO - Processing /home/airflow/.local/lib/python3.8/site-packages/airflow/example_dags/example_nested_branch_dag.py took 0.096 seconds
[2024-02-10T18:02:01.879+0000] {processor.py:161} INFO - Started process (PID=2124) to work on /home/airflow/.local/lib/python3.8/site-packages/airflow/example_dags/example_nested_branch_dag.py
[2024-02-10T18:02:01.880+0000] {processor.py:830} INFO - Processing file /home/airflow/.local/lib/python3.8/site-packages/airflow/example_dags/example_nested_branch_dag.py for tasks to queue
[2024-02-10T18:02:01.882+0000] {logging_mixin.py:188} INFO - [2024-02-10T18:02:01.882+0000] {dagbag.py:538} INFO - Filling up the DagBag from /home/airflow/.local/lib/python3.8/site-packages/airflow/example_dags/example_nested_branch_dag.py
[2024-02-10T18:02:01.895+0000] {processor.py:840} INFO - DAG(s) 'example_nested_branch_dag' retrieved from /home/airflow/.local/lib/python3.8/site-packages/airflow/example_dags/example_nested_branch_dag.py
[2024-02-10T18:02:01.938+0000] {logging_mixin.py:188} INFO - [2024-02-10T18:02:01.938+0000] {dag.py:3036} INFO - Sync 1 DAGs
[2024-02-10T18:02:01.965+0000] {logging_mixin.py:188} INFO - [2024-02-10T18:02:01.965+0000] {dag.py:3823} INFO - Setting next_dagrun for example_nested_branch_dag to 2024-02-09 00:00:00+00:00, run_after=2024-02-10 00:00:00+00:00
[2024-02-10T18:02:01.990+0000] {processor.py:183} INFO - Processing /home/airflow/.local/lib/python3.8/site-packages/airflow/example_dags/example_nested_branch_dag.py took 0.124 seconds
[2024-02-10T18:02:32.034+0000] {processor.py:161} INFO - Started process (PID=2178) to work on /home/airflow/.local/lib/python3.8/site-packages/airflow/example_dags/example_nested_branch_dag.py
[2024-02-10T18:02:32.035+0000] {processor.py:830} INFO - Processing file /home/airflow/.local/lib/python3.8/site-packages/airflow/example_dags/example_nested_branch_dag.py for tasks to queue
[2024-02-10T18:02:32.036+0000] {logging_mixin.py:188} INFO - [2024-02-10T18:02:32.036+0000] {dagbag.py:538} INFO - Filling up the DagBag from /home/airflow/.local/lib/python3.8/site-packages/airflow/example_dags/example_nested_branch_dag.py
[2024-02-10T18:02:32.046+0000] {processor.py:840} INFO - DAG(s) 'example_nested_branch_dag' retrieved from /home/airflow/.local/lib/python3.8/site-packages/airflow/example_dags/example_nested_branch_dag.py
[2024-02-10T18:02:32.075+0000] {logging_mixin.py:188} INFO - [2024-02-10T18:02:32.074+0000] {dag.py:3036} INFO - Sync 1 DAGs
[2024-02-10T18:02:32.095+0000] {logging_mixin.py:188} INFO - [2024-02-10T18:02:32.095+0000] {dag.py:3823} INFO - Setting next_dagrun for example_nested_branch_dag to 2024-02-09 00:00:00+00:00, run_after=2024-02-10 00:00:00+00:00
[2024-02-10T18:02:32.115+0000] {processor.py:183} INFO - Processing /home/airflow/.local/lib/python3.8/site-packages/airflow/example_dags/example_nested_branch_dag.py took 0.084 seconds
[2024-02-10T18:03:02.554+0000] {processor.py:161} INFO - Started process (PID=2234) to work on /home/airflow/.local/lib/python3.8/site-packages/airflow/example_dags/example_nested_branch_dag.py
[2024-02-10T18:03:02.555+0000] {processor.py:830} INFO - Processing file /home/airflow/.local/lib/python3.8/site-packages/airflow/example_dags/example_nested_branch_dag.py for tasks to queue
[2024-02-10T18:03:02.557+0000] {logging_mixin.py:188} INFO - [2024-02-10T18:03:02.556+0000] {dagbag.py:538} INFO - Filling up the DagBag from /home/airflow/.local/lib/python3.8/site-packages/airflow/example_dags/example_nested_branch_dag.py
[2024-02-10T18:03:02.569+0000] {processor.py:840} INFO - DAG(s) 'example_nested_branch_dag' retrieved from /home/airflow/.local/lib/python3.8/site-packages/airflow/example_dags/example_nested_branch_dag.py
[2024-02-10T18:03:02.594+0000] {logging_mixin.py:188} INFO - [2024-02-10T18:03:02.594+0000] {dag.py:3036} INFO - Sync 1 DAGs
[2024-02-10T18:03:02.618+0000] {logging_mixin.py:188} INFO - [2024-02-10T18:03:02.617+0000] {dag.py:3823} INFO - Setting next_dagrun for example_nested_branch_dag to 2024-02-09 00:00:00+00:00, run_after=2024-02-10 00:00:00+00:00
[2024-02-10T18:03:02.646+0000] {processor.py:183} INFO - Processing /home/airflow/.local/lib/python3.8/site-packages/airflow/example_dags/example_nested_branch_dag.py took 0.095 seconds
[2024-02-10T18:03:33.010+0000] {processor.py:161} INFO - Started process (PID=2289) to work on /home/airflow/.local/lib/python3.8/site-packages/airflow/example_dags/example_nested_branch_dag.py
[2024-02-10T18:03:33.011+0000] {processor.py:830} INFO - Processing file /home/airflow/.local/lib/python3.8/site-packages/airflow/example_dags/example_nested_branch_dag.py for tasks to queue
[2024-02-10T18:03:33.012+0000] {logging_mixin.py:188} INFO - [2024-02-10T18:03:33.012+0000] {dagbag.py:538} INFO - Filling up the DagBag from /home/airflow/.local/lib/python3.8/site-packages/airflow/example_dags/example_nested_branch_dag.py
[2024-02-10T18:03:33.020+0000] {processor.py:840} INFO - DAG(s) 'example_nested_branch_dag' retrieved from /home/airflow/.local/lib/python3.8/site-packages/airflow/example_dags/example_nested_branch_dag.py
[2024-02-10T18:03:33.038+0000] {logging_mixin.py:188} INFO - [2024-02-10T18:03:33.038+0000] {dag.py:3036} INFO - Sync 1 DAGs
[2024-02-10T18:03:33.056+0000] {logging_mixin.py:188} INFO - [2024-02-10T18:03:33.056+0000] {dag.py:3823} INFO - Setting next_dagrun for example_nested_branch_dag to 2024-02-09 00:00:00+00:00, run_after=2024-02-10 00:00:00+00:00
[2024-02-10T18:03:33.075+0000] {processor.py:183} INFO - Processing /home/airflow/.local/lib/python3.8/site-packages/airflow/example_dags/example_nested_branch_dag.py took 0.067 seconds
[2024-02-10T18:04:03.351+0000] {processor.py:161} INFO - Started process (PID=2345) to work on /home/airflow/.local/lib/python3.8/site-packages/airflow/example_dags/example_nested_branch_dag.py
[2024-02-10T18:04:03.352+0000] {processor.py:830} INFO - Processing file /home/airflow/.local/lib/python3.8/site-packages/airflow/example_dags/example_nested_branch_dag.py for tasks to queue
[2024-02-10T18:04:03.353+0000] {logging_mixin.py:188} INFO - [2024-02-10T18:04:03.353+0000] {dagbag.py:538} INFO - Filling up the DagBag from /home/airflow/.local/lib/python3.8/site-packages/airflow/example_dags/example_nested_branch_dag.py
[2024-02-10T18:04:03.361+0000] {processor.py:840} INFO - DAG(s) 'example_nested_branch_dag' retrieved from /home/airflow/.local/lib/python3.8/site-packages/airflow/example_dags/example_nested_branch_dag.py
[2024-02-10T18:04:03.378+0000] {logging_mixin.py:188} INFO - [2024-02-10T18:04:03.378+0000] {dag.py:3036} INFO - Sync 1 DAGs
[2024-02-10T18:04:03.401+0000] {logging_mixin.py:188} INFO - [2024-02-10T18:04:03.401+0000] {dag.py:3823} INFO - Setting next_dagrun for example_nested_branch_dag to 2024-02-09 00:00:00+00:00, run_after=2024-02-10 00:00:00+00:00
[2024-02-10T18:04:03.424+0000] {processor.py:183} INFO - Processing /home/airflow/.local/lib/python3.8/site-packages/airflow/example_dags/example_nested_branch_dag.py took 0.075 seconds
[2024-02-10T18:04:33.590+0000] {processor.py:161} INFO - Started process (PID=2400) to work on /home/airflow/.local/lib/python3.8/site-packages/airflow/example_dags/example_nested_branch_dag.py
[2024-02-10T18:04:33.591+0000] {processor.py:830} INFO - Processing file /home/airflow/.local/lib/python3.8/site-packages/airflow/example_dags/example_nested_branch_dag.py for tasks to queue
[2024-02-10T18:04:33.592+0000] {logging_mixin.py:188} INFO - [2024-02-10T18:04:33.592+0000] {dagbag.py:538} INFO - Filling up the DagBag from /home/airflow/.local/lib/python3.8/site-packages/airflow/example_dags/example_nested_branch_dag.py
[2024-02-10T18:04:33.605+0000] {processor.py:840} INFO - DAG(s) 'example_nested_branch_dag' retrieved from /home/airflow/.local/lib/python3.8/site-packages/airflow/example_dags/example_nested_branch_dag.py
[2024-02-10T18:04:33.627+0000] {logging_mixin.py:188} INFO - [2024-02-10T18:04:33.627+0000] {dag.py:3036} INFO - Sync 1 DAGs
[2024-02-10T18:04:33.649+0000] {logging_mixin.py:188} INFO - [2024-02-10T18:04:33.649+0000] {dag.py:3823} INFO - Setting next_dagrun for example_nested_branch_dag to 2024-02-09 00:00:00+00:00, run_after=2024-02-10 00:00:00+00:00
[2024-02-10T18:04:33.668+0000] {processor.py:183} INFO - Processing /home/airflow/.local/lib/python3.8/site-packages/airflow/example_dags/example_nested_branch_dag.py took 0.082 seconds
[2024-02-10T18:05:04.666+0000] {processor.py:161} INFO - Started process (PID=2455) to work on /home/airflow/.local/lib/python3.8/site-packages/airflow/example_dags/example_nested_branch_dag.py
[2024-02-10T18:05:04.674+0000] {processor.py:830} INFO - Processing file /home/airflow/.local/lib/python3.8/site-packages/airflow/example_dags/example_nested_branch_dag.py for tasks to queue
[2024-02-10T18:05:04.676+0000] {logging_mixin.py:188} INFO - [2024-02-10T18:05:04.676+0000] {dagbag.py:538} INFO - Filling up the DagBag from /home/airflow/.local/lib/python3.8/site-packages/airflow/example_dags/example_nested_branch_dag.py
[2024-02-10T18:05:04.693+0000] {processor.py:840} INFO - DAG(s) 'example_nested_branch_dag' retrieved from /home/airflow/.local/lib/python3.8/site-packages/airflow/example_dags/example_nested_branch_dag.py
[2024-02-10T18:05:04.716+0000] {logging_mixin.py:188} INFO - [2024-02-10T18:05:04.716+0000] {dag.py:3036} INFO - Sync 1 DAGs
[2024-02-10T18:05:04.742+0000] {logging_mixin.py:188} INFO - [2024-02-10T18:05:04.741+0000] {dag.py:3823} INFO - Setting next_dagrun for example_nested_branch_dag to 2024-02-09 00:00:00+00:00, run_after=2024-02-10 00:00:00+00:00
[2024-02-10T18:05:04.927+0000] {processor.py:183} INFO - Processing /home/airflow/.local/lib/python3.8/site-packages/airflow/example_dags/example_nested_branch_dag.py took 0.264 seconds
[2024-02-10T18:05:35.251+0000] {processor.py:161} INFO - Started process (PID=2509) to work on /home/airflow/.local/lib/python3.8/site-packages/airflow/example_dags/example_nested_branch_dag.py
[2024-02-10T18:05:35.252+0000] {processor.py:830} INFO - Processing file /home/airflow/.local/lib/python3.8/site-packages/airflow/example_dags/example_nested_branch_dag.py for tasks to queue
[2024-02-10T18:05:35.253+0000] {logging_mixin.py:188} INFO - [2024-02-10T18:05:35.253+0000] {dagbag.py:538} INFO - Filling up the DagBag from /home/airflow/.local/lib/python3.8/site-packages/airflow/example_dags/example_nested_branch_dag.py
[2024-02-10T18:05:35.261+0000] {processor.py:840} INFO - DAG(s) 'example_nested_branch_dag' retrieved from /home/airflow/.local/lib/python3.8/site-packages/airflow/example_dags/example_nested_branch_dag.py
[2024-02-10T18:05:35.279+0000] {logging_mixin.py:188} INFO - [2024-02-10T18:05:35.279+0000] {dag.py:3036} INFO - Sync 1 DAGs
[2024-02-10T18:05:35.296+0000] {logging_mixin.py:188} INFO - [2024-02-10T18:05:35.296+0000] {dag.py:3823} INFO - Setting next_dagrun for example_nested_branch_dag to 2024-02-09 00:00:00+00:00, run_after=2024-02-10 00:00:00+00:00
[2024-02-10T18:05:35.320+0000] {processor.py:183} INFO - Processing /home/airflow/.local/lib/python3.8/site-packages/airflow/example_dags/example_nested_branch_dag.py took 0.071 seconds
[2024-02-10T18:06:06.120+0000] {processor.py:161} INFO - Started process (PID=2565) to work on /home/airflow/.local/lib/python3.8/site-packages/airflow/example_dags/example_nested_branch_dag.py
[2024-02-10T18:06:06.121+0000] {processor.py:830} INFO - Processing file /home/airflow/.local/lib/python3.8/site-packages/airflow/example_dags/example_nested_branch_dag.py for tasks to queue
[2024-02-10T18:06:06.123+0000] {logging_mixin.py:188} INFO - [2024-02-10T18:06:06.122+0000] {dagbag.py:538} INFO - Filling up the DagBag from /home/airflow/.local/lib/python3.8/site-packages/airflow/example_dags/example_nested_branch_dag.py
[2024-02-10T18:06:06.134+0000] {processor.py:840} INFO - DAG(s) 'example_nested_branch_dag' retrieved from /home/airflow/.local/lib/python3.8/site-packages/airflow/example_dags/example_nested_branch_dag.py
[2024-02-10T18:06:06.157+0000] {logging_mixin.py:188} INFO - [2024-02-10T18:06:06.157+0000] {dag.py:3036} INFO - Sync 1 DAGs
[2024-02-10T18:06:06.184+0000] {logging_mixin.py:188} INFO - [2024-02-10T18:06:06.184+0000] {dag.py:3823} INFO - Setting next_dagrun for example_nested_branch_dag to 2024-02-09 00:00:00+00:00, run_after=2024-02-10 00:00:00+00:00
[2024-02-10T18:06:06.214+0000] {processor.py:183} INFO - Processing /home/airflow/.local/lib/python3.8/site-packages/airflow/example_dags/example_nested_branch_dag.py took 0.099 seconds
[2024-02-10T18:06:36.770+0000] {processor.py:161} INFO - Started process (PID=2620) to work on /home/airflow/.local/lib/python3.8/site-packages/airflow/example_dags/example_nested_branch_dag.py
[2024-02-10T18:06:36.771+0000] {processor.py:830} INFO - Processing file /home/airflow/.local/lib/python3.8/site-packages/airflow/example_dags/example_nested_branch_dag.py for tasks to queue
[2024-02-10T18:06:36.773+0000] {logging_mixin.py:188} INFO - [2024-02-10T18:06:36.773+0000] {dagbag.py:538} INFO - Filling up the DagBag from /home/airflow/.local/lib/python3.8/site-packages/airflow/example_dags/example_nested_branch_dag.py
[2024-02-10T18:06:36.810+0000] {processor.py:840} INFO - DAG(s) 'example_nested_branch_dag' retrieved from /home/airflow/.local/lib/python3.8/site-packages/airflow/example_dags/example_nested_branch_dag.py
[2024-02-10T18:06:36.842+0000] {logging_mixin.py:188} INFO - [2024-02-10T18:06:36.842+0000] {dag.py:3036} INFO - Sync 1 DAGs
[2024-02-10T18:06:36.868+0000] {logging_mixin.py:188} INFO - [2024-02-10T18:06:36.868+0000] {dag.py:3823} INFO - Setting next_dagrun for example_nested_branch_dag to 2024-02-09 00:00:00+00:00, run_after=2024-02-10 00:00:00+00:00
[2024-02-10T18:06:36.913+0000] {processor.py:183} INFO - Processing /home/airflow/.local/lib/python3.8/site-packages/airflow/example_dags/example_nested_branch_dag.py took 0.146 seconds
[2024-02-10T18:07:07.341+0000] {processor.py:161} INFO - Started process (PID=2675) to work on /home/airflow/.local/lib/python3.8/site-packages/airflow/example_dags/example_nested_branch_dag.py
[2024-02-10T18:07:07.342+0000] {processor.py:830} INFO - Processing file /home/airflow/.local/lib/python3.8/site-packages/airflow/example_dags/example_nested_branch_dag.py for tasks to queue
[2024-02-10T18:07:07.343+0000] {logging_mixin.py:188} INFO - [2024-02-10T18:07:07.343+0000] {dagbag.py:538} INFO - Filling up the DagBag from /home/airflow/.local/lib/python3.8/site-packages/airflow/example_dags/example_nested_branch_dag.py
[2024-02-10T18:07:07.351+0000] {processor.py:840} INFO - DAG(s) 'example_nested_branch_dag' retrieved from /home/airflow/.local/lib/python3.8/site-packages/airflow/example_dags/example_nested_branch_dag.py
[2024-02-10T18:07:07.376+0000] {logging_mixin.py:188} INFO - [2024-02-10T18:07:07.376+0000] {dag.py:3036} INFO - Sync 1 DAGs
[2024-02-10T18:07:07.526+0000] {logging_mixin.py:188} INFO - [2024-02-10T18:07:07.525+0000] {dag.py:3823} INFO - Setting next_dagrun for example_nested_branch_dag to 2024-02-09 00:00:00+00:00, run_after=2024-02-10 00:00:00+00:00
[2024-02-10T18:07:07.551+0000] {processor.py:183} INFO - Processing /home/airflow/.local/lib/python3.8/site-packages/airflow/example_dags/example_nested_branch_dag.py took 0.212 seconds
[2024-02-10T18:07:37.648+0000] {processor.py:161} INFO - Started process (PID=2729) to work on /home/airflow/.local/lib/python3.8/site-packages/airflow/example_dags/example_nested_branch_dag.py
[2024-02-10T18:07:37.649+0000] {processor.py:830} INFO - Processing file /home/airflow/.local/lib/python3.8/site-packages/airflow/example_dags/example_nested_branch_dag.py for tasks to queue
[2024-02-10T18:07:37.651+0000] {logging_mixin.py:188} INFO - [2024-02-10T18:07:37.651+0000] {dagbag.py:538} INFO - Filling up the DagBag from /home/airflow/.local/lib/python3.8/site-packages/airflow/example_dags/example_nested_branch_dag.py
[2024-02-10T18:07:37.666+0000] {processor.py:840} INFO - DAG(s) 'example_nested_branch_dag' retrieved from /home/airflow/.local/lib/python3.8/site-packages/airflow/example_dags/example_nested_branch_dag.py
[2024-02-10T18:07:37.699+0000] {logging_mixin.py:188} INFO - [2024-02-10T18:07:37.699+0000] {dag.py:3036} INFO - Sync 1 DAGs
[2024-02-10T18:07:37.728+0000] {logging_mixin.py:188} INFO - [2024-02-10T18:07:37.728+0000] {dag.py:3823} INFO - Setting next_dagrun for example_nested_branch_dag to 2024-02-09 00:00:00+00:00, run_after=2024-02-10 00:00:00+00:00
[2024-02-10T18:07:37.754+0000] {processor.py:183} INFO - Processing /home/airflow/.local/lib/python3.8/site-packages/airflow/example_dags/example_nested_branch_dag.py took 0.110 seconds
[2024-02-10T18:08:08.644+0000] {processor.py:161} INFO - Started process (PID=2784) to work on /home/airflow/.local/lib/python3.8/site-packages/airflow/example_dags/example_nested_branch_dag.py
[2024-02-10T18:08:08.645+0000] {processor.py:830} INFO - Processing file /home/airflow/.local/lib/python3.8/site-packages/airflow/example_dags/example_nested_branch_dag.py for tasks to queue
[2024-02-10T18:08:08.647+0000] {logging_mixin.py:188} INFO - [2024-02-10T18:08:08.647+0000] {dagbag.py:538} INFO - Filling up the DagBag from /home/airflow/.local/lib/python3.8/site-packages/airflow/example_dags/example_nested_branch_dag.py
[2024-02-10T18:08:08.661+0000] {processor.py:840} INFO - DAG(s) 'example_nested_branch_dag' retrieved from /home/airflow/.local/lib/python3.8/site-packages/airflow/example_dags/example_nested_branch_dag.py
[2024-02-10T18:08:08.717+0000] {logging_mixin.py:188} INFO - [2024-02-10T18:08:08.716+0000] {dag.py:3036} INFO - Sync 1 DAGs
[2024-02-10T18:08:08.744+0000] {logging_mixin.py:188} INFO - [2024-02-10T18:08:08.743+0000] {dag.py:3823} INFO - Setting next_dagrun for example_nested_branch_dag to 2024-02-09 00:00:00+00:00, run_after=2024-02-10 00:00:00+00:00
[2024-02-10T18:08:08.767+0000] {processor.py:183} INFO - Processing /home/airflow/.local/lib/python3.8/site-packages/airflow/example_dags/example_nested_branch_dag.py took 0.135 seconds
[2024-02-10T18:08:39.153+0000] {processor.py:161} INFO - Started process (PID=2840) to work on /home/airflow/.local/lib/python3.8/site-packages/airflow/example_dags/example_nested_branch_dag.py
[2024-02-10T18:08:39.154+0000] {processor.py:830} INFO - Processing file /home/airflow/.local/lib/python3.8/site-packages/airflow/example_dags/example_nested_branch_dag.py for tasks to queue
[2024-02-10T18:08:39.155+0000] {logging_mixin.py:188} INFO - [2024-02-10T18:08:39.155+0000] {dagbag.py:538} INFO - Filling up the DagBag from /home/airflow/.local/lib/python3.8/site-packages/airflow/example_dags/example_nested_branch_dag.py
[2024-02-10T18:08:39.163+0000] {processor.py:840} INFO - DAG(s) 'example_nested_branch_dag' retrieved from /home/airflow/.local/lib/python3.8/site-packages/airflow/example_dags/example_nested_branch_dag.py
[2024-02-10T18:08:39.180+0000] {logging_mixin.py:188} INFO - [2024-02-10T18:08:39.180+0000] {dag.py:3036} INFO - Sync 1 DAGs
[2024-02-10T18:08:39.198+0000] {logging_mixin.py:188} INFO - [2024-02-10T18:08:39.198+0000] {dag.py:3823} INFO - Setting next_dagrun for example_nested_branch_dag to 2024-02-09 00:00:00+00:00, run_after=2024-02-10 00:00:00+00:00
[2024-02-10T18:08:39.218+0000] {processor.py:183} INFO - Processing /home/airflow/.local/lib/python3.8/site-packages/airflow/example_dags/example_nested_branch_dag.py took 0.068 seconds
[2024-02-10T18:09:09.680+0000] {processor.py:161} INFO - Started process (PID=2896) to work on /home/airflow/.local/lib/python3.8/site-packages/airflow/example_dags/example_nested_branch_dag.py
[2024-02-10T18:09:09.681+0000] {processor.py:830} INFO - Processing file /home/airflow/.local/lib/python3.8/site-packages/airflow/example_dags/example_nested_branch_dag.py for tasks to queue
[2024-02-10T18:09:09.683+0000] {logging_mixin.py:188} INFO - [2024-02-10T18:09:09.683+0000] {dagbag.py:538} INFO - Filling up the DagBag from /home/airflow/.local/lib/python3.8/site-packages/airflow/example_dags/example_nested_branch_dag.py
[2024-02-10T18:09:09.692+0000] {processor.py:840} INFO - DAG(s) 'example_nested_branch_dag' retrieved from /home/airflow/.local/lib/python3.8/site-packages/airflow/example_dags/example_nested_branch_dag.py
[2024-02-10T18:09:09.709+0000] {logging_mixin.py:188} INFO - [2024-02-10T18:09:09.709+0000] {dag.py:3036} INFO - Sync 1 DAGs
[2024-02-10T18:09:09.728+0000] {logging_mixin.py:188} INFO - [2024-02-10T18:09:09.728+0000] {dag.py:3823} INFO - Setting next_dagrun for example_nested_branch_dag to 2024-02-09 00:00:00+00:00, run_after=2024-02-10 00:00:00+00:00
[2024-02-10T18:09:09.748+0000] {processor.py:183} INFO - Processing /home/airflow/.local/lib/python3.8/site-packages/airflow/example_dags/example_nested_branch_dag.py took 0.075 seconds
[2024-02-10T18:09:40.081+0000] {processor.py:161} INFO - Started process (PID=2952) to work on /home/airflow/.local/lib/python3.8/site-packages/airflow/example_dags/example_nested_branch_dag.py
[2024-02-10T18:09:40.082+0000] {processor.py:830} INFO - Processing file /home/airflow/.local/lib/python3.8/site-packages/airflow/example_dags/example_nested_branch_dag.py for tasks to queue
[2024-02-10T18:09:40.084+0000] {logging_mixin.py:188} INFO - [2024-02-10T18:09:40.083+0000] {dagbag.py:538} INFO - Filling up the DagBag from /home/airflow/.local/lib/python3.8/site-packages/airflow/example_dags/example_nested_branch_dag.py
[2024-02-10T18:09:40.092+0000] {processor.py:840} INFO - DAG(s) 'example_nested_branch_dag' retrieved from /home/airflow/.local/lib/python3.8/site-packages/airflow/example_dags/example_nested_branch_dag.py
[2024-02-10T18:09:40.116+0000] {logging_mixin.py:188} INFO - [2024-02-10T18:09:40.116+0000] {dag.py:3036} INFO - Sync 1 DAGs
[2024-02-10T18:09:40.144+0000] {logging_mixin.py:188} INFO - [2024-02-10T18:09:40.143+0000] {dag.py:3823} INFO - Setting next_dagrun for example_nested_branch_dag to 2024-02-09 00:00:00+00:00, run_after=2024-02-10 00:00:00+00:00
[2024-02-10T18:09:40.165+0000] {processor.py:183} INFO - Processing /home/airflow/.local/lib/python3.8/site-packages/airflow/example_dags/example_nested_branch_dag.py took 0.086 seconds
[2024-02-10T18:10:10.715+0000] {processor.py:161} INFO - Started process (PID=3006) to work on /home/airflow/.local/lib/python3.8/site-packages/airflow/example_dags/example_nested_branch_dag.py
[2024-02-10T18:10:10.715+0000] {processor.py:830} INFO - Processing file /home/airflow/.local/lib/python3.8/site-packages/airflow/example_dags/example_nested_branch_dag.py for tasks to queue
[2024-02-10T18:10:10.717+0000] {logging_mixin.py:188} INFO - [2024-02-10T18:10:10.716+0000] {dagbag.py:538} INFO - Filling up the DagBag from /home/airflow/.local/lib/python3.8/site-packages/airflow/example_dags/example_nested_branch_dag.py
[2024-02-10T18:10:10.725+0000] {processor.py:840} INFO - DAG(s) 'example_nested_branch_dag' retrieved from /home/airflow/.local/lib/python3.8/site-packages/airflow/example_dags/example_nested_branch_dag.py
[2024-02-10T18:10:10.743+0000] {logging_mixin.py:188} INFO - [2024-02-10T18:10:10.743+0000] {dag.py:3036} INFO - Sync 1 DAGs
[2024-02-10T18:10:10.761+0000] {logging_mixin.py:188} INFO - [2024-02-10T18:10:10.761+0000] {dag.py:3823} INFO - Setting next_dagrun for example_nested_branch_dag to 2024-02-09 00:00:00+00:00, run_after=2024-02-10 00:00:00+00:00
[2024-02-10T18:10:10.782+0000] {processor.py:183} INFO - Processing /home/airflow/.local/lib/python3.8/site-packages/airflow/example_dags/example_nested_branch_dag.py took 0.070 seconds
[2024-02-10T18:10:41.840+0000] {processor.py:161} INFO - Started process (PID=3061) to work on /home/airflow/.local/lib/python3.8/site-packages/airflow/example_dags/example_nested_branch_dag.py
[2024-02-10T18:10:41.841+0000] {processor.py:830} INFO - Processing file /home/airflow/.local/lib/python3.8/site-packages/airflow/example_dags/example_nested_branch_dag.py for tasks to queue
[2024-02-10T18:10:41.843+0000] {logging_mixin.py:188} INFO - [2024-02-10T18:10:41.843+0000] {dagbag.py:538} INFO - Filling up the DagBag from /home/airflow/.local/lib/python3.8/site-packages/airflow/example_dags/example_nested_branch_dag.py
[2024-02-10T18:10:41.856+0000] {processor.py:840} INFO - DAG(s) 'example_nested_branch_dag' retrieved from /home/airflow/.local/lib/python3.8/site-packages/airflow/example_dags/example_nested_branch_dag.py
[2024-02-10T18:10:41.877+0000] {logging_mixin.py:188} INFO - [2024-02-10T18:10:41.876+0000] {dag.py:3036} INFO - Sync 1 DAGs
[2024-02-10T18:10:41.895+0000] {logging_mixin.py:188} INFO - [2024-02-10T18:10:41.895+0000] {dag.py:3823} INFO - Setting next_dagrun for example_nested_branch_dag to 2024-02-09 00:00:00+00:00, run_after=2024-02-10 00:00:00+00:00
[2024-02-10T18:10:41.916+0000] {processor.py:183} INFO - Processing /home/airflow/.local/lib/python3.8/site-packages/airflow/example_dags/example_nested_branch_dag.py took 0.079 seconds
[2024-02-10T18:11:12.413+0000] {processor.py:161} INFO - Started process (PID=3115) to work on /home/airflow/.local/lib/python3.8/site-packages/airflow/example_dags/example_nested_branch_dag.py
[2024-02-10T18:11:12.414+0000] {processor.py:830} INFO - Processing file /home/airflow/.local/lib/python3.8/site-packages/airflow/example_dags/example_nested_branch_dag.py for tasks to queue
[2024-02-10T18:11:12.415+0000] {logging_mixin.py:188} INFO - [2024-02-10T18:11:12.415+0000] {dagbag.py:538} INFO - Filling up the DagBag from /home/airflow/.local/lib/python3.8/site-packages/airflow/example_dags/example_nested_branch_dag.py
[2024-02-10T18:11:12.423+0000] {processor.py:840} INFO - DAG(s) 'example_nested_branch_dag' retrieved from /home/airflow/.local/lib/python3.8/site-packages/airflow/example_dags/example_nested_branch_dag.py
[2024-02-10T18:11:12.440+0000] {logging_mixin.py:188} INFO - [2024-02-10T18:11:12.440+0000] {dag.py:3036} INFO - Sync 1 DAGs
[2024-02-10T18:11:12.459+0000] {logging_mixin.py:188} INFO - [2024-02-10T18:11:12.459+0000] {dag.py:3823} INFO - Setting next_dagrun for example_nested_branch_dag to 2024-02-09 00:00:00+00:00, run_after=2024-02-10 00:00:00+00:00
[2024-02-10T18:11:12.479+0000] {processor.py:183} INFO - Processing /home/airflow/.local/lib/python3.8/site-packages/airflow/example_dags/example_nested_branch_dag.py took 0.068 seconds
[2024-02-10T18:11:42.957+0000] {processor.py:161} INFO - Started process (PID=3171) to work on /home/airflow/.local/lib/python3.8/site-packages/airflow/example_dags/example_nested_branch_dag.py
[2024-02-10T18:11:42.958+0000] {processor.py:830} INFO - Processing file /home/airflow/.local/lib/python3.8/site-packages/airflow/example_dags/example_nested_branch_dag.py for tasks to queue
[2024-02-10T18:11:42.960+0000] {logging_mixin.py:188} INFO - [2024-02-10T18:11:42.959+0000] {dagbag.py:538} INFO - Filling up the DagBag from /home/airflow/.local/lib/python3.8/site-packages/airflow/example_dags/example_nested_branch_dag.py
[2024-02-10T18:11:42.971+0000] {processor.py:840} INFO - DAG(s) 'example_nested_branch_dag' retrieved from /home/airflow/.local/lib/python3.8/site-packages/airflow/example_dags/example_nested_branch_dag.py
[2024-02-10T18:11:42.989+0000] {logging_mixin.py:188} INFO - [2024-02-10T18:11:42.989+0000] {dag.py:3036} INFO - Sync 1 DAGs
[2024-02-10T18:11:43.007+0000] {logging_mixin.py:188} INFO - [2024-02-10T18:11:43.007+0000] {dag.py:3823} INFO - Setting next_dagrun for example_nested_branch_dag to 2024-02-09 00:00:00+00:00, run_after=2024-02-10 00:00:00+00:00
[2024-02-10T18:11:43.027+0000] {processor.py:183} INFO - Processing /home/airflow/.local/lib/python3.8/site-packages/airflow/example_dags/example_nested_branch_dag.py took 0.073 seconds
[2024-02-10T18:12:13.574+0000] {processor.py:161} INFO - Started process (PID=3226) to work on /home/airflow/.local/lib/python3.8/site-packages/airflow/example_dags/example_nested_branch_dag.py
[2024-02-10T18:12:13.575+0000] {processor.py:830} INFO - Processing file /home/airflow/.local/lib/python3.8/site-packages/airflow/example_dags/example_nested_branch_dag.py for tasks to queue
[2024-02-10T18:12:13.577+0000] {logging_mixin.py:188} INFO - [2024-02-10T18:12:13.576+0000] {dagbag.py:538} INFO - Filling up the DagBag from /home/airflow/.local/lib/python3.8/site-packages/airflow/example_dags/example_nested_branch_dag.py
[2024-02-10T18:12:13.597+0000] {processor.py:840} INFO - DAG(s) 'example_nested_branch_dag' retrieved from /home/airflow/.local/lib/python3.8/site-packages/airflow/example_dags/example_nested_branch_dag.py
[2024-02-10T18:12:13.623+0000] {logging_mixin.py:188} INFO - [2024-02-10T18:12:13.623+0000] {dag.py:3036} INFO - Sync 1 DAGs
[2024-02-10T18:12:13.650+0000] {logging_mixin.py:188} INFO - [2024-02-10T18:12:13.650+0000] {dag.py:3823} INFO - Setting next_dagrun for example_nested_branch_dag to 2024-02-09 00:00:00+00:00, run_after=2024-02-10 00:00:00+00:00
[2024-02-10T18:12:13.673+0000] {processor.py:183} INFO - Processing /home/airflow/.local/lib/python3.8/site-packages/airflow/example_dags/example_nested_branch_dag.py took 0.102 seconds
[2024-02-10T18:12:43.871+0000] {processor.py:161} INFO - Started process (PID=3282) to work on /home/airflow/.local/lib/python3.8/site-packages/airflow/example_dags/example_nested_branch_dag.py
[2024-02-10T18:12:43.872+0000] {processor.py:830} INFO - Processing file /home/airflow/.local/lib/python3.8/site-packages/airflow/example_dags/example_nested_branch_dag.py for tasks to queue
[2024-02-10T18:12:43.874+0000] {logging_mixin.py:188} INFO - [2024-02-10T18:12:43.873+0000] {dagbag.py:538} INFO - Filling up the DagBag from /home/airflow/.local/lib/python3.8/site-packages/airflow/example_dags/example_nested_branch_dag.py
[2024-02-10T18:12:43.882+0000] {processor.py:840} INFO - DAG(s) 'example_nested_branch_dag' retrieved from /home/airflow/.local/lib/python3.8/site-packages/airflow/example_dags/example_nested_branch_dag.py
[2024-02-10T18:12:43.899+0000] {logging_mixin.py:188} INFO - [2024-02-10T18:12:43.899+0000] {dag.py:3036} INFO - Sync 1 DAGs
[2024-02-10T18:12:43.916+0000] {logging_mixin.py:188} INFO - [2024-02-10T18:12:43.916+0000] {dag.py:3823} INFO - Setting next_dagrun for example_nested_branch_dag to 2024-02-09 00:00:00+00:00, run_after=2024-02-10 00:00:00+00:00
[2024-02-10T18:12:43.937+0000] {processor.py:183} INFO - Processing /home/airflow/.local/lib/python3.8/site-packages/airflow/example_dags/example_nested_branch_dag.py took 0.069 seconds
[2024-02-10T18:13:14.464+0000] {processor.py:161} INFO - Started process (PID=3337) to work on /home/airflow/.local/lib/python3.8/site-packages/airflow/example_dags/example_nested_branch_dag.py
[2024-02-10T18:13:14.465+0000] {processor.py:830} INFO - Processing file /home/airflow/.local/lib/python3.8/site-packages/airflow/example_dags/example_nested_branch_dag.py for tasks to queue
[2024-02-10T18:13:14.466+0000] {logging_mixin.py:188} INFO - [2024-02-10T18:13:14.466+0000] {dagbag.py:538} INFO - Filling up the DagBag from /home/airflow/.local/lib/python3.8/site-packages/airflow/example_dags/example_nested_branch_dag.py
[2024-02-10T18:13:14.475+0000] {processor.py:840} INFO - DAG(s) 'example_nested_branch_dag' retrieved from /home/airflow/.local/lib/python3.8/site-packages/airflow/example_dags/example_nested_branch_dag.py
[2024-02-10T18:13:14.492+0000] {logging_mixin.py:188} INFO - [2024-02-10T18:13:14.491+0000] {dag.py:3036} INFO - Sync 1 DAGs
[2024-02-10T18:13:14.510+0000] {logging_mixin.py:188} INFO - [2024-02-10T18:13:14.509+0000] {dag.py:3823} INFO - Setting next_dagrun for example_nested_branch_dag to 2024-02-09 00:00:00+00:00, run_after=2024-02-10 00:00:00+00:00
[2024-02-10T18:13:14.530+0000] {processor.py:183} INFO - Processing /home/airflow/.local/lib/python3.8/site-packages/airflow/example_dags/example_nested_branch_dag.py took 0.069 seconds
[2024-02-10T18:13:44.868+0000] {processor.py:161} INFO - Started process (PID=3393) to work on /home/airflow/.local/lib/python3.8/site-packages/airflow/example_dags/example_nested_branch_dag.py
[2024-02-10T18:13:44.870+0000] {processor.py:830} INFO - Processing file /home/airflow/.local/lib/python3.8/site-packages/airflow/example_dags/example_nested_branch_dag.py for tasks to queue
[2024-02-10T18:13:44.874+0000] {logging_mixin.py:188} INFO - [2024-02-10T18:13:44.872+0000] {dagbag.py:538} INFO - Filling up the DagBag from /home/airflow/.local/lib/python3.8/site-packages/airflow/example_dags/example_nested_branch_dag.py
[2024-02-10T18:13:44.886+0000] {processor.py:840} INFO - DAG(s) 'example_nested_branch_dag' retrieved from /home/airflow/.local/lib/python3.8/site-packages/airflow/example_dags/example_nested_branch_dag.py
[2024-02-10T18:13:44.915+0000] {logging_mixin.py:188} INFO - [2024-02-10T18:13:44.915+0000] {dag.py:3036} INFO - Sync 1 DAGs
[2024-02-10T18:13:44.942+0000] {logging_mixin.py:188} INFO - [2024-02-10T18:13:44.942+0000] {dag.py:3823} INFO - Setting next_dagrun for example_nested_branch_dag to 2024-02-09 00:00:00+00:00, run_after=2024-02-10 00:00:00+00:00
[2024-02-10T18:13:44.966+0000] {processor.py:183} INFO - Processing /home/airflow/.local/lib/python3.8/site-packages/airflow/example_dags/example_nested_branch_dag.py took 0.103 seconds
[2024-02-10T18:14:15.918+0000] {processor.py:161} INFO - Started process (PID=3448) to work on /home/airflow/.local/lib/python3.8/site-packages/airflow/example_dags/example_nested_branch_dag.py
[2024-02-10T18:14:15.919+0000] {processor.py:830} INFO - Processing file /home/airflow/.local/lib/python3.8/site-packages/airflow/example_dags/example_nested_branch_dag.py for tasks to queue
[2024-02-10T18:14:15.922+0000] {logging_mixin.py:188} INFO - [2024-02-10T18:14:15.921+0000] {dagbag.py:538} INFO - Filling up the DagBag from /home/airflow/.local/lib/python3.8/site-packages/airflow/example_dags/example_nested_branch_dag.py
[2024-02-10T18:14:15.935+0000] {processor.py:840} INFO - DAG(s) 'example_nested_branch_dag' retrieved from /home/airflow/.local/lib/python3.8/site-packages/airflow/example_dags/example_nested_branch_dag.py
[2024-02-10T18:14:15.961+0000] {logging_mixin.py:188} INFO - [2024-02-10T18:14:15.960+0000] {dag.py:3036} INFO - Sync 1 DAGs
[2024-02-10T18:14:15.990+0000] {logging_mixin.py:188} INFO - [2024-02-10T18:14:15.990+0000] {dag.py:3823} INFO - Setting next_dagrun for example_nested_branch_dag to 2024-02-09 00:00:00+00:00, run_after=2024-02-10 00:00:00+00:00
[2024-02-10T18:14:16.018+0000] {processor.py:183} INFO - Processing /home/airflow/.local/lib/python3.8/site-packages/airflow/example_dags/example_nested_branch_dag.py took 0.104 seconds
[2024-02-10T18:14:46.149+0000] {processor.py:161} INFO - Started process (PID=3503) to work on /home/airflow/.local/lib/python3.8/site-packages/airflow/example_dags/example_nested_branch_dag.py
[2024-02-10T18:14:46.150+0000] {processor.py:830} INFO - Processing file /home/airflow/.local/lib/python3.8/site-packages/airflow/example_dags/example_nested_branch_dag.py for tasks to queue
[2024-02-10T18:14:46.151+0000] {logging_mixin.py:188} INFO - [2024-02-10T18:14:46.151+0000] {dagbag.py:538} INFO - Filling up the DagBag from /home/airflow/.local/lib/python3.8/site-packages/airflow/example_dags/example_nested_branch_dag.py
[2024-02-10T18:14:46.160+0000] {processor.py:840} INFO - DAG(s) 'example_nested_branch_dag' retrieved from /home/airflow/.local/lib/python3.8/site-packages/airflow/example_dags/example_nested_branch_dag.py
[2024-02-10T18:14:46.178+0000] {logging_mixin.py:188} INFO - [2024-02-10T18:14:46.178+0000] {dag.py:3036} INFO - Sync 1 DAGs
[2024-02-10T18:14:46.197+0000] {logging_mixin.py:188} INFO - [2024-02-10T18:14:46.197+0000] {dag.py:3823} INFO - Setting next_dagrun for example_nested_branch_dag to 2024-02-09 00:00:00+00:00, run_after=2024-02-10 00:00:00+00:00
[2024-02-10T18:14:46.220+0000] {processor.py:183} INFO - Processing /home/airflow/.local/lib/python3.8/site-packages/airflow/example_dags/example_nested_branch_dag.py took 0.074 seconds
[2024-02-10T18:15:16.600+0000] {processor.py:161} INFO - Started process (PID=3558) to work on /home/airflow/.local/lib/python3.8/site-packages/airflow/example_dags/example_nested_branch_dag.py
[2024-02-10T18:15:16.601+0000] {processor.py:830} INFO - Processing file /home/airflow/.local/lib/python3.8/site-packages/airflow/example_dags/example_nested_branch_dag.py for tasks to queue
[2024-02-10T18:15:16.603+0000] {logging_mixin.py:188} INFO - [2024-02-10T18:15:16.602+0000] {dagbag.py:538} INFO - Filling up the DagBag from /home/airflow/.local/lib/python3.8/site-packages/airflow/example_dags/example_nested_branch_dag.py
[2024-02-10T18:15:16.611+0000] {processor.py:840} INFO - DAG(s) 'example_nested_branch_dag' retrieved from /home/airflow/.local/lib/python3.8/site-packages/airflow/example_dags/example_nested_branch_dag.py
[2024-02-10T18:15:16.628+0000] {logging_mixin.py:188} INFO - [2024-02-10T18:15:16.627+0000] {dag.py:3036} INFO - Sync 1 DAGs
[2024-02-10T18:15:16.646+0000] {logging_mixin.py:188} INFO - [2024-02-10T18:15:16.646+0000] {dag.py:3823} INFO - Setting next_dagrun for example_nested_branch_dag to 2024-02-09 00:00:00+00:00, run_after=2024-02-10 00:00:00+00:00
[2024-02-10T18:15:16.666+0000] {processor.py:183} INFO - Processing /home/airflow/.local/lib/python3.8/site-packages/airflow/example_dags/example_nested_branch_dag.py took 0.069 seconds
[2024-02-10T18:15:47.218+0000] {processor.py:161} INFO - Started process (PID=3613) to work on /home/airflow/.local/lib/python3.8/site-packages/airflow/example_dags/example_nested_branch_dag.py
[2024-02-10T18:15:47.219+0000] {processor.py:830} INFO - Processing file /home/airflow/.local/lib/python3.8/site-packages/airflow/example_dags/example_nested_branch_dag.py for tasks to queue
[2024-02-10T18:15:47.220+0000] {logging_mixin.py:188} INFO - [2024-02-10T18:15:47.220+0000] {dagbag.py:538} INFO - Filling up the DagBag from /home/airflow/.local/lib/python3.8/site-packages/airflow/example_dags/example_nested_branch_dag.py
[2024-02-10T18:15:47.231+0000] {processor.py:840} INFO - DAG(s) 'example_nested_branch_dag' retrieved from /home/airflow/.local/lib/python3.8/site-packages/airflow/example_dags/example_nested_branch_dag.py
[2024-02-10T18:15:47.255+0000] {logging_mixin.py:188} INFO - [2024-02-10T18:15:47.255+0000] {dag.py:3036} INFO - Sync 1 DAGs
[2024-02-10T18:15:47.274+0000] {logging_mixin.py:188} INFO - [2024-02-10T18:15:47.274+0000] {dag.py:3823} INFO - Setting next_dagrun for example_nested_branch_dag to 2024-02-09 00:00:00+00:00, run_after=2024-02-10 00:00:00+00:00
[2024-02-10T18:15:47.295+0000] {processor.py:183} INFO - Processing /home/airflow/.local/lib/python3.8/site-packages/airflow/example_dags/example_nested_branch_dag.py took 0.080 seconds
