[2024-02-10T17:42:56.394+0000] {processor.py:161} INFO - Started process (PID=36) to work on /home/airflow/.local/lib/python3.8/site-packages/airflow/example_dags/example_python_decorator.py
[2024-02-10T17:42:56.395+0000] {processor.py:830} INFO - Processing file /home/airflow/.local/lib/python3.8/site-packages/airflow/example_dags/example_python_decorator.py for tasks to queue
[2024-02-10T17:42:56.396+0000] {logging_mixin.py:188} INFO - [2024-02-10T17:42:56.396+0000] {dagbag.py:538} INFO - Filling up the DagBag from /home/airflow/.local/lib/python3.8/site-packages/airflow/example_dags/example_python_decorator.py
[2024-02-10T17:42:56.470+0000] {processor.py:840} INFO - DAG(s) 'example_python_decorator' retrieved from /home/airflow/.local/lib/python3.8/site-packages/airflow/example_dags/example_python_decorator.py
[2024-02-10T17:42:57.254+0000] {logging_mixin.py:188} INFO - [2024-02-10T17:42:57.254+0000] {dag.py:3036} INFO - Sync 1 DAGs
[2024-02-10T17:42:57.300+0000] {logging_mixin.py:188} INFO - [2024-02-10T17:42:57.299+0000] {dag.py:3823} INFO - Setting next_dagrun for example_python_decorator to None, run_after=None
[2024-02-10T17:42:57.361+0000] {processor.py:183} INFO - Processing /home/airflow/.local/lib/python3.8/site-packages/airflow/example_dags/example_python_decorator.py took 0.985 seconds
[2024-02-10T17:43:27.947+0000] {processor.py:161} INFO - Started process (PID=91) to work on /home/airflow/.local/lib/python3.8/site-packages/airflow/example_dags/example_python_decorator.py
[2024-02-10T17:43:27.950+0000] {processor.py:830} INFO - Processing file /home/airflow/.local/lib/python3.8/site-packages/airflow/example_dags/example_python_decorator.py for tasks to queue
[2024-02-10T17:43:27.952+0000] {logging_mixin.py:188} INFO - [2024-02-10T17:43:27.952+0000] {dagbag.py:538} INFO - Filling up the DagBag from /home/airflow/.local/lib/python3.8/site-packages/airflow/example_dags/example_python_decorator.py
[2024-02-10T17:43:27.969+0000] {processor.py:840} INFO - DAG(s) 'example_python_decorator' retrieved from /home/airflow/.local/lib/python3.8/site-packages/airflow/example_dags/example_python_decorator.py
[2024-02-10T17:43:27.996+0000] {logging_mixin.py:188} INFO - [2024-02-10T17:43:27.995+0000] {dag.py:3036} INFO - Sync 1 DAGs
[2024-02-10T17:43:28.009+0000] {logging_mixin.py:188} INFO - [2024-02-10T17:43:28.009+0000] {dag.py:3823} INFO - Setting next_dagrun for example_python_decorator to None, run_after=None
[2024-02-10T17:43:28.036+0000] {processor.py:183} INFO - Processing /home/airflow/.local/lib/python3.8/site-packages/airflow/example_dags/example_python_decorator.py took 0.095 seconds
[2024-02-10T17:43:58.100+0000] {processor.py:161} INFO - Started process (PID=146) to work on /home/airflow/.local/lib/python3.8/site-packages/airflow/example_dags/example_python_decorator.py
[2024-02-10T17:43:58.108+0000] {processor.py:830} INFO - Processing file /home/airflow/.local/lib/python3.8/site-packages/airflow/example_dags/example_python_decorator.py for tasks to queue
[2024-02-10T17:43:58.110+0000] {logging_mixin.py:188} INFO - [2024-02-10T17:43:58.110+0000] {dagbag.py:538} INFO - Filling up the DagBag from /home/airflow/.local/lib/python3.8/site-packages/airflow/example_dags/example_python_decorator.py
[2024-02-10T17:43:58.136+0000] {processor.py:840} INFO - DAG(s) 'example_python_decorator' retrieved from /home/airflow/.local/lib/python3.8/site-packages/airflow/example_dags/example_python_decorator.py
[2024-02-10T17:43:58.230+0000] {logging_mixin.py:188} INFO - [2024-02-10T17:43:58.229+0000] {dag.py:3036} INFO - Sync 1 DAGs
[2024-02-10T17:43:58.264+0000] {logging_mixin.py:188} INFO - [2024-02-10T17:43:58.264+0000] {dag.py:3823} INFO - Setting next_dagrun for example_python_decorator to None, run_after=None
[2024-02-10T17:43:58.309+0000] {processor.py:183} INFO - Processing /home/airflow/.local/lib/python3.8/site-packages/airflow/example_dags/example_python_decorator.py took 0.212 seconds
[2024-02-10T17:44:28.536+0000] {processor.py:161} INFO - Started process (PID=202) to work on /home/airflow/.local/lib/python3.8/site-packages/airflow/example_dags/example_python_decorator.py
[2024-02-10T17:44:28.541+0000] {processor.py:830} INFO - Processing file /home/airflow/.local/lib/python3.8/site-packages/airflow/example_dags/example_python_decorator.py for tasks to queue
[2024-02-10T17:44:28.545+0000] {logging_mixin.py:188} INFO - [2024-02-10T17:44:28.543+0000] {dagbag.py:538} INFO - Filling up the DagBag from /home/airflow/.local/lib/python3.8/site-packages/airflow/example_dags/example_python_decorator.py
[2024-02-10T17:44:28.584+0000] {processor.py:840} INFO - DAG(s) 'example_python_decorator' retrieved from /home/airflow/.local/lib/python3.8/site-packages/airflow/example_dags/example_python_decorator.py
[2024-02-10T17:44:28.632+0000] {logging_mixin.py:188} INFO - [2024-02-10T17:44:28.624+0000] {dag.py:3036} INFO - Sync 1 DAGs
[2024-02-10T17:44:28.683+0000] {logging_mixin.py:188} INFO - [2024-02-10T17:44:28.683+0000] {dag.py:3823} INFO - Setting next_dagrun for example_python_decorator to None, run_after=None
[2024-02-10T17:44:28.726+0000] {processor.py:183} INFO - Processing /home/airflow/.local/lib/python3.8/site-packages/airflow/example_dags/example_python_decorator.py took 0.203 seconds
[2024-02-10T17:44:58.776+0000] {processor.py:161} INFO - Started process (PID=256) to work on /home/airflow/.local/lib/python3.8/site-packages/airflow/example_dags/example_python_decorator.py
[2024-02-10T17:44:58.776+0000] {processor.py:830} INFO - Processing file /home/airflow/.local/lib/python3.8/site-packages/airflow/example_dags/example_python_decorator.py for tasks to queue
[2024-02-10T17:44:58.778+0000] {logging_mixin.py:188} INFO - [2024-02-10T17:44:58.778+0000] {dagbag.py:538} INFO - Filling up the DagBag from /home/airflow/.local/lib/python3.8/site-packages/airflow/example_dags/example_python_decorator.py
[2024-02-10T17:44:58.793+0000] {processor.py:840} INFO - DAG(s) 'example_python_decorator' retrieved from /home/airflow/.local/lib/python3.8/site-packages/airflow/example_dags/example_python_decorator.py
[2024-02-10T17:44:58.818+0000] {logging_mixin.py:188} INFO - [2024-02-10T17:44:58.818+0000] {dag.py:3036} INFO - Sync 1 DAGs
[2024-02-10T17:44:58.833+0000] {logging_mixin.py:188} INFO - [2024-02-10T17:44:58.833+0000] {dag.py:3823} INFO - Setting next_dagrun for example_python_decorator to None, run_after=None
[2024-02-10T17:44:58.857+0000] {processor.py:183} INFO - Processing /home/airflow/.local/lib/python3.8/site-packages/airflow/example_dags/example_python_decorator.py took 0.084 seconds
[2024-02-10T17:45:28.913+0000] {processor.py:161} INFO - Started process (PID=310) to work on /home/airflow/.local/lib/python3.8/site-packages/airflow/example_dags/example_python_decorator.py
[2024-02-10T17:45:28.919+0000] {processor.py:830} INFO - Processing file /home/airflow/.local/lib/python3.8/site-packages/airflow/example_dags/example_python_decorator.py for tasks to queue
[2024-02-10T17:45:28.921+0000] {logging_mixin.py:188} INFO - [2024-02-10T17:45:28.920+0000] {dagbag.py:538} INFO - Filling up the DagBag from /home/airflow/.local/lib/python3.8/site-packages/airflow/example_dags/example_python_decorator.py
[2024-02-10T17:45:28.949+0000] {processor.py:840} INFO - DAG(s) 'example_python_decorator' retrieved from /home/airflow/.local/lib/python3.8/site-packages/airflow/example_dags/example_python_decorator.py
[2024-02-10T17:45:28.986+0000] {logging_mixin.py:188} INFO - [2024-02-10T17:45:28.985+0000] {dag.py:3036} INFO - Sync 1 DAGs
[2024-02-10T17:45:29.005+0000] {logging_mixin.py:188} INFO - [2024-02-10T17:45:29.005+0000] {dag.py:3823} INFO - Setting next_dagrun for example_python_decorator to None, run_after=None
[2024-02-10T17:45:29.030+0000] {processor.py:183} INFO - Processing /home/airflow/.local/lib/python3.8/site-packages/airflow/example_dags/example_python_decorator.py took 0.120 seconds
[2024-02-10T17:45:59.306+0000] {processor.py:161} INFO - Started process (PID=366) to work on /home/airflow/.local/lib/python3.8/site-packages/airflow/example_dags/example_python_decorator.py
[2024-02-10T17:45:59.307+0000] {processor.py:830} INFO - Processing file /home/airflow/.local/lib/python3.8/site-packages/airflow/example_dags/example_python_decorator.py for tasks to queue
[2024-02-10T17:45:59.309+0000] {logging_mixin.py:188} INFO - [2024-02-10T17:45:59.308+0000] {dagbag.py:538} INFO - Filling up the DagBag from /home/airflow/.local/lib/python3.8/site-packages/airflow/example_dags/example_python_decorator.py
[2024-02-10T17:45:59.323+0000] {processor.py:840} INFO - DAG(s) 'example_python_decorator' retrieved from /home/airflow/.local/lib/python3.8/site-packages/airflow/example_dags/example_python_decorator.py
[2024-02-10T17:45:59.349+0000] {logging_mixin.py:188} INFO - [2024-02-10T17:45:59.349+0000] {dag.py:3036} INFO - Sync 1 DAGs
[2024-02-10T17:45:59.363+0000] {logging_mixin.py:188} INFO - [2024-02-10T17:45:59.363+0000] {dag.py:3823} INFO - Setting next_dagrun for example_python_decorator to None, run_after=None
[2024-02-10T17:45:59.387+0000] {processor.py:183} INFO - Processing /home/airflow/.local/lib/python3.8/site-packages/airflow/example_dags/example_python_decorator.py took 0.084 seconds
[2024-02-10T17:46:29.511+0000] {processor.py:161} INFO - Started process (PID=422) to work on /home/airflow/.local/lib/python3.8/site-packages/airflow/example_dags/example_python_decorator.py
[2024-02-10T17:46:29.512+0000] {processor.py:830} INFO - Processing file /home/airflow/.local/lib/python3.8/site-packages/airflow/example_dags/example_python_decorator.py for tasks to queue
[2024-02-10T17:46:29.513+0000] {logging_mixin.py:188} INFO - [2024-02-10T17:46:29.513+0000] {dagbag.py:538} INFO - Filling up the DagBag from /home/airflow/.local/lib/python3.8/site-packages/airflow/example_dags/example_python_decorator.py
[2024-02-10T17:46:29.528+0000] {processor.py:840} INFO - DAG(s) 'example_python_decorator' retrieved from /home/airflow/.local/lib/python3.8/site-packages/airflow/example_dags/example_python_decorator.py
[2024-02-10T17:46:29.554+0000] {logging_mixin.py:188} INFO - [2024-02-10T17:46:29.554+0000] {dag.py:3036} INFO - Sync 1 DAGs
[2024-02-10T17:46:29.570+0000] {logging_mixin.py:188} INFO - [2024-02-10T17:46:29.568+0000] {dag.py:3823} INFO - Setting next_dagrun for example_python_decorator to None, run_after=None
[2024-02-10T17:46:29.594+0000] {processor.py:183} INFO - Processing /home/airflow/.local/lib/python3.8/site-packages/airflow/example_dags/example_python_decorator.py took 0.086 seconds
[2024-02-10T17:47:00.113+0000] {processor.py:161} INFO - Started process (PID=478) to work on /home/airflow/.local/lib/python3.8/site-packages/airflow/example_dags/example_python_decorator.py
[2024-02-10T17:47:00.114+0000] {processor.py:830} INFO - Processing file /home/airflow/.local/lib/python3.8/site-packages/airflow/example_dags/example_python_decorator.py for tasks to queue
[2024-02-10T17:47:00.115+0000] {logging_mixin.py:188} INFO - [2024-02-10T17:47:00.115+0000] {dagbag.py:538} INFO - Filling up the DagBag from /home/airflow/.local/lib/python3.8/site-packages/airflow/example_dags/example_python_decorator.py
[2024-02-10T17:47:00.132+0000] {processor.py:840} INFO - DAG(s) 'example_python_decorator' retrieved from /home/airflow/.local/lib/python3.8/site-packages/airflow/example_dags/example_python_decorator.py
[2024-02-10T17:47:00.161+0000] {logging_mixin.py:188} INFO - [2024-02-10T17:47:00.161+0000] {dag.py:3036} INFO - Sync 1 DAGs
[2024-02-10T17:47:00.175+0000] {logging_mixin.py:188} INFO - [2024-02-10T17:47:00.174+0000] {dag.py:3823} INFO - Setting next_dagrun for example_python_decorator to None, run_after=None
[2024-02-10T17:47:00.216+0000] {processor.py:183} INFO - Processing /home/airflow/.local/lib/python3.8/site-packages/airflow/example_dags/example_python_decorator.py took 0.107 seconds
[2024-02-10T17:47:30.626+0000] {processor.py:161} INFO - Started process (PID=533) to work on /home/airflow/.local/lib/python3.8/site-packages/airflow/example_dags/example_python_decorator.py
[2024-02-10T17:47:30.627+0000] {processor.py:830} INFO - Processing file /home/airflow/.local/lib/python3.8/site-packages/airflow/example_dags/example_python_decorator.py for tasks to queue
[2024-02-10T17:47:30.629+0000] {logging_mixin.py:188} INFO - [2024-02-10T17:47:30.629+0000] {dagbag.py:538} INFO - Filling up the DagBag from /home/airflow/.local/lib/python3.8/site-packages/airflow/example_dags/example_python_decorator.py
[2024-02-10T17:47:30.644+0000] {processor.py:840} INFO - DAG(s) 'example_python_decorator' retrieved from /home/airflow/.local/lib/python3.8/site-packages/airflow/example_dags/example_python_decorator.py
[2024-02-10T17:47:30.670+0000] {logging_mixin.py:188} INFO - [2024-02-10T17:47:30.669+0000] {dag.py:3036} INFO - Sync 1 DAGs
[2024-02-10T17:47:30.683+0000] {logging_mixin.py:188} INFO - [2024-02-10T17:47:30.683+0000] {dag.py:3823} INFO - Setting next_dagrun for example_python_decorator to None, run_after=None
[2024-02-10T17:47:30.706+0000] {processor.py:183} INFO - Processing /home/airflow/.local/lib/python3.8/site-packages/airflow/example_dags/example_python_decorator.py took 0.083 seconds
[2024-02-10T17:48:00.988+0000] {processor.py:161} INFO - Started process (PID=590) to work on /home/airflow/.local/lib/python3.8/site-packages/airflow/example_dags/example_python_decorator.py
[2024-02-10T17:48:00.988+0000] {processor.py:830} INFO - Processing file /home/airflow/.local/lib/python3.8/site-packages/airflow/example_dags/example_python_decorator.py for tasks to queue
[2024-02-10T17:48:00.990+0000] {logging_mixin.py:188} INFO - [2024-02-10T17:48:00.990+0000] {dagbag.py:538} INFO - Filling up the DagBag from /home/airflow/.local/lib/python3.8/site-packages/airflow/example_dags/example_python_decorator.py
[2024-02-10T17:48:01.005+0000] {processor.py:840} INFO - DAG(s) 'example_python_decorator' retrieved from /home/airflow/.local/lib/python3.8/site-packages/airflow/example_dags/example_python_decorator.py
[2024-02-10T17:48:01.030+0000] {logging_mixin.py:188} INFO - [2024-02-10T17:48:01.030+0000] {dag.py:3036} INFO - Sync 1 DAGs
[2024-02-10T17:48:01.043+0000] {logging_mixin.py:188} INFO - [2024-02-10T17:48:01.043+0000] {dag.py:3823} INFO - Setting next_dagrun for example_python_decorator to None, run_after=None
[2024-02-10T17:48:01.084+0000] {processor.py:183} INFO - Processing /home/airflow/.local/lib/python3.8/site-packages/airflow/example_dags/example_python_decorator.py took 0.100 seconds
[2024-02-10T17:48:31.848+0000] {processor.py:161} INFO - Started process (PID=647) to work on /home/airflow/.local/lib/python3.8/site-packages/airflow/example_dags/example_python_decorator.py
[2024-02-10T17:48:31.848+0000] {processor.py:830} INFO - Processing file /home/airflow/.local/lib/python3.8/site-packages/airflow/example_dags/example_python_decorator.py for tasks to queue
[2024-02-10T17:48:31.850+0000] {logging_mixin.py:188} INFO - [2024-02-10T17:48:31.850+0000] {dagbag.py:538} INFO - Filling up the DagBag from /home/airflow/.local/lib/python3.8/site-packages/airflow/example_dags/example_python_decorator.py
[2024-02-10T17:48:31.865+0000] {processor.py:840} INFO - DAG(s) 'example_python_decorator' retrieved from /home/airflow/.local/lib/python3.8/site-packages/airflow/example_dags/example_python_decorator.py
[2024-02-10T17:48:31.891+0000] {logging_mixin.py:188} INFO - [2024-02-10T17:48:31.890+0000] {dag.py:3036} INFO - Sync 1 DAGs
[2024-02-10T17:48:31.907+0000] {logging_mixin.py:188} INFO - [2024-02-10T17:48:31.907+0000] {dag.py:3823} INFO - Setting next_dagrun for example_python_decorator to None, run_after=None
[2024-02-10T17:48:31.930+0000] {processor.py:183} INFO - Processing /home/airflow/.local/lib/python3.8/site-packages/airflow/example_dags/example_python_decorator.py took 0.086 seconds
[2024-02-10T17:49:02.302+0000] {processor.py:161} INFO - Started process (PID=702) to work on /home/airflow/.local/lib/python3.8/site-packages/airflow/example_dags/example_python_decorator.py
[2024-02-10T17:49:02.303+0000] {processor.py:830} INFO - Processing file /home/airflow/.local/lib/python3.8/site-packages/airflow/example_dags/example_python_decorator.py for tasks to queue
[2024-02-10T17:49:02.305+0000] {logging_mixin.py:188} INFO - [2024-02-10T17:49:02.304+0000] {dagbag.py:538} INFO - Filling up the DagBag from /home/airflow/.local/lib/python3.8/site-packages/airflow/example_dags/example_python_decorator.py
[2024-02-10T17:49:02.320+0000] {processor.py:840} INFO - DAG(s) 'example_python_decorator' retrieved from /home/airflow/.local/lib/python3.8/site-packages/airflow/example_dags/example_python_decorator.py
[2024-02-10T17:49:02.348+0000] {logging_mixin.py:188} INFO - [2024-02-10T17:49:02.348+0000] {dag.py:3036} INFO - Sync 1 DAGs
[2024-02-10T17:49:02.363+0000] {logging_mixin.py:188} INFO - [2024-02-10T17:49:02.362+0000] {dag.py:3823} INFO - Setting next_dagrun for example_python_decorator to None, run_after=None
[2024-02-10T17:49:02.388+0000] {processor.py:183} INFO - Processing /home/airflow/.local/lib/python3.8/site-packages/airflow/example_dags/example_python_decorator.py took 0.089 seconds
[2024-02-10T17:49:32.787+0000] {processor.py:161} INFO - Started process (PID=757) to work on /home/airflow/.local/lib/python3.8/site-packages/airflow/example_dags/example_python_decorator.py
[2024-02-10T17:49:32.788+0000] {processor.py:830} INFO - Processing file /home/airflow/.local/lib/python3.8/site-packages/airflow/example_dags/example_python_decorator.py for tasks to queue
[2024-02-10T17:49:32.790+0000] {logging_mixin.py:188} INFO - [2024-02-10T17:49:32.790+0000] {dagbag.py:538} INFO - Filling up the DagBag from /home/airflow/.local/lib/python3.8/site-packages/airflow/example_dags/example_python_decorator.py
[2024-02-10T17:49:32.805+0000] {processor.py:840} INFO - DAG(s) 'example_python_decorator' retrieved from /home/airflow/.local/lib/python3.8/site-packages/airflow/example_dags/example_python_decorator.py
[2024-02-10T17:49:32.831+0000] {logging_mixin.py:188} INFO - [2024-02-10T17:49:32.830+0000] {dag.py:3036} INFO - Sync 1 DAGs
[2024-02-10T17:49:32.845+0000] {logging_mixin.py:188} INFO - [2024-02-10T17:49:32.845+0000] {dag.py:3823} INFO - Setting next_dagrun for example_python_decorator to None, run_after=None
[2024-02-10T17:49:32.872+0000] {processor.py:183} INFO - Processing /home/airflow/.local/lib/python3.8/site-packages/airflow/example_dags/example_python_decorator.py took 0.088 seconds
[2024-02-10T17:50:02.913+0000] {processor.py:161} INFO - Started process (PID=812) to work on /home/airflow/.local/lib/python3.8/site-packages/airflow/example_dags/example_python_decorator.py
[2024-02-10T17:50:02.918+0000] {processor.py:830} INFO - Processing file /home/airflow/.local/lib/python3.8/site-packages/airflow/example_dags/example_python_decorator.py for tasks to queue
[2024-02-10T17:50:02.926+0000] {logging_mixin.py:188} INFO - [2024-02-10T17:50:02.926+0000] {dagbag.py:538} INFO - Filling up the DagBag from /home/airflow/.local/lib/python3.8/site-packages/airflow/example_dags/example_python_decorator.py
[2024-02-10T17:50:02.969+0000] {processor.py:840} INFO - DAG(s) 'example_python_decorator' retrieved from /home/airflow/.local/lib/python3.8/site-packages/airflow/example_dags/example_python_decorator.py
[2024-02-10T17:50:03.075+0000] {logging_mixin.py:188} INFO - [2024-02-10T17:50:03.075+0000] {dag.py:3036} INFO - Sync 1 DAGs
[2024-02-10T17:50:03.130+0000] {logging_mixin.py:188} INFO - [2024-02-10T17:50:03.130+0000] {dag.py:3823} INFO - Setting next_dagrun for example_python_decorator to None, run_after=None
[2024-02-10T17:50:03.257+0000] {processor.py:183} INFO - Processing /home/airflow/.local/lib/python3.8/site-packages/airflow/example_dags/example_python_decorator.py took 0.348 seconds
[2024-02-10T17:50:33.395+0000] {processor.py:161} INFO - Started process (PID=867) to work on /home/airflow/.local/lib/python3.8/site-packages/airflow/example_dags/example_python_decorator.py
[2024-02-10T17:50:33.396+0000] {processor.py:830} INFO - Processing file /home/airflow/.local/lib/python3.8/site-packages/airflow/example_dags/example_python_decorator.py for tasks to queue
[2024-02-10T17:50:33.398+0000] {logging_mixin.py:188} INFO - [2024-02-10T17:50:33.397+0000] {dagbag.py:538} INFO - Filling up the DagBag from /home/airflow/.local/lib/python3.8/site-packages/airflow/example_dags/example_python_decorator.py
[2024-02-10T17:50:33.417+0000] {processor.py:840} INFO - DAG(s) 'example_python_decorator' retrieved from /home/airflow/.local/lib/python3.8/site-packages/airflow/example_dags/example_python_decorator.py
[2024-02-10T17:50:33.441+0000] {logging_mixin.py:188} INFO - [2024-02-10T17:50:33.441+0000] {dag.py:3036} INFO - Sync 1 DAGs
[2024-02-10T17:50:33.454+0000] {logging_mixin.py:188} INFO - [2024-02-10T17:50:33.454+0000] {dag.py:3823} INFO - Setting next_dagrun for example_python_decorator to None, run_after=None
[2024-02-10T17:50:33.477+0000] {processor.py:183} INFO - Processing /home/airflow/.local/lib/python3.8/site-packages/airflow/example_dags/example_python_decorator.py took 0.085 seconds
[2024-02-10T17:51:03.886+0000] {processor.py:161} INFO - Started process (PID=922) to work on /home/airflow/.local/lib/python3.8/site-packages/airflow/example_dags/example_python_decorator.py
[2024-02-10T17:51:03.887+0000] {processor.py:830} INFO - Processing file /home/airflow/.local/lib/python3.8/site-packages/airflow/example_dags/example_python_decorator.py for tasks to queue
[2024-02-10T17:51:03.889+0000] {logging_mixin.py:188} INFO - [2024-02-10T17:51:03.889+0000] {dagbag.py:538} INFO - Filling up the DagBag from /home/airflow/.local/lib/python3.8/site-packages/airflow/example_dags/example_python_decorator.py
[2024-02-10T17:51:03.924+0000] {processor.py:840} INFO - DAG(s) 'example_python_decorator' retrieved from /home/airflow/.local/lib/python3.8/site-packages/airflow/example_dags/example_python_decorator.py
[2024-02-10T17:51:03.964+0000] {logging_mixin.py:188} INFO - [2024-02-10T17:51:03.963+0000] {dag.py:3036} INFO - Sync 1 DAGs
[2024-02-10T17:51:03.994+0000] {logging_mixin.py:188} INFO - [2024-02-10T17:51:03.994+0000] {dag.py:3823} INFO - Setting next_dagrun for example_python_decorator to None, run_after=None
[2024-02-10T17:51:04.034+0000] {processor.py:183} INFO - Processing /home/airflow/.local/lib/python3.8/site-packages/airflow/example_dags/example_python_decorator.py took 0.153 seconds
[2024-02-10T17:51:34.087+0000] {processor.py:161} INFO - Started process (PID=977) to work on /home/airflow/.local/lib/python3.8/site-packages/airflow/example_dags/example_python_decorator.py
[2024-02-10T17:51:34.088+0000] {processor.py:830} INFO - Processing file /home/airflow/.local/lib/python3.8/site-packages/airflow/example_dags/example_python_decorator.py for tasks to queue
[2024-02-10T17:51:34.090+0000] {logging_mixin.py:188} INFO - [2024-02-10T17:51:34.089+0000] {dagbag.py:538} INFO - Filling up the DagBag from /home/airflow/.local/lib/python3.8/site-packages/airflow/example_dags/example_python_decorator.py
[2024-02-10T17:51:34.102+0000] {processor.py:840} INFO - DAG(s) 'example_python_decorator' retrieved from /home/airflow/.local/lib/python3.8/site-packages/airflow/example_dags/example_python_decorator.py
[2024-02-10T17:51:34.122+0000] {logging_mixin.py:188} INFO - [2024-02-10T17:51:34.122+0000] {dag.py:3036} INFO - Sync 1 DAGs
[2024-02-10T17:51:34.132+0000] {logging_mixin.py:188} INFO - [2024-02-10T17:51:34.132+0000] {dag.py:3823} INFO - Setting next_dagrun for example_python_decorator to None, run_after=None
[2024-02-10T17:51:34.151+0000] {processor.py:183} INFO - Processing /home/airflow/.local/lib/python3.8/site-packages/airflow/example_dags/example_python_decorator.py took 0.066 seconds
[2024-02-10T17:52:04.430+0000] {processor.py:161} INFO - Started process (PID=1032) to work on /home/airflow/.local/lib/python3.8/site-packages/airflow/example_dags/example_python_decorator.py
[2024-02-10T17:52:04.431+0000] {processor.py:830} INFO - Processing file /home/airflow/.local/lib/python3.8/site-packages/airflow/example_dags/example_python_decorator.py for tasks to queue
[2024-02-10T17:52:04.433+0000] {logging_mixin.py:188} INFO - [2024-02-10T17:52:04.432+0000] {dagbag.py:538} INFO - Filling up the DagBag from /home/airflow/.local/lib/python3.8/site-packages/airflow/example_dags/example_python_decorator.py
[2024-02-10T17:52:04.448+0000] {processor.py:840} INFO - DAG(s) 'example_python_decorator' retrieved from /home/airflow/.local/lib/python3.8/site-packages/airflow/example_dags/example_python_decorator.py
[2024-02-10T17:52:04.479+0000] {logging_mixin.py:188} INFO - [2024-02-10T17:52:04.479+0000] {dag.py:3036} INFO - Sync 1 DAGs
[2024-02-10T17:52:04.494+0000] {logging_mixin.py:188} INFO - [2024-02-10T17:52:04.494+0000] {dag.py:3823} INFO - Setting next_dagrun for example_python_decorator to None, run_after=None
[2024-02-10T17:52:04.516+0000] {processor.py:183} INFO - Processing /home/airflow/.local/lib/python3.8/site-packages/airflow/example_dags/example_python_decorator.py took 0.090 seconds
[2024-02-10T17:52:34.730+0000] {processor.py:161} INFO - Started process (PID=1087) to work on /home/airflow/.local/lib/python3.8/site-packages/airflow/example_dags/example_python_decorator.py
[2024-02-10T17:52:34.731+0000] {processor.py:830} INFO - Processing file /home/airflow/.local/lib/python3.8/site-packages/airflow/example_dags/example_python_decorator.py for tasks to queue
[2024-02-10T17:52:34.732+0000] {logging_mixin.py:188} INFO - [2024-02-10T17:52:34.732+0000] {dagbag.py:538} INFO - Filling up the DagBag from /home/airflow/.local/lib/python3.8/site-packages/airflow/example_dags/example_python_decorator.py
[2024-02-10T17:52:34.747+0000] {processor.py:840} INFO - DAG(s) 'example_python_decorator' retrieved from /home/airflow/.local/lib/python3.8/site-packages/airflow/example_dags/example_python_decorator.py
[2024-02-10T17:52:34.773+0000] {logging_mixin.py:188} INFO - [2024-02-10T17:52:34.773+0000] {dag.py:3036} INFO - Sync 1 DAGs
[2024-02-10T17:52:34.787+0000] {logging_mixin.py:188} INFO - [2024-02-10T17:52:34.787+0000] {dag.py:3823} INFO - Setting next_dagrun for example_python_decorator to None, run_after=None
[2024-02-10T17:52:34.817+0000] {processor.py:183} INFO - Processing /home/airflow/.local/lib/python3.8/site-packages/airflow/example_dags/example_python_decorator.py took 0.090 seconds
[2024-02-10T17:53:04.963+0000] {processor.py:161} INFO - Started process (PID=1142) to work on /home/airflow/.local/lib/python3.8/site-packages/airflow/example_dags/example_python_decorator.py
[2024-02-10T17:53:04.964+0000] {processor.py:830} INFO - Processing file /home/airflow/.local/lib/python3.8/site-packages/airflow/example_dags/example_python_decorator.py for tasks to queue
[2024-02-10T17:53:04.965+0000] {logging_mixin.py:188} INFO - [2024-02-10T17:53:04.965+0000] {dagbag.py:538} INFO - Filling up the DagBag from /home/airflow/.local/lib/python3.8/site-packages/airflow/example_dags/example_python_decorator.py
[2024-02-10T17:53:04.981+0000] {processor.py:840} INFO - DAG(s) 'example_python_decorator' retrieved from /home/airflow/.local/lib/python3.8/site-packages/airflow/example_dags/example_python_decorator.py
[2024-02-10T17:53:05.011+0000] {logging_mixin.py:188} INFO - [2024-02-10T17:53:05.010+0000] {dag.py:3036} INFO - Sync 1 DAGs
[2024-02-10T17:53:05.024+0000] {logging_mixin.py:188} INFO - [2024-02-10T17:53:05.024+0000] {dag.py:3823} INFO - Setting next_dagrun for example_python_decorator to None, run_after=None
[2024-02-10T17:53:05.048+0000] {processor.py:183} INFO - Processing /home/airflow/.local/lib/python3.8/site-packages/airflow/example_dags/example_python_decorator.py took 0.088 seconds
[2024-02-10T17:53:35.431+0000] {processor.py:161} INFO - Started process (PID=1197) to work on /home/airflow/.local/lib/python3.8/site-packages/airflow/example_dags/example_python_decorator.py
[2024-02-10T17:53:35.432+0000] {processor.py:830} INFO - Processing file /home/airflow/.local/lib/python3.8/site-packages/airflow/example_dags/example_python_decorator.py for tasks to queue
[2024-02-10T17:53:35.434+0000] {logging_mixin.py:188} INFO - [2024-02-10T17:53:35.434+0000] {dagbag.py:538} INFO - Filling up the DagBag from /home/airflow/.local/lib/python3.8/site-packages/airflow/example_dags/example_python_decorator.py
[2024-02-10T17:53:35.449+0000] {processor.py:840} INFO - DAG(s) 'example_python_decorator' retrieved from /home/airflow/.local/lib/python3.8/site-packages/airflow/example_dags/example_python_decorator.py
[2024-02-10T17:53:35.475+0000] {logging_mixin.py:188} INFO - [2024-02-10T17:53:35.475+0000] {dag.py:3036} INFO - Sync 1 DAGs
[2024-02-10T17:53:35.489+0000] {logging_mixin.py:188} INFO - [2024-02-10T17:53:35.489+0000] {dag.py:3823} INFO - Setting next_dagrun for example_python_decorator to None, run_after=None
[2024-02-10T17:53:35.512+0000] {processor.py:183} INFO - Processing /home/airflow/.local/lib/python3.8/site-packages/airflow/example_dags/example_python_decorator.py took 0.084 seconds
[2024-02-10T17:54:05.599+0000] {processor.py:161} INFO - Started process (PID=1253) to work on /home/airflow/.local/lib/python3.8/site-packages/airflow/example_dags/example_python_decorator.py
[2024-02-10T17:54:05.599+0000] {processor.py:830} INFO - Processing file /home/airflow/.local/lib/python3.8/site-packages/airflow/example_dags/example_python_decorator.py for tasks to queue
[2024-02-10T17:54:05.601+0000] {logging_mixin.py:188} INFO - [2024-02-10T17:54:05.601+0000] {dagbag.py:538} INFO - Filling up the DagBag from /home/airflow/.local/lib/python3.8/site-packages/airflow/example_dags/example_python_decorator.py
[2024-02-10T17:54:05.616+0000] {processor.py:840} INFO - DAG(s) 'example_python_decorator' retrieved from /home/airflow/.local/lib/python3.8/site-packages/airflow/example_dags/example_python_decorator.py
[2024-02-10T17:54:05.642+0000] {logging_mixin.py:188} INFO - [2024-02-10T17:54:05.641+0000] {dag.py:3036} INFO - Sync 1 DAGs
[2024-02-10T17:54:05.656+0000] {logging_mixin.py:188} INFO - [2024-02-10T17:54:05.655+0000] {dag.py:3823} INFO - Setting next_dagrun for example_python_decorator to None, run_after=None
[2024-02-10T17:54:05.679+0000] {processor.py:183} INFO - Processing /home/airflow/.local/lib/python3.8/site-packages/airflow/example_dags/example_python_decorator.py took 0.083 seconds
[2024-02-10T17:54:35.937+0000] {processor.py:161} INFO - Started process (PID=1309) to work on /home/airflow/.local/lib/python3.8/site-packages/airflow/example_dags/example_python_decorator.py
[2024-02-10T17:54:35.942+0000] {processor.py:830} INFO - Processing file /home/airflow/.local/lib/python3.8/site-packages/airflow/example_dags/example_python_decorator.py for tasks to queue
[2024-02-10T17:54:35.948+0000] {logging_mixin.py:188} INFO - [2024-02-10T17:54:35.948+0000] {dagbag.py:538} INFO - Filling up the DagBag from /home/airflow/.local/lib/python3.8/site-packages/airflow/example_dags/example_python_decorator.py
[2024-02-10T17:54:35.981+0000] {processor.py:840} INFO - DAG(s) 'example_python_decorator' retrieved from /home/airflow/.local/lib/python3.8/site-packages/airflow/example_dags/example_python_decorator.py
[2024-02-10T17:54:36.039+0000] {logging_mixin.py:188} INFO - [2024-02-10T17:54:36.039+0000] {dag.py:3036} INFO - Sync 1 DAGs
[2024-02-10T17:54:36.064+0000] {logging_mixin.py:188} INFO - [2024-02-10T17:54:36.064+0000] {dag.py:3823} INFO - Setting next_dagrun for example_python_decorator to None, run_after=None
[2024-02-10T17:54:36.099+0000] {processor.py:183} INFO - Processing /home/airflow/.local/lib/python3.8/site-packages/airflow/example_dags/example_python_decorator.py took 0.165 seconds
[2024-02-10T17:55:06.343+0000] {processor.py:161} INFO - Started process (PID=1364) to work on /home/airflow/.local/lib/python3.8/site-packages/airflow/example_dags/example_python_decorator.py
[2024-02-10T17:55:06.347+0000] {processor.py:830} INFO - Processing file /home/airflow/.local/lib/python3.8/site-packages/airflow/example_dags/example_python_decorator.py for tasks to queue
[2024-02-10T17:55:06.353+0000] {logging_mixin.py:188} INFO - [2024-02-10T17:55:06.353+0000] {dagbag.py:538} INFO - Filling up the DagBag from /home/airflow/.local/lib/python3.8/site-packages/airflow/example_dags/example_python_decorator.py
[2024-02-10T17:55:06.378+0000] {processor.py:840} INFO - DAG(s) 'example_python_decorator' retrieved from /home/airflow/.local/lib/python3.8/site-packages/airflow/example_dags/example_python_decorator.py
[2024-02-10T17:55:06.406+0000] {logging_mixin.py:188} INFO - [2024-02-10T17:55:06.405+0000] {dag.py:3036} INFO - Sync 1 DAGs
[2024-02-10T17:55:06.421+0000] {logging_mixin.py:188} INFO - [2024-02-10T17:55:06.420+0000] {dag.py:3823} INFO - Setting next_dagrun for example_python_decorator to None, run_after=None
[2024-02-10T17:55:06.467+0000] {processor.py:183} INFO - Processing /home/airflow/.local/lib/python3.8/site-packages/airflow/example_dags/example_python_decorator.py took 0.132 seconds
[2024-02-10T17:55:36.622+0000] {processor.py:161} INFO - Started process (PID=1417) to work on /home/airflow/.local/lib/python3.8/site-packages/airflow/example_dags/example_python_decorator.py
[2024-02-10T17:55:36.623+0000] {processor.py:830} INFO - Processing file /home/airflow/.local/lib/python3.8/site-packages/airflow/example_dags/example_python_decorator.py for tasks to queue
[2024-02-10T17:55:36.624+0000] {logging_mixin.py:188} INFO - [2024-02-10T17:55:36.624+0000] {dagbag.py:538} INFO - Filling up the DagBag from /home/airflow/.local/lib/python3.8/site-packages/airflow/example_dags/example_python_decorator.py
[2024-02-10T17:55:36.642+0000] {processor.py:840} INFO - DAG(s) 'example_python_decorator' retrieved from /home/airflow/.local/lib/python3.8/site-packages/airflow/example_dags/example_python_decorator.py
[2024-02-10T17:55:36.668+0000] {logging_mixin.py:188} INFO - [2024-02-10T17:55:36.668+0000] {dag.py:3036} INFO - Sync 1 DAGs
[2024-02-10T17:55:36.682+0000] {logging_mixin.py:188} INFO - [2024-02-10T17:55:36.682+0000] {dag.py:3823} INFO - Setting next_dagrun for example_python_decorator to None, run_after=None
[2024-02-10T17:55:36.706+0000] {processor.py:183} INFO - Processing /home/airflow/.local/lib/python3.8/site-packages/airflow/example_dags/example_python_decorator.py took 0.087 seconds
[2024-02-10T17:56:07.047+0000] {processor.py:161} INFO - Started process (PID=1473) to work on /home/airflow/.local/lib/python3.8/site-packages/airflow/example_dags/example_python_decorator.py
[2024-02-10T17:56:07.048+0000] {processor.py:830} INFO - Processing file /home/airflow/.local/lib/python3.8/site-packages/airflow/example_dags/example_python_decorator.py for tasks to queue
[2024-02-10T17:56:07.050+0000] {logging_mixin.py:188} INFO - [2024-02-10T17:56:07.049+0000] {dagbag.py:538} INFO - Filling up the DagBag from /home/airflow/.local/lib/python3.8/site-packages/airflow/example_dags/example_python_decorator.py
[2024-02-10T17:56:07.065+0000] {processor.py:840} INFO - DAG(s) 'example_python_decorator' retrieved from /home/airflow/.local/lib/python3.8/site-packages/airflow/example_dags/example_python_decorator.py
[2024-02-10T17:56:07.091+0000] {logging_mixin.py:188} INFO - [2024-02-10T17:56:07.091+0000] {dag.py:3036} INFO - Sync 1 DAGs
[2024-02-10T17:56:07.106+0000] {logging_mixin.py:188} INFO - [2024-02-10T17:56:07.105+0000] {dag.py:3823} INFO - Setting next_dagrun for example_python_decorator to None, run_after=None
[2024-02-10T17:56:07.136+0000] {processor.py:183} INFO - Processing /home/airflow/.local/lib/python3.8/site-packages/airflow/example_dags/example_python_decorator.py took 0.092 seconds
[2024-02-10T17:56:37.709+0000] {processor.py:161} INFO - Started process (PID=1529) to work on /home/airflow/.local/lib/python3.8/site-packages/airflow/example_dags/example_python_decorator.py
[2024-02-10T17:56:37.710+0000] {processor.py:830} INFO - Processing file /home/airflow/.local/lib/python3.8/site-packages/airflow/example_dags/example_python_decorator.py for tasks to queue
[2024-02-10T17:56:37.711+0000] {logging_mixin.py:188} INFO - [2024-02-10T17:56:37.711+0000] {dagbag.py:538} INFO - Filling up the DagBag from /home/airflow/.local/lib/python3.8/site-packages/airflow/example_dags/example_python_decorator.py
[2024-02-10T17:56:37.728+0000] {processor.py:840} INFO - DAG(s) 'example_python_decorator' retrieved from /home/airflow/.local/lib/python3.8/site-packages/airflow/example_dags/example_python_decorator.py
[2024-02-10T17:56:37.755+0000] {logging_mixin.py:188} INFO - [2024-02-10T17:56:37.754+0000] {dag.py:3036} INFO - Sync 1 DAGs
[2024-02-10T17:56:37.769+0000] {logging_mixin.py:188} INFO - [2024-02-10T17:56:37.768+0000] {dag.py:3823} INFO - Setting next_dagrun for example_python_decorator to None, run_after=None
[2024-02-10T17:56:37.794+0000] {processor.py:183} INFO - Processing /home/airflow/.local/lib/python3.8/site-packages/airflow/example_dags/example_python_decorator.py took 0.088 seconds
[2024-02-10T17:57:08.275+0000] {processor.py:161} INFO - Started process (PID=1585) to work on /home/airflow/.local/lib/python3.8/site-packages/airflow/example_dags/example_python_decorator.py
[2024-02-10T17:57:08.277+0000] {processor.py:830} INFO - Processing file /home/airflow/.local/lib/python3.8/site-packages/airflow/example_dags/example_python_decorator.py for tasks to queue
[2024-02-10T17:57:08.280+0000] {logging_mixin.py:188} INFO - [2024-02-10T17:57:08.280+0000] {dagbag.py:538} INFO - Filling up the DagBag from /home/airflow/.local/lib/python3.8/site-packages/airflow/example_dags/example_python_decorator.py
[2024-02-10T17:57:08.296+0000] {processor.py:840} INFO - DAG(s) 'example_python_decorator' retrieved from /home/airflow/.local/lib/python3.8/site-packages/airflow/example_dags/example_python_decorator.py
[2024-02-10T17:57:08.321+0000] {logging_mixin.py:188} INFO - [2024-02-10T17:57:08.321+0000] {dag.py:3036} INFO - Sync 1 DAGs
[2024-02-10T17:57:08.334+0000] {logging_mixin.py:188} INFO - [2024-02-10T17:57:08.334+0000] {dag.py:3823} INFO - Setting next_dagrun for example_python_decorator to None, run_after=None
[2024-02-10T17:57:08.357+0000] {processor.py:183} INFO - Processing /home/airflow/.local/lib/python3.8/site-packages/airflow/example_dags/example_python_decorator.py took 0.085 seconds
[2024-02-10T17:57:38.658+0000] {processor.py:161} INFO - Started process (PID=1640) to work on /home/airflow/.local/lib/python3.8/site-packages/airflow/example_dags/example_python_decorator.py
[2024-02-10T17:57:38.659+0000] {processor.py:830} INFO - Processing file /home/airflow/.local/lib/python3.8/site-packages/airflow/example_dags/example_python_decorator.py for tasks to queue
[2024-02-10T17:57:38.661+0000] {logging_mixin.py:188} INFO - [2024-02-10T17:57:38.660+0000] {dagbag.py:538} INFO - Filling up the DagBag from /home/airflow/.local/lib/python3.8/site-packages/airflow/example_dags/example_python_decorator.py
[2024-02-10T17:57:38.677+0000] {processor.py:840} INFO - DAG(s) 'example_python_decorator' retrieved from /home/airflow/.local/lib/python3.8/site-packages/airflow/example_dags/example_python_decorator.py
[2024-02-10T17:57:38.709+0000] {logging_mixin.py:188} INFO - [2024-02-10T17:57:38.709+0000] {dag.py:3036} INFO - Sync 1 DAGs
[2024-02-10T17:57:38.724+0000] {logging_mixin.py:188} INFO - [2024-02-10T17:57:38.724+0000] {dag.py:3823} INFO - Setting next_dagrun for example_python_decorator to None, run_after=None
[2024-02-10T17:57:38.749+0000] {processor.py:183} INFO - Processing /home/airflow/.local/lib/python3.8/site-packages/airflow/example_dags/example_python_decorator.py took 0.093 seconds
[2024-02-10T17:58:09.274+0000] {processor.py:161} INFO - Started process (PID=1695) to work on /home/airflow/.local/lib/python3.8/site-packages/airflow/example_dags/example_python_decorator.py
[2024-02-10T17:58:09.275+0000] {processor.py:830} INFO - Processing file /home/airflow/.local/lib/python3.8/site-packages/airflow/example_dags/example_python_decorator.py for tasks to queue
[2024-02-10T17:58:09.277+0000] {logging_mixin.py:188} INFO - [2024-02-10T17:58:09.276+0000] {dagbag.py:538} INFO - Filling up the DagBag from /home/airflow/.local/lib/python3.8/site-packages/airflow/example_dags/example_python_decorator.py
[2024-02-10T17:58:09.293+0000] {processor.py:840} INFO - DAG(s) 'example_python_decorator' retrieved from /home/airflow/.local/lib/python3.8/site-packages/airflow/example_dags/example_python_decorator.py
[2024-02-10T17:58:09.318+0000] {logging_mixin.py:188} INFO - [2024-02-10T17:58:09.318+0000] {dag.py:3036} INFO - Sync 1 DAGs
[2024-02-10T17:58:09.333+0000] {logging_mixin.py:188} INFO - [2024-02-10T17:58:09.333+0000] {dag.py:3823} INFO - Setting next_dagrun for example_python_decorator to None, run_after=None
[2024-02-10T17:58:09.357+0000] {processor.py:183} INFO - Processing /home/airflow/.local/lib/python3.8/site-packages/airflow/example_dags/example_python_decorator.py took 0.086 seconds
[2024-02-10T17:58:39.621+0000] {processor.py:161} INFO - Started process (PID=1751) to work on /home/airflow/.local/lib/python3.8/site-packages/airflow/example_dags/example_python_decorator.py
[2024-02-10T17:58:39.621+0000] {processor.py:830} INFO - Processing file /home/airflow/.local/lib/python3.8/site-packages/airflow/example_dags/example_python_decorator.py for tasks to queue
[2024-02-10T17:58:39.623+0000] {logging_mixin.py:188} INFO - [2024-02-10T17:58:39.623+0000] {dagbag.py:538} INFO - Filling up the DagBag from /home/airflow/.local/lib/python3.8/site-packages/airflow/example_dags/example_python_decorator.py
[2024-02-10T17:58:39.638+0000] {processor.py:840} INFO - DAG(s) 'example_python_decorator' retrieved from /home/airflow/.local/lib/python3.8/site-packages/airflow/example_dags/example_python_decorator.py
[2024-02-10T17:58:39.664+0000] {logging_mixin.py:188} INFO - [2024-02-10T17:58:39.664+0000] {dag.py:3036} INFO - Sync 1 DAGs
[2024-02-10T17:58:39.678+0000] {logging_mixin.py:188} INFO - [2024-02-10T17:58:39.678+0000] {dag.py:3823} INFO - Setting next_dagrun for example_python_decorator to None, run_after=None
[2024-02-10T17:58:39.702+0000] {processor.py:183} INFO - Processing /home/airflow/.local/lib/python3.8/site-packages/airflow/example_dags/example_python_decorator.py took 0.085 seconds
[2024-02-10T17:59:10.598+0000] {processor.py:161} INFO - Started process (PID=1806) to work on /home/airflow/.local/lib/python3.8/site-packages/airflow/example_dags/example_python_decorator.py
[2024-02-10T17:59:10.599+0000] {processor.py:830} INFO - Processing file /home/airflow/.local/lib/python3.8/site-packages/airflow/example_dags/example_python_decorator.py for tasks to queue
[2024-02-10T17:59:10.600+0000] {logging_mixin.py:188} INFO - [2024-02-10T17:59:10.600+0000] {dagbag.py:538} INFO - Filling up the DagBag from /home/airflow/.local/lib/python3.8/site-packages/airflow/example_dags/example_python_decorator.py
[2024-02-10T17:59:10.616+0000] {processor.py:840} INFO - DAG(s) 'example_python_decorator' retrieved from /home/airflow/.local/lib/python3.8/site-packages/airflow/example_dags/example_python_decorator.py
[2024-02-10T17:59:10.641+0000] {logging_mixin.py:188} INFO - [2024-02-10T17:59:10.641+0000] {dag.py:3036} INFO - Sync 1 DAGs
[2024-02-10T17:59:10.655+0000] {logging_mixin.py:188} INFO - [2024-02-10T17:59:10.655+0000] {dag.py:3823} INFO - Setting next_dagrun for example_python_decorator to None, run_after=None
[2024-02-10T17:59:10.679+0000] {processor.py:183} INFO - Processing /home/airflow/.local/lib/python3.8/site-packages/airflow/example_dags/example_python_decorator.py took 0.084 seconds
[2024-02-10T17:59:41.104+0000] {processor.py:161} INFO - Started process (PID=1861) to work on /home/airflow/.local/lib/python3.8/site-packages/airflow/example_dags/example_python_decorator.py
[2024-02-10T17:59:41.105+0000] {processor.py:830} INFO - Processing file /home/airflow/.local/lib/python3.8/site-packages/airflow/example_dags/example_python_decorator.py for tasks to queue
[2024-02-10T17:59:41.107+0000] {logging_mixin.py:188} INFO - [2024-02-10T17:59:41.107+0000] {dagbag.py:538} INFO - Filling up the DagBag from /home/airflow/.local/lib/python3.8/site-packages/airflow/example_dags/example_python_decorator.py
[2024-02-10T17:59:41.122+0000] {processor.py:840} INFO - DAG(s) 'example_python_decorator' retrieved from /home/airflow/.local/lib/python3.8/site-packages/airflow/example_dags/example_python_decorator.py
[2024-02-10T17:59:41.148+0000] {logging_mixin.py:188} INFO - [2024-02-10T17:59:41.147+0000] {dag.py:3036} INFO - Sync 1 DAGs
[2024-02-10T17:59:41.161+0000] {logging_mixin.py:188} INFO - [2024-02-10T17:59:41.161+0000] {dag.py:3823} INFO - Setting next_dagrun for example_python_decorator to None, run_after=None
[2024-02-10T17:59:41.194+0000] {processor.py:183} INFO - Processing /home/airflow/.local/lib/python3.8/site-packages/airflow/example_dags/example_python_decorator.py took 0.092 seconds
[2024-02-10T18:00:12.055+0000] {processor.py:161} INFO - Started process (PID=1916) to work on /home/airflow/.local/lib/python3.8/site-packages/airflow/example_dags/example_python_decorator.py
[2024-02-10T18:00:12.055+0000] {processor.py:830} INFO - Processing file /home/airflow/.local/lib/python3.8/site-packages/airflow/example_dags/example_python_decorator.py for tasks to queue
[2024-02-10T18:00:12.057+0000] {logging_mixin.py:188} INFO - [2024-02-10T18:00:12.057+0000] {dagbag.py:538} INFO - Filling up the DagBag from /home/airflow/.local/lib/python3.8/site-packages/airflow/example_dags/example_python_decorator.py
[2024-02-10T18:00:12.093+0000] {processor.py:840} INFO - DAG(s) 'example_python_decorator' retrieved from /home/airflow/.local/lib/python3.8/site-packages/airflow/example_dags/example_python_decorator.py
[2024-02-10T18:00:12.147+0000] {logging_mixin.py:188} INFO - [2024-02-10T18:00:12.146+0000] {dag.py:3036} INFO - Sync 1 DAGs
[2024-02-10T18:00:12.164+0000] {logging_mixin.py:188} INFO - [2024-02-10T18:00:12.164+0000] {dag.py:3823} INFO - Setting next_dagrun for example_python_decorator to None, run_after=None
[2024-02-10T18:00:12.204+0000] {processor.py:183} INFO - Processing /home/airflow/.local/lib/python3.8/site-packages/airflow/example_dags/example_python_decorator.py took 0.153 seconds
[2024-02-10T18:00:42.738+0000] {processor.py:161} INFO - Started process (PID=1971) to work on /home/airflow/.local/lib/python3.8/site-packages/airflow/example_dags/example_python_decorator.py
[2024-02-10T18:00:42.739+0000] {processor.py:830} INFO - Processing file /home/airflow/.local/lib/python3.8/site-packages/airflow/example_dags/example_python_decorator.py for tasks to queue
[2024-02-10T18:00:42.740+0000] {logging_mixin.py:188} INFO - [2024-02-10T18:00:42.740+0000] {dagbag.py:538} INFO - Filling up the DagBag from /home/airflow/.local/lib/python3.8/site-packages/airflow/example_dags/example_python_decorator.py
[2024-02-10T18:00:42.756+0000] {processor.py:840} INFO - DAG(s) 'example_python_decorator' retrieved from /home/airflow/.local/lib/python3.8/site-packages/airflow/example_dags/example_python_decorator.py
[2024-02-10T18:00:42.782+0000] {logging_mixin.py:188} INFO - [2024-02-10T18:00:42.782+0000] {dag.py:3036} INFO - Sync 1 DAGs
[2024-02-10T18:00:42.796+0000] {logging_mixin.py:188} INFO - [2024-02-10T18:00:42.796+0000] {dag.py:3823} INFO - Setting next_dagrun for example_python_decorator to None, run_after=None
[2024-02-10T18:00:42.824+0000] {processor.py:183} INFO - Processing /home/airflow/.local/lib/python3.8/site-packages/airflow/example_dags/example_python_decorator.py took 0.090 seconds
[2024-02-10T18:01:12.915+0000] {processor.py:161} INFO - Started process (PID=2026) to work on /home/airflow/.local/lib/python3.8/site-packages/airflow/example_dags/example_python_decorator.py
[2024-02-10T18:01:12.916+0000] {processor.py:830} INFO - Processing file /home/airflow/.local/lib/python3.8/site-packages/airflow/example_dags/example_python_decorator.py for tasks to queue
[2024-02-10T18:01:12.918+0000] {logging_mixin.py:188} INFO - [2024-02-10T18:01:12.917+0000] {dagbag.py:538} INFO - Filling up the DagBag from /home/airflow/.local/lib/python3.8/site-packages/airflow/example_dags/example_python_decorator.py
[2024-02-10T18:01:12.933+0000] {processor.py:840} INFO - DAG(s) 'example_python_decorator' retrieved from /home/airflow/.local/lib/python3.8/site-packages/airflow/example_dags/example_python_decorator.py
[2024-02-10T18:01:12.959+0000] {logging_mixin.py:188} INFO - [2024-02-10T18:01:12.958+0000] {dag.py:3036} INFO - Sync 1 DAGs
[2024-02-10T18:01:12.973+0000] {logging_mixin.py:188} INFO - [2024-02-10T18:01:12.973+0000] {dag.py:3823} INFO - Setting next_dagrun for example_python_decorator to None, run_after=None
[2024-02-10T18:01:12.997+0000] {processor.py:183} INFO - Processing /home/airflow/.local/lib/python3.8/site-packages/airflow/example_dags/example_python_decorator.py took 0.085 seconds
[2024-02-10T18:01:43.526+0000] {processor.py:161} INFO - Started process (PID=2081) to work on /home/airflow/.local/lib/python3.8/site-packages/airflow/example_dags/example_python_decorator.py
[2024-02-10T18:01:43.527+0000] {processor.py:830} INFO - Processing file /home/airflow/.local/lib/python3.8/site-packages/airflow/example_dags/example_python_decorator.py for tasks to queue
[2024-02-10T18:01:43.529+0000] {logging_mixin.py:188} INFO - [2024-02-10T18:01:43.528+0000] {dagbag.py:538} INFO - Filling up the DagBag from /home/airflow/.local/lib/python3.8/site-packages/airflow/example_dags/example_python_decorator.py
[2024-02-10T18:01:43.544+0000] {processor.py:840} INFO - DAG(s) 'example_python_decorator' retrieved from /home/airflow/.local/lib/python3.8/site-packages/airflow/example_dags/example_python_decorator.py
[2024-02-10T18:01:43.571+0000] {logging_mixin.py:188} INFO - [2024-02-10T18:01:43.570+0000] {dag.py:3036} INFO - Sync 1 DAGs
[2024-02-10T18:01:43.586+0000] {logging_mixin.py:188} INFO - [2024-02-10T18:01:43.585+0000] {dag.py:3823} INFO - Setting next_dagrun for example_python_decorator to None, run_after=None
[2024-02-10T18:01:43.611+0000] {processor.py:183} INFO - Processing /home/airflow/.local/lib/python3.8/site-packages/airflow/example_dags/example_python_decorator.py took 0.088 seconds
[2024-02-10T18:02:13.968+0000] {processor.py:161} INFO - Started process (PID=2136) to work on /home/airflow/.local/lib/python3.8/site-packages/airflow/example_dags/example_python_decorator.py
[2024-02-10T18:02:13.979+0000] {processor.py:830} INFO - Processing file /home/airflow/.local/lib/python3.8/site-packages/airflow/example_dags/example_python_decorator.py for tasks to queue
[2024-02-10T18:02:13.982+0000] {logging_mixin.py:188} INFO - [2024-02-10T18:02:13.982+0000] {dagbag.py:538} INFO - Filling up the DagBag from /home/airflow/.local/lib/python3.8/site-packages/airflow/example_dags/example_python_decorator.py
[2024-02-10T18:02:14.018+0000] {processor.py:840} INFO - DAG(s) 'example_python_decorator' retrieved from /home/airflow/.local/lib/python3.8/site-packages/airflow/example_dags/example_python_decorator.py
[2024-02-10T18:02:14.061+0000] {logging_mixin.py:188} INFO - [2024-02-10T18:02:14.061+0000] {dag.py:3036} INFO - Sync 1 DAGs
[2024-02-10T18:02:14.076+0000] {logging_mixin.py:188} INFO - [2024-02-10T18:02:14.076+0000] {dag.py:3823} INFO - Setting next_dagrun for example_python_decorator to None, run_after=None
[2024-02-10T18:02:14.109+0000] {processor.py:183} INFO - Processing /home/airflow/.local/lib/python3.8/site-packages/airflow/example_dags/example_python_decorator.py took 0.145 seconds
[2024-02-10T18:02:44.968+0000] {processor.py:161} INFO - Started process (PID=2191) to work on /home/airflow/.local/lib/python3.8/site-packages/airflow/example_dags/example_python_decorator.py
[2024-02-10T18:02:44.969+0000] {processor.py:830} INFO - Processing file /home/airflow/.local/lib/python3.8/site-packages/airflow/example_dags/example_python_decorator.py for tasks to queue
[2024-02-10T18:02:44.970+0000] {logging_mixin.py:188} INFO - [2024-02-10T18:02:44.970+0000] {dagbag.py:538} INFO - Filling up the DagBag from /home/airflow/.local/lib/python3.8/site-packages/airflow/example_dags/example_python_decorator.py
[2024-02-10T18:02:44.987+0000] {processor.py:840} INFO - DAG(s) 'example_python_decorator' retrieved from /home/airflow/.local/lib/python3.8/site-packages/airflow/example_dags/example_python_decorator.py
[2024-02-10T18:02:45.013+0000] {logging_mixin.py:188} INFO - [2024-02-10T18:02:45.013+0000] {dag.py:3036} INFO - Sync 1 DAGs
[2024-02-10T18:02:45.027+0000] {logging_mixin.py:188} INFO - [2024-02-10T18:02:45.027+0000] {dag.py:3823} INFO - Setting next_dagrun for example_python_decorator to None, run_after=None
[2024-02-10T18:02:45.052+0000] {processor.py:183} INFO - Processing /home/airflow/.local/lib/python3.8/site-packages/airflow/example_dags/example_python_decorator.py took 0.088 seconds
[2024-02-10T18:03:15.501+0000] {processor.py:161} INFO - Started process (PID=2247) to work on /home/airflow/.local/lib/python3.8/site-packages/airflow/example_dags/example_python_decorator.py
[2024-02-10T18:03:15.517+0000] {processor.py:830} INFO - Processing file /home/airflow/.local/lib/python3.8/site-packages/airflow/example_dags/example_python_decorator.py for tasks to queue
[2024-02-10T18:03:15.522+0000] {logging_mixin.py:188} INFO - [2024-02-10T18:03:15.522+0000] {dagbag.py:538} INFO - Filling up the DagBag from /home/airflow/.local/lib/python3.8/site-packages/airflow/example_dags/example_python_decorator.py
[2024-02-10T18:03:15.556+0000] {processor.py:840} INFO - DAG(s) 'example_python_decorator' retrieved from /home/airflow/.local/lib/python3.8/site-packages/airflow/example_dags/example_python_decorator.py
[2024-02-10T18:03:15.602+0000] {logging_mixin.py:188} INFO - [2024-02-10T18:03:15.602+0000] {dag.py:3036} INFO - Sync 1 DAGs
[2024-02-10T18:03:15.634+0000] {logging_mixin.py:188} INFO - [2024-02-10T18:03:15.634+0000] {dag.py:3823} INFO - Setting next_dagrun for example_python_decorator to None, run_after=None
[2024-02-10T18:03:15.669+0000] {processor.py:183} INFO - Processing /home/airflow/.local/lib/python3.8/site-packages/airflow/example_dags/example_python_decorator.py took 0.171 seconds
[2024-02-10T18:03:45.958+0000] {processor.py:161} INFO - Started process (PID=2302) to work on /home/airflow/.local/lib/python3.8/site-packages/airflow/example_dags/example_python_decorator.py
[2024-02-10T18:03:45.959+0000] {processor.py:830} INFO - Processing file /home/airflow/.local/lib/python3.8/site-packages/airflow/example_dags/example_python_decorator.py for tasks to queue
[2024-02-10T18:03:45.961+0000] {logging_mixin.py:188} INFO - [2024-02-10T18:03:45.961+0000] {dagbag.py:538} INFO - Filling up the DagBag from /home/airflow/.local/lib/python3.8/site-packages/airflow/example_dags/example_python_decorator.py
[2024-02-10T18:03:45.976+0000] {processor.py:840} INFO - DAG(s) 'example_python_decorator' retrieved from /home/airflow/.local/lib/python3.8/site-packages/airflow/example_dags/example_python_decorator.py
[2024-02-10T18:03:46.030+0000] {logging_mixin.py:188} INFO - [2024-02-10T18:03:46.030+0000] {dag.py:3036} INFO - Sync 1 DAGs
[2024-02-10T18:03:46.068+0000] {logging_mixin.py:188} INFO - [2024-02-10T18:03:46.068+0000] {dag.py:3823} INFO - Setting next_dagrun for example_python_decorator to None, run_after=None
[2024-02-10T18:03:46.102+0000] {processor.py:183} INFO - Processing /home/airflow/.local/lib/python3.8/site-packages/airflow/example_dags/example_python_decorator.py took 0.147 seconds
[2024-02-10T18:04:16.194+0000] {processor.py:161} INFO - Started process (PID=2358) to work on /home/airflow/.local/lib/python3.8/site-packages/airflow/example_dags/example_python_decorator.py
[2024-02-10T18:04:16.195+0000] {processor.py:830} INFO - Processing file /home/airflow/.local/lib/python3.8/site-packages/airflow/example_dags/example_python_decorator.py for tasks to queue
[2024-02-10T18:04:16.197+0000] {logging_mixin.py:188} INFO - [2024-02-10T18:04:16.197+0000] {dagbag.py:538} INFO - Filling up the DagBag from /home/airflow/.local/lib/python3.8/site-packages/airflow/example_dags/example_python_decorator.py
[2024-02-10T18:04:16.212+0000] {processor.py:840} INFO - DAG(s) 'example_python_decorator' retrieved from /home/airflow/.local/lib/python3.8/site-packages/airflow/example_dags/example_python_decorator.py
[2024-02-10T18:04:16.238+0000] {logging_mixin.py:188} INFO - [2024-02-10T18:04:16.238+0000] {dag.py:3036} INFO - Sync 1 DAGs
[2024-02-10T18:04:16.252+0000] {logging_mixin.py:188} INFO - [2024-02-10T18:04:16.252+0000] {dag.py:3823} INFO - Setting next_dagrun for example_python_decorator to None, run_after=None
[2024-02-10T18:04:16.276+0000] {processor.py:183} INFO - Processing /home/airflow/.local/lib/python3.8/site-packages/airflow/example_dags/example_python_decorator.py took 0.085 seconds
[2024-02-10T18:04:46.847+0000] {processor.py:161} INFO - Started process (PID=2413) to work on /home/airflow/.local/lib/python3.8/site-packages/airflow/example_dags/example_python_decorator.py
[2024-02-10T18:04:46.848+0000] {processor.py:830} INFO - Processing file /home/airflow/.local/lib/python3.8/site-packages/airflow/example_dags/example_python_decorator.py for tasks to queue
[2024-02-10T18:04:46.850+0000] {logging_mixin.py:188} INFO - [2024-02-10T18:04:46.850+0000] {dagbag.py:538} INFO - Filling up the DagBag from /home/airflow/.local/lib/python3.8/site-packages/airflow/example_dags/example_python_decorator.py
[2024-02-10T18:04:46.878+0000] {processor.py:840} INFO - DAG(s) 'example_python_decorator' retrieved from /home/airflow/.local/lib/python3.8/site-packages/airflow/example_dags/example_python_decorator.py
[2024-02-10T18:04:46.916+0000] {logging_mixin.py:188} INFO - [2024-02-10T18:04:46.916+0000] {dag.py:3036} INFO - Sync 1 DAGs
[2024-02-10T18:04:46.936+0000] {logging_mixin.py:188} INFO - [2024-02-10T18:04:46.936+0000] {dag.py:3823} INFO - Setting next_dagrun for example_python_decorator to None, run_after=None
[2024-02-10T18:04:46.967+0000] {processor.py:183} INFO - Processing /home/airflow/.local/lib/python3.8/site-packages/airflow/example_dags/example_python_decorator.py took 0.127 seconds
[2024-02-10T18:05:17.673+0000] {processor.py:161} INFO - Started process (PID=2468) to work on /home/airflow/.local/lib/python3.8/site-packages/airflow/example_dags/example_python_decorator.py
[2024-02-10T18:05:17.677+0000] {processor.py:830} INFO - Processing file /home/airflow/.local/lib/python3.8/site-packages/airflow/example_dags/example_python_decorator.py for tasks to queue
[2024-02-10T18:05:17.685+0000] {logging_mixin.py:188} INFO - [2024-02-10T18:05:17.684+0000] {dagbag.py:538} INFO - Filling up the DagBag from /home/airflow/.local/lib/python3.8/site-packages/airflow/example_dags/example_python_decorator.py
[2024-02-10T18:05:17.736+0000] {processor.py:840} INFO - DAG(s) 'example_python_decorator' retrieved from /home/airflow/.local/lib/python3.8/site-packages/airflow/example_dags/example_python_decorator.py
[2024-02-10T18:05:17.783+0000] {logging_mixin.py:188} INFO - [2024-02-10T18:05:17.782+0000] {dag.py:3036} INFO - Sync 1 DAGs
[2024-02-10T18:05:17.802+0000] {logging_mixin.py:188} INFO - [2024-02-10T18:05:17.801+0000] {dag.py:3823} INFO - Setting next_dagrun for example_python_decorator to None, run_after=None
[2024-02-10T18:05:17.828+0000] {processor.py:183} INFO - Processing /home/airflow/.local/lib/python3.8/site-packages/airflow/example_dags/example_python_decorator.py took 0.159 seconds
[2024-02-10T18:05:48.843+0000] {processor.py:161} INFO - Started process (PID=2522) to work on /home/airflow/.local/lib/python3.8/site-packages/airflow/example_dags/example_python_decorator.py
[2024-02-10T18:05:48.844+0000] {processor.py:830} INFO - Processing file /home/airflow/.local/lib/python3.8/site-packages/airflow/example_dags/example_python_decorator.py for tasks to queue
[2024-02-10T18:05:48.845+0000] {logging_mixin.py:188} INFO - [2024-02-10T18:05:48.845+0000] {dagbag.py:538} INFO - Filling up the DagBag from /home/airflow/.local/lib/python3.8/site-packages/airflow/example_dags/example_python_decorator.py
[2024-02-10T18:05:48.861+0000] {processor.py:840} INFO - DAG(s) 'example_python_decorator' retrieved from /home/airflow/.local/lib/python3.8/site-packages/airflow/example_dags/example_python_decorator.py
[2024-02-10T18:05:48.886+0000] {logging_mixin.py:188} INFO - [2024-02-10T18:05:48.886+0000] {dag.py:3036} INFO - Sync 1 DAGs
[2024-02-10T18:05:49.061+0000] {logging_mixin.py:188} INFO - [2024-02-10T18:05:49.061+0000] {dag.py:3823} INFO - Setting next_dagrun for example_python_decorator to None, run_after=None
[2024-02-10T18:05:49.088+0000] {processor.py:183} INFO - Processing /home/airflow/.local/lib/python3.8/site-packages/airflow/example_dags/example_python_decorator.py took 0.248 seconds
[2024-02-10T18:06:19.205+0000] {processor.py:161} INFO - Started process (PID=2578) to work on /home/airflow/.local/lib/python3.8/site-packages/airflow/example_dags/example_python_decorator.py
[2024-02-10T18:06:19.209+0000] {processor.py:830} INFO - Processing file /home/airflow/.local/lib/python3.8/site-packages/airflow/example_dags/example_python_decorator.py for tasks to queue
[2024-02-10T18:06:19.211+0000] {logging_mixin.py:188} INFO - [2024-02-10T18:06:19.211+0000] {dagbag.py:538} INFO - Filling up the DagBag from /home/airflow/.local/lib/python3.8/site-packages/airflow/example_dags/example_python_decorator.py
[2024-02-10T18:06:19.246+0000] {processor.py:840} INFO - DAG(s) 'example_python_decorator' retrieved from /home/airflow/.local/lib/python3.8/site-packages/airflow/example_dags/example_python_decorator.py
[2024-02-10T18:06:19.298+0000] {logging_mixin.py:188} INFO - [2024-02-10T18:06:19.298+0000] {dag.py:3036} INFO - Sync 1 DAGs
[2024-02-10T18:06:19.328+0000] {logging_mixin.py:188} INFO - [2024-02-10T18:06:19.328+0000] {dag.py:3823} INFO - Setting next_dagrun for example_python_decorator to None, run_after=None
[2024-02-10T18:06:19.378+0000] {processor.py:183} INFO - Processing /home/airflow/.local/lib/python3.8/site-packages/airflow/example_dags/example_python_decorator.py took 0.176 seconds
[2024-02-10T18:06:50.057+0000] {processor.py:161} INFO - Started process (PID=2633) to work on /home/airflow/.local/lib/python3.8/site-packages/airflow/example_dags/example_python_decorator.py
[2024-02-10T18:06:50.058+0000] {processor.py:830} INFO - Processing file /home/airflow/.local/lib/python3.8/site-packages/airflow/example_dags/example_python_decorator.py for tasks to queue
[2024-02-10T18:06:50.060+0000] {logging_mixin.py:188} INFO - [2024-02-10T18:06:50.060+0000] {dagbag.py:538} INFO - Filling up the DagBag from /home/airflow/.local/lib/python3.8/site-packages/airflow/example_dags/example_python_decorator.py
[2024-02-10T18:06:50.075+0000] {processor.py:840} INFO - DAG(s) 'example_python_decorator' retrieved from /home/airflow/.local/lib/python3.8/site-packages/airflow/example_dags/example_python_decorator.py
[2024-02-10T18:06:50.101+0000] {logging_mixin.py:188} INFO - [2024-02-10T18:06:50.100+0000] {dag.py:3036} INFO - Sync 1 DAGs
[2024-02-10T18:06:50.114+0000] {logging_mixin.py:188} INFO - [2024-02-10T18:06:50.114+0000] {dag.py:3823} INFO - Setting next_dagrun for example_python_decorator to None, run_after=None
[2024-02-10T18:06:50.138+0000] {processor.py:183} INFO - Processing /home/airflow/.local/lib/python3.8/site-packages/airflow/example_dags/example_python_decorator.py took 0.084 seconds
[2024-02-10T18:07:20.922+0000] {processor.py:161} INFO - Started process (PID=2688) to work on /home/airflow/.local/lib/python3.8/site-packages/airflow/example_dags/example_python_decorator.py
[2024-02-10T18:07:20.922+0000] {processor.py:830} INFO - Processing file /home/airflow/.local/lib/python3.8/site-packages/airflow/example_dags/example_python_decorator.py for tasks to queue
[2024-02-10T18:07:20.924+0000] {logging_mixin.py:188} INFO - [2024-02-10T18:07:20.924+0000] {dagbag.py:538} INFO - Filling up the DagBag from /home/airflow/.local/lib/python3.8/site-packages/airflow/example_dags/example_python_decorator.py
[2024-02-10T18:07:20.939+0000] {processor.py:840} INFO - DAG(s) 'example_python_decorator' retrieved from /home/airflow/.local/lib/python3.8/site-packages/airflow/example_dags/example_python_decorator.py
[2024-02-10T18:07:20.965+0000] {logging_mixin.py:188} INFO - [2024-02-10T18:07:20.965+0000] {dag.py:3036} INFO - Sync 1 DAGs
[2024-02-10T18:07:20.979+0000] {logging_mixin.py:188} INFO - [2024-02-10T18:07:20.979+0000] {dag.py:3823} INFO - Setting next_dagrun for example_python_decorator to None, run_after=None
[2024-02-10T18:07:21.004+0000] {processor.py:183} INFO - Processing /home/airflow/.local/lib/python3.8/site-packages/airflow/example_dags/example_python_decorator.py took 0.087 seconds
[2024-02-10T18:07:51.573+0000] {processor.py:161} INFO - Started process (PID=2748) to work on /home/airflow/.local/lib/python3.8/site-packages/airflow/example_dags/example_python_decorator.py
[2024-02-10T18:07:51.574+0000] {processor.py:830} INFO - Processing file /home/airflow/.local/lib/python3.8/site-packages/airflow/example_dags/example_python_decorator.py for tasks to queue
[2024-02-10T18:07:51.576+0000] {logging_mixin.py:188} INFO - [2024-02-10T18:07:51.576+0000] {dagbag.py:538} INFO - Filling up the DagBag from /home/airflow/.local/lib/python3.8/site-packages/airflow/example_dags/example_python_decorator.py
[2024-02-10T18:07:51.596+0000] {processor.py:840} INFO - DAG(s) 'example_python_decorator' retrieved from /home/airflow/.local/lib/python3.8/site-packages/airflow/example_dags/example_python_decorator.py
[2024-02-10T18:07:51.619+0000] {logging_mixin.py:188} INFO - [2024-02-10T18:07:51.619+0000] {dag.py:3036} INFO - Sync 1 DAGs
[2024-02-10T18:07:51.632+0000] {logging_mixin.py:188} INFO - [2024-02-10T18:07:51.632+0000] {dag.py:3823} INFO - Setting next_dagrun for example_python_decorator to None, run_after=None
[2024-02-10T18:07:51.655+0000] {processor.py:183} INFO - Processing /home/airflow/.local/lib/python3.8/site-packages/airflow/example_dags/example_python_decorator.py took 0.085 seconds
[2024-02-10T18:08:21.883+0000] {processor.py:161} INFO - Started process (PID=2804) to work on /home/airflow/.local/lib/python3.8/site-packages/airflow/example_dags/example_python_decorator.py
[2024-02-10T18:08:21.883+0000] {processor.py:830} INFO - Processing file /home/airflow/.local/lib/python3.8/site-packages/airflow/example_dags/example_python_decorator.py for tasks to queue
[2024-02-10T18:08:21.887+0000] {logging_mixin.py:188} INFO - [2024-02-10T18:08:21.886+0000] {dagbag.py:538} INFO - Filling up the DagBag from /home/airflow/.local/lib/python3.8/site-packages/airflow/example_dags/example_python_decorator.py
[2024-02-10T18:08:21.902+0000] {processor.py:840} INFO - DAG(s) 'example_python_decorator' retrieved from /home/airflow/.local/lib/python3.8/site-packages/airflow/example_dags/example_python_decorator.py
[2024-02-10T18:08:21.928+0000] {logging_mixin.py:188} INFO - [2024-02-10T18:08:21.928+0000] {dag.py:3036} INFO - Sync 1 DAGs
[2024-02-10T18:08:21.942+0000] {logging_mixin.py:188} INFO - [2024-02-10T18:08:21.942+0000] {dag.py:3823} INFO - Setting next_dagrun for example_python_decorator to None, run_after=None
[2024-02-10T18:08:21.966+0000] {processor.py:183} INFO - Processing /home/airflow/.local/lib/python3.8/site-packages/airflow/example_dags/example_python_decorator.py took 0.087 seconds
[2024-02-10T18:08:52.354+0000] {processor.py:161} INFO - Started process (PID=2860) to work on /home/airflow/.local/lib/python3.8/site-packages/airflow/example_dags/example_python_decorator.py
[2024-02-10T18:08:52.359+0000] {processor.py:830} INFO - Processing file /home/airflow/.local/lib/python3.8/site-packages/airflow/example_dags/example_python_decorator.py for tasks to queue
[2024-02-10T18:08:52.361+0000] {logging_mixin.py:188} INFO - [2024-02-10T18:08:52.360+0000] {dagbag.py:538} INFO - Filling up the DagBag from /home/airflow/.local/lib/python3.8/site-packages/airflow/example_dags/example_python_decorator.py
[2024-02-10T18:08:52.413+0000] {processor.py:840} INFO - DAG(s) 'example_python_decorator' retrieved from /home/airflow/.local/lib/python3.8/site-packages/airflow/example_dags/example_python_decorator.py
[2024-02-10T18:08:52.475+0000] {logging_mixin.py:188} INFO - [2024-02-10T18:08:52.474+0000] {dag.py:3036} INFO - Sync 1 DAGs
[2024-02-10T18:08:52.508+0000] {logging_mixin.py:188} INFO - [2024-02-10T18:08:52.508+0000] {dag.py:3823} INFO - Setting next_dagrun for example_python_decorator to None, run_after=None
[2024-02-10T18:08:52.600+0000] {processor.py:183} INFO - Processing /home/airflow/.local/lib/python3.8/site-packages/airflow/example_dags/example_python_decorator.py took 0.250 seconds
[2024-02-10T18:09:22.677+0000] {processor.py:161} INFO - Started process (PID=2916) to work on /home/airflow/.local/lib/python3.8/site-packages/airflow/example_dags/example_python_decorator.py
[2024-02-10T18:09:22.677+0000] {processor.py:830} INFO - Processing file /home/airflow/.local/lib/python3.8/site-packages/airflow/example_dags/example_python_decorator.py for tasks to queue
[2024-02-10T18:09:22.679+0000] {logging_mixin.py:188} INFO - [2024-02-10T18:09:22.679+0000] {dagbag.py:538} INFO - Filling up the DagBag from /home/airflow/.local/lib/python3.8/site-packages/airflow/example_dags/example_python_decorator.py
[2024-02-10T18:09:22.694+0000] {processor.py:840} INFO - DAG(s) 'example_python_decorator' retrieved from /home/airflow/.local/lib/python3.8/site-packages/airflow/example_dags/example_python_decorator.py
[2024-02-10T18:09:22.725+0000] {logging_mixin.py:188} INFO - [2024-02-10T18:09:22.725+0000] {dag.py:3036} INFO - Sync 1 DAGs
[2024-02-10T18:09:22.749+0000] {logging_mixin.py:188} INFO - [2024-02-10T18:09:22.748+0000] {dag.py:3823} INFO - Setting next_dagrun for example_python_decorator to None, run_after=None
[2024-02-10T18:09:22.784+0000] {processor.py:183} INFO - Processing /home/airflow/.local/lib/python3.8/site-packages/airflow/example_dags/example_python_decorator.py took 0.111 seconds
[2024-02-10T18:09:52.951+0000] {processor.py:161} INFO - Started process (PID=2971) to work on /home/airflow/.local/lib/python3.8/site-packages/airflow/example_dags/example_python_decorator.py
[2024-02-10T18:09:52.955+0000] {processor.py:830} INFO - Processing file /home/airflow/.local/lib/python3.8/site-packages/airflow/example_dags/example_python_decorator.py for tasks to queue
[2024-02-10T18:09:52.956+0000] {logging_mixin.py:188} INFO - [2024-02-10T18:09:52.956+0000] {dagbag.py:538} INFO - Filling up the DagBag from /home/airflow/.local/lib/python3.8/site-packages/airflow/example_dags/example_python_decorator.py
[2024-02-10T18:09:53.006+0000] {processor.py:840} INFO - DAG(s) 'example_python_decorator' retrieved from /home/airflow/.local/lib/python3.8/site-packages/airflow/example_dags/example_python_decorator.py
[2024-02-10T18:09:53.077+0000] {logging_mixin.py:188} INFO - [2024-02-10T18:09:53.077+0000] {dag.py:3036} INFO - Sync 1 DAGs
[2024-02-10T18:09:53.115+0000] {logging_mixin.py:188} INFO - [2024-02-10T18:09:53.115+0000] {dag.py:3823} INFO - Setting next_dagrun for example_python_decorator to None, run_after=None
[2024-02-10T18:09:53.196+0000] {processor.py:183} INFO - Processing /home/airflow/.local/lib/python3.8/site-packages/airflow/example_dags/example_python_decorator.py took 0.255 seconds
[2024-02-10T18:10:23.479+0000] {processor.py:161} INFO - Started process (PID=3025) to work on /home/airflow/.local/lib/python3.8/site-packages/airflow/example_dags/example_python_decorator.py
[2024-02-10T18:10:23.479+0000] {processor.py:830} INFO - Processing file /home/airflow/.local/lib/python3.8/site-packages/airflow/example_dags/example_python_decorator.py for tasks to queue
[2024-02-10T18:10:23.481+0000] {logging_mixin.py:188} INFO - [2024-02-10T18:10:23.481+0000] {dagbag.py:538} INFO - Filling up the DagBag from /home/airflow/.local/lib/python3.8/site-packages/airflow/example_dags/example_python_decorator.py
[2024-02-10T18:10:23.497+0000] {processor.py:840} INFO - DAG(s) 'example_python_decorator' retrieved from /home/airflow/.local/lib/python3.8/site-packages/airflow/example_dags/example_python_decorator.py
[2024-02-10T18:10:23.524+0000] {logging_mixin.py:188} INFO - [2024-02-10T18:10:23.524+0000] {dag.py:3036} INFO - Sync 1 DAGs
[2024-02-10T18:10:23.537+0000] {logging_mixin.py:188} INFO - [2024-02-10T18:10:23.537+0000] {dag.py:3823} INFO - Setting next_dagrun for example_python_decorator to None, run_after=None
[2024-02-10T18:10:23.561+0000] {processor.py:183} INFO - Processing /home/airflow/.local/lib/python3.8/site-packages/airflow/example_dags/example_python_decorator.py took 0.085 seconds
[2024-02-10T18:10:53.797+0000] {processor.py:161} INFO - Started process (PID=3079) to work on /home/airflow/.local/lib/python3.8/site-packages/airflow/example_dags/example_python_decorator.py
[2024-02-10T18:10:53.798+0000] {processor.py:830} INFO - Processing file /home/airflow/.local/lib/python3.8/site-packages/airflow/example_dags/example_python_decorator.py for tasks to queue
[2024-02-10T18:10:53.800+0000] {logging_mixin.py:188} INFO - [2024-02-10T18:10:53.800+0000] {dagbag.py:538} INFO - Filling up the DagBag from /home/airflow/.local/lib/python3.8/site-packages/airflow/example_dags/example_python_decorator.py
[2024-02-10T18:10:53.815+0000] {processor.py:840} INFO - DAG(s) 'example_python_decorator' retrieved from /home/airflow/.local/lib/python3.8/site-packages/airflow/example_dags/example_python_decorator.py
[2024-02-10T18:10:53.841+0000] {logging_mixin.py:188} INFO - [2024-02-10T18:10:53.841+0000] {dag.py:3036} INFO - Sync 1 DAGs
[2024-02-10T18:10:53.855+0000] {logging_mixin.py:188} INFO - [2024-02-10T18:10:53.855+0000] {dag.py:3823} INFO - Setting next_dagrun for example_python_decorator to None, run_after=None
[2024-02-10T18:10:53.882+0000] {processor.py:183} INFO - Processing /home/airflow/.local/lib/python3.8/site-packages/airflow/example_dags/example_python_decorator.py took 0.088 seconds
[2024-02-10T18:11:24.298+0000] {processor.py:161} INFO - Started process (PID=3135) to work on /home/airflow/.local/lib/python3.8/site-packages/airflow/example_dags/example_python_decorator.py
[2024-02-10T18:11:24.306+0000] {processor.py:830} INFO - Processing file /home/airflow/.local/lib/python3.8/site-packages/airflow/example_dags/example_python_decorator.py for tasks to queue
[2024-02-10T18:11:24.308+0000] {logging_mixin.py:188} INFO - [2024-02-10T18:11:24.308+0000] {dagbag.py:538} INFO - Filling up the DagBag from /home/airflow/.local/lib/python3.8/site-packages/airflow/example_dags/example_python_decorator.py
[2024-02-10T18:11:24.356+0000] {processor.py:840} INFO - DAG(s) 'example_python_decorator' retrieved from /home/airflow/.local/lib/python3.8/site-packages/airflow/example_dags/example_python_decorator.py
[2024-02-10T18:11:24.428+0000] {logging_mixin.py:188} INFO - [2024-02-10T18:11:24.428+0000] {dag.py:3036} INFO - Sync 1 DAGs
[2024-02-10T18:11:24.443+0000] {logging_mixin.py:188} INFO - [2024-02-10T18:11:24.443+0000] {dag.py:3823} INFO - Setting next_dagrun for example_python_decorator to None, run_after=None
[2024-02-10T18:11:24.488+0000] {processor.py:183} INFO - Processing /home/airflow/.local/lib/python3.8/site-packages/airflow/example_dags/example_python_decorator.py took 0.193 seconds
[2024-02-10T18:11:54.682+0000] {processor.py:161} INFO - Started process (PID=3190) to work on /home/airflow/.local/lib/python3.8/site-packages/airflow/example_dags/example_python_decorator.py
[2024-02-10T18:11:54.688+0000] {processor.py:830} INFO - Processing file /home/airflow/.local/lib/python3.8/site-packages/airflow/example_dags/example_python_decorator.py for tasks to queue
[2024-02-10T18:11:54.690+0000] {logging_mixin.py:188} INFO - [2024-02-10T18:11:54.690+0000] {dagbag.py:538} INFO - Filling up the DagBag from /home/airflow/.local/lib/python3.8/site-packages/airflow/example_dags/example_python_decorator.py
[2024-02-10T18:11:54.709+0000] {processor.py:840} INFO - DAG(s) 'example_python_decorator' retrieved from /home/airflow/.local/lib/python3.8/site-packages/airflow/example_dags/example_python_decorator.py
[2024-02-10T18:11:54.738+0000] {logging_mixin.py:188} INFO - [2024-02-10T18:11:54.738+0000] {dag.py:3036} INFO - Sync 1 DAGs
[2024-02-10T18:11:54.752+0000] {logging_mixin.py:188} INFO - [2024-02-10T18:11:54.752+0000] {dag.py:3823} INFO - Setting next_dagrun for example_python_decorator to None, run_after=None
[2024-02-10T18:11:54.778+0000] {processor.py:183} INFO - Processing /home/airflow/.local/lib/python3.8/site-packages/airflow/example_dags/example_python_decorator.py took 0.099 seconds
[2024-02-10T18:12:25.346+0000] {processor.py:161} INFO - Started process (PID=3246) to work on /home/airflow/.local/lib/python3.8/site-packages/airflow/example_dags/example_python_decorator.py
[2024-02-10T18:12:25.347+0000] {processor.py:830} INFO - Processing file /home/airflow/.local/lib/python3.8/site-packages/airflow/example_dags/example_python_decorator.py for tasks to queue
[2024-02-10T18:12:25.348+0000] {logging_mixin.py:188} INFO - [2024-02-10T18:12:25.348+0000] {dagbag.py:538} INFO - Filling up the DagBag from /home/airflow/.local/lib/python3.8/site-packages/airflow/example_dags/example_python_decorator.py
[2024-02-10T18:12:25.364+0000] {processor.py:840} INFO - DAG(s) 'example_python_decorator' retrieved from /home/airflow/.local/lib/python3.8/site-packages/airflow/example_dags/example_python_decorator.py
[2024-02-10T18:12:25.390+0000] {logging_mixin.py:188} INFO - [2024-02-10T18:12:25.389+0000] {dag.py:3036} INFO - Sync 1 DAGs
[2024-02-10T18:12:25.404+0000] {logging_mixin.py:188} INFO - [2024-02-10T18:12:25.404+0000] {dag.py:3823} INFO - Setting next_dagrun for example_python_decorator to None, run_after=None
[2024-02-10T18:12:25.429+0000] {processor.py:183} INFO - Processing /home/airflow/.local/lib/python3.8/site-packages/airflow/example_dags/example_python_decorator.py took 0.086 seconds
[2024-02-10T18:12:55.531+0000] {processor.py:161} INFO - Started process (PID=3301) to work on /home/airflow/.local/lib/python3.8/site-packages/airflow/example_dags/example_python_decorator.py
[2024-02-10T18:12:55.532+0000] {processor.py:830} INFO - Processing file /home/airflow/.local/lib/python3.8/site-packages/airflow/example_dags/example_python_decorator.py for tasks to queue
[2024-02-10T18:12:55.533+0000] {logging_mixin.py:188} INFO - [2024-02-10T18:12:55.533+0000] {dagbag.py:538} INFO - Filling up the DagBag from /home/airflow/.local/lib/python3.8/site-packages/airflow/example_dags/example_python_decorator.py
[2024-02-10T18:12:55.559+0000] {processor.py:840} INFO - DAG(s) 'example_python_decorator' retrieved from /home/airflow/.local/lib/python3.8/site-packages/airflow/example_dags/example_python_decorator.py
[2024-02-10T18:12:55.585+0000] {logging_mixin.py:188} INFO - [2024-02-10T18:12:55.584+0000] {dag.py:3036} INFO - Sync 1 DAGs
[2024-02-10T18:12:55.600+0000] {logging_mixin.py:188} INFO - [2024-02-10T18:12:55.600+0000] {dag.py:3823} INFO - Setting next_dagrun for example_python_decorator to None, run_after=None
[2024-02-10T18:12:55.624+0000] {processor.py:183} INFO - Processing /home/airflow/.local/lib/python3.8/site-packages/airflow/example_dags/example_python_decorator.py took 0.096 seconds
[2024-02-10T18:13:26.117+0000] {processor.py:161} INFO - Started process (PID=3357) to work on /home/airflow/.local/lib/python3.8/site-packages/airflow/example_dags/example_python_decorator.py
[2024-02-10T18:13:26.118+0000] {processor.py:830} INFO - Processing file /home/airflow/.local/lib/python3.8/site-packages/airflow/example_dags/example_python_decorator.py for tasks to queue
[2024-02-10T18:13:26.120+0000] {logging_mixin.py:188} INFO - [2024-02-10T18:13:26.119+0000] {dagbag.py:538} INFO - Filling up the DagBag from /home/airflow/.local/lib/python3.8/site-packages/airflow/example_dags/example_python_decorator.py
[2024-02-10T18:13:26.136+0000] {processor.py:840} INFO - DAG(s) 'example_python_decorator' retrieved from /home/airflow/.local/lib/python3.8/site-packages/airflow/example_dags/example_python_decorator.py
[2024-02-10T18:13:26.162+0000] {logging_mixin.py:188} INFO - [2024-02-10T18:13:26.162+0000] {dag.py:3036} INFO - Sync 1 DAGs
[2024-02-10T18:13:26.176+0000] {logging_mixin.py:188} INFO - [2024-02-10T18:13:26.176+0000] {dag.py:3823} INFO - Setting next_dagrun for example_python_decorator to None, run_after=None
[2024-02-10T18:13:26.201+0000] {processor.py:183} INFO - Processing /home/airflow/.local/lib/python3.8/site-packages/airflow/example_dags/example_python_decorator.py took 0.088 seconds
[2024-02-10T18:13:56.756+0000] {processor.py:161} INFO - Started process (PID=3412) to work on /home/airflow/.local/lib/python3.8/site-packages/airflow/example_dags/example_python_decorator.py
[2024-02-10T18:13:56.757+0000] {processor.py:830} INFO - Processing file /home/airflow/.local/lib/python3.8/site-packages/airflow/example_dags/example_python_decorator.py for tasks to queue
[2024-02-10T18:13:56.759+0000] {logging_mixin.py:188} INFO - [2024-02-10T18:13:56.758+0000] {dagbag.py:538} INFO - Filling up the DagBag from /home/airflow/.local/lib/python3.8/site-packages/airflow/example_dags/example_python_decorator.py
[2024-02-10T18:13:56.778+0000] {processor.py:840} INFO - DAG(s) 'example_python_decorator' retrieved from /home/airflow/.local/lib/python3.8/site-packages/airflow/example_dags/example_python_decorator.py
[2024-02-10T18:13:56.830+0000] {logging_mixin.py:188} INFO - [2024-02-10T18:13:56.829+0000] {dag.py:3036} INFO - Sync 1 DAGs
[2024-02-10T18:13:56.845+0000] {logging_mixin.py:188} INFO - [2024-02-10T18:13:56.845+0000] {dag.py:3823} INFO - Setting next_dagrun for example_python_decorator to None, run_after=None
[2024-02-10T18:13:56.874+0000] {processor.py:183} INFO - Processing /home/airflow/.local/lib/python3.8/site-packages/airflow/example_dags/example_python_decorator.py took 0.122 seconds
[2024-02-10T18:14:27.159+0000] {processor.py:161} INFO - Started process (PID=3467) to work on /home/airflow/.local/lib/python3.8/site-packages/airflow/example_dags/example_python_decorator.py
[2024-02-10T18:14:27.160+0000] {processor.py:830} INFO - Processing file /home/airflow/.local/lib/python3.8/site-packages/airflow/example_dags/example_python_decorator.py for tasks to queue
[2024-02-10T18:14:27.163+0000] {logging_mixin.py:188} INFO - [2024-02-10T18:14:27.161+0000] {dagbag.py:538} INFO - Filling up the DagBag from /home/airflow/.local/lib/python3.8/site-packages/airflow/example_dags/example_python_decorator.py
[2024-02-10T18:14:27.184+0000] {processor.py:840} INFO - DAG(s) 'example_python_decorator' retrieved from /home/airflow/.local/lib/python3.8/site-packages/airflow/example_dags/example_python_decorator.py
[2024-02-10T18:14:27.222+0000] {logging_mixin.py:188} INFO - [2024-02-10T18:14:27.221+0000] {dag.py:3036} INFO - Sync 1 DAGs
[2024-02-10T18:14:27.235+0000] {logging_mixin.py:188} INFO - [2024-02-10T18:14:27.235+0000] {dag.py:3823} INFO - Setting next_dagrun for example_python_decorator to None, run_after=None
[2024-02-10T18:14:27.258+0000] {processor.py:183} INFO - Processing /home/airflow/.local/lib/python3.8/site-packages/airflow/example_dags/example_python_decorator.py took 0.106 seconds
[2024-02-10T18:14:57.365+0000] {processor.py:161} INFO - Started process (PID=3522) to work on /home/airflow/.local/lib/python3.8/site-packages/airflow/example_dags/example_python_decorator.py
[2024-02-10T18:14:57.365+0000] {processor.py:830} INFO - Processing file /home/airflow/.local/lib/python3.8/site-packages/airflow/example_dags/example_python_decorator.py for tasks to queue
[2024-02-10T18:14:57.367+0000] {logging_mixin.py:188} INFO - [2024-02-10T18:14:57.367+0000] {dagbag.py:538} INFO - Filling up the DagBag from /home/airflow/.local/lib/python3.8/site-packages/airflow/example_dags/example_python_decorator.py
[2024-02-10T18:14:57.384+0000] {processor.py:840} INFO - DAG(s) 'example_python_decorator' retrieved from /home/airflow/.local/lib/python3.8/site-packages/airflow/example_dags/example_python_decorator.py
[2024-02-10T18:14:57.409+0000] {logging_mixin.py:188} INFO - [2024-02-10T18:14:57.409+0000] {dag.py:3036} INFO - Sync 1 DAGs
[2024-02-10T18:14:57.422+0000] {logging_mixin.py:188} INFO - [2024-02-10T18:14:57.422+0000] {dag.py:3823} INFO - Setting next_dagrun for example_python_decorator to None, run_after=None
[2024-02-10T18:14:57.445+0000] {processor.py:183} INFO - Processing /home/airflow/.local/lib/python3.8/site-packages/airflow/example_dags/example_python_decorator.py took 0.084 seconds
[2024-02-10T18:15:27.749+0000] {processor.py:161} INFO - Started process (PID=3577) to work on /home/airflow/.local/lib/python3.8/site-packages/airflow/example_dags/example_python_decorator.py
[2024-02-10T18:15:27.750+0000] {processor.py:830} INFO - Processing file /home/airflow/.local/lib/python3.8/site-packages/airflow/example_dags/example_python_decorator.py for tasks to queue
[2024-02-10T18:15:27.752+0000] {logging_mixin.py:188} INFO - [2024-02-10T18:15:27.751+0000] {dagbag.py:538} INFO - Filling up the DagBag from /home/airflow/.local/lib/python3.8/site-packages/airflow/example_dags/example_python_decorator.py
[2024-02-10T18:15:27.793+0000] {processor.py:840} INFO - DAG(s) 'example_python_decorator' retrieved from /home/airflow/.local/lib/python3.8/site-packages/airflow/example_dags/example_python_decorator.py
[2024-02-10T18:15:27.859+0000] {logging_mixin.py:188} INFO - [2024-02-10T18:15:27.859+0000] {dag.py:3036} INFO - Sync 1 DAGs
[2024-02-10T18:15:27.873+0000] {logging_mixin.py:188} INFO - [2024-02-10T18:15:27.873+0000] {dag.py:3823} INFO - Setting next_dagrun for example_python_decorator to None, run_after=None
[2024-02-10T18:15:27.898+0000] {processor.py:183} INFO - Processing /home/airflow/.local/lib/python3.8/site-packages/airflow/example_dags/example_python_decorator.py took 0.152 seconds
[2024-02-10T18:15:58.181+0000] {processor.py:161} INFO - Started process (PID=3633) to work on /home/airflow/.local/lib/python3.8/site-packages/airflow/example_dags/example_python_decorator.py
[2024-02-10T18:15:58.183+0000] {processor.py:830} INFO - Processing file /home/airflow/.local/lib/python3.8/site-packages/airflow/example_dags/example_python_decorator.py for tasks to queue
[2024-02-10T18:15:58.185+0000] {logging_mixin.py:188} INFO - [2024-02-10T18:15:58.184+0000] {dagbag.py:538} INFO - Filling up the DagBag from /home/airflow/.local/lib/python3.8/site-packages/airflow/example_dags/example_python_decorator.py
[2024-02-10T18:15:58.201+0000] {processor.py:840} INFO - DAG(s) 'example_python_decorator' retrieved from /home/airflow/.local/lib/python3.8/site-packages/airflow/example_dags/example_python_decorator.py
[2024-02-10T18:15:58.228+0000] {logging_mixin.py:188} INFO - [2024-02-10T18:15:58.228+0000] {dag.py:3036} INFO - Sync 1 DAGs
[2024-02-10T18:15:58.243+0000] {logging_mixin.py:188} INFO - [2024-02-10T18:15:58.243+0000] {dag.py:3823} INFO - Setting next_dagrun for example_python_decorator to None, run_after=None
[2024-02-10T18:15:58.269+0000] {processor.py:183} INFO - Processing /home/airflow/.local/lib/python3.8/site-packages/airflow/example_dags/example_python_decorator.py took 0.092 seconds
