[2024-02-10T17:42:57.428+0000] {processor.py:161} INFO - Started process (PID=38) to work on /home/airflow/.local/lib/python3.8/site-packages/airflow/example_dags/example_skip_dag.py
[2024-02-10T17:42:57.429+0000] {processor.py:830} INFO - Processing file /home/airflow/.local/lib/python3.8/site-packages/airflow/example_dags/example_skip_dag.py for tasks to queue
[2024-02-10T17:42:57.433+0000] {logging_mixin.py:188} INFO - [2024-02-10T17:42:57.433+0000] {dagbag.py:538} INFO - Filling up the DagBag from /home/airflow/.local/lib/python3.8/site-packages/airflow/example_dags/example_skip_dag.py
[2024-02-10T17:42:57.450+0000] {processor.py:840} INFO - DAG(s) 'example_skip_dag' retrieved from /home/airflow/.local/lib/python3.8/site-packages/airflow/example_dags/example_skip_dag.py
[2024-02-10T17:42:57.747+0000] {logging_mixin.py:188} INFO - [2024-02-10T17:42:57.747+0000] {dag.py:3036} INFO - Sync 1 DAGs
[2024-02-10T17:42:57.794+0000] {logging_mixin.py:188} INFO - [2024-02-10T17:42:57.793+0000] {dag.py:3823} INFO - Setting next_dagrun for example_skip_dag to 2024-02-09 00:00:00+00:00, run_after=2024-02-10 00:00:00+00:00
[2024-02-10T17:42:57.855+0000] {processor.py:183} INFO - Processing /home/airflow/.local/lib/python3.8/site-packages/airflow/example_dags/example_skip_dag.py took 0.433 seconds
[2024-02-10T17:43:28.062+0000] {processor.py:161} INFO - Started process (PID=93) to work on /home/airflow/.local/lib/python3.8/site-packages/airflow/example_dags/example_skip_dag.py
[2024-02-10T17:43:28.063+0000] {processor.py:830} INFO - Processing file /home/airflow/.local/lib/python3.8/site-packages/airflow/example_dags/example_skip_dag.py for tasks to queue
[2024-02-10T17:43:28.064+0000] {logging_mixin.py:188} INFO - [2024-02-10T17:43:28.064+0000] {dagbag.py:538} INFO - Filling up the DagBag from /home/airflow/.local/lib/python3.8/site-packages/airflow/example_dags/example_skip_dag.py
[2024-02-10T17:43:28.069+0000] {processor.py:840} INFO - DAG(s) 'example_skip_dag' retrieved from /home/airflow/.local/lib/python3.8/site-packages/airflow/example_dags/example_skip_dag.py
[2024-02-10T17:43:28.087+0000] {logging_mixin.py:188} INFO - [2024-02-10T17:43:28.087+0000] {dag.py:3036} INFO - Sync 1 DAGs
[2024-02-10T17:43:28.104+0000] {logging_mixin.py:188} INFO - [2024-02-10T17:43:28.104+0000] {dag.py:3823} INFO - Setting next_dagrun for example_skip_dag to 2024-02-09 00:00:00+00:00, run_after=2024-02-10 00:00:00+00:00
[2024-02-10T17:43:28.124+0000] {processor.py:183} INFO - Processing /home/airflow/.local/lib/python3.8/site-packages/airflow/example_dags/example_skip_dag.py took 0.065 seconds
[2024-02-10T17:43:58.290+0000] {processor.py:161} INFO - Started process (PID=148) to work on /home/airflow/.local/lib/python3.8/site-packages/airflow/example_dags/example_skip_dag.py
[2024-02-10T17:43:58.291+0000] {processor.py:830} INFO - Processing file /home/airflow/.local/lib/python3.8/site-packages/airflow/example_dags/example_skip_dag.py for tasks to queue
[2024-02-10T17:43:58.293+0000] {logging_mixin.py:188} INFO - [2024-02-10T17:43:58.292+0000] {dagbag.py:538} INFO - Filling up the DagBag from /home/airflow/.local/lib/python3.8/site-packages/airflow/example_dags/example_skip_dag.py
[2024-02-10T17:43:58.310+0000] {processor.py:840} INFO - DAG(s) 'example_skip_dag' retrieved from /home/airflow/.local/lib/python3.8/site-packages/airflow/example_dags/example_skip_dag.py
[2024-02-10T17:43:58.348+0000] {logging_mixin.py:188} INFO - [2024-02-10T17:43:58.348+0000] {dag.py:3036} INFO - Sync 1 DAGs
[2024-02-10T17:43:58.375+0000] {logging_mixin.py:188} INFO - [2024-02-10T17:43:58.375+0000] {dag.py:3823} INFO - Setting next_dagrun for example_skip_dag to 2024-02-09 00:00:00+00:00, run_after=2024-02-10 00:00:00+00:00
[2024-02-10T17:43:58.399+0000] {processor.py:183} INFO - Processing /home/airflow/.local/lib/python3.8/site-packages/airflow/example_dags/example_skip_dag.py took 0.113 seconds
[2024-02-10T17:44:28.562+0000] {processor.py:161} INFO - Started process (PID=203) to work on /home/airflow/.local/lib/python3.8/site-packages/airflow/example_dags/example_skip_dag.py
[2024-02-10T17:44:28.573+0000] {processor.py:830} INFO - Processing file /home/airflow/.local/lib/python3.8/site-packages/airflow/example_dags/example_skip_dag.py for tasks to queue
[2024-02-10T17:44:28.580+0000] {logging_mixin.py:188} INFO - [2024-02-10T17:44:28.578+0000] {dagbag.py:538} INFO - Filling up the DagBag from /home/airflow/.local/lib/python3.8/site-packages/airflow/example_dags/example_skip_dag.py
[2024-02-10T17:44:28.600+0000] {processor.py:840} INFO - DAG(s) 'example_skip_dag' retrieved from /home/airflow/.local/lib/python3.8/site-packages/airflow/example_dags/example_skip_dag.py
[2024-02-10T17:44:28.668+0000] {logging_mixin.py:188} INFO - [2024-02-10T17:44:28.668+0000] {dag.py:3036} INFO - Sync 1 DAGs
[2024-02-10T17:44:28.707+0000] {logging_mixin.py:188} INFO - [2024-02-10T17:44:28.707+0000] {dag.py:3823} INFO - Setting next_dagrun for example_skip_dag to 2024-02-09 00:00:00+00:00, run_after=2024-02-10 00:00:00+00:00
[2024-02-10T17:44:28.746+0000] {processor.py:183} INFO - Processing /home/airflow/.local/lib/python3.8/site-packages/airflow/example_dags/example_skip_dag.py took 0.193 seconds
[2024-02-10T17:44:58.884+0000] {processor.py:161} INFO - Started process (PID=258) to work on /home/airflow/.local/lib/python3.8/site-packages/airflow/example_dags/example_skip_dag.py
[2024-02-10T17:44:58.885+0000] {processor.py:830} INFO - Processing file /home/airflow/.local/lib/python3.8/site-packages/airflow/example_dags/example_skip_dag.py for tasks to queue
[2024-02-10T17:44:58.886+0000] {logging_mixin.py:188} INFO - [2024-02-10T17:44:58.886+0000] {dagbag.py:538} INFO - Filling up the DagBag from /home/airflow/.local/lib/python3.8/site-packages/airflow/example_dags/example_skip_dag.py
[2024-02-10T17:44:58.891+0000] {processor.py:840} INFO - DAG(s) 'example_skip_dag' retrieved from /home/airflow/.local/lib/python3.8/site-packages/airflow/example_dags/example_skip_dag.py
[2024-02-10T17:44:58.908+0000] {logging_mixin.py:188} INFO - [2024-02-10T17:44:58.908+0000] {dag.py:3036} INFO - Sync 1 DAGs
[2024-02-10T17:44:58.926+0000] {logging_mixin.py:188} INFO - [2024-02-10T17:44:58.925+0000] {dag.py:3823} INFO - Setting next_dagrun for example_skip_dag to 2024-02-09 00:00:00+00:00, run_after=2024-02-10 00:00:00+00:00
[2024-02-10T17:44:58.945+0000] {processor.py:183} INFO - Processing /home/airflow/.local/lib/python3.8/site-packages/airflow/example_dags/example_skip_dag.py took 0.063 seconds
[2024-02-10T17:45:29.061+0000] {processor.py:161} INFO - Started process (PID=312) to work on /home/airflow/.local/lib/python3.8/site-packages/airflow/example_dags/example_skip_dag.py
[2024-02-10T17:45:29.062+0000] {processor.py:830} INFO - Processing file /home/airflow/.local/lib/python3.8/site-packages/airflow/example_dags/example_skip_dag.py for tasks to queue
[2024-02-10T17:45:29.064+0000] {logging_mixin.py:188} INFO - [2024-02-10T17:45:29.064+0000] {dagbag.py:538} INFO - Filling up the DagBag from /home/airflow/.local/lib/python3.8/site-packages/airflow/example_dags/example_skip_dag.py
[2024-02-10T17:45:29.072+0000] {processor.py:840} INFO - DAG(s) 'example_skip_dag' retrieved from /home/airflow/.local/lib/python3.8/site-packages/airflow/example_dags/example_skip_dag.py
[2024-02-10T17:45:29.097+0000] {logging_mixin.py:188} INFO - [2024-02-10T17:45:29.097+0000] {dag.py:3036} INFO - Sync 1 DAGs
[2024-02-10T17:45:29.114+0000] {logging_mixin.py:188} INFO - [2024-02-10T17:45:29.114+0000] {dag.py:3823} INFO - Setting next_dagrun for example_skip_dag to 2024-02-09 00:00:00+00:00, run_after=2024-02-10 00:00:00+00:00
[2024-02-10T17:45:29.136+0000] {processor.py:183} INFO - Processing /home/airflow/.local/lib/python3.8/site-packages/airflow/example_dags/example_skip_dag.py took 0.079 seconds
[2024-02-10T17:45:59.415+0000] {processor.py:161} INFO - Started process (PID=368) to work on /home/airflow/.local/lib/python3.8/site-packages/airflow/example_dags/example_skip_dag.py
[2024-02-10T17:45:59.416+0000] {processor.py:830} INFO - Processing file /home/airflow/.local/lib/python3.8/site-packages/airflow/example_dags/example_skip_dag.py for tasks to queue
[2024-02-10T17:45:59.417+0000] {logging_mixin.py:188} INFO - [2024-02-10T17:45:59.417+0000] {dagbag.py:538} INFO - Filling up the DagBag from /home/airflow/.local/lib/python3.8/site-packages/airflow/example_dags/example_skip_dag.py
[2024-02-10T17:45:59.422+0000] {processor.py:840} INFO - DAG(s) 'example_skip_dag' retrieved from /home/airflow/.local/lib/python3.8/site-packages/airflow/example_dags/example_skip_dag.py
[2024-02-10T17:45:59.444+0000] {logging_mixin.py:188} INFO - [2024-02-10T17:45:59.444+0000] {dag.py:3036} INFO - Sync 1 DAGs
[2024-02-10T17:45:59.463+0000] {logging_mixin.py:188} INFO - [2024-02-10T17:45:59.463+0000] {dag.py:3823} INFO - Setting next_dagrun for example_skip_dag to 2024-02-09 00:00:00+00:00, run_after=2024-02-10 00:00:00+00:00
[2024-02-10T17:45:59.482+0000] {processor.py:183} INFO - Processing /home/airflow/.local/lib/python3.8/site-packages/airflow/example_dags/example_skip_dag.py took 0.070 seconds
[2024-02-10T17:46:29.621+0000] {processor.py:161} INFO - Started process (PID=424) to work on /home/airflow/.local/lib/python3.8/site-packages/airflow/example_dags/example_skip_dag.py
[2024-02-10T17:46:29.621+0000] {processor.py:830} INFO - Processing file /home/airflow/.local/lib/python3.8/site-packages/airflow/example_dags/example_skip_dag.py for tasks to queue
[2024-02-10T17:46:29.623+0000] {logging_mixin.py:188} INFO - [2024-02-10T17:46:29.622+0000] {dagbag.py:538} INFO - Filling up the DagBag from /home/airflow/.local/lib/python3.8/site-packages/airflow/example_dags/example_skip_dag.py
[2024-02-10T17:46:29.628+0000] {processor.py:840} INFO - DAG(s) 'example_skip_dag' retrieved from /home/airflow/.local/lib/python3.8/site-packages/airflow/example_dags/example_skip_dag.py
[2024-02-10T17:46:29.645+0000] {logging_mixin.py:188} INFO - [2024-02-10T17:46:29.644+0000] {dag.py:3036} INFO - Sync 1 DAGs
[2024-02-10T17:46:29.661+0000] {logging_mixin.py:188} INFO - [2024-02-10T17:46:29.661+0000] {dag.py:3823} INFO - Setting next_dagrun for example_skip_dag to 2024-02-09 00:00:00+00:00, run_after=2024-02-10 00:00:00+00:00
[2024-02-10T17:46:29.681+0000] {processor.py:183} INFO - Processing /home/airflow/.local/lib/python3.8/site-packages/airflow/example_dags/example_skip_dag.py took 0.062 seconds
[2024-02-10T17:47:00.281+0000] {processor.py:161} INFO - Started process (PID=480) to work on /home/airflow/.local/lib/python3.8/site-packages/airflow/example_dags/example_skip_dag.py
[2024-02-10T17:47:00.283+0000] {processor.py:830} INFO - Processing file /home/airflow/.local/lib/python3.8/site-packages/airflow/example_dags/example_skip_dag.py for tasks to queue
[2024-02-10T17:47:00.292+0000] {logging_mixin.py:188} INFO - [2024-02-10T17:47:00.291+0000] {dagbag.py:538} INFO - Filling up the DagBag from /home/airflow/.local/lib/python3.8/site-packages/airflow/example_dags/example_skip_dag.py
[2024-02-10T17:47:00.299+0000] {processor.py:840} INFO - DAG(s) 'example_skip_dag' retrieved from /home/airflow/.local/lib/python3.8/site-packages/airflow/example_dags/example_skip_dag.py
[2024-02-10T17:47:00.326+0000] {logging_mixin.py:188} INFO - [2024-02-10T17:47:00.325+0000] {dag.py:3036} INFO - Sync 1 DAGs
[2024-02-10T17:47:00.351+0000] {logging_mixin.py:188} INFO - [2024-02-10T17:47:00.351+0000] {dag.py:3823} INFO - Setting next_dagrun for example_skip_dag to 2024-02-09 00:00:00+00:00, run_after=2024-02-10 00:00:00+00:00
[2024-02-10T17:47:00.371+0000] {processor.py:183} INFO - Processing /home/airflow/.local/lib/python3.8/site-packages/airflow/example_dags/example_skip_dag.py took 0.104 seconds
[2024-02-10T17:47:30.735+0000] {processor.py:161} INFO - Started process (PID=535) to work on /home/airflow/.local/lib/python3.8/site-packages/airflow/example_dags/example_skip_dag.py
[2024-02-10T17:47:30.736+0000] {processor.py:830} INFO - Processing file /home/airflow/.local/lib/python3.8/site-packages/airflow/example_dags/example_skip_dag.py for tasks to queue
[2024-02-10T17:47:30.737+0000] {logging_mixin.py:188} INFO - [2024-02-10T17:47:30.737+0000] {dagbag.py:538} INFO - Filling up the DagBag from /home/airflow/.local/lib/python3.8/site-packages/airflow/example_dags/example_skip_dag.py
[2024-02-10T17:47:30.743+0000] {processor.py:840} INFO - DAG(s) 'example_skip_dag' retrieved from /home/airflow/.local/lib/python3.8/site-packages/airflow/example_dags/example_skip_dag.py
[2024-02-10T17:47:30.760+0000] {logging_mixin.py:188} INFO - [2024-02-10T17:47:30.760+0000] {dag.py:3036} INFO - Sync 1 DAGs
[2024-02-10T17:47:30.779+0000] {logging_mixin.py:188} INFO - [2024-02-10T17:47:30.779+0000] {dag.py:3823} INFO - Setting next_dagrun for example_skip_dag to 2024-02-09 00:00:00+00:00, run_after=2024-02-10 00:00:00+00:00
[2024-02-10T17:47:30.799+0000] {processor.py:183} INFO - Processing /home/airflow/.local/lib/python3.8/site-packages/airflow/example_dags/example_skip_dag.py took 0.067 seconds
[2024-02-10T17:48:01.139+0000] {processor.py:161} INFO - Started process (PID=592) to work on /home/airflow/.local/lib/python3.8/site-packages/airflow/example_dags/example_skip_dag.py
[2024-02-10T17:48:01.140+0000] {processor.py:830} INFO - Processing file /home/airflow/.local/lib/python3.8/site-packages/airflow/example_dags/example_skip_dag.py for tasks to queue
[2024-02-10T17:48:01.142+0000] {logging_mixin.py:188} INFO - [2024-02-10T17:48:01.142+0000] {dagbag.py:538} INFO - Filling up the DagBag from /home/airflow/.local/lib/python3.8/site-packages/airflow/example_dags/example_skip_dag.py
[2024-02-10T17:48:01.149+0000] {processor.py:840} INFO - DAG(s) 'example_skip_dag' retrieved from /home/airflow/.local/lib/python3.8/site-packages/airflow/example_dags/example_skip_dag.py
[2024-02-10T17:48:01.174+0000] {logging_mixin.py:188} INFO - [2024-02-10T17:48:01.173+0000] {dag.py:3036} INFO - Sync 1 DAGs
[2024-02-10T17:48:01.201+0000] {logging_mixin.py:188} INFO - [2024-02-10T17:48:01.201+0000] {dag.py:3823} INFO - Setting next_dagrun for example_skip_dag to 2024-02-09 00:00:00+00:00, run_after=2024-02-10 00:00:00+00:00
[2024-02-10T17:48:01.227+0000] {processor.py:183} INFO - Processing /home/airflow/.local/lib/python3.8/site-packages/airflow/example_dags/example_skip_dag.py took 0.091 seconds
[2024-02-10T17:48:31.958+0000] {processor.py:161} INFO - Started process (PID=649) to work on /home/airflow/.local/lib/python3.8/site-packages/airflow/example_dags/example_skip_dag.py
[2024-02-10T17:48:31.959+0000] {processor.py:830} INFO - Processing file /home/airflow/.local/lib/python3.8/site-packages/airflow/example_dags/example_skip_dag.py for tasks to queue
[2024-02-10T17:48:31.960+0000] {logging_mixin.py:188} INFO - [2024-02-10T17:48:31.960+0000] {dagbag.py:538} INFO - Filling up the DagBag from /home/airflow/.local/lib/python3.8/site-packages/airflow/example_dags/example_skip_dag.py
[2024-02-10T17:48:31.965+0000] {processor.py:840} INFO - DAG(s) 'example_skip_dag' retrieved from /home/airflow/.local/lib/python3.8/site-packages/airflow/example_dags/example_skip_dag.py
[2024-02-10T17:48:31.982+0000] {logging_mixin.py:188} INFO - [2024-02-10T17:48:31.982+0000] {dag.py:3036} INFO - Sync 1 DAGs
[2024-02-10T17:48:31.999+0000] {logging_mixin.py:188} INFO - [2024-02-10T17:48:31.999+0000] {dag.py:3823} INFO - Setting next_dagrun for example_skip_dag to 2024-02-09 00:00:00+00:00, run_after=2024-02-10 00:00:00+00:00
[2024-02-10T17:48:32.018+0000] {processor.py:183} INFO - Processing /home/airflow/.local/lib/python3.8/site-packages/airflow/example_dags/example_skip_dag.py took 0.063 seconds
[2024-02-10T17:49:02.416+0000] {processor.py:161} INFO - Started process (PID=704) to work on /home/airflow/.local/lib/python3.8/site-packages/airflow/example_dags/example_skip_dag.py
[2024-02-10T17:49:02.416+0000] {processor.py:830} INFO - Processing file /home/airflow/.local/lib/python3.8/site-packages/airflow/example_dags/example_skip_dag.py for tasks to queue
[2024-02-10T17:49:02.418+0000] {logging_mixin.py:188} INFO - [2024-02-10T17:49:02.417+0000] {dagbag.py:538} INFO - Filling up the DagBag from /home/airflow/.local/lib/python3.8/site-packages/airflow/example_dags/example_skip_dag.py
[2024-02-10T17:49:02.423+0000] {processor.py:840} INFO - DAG(s) 'example_skip_dag' retrieved from /home/airflow/.local/lib/python3.8/site-packages/airflow/example_dags/example_skip_dag.py
[2024-02-10T17:49:02.439+0000] {logging_mixin.py:188} INFO - [2024-02-10T17:49:02.439+0000] {dag.py:3036} INFO - Sync 1 DAGs
[2024-02-10T17:49:02.455+0000] {logging_mixin.py:188} INFO - [2024-02-10T17:49:02.455+0000] {dag.py:3823} INFO - Setting next_dagrun for example_skip_dag to 2024-02-09 00:00:00+00:00, run_after=2024-02-10 00:00:00+00:00
[2024-02-10T17:49:02.478+0000] {processor.py:183} INFO - Processing /home/airflow/.local/lib/python3.8/site-packages/airflow/example_dags/example_skip_dag.py took 0.066 seconds
[2024-02-10T17:49:32.901+0000] {processor.py:161} INFO - Started process (PID=759) to work on /home/airflow/.local/lib/python3.8/site-packages/airflow/example_dags/example_skip_dag.py
[2024-02-10T17:49:32.901+0000] {processor.py:830} INFO - Processing file /home/airflow/.local/lib/python3.8/site-packages/airflow/example_dags/example_skip_dag.py for tasks to queue
[2024-02-10T17:49:32.902+0000] {logging_mixin.py:188} INFO - [2024-02-10T17:49:32.902+0000] {dagbag.py:538} INFO - Filling up the DagBag from /home/airflow/.local/lib/python3.8/site-packages/airflow/example_dags/example_skip_dag.py
[2024-02-10T17:49:32.907+0000] {processor.py:840} INFO - DAG(s) 'example_skip_dag' retrieved from /home/airflow/.local/lib/python3.8/site-packages/airflow/example_dags/example_skip_dag.py
[2024-02-10T17:49:32.924+0000] {logging_mixin.py:188} INFO - [2024-02-10T17:49:32.924+0000] {dag.py:3036} INFO - Sync 1 DAGs
[2024-02-10T17:49:32.941+0000] {logging_mixin.py:188} INFO - [2024-02-10T17:49:32.941+0000] {dag.py:3823} INFO - Setting next_dagrun for example_skip_dag to 2024-02-09 00:00:00+00:00, run_after=2024-02-10 00:00:00+00:00
[2024-02-10T17:49:32.960+0000] {processor.py:183} INFO - Processing /home/airflow/.local/lib/python3.8/site-packages/airflow/example_dags/example_skip_dag.py took 0.062 seconds
[2024-02-10T17:50:03.391+0000] {processor.py:161} INFO - Started process (PID=814) to work on /home/airflow/.local/lib/python3.8/site-packages/airflow/example_dags/example_skip_dag.py
[2024-02-10T17:50:03.399+0000] {processor.py:830} INFO - Processing file /home/airflow/.local/lib/python3.8/site-packages/airflow/example_dags/example_skip_dag.py for tasks to queue
[2024-02-10T17:50:03.401+0000] {logging_mixin.py:188} INFO - [2024-02-10T17:50:03.401+0000] {dagbag.py:538} INFO - Filling up the DagBag from /home/airflow/.local/lib/python3.8/site-packages/airflow/example_dags/example_skip_dag.py
[2024-02-10T17:50:03.429+0000] {processor.py:840} INFO - DAG(s) 'example_skip_dag' retrieved from /home/airflow/.local/lib/python3.8/site-packages/airflow/example_dags/example_skip_dag.py
[2024-02-10T17:50:03.497+0000] {logging_mixin.py:188} INFO - [2024-02-10T17:50:03.497+0000] {dag.py:3036} INFO - Sync 1 DAGs
[2024-02-10T17:50:03.538+0000] {logging_mixin.py:188} INFO - [2024-02-10T17:50:03.538+0000] {dag.py:3823} INFO - Setting next_dagrun for example_skip_dag to 2024-02-09 00:00:00+00:00, run_after=2024-02-10 00:00:00+00:00
[2024-02-10T17:50:03.578+0000] {processor.py:183} INFO - Processing /home/airflow/.local/lib/python3.8/site-packages/airflow/example_dags/example_skip_dag.py took 0.213 seconds
[2024-02-10T17:50:34.415+0000] {processor.py:161} INFO - Started process (PID=869) to work on /home/airflow/.local/lib/python3.8/site-packages/airflow/example_dags/example_skip_dag.py
[2024-02-10T17:50:34.415+0000] {processor.py:830} INFO - Processing file /home/airflow/.local/lib/python3.8/site-packages/airflow/example_dags/example_skip_dag.py for tasks to queue
[2024-02-10T17:50:34.417+0000] {logging_mixin.py:188} INFO - [2024-02-10T17:50:34.417+0000] {dagbag.py:538} INFO - Filling up the DagBag from /home/airflow/.local/lib/python3.8/site-packages/airflow/example_dags/example_skip_dag.py
[2024-02-10T17:50:34.422+0000] {processor.py:840} INFO - DAG(s) 'example_skip_dag' retrieved from /home/airflow/.local/lib/python3.8/site-packages/airflow/example_dags/example_skip_dag.py
[2024-02-10T17:50:34.439+0000] {logging_mixin.py:188} INFO - [2024-02-10T17:50:34.439+0000] {dag.py:3036} INFO - Sync 1 DAGs
[2024-02-10T17:50:34.456+0000] {logging_mixin.py:188} INFO - [2024-02-10T17:50:34.456+0000] {dag.py:3823} INFO - Setting next_dagrun for example_skip_dag to 2024-02-09 00:00:00+00:00, run_after=2024-02-10 00:00:00+00:00
[2024-02-10T17:50:34.476+0000] {processor.py:183} INFO - Processing /home/airflow/.local/lib/python3.8/site-packages/airflow/example_dags/example_skip_dag.py took 0.063 seconds
[2024-02-10T17:51:05.090+0000] {processor.py:161} INFO - Started process (PID=924) to work on /home/airflow/.local/lib/python3.8/site-packages/airflow/example_dags/example_skip_dag.py
[2024-02-10T17:51:05.091+0000] {processor.py:830} INFO - Processing file /home/airflow/.local/lib/python3.8/site-packages/airflow/example_dags/example_skip_dag.py for tasks to queue
[2024-02-10T17:51:05.092+0000] {logging_mixin.py:188} INFO - [2024-02-10T17:51:05.092+0000] {dagbag.py:538} INFO - Filling up the DagBag from /home/airflow/.local/lib/python3.8/site-packages/airflow/example_dags/example_skip_dag.py
[2024-02-10T17:51:05.100+0000] {processor.py:840} INFO - DAG(s) 'example_skip_dag' retrieved from /home/airflow/.local/lib/python3.8/site-packages/airflow/example_dags/example_skip_dag.py
[2024-02-10T17:51:05.122+0000] {logging_mixin.py:188} INFO - [2024-02-10T17:51:05.121+0000] {dag.py:3036} INFO - Sync 1 DAGs
[2024-02-10T17:51:05.138+0000] {logging_mixin.py:188} INFO - [2024-02-10T17:51:05.138+0000] {dag.py:3823} INFO - Setting next_dagrun for example_skip_dag to 2024-02-09 00:00:00+00:00, run_after=2024-02-10 00:00:00+00:00
[2024-02-10T17:51:05.158+0000] {processor.py:183} INFO - Processing /home/airflow/.local/lib/python3.8/site-packages/airflow/example_dags/example_skip_dag.py took 0.071 seconds
[2024-02-10T17:51:35.184+0000] {processor.py:161} INFO - Started process (PID=979) to work on /home/airflow/.local/lib/python3.8/site-packages/airflow/example_dags/example_skip_dag.py
[2024-02-10T17:51:35.184+0000] {processor.py:830} INFO - Processing file /home/airflow/.local/lib/python3.8/site-packages/airflow/example_dags/example_skip_dag.py for tasks to queue
[2024-02-10T17:51:35.186+0000] {logging_mixin.py:188} INFO - [2024-02-10T17:51:35.185+0000] {dagbag.py:538} INFO - Filling up the DagBag from /home/airflow/.local/lib/python3.8/site-packages/airflow/example_dags/example_skip_dag.py
[2024-02-10T17:51:35.191+0000] {processor.py:840} INFO - DAG(s) 'example_skip_dag' retrieved from /home/airflow/.local/lib/python3.8/site-packages/airflow/example_dags/example_skip_dag.py
[2024-02-10T17:51:35.208+0000] {logging_mixin.py:188} INFO - [2024-02-10T17:51:35.208+0000] {dag.py:3036} INFO - Sync 1 DAGs
[2024-02-10T17:51:35.224+0000] {logging_mixin.py:188} INFO - [2024-02-10T17:51:35.224+0000] {dag.py:3823} INFO - Setting next_dagrun for example_skip_dag to 2024-02-09 00:00:00+00:00, run_after=2024-02-10 00:00:00+00:00
[2024-02-10T17:51:35.244+0000] {processor.py:183} INFO - Processing /home/airflow/.local/lib/python3.8/site-packages/airflow/example_dags/example_skip_dag.py took 0.063 seconds
[2024-02-10T17:52:05.550+0000] {processor.py:161} INFO - Started process (PID=1034) to work on /home/airflow/.local/lib/python3.8/site-packages/airflow/example_dags/example_skip_dag.py
[2024-02-10T17:52:05.551+0000] {processor.py:830} INFO - Processing file /home/airflow/.local/lib/python3.8/site-packages/airflow/example_dags/example_skip_dag.py for tasks to queue
[2024-02-10T17:52:05.553+0000] {logging_mixin.py:188} INFO - [2024-02-10T17:52:05.552+0000] {dagbag.py:538} INFO - Filling up the DagBag from /home/airflow/.local/lib/python3.8/site-packages/airflow/example_dags/example_skip_dag.py
[2024-02-10T17:52:05.558+0000] {processor.py:840} INFO - DAG(s) 'example_skip_dag' retrieved from /home/airflow/.local/lib/python3.8/site-packages/airflow/example_dags/example_skip_dag.py
[2024-02-10T17:52:05.585+0000] {logging_mixin.py:188} INFO - [2024-02-10T17:52:05.585+0000] {dag.py:3036} INFO - Sync 1 DAGs
[2024-02-10T17:52:05.606+0000] {logging_mixin.py:188} INFO - [2024-02-10T17:52:05.606+0000] {dag.py:3823} INFO - Setting next_dagrun for example_skip_dag to 2024-02-09 00:00:00+00:00, run_after=2024-02-10 00:00:00+00:00
[2024-02-10T17:52:05.633+0000] {processor.py:183} INFO - Processing /home/airflow/.local/lib/python3.8/site-packages/airflow/example_dags/example_skip_dag.py took 0.086 seconds
[2024-02-10T17:52:35.747+0000] {processor.py:161} INFO - Started process (PID=1089) to work on /home/airflow/.local/lib/python3.8/site-packages/airflow/example_dags/example_skip_dag.py
[2024-02-10T17:52:35.748+0000] {processor.py:830} INFO - Processing file /home/airflow/.local/lib/python3.8/site-packages/airflow/example_dags/example_skip_dag.py for tasks to queue
[2024-02-10T17:52:35.749+0000] {logging_mixin.py:188} INFO - [2024-02-10T17:52:35.749+0000] {dagbag.py:538} INFO - Filling up the DagBag from /home/airflow/.local/lib/python3.8/site-packages/airflow/example_dags/example_skip_dag.py
[2024-02-10T17:52:35.754+0000] {processor.py:840} INFO - DAG(s) 'example_skip_dag' retrieved from /home/airflow/.local/lib/python3.8/site-packages/airflow/example_dags/example_skip_dag.py
[2024-02-10T17:52:35.771+0000] {logging_mixin.py:188} INFO - [2024-02-10T17:52:35.771+0000] {dag.py:3036} INFO - Sync 1 DAGs
[2024-02-10T17:52:35.788+0000] {logging_mixin.py:188} INFO - [2024-02-10T17:52:35.788+0000] {dag.py:3823} INFO - Setting next_dagrun for example_skip_dag to 2024-02-09 00:00:00+00:00, run_after=2024-02-10 00:00:00+00:00
[2024-02-10T17:52:35.807+0000] {processor.py:183} INFO - Processing /home/airflow/.local/lib/python3.8/site-packages/airflow/example_dags/example_skip_dag.py took 0.063 seconds
[2024-02-10T17:53:06.087+0000] {processor.py:161} INFO - Started process (PID=1144) to work on /home/airflow/.local/lib/python3.8/site-packages/airflow/example_dags/example_skip_dag.py
[2024-02-10T17:53:06.087+0000] {processor.py:830} INFO - Processing file /home/airflow/.local/lib/python3.8/site-packages/airflow/example_dags/example_skip_dag.py for tasks to queue
[2024-02-10T17:53:06.089+0000] {logging_mixin.py:188} INFO - [2024-02-10T17:53:06.089+0000] {dagbag.py:538} INFO - Filling up the DagBag from /home/airflow/.local/lib/python3.8/site-packages/airflow/example_dags/example_skip_dag.py
[2024-02-10T17:53:06.097+0000] {processor.py:840} INFO - DAG(s) 'example_skip_dag' retrieved from /home/airflow/.local/lib/python3.8/site-packages/airflow/example_dags/example_skip_dag.py
[2024-02-10T17:53:06.122+0000] {logging_mixin.py:188} INFO - [2024-02-10T17:53:06.122+0000] {dag.py:3036} INFO - Sync 1 DAGs
[2024-02-10T17:53:06.149+0000] {logging_mixin.py:188} INFO - [2024-02-10T17:53:06.149+0000] {dag.py:3823} INFO - Setting next_dagrun for example_skip_dag to 2024-02-09 00:00:00+00:00, run_after=2024-02-10 00:00:00+00:00
[2024-02-10T17:53:06.174+0000] {processor.py:183} INFO - Processing /home/airflow/.local/lib/python3.8/site-packages/airflow/example_dags/example_skip_dag.py took 0.091 seconds
[2024-02-10T17:53:36.557+0000] {processor.py:161} INFO - Started process (PID=1199) to work on /home/airflow/.local/lib/python3.8/site-packages/airflow/example_dags/example_skip_dag.py
[2024-02-10T17:53:36.557+0000] {processor.py:830} INFO - Processing file /home/airflow/.local/lib/python3.8/site-packages/airflow/example_dags/example_skip_dag.py for tasks to queue
[2024-02-10T17:53:36.559+0000] {logging_mixin.py:188} INFO - [2024-02-10T17:53:36.559+0000] {dagbag.py:538} INFO - Filling up the DagBag from /home/airflow/.local/lib/python3.8/site-packages/airflow/example_dags/example_skip_dag.py
[2024-02-10T17:53:36.564+0000] {processor.py:840} INFO - DAG(s) 'example_skip_dag' retrieved from /home/airflow/.local/lib/python3.8/site-packages/airflow/example_dags/example_skip_dag.py
[2024-02-10T17:53:36.581+0000] {logging_mixin.py:188} INFO - [2024-02-10T17:53:36.581+0000] {dag.py:3036} INFO - Sync 1 DAGs
[2024-02-10T17:53:36.598+0000] {logging_mixin.py:188} INFO - [2024-02-10T17:53:36.598+0000] {dag.py:3823} INFO - Setting next_dagrun for example_skip_dag to 2024-02-09 00:00:00+00:00, run_after=2024-02-10 00:00:00+00:00
[2024-02-10T17:53:36.619+0000] {processor.py:183} INFO - Processing /home/airflow/.local/lib/python3.8/site-packages/airflow/example_dags/example_skip_dag.py took 0.066 seconds
[2024-02-10T17:54:06.711+0000] {processor.py:161} INFO - Started process (PID=1255) to work on /home/airflow/.local/lib/python3.8/site-packages/airflow/example_dags/example_skip_dag.py
[2024-02-10T17:54:06.712+0000] {processor.py:830} INFO - Processing file /home/airflow/.local/lib/python3.8/site-packages/airflow/example_dags/example_skip_dag.py for tasks to queue
[2024-02-10T17:54:06.713+0000] {logging_mixin.py:188} INFO - [2024-02-10T17:54:06.713+0000] {dagbag.py:538} INFO - Filling up the DagBag from /home/airflow/.local/lib/python3.8/site-packages/airflow/example_dags/example_skip_dag.py
[2024-02-10T17:54:06.718+0000] {processor.py:840} INFO - DAG(s) 'example_skip_dag' retrieved from /home/airflow/.local/lib/python3.8/site-packages/airflow/example_dags/example_skip_dag.py
[2024-02-10T17:54:06.735+0000] {logging_mixin.py:188} INFO - [2024-02-10T17:54:06.735+0000] {dag.py:3036} INFO - Sync 1 DAGs
[2024-02-10T17:54:06.751+0000] {logging_mixin.py:188} INFO - [2024-02-10T17:54:06.751+0000] {dag.py:3823} INFO - Setting next_dagrun for example_skip_dag to 2024-02-09 00:00:00+00:00, run_after=2024-02-10 00:00:00+00:00
[2024-02-10T17:54:06.779+0000] {processor.py:183} INFO - Processing /home/airflow/.local/lib/python3.8/site-packages/airflow/example_dags/example_skip_dag.py took 0.071 seconds
[2024-02-10T17:54:37.171+0000] {processor.py:161} INFO - Started process (PID=1311) to work on /home/airflow/.local/lib/python3.8/site-packages/airflow/example_dags/example_skip_dag.py
[2024-02-10T17:54:37.178+0000] {processor.py:830} INFO - Processing file /home/airflow/.local/lib/python3.8/site-packages/airflow/example_dags/example_skip_dag.py for tasks to queue
[2024-02-10T17:54:37.180+0000] {logging_mixin.py:188} INFO - [2024-02-10T17:54:37.179+0000] {dagbag.py:538} INFO - Filling up the DagBag from /home/airflow/.local/lib/python3.8/site-packages/airflow/example_dags/example_skip_dag.py
[2024-02-10T17:54:37.200+0000] {processor.py:840} INFO - DAG(s) 'example_skip_dag' retrieved from /home/airflow/.local/lib/python3.8/site-packages/airflow/example_dags/example_skip_dag.py
[2024-02-10T17:54:37.240+0000] {logging_mixin.py:188} INFO - [2024-02-10T17:54:37.240+0000] {dag.py:3036} INFO - Sync 1 DAGs
[2024-02-10T17:54:37.266+0000] {logging_mixin.py:188} INFO - [2024-02-10T17:54:37.266+0000] {dag.py:3823} INFO - Setting next_dagrun for example_skip_dag to 2024-02-09 00:00:00+00:00, run_after=2024-02-10 00:00:00+00:00
[2024-02-10T17:54:37.292+0000] {processor.py:183} INFO - Processing /home/airflow/.local/lib/python3.8/site-packages/airflow/example_dags/example_skip_dag.py took 0.136 seconds
[2024-02-10T17:55:07.516+0000] {processor.py:161} INFO - Started process (PID=1366) to work on /home/airflow/.local/lib/python3.8/site-packages/airflow/example_dags/example_skip_dag.py
[2024-02-10T17:55:07.516+0000] {processor.py:830} INFO - Processing file /home/airflow/.local/lib/python3.8/site-packages/airflow/example_dags/example_skip_dag.py for tasks to queue
[2024-02-10T17:55:07.518+0000] {logging_mixin.py:188} INFO - [2024-02-10T17:55:07.518+0000] {dagbag.py:538} INFO - Filling up the DagBag from /home/airflow/.local/lib/python3.8/site-packages/airflow/example_dags/example_skip_dag.py
[2024-02-10T17:55:07.533+0000] {processor.py:840} INFO - DAG(s) 'example_skip_dag' retrieved from /home/airflow/.local/lib/python3.8/site-packages/airflow/example_dags/example_skip_dag.py
[2024-02-10T17:55:07.556+0000] {logging_mixin.py:188} INFO - [2024-02-10T17:55:07.556+0000] {dag.py:3036} INFO - Sync 1 DAGs
[2024-02-10T17:55:07.581+0000] {logging_mixin.py:188} INFO - [2024-02-10T17:55:07.580+0000] {dag.py:3823} INFO - Setting next_dagrun for example_skip_dag to 2024-02-09 00:00:00+00:00, run_after=2024-02-10 00:00:00+00:00
[2024-02-10T17:55:07.614+0000] {processor.py:183} INFO - Processing /home/airflow/.local/lib/python3.8/site-packages/airflow/example_dags/example_skip_dag.py took 0.102 seconds
[2024-02-10T17:55:37.745+0000] {processor.py:161} INFO - Started process (PID=1421) to work on /home/airflow/.local/lib/python3.8/site-packages/airflow/example_dags/example_skip_dag.py
[2024-02-10T17:55:37.745+0000] {processor.py:830} INFO - Processing file /home/airflow/.local/lib/python3.8/site-packages/airflow/example_dags/example_skip_dag.py for tasks to queue
[2024-02-10T17:55:37.747+0000] {logging_mixin.py:188} INFO - [2024-02-10T17:55:37.747+0000] {dagbag.py:538} INFO - Filling up the DagBag from /home/airflow/.local/lib/python3.8/site-packages/airflow/example_dags/example_skip_dag.py
[2024-02-10T17:55:37.752+0000] {processor.py:840} INFO - DAG(s) 'example_skip_dag' retrieved from /home/airflow/.local/lib/python3.8/site-packages/airflow/example_dags/example_skip_dag.py
[2024-02-10T17:55:37.769+0000] {logging_mixin.py:188} INFO - [2024-02-10T17:55:37.769+0000] {dag.py:3036} INFO - Sync 1 DAGs
[2024-02-10T17:55:37.787+0000] {logging_mixin.py:188} INFO - [2024-02-10T17:55:37.787+0000] {dag.py:3823} INFO - Setting next_dagrun for example_skip_dag to 2024-02-09 00:00:00+00:00, run_after=2024-02-10 00:00:00+00:00
[2024-02-10T17:55:37.807+0000] {processor.py:183} INFO - Processing /home/airflow/.local/lib/python3.8/site-packages/airflow/example_dags/example_skip_dag.py took 0.065 seconds
[2024-02-10T17:56:08.180+0000] {processor.py:161} INFO - Started process (PID=1477) to work on /home/airflow/.local/lib/python3.8/site-packages/airflow/example_dags/example_skip_dag.py
[2024-02-10T17:56:08.180+0000] {processor.py:830} INFO - Processing file /home/airflow/.local/lib/python3.8/site-packages/airflow/example_dags/example_skip_dag.py for tasks to queue
[2024-02-10T17:56:08.182+0000] {logging_mixin.py:188} INFO - [2024-02-10T17:56:08.181+0000] {dagbag.py:538} INFO - Filling up the DagBag from /home/airflow/.local/lib/python3.8/site-packages/airflow/example_dags/example_skip_dag.py
[2024-02-10T17:56:08.187+0000] {processor.py:840} INFO - DAG(s) 'example_skip_dag' retrieved from /home/airflow/.local/lib/python3.8/site-packages/airflow/example_dags/example_skip_dag.py
[2024-02-10T17:56:08.204+0000] {logging_mixin.py:188} INFO - [2024-02-10T17:56:08.204+0000] {dag.py:3036} INFO - Sync 1 DAGs
[2024-02-10T17:56:08.220+0000] {logging_mixin.py:188} INFO - [2024-02-10T17:56:08.220+0000] {dag.py:3823} INFO - Setting next_dagrun for example_skip_dag to 2024-02-09 00:00:00+00:00, run_after=2024-02-10 00:00:00+00:00
[2024-02-10T17:56:08.241+0000] {processor.py:183} INFO - Processing /home/airflow/.local/lib/python3.8/site-packages/airflow/example_dags/example_skip_dag.py took 0.064 seconds
[2024-02-10T17:56:38.275+0000] {processor.py:161} INFO - Started process (PID=1533) to work on /home/airflow/.local/lib/python3.8/site-packages/airflow/example_dags/example_skip_dag.py
[2024-02-10T17:56:38.276+0000] {processor.py:830} INFO - Processing file /home/airflow/.local/lib/python3.8/site-packages/airflow/example_dags/example_skip_dag.py for tasks to queue
[2024-02-10T17:56:38.277+0000] {logging_mixin.py:188} INFO - [2024-02-10T17:56:38.277+0000] {dagbag.py:538} INFO - Filling up the DagBag from /home/airflow/.local/lib/python3.8/site-packages/airflow/example_dags/example_skip_dag.py
[2024-02-10T17:56:38.284+0000] {processor.py:840} INFO - DAG(s) 'example_skip_dag' retrieved from /home/airflow/.local/lib/python3.8/site-packages/airflow/example_dags/example_skip_dag.py
[2024-02-10T17:56:38.302+0000] {logging_mixin.py:188} INFO - [2024-02-10T17:56:38.301+0000] {dag.py:3036} INFO - Sync 1 DAGs
[2024-02-10T17:56:38.318+0000] {logging_mixin.py:188} INFO - [2024-02-10T17:56:38.318+0000] {dag.py:3823} INFO - Setting next_dagrun for example_skip_dag to 2024-02-09 00:00:00+00:00, run_after=2024-02-10 00:00:00+00:00
[2024-02-10T17:56:38.338+0000] {processor.py:183} INFO - Processing /home/airflow/.local/lib/python3.8/site-packages/airflow/example_dags/example_skip_dag.py took 0.066 seconds
[2024-02-10T17:57:08.398+0000] {processor.py:161} INFO - Started process (PID=1588) to work on /home/airflow/.local/lib/python3.8/site-packages/airflow/example_dags/example_skip_dag.py
[2024-02-10T17:57:08.398+0000] {processor.py:830} INFO - Processing file /home/airflow/.local/lib/python3.8/site-packages/airflow/example_dags/example_skip_dag.py for tasks to queue
[2024-02-10T17:57:08.400+0000] {logging_mixin.py:188} INFO - [2024-02-10T17:57:08.400+0000] {dagbag.py:538} INFO - Filling up the DagBag from /home/airflow/.local/lib/python3.8/site-packages/airflow/example_dags/example_skip_dag.py
[2024-02-10T17:57:08.408+0000] {processor.py:840} INFO - DAG(s) 'example_skip_dag' retrieved from /home/airflow/.local/lib/python3.8/site-packages/airflow/example_dags/example_skip_dag.py
[2024-02-10T17:57:08.432+0000] {logging_mixin.py:188} INFO - [2024-02-10T17:57:08.432+0000] {dag.py:3036} INFO - Sync 1 DAGs
[2024-02-10T17:57:08.456+0000] {logging_mixin.py:188} INFO - [2024-02-10T17:57:08.455+0000] {dag.py:3823} INFO - Setting next_dagrun for example_skip_dag to 2024-02-09 00:00:00+00:00, run_after=2024-02-10 00:00:00+00:00
[2024-02-10T17:57:08.480+0000] {processor.py:183} INFO - Processing /home/airflow/.local/lib/python3.8/site-packages/airflow/example_dags/example_skip_dag.py took 0.086 seconds
[2024-02-10T17:57:38.777+0000] {processor.py:161} INFO - Started process (PID=1642) to work on /home/airflow/.local/lib/python3.8/site-packages/airflow/example_dags/example_skip_dag.py
[2024-02-10T17:57:38.777+0000] {processor.py:830} INFO - Processing file /home/airflow/.local/lib/python3.8/site-packages/airflow/example_dags/example_skip_dag.py for tasks to queue
[2024-02-10T17:57:38.780+0000] {logging_mixin.py:188} INFO - [2024-02-10T17:57:38.780+0000] {dagbag.py:538} INFO - Filling up the DagBag from /home/airflow/.local/lib/python3.8/site-packages/airflow/example_dags/example_skip_dag.py
[2024-02-10T17:57:38.787+0000] {processor.py:840} INFO - DAG(s) 'example_skip_dag' retrieved from /home/airflow/.local/lib/python3.8/site-packages/airflow/example_dags/example_skip_dag.py
[2024-02-10T17:57:38.810+0000] {logging_mixin.py:188} INFO - [2024-02-10T17:57:38.810+0000] {dag.py:3036} INFO - Sync 1 DAGs
[2024-02-10T17:57:38.836+0000] {logging_mixin.py:188} INFO - [2024-02-10T17:57:38.835+0000] {dag.py:3823} INFO - Setting next_dagrun for example_skip_dag to 2024-02-09 00:00:00+00:00, run_after=2024-02-10 00:00:00+00:00
[2024-02-10T17:57:38.859+0000] {processor.py:183} INFO - Processing /home/airflow/.local/lib/python3.8/site-packages/airflow/example_dags/example_skip_dag.py took 0.086 seconds
[2024-02-10T17:58:09.384+0000] {processor.py:161} INFO - Started process (PID=1697) to work on /home/airflow/.local/lib/python3.8/site-packages/airflow/example_dags/example_skip_dag.py
[2024-02-10T17:58:09.385+0000] {processor.py:830} INFO - Processing file /home/airflow/.local/lib/python3.8/site-packages/airflow/example_dags/example_skip_dag.py for tasks to queue
[2024-02-10T17:58:09.386+0000] {logging_mixin.py:188} INFO - [2024-02-10T17:58:09.386+0000] {dagbag.py:538} INFO - Filling up the DagBag from /home/airflow/.local/lib/python3.8/site-packages/airflow/example_dags/example_skip_dag.py
[2024-02-10T17:58:09.394+0000] {processor.py:840} INFO - DAG(s) 'example_skip_dag' retrieved from /home/airflow/.local/lib/python3.8/site-packages/airflow/example_dags/example_skip_dag.py
[2024-02-10T17:58:09.418+0000] {logging_mixin.py:188} INFO - [2024-02-10T17:58:09.418+0000] {dag.py:3036} INFO - Sync 1 DAGs
[2024-02-10T17:58:09.444+0000] {logging_mixin.py:188} INFO - [2024-02-10T17:58:09.443+0000] {dag.py:3823} INFO - Setting next_dagrun for example_skip_dag to 2024-02-09 00:00:00+00:00, run_after=2024-02-10 00:00:00+00:00
[2024-02-10T17:58:09.467+0000] {processor.py:183} INFO - Processing /home/airflow/.local/lib/python3.8/site-packages/airflow/example_dags/example_skip_dag.py took 0.087 seconds
[2024-02-10T17:58:39.742+0000] {processor.py:161} INFO - Started process (PID=1753) to work on /home/airflow/.local/lib/python3.8/site-packages/airflow/example_dags/example_skip_dag.py
[2024-02-10T17:58:39.743+0000] {processor.py:830} INFO - Processing file /home/airflow/.local/lib/python3.8/site-packages/airflow/example_dags/example_skip_dag.py for tasks to queue
[2024-02-10T17:58:39.744+0000] {logging_mixin.py:188} INFO - [2024-02-10T17:58:39.744+0000] {dagbag.py:538} INFO - Filling up the DagBag from /home/airflow/.local/lib/python3.8/site-packages/airflow/example_dags/example_skip_dag.py
[2024-02-10T17:58:39.750+0000] {processor.py:840} INFO - DAG(s) 'example_skip_dag' retrieved from /home/airflow/.local/lib/python3.8/site-packages/airflow/example_dags/example_skip_dag.py
[2024-02-10T17:58:39.766+0000] {logging_mixin.py:188} INFO - [2024-02-10T17:58:39.766+0000] {dag.py:3036} INFO - Sync 1 DAGs
[2024-02-10T17:58:39.783+0000] {logging_mixin.py:188} INFO - [2024-02-10T17:58:39.783+0000] {dag.py:3823} INFO - Setting next_dagrun for example_skip_dag to 2024-02-09 00:00:00+00:00, run_after=2024-02-10 00:00:00+00:00
[2024-02-10T17:58:39.802+0000] {processor.py:183} INFO - Processing /home/airflow/.local/lib/python3.8/site-packages/airflow/example_dags/example_skip_dag.py took 0.064 seconds
[2024-02-10T17:59:10.700+0000] {processor.py:161} INFO - Started process (PID=1808) to work on /home/airflow/.local/lib/python3.8/site-packages/airflow/example_dags/example_skip_dag.py
[2024-02-10T17:59:10.701+0000] {processor.py:830} INFO - Processing file /home/airflow/.local/lib/python3.8/site-packages/airflow/example_dags/example_skip_dag.py for tasks to queue
[2024-02-10T17:59:10.703+0000] {logging_mixin.py:188} INFO - [2024-02-10T17:59:10.703+0000] {dagbag.py:538} INFO - Filling up the DagBag from /home/airflow/.local/lib/python3.8/site-packages/airflow/example_dags/example_skip_dag.py
[2024-02-10T17:59:10.710+0000] {processor.py:840} INFO - DAG(s) 'example_skip_dag' retrieved from /home/airflow/.local/lib/python3.8/site-packages/airflow/example_dags/example_skip_dag.py
[2024-02-10T17:59:10.734+0000] {logging_mixin.py:188} INFO - [2024-02-10T17:59:10.734+0000] {dag.py:3036} INFO - Sync 1 DAGs
[2024-02-10T17:59:10.759+0000] {logging_mixin.py:188} INFO - [2024-02-10T17:59:10.759+0000] {dag.py:3823} INFO - Setting next_dagrun for example_skip_dag to 2024-02-09 00:00:00+00:00, run_after=2024-02-10 00:00:00+00:00
[2024-02-10T17:59:10.784+0000] {processor.py:183} INFO - Processing /home/airflow/.local/lib/python3.8/site-packages/airflow/example_dags/example_skip_dag.py took 0.087 seconds
[2024-02-10T17:59:41.221+0000] {processor.py:161} INFO - Started process (PID=1863) to work on /home/airflow/.local/lib/python3.8/site-packages/airflow/example_dags/example_skip_dag.py
[2024-02-10T17:59:41.222+0000] {processor.py:830} INFO - Processing file /home/airflow/.local/lib/python3.8/site-packages/airflow/example_dags/example_skip_dag.py for tasks to queue
[2024-02-10T17:59:41.225+0000] {logging_mixin.py:188} INFO - [2024-02-10T17:59:41.224+0000] {dagbag.py:538} INFO - Filling up the DagBag from /home/airflow/.local/lib/python3.8/site-packages/airflow/example_dags/example_skip_dag.py
[2024-02-10T17:59:41.232+0000] {processor.py:840} INFO - DAG(s) 'example_skip_dag' retrieved from /home/airflow/.local/lib/python3.8/site-packages/airflow/example_dags/example_skip_dag.py
[2024-02-10T17:59:41.261+0000] {logging_mixin.py:188} INFO - [2024-02-10T17:59:41.261+0000] {dag.py:3036} INFO - Sync 1 DAGs
[2024-02-10T17:59:41.287+0000] {logging_mixin.py:188} INFO - [2024-02-10T17:59:41.286+0000] {dag.py:3823} INFO - Setting next_dagrun for example_skip_dag to 2024-02-09 00:00:00+00:00, run_after=2024-02-10 00:00:00+00:00
[2024-02-10T17:59:41.310+0000] {processor.py:183} INFO - Processing /home/airflow/.local/lib/python3.8/site-packages/airflow/example_dags/example_skip_dag.py took 0.092 seconds
[2024-02-10T18:00:12.235+0000] {processor.py:161} INFO - Started process (PID=1918) to work on /home/airflow/.local/lib/python3.8/site-packages/airflow/example_dags/example_skip_dag.py
[2024-02-10T18:00:12.236+0000] {processor.py:830} INFO - Processing file /home/airflow/.local/lib/python3.8/site-packages/airflow/example_dags/example_skip_dag.py for tasks to queue
[2024-02-10T18:00:12.238+0000] {logging_mixin.py:188} INFO - [2024-02-10T18:00:12.237+0000] {dagbag.py:538} INFO - Filling up the DagBag from /home/airflow/.local/lib/python3.8/site-packages/airflow/example_dags/example_skip_dag.py
[2024-02-10T18:00:12.245+0000] {processor.py:840} INFO - DAG(s) 'example_skip_dag' retrieved from /home/airflow/.local/lib/python3.8/site-packages/airflow/example_dags/example_skip_dag.py
[2024-02-10T18:00:12.273+0000] {logging_mixin.py:188} INFO - [2024-02-10T18:00:12.273+0000] {dag.py:3036} INFO - Sync 1 DAGs
[2024-02-10T18:00:12.327+0000] {logging_mixin.py:188} INFO - [2024-02-10T18:00:12.321+0000] {dag.py:3823} INFO - Setting next_dagrun for example_skip_dag to 2024-02-09 00:00:00+00:00, run_after=2024-02-10 00:00:00+00:00
[2024-02-10T18:00:12.366+0000] {processor.py:183} INFO - Processing /home/airflow/.local/lib/python3.8/site-packages/airflow/example_dags/example_skip_dag.py took 0.135 seconds
[2024-02-10T18:00:42.856+0000] {processor.py:161} INFO - Started process (PID=1973) to work on /home/airflow/.local/lib/python3.8/site-packages/airflow/example_dags/example_skip_dag.py
[2024-02-10T18:00:42.857+0000] {processor.py:830} INFO - Processing file /home/airflow/.local/lib/python3.8/site-packages/airflow/example_dags/example_skip_dag.py for tasks to queue
[2024-02-10T18:00:42.859+0000] {logging_mixin.py:188} INFO - [2024-02-10T18:00:42.859+0000] {dagbag.py:538} INFO - Filling up the DagBag from /home/airflow/.local/lib/python3.8/site-packages/airflow/example_dags/example_skip_dag.py
[2024-02-10T18:00:42.866+0000] {processor.py:840} INFO - DAG(s) 'example_skip_dag' retrieved from /home/airflow/.local/lib/python3.8/site-packages/airflow/example_dags/example_skip_dag.py
[2024-02-10T18:00:42.889+0000] {logging_mixin.py:188} INFO - [2024-02-10T18:00:42.889+0000] {dag.py:3036} INFO - Sync 1 DAGs
[2024-02-10T18:00:42.915+0000] {logging_mixin.py:188} INFO - [2024-02-10T18:00:42.914+0000] {dag.py:3823} INFO - Setting next_dagrun for example_skip_dag to 2024-02-09 00:00:00+00:00, run_after=2024-02-10 00:00:00+00:00
[2024-02-10T18:00:42.939+0000] {processor.py:183} INFO - Processing /home/airflow/.local/lib/python3.8/site-packages/airflow/example_dags/example_skip_dag.py took 0.086 seconds
[2024-02-10T18:01:13.025+0000] {processor.py:161} INFO - Started process (PID=2028) to work on /home/airflow/.local/lib/python3.8/site-packages/airflow/example_dags/example_skip_dag.py
[2024-02-10T18:01:13.026+0000] {processor.py:830} INFO - Processing file /home/airflow/.local/lib/python3.8/site-packages/airflow/example_dags/example_skip_dag.py for tasks to queue
[2024-02-10T18:01:13.028+0000] {logging_mixin.py:188} INFO - [2024-02-10T18:01:13.028+0000] {dagbag.py:538} INFO - Filling up the DagBag from /home/airflow/.local/lib/python3.8/site-packages/airflow/example_dags/example_skip_dag.py
[2024-02-10T18:01:13.035+0000] {processor.py:840} INFO - DAG(s) 'example_skip_dag' retrieved from /home/airflow/.local/lib/python3.8/site-packages/airflow/example_dags/example_skip_dag.py
[2024-02-10T18:01:13.052+0000] {logging_mixin.py:188} INFO - [2024-02-10T18:01:13.052+0000] {dag.py:3036} INFO - Sync 1 DAGs
[2024-02-10T18:01:13.069+0000] {logging_mixin.py:188} INFO - [2024-02-10T18:01:13.069+0000] {dag.py:3823} INFO - Setting next_dagrun for example_skip_dag to 2024-02-09 00:00:00+00:00, run_after=2024-02-10 00:00:00+00:00
[2024-02-10T18:01:13.089+0000] {processor.py:183} INFO - Processing /home/airflow/.local/lib/python3.8/site-packages/airflow/example_dags/example_skip_dag.py took 0.066 seconds
[2024-02-10T18:01:43.637+0000] {processor.py:161} INFO - Started process (PID=2083) to work on /home/airflow/.local/lib/python3.8/site-packages/airflow/example_dags/example_skip_dag.py
[2024-02-10T18:01:43.638+0000] {processor.py:830} INFO - Processing file /home/airflow/.local/lib/python3.8/site-packages/airflow/example_dags/example_skip_dag.py for tasks to queue
[2024-02-10T18:01:43.640+0000] {logging_mixin.py:188} INFO - [2024-02-10T18:01:43.639+0000] {dagbag.py:538} INFO - Filling up the DagBag from /home/airflow/.local/lib/python3.8/site-packages/airflow/example_dags/example_skip_dag.py
[2024-02-10T18:01:43.646+0000] {processor.py:840} INFO - DAG(s) 'example_skip_dag' retrieved from /home/airflow/.local/lib/python3.8/site-packages/airflow/example_dags/example_skip_dag.py
[2024-02-10T18:01:43.670+0000] {logging_mixin.py:188} INFO - [2024-02-10T18:01:43.670+0000] {dag.py:3036} INFO - Sync 1 DAGs
[2024-02-10T18:01:43.695+0000] {logging_mixin.py:188} INFO - [2024-02-10T18:01:43.695+0000] {dag.py:3823} INFO - Setting next_dagrun for example_skip_dag to 2024-02-09 00:00:00+00:00, run_after=2024-02-10 00:00:00+00:00
[2024-02-10T18:01:43.720+0000] {processor.py:183} INFO - Processing /home/airflow/.local/lib/python3.8/site-packages/airflow/example_dags/example_skip_dag.py took 0.087 seconds
[2024-02-10T18:02:14.155+0000] {processor.py:161} INFO - Started process (PID=2138) to work on /home/airflow/.local/lib/python3.8/site-packages/airflow/example_dags/example_skip_dag.py
[2024-02-10T18:02:14.156+0000] {processor.py:830} INFO - Processing file /home/airflow/.local/lib/python3.8/site-packages/airflow/example_dags/example_skip_dag.py for tasks to queue
[2024-02-10T18:02:14.160+0000] {logging_mixin.py:188} INFO - [2024-02-10T18:02:14.159+0000] {dagbag.py:538} INFO - Filling up the DagBag from /home/airflow/.local/lib/python3.8/site-packages/airflow/example_dags/example_skip_dag.py
[2024-02-10T18:02:14.172+0000] {processor.py:840} INFO - DAG(s) 'example_skip_dag' retrieved from /home/airflow/.local/lib/python3.8/site-packages/airflow/example_dags/example_skip_dag.py
[2024-02-10T18:02:14.225+0000] {logging_mixin.py:188} INFO - [2024-02-10T18:02:14.225+0000] {dag.py:3036} INFO - Sync 1 DAGs
[2024-02-10T18:02:14.251+0000] {logging_mixin.py:188} INFO - [2024-02-10T18:02:14.251+0000] {dag.py:3823} INFO - Setting next_dagrun for example_skip_dag to 2024-02-09 00:00:00+00:00, run_after=2024-02-10 00:00:00+00:00
[2024-02-10T18:02:14.307+0000] {processor.py:183} INFO - Processing /home/airflow/.local/lib/python3.8/site-packages/airflow/example_dags/example_skip_dag.py took 0.156 seconds
[2024-02-10T18:02:45.082+0000] {processor.py:161} INFO - Started process (PID=2193) to work on /home/airflow/.local/lib/python3.8/site-packages/airflow/example_dags/example_skip_dag.py
[2024-02-10T18:02:45.083+0000] {processor.py:830} INFO - Processing file /home/airflow/.local/lib/python3.8/site-packages/airflow/example_dags/example_skip_dag.py for tasks to queue
[2024-02-10T18:02:45.084+0000] {logging_mixin.py:188} INFO - [2024-02-10T18:02:45.084+0000] {dagbag.py:538} INFO - Filling up the DagBag from /home/airflow/.local/lib/python3.8/site-packages/airflow/example_dags/example_skip_dag.py
[2024-02-10T18:02:45.092+0000] {processor.py:840} INFO - DAG(s) 'example_skip_dag' retrieved from /home/airflow/.local/lib/python3.8/site-packages/airflow/example_dags/example_skip_dag.py
[2024-02-10T18:02:45.116+0000] {logging_mixin.py:188} INFO - [2024-02-10T18:02:45.116+0000] {dag.py:3036} INFO - Sync 1 DAGs
[2024-02-10T18:02:45.142+0000] {logging_mixin.py:188} INFO - [2024-02-10T18:02:45.142+0000] {dag.py:3823} INFO - Setting next_dagrun for example_skip_dag to 2024-02-09 00:00:00+00:00, run_after=2024-02-10 00:00:00+00:00
[2024-02-10T18:02:45.170+0000] {processor.py:183} INFO - Processing /home/airflow/.local/lib/python3.8/site-packages/airflow/example_dags/example_skip_dag.py took 0.091 seconds
[2024-02-10T18:03:15.729+0000] {processor.py:161} INFO - Started process (PID=2249) to work on /home/airflow/.local/lib/python3.8/site-packages/airflow/example_dags/example_skip_dag.py
[2024-02-10T18:03:15.731+0000] {processor.py:830} INFO - Processing file /home/airflow/.local/lib/python3.8/site-packages/airflow/example_dags/example_skip_dag.py for tasks to queue
[2024-02-10T18:03:15.738+0000] {logging_mixin.py:188} INFO - [2024-02-10T18:03:15.736+0000] {dagbag.py:538} INFO - Filling up the DagBag from /home/airflow/.local/lib/python3.8/site-packages/airflow/example_dags/example_skip_dag.py
[2024-02-10T18:03:15.747+0000] {processor.py:840} INFO - DAG(s) 'example_skip_dag' retrieved from /home/airflow/.local/lib/python3.8/site-packages/airflow/example_dags/example_skip_dag.py
[2024-02-10T18:03:15.771+0000] {logging_mixin.py:188} INFO - [2024-02-10T18:03:15.771+0000] {dag.py:3036} INFO - Sync 1 DAGs
[2024-02-10T18:03:15.797+0000] {logging_mixin.py:188} INFO - [2024-02-10T18:03:15.796+0000] {dag.py:3823} INFO - Setting next_dagrun for example_skip_dag to 2024-02-09 00:00:00+00:00, run_after=2024-02-10 00:00:00+00:00
[2024-02-10T18:03:15.834+0000] {processor.py:183} INFO - Processing /home/airflow/.local/lib/python3.8/site-packages/airflow/example_dags/example_skip_dag.py took 0.120 seconds
[2024-02-10T18:03:46.122+0000] {processor.py:161} INFO - Started process (PID=2304) to work on /home/airflow/.local/lib/python3.8/site-packages/airflow/example_dags/example_skip_dag.py
[2024-02-10T18:03:46.122+0000] {processor.py:830} INFO - Processing file /home/airflow/.local/lib/python3.8/site-packages/airflow/example_dags/example_skip_dag.py for tasks to queue
[2024-02-10T18:03:46.124+0000] {logging_mixin.py:188} INFO - [2024-02-10T18:03:46.123+0000] {dagbag.py:538} INFO - Filling up the DagBag from /home/airflow/.local/lib/python3.8/site-packages/airflow/example_dags/example_skip_dag.py
[2024-02-10T18:03:46.129+0000] {processor.py:840} INFO - DAG(s) 'example_skip_dag' retrieved from /home/airflow/.local/lib/python3.8/site-packages/airflow/example_dags/example_skip_dag.py
[2024-02-10T18:03:46.146+0000] {logging_mixin.py:188} INFO - [2024-02-10T18:03:46.145+0000] {dag.py:3036} INFO - Sync 1 DAGs
[2024-02-10T18:03:46.162+0000] {logging_mixin.py:188} INFO - [2024-02-10T18:03:46.162+0000] {dag.py:3823} INFO - Setting next_dagrun for example_skip_dag to 2024-02-09 00:00:00+00:00, run_after=2024-02-10 00:00:00+00:00
[2024-02-10T18:03:46.182+0000] {processor.py:183} INFO - Processing /home/airflow/.local/lib/python3.8/site-packages/airflow/example_dags/example_skip_dag.py took 0.063 seconds
[2024-02-10T18:04:16.302+0000] {processor.py:161} INFO - Started process (PID=2360) to work on /home/airflow/.local/lib/python3.8/site-packages/airflow/example_dags/example_skip_dag.py
[2024-02-10T18:04:16.303+0000] {processor.py:830} INFO - Processing file /home/airflow/.local/lib/python3.8/site-packages/airflow/example_dags/example_skip_dag.py for tasks to queue
[2024-02-10T18:04:16.304+0000] {logging_mixin.py:188} INFO - [2024-02-10T18:04:16.304+0000] {dagbag.py:538} INFO - Filling up the DagBag from /home/airflow/.local/lib/python3.8/site-packages/airflow/example_dags/example_skip_dag.py
[2024-02-10T18:04:16.311+0000] {processor.py:840} INFO - DAG(s) 'example_skip_dag' retrieved from /home/airflow/.local/lib/python3.8/site-packages/airflow/example_dags/example_skip_dag.py
[2024-02-10T18:04:16.338+0000] {logging_mixin.py:188} INFO - [2024-02-10T18:04:16.337+0000] {dag.py:3036} INFO - Sync 1 DAGs
[2024-02-10T18:04:16.362+0000] {logging_mixin.py:188} INFO - [2024-02-10T18:04:16.362+0000] {dag.py:3823} INFO - Setting next_dagrun for example_skip_dag to 2024-02-09 00:00:00+00:00, run_after=2024-02-10 00:00:00+00:00
[2024-02-10T18:04:16.389+0000] {processor.py:183} INFO - Processing /home/airflow/.local/lib/python3.8/site-packages/airflow/example_dags/example_skip_dag.py took 0.091 seconds
[2024-02-10T18:04:47.001+0000] {processor.py:161} INFO - Started process (PID=2415) to work on /home/airflow/.local/lib/python3.8/site-packages/airflow/example_dags/example_skip_dag.py
[2024-02-10T18:04:47.002+0000] {processor.py:830} INFO - Processing file /home/airflow/.local/lib/python3.8/site-packages/airflow/example_dags/example_skip_dag.py for tasks to queue
[2024-02-10T18:04:47.004+0000] {logging_mixin.py:188} INFO - [2024-02-10T18:04:47.004+0000] {dagbag.py:538} INFO - Filling up the DagBag from /home/airflow/.local/lib/python3.8/site-packages/airflow/example_dags/example_skip_dag.py
[2024-02-10T18:04:47.012+0000] {processor.py:840} INFO - DAG(s) 'example_skip_dag' retrieved from /home/airflow/.local/lib/python3.8/site-packages/airflow/example_dags/example_skip_dag.py
[2024-02-10T18:04:47.036+0000] {logging_mixin.py:188} INFO - [2024-02-10T18:04:47.036+0000] {dag.py:3036} INFO - Sync 1 DAGs
[2024-02-10T18:04:47.062+0000] {logging_mixin.py:188} INFO - [2024-02-10T18:04:47.062+0000] {dag.py:3823} INFO - Setting next_dagrun for example_skip_dag to 2024-02-09 00:00:00+00:00, run_after=2024-02-10 00:00:00+00:00
[2024-02-10T18:04:47.088+0000] {processor.py:183} INFO - Processing /home/airflow/.local/lib/python3.8/site-packages/airflow/example_dags/example_skip_dag.py took 0.090 seconds
[2024-02-10T18:05:17.846+0000] {processor.py:161} INFO - Started process (PID=2470) to work on /home/airflow/.local/lib/python3.8/site-packages/airflow/example_dags/example_skip_dag.py
[2024-02-10T18:05:17.846+0000] {processor.py:830} INFO - Processing file /home/airflow/.local/lib/python3.8/site-packages/airflow/example_dags/example_skip_dag.py for tasks to queue
[2024-02-10T18:05:17.848+0000] {logging_mixin.py:188} INFO - [2024-02-10T18:05:17.848+0000] {dagbag.py:538} INFO - Filling up the DagBag from /home/airflow/.local/lib/python3.8/site-packages/airflow/example_dags/example_skip_dag.py
[2024-02-10T18:05:17.855+0000] {processor.py:840} INFO - DAG(s) 'example_skip_dag' retrieved from /home/airflow/.local/lib/python3.8/site-packages/airflow/example_dags/example_skip_dag.py
[2024-02-10T18:05:17.879+0000] {logging_mixin.py:188} INFO - [2024-02-10T18:05:17.879+0000] {dag.py:3036} INFO - Sync 1 DAGs
[2024-02-10T18:05:17.904+0000] {logging_mixin.py:188} INFO - [2024-02-10T18:05:17.903+0000] {dag.py:3823} INFO - Setting next_dagrun for example_skip_dag to 2024-02-09 00:00:00+00:00, run_after=2024-02-10 00:00:00+00:00
[2024-02-10T18:05:17.929+0000] {processor.py:183} INFO - Processing /home/airflow/.local/lib/python3.8/site-packages/airflow/example_dags/example_skip_dag.py took 0.087 seconds
[2024-02-10T18:05:49.123+0000] {processor.py:161} INFO - Started process (PID=2524) to work on /home/airflow/.local/lib/python3.8/site-packages/airflow/example_dags/example_skip_dag.py
[2024-02-10T18:05:49.124+0000] {processor.py:830} INFO - Processing file /home/airflow/.local/lib/python3.8/site-packages/airflow/example_dags/example_skip_dag.py for tasks to queue
[2024-02-10T18:05:49.126+0000] {logging_mixin.py:188} INFO - [2024-02-10T18:05:49.125+0000] {dagbag.py:538} INFO - Filling up the DagBag from /home/airflow/.local/lib/python3.8/site-packages/airflow/example_dags/example_skip_dag.py
[2024-02-10T18:05:49.132+0000] {processor.py:840} INFO - DAG(s) 'example_skip_dag' retrieved from /home/airflow/.local/lib/python3.8/site-packages/airflow/example_dags/example_skip_dag.py
[2024-02-10T18:05:49.157+0000] {logging_mixin.py:188} INFO - [2024-02-10T18:05:49.157+0000] {dag.py:3036} INFO - Sync 1 DAGs
[2024-02-10T18:05:49.348+0000] {logging_mixin.py:188} INFO - [2024-02-10T18:05:49.348+0000] {dag.py:3823} INFO - Setting next_dagrun for example_skip_dag to 2024-02-09 00:00:00+00:00, run_after=2024-02-10 00:00:00+00:00
[2024-02-10T18:05:49.371+0000] {processor.py:183} INFO - Processing /home/airflow/.local/lib/python3.8/site-packages/airflow/example_dags/example_skip_dag.py took 0.251 seconds
[2024-02-10T18:06:19.466+0000] {processor.py:161} INFO - Started process (PID=2580) to work on /home/airflow/.local/lib/python3.8/site-packages/airflow/example_dags/example_skip_dag.py
[2024-02-10T18:06:19.467+0000] {processor.py:830} INFO - Processing file /home/airflow/.local/lib/python3.8/site-packages/airflow/example_dags/example_skip_dag.py for tasks to queue
[2024-02-10T18:06:19.469+0000] {logging_mixin.py:188} INFO - [2024-02-10T18:06:19.469+0000] {dagbag.py:538} INFO - Filling up the DagBag from /home/airflow/.local/lib/python3.8/site-packages/airflow/example_dags/example_skip_dag.py
[2024-02-10T18:06:19.484+0000] {processor.py:840} INFO - DAG(s) 'example_skip_dag' retrieved from /home/airflow/.local/lib/python3.8/site-packages/airflow/example_dags/example_skip_dag.py
[2024-02-10T18:06:19.528+0000] {logging_mixin.py:188} INFO - [2024-02-10T18:06:19.527+0000] {dag.py:3036} INFO - Sync 1 DAGs
[2024-02-10T18:06:19.561+0000] {logging_mixin.py:188} INFO - [2024-02-10T18:06:19.560+0000] {dag.py:3823} INFO - Setting next_dagrun for example_skip_dag to 2024-02-09 00:00:00+00:00, run_after=2024-02-10 00:00:00+00:00
[2024-02-10T18:06:19.608+0000] {processor.py:183} INFO - Processing /home/airflow/.local/lib/python3.8/site-packages/airflow/example_dags/example_skip_dag.py took 0.146 seconds
[2024-02-10T18:06:50.166+0000] {processor.py:161} INFO - Started process (PID=2635) to work on /home/airflow/.local/lib/python3.8/site-packages/airflow/example_dags/example_skip_dag.py
[2024-02-10T18:06:50.167+0000] {processor.py:830} INFO - Processing file /home/airflow/.local/lib/python3.8/site-packages/airflow/example_dags/example_skip_dag.py for tasks to queue
[2024-02-10T18:06:50.168+0000] {logging_mixin.py:188} INFO - [2024-02-10T18:06:50.168+0000] {dagbag.py:538} INFO - Filling up the DagBag from /home/airflow/.local/lib/python3.8/site-packages/airflow/example_dags/example_skip_dag.py
[2024-02-10T18:06:50.173+0000] {processor.py:840} INFO - DAG(s) 'example_skip_dag' retrieved from /home/airflow/.local/lib/python3.8/site-packages/airflow/example_dags/example_skip_dag.py
[2024-02-10T18:06:50.195+0000] {logging_mixin.py:188} INFO - [2024-02-10T18:06:50.195+0000] {dag.py:3036} INFO - Sync 1 DAGs
[2024-02-10T18:06:50.225+0000] {logging_mixin.py:188} INFO - [2024-02-10T18:06:50.224+0000] {dag.py:3823} INFO - Setting next_dagrun for example_skip_dag to 2024-02-09 00:00:00+00:00, run_after=2024-02-10 00:00:00+00:00
[2024-02-10T18:06:50.263+0000] {processor.py:183} INFO - Processing /home/airflow/.local/lib/python3.8/site-packages/airflow/example_dags/example_skip_dag.py took 0.100 seconds
[2024-02-10T18:07:21.029+0000] {processor.py:161} INFO - Started process (PID=2690) to work on /home/airflow/.local/lib/python3.8/site-packages/airflow/example_dags/example_skip_dag.py
[2024-02-10T18:07:21.030+0000] {processor.py:830} INFO - Processing file /home/airflow/.local/lib/python3.8/site-packages/airflow/example_dags/example_skip_dag.py for tasks to queue
[2024-02-10T18:07:21.031+0000] {logging_mixin.py:188} INFO - [2024-02-10T18:07:21.031+0000] {dagbag.py:538} INFO - Filling up the DagBag from /home/airflow/.local/lib/python3.8/site-packages/airflow/example_dags/example_skip_dag.py
[2024-02-10T18:07:21.037+0000] {processor.py:840} INFO - DAG(s) 'example_skip_dag' retrieved from /home/airflow/.local/lib/python3.8/site-packages/airflow/example_dags/example_skip_dag.py
[2024-02-10T18:07:21.059+0000] {logging_mixin.py:188} INFO - [2024-02-10T18:07:21.059+0000] {dag.py:3036} INFO - Sync 1 DAGs
[2024-02-10T18:07:21.089+0000] {logging_mixin.py:188} INFO - [2024-02-10T18:07:21.088+0000] {dag.py:3823} INFO - Setting next_dagrun for example_skip_dag to 2024-02-09 00:00:00+00:00, run_after=2024-02-10 00:00:00+00:00
[2024-02-10T18:07:21.149+0000] {processor.py:183} INFO - Processing /home/airflow/.local/lib/python3.8/site-packages/airflow/example_dags/example_skip_dag.py took 0.123 seconds
[2024-02-10T18:07:51.685+0000] {processor.py:161} INFO - Started process (PID=2750) to work on /home/airflow/.local/lib/python3.8/site-packages/airflow/example_dags/example_skip_dag.py
[2024-02-10T18:07:51.685+0000] {processor.py:830} INFO - Processing file /home/airflow/.local/lib/python3.8/site-packages/airflow/example_dags/example_skip_dag.py for tasks to queue
[2024-02-10T18:07:51.687+0000] {logging_mixin.py:188} INFO - [2024-02-10T18:07:51.687+0000] {dagbag.py:538} INFO - Filling up the DagBag from /home/airflow/.local/lib/python3.8/site-packages/airflow/example_dags/example_skip_dag.py
[2024-02-10T18:07:51.694+0000] {processor.py:840} INFO - DAG(s) 'example_skip_dag' retrieved from /home/airflow/.local/lib/python3.8/site-packages/airflow/example_dags/example_skip_dag.py
[2024-02-10T18:07:51.718+0000] {logging_mixin.py:188} INFO - [2024-02-10T18:07:51.718+0000] {dag.py:3036} INFO - Sync 1 DAGs
[2024-02-10T18:07:51.742+0000] {logging_mixin.py:188} INFO - [2024-02-10T18:07:51.742+0000] {dag.py:3823} INFO - Setting next_dagrun for example_skip_dag to 2024-02-09 00:00:00+00:00, run_after=2024-02-10 00:00:00+00:00
[2024-02-10T18:07:51.766+0000] {processor.py:183} INFO - Processing /home/airflow/.local/lib/python3.8/site-packages/airflow/example_dags/example_skip_dag.py took 0.085 seconds
[2024-02-10T18:08:21.993+0000] {processor.py:161} INFO - Started process (PID=2806) to work on /home/airflow/.local/lib/python3.8/site-packages/airflow/example_dags/example_skip_dag.py
[2024-02-10T18:08:21.994+0000] {processor.py:830} INFO - Processing file /home/airflow/.local/lib/python3.8/site-packages/airflow/example_dags/example_skip_dag.py for tasks to queue
[2024-02-10T18:08:21.995+0000] {logging_mixin.py:188} INFO - [2024-02-10T18:08:21.995+0000] {dagbag.py:538} INFO - Filling up the DagBag from /home/airflow/.local/lib/python3.8/site-packages/airflow/example_dags/example_skip_dag.py
[2024-02-10T18:08:22.001+0000] {processor.py:840} INFO - DAG(s) 'example_skip_dag' retrieved from /home/airflow/.local/lib/python3.8/site-packages/airflow/example_dags/example_skip_dag.py
[2024-02-10T18:08:22.018+0000] {logging_mixin.py:188} INFO - [2024-02-10T18:08:22.018+0000] {dag.py:3036} INFO - Sync 1 DAGs
[2024-02-10T18:08:22.035+0000] {logging_mixin.py:188} INFO - [2024-02-10T18:08:22.035+0000] {dag.py:3823} INFO - Setting next_dagrun for example_skip_dag to 2024-02-09 00:00:00+00:00, run_after=2024-02-10 00:00:00+00:00
[2024-02-10T18:08:22.056+0000] {processor.py:183} INFO - Processing /home/airflow/.local/lib/python3.8/site-packages/airflow/example_dags/example_skip_dag.py took 0.065 seconds
[2024-02-10T18:08:52.645+0000] {processor.py:161} INFO - Started process (PID=2862) to work on /home/airflow/.local/lib/python3.8/site-packages/airflow/example_dags/example_skip_dag.py
[2024-02-10T18:08:52.649+0000] {processor.py:830} INFO - Processing file /home/airflow/.local/lib/python3.8/site-packages/airflow/example_dags/example_skip_dag.py for tasks to queue
[2024-02-10T18:08:52.651+0000] {logging_mixin.py:188} INFO - [2024-02-10T18:08:52.650+0000] {dagbag.py:538} INFO - Filling up the DagBag from /home/airflow/.local/lib/python3.8/site-packages/airflow/example_dags/example_skip_dag.py
[2024-02-10T18:08:52.658+0000] {processor.py:840} INFO - DAG(s) 'example_skip_dag' retrieved from /home/airflow/.local/lib/python3.8/site-packages/airflow/example_dags/example_skip_dag.py
[2024-02-10T18:08:52.681+0000] {logging_mixin.py:188} INFO - [2024-02-10T18:08:52.680+0000] {dag.py:3036} INFO - Sync 1 DAGs
[2024-02-10T18:08:52.710+0000] {logging_mixin.py:188} INFO - [2024-02-10T18:08:52.709+0000] {dag.py:3823} INFO - Setting next_dagrun for example_skip_dag to 2024-02-09 00:00:00+00:00, run_after=2024-02-10 00:00:00+00:00
[2024-02-10T18:08:52.733+0000] {processor.py:183} INFO - Processing /home/airflow/.local/lib/python3.8/site-packages/airflow/example_dags/example_skip_dag.py took 0.091 seconds
[2024-02-10T18:09:22.803+0000] {processor.py:161} INFO - Started process (PID=2918) to work on /home/airflow/.local/lib/python3.8/site-packages/airflow/example_dags/example_skip_dag.py
[2024-02-10T18:09:22.804+0000] {processor.py:830} INFO - Processing file /home/airflow/.local/lib/python3.8/site-packages/airflow/example_dags/example_skip_dag.py for tasks to queue
[2024-02-10T18:09:22.806+0000] {logging_mixin.py:188} INFO - [2024-02-10T18:09:22.805+0000] {dagbag.py:538} INFO - Filling up the DagBag from /home/airflow/.local/lib/python3.8/site-packages/airflow/example_dags/example_skip_dag.py
[2024-02-10T18:09:22.813+0000] {processor.py:840} INFO - DAG(s) 'example_skip_dag' retrieved from /home/airflow/.local/lib/python3.8/site-packages/airflow/example_dags/example_skip_dag.py
[2024-02-10T18:09:22.842+0000] {logging_mixin.py:188} INFO - [2024-02-10T18:09:22.841+0000] {dag.py:3036} INFO - Sync 1 DAGs
[2024-02-10T18:09:22.868+0000] {logging_mixin.py:188} INFO - [2024-02-10T18:09:22.867+0000] {dag.py:3823} INFO - Setting next_dagrun for example_skip_dag to 2024-02-09 00:00:00+00:00, run_after=2024-02-10 00:00:00+00:00
[2024-02-10T18:09:22.894+0000] {processor.py:183} INFO - Processing /home/airflow/.local/lib/python3.8/site-packages/airflow/example_dags/example_skip_dag.py took 0.094 seconds
[2024-02-10T18:09:53.037+0000] {processor.py:161} INFO - Started process (PID=2972) to work on /home/airflow/.local/lib/python3.8/site-packages/airflow/example_dags/example_skip_dag.py
[2024-02-10T18:09:53.038+0000] {processor.py:830} INFO - Processing file /home/airflow/.local/lib/python3.8/site-packages/airflow/example_dags/example_skip_dag.py for tasks to queue
[2024-02-10T18:09:53.040+0000] {logging_mixin.py:188} INFO - [2024-02-10T18:09:53.040+0000] {dagbag.py:538} INFO - Filling up the DagBag from /home/airflow/.local/lib/python3.8/site-packages/airflow/example_dags/example_skip_dag.py
[2024-02-10T18:09:53.048+0000] {processor.py:840} INFO - DAG(s) 'example_skip_dag' retrieved from /home/airflow/.local/lib/python3.8/site-packages/airflow/example_dags/example_skip_dag.py
[2024-02-10T18:09:53.092+0000] {logging_mixin.py:188} INFO - [2024-02-10T18:09:53.092+0000] {dag.py:3036} INFO - Sync 1 DAGs
[2024-02-10T18:09:53.174+0000] {logging_mixin.py:188} INFO - [2024-02-10T18:09:53.173+0000] {dag.py:3823} INFO - Setting next_dagrun for example_skip_dag to 2024-02-09 00:00:00+00:00, run_after=2024-02-10 00:00:00+00:00
[2024-02-10T18:09:53.229+0000] {processor.py:183} INFO - Processing /home/airflow/.local/lib/python3.8/site-packages/airflow/example_dags/example_skip_dag.py took 0.197 seconds
[2024-02-10T18:10:23.589+0000] {processor.py:161} INFO - Started process (PID=3027) to work on /home/airflow/.local/lib/python3.8/site-packages/airflow/example_dags/example_skip_dag.py
[2024-02-10T18:10:23.589+0000] {processor.py:830} INFO - Processing file /home/airflow/.local/lib/python3.8/site-packages/airflow/example_dags/example_skip_dag.py for tasks to queue
[2024-02-10T18:10:23.591+0000] {logging_mixin.py:188} INFO - [2024-02-10T18:10:23.590+0000] {dagbag.py:538} INFO - Filling up the DagBag from /home/airflow/.local/lib/python3.8/site-packages/airflow/example_dags/example_skip_dag.py
[2024-02-10T18:10:23.596+0000] {processor.py:840} INFO - DAG(s) 'example_skip_dag' retrieved from /home/airflow/.local/lib/python3.8/site-packages/airflow/example_dags/example_skip_dag.py
[2024-02-10T18:10:23.616+0000] {logging_mixin.py:188} INFO - [2024-02-10T18:10:23.616+0000] {dag.py:3036} INFO - Sync 1 DAGs
[2024-02-10T18:10:23.634+0000] {logging_mixin.py:188} INFO - [2024-02-10T18:10:23.633+0000] {dag.py:3823} INFO - Setting next_dagrun for example_skip_dag to 2024-02-09 00:00:00+00:00, run_after=2024-02-10 00:00:00+00:00
[2024-02-10T18:10:23.654+0000] {processor.py:183} INFO - Processing /home/airflow/.local/lib/python3.8/site-packages/airflow/example_dags/example_skip_dag.py took 0.068 seconds
[2024-02-10T18:10:53.908+0000] {processor.py:161} INFO - Started process (PID=3081) to work on /home/airflow/.local/lib/python3.8/site-packages/airflow/example_dags/example_skip_dag.py
[2024-02-10T18:10:53.909+0000] {processor.py:830} INFO - Processing file /home/airflow/.local/lib/python3.8/site-packages/airflow/example_dags/example_skip_dag.py for tasks to queue
[2024-02-10T18:10:53.910+0000] {logging_mixin.py:188} INFO - [2024-02-10T18:10:53.910+0000] {dagbag.py:538} INFO - Filling up the DagBag from /home/airflow/.local/lib/python3.8/site-packages/airflow/example_dags/example_skip_dag.py
[2024-02-10T18:10:53.915+0000] {processor.py:840} INFO - DAG(s) 'example_skip_dag' retrieved from /home/airflow/.local/lib/python3.8/site-packages/airflow/example_dags/example_skip_dag.py
[2024-02-10T18:10:53.933+0000] {logging_mixin.py:188} INFO - [2024-02-10T18:10:53.933+0000] {dag.py:3036} INFO - Sync 1 DAGs
[2024-02-10T18:10:53.951+0000] {logging_mixin.py:188} INFO - [2024-02-10T18:10:53.951+0000] {dag.py:3823} INFO - Setting next_dagrun for example_skip_dag to 2024-02-09 00:00:00+00:00, run_after=2024-02-10 00:00:00+00:00
[2024-02-10T18:10:53.971+0000] {processor.py:183} INFO - Processing /home/airflow/.local/lib/python3.8/site-packages/airflow/example_dags/example_skip_dag.py took 0.065 seconds
[2024-02-10T18:11:24.531+0000] {processor.py:161} INFO - Started process (PID=3137) to work on /home/airflow/.local/lib/python3.8/site-packages/airflow/example_dags/example_skip_dag.py
[2024-02-10T18:11:24.534+0000] {processor.py:830} INFO - Processing file /home/airflow/.local/lib/python3.8/site-packages/airflow/example_dags/example_skip_dag.py for tasks to queue
[2024-02-10T18:11:24.536+0000] {logging_mixin.py:188} INFO - [2024-02-10T18:11:24.536+0000] {dagbag.py:538} INFO - Filling up the DagBag from /home/airflow/.local/lib/python3.8/site-packages/airflow/example_dags/example_skip_dag.py
[2024-02-10T18:11:24.554+0000] {processor.py:840} INFO - DAG(s) 'example_skip_dag' retrieved from /home/airflow/.local/lib/python3.8/site-packages/airflow/example_dags/example_skip_dag.py
[2024-02-10T18:11:24.599+0000] {logging_mixin.py:188} INFO - [2024-02-10T18:11:24.599+0000] {dag.py:3036} INFO - Sync 1 DAGs
[2024-02-10T18:11:24.649+0000] {logging_mixin.py:188} INFO - [2024-02-10T18:11:24.649+0000] {dag.py:3823} INFO - Setting next_dagrun for example_skip_dag to 2024-02-09 00:00:00+00:00, run_after=2024-02-10 00:00:00+00:00
[2024-02-10T18:11:24.696+0000] {processor.py:183} INFO - Processing /home/airflow/.local/lib/python3.8/site-packages/airflow/example_dags/example_skip_dag.py took 0.170 seconds
[2024-02-10T18:11:54.805+0000] {processor.py:161} INFO - Started process (PID=3192) to work on /home/airflow/.local/lib/python3.8/site-packages/airflow/example_dags/example_skip_dag.py
[2024-02-10T18:11:54.806+0000] {processor.py:830} INFO - Processing file /home/airflow/.local/lib/python3.8/site-packages/airflow/example_dags/example_skip_dag.py for tasks to queue
[2024-02-10T18:11:54.808+0000] {logging_mixin.py:188} INFO - [2024-02-10T18:11:54.807+0000] {dagbag.py:538} INFO - Filling up the DagBag from /home/airflow/.local/lib/python3.8/site-packages/airflow/example_dags/example_skip_dag.py
[2024-02-10T18:11:54.814+0000] {processor.py:840} INFO - DAG(s) 'example_skip_dag' retrieved from /home/airflow/.local/lib/python3.8/site-packages/airflow/example_dags/example_skip_dag.py
[2024-02-10T18:11:54.833+0000] {logging_mixin.py:188} INFO - [2024-02-10T18:11:54.833+0000] {dag.py:3036} INFO - Sync 1 DAGs
[2024-02-10T18:11:54.851+0000] {logging_mixin.py:188} INFO - [2024-02-10T18:11:54.851+0000] {dag.py:3823} INFO - Setting next_dagrun for example_skip_dag to 2024-02-09 00:00:00+00:00, run_after=2024-02-10 00:00:00+00:00
[2024-02-10T18:11:54.870+0000] {processor.py:183} INFO - Processing /home/airflow/.local/lib/python3.8/site-packages/airflow/example_dags/example_skip_dag.py took 0.069 seconds
[2024-02-10T18:12:25.456+0000] {processor.py:161} INFO - Started process (PID=3248) to work on /home/airflow/.local/lib/python3.8/site-packages/airflow/example_dags/example_skip_dag.py
[2024-02-10T18:12:25.457+0000] {processor.py:830} INFO - Processing file /home/airflow/.local/lib/python3.8/site-packages/airflow/example_dags/example_skip_dag.py for tasks to queue
[2024-02-10T18:12:25.458+0000] {logging_mixin.py:188} INFO - [2024-02-10T18:12:25.458+0000] {dagbag.py:538} INFO - Filling up the DagBag from /home/airflow/.local/lib/python3.8/site-packages/airflow/example_dags/example_skip_dag.py
[2024-02-10T18:12:25.463+0000] {processor.py:840} INFO - DAG(s) 'example_skip_dag' retrieved from /home/airflow/.local/lib/python3.8/site-packages/airflow/example_dags/example_skip_dag.py
[2024-02-10T18:12:25.480+0000] {logging_mixin.py:188} INFO - [2024-02-10T18:12:25.480+0000] {dag.py:3036} INFO - Sync 1 DAGs
[2024-02-10T18:12:25.503+0000] {logging_mixin.py:188} INFO - [2024-02-10T18:12:25.502+0000] {dag.py:3823} INFO - Setting next_dagrun for example_skip_dag to 2024-02-09 00:00:00+00:00, run_after=2024-02-10 00:00:00+00:00
[2024-02-10T18:12:25.528+0000] {processor.py:183} INFO - Processing /home/airflow/.local/lib/python3.8/site-packages/airflow/example_dags/example_skip_dag.py took 0.075 seconds
[2024-02-10T18:12:55.649+0000] {processor.py:161} INFO - Started process (PID=3303) to work on /home/airflow/.local/lib/python3.8/site-packages/airflow/example_dags/example_skip_dag.py
[2024-02-10T18:12:55.650+0000] {processor.py:830} INFO - Processing file /home/airflow/.local/lib/python3.8/site-packages/airflow/example_dags/example_skip_dag.py for tasks to queue
[2024-02-10T18:12:55.651+0000] {logging_mixin.py:188} INFO - [2024-02-10T18:12:55.651+0000] {dagbag.py:538} INFO - Filling up the DagBag from /home/airflow/.local/lib/python3.8/site-packages/airflow/example_dags/example_skip_dag.py
[2024-02-10T18:12:55.656+0000] {processor.py:840} INFO - DAG(s) 'example_skip_dag' retrieved from /home/airflow/.local/lib/python3.8/site-packages/airflow/example_dags/example_skip_dag.py
[2024-02-10T18:12:55.673+0000] {logging_mixin.py:188} INFO - [2024-02-10T18:12:55.673+0000] {dag.py:3036} INFO - Sync 1 DAGs
[2024-02-10T18:12:55.691+0000] {logging_mixin.py:188} INFO - [2024-02-10T18:12:55.691+0000] {dag.py:3823} INFO - Setting next_dagrun for example_skip_dag to 2024-02-09 00:00:00+00:00, run_after=2024-02-10 00:00:00+00:00
[2024-02-10T18:12:55.711+0000] {processor.py:183} INFO - Processing /home/airflow/.local/lib/python3.8/site-packages/airflow/example_dags/example_skip_dag.py took 0.064 seconds
[2024-02-10T18:13:26.229+0000] {processor.py:161} INFO - Started process (PID=3359) to work on /home/airflow/.local/lib/python3.8/site-packages/airflow/example_dags/example_skip_dag.py
[2024-02-10T18:13:26.229+0000] {processor.py:830} INFO - Processing file /home/airflow/.local/lib/python3.8/site-packages/airflow/example_dags/example_skip_dag.py for tasks to queue
[2024-02-10T18:13:26.231+0000] {logging_mixin.py:188} INFO - [2024-02-10T18:13:26.231+0000] {dagbag.py:538} INFO - Filling up the DagBag from /home/airflow/.local/lib/python3.8/site-packages/airflow/example_dags/example_skip_dag.py
[2024-02-10T18:13:26.236+0000] {processor.py:840} INFO - DAG(s) 'example_skip_dag' retrieved from /home/airflow/.local/lib/python3.8/site-packages/airflow/example_dags/example_skip_dag.py
[2024-02-10T18:13:26.252+0000] {logging_mixin.py:188} INFO - [2024-02-10T18:13:26.252+0000] {dag.py:3036} INFO - Sync 1 DAGs
[2024-02-10T18:13:26.271+0000] {logging_mixin.py:188} INFO - [2024-02-10T18:13:26.271+0000] {dag.py:3823} INFO - Setting next_dagrun for example_skip_dag to 2024-02-09 00:00:00+00:00, run_after=2024-02-10 00:00:00+00:00
[2024-02-10T18:13:26.294+0000] {processor.py:183} INFO - Processing /home/airflow/.local/lib/python3.8/site-packages/airflow/example_dags/example_skip_dag.py took 0.069 seconds
[2024-02-10T18:13:56.910+0000] {processor.py:161} INFO - Started process (PID=3414) to work on /home/airflow/.local/lib/python3.8/site-packages/airflow/example_dags/example_skip_dag.py
[2024-02-10T18:13:56.911+0000] {processor.py:830} INFO - Processing file /home/airflow/.local/lib/python3.8/site-packages/airflow/example_dags/example_skip_dag.py for tasks to queue
[2024-02-10T18:13:56.913+0000] {logging_mixin.py:188} INFO - [2024-02-10T18:13:56.913+0000] {dagbag.py:538} INFO - Filling up the DagBag from /home/airflow/.local/lib/python3.8/site-packages/airflow/example_dags/example_skip_dag.py
[2024-02-10T18:13:56.919+0000] {processor.py:840} INFO - DAG(s) 'example_skip_dag' retrieved from /home/airflow/.local/lib/python3.8/site-packages/airflow/example_dags/example_skip_dag.py
[2024-02-10T18:13:56.937+0000] {logging_mixin.py:188} INFO - [2024-02-10T18:13:56.936+0000] {dag.py:3036} INFO - Sync 1 DAGs
[2024-02-10T18:13:56.957+0000] {logging_mixin.py:188} INFO - [2024-02-10T18:13:56.956+0000] {dag.py:3823} INFO - Setting next_dagrun for example_skip_dag to 2024-02-09 00:00:00+00:00, run_after=2024-02-10 00:00:00+00:00
[2024-02-10T18:13:56.981+0000] {processor.py:183} INFO - Processing /home/airflow/.local/lib/python3.8/site-packages/airflow/example_dags/example_skip_dag.py took 0.074 seconds
[2024-02-10T18:14:27.284+0000] {processor.py:161} INFO - Started process (PID=3469) to work on /home/airflow/.local/lib/python3.8/site-packages/airflow/example_dags/example_skip_dag.py
[2024-02-10T18:14:27.285+0000] {processor.py:830} INFO - Processing file /home/airflow/.local/lib/python3.8/site-packages/airflow/example_dags/example_skip_dag.py for tasks to queue
[2024-02-10T18:14:27.286+0000] {logging_mixin.py:188} INFO - [2024-02-10T18:14:27.286+0000] {dagbag.py:538} INFO - Filling up the DagBag from /home/airflow/.local/lib/python3.8/site-packages/airflow/example_dags/example_skip_dag.py
[2024-02-10T18:14:27.291+0000] {processor.py:840} INFO - DAG(s) 'example_skip_dag' retrieved from /home/airflow/.local/lib/python3.8/site-packages/airflow/example_dags/example_skip_dag.py
[2024-02-10T18:14:27.308+0000] {logging_mixin.py:188} INFO - [2024-02-10T18:14:27.308+0000] {dag.py:3036} INFO - Sync 1 DAGs
[2024-02-10T18:14:27.325+0000] {logging_mixin.py:188} INFO - [2024-02-10T18:14:27.325+0000] {dag.py:3823} INFO - Setting next_dagrun for example_skip_dag to 2024-02-09 00:00:00+00:00, run_after=2024-02-10 00:00:00+00:00
[2024-02-10T18:14:27.345+0000] {processor.py:183} INFO - Processing /home/airflow/.local/lib/python3.8/site-packages/airflow/example_dags/example_skip_dag.py took 0.063 seconds
[2024-02-10T18:14:57.474+0000] {processor.py:161} INFO - Started process (PID=3524) to work on /home/airflow/.local/lib/python3.8/site-packages/airflow/example_dags/example_skip_dag.py
[2024-02-10T18:14:57.474+0000] {processor.py:830} INFO - Processing file /home/airflow/.local/lib/python3.8/site-packages/airflow/example_dags/example_skip_dag.py for tasks to queue
[2024-02-10T18:14:57.475+0000] {logging_mixin.py:188} INFO - [2024-02-10T18:14:57.475+0000] {dagbag.py:538} INFO - Filling up the DagBag from /home/airflow/.local/lib/python3.8/site-packages/airflow/example_dags/example_skip_dag.py
[2024-02-10T18:14:57.481+0000] {processor.py:840} INFO - DAG(s) 'example_skip_dag' retrieved from /home/airflow/.local/lib/python3.8/site-packages/airflow/example_dags/example_skip_dag.py
[2024-02-10T18:14:57.497+0000] {logging_mixin.py:188} INFO - [2024-02-10T18:14:57.497+0000] {dag.py:3036} INFO - Sync 1 DAGs
[2024-02-10T18:14:57.515+0000] {logging_mixin.py:188} INFO - [2024-02-10T18:14:57.514+0000] {dag.py:3823} INFO - Setting next_dagrun for example_skip_dag to 2024-02-09 00:00:00+00:00, run_after=2024-02-10 00:00:00+00:00
[2024-02-10T18:14:57.535+0000] {processor.py:183} INFO - Processing /home/airflow/.local/lib/python3.8/site-packages/airflow/example_dags/example_skip_dag.py took 0.064 seconds
[2024-02-10T18:15:27.913+0000] {processor.py:161} INFO - Started process (PID=3579) to work on /home/airflow/.local/lib/python3.8/site-packages/airflow/example_dags/example_skip_dag.py
[2024-02-10T18:15:27.914+0000] {processor.py:830} INFO - Processing file /home/airflow/.local/lib/python3.8/site-packages/airflow/example_dags/example_skip_dag.py for tasks to queue
[2024-02-10T18:15:27.915+0000] {logging_mixin.py:188} INFO - [2024-02-10T18:15:27.915+0000] {dagbag.py:538} INFO - Filling up the DagBag from /home/airflow/.local/lib/python3.8/site-packages/airflow/example_dags/example_skip_dag.py
[2024-02-10T18:15:27.921+0000] {processor.py:840} INFO - DAG(s) 'example_skip_dag' retrieved from /home/airflow/.local/lib/python3.8/site-packages/airflow/example_dags/example_skip_dag.py
[2024-02-10T18:15:27.939+0000] {logging_mixin.py:188} INFO - [2024-02-10T18:15:27.938+0000] {dag.py:3036} INFO - Sync 1 DAGs
[2024-02-10T18:15:27.956+0000] {logging_mixin.py:188} INFO - [2024-02-10T18:15:27.956+0000] {dag.py:3823} INFO - Setting next_dagrun for example_skip_dag to 2024-02-09 00:00:00+00:00, run_after=2024-02-10 00:00:00+00:00
[2024-02-10T18:15:27.977+0000] {processor.py:183} INFO - Processing /home/airflow/.local/lib/python3.8/site-packages/airflow/example_dags/example_skip_dag.py took 0.069 seconds
[2024-02-10T18:15:58.298+0000] {processor.py:161} INFO - Started process (PID=3635) to work on /home/airflow/.local/lib/python3.8/site-packages/airflow/example_dags/example_skip_dag.py
[2024-02-10T18:15:58.299+0000] {processor.py:830} INFO - Processing file /home/airflow/.local/lib/python3.8/site-packages/airflow/example_dags/example_skip_dag.py for tasks to queue
[2024-02-10T18:15:58.300+0000] {logging_mixin.py:188} INFO - [2024-02-10T18:15:58.300+0000] {dagbag.py:538} INFO - Filling up the DagBag from /home/airflow/.local/lib/python3.8/site-packages/airflow/example_dags/example_skip_dag.py
[2024-02-10T18:15:58.305+0000] {processor.py:840} INFO - DAG(s) 'example_skip_dag' retrieved from /home/airflow/.local/lib/python3.8/site-packages/airflow/example_dags/example_skip_dag.py
[2024-02-10T18:15:58.323+0000] {logging_mixin.py:188} INFO - [2024-02-10T18:15:58.322+0000] {dag.py:3036} INFO - Sync 1 DAGs
[2024-02-10T18:15:58.344+0000] {logging_mixin.py:188} INFO - [2024-02-10T18:15:58.344+0000] {dag.py:3823} INFO - Setting next_dagrun for example_skip_dag to 2024-02-09 00:00:00+00:00, run_after=2024-02-10 00:00:00+00:00
[2024-02-10T18:15:58.371+0000] {processor.py:183} INFO - Processing /home/airflow/.local/lib/python3.8/site-packages/airflow/example_dags/example_skip_dag.py took 0.076 seconds
