[2024-02-10T17:43:00.107+0000] {processor.py:161} INFO - Started process (PID=45) to work on /home/airflow/.local/lib/python3.8/site-packages/airflow/example_dags/example_dynamic_task_mapping.py
[2024-02-10T17:43:00.108+0000] {processor.py:830} INFO - Processing file /home/airflow/.local/lib/python3.8/site-packages/airflow/example_dags/example_dynamic_task_mapping.py for tasks to queue
[2024-02-10T17:43:00.118+0000] {logging_mixin.py:188} INFO - [2024-02-10T17:43:00.118+0000] {dagbag.py:538} INFO - Filling up the DagBag from /home/airflow/.local/lib/python3.8/site-packages/airflow/example_dags/example_dynamic_task_mapping.py
[2024-02-10T17:43:00.148+0000] {processor.py:840} INFO - DAG(s) 'example_dynamic_task_mapping' retrieved from /home/airflow/.local/lib/python3.8/site-packages/airflow/example_dags/example_dynamic_task_mapping.py
[2024-02-10T17:43:00.592+0000] {logging_mixin.py:188} INFO - [2024-02-10T17:43:00.591+0000] {dag.py:3036} INFO - Sync 1 DAGs
[2024-02-10T17:43:00.636+0000] {logging_mixin.py:188} INFO - [2024-02-10T17:43:00.636+0000] {dag.py:3823} INFO - Setting next_dagrun for example_dynamic_task_mapping to 2022-03-04 00:00:00+00:00, run_after=2022-03-05 00:00:00+00:00
[2024-02-10T17:43:00.689+0000] {processor.py:183} INFO - Processing /home/airflow/.local/lib/python3.8/site-packages/airflow/example_dags/example_dynamic_task_mapping.py took 0.586 seconds
[2024-02-10T17:43:31.421+0000] {processor.py:161} INFO - Started process (PID=100) to work on /home/airflow/.local/lib/python3.8/site-packages/airflow/example_dags/example_dynamic_task_mapping.py
[2024-02-10T17:43:31.422+0000] {processor.py:830} INFO - Processing file /home/airflow/.local/lib/python3.8/site-packages/airflow/example_dags/example_dynamic_task_mapping.py for tasks to queue
[2024-02-10T17:43:31.423+0000] {logging_mixin.py:188} INFO - [2024-02-10T17:43:31.423+0000] {dagbag.py:538} INFO - Filling up the DagBag from /home/airflow/.local/lib/python3.8/site-packages/airflow/example_dags/example_dynamic_task_mapping.py
[2024-02-10T17:43:31.430+0000] {processor.py:840} INFO - DAG(s) 'example_dynamic_task_mapping' retrieved from /home/airflow/.local/lib/python3.8/site-packages/airflow/example_dags/example_dynamic_task_mapping.py
[2024-02-10T17:43:31.454+0000] {logging_mixin.py:188} INFO - [2024-02-10T17:43:31.453+0000] {dag.py:3036} INFO - Sync 1 DAGs
[2024-02-10T17:43:31.502+0000] {logging_mixin.py:188} INFO - [2024-02-10T17:43:31.502+0000] {dag.py:3823} INFO - Setting next_dagrun for example_dynamic_task_mapping to 2022-03-04 00:00:00+00:00, run_after=2022-03-05 00:00:00+00:00
[2024-02-10T17:43:31.531+0000] {processor.py:183} INFO - Processing /home/airflow/.local/lib/python3.8/site-packages/airflow/example_dags/example_dynamic_task_mapping.py took 0.114 seconds
[2024-02-10T17:44:01.792+0000] {processor.py:161} INFO - Started process (PID=155) to work on /home/airflow/.local/lib/python3.8/site-packages/airflow/example_dags/example_dynamic_task_mapping.py
[2024-02-10T17:44:01.793+0000] {processor.py:830} INFO - Processing file /home/airflow/.local/lib/python3.8/site-packages/airflow/example_dags/example_dynamic_task_mapping.py for tasks to queue
[2024-02-10T17:44:01.795+0000] {logging_mixin.py:188} INFO - [2024-02-10T17:44:01.795+0000] {dagbag.py:538} INFO - Filling up the DagBag from /home/airflow/.local/lib/python3.8/site-packages/airflow/example_dags/example_dynamic_task_mapping.py
[2024-02-10T17:44:01.801+0000] {processor.py:840} INFO - DAG(s) 'example_dynamic_task_mapping' retrieved from /home/airflow/.local/lib/python3.8/site-packages/airflow/example_dags/example_dynamic_task_mapping.py
[2024-02-10T17:44:01.823+0000] {logging_mixin.py:188} INFO - [2024-02-10T17:44:01.823+0000] {dag.py:3036} INFO - Sync 1 DAGs
[2024-02-10T17:44:01.849+0000] {logging_mixin.py:188} INFO - [2024-02-10T17:44:01.849+0000] {dag.py:3823} INFO - Setting next_dagrun for example_dynamic_task_mapping to 2022-03-04 00:00:00+00:00, run_after=2022-03-05 00:00:00+00:00
[2024-02-10T17:44:01.873+0000] {processor.py:183} INFO - Processing /home/airflow/.local/lib/python3.8/site-packages/airflow/example_dags/example_dynamic_task_mapping.py took 0.084 seconds
[2024-02-10T17:44:32.220+0000] {processor.py:161} INFO - Started process (PID=210) to work on /home/airflow/.local/lib/python3.8/site-packages/airflow/example_dags/example_dynamic_task_mapping.py
[2024-02-10T17:44:32.230+0000] {processor.py:830} INFO - Processing file /home/airflow/.local/lib/python3.8/site-packages/airflow/example_dags/example_dynamic_task_mapping.py for tasks to queue
[2024-02-10T17:44:32.232+0000] {logging_mixin.py:188} INFO - [2024-02-10T17:44:32.231+0000] {dagbag.py:538} INFO - Filling up the DagBag from /home/airflow/.local/lib/python3.8/site-packages/airflow/example_dags/example_dynamic_task_mapping.py
[2024-02-10T17:44:32.248+0000] {processor.py:840} INFO - DAG(s) 'example_dynamic_task_mapping' retrieved from /home/airflow/.local/lib/python3.8/site-packages/airflow/example_dags/example_dynamic_task_mapping.py
[2024-02-10T17:44:32.292+0000] {logging_mixin.py:188} INFO - [2024-02-10T17:44:32.292+0000] {dag.py:3036} INFO - Sync 1 DAGs
[2024-02-10T17:44:32.360+0000] {logging_mixin.py:188} INFO - [2024-02-10T17:44:32.360+0000] {dag.py:3823} INFO - Setting next_dagrun for example_dynamic_task_mapping to 2022-03-04 00:00:00+00:00, run_after=2022-03-05 00:00:00+00:00
[2024-02-10T17:44:32.399+0000] {processor.py:183} INFO - Processing /home/airflow/.local/lib/python3.8/site-packages/airflow/example_dags/example_dynamic_task_mapping.py took 0.183 seconds
[2024-02-10T17:45:02.540+0000] {processor.py:161} INFO - Started process (PID=265) to work on /home/airflow/.local/lib/python3.8/site-packages/airflow/example_dags/example_dynamic_task_mapping.py
[2024-02-10T17:45:02.541+0000] {processor.py:830} INFO - Processing file /home/airflow/.local/lib/python3.8/site-packages/airflow/example_dags/example_dynamic_task_mapping.py for tasks to queue
[2024-02-10T17:45:02.543+0000] {logging_mixin.py:188} INFO - [2024-02-10T17:45:02.543+0000] {dagbag.py:538} INFO - Filling up the DagBag from /home/airflow/.local/lib/python3.8/site-packages/airflow/example_dags/example_dynamic_task_mapping.py
[2024-02-10T17:45:02.551+0000] {processor.py:840} INFO - DAG(s) 'example_dynamic_task_mapping' retrieved from /home/airflow/.local/lib/python3.8/site-packages/airflow/example_dags/example_dynamic_task_mapping.py
[2024-02-10T17:45:02.605+0000] {logging_mixin.py:188} INFO - [2024-02-10T17:45:02.605+0000] {dag.py:3036} INFO - Sync 1 DAGs
[2024-02-10T17:45:02.731+0000] {logging_mixin.py:188} INFO - [2024-02-10T17:45:02.731+0000] {dag.py:3823} INFO - Setting next_dagrun for example_dynamic_task_mapping to 2022-03-04 00:00:00+00:00, run_after=2022-03-05 00:00:00+00:00
[2024-02-10T17:45:02.876+0000] {processor.py:183} INFO - Processing /home/airflow/.local/lib/python3.8/site-packages/airflow/example_dags/example_dynamic_task_mapping.py took 0.343 seconds
[2024-02-10T17:45:33.503+0000] {processor.py:161} INFO - Started process (PID=319) to work on /home/airflow/.local/lib/python3.8/site-packages/airflow/example_dags/example_dynamic_task_mapping.py
[2024-02-10T17:45:33.506+0000] {processor.py:830} INFO - Processing file /home/airflow/.local/lib/python3.8/site-packages/airflow/example_dags/example_dynamic_task_mapping.py for tasks to queue
[2024-02-10T17:45:33.508+0000] {logging_mixin.py:188} INFO - [2024-02-10T17:45:33.508+0000] {dagbag.py:538} INFO - Filling up the DagBag from /home/airflow/.local/lib/python3.8/site-packages/airflow/example_dags/example_dynamic_task_mapping.py
[2024-02-10T17:45:33.516+0000] {processor.py:840} INFO - DAG(s) 'example_dynamic_task_mapping' retrieved from /home/airflow/.local/lib/python3.8/site-packages/airflow/example_dags/example_dynamic_task_mapping.py
[2024-02-10T17:45:33.587+0000] {logging_mixin.py:188} INFO - [2024-02-10T17:45:33.587+0000] {dag.py:3036} INFO - Sync 1 DAGs
[2024-02-10T17:45:33.659+0000] {logging_mixin.py:188} INFO - [2024-02-10T17:45:33.659+0000] {dag.py:3823} INFO - Setting next_dagrun for example_dynamic_task_mapping to 2022-03-04 00:00:00+00:00, run_after=2022-03-05 00:00:00+00:00
[2024-02-10T17:45:33.723+0000] {processor.py:183} INFO - Processing /home/airflow/.local/lib/python3.8/site-packages/airflow/example_dags/example_dynamic_task_mapping.py took 0.232 seconds
[2024-02-10T17:46:03.835+0000] {processor.py:161} INFO - Started process (PID=375) to work on /home/airflow/.local/lib/python3.8/site-packages/airflow/example_dags/example_dynamic_task_mapping.py
[2024-02-10T17:46:03.836+0000] {processor.py:830} INFO - Processing file /home/airflow/.local/lib/python3.8/site-packages/airflow/example_dags/example_dynamic_task_mapping.py for tasks to queue
[2024-02-10T17:46:03.837+0000] {logging_mixin.py:188} INFO - [2024-02-10T17:46:03.837+0000] {dagbag.py:538} INFO - Filling up the DagBag from /home/airflow/.local/lib/python3.8/site-packages/airflow/example_dags/example_dynamic_task_mapping.py
[2024-02-10T17:46:03.842+0000] {processor.py:840} INFO - DAG(s) 'example_dynamic_task_mapping' retrieved from /home/airflow/.local/lib/python3.8/site-packages/airflow/example_dags/example_dynamic_task_mapping.py
[2024-02-10T17:46:03.857+0000] {logging_mixin.py:188} INFO - [2024-02-10T17:46:03.857+0000] {dag.py:3036} INFO - Sync 1 DAGs
[2024-02-10T17:46:03.873+0000] {logging_mixin.py:188} INFO - [2024-02-10T17:46:03.873+0000] {dag.py:3823} INFO - Setting next_dagrun for example_dynamic_task_mapping to 2022-03-04 00:00:00+00:00, run_after=2022-03-05 00:00:00+00:00
[2024-02-10T17:46:03.892+0000] {processor.py:183} INFO - Processing /home/airflow/.local/lib/python3.8/site-packages/airflow/example_dags/example_dynamic_task_mapping.py took 0.060 seconds
[2024-02-10T17:46:33.975+0000] {processor.py:161} INFO - Started process (PID=431) to work on /home/airflow/.local/lib/python3.8/site-packages/airflow/example_dags/example_dynamic_task_mapping.py
[2024-02-10T17:46:33.976+0000] {processor.py:830} INFO - Processing file /home/airflow/.local/lib/python3.8/site-packages/airflow/example_dags/example_dynamic_task_mapping.py for tasks to queue
[2024-02-10T17:46:33.978+0000] {logging_mixin.py:188} INFO - [2024-02-10T17:46:33.978+0000] {dagbag.py:538} INFO - Filling up the DagBag from /home/airflow/.local/lib/python3.8/site-packages/airflow/example_dags/example_dynamic_task_mapping.py
[2024-02-10T17:46:33.985+0000] {processor.py:840} INFO - DAG(s) 'example_dynamic_task_mapping' retrieved from /home/airflow/.local/lib/python3.8/site-packages/airflow/example_dags/example_dynamic_task_mapping.py
[2024-02-10T17:46:34.005+0000] {logging_mixin.py:188} INFO - [2024-02-10T17:46:34.004+0000] {dag.py:3036} INFO - Sync 1 DAGs
[2024-02-10T17:46:34.029+0000] {logging_mixin.py:188} INFO - [2024-02-10T17:46:34.029+0000] {dag.py:3823} INFO - Setting next_dagrun for example_dynamic_task_mapping to 2022-03-04 00:00:00+00:00, run_after=2022-03-05 00:00:00+00:00
[2024-02-10T17:46:34.059+0000] {processor.py:183} INFO - Processing /home/airflow/.local/lib/python3.8/site-packages/airflow/example_dags/example_dynamic_task_mapping.py took 0.087 seconds
[2024-02-10T17:47:04.735+0000] {processor.py:161} INFO - Started process (PID=487) to work on /home/airflow/.local/lib/python3.8/site-packages/airflow/example_dags/example_dynamic_task_mapping.py
[2024-02-10T17:47:04.736+0000] {processor.py:830} INFO - Processing file /home/airflow/.local/lib/python3.8/site-packages/airflow/example_dags/example_dynamic_task_mapping.py for tasks to queue
[2024-02-10T17:47:04.738+0000] {logging_mixin.py:188} INFO - [2024-02-10T17:47:04.737+0000] {dagbag.py:538} INFO - Filling up the DagBag from /home/airflow/.local/lib/python3.8/site-packages/airflow/example_dags/example_dynamic_task_mapping.py
[2024-02-10T17:47:04.745+0000] {processor.py:840} INFO - DAG(s) 'example_dynamic_task_mapping' retrieved from /home/airflow/.local/lib/python3.8/site-packages/airflow/example_dags/example_dynamic_task_mapping.py
[2024-02-10T17:47:04.789+0000] {logging_mixin.py:188} INFO - [2024-02-10T17:47:04.788+0000] {dag.py:3036} INFO - Sync 1 DAGs
[2024-02-10T17:47:04.811+0000] {logging_mixin.py:188} INFO - [2024-02-10T17:47:04.811+0000] {dag.py:3823} INFO - Setting next_dagrun for example_dynamic_task_mapping to 2022-03-04 00:00:00+00:00, run_after=2022-03-05 00:00:00+00:00
[2024-02-10T17:47:04.842+0000] {processor.py:183} INFO - Processing /home/airflow/.local/lib/python3.8/site-packages/airflow/example_dags/example_dynamic_task_mapping.py took 0.113 seconds
[2024-02-10T17:47:35.089+0000] {processor.py:161} INFO - Started process (PID=542) to work on /home/airflow/.local/lib/python3.8/site-packages/airflow/example_dags/example_dynamic_task_mapping.py
[2024-02-10T17:47:35.090+0000] {processor.py:830} INFO - Processing file /home/airflow/.local/lib/python3.8/site-packages/airflow/example_dags/example_dynamic_task_mapping.py for tasks to queue
[2024-02-10T17:47:35.091+0000] {logging_mixin.py:188} INFO - [2024-02-10T17:47:35.091+0000] {dagbag.py:538} INFO - Filling up the DagBag from /home/airflow/.local/lib/python3.8/site-packages/airflow/example_dags/example_dynamic_task_mapping.py
[2024-02-10T17:47:35.096+0000] {processor.py:840} INFO - DAG(s) 'example_dynamic_task_mapping' retrieved from /home/airflow/.local/lib/python3.8/site-packages/airflow/example_dags/example_dynamic_task_mapping.py
[2024-02-10T17:47:35.111+0000] {logging_mixin.py:188} INFO - [2024-02-10T17:47:35.111+0000] {dag.py:3036} INFO - Sync 1 DAGs
[2024-02-10T17:47:35.128+0000] {logging_mixin.py:188} INFO - [2024-02-10T17:47:35.127+0000] {dag.py:3823} INFO - Setting next_dagrun for example_dynamic_task_mapping to 2022-03-04 00:00:00+00:00, run_after=2022-03-05 00:00:00+00:00
[2024-02-10T17:47:35.148+0000] {processor.py:183} INFO - Processing /home/airflow/.local/lib/python3.8/site-packages/airflow/example_dags/example_dynamic_task_mapping.py took 0.062 seconds
[2024-02-10T17:48:05.525+0000] {processor.py:161} INFO - Started process (PID=599) to work on /home/airflow/.local/lib/python3.8/site-packages/airflow/example_dags/example_dynamic_task_mapping.py
[2024-02-10T17:48:05.526+0000] {processor.py:830} INFO - Processing file /home/airflow/.local/lib/python3.8/site-packages/airflow/example_dags/example_dynamic_task_mapping.py for tasks to queue
[2024-02-10T17:48:05.528+0000] {logging_mixin.py:188} INFO - [2024-02-10T17:48:05.528+0000] {dagbag.py:538} INFO - Filling up the DagBag from /home/airflow/.local/lib/python3.8/site-packages/airflow/example_dags/example_dynamic_task_mapping.py
[2024-02-10T17:48:05.534+0000] {processor.py:840} INFO - DAG(s) 'example_dynamic_task_mapping' retrieved from /home/airflow/.local/lib/python3.8/site-packages/airflow/example_dags/example_dynamic_task_mapping.py
[2024-02-10T17:48:05.554+0000] {logging_mixin.py:188} INFO - [2024-02-10T17:48:05.554+0000] {dag.py:3036} INFO - Sync 1 DAGs
[2024-02-10T17:48:05.576+0000] {logging_mixin.py:188} INFO - [2024-02-10T17:48:05.576+0000] {dag.py:3823} INFO - Setting next_dagrun for example_dynamic_task_mapping to 2022-03-04 00:00:00+00:00, run_after=2022-03-05 00:00:00+00:00
[2024-02-10T17:48:05.603+0000] {processor.py:183} INFO - Processing /home/airflow/.local/lib/python3.8/site-packages/airflow/example_dags/example_dynamic_task_mapping.py took 0.082 seconds
[2024-02-10T17:48:36.338+0000] {processor.py:161} INFO - Started process (PID=656) to work on /home/airflow/.local/lib/python3.8/site-packages/airflow/example_dags/example_dynamic_task_mapping.py
[2024-02-10T17:48:36.339+0000] {processor.py:830} INFO - Processing file /home/airflow/.local/lib/python3.8/site-packages/airflow/example_dags/example_dynamic_task_mapping.py for tasks to queue
[2024-02-10T17:48:36.341+0000] {logging_mixin.py:188} INFO - [2024-02-10T17:48:36.341+0000] {dagbag.py:538} INFO - Filling up the DagBag from /home/airflow/.local/lib/python3.8/site-packages/airflow/example_dags/example_dynamic_task_mapping.py
[2024-02-10T17:48:36.347+0000] {processor.py:840} INFO - DAG(s) 'example_dynamic_task_mapping' retrieved from /home/airflow/.local/lib/python3.8/site-packages/airflow/example_dags/example_dynamic_task_mapping.py
[2024-02-10T17:48:36.368+0000] {logging_mixin.py:188} INFO - [2024-02-10T17:48:36.368+0000] {dag.py:3036} INFO - Sync 1 DAGs
[2024-02-10T17:48:36.394+0000] {logging_mixin.py:188} INFO - [2024-02-10T17:48:36.393+0000] {dag.py:3823} INFO - Setting next_dagrun for example_dynamic_task_mapping to 2022-03-04 00:00:00+00:00, run_after=2022-03-05 00:00:00+00:00
[2024-02-10T17:48:36.416+0000] {processor.py:183} INFO - Processing /home/airflow/.local/lib/python3.8/site-packages/airflow/example_dags/example_dynamic_task_mapping.py took 0.082 seconds
[2024-02-10T17:49:06.899+0000] {processor.py:161} INFO - Started process (PID=711) to work on /home/airflow/.local/lib/python3.8/site-packages/airflow/example_dags/example_dynamic_task_mapping.py
[2024-02-10T17:49:06.900+0000] {processor.py:830} INFO - Processing file /home/airflow/.local/lib/python3.8/site-packages/airflow/example_dags/example_dynamic_task_mapping.py for tasks to queue
[2024-02-10T17:49:06.902+0000] {logging_mixin.py:188} INFO - [2024-02-10T17:49:06.902+0000] {dagbag.py:538} INFO - Filling up the DagBag from /home/airflow/.local/lib/python3.8/site-packages/airflow/example_dags/example_dynamic_task_mapping.py
[2024-02-10T17:49:06.909+0000] {processor.py:840} INFO - DAG(s) 'example_dynamic_task_mapping' retrieved from /home/airflow/.local/lib/python3.8/site-packages/airflow/example_dags/example_dynamic_task_mapping.py
[2024-02-10T17:49:06.933+0000] {logging_mixin.py:188} INFO - [2024-02-10T17:49:06.933+0000] {dag.py:3036} INFO - Sync 1 DAGs
[2024-02-10T17:49:06.955+0000] {logging_mixin.py:188} INFO - [2024-02-10T17:49:06.955+0000] {dag.py:3823} INFO - Setting next_dagrun for example_dynamic_task_mapping to 2022-03-04 00:00:00+00:00, run_after=2022-03-05 00:00:00+00:00
[2024-02-10T17:49:06.982+0000] {processor.py:183} INFO - Processing /home/airflow/.local/lib/python3.8/site-packages/airflow/example_dags/example_dynamic_task_mapping.py took 0.086 seconds
[2024-02-10T17:49:37.262+0000] {processor.py:161} INFO - Started process (PID=766) to work on /home/airflow/.local/lib/python3.8/site-packages/airflow/example_dags/example_dynamic_task_mapping.py
[2024-02-10T17:49:37.262+0000] {processor.py:830} INFO - Processing file /home/airflow/.local/lib/python3.8/site-packages/airflow/example_dags/example_dynamic_task_mapping.py for tasks to queue
[2024-02-10T17:49:37.265+0000] {logging_mixin.py:188} INFO - [2024-02-10T17:49:37.265+0000] {dagbag.py:538} INFO - Filling up the DagBag from /home/airflow/.local/lib/python3.8/site-packages/airflow/example_dags/example_dynamic_task_mapping.py
[2024-02-10T17:49:37.272+0000] {processor.py:840} INFO - DAG(s) 'example_dynamic_task_mapping' retrieved from /home/airflow/.local/lib/python3.8/site-packages/airflow/example_dags/example_dynamic_task_mapping.py
[2024-02-10T17:49:37.330+0000] {logging_mixin.py:188} INFO - [2024-02-10T17:49:37.330+0000] {dag.py:3036} INFO - Sync 1 DAGs
[2024-02-10T17:49:37.376+0000] {logging_mixin.py:188} INFO - [2024-02-10T17:49:37.376+0000] {dag.py:3823} INFO - Setting next_dagrun for example_dynamic_task_mapping to 2022-03-04 00:00:00+00:00, run_after=2022-03-05 00:00:00+00:00
[2024-02-10T17:49:37.408+0000] {processor.py:183} INFO - Processing /home/airflow/.local/lib/python3.8/site-packages/airflow/example_dags/example_dynamic_task_mapping.py took 0.150 seconds
[2024-02-10T17:50:07.895+0000] {processor.py:161} INFO - Started process (PID=821) to work on /home/airflow/.local/lib/python3.8/site-packages/airflow/example_dags/example_dynamic_task_mapping.py
[2024-02-10T17:50:07.896+0000] {processor.py:830} INFO - Processing file /home/airflow/.local/lib/python3.8/site-packages/airflow/example_dags/example_dynamic_task_mapping.py for tasks to queue
[2024-02-10T17:50:07.899+0000] {logging_mixin.py:188} INFO - [2024-02-10T17:50:07.898+0000] {dagbag.py:538} INFO - Filling up the DagBag from /home/airflow/.local/lib/python3.8/site-packages/airflow/example_dags/example_dynamic_task_mapping.py
[2024-02-10T17:50:07.907+0000] {processor.py:840} INFO - DAG(s) 'example_dynamic_task_mapping' retrieved from /home/airflow/.local/lib/python3.8/site-packages/airflow/example_dags/example_dynamic_task_mapping.py
[2024-02-10T17:50:07.933+0000] {logging_mixin.py:188} INFO - [2024-02-10T17:50:07.933+0000] {dag.py:3036} INFO - Sync 1 DAGs
[2024-02-10T17:50:07.951+0000] {logging_mixin.py:188} INFO - [2024-02-10T17:50:07.951+0000] {dag.py:3823} INFO - Setting next_dagrun for example_dynamic_task_mapping to 2022-03-04 00:00:00+00:00, run_after=2022-03-05 00:00:00+00:00
[2024-02-10T17:50:07.974+0000] {processor.py:183} INFO - Processing /home/airflow/.local/lib/python3.8/site-packages/airflow/example_dags/example_dynamic_task_mapping.py took 0.082 seconds
[2024-02-10T17:50:38.822+0000] {processor.py:161} INFO - Started process (PID=876) to work on /home/airflow/.local/lib/python3.8/site-packages/airflow/example_dags/example_dynamic_task_mapping.py
[2024-02-10T17:50:38.823+0000] {processor.py:830} INFO - Processing file /home/airflow/.local/lib/python3.8/site-packages/airflow/example_dags/example_dynamic_task_mapping.py for tasks to queue
[2024-02-10T17:50:38.831+0000] {logging_mixin.py:188} INFO - [2024-02-10T17:50:38.831+0000] {dagbag.py:538} INFO - Filling up the DagBag from /home/airflow/.local/lib/python3.8/site-packages/airflow/example_dags/example_dynamic_task_mapping.py
[2024-02-10T17:50:38.850+0000] {processor.py:840} INFO - DAG(s) 'example_dynamic_task_mapping' retrieved from /home/airflow/.local/lib/python3.8/site-packages/airflow/example_dags/example_dynamic_task_mapping.py
[2024-02-10T17:50:38.940+0000] {logging_mixin.py:188} INFO - [2024-02-10T17:50:38.939+0000] {dag.py:3036} INFO - Sync 1 DAGs
[2024-02-10T17:50:39.057+0000] {logging_mixin.py:188} INFO - [2024-02-10T17:50:39.057+0000] {dag.py:3823} INFO - Setting next_dagrun for example_dynamic_task_mapping to 2022-03-04 00:00:00+00:00, run_after=2022-03-05 00:00:00+00:00
[2024-02-10T17:50:39.115+0000] {processor.py:183} INFO - Processing /home/airflow/.local/lib/python3.8/site-packages/airflow/example_dags/example_dynamic_task_mapping.py took 0.314 seconds
[2024-02-10T17:51:09.591+0000] {processor.py:161} INFO - Started process (PID=931) to work on /home/airflow/.local/lib/python3.8/site-packages/airflow/example_dags/example_dynamic_task_mapping.py
[2024-02-10T17:51:09.592+0000] {processor.py:830} INFO - Processing file /home/airflow/.local/lib/python3.8/site-packages/airflow/example_dags/example_dynamic_task_mapping.py for tasks to queue
[2024-02-10T17:51:09.602+0000] {logging_mixin.py:188} INFO - [2024-02-10T17:51:09.602+0000] {dagbag.py:538} INFO - Filling up the DagBag from /home/airflow/.local/lib/python3.8/site-packages/airflow/example_dags/example_dynamic_task_mapping.py
[2024-02-10T17:51:09.611+0000] {processor.py:840} INFO - DAG(s) 'example_dynamic_task_mapping' retrieved from /home/airflow/.local/lib/python3.8/site-packages/airflow/example_dags/example_dynamic_task_mapping.py
[2024-02-10T17:51:09.659+0000] {logging_mixin.py:188} INFO - [2024-02-10T17:51:09.659+0000] {dag.py:3036} INFO - Sync 1 DAGs
[2024-02-10T17:51:09.735+0000] {logging_mixin.py:188} INFO - [2024-02-10T17:51:09.735+0000] {dag.py:3823} INFO - Setting next_dagrun for example_dynamic_task_mapping to 2022-03-04 00:00:00+00:00, run_after=2022-03-05 00:00:00+00:00
[2024-02-10T17:51:09.806+0000] {processor.py:183} INFO - Processing /home/airflow/.local/lib/python3.8/site-packages/airflow/example_dags/example_dynamic_task_mapping.py took 0.219 seconds
[2024-02-10T17:51:40.568+0000] {processor.py:161} INFO - Started process (PID=986) to work on /home/airflow/.local/lib/python3.8/site-packages/airflow/example_dags/example_dynamic_task_mapping.py
[2024-02-10T17:51:40.569+0000] {processor.py:830} INFO - Processing file /home/airflow/.local/lib/python3.8/site-packages/airflow/example_dags/example_dynamic_task_mapping.py for tasks to queue
[2024-02-10T17:51:40.572+0000] {logging_mixin.py:188} INFO - [2024-02-10T17:51:40.571+0000] {dagbag.py:538} INFO - Filling up the DagBag from /home/airflow/.local/lib/python3.8/site-packages/airflow/example_dags/example_dynamic_task_mapping.py
[2024-02-10T17:51:40.578+0000] {processor.py:840} INFO - DAG(s) 'example_dynamic_task_mapping' retrieved from /home/airflow/.local/lib/python3.8/site-packages/airflow/example_dags/example_dynamic_task_mapping.py
[2024-02-10T17:51:40.620+0000] {logging_mixin.py:188} INFO - [2024-02-10T17:51:40.619+0000] {dag.py:3036} INFO - Sync 1 DAGs
[2024-02-10T17:51:40.666+0000] {logging_mixin.py:188} INFO - [2024-02-10T17:51:40.666+0000] {dag.py:3823} INFO - Setting next_dagrun for example_dynamic_task_mapping to 2022-03-04 00:00:00+00:00, run_after=2022-03-05 00:00:00+00:00
[2024-02-10T17:51:40.749+0000] {processor.py:183} INFO - Processing /home/airflow/.local/lib/python3.8/site-packages/airflow/example_dags/example_dynamic_task_mapping.py took 0.188 seconds
[2024-02-10T17:52:10.916+0000] {processor.py:161} INFO - Started process (PID=1041) to work on /home/airflow/.local/lib/python3.8/site-packages/airflow/example_dags/example_dynamic_task_mapping.py
[2024-02-10T17:52:10.916+0000] {processor.py:830} INFO - Processing file /home/airflow/.local/lib/python3.8/site-packages/airflow/example_dags/example_dynamic_task_mapping.py for tasks to queue
[2024-02-10T17:52:10.918+0000] {logging_mixin.py:188} INFO - [2024-02-10T17:52:10.918+0000] {dagbag.py:538} INFO - Filling up the DagBag from /home/airflow/.local/lib/python3.8/site-packages/airflow/example_dags/example_dynamic_task_mapping.py
[2024-02-10T17:52:10.924+0000] {processor.py:840} INFO - DAG(s) 'example_dynamic_task_mapping' retrieved from /home/airflow/.local/lib/python3.8/site-packages/airflow/example_dags/example_dynamic_task_mapping.py
[2024-02-10T17:52:10.939+0000] {logging_mixin.py:188} INFO - [2024-02-10T17:52:10.938+0000] {dag.py:3036} INFO - Sync 1 DAGs
[2024-02-10T17:52:10.955+0000] {logging_mixin.py:188} INFO - [2024-02-10T17:52:10.955+0000] {dag.py:3823} INFO - Setting next_dagrun for example_dynamic_task_mapping to 2022-03-04 00:00:00+00:00, run_after=2022-03-05 00:00:00+00:00
[2024-02-10T17:52:10.975+0000] {processor.py:183} INFO - Processing /home/airflow/.local/lib/python3.8/site-packages/airflow/example_dags/example_dynamic_task_mapping.py took 0.063 seconds
[2024-02-10T17:52:41.087+0000] {processor.py:161} INFO - Started process (PID=1096) to work on /home/airflow/.local/lib/python3.8/site-packages/airflow/example_dags/example_dynamic_task_mapping.py
[2024-02-10T17:52:41.088+0000] {processor.py:830} INFO - Processing file /home/airflow/.local/lib/python3.8/site-packages/airflow/example_dags/example_dynamic_task_mapping.py for tasks to queue
[2024-02-10T17:52:41.091+0000] {logging_mixin.py:188} INFO - [2024-02-10T17:52:41.090+0000] {dagbag.py:538} INFO - Filling up the DagBag from /home/airflow/.local/lib/python3.8/site-packages/airflow/example_dags/example_dynamic_task_mapping.py
[2024-02-10T17:52:41.097+0000] {processor.py:840} INFO - DAG(s) 'example_dynamic_task_mapping' retrieved from /home/airflow/.local/lib/python3.8/site-packages/airflow/example_dags/example_dynamic_task_mapping.py
[2024-02-10T17:52:41.116+0000] {logging_mixin.py:188} INFO - [2024-02-10T17:52:41.116+0000] {dag.py:3036} INFO - Sync 1 DAGs
[2024-02-10T17:52:41.140+0000] {logging_mixin.py:188} INFO - [2024-02-10T17:52:41.139+0000] {dag.py:3823} INFO - Setting next_dagrun for example_dynamic_task_mapping to 2022-03-04 00:00:00+00:00, run_after=2022-03-05 00:00:00+00:00
[2024-02-10T17:52:41.178+0000] {processor.py:183} INFO - Processing /home/airflow/.local/lib/python3.8/site-packages/airflow/example_dags/example_dynamic_task_mapping.py took 0.094 seconds
[2024-02-10T17:53:11.429+0000] {processor.py:161} INFO - Started process (PID=1151) to work on /home/airflow/.local/lib/python3.8/site-packages/airflow/example_dags/example_dynamic_task_mapping.py
[2024-02-10T17:53:11.430+0000] {processor.py:830} INFO - Processing file /home/airflow/.local/lib/python3.8/site-packages/airflow/example_dags/example_dynamic_task_mapping.py for tasks to queue
[2024-02-10T17:53:11.433+0000] {logging_mixin.py:188} INFO - [2024-02-10T17:53:11.432+0000] {dagbag.py:538} INFO - Filling up the DagBag from /home/airflow/.local/lib/python3.8/site-packages/airflow/example_dags/example_dynamic_task_mapping.py
[2024-02-10T17:53:11.439+0000] {processor.py:840} INFO - DAG(s) 'example_dynamic_task_mapping' retrieved from /home/airflow/.local/lib/python3.8/site-packages/airflow/example_dags/example_dynamic_task_mapping.py
[2024-02-10T17:53:11.460+0000] {logging_mixin.py:188} INFO - [2024-02-10T17:53:11.460+0000] {dag.py:3036} INFO - Sync 1 DAGs
[2024-02-10T17:53:11.482+0000] {logging_mixin.py:188} INFO - [2024-02-10T17:53:11.482+0000] {dag.py:3823} INFO - Setting next_dagrun for example_dynamic_task_mapping to 2022-03-04 00:00:00+00:00, run_after=2022-03-05 00:00:00+00:00
[2024-02-10T17:53:11.504+0000] {processor.py:183} INFO - Processing /home/airflow/.local/lib/python3.8/site-packages/airflow/example_dags/example_dynamic_task_mapping.py took 0.078 seconds
[2024-02-10T17:53:41.945+0000] {processor.py:161} INFO - Started process (PID=1206) to work on /home/airflow/.local/lib/python3.8/site-packages/airflow/example_dags/example_dynamic_task_mapping.py
[2024-02-10T17:53:41.946+0000] {processor.py:830} INFO - Processing file /home/airflow/.local/lib/python3.8/site-packages/airflow/example_dags/example_dynamic_task_mapping.py for tasks to queue
[2024-02-10T17:53:41.949+0000] {logging_mixin.py:188} INFO - [2024-02-10T17:53:41.948+0000] {dagbag.py:538} INFO - Filling up the DagBag from /home/airflow/.local/lib/python3.8/site-packages/airflow/example_dags/example_dynamic_task_mapping.py
[2024-02-10T17:53:41.956+0000] {processor.py:840} INFO - DAG(s) 'example_dynamic_task_mapping' retrieved from /home/airflow/.local/lib/python3.8/site-packages/airflow/example_dags/example_dynamic_task_mapping.py
[2024-02-10T17:53:41.977+0000] {logging_mixin.py:188} INFO - [2024-02-10T17:53:41.976+0000] {dag.py:3036} INFO - Sync 1 DAGs
[2024-02-10T17:53:42.000+0000] {logging_mixin.py:188} INFO - [2024-02-10T17:53:42.000+0000] {dag.py:3823} INFO - Setting next_dagrun for example_dynamic_task_mapping to 2022-03-04 00:00:00+00:00, run_after=2022-03-05 00:00:00+00:00
[2024-02-10T17:53:42.033+0000] {processor.py:183} INFO - Processing /home/airflow/.local/lib/python3.8/site-packages/airflow/example_dags/example_dynamic_task_mapping.py took 0.091 seconds
[2024-02-10T17:54:12.129+0000] {processor.py:161} INFO - Started process (PID=1262) to work on /home/airflow/.local/lib/python3.8/site-packages/airflow/example_dags/example_dynamic_task_mapping.py
[2024-02-10T17:54:12.130+0000] {processor.py:830} INFO - Processing file /home/airflow/.local/lib/python3.8/site-packages/airflow/example_dags/example_dynamic_task_mapping.py for tasks to queue
[2024-02-10T17:54:12.131+0000] {logging_mixin.py:188} INFO - [2024-02-10T17:54:12.131+0000] {dagbag.py:538} INFO - Filling up the DagBag from /home/airflow/.local/lib/python3.8/site-packages/airflow/example_dags/example_dynamic_task_mapping.py
[2024-02-10T17:54:12.136+0000] {processor.py:840} INFO - DAG(s) 'example_dynamic_task_mapping' retrieved from /home/airflow/.local/lib/python3.8/site-packages/airflow/example_dags/example_dynamic_task_mapping.py
[2024-02-10T17:54:12.152+0000] {logging_mixin.py:188} INFO - [2024-02-10T17:54:12.152+0000] {dag.py:3036} INFO - Sync 1 DAGs
[2024-02-10T17:54:12.175+0000] {logging_mixin.py:188} INFO - [2024-02-10T17:54:12.174+0000] {dag.py:3823} INFO - Setting next_dagrun for example_dynamic_task_mapping to 2022-03-04 00:00:00+00:00, run_after=2022-03-05 00:00:00+00:00
[2024-02-10T17:54:12.198+0000] {processor.py:183} INFO - Processing /home/airflow/.local/lib/python3.8/site-packages/airflow/example_dags/example_dynamic_task_mapping.py took 0.071 seconds
[2024-02-10T17:54:42.593+0000] {processor.py:161} INFO - Started process (PID=1318) to work on /home/airflow/.local/lib/python3.8/site-packages/airflow/example_dags/example_dynamic_task_mapping.py
[2024-02-10T17:54:42.594+0000] {processor.py:830} INFO - Processing file /home/airflow/.local/lib/python3.8/site-packages/airflow/example_dags/example_dynamic_task_mapping.py for tasks to queue
[2024-02-10T17:54:42.596+0000] {logging_mixin.py:188} INFO - [2024-02-10T17:54:42.596+0000] {dagbag.py:538} INFO - Filling up the DagBag from /home/airflow/.local/lib/python3.8/site-packages/airflow/example_dags/example_dynamic_task_mapping.py
[2024-02-10T17:54:42.603+0000] {processor.py:840} INFO - DAG(s) 'example_dynamic_task_mapping' retrieved from /home/airflow/.local/lib/python3.8/site-packages/airflow/example_dags/example_dynamic_task_mapping.py
[2024-02-10T17:54:42.624+0000] {logging_mixin.py:188} INFO - [2024-02-10T17:54:42.623+0000] {dag.py:3036} INFO - Sync 1 DAGs
[2024-02-10T17:54:42.646+0000] {logging_mixin.py:188} INFO - [2024-02-10T17:54:42.646+0000] {dag.py:3823} INFO - Setting next_dagrun for example_dynamic_task_mapping to 2022-03-04 00:00:00+00:00, run_after=2022-03-05 00:00:00+00:00
[2024-02-10T17:54:42.697+0000] {processor.py:183} INFO - Processing /home/airflow/.local/lib/python3.8/site-packages/airflow/example_dags/example_dynamic_task_mapping.py took 0.107 seconds
[2024-02-10T17:55:12.998+0000] {processor.py:161} INFO - Started process (PID=1373) to work on /home/airflow/.local/lib/python3.8/site-packages/airflow/example_dags/example_dynamic_task_mapping.py
[2024-02-10T17:55:12.999+0000] {processor.py:830} INFO - Processing file /home/airflow/.local/lib/python3.8/site-packages/airflow/example_dags/example_dynamic_task_mapping.py for tasks to queue
[2024-02-10T17:55:13.000+0000] {logging_mixin.py:188} INFO - [2024-02-10T17:55:13.000+0000] {dagbag.py:538} INFO - Filling up the DagBag from /home/airflow/.local/lib/python3.8/site-packages/airflow/example_dags/example_dynamic_task_mapping.py
[2024-02-10T17:55:13.005+0000] {processor.py:840} INFO - DAG(s) 'example_dynamic_task_mapping' retrieved from /home/airflow/.local/lib/python3.8/site-packages/airflow/example_dags/example_dynamic_task_mapping.py
[2024-02-10T17:55:13.020+0000] {logging_mixin.py:188} INFO - [2024-02-10T17:55:13.020+0000] {dag.py:3036} INFO - Sync 1 DAGs
[2024-02-10T17:55:13.037+0000] {logging_mixin.py:188} INFO - [2024-02-10T17:55:13.037+0000] {dag.py:3823} INFO - Setting next_dagrun for example_dynamic_task_mapping to 2022-03-04 00:00:00+00:00, run_after=2022-03-05 00:00:00+00:00
[2024-02-10T17:55:13.057+0000] {processor.py:183} INFO - Processing /home/airflow/.local/lib/python3.8/site-packages/airflow/example_dags/example_dynamic_task_mapping.py took 0.062 seconds
[2024-02-10T17:55:43.281+0000] {processor.py:161} INFO - Started process (PID=1428) to work on /home/airflow/.local/lib/python3.8/site-packages/airflow/example_dags/example_dynamic_task_mapping.py
[2024-02-10T17:55:43.282+0000] {processor.py:830} INFO - Processing file /home/airflow/.local/lib/python3.8/site-packages/airflow/example_dags/example_dynamic_task_mapping.py for tasks to queue
[2024-02-10T17:55:43.285+0000] {logging_mixin.py:188} INFO - [2024-02-10T17:55:43.285+0000] {dagbag.py:538} INFO - Filling up the DagBag from /home/airflow/.local/lib/python3.8/site-packages/airflow/example_dags/example_dynamic_task_mapping.py
[2024-02-10T17:55:43.292+0000] {processor.py:840} INFO - DAG(s) 'example_dynamic_task_mapping' retrieved from /home/airflow/.local/lib/python3.8/site-packages/airflow/example_dags/example_dynamic_task_mapping.py
[2024-02-10T17:55:43.312+0000] {logging_mixin.py:188} INFO - [2024-02-10T17:55:43.312+0000] {dag.py:3036} INFO - Sync 1 DAGs
[2024-02-10T17:55:43.335+0000] {logging_mixin.py:188} INFO - [2024-02-10T17:55:43.334+0000] {dag.py:3823} INFO - Setting next_dagrun for example_dynamic_task_mapping to 2022-03-04 00:00:00+00:00, run_after=2022-03-05 00:00:00+00:00
[2024-02-10T17:55:43.357+0000] {processor.py:183} INFO - Processing /home/airflow/.local/lib/python3.8/site-packages/airflow/example_dags/example_dynamic_task_mapping.py took 0.079 seconds
[2024-02-10T17:56:13.732+0000] {processor.py:161} INFO - Started process (PID=1484) to work on /home/airflow/.local/lib/python3.8/site-packages/airflow/example_dags/example_dynamic_task_mapping.py
[2024-02-10T17:56:13.732+0000] {processor.py:830} INFO - Processing file /home/airflow/.local/lib/python3.8/site-packages/airflow/example_dags/example_dynamic_task_mapping.py for tasks to queue
[2024-02-10T17:56:13.734+0000] {logging_mixin.py:188} INFO - [2024-02-10T17:56:13.734+0000] {dagbag.py:538} INFO - Filling up the DagBag from /home/airflow/.local/lib/python3.8/site-packages/airflow/example_dags/example_dynamic_task_mapping.py
[2024-02-10T17:56:13.740+0000] {processor.py:840} INFO - DAG(s) 'example_dynamic_task_mapping' retrieved from /home/airflow/.local/lib/python3.8/site-packages/airflow/example_dags/example_dynamic_task_mapping.py
[2024-02-10T17:56:13.760+0000] {logging_mixin.py:188} INFO - [2024-02-10T17:56:13.760+0000] {dag.py:3036} INFO - Sync 1 DAGs
[2024-02-10T17:56:13.786+0000] {logging_mixin.py:188} INFO - [2024-02-10T17:56:13.786+0000] {dag.py:3823} INFO - Setting next_dagrun for example_dynamic_task_mapping to 2022-03-04 00:00:00+00:00, run_after=2022-03-05 00:00:00+00:00
[2024-02-10T17:56:13.814+0000] {processor.py:183} INFO - Processing /home/airflow/.local/lib/python3.8/site-packages/airflow/example_dags/example_dynamic_task_mapping.py took 0.087 seconds
[2024-02-10T17:56:43.961+0000] {processor.py:161} INFO - Started process (PID=1540) to work on /home/airflow/.local/lib/python3.8/site-packages/airflow/example_dags/example_dynamic_task_mapping.py
[2024-02-10T17:56:43.962+0000] {processor.py:830} INFO - Processing file /home/airflow/.local/lib/python3.8/site-packages/airflow/example_dags/example_dynamic_task_mapping.py for tasks to queue
[2024-02-10T17:56:43.964+0000] {logging_mixin.py:188} INFO - [2024-02-10T17:56:43.964+0000] {dagbag.py:538} INFO - Filling up the DagBag from /home/airflow/.local/lib/python3.8/site-packages/airflow/example_dags/example_dynamic_task_mapping.py
[2024-02-10T17:56:43.971+0000] {processor.py:840} INFO - DAG(s) 'example_dynamic_task_mapping' retrieved from /home/airflow/.local/lib/python3.8/site-packages/airflow/example_dags/example_dynamic_task_mapping.py
[2024-02-10T17:56:43.994+0000] {logging_mixin.py:188} INFO - [2024-02-10T17:56:43.993+0000] {dag.py:3036} INFO - Sync 1 DAGs
[2024-02-10T17:56:44.019+0000] {logging_mixin.py:188} INFO - [2024-02-10T17:56:44.019+0000] {dag.py:3823} INFO - Setting next_dagrun for example_dynamic_task_mapping to 2022-03-04 00:00:00+00:00, run_after=2022-03-05 00:00:00+00:00
[2024-02-10T17:56:44.042+0000] {processor.py:183} INFO - Processing /home/airflow/.local/lib/python3.8/site-packages/airflow/example_dags/example_dynamic_task_mapping.py took 0.085 seconds
[2024-02-10T17:57:14.911+0000] {processor.py:161} INFO - Started process (PID=1596) to work on /home/airflow/.local/lib/python3.8/site-packages/airflow/example_dags/example_dynamic_task_mapping.py
[2024-02-10T17:57:14.912+0000] {processor.py:830} INFO - Processing file /home/airflow/.local/lib/python3.8/site-packages/airflow/example_dags/example_dynamic_task_mapping.py for tasks to queue
[2024-02-10T17:57:14.913+0000] {logging_mixin.py:188} INFO - [2024-02-10T17:57:14.913+0000] {dagbag.py:538} INFO - Filling up the DagBag from /home/airflow/.local/lib/python3.8/site-packages/airflow/example_dags/example_dynamic_task_mapping.py
[2024-02-10T17:57:14.919+0000] {processor.py:840} INFO - DAG(s) 'example_dynamic_task_mapping' retrieved from /home/airflow/.local/lib/python3.8/site-packages/airflow/example_dags/example_dynamic_task_mapping.py
[2024-02-10T17:57:14.940+0000] {logging_mixin.py:188} INFO - [2024-02-10T17:57:14.939+0000] {dag.py:3036} INFO - Sync 1 DAGs
[2024-02-10T17:57:14.964+0000] {logging_mixin.py:188} INFO - [2024-02-10T17:57:14.964+0000] {dag.py:3823} INFO - Setting next_dagrun for example_dynamic_task_mapping to 2022-03-04 00:00:00+00:00, run_after=2022-03-05 00:00:00+00:00
[2024-02-10T17:57:14.988+0000] {processor.py:183} INFO - Processing /home/airflow/.local/lib/python3.8/site-packages/airflow/example_dags/example_dynamic_task_mapping.py took 0.081 seconds
[2024-02-10T17:57:45.257+0000] {processor.py:161} INFO - Started process (PID=1651) to work on /home/airflow/.local/lib/python3.8/site-packages/airflow/example_dags/example_dynamic_task_mapping.py
[2024-02-10T17:57:45.257+0000] {processor.py:830} INFO - Processing file /home/airflow/.local/lib/python3.8/site-packages/airflow/example_dags/example_dynamic_task_mapping.py for tasks to queue
[2024-02-10T17:57:45.259+0000] {logging_mixin.py:188} INFO - [2024-02-10T17:57:45.259+0000] {dagbag.py:538} INFO - Filling up the DagBag from /home/airflow/.local/lib/python3.8/site-packages/airflow/example_dags/example_dynamic_task_mapping.py
[2024-02-10T17:57:45.265+0000] {processor.py:840} INFO - DAG(s) 'example_dynamic_task_mapping' retrieved from /home/airflow/.local/lib/python3.8/site-packages/airflow/example_dags/example_dynamic_task_mapping.py
[2024-02-10T17:57:45.285+0000] {logging_mixin.py:188} INFO - [2024-02-10T17:57:45.285+0000] {dag.py:3036} INFO - Sync 1 DAGs
[2024-02-10T17:57:45.309+0000] {logging_mixin.py:188} INFO - [2024-02-10T17:57:45.309+0000] {dag.py:3823} INFO - Setting next_dagrun for example_dynamic_task_mapping to 2022-03-04 00:00:00+00:00, run_after=2022-03-05 00:00:00+00:00
[2024-02-10T17:57:45.333+0000] {processor.py:183} INFO - Processing /home/airflow/.local/lib/python3.8/site-packages/airflow/example_dags/example_dynamic_task_mapping.py took 0.080 seconds
[2024-02-10T17:58:15.826+0000] {processor.py:161} INFO - Started process (PID=1706) to work on /home/airflow/.local/lib/python3.8/site-packages/airflow/example_dags/example_dynamic_task_mapping.py
[2024-02-10T17:58:15.826+0000] {processor.py:830} INFO - Processing file /home/airflow/.local/lib/python3.8/site-packages/airflow/example_dags/example_dynamic_task_mapping.py for tasks to queue
[2024-02-10T17:58:15.829+0000] {logging_mixin.py:188} INFO - [2024-02-10T17:58:15.828+0000] {dagbag.py:538} INFO - Filling up the DagBag from /home/airflow/.local/lib/python3.8/site-packages/airflow/example_dags/example_dynamic_task_mapping.py
[2024-02-10T17:58:15.835+0000] {processor.py:840} INFO - DAG(s) 'example_dynamic_task_mapping' retrieved from /home/airflow/.local/lib/python3.8/site-packages/airflow/example_dags/example_dynamic_task_mapping.py
[2024-02-10T17:58:15.856+0000] {logging_mixin.py:188} INFO - [2024-02-10T17:58:15.856+0000] {dag.py:3036} INFO - Sync 1 DAGs
[2024-02-10T17:58:15.878+0000] {logging_mixin.py:188} INFO - [2024-02-10T17:58:15.878+0000] {dag.py:3823} INFO - Setting next_dagrun for example_dynamic_task_mapping to 2022-03-04 00:00:00+00:00, run_after=2022-03-05 00:00:00+00:00
[2024-02-10T17:58:15.901+0000] {processor.py:183} INFO - Processing /home/airflow/.local/lib/python3.8/site-packages/airflow/example_dags/example_dynamic_task_mapping.py took 0.079 seconds
[2024-02-10T17:58:46.201+0000] {processor.py:161} INFO - Started process (PID=1762) to work on /home/airflow/.local/lib/python3.8/site-packages/airflow/example_dags/example_dynamic_task_mapping.py
[2024-02-10T17:58:46.202+0000] {processor.py:830} INFO - Processing file /home/airflow/.local/lib/python3.8/site-packages/airflow/example_dags/example_dynamic_task_mapping.py for tasks to queue
[2024-02-10T17:58:46.205+0000] {logging_mixin.py:188} INFO - [2024-02-10T17:58:46.204+0000] {dagbag.py:538} INFO - Filling up the DagBag from /home/airflow/.local/lib/python3.8/site-packages/airflow/example_dags/example_dynamic_task_mapping.py
[2024-02-10T17:58:46.211+0000] {processor.py:840} INFO - DAG(s) 'example_dynamic_task_mapping' retrieved from /home/airflow/.local/lib/python3.8/site-packages/airflow/example_dags/example_dynamic_task_mapping.py
[2024-02-10T17:58:46.231+0000] {logging_mixin.py:188} INFO - [2024-02-10T17:58:46.231+0000] {dag.py:3036} INFO - Sync 1 DAGs
[2024-02-10T17:58:46.257+0000] {logging_mixin.py:188} INFO - [2024-02-10T17:58:46.256+0000] {dag.py:3823} INFO - Setting next_dagrun for example_dynamic_task_mapping to 2022-03-04 00:00:00+00:00, run_after=2022-03-05 00:00:00+00:00
[2024-02-10T17:58:46.281+0000] {processor.py:183} INFO - Processing /home/airflow/.local/lib/python3.8/site-packages/airflow/example_dags/example_dynamic_task_mapping.py took 0.082 seconds
[2024-02-10T17:59:16.602+0000] {processor.py:161} INFO - Started process (PID=1817) to work on /home/airflow/.local/lib/python3.8/site-packages/airflow/example_dags/example_dynamic_task_mapping.py
[2024-02-10T17:59:16.603+0000] {processor.py:830} INFO - Processing file /home/airflow/.local/lib/python3.8/site-packages/airflow/example_dags/example_dynamic_task_mapping.py for tasks to queue
[2024-02-10T17:59:16.608+0000] {logging_mixin.py:188} INFO - [2024-02-10T17:59:16.608+0000] {dagbag.py:538} INFO - Filling up the DagBag from /home/airflow/.local/lib/python3.8/site-packages/airflow/example_dags/example_dynamic_task_mapping.py
[2024-02-10T17:59:16.627+0000] {processor.py:840} INFO - DAG(s) 'example_dynamic_task_mapping' retrieved from /home/airflow/.local/lib/python3.8/site-packages/airflow/example_dags/example_dynamic_task_mapping.py
[2024-02-10T17:59:16.677+0000] {logging_mixin.py:188} INFO - [2024-02-10T17:59:16.677+0000] {dag.py:3036} INFO - Sync 1 DAGs
[2024-02-10T17:59:16.715+0000] {logging_mixin.py:188} INFO - [2024-02-10T17:59:16.715+0000] {dag.py:3823} INFO - Setting next_dagrun for example_dynamic_task_mapping to 2022-03-04 00:00:00+00:00, run_after=2022-03-05 00:00:00+00:00
[2024-02-10T17:59:16.744+0000] {processor.py:183} INFO - Processing /home/airflow/.local/lib/python3.8/site-packages/airflow/example_dags/example_dynamic_task_mapping.py took 0.155 seconds
[2024-02-10T17:59:47.710+0000] {processor.py:161} INFO - Started process (PID=1872) to work on /home/airflow/.local/lib/python3.8/site-packages/airflow/example_dags/example_dynamic_task_mapping.py
[2024-02-10T17:59:47.711+0000] {processor.py:830} INFO - Processing file /home/airflow/.local/lib/python3.8/site-packages/airflow/example_dags/example_dynamic_task_mapping.py for tasks to queue
[2024-02-10T17:59:47.713+0000] {logging_mixin.py:188} INFO - [2024-02-10T17:59:47.712+0000] {dagbag.py:538} INFO - Filling up the DagBag from /home/airflow/.local/lib/python3.8/site-packages/airflow/example_dags/example_dynamic_task_mapping.py
[2024-02-10T17:59:47.719+0000] {processor.py:840} INFO - DAG(s) 'example_dynamic_task_mapping' retrieved from /home/airflow/.local/lib/python3.8/site-packages/airflow/example_dags/example_dynamic_task_mapping.py
[2024-02-10T17:59:47.743+0000] {logging_mixin.py:188} INFO - [2024-02-10T17:59:47.743+0000] {dag.py:3036} INFO - Sync 1 DAGs
[2024-02-10T17:59:47.773+0000] {logging_mixin.py:188} INFO - [2024-02-10T17:59:47.773+0000] {dag.py:3823} INFO - Setting next_dagrun for example_dynamic_task_mapping to 2022-03-04 00:00:00+00:00, run_after=2022-03-05 00:00:00+00:00
[2024-02-10T17:59:47.830+0000] {processor.py:183} INFO - Processing /home/airflow/.local/lib/python3.8/site-packages/airflow/example_dags/example_dynamic_task_mapping.py took 0.123 seconds
[2024-02-10T18:00:18.165+0000] {processor.py:161} INFO - Started process (PID=1927) to work on /home/airflow/.local/lib/python3.8/site-packages/airflow/example_dags/example_dynamic_task_mapping.py
[2024-02-10T18:00:18.166+0000] {processor.py:830} INFO - Processing file /home/airflow/.local/lib/python3.8/site-packages/airflow/example_dags/example_dynamic_task_mapping.py for tasks to queue
[2024-02-10T18:00:18.168+0000] {logging_mixin.py:188} INFO - [2024-02-10T18:00:18.168+0000] {dagbag.py:538} INFO - Filling up the DagBag from /home/airflow/.local/lib/python3.8/site-packages/airflow/example_dags/example_dynamic_task_mapping.py
[2024-02-10T18:00:18.174+0000] {processor.py:840} INFO - DAG(s) 'example_dynamic_task_mapping' retrieved from /home/airflow/.local/lib/python3.8/site-packages/airflow/example_dags/example_dynamic_task_mapping.py
[2024-02-10T18:00:18.197+0000] {logging_mixin.py:188} INFO - [2024-02-10T18:00:18.197+0000] {dag.py:3036} INFO - Sync 1 DAGs
[2024-02-10T18:00:18.222+0000] {logging_mixin.py:188} INFO - [2024-02-10T18:00:18.222+0000] {dag.py:3823} INFO - Setting next_dagrun for example_dynamic_task_mapping to 2022-03-04 00:00:00+00:00, run_after=2022-03-05 00:00:00+00:00
[2024-02-10T18:00:18.246+0000] {processor.py:183} INFO - Processing /home/airflow/.local/lib/python3.8/site-packages/airflow/example_dags/example_dynamic_task_mapping.py took 0.084 seconds
[2024-02-10T18:00:48.479+0000] {processor.py:161} INFO - Started process (PID=1982) to work on /home/airflow/.local/lib/python3.8/site-packages/airflow/example_dags/example_dynamic_task_mapping.py
[2024-02-10T18:00:48.480+0000] {processor.py:830} INFO - Processing file /home/airflow/.local/lib/python3.8/site-packages/airflow/example_dags/example_dynamic_task_mapping.py for tasks to queue
[2024-02-10T18:00:48.482+0000] {logging_mixin.py:188} INFO - [2024-02-10T18:00:48.482+0000] {dagbag.py:538} INFO - Filling up the DagBag from /home/airflow/.local/lib/python3.8/site-packages/airflow/example_dags/example_dynamic_task_mapping.py
[2024-02-10T18:00:48.489+0000] {processor.py:840} INFO - DAG(s) 'example_dynamic_task_mapping' retrieved from /home/airflow/.local/lib/python3.8/site-packages/airflow/example_dags/example_dynamic_task_mapping.py
[2024-02-10T18:00:48.511+0000] {logging_mixin.py:188} INFO - [2024-02-10T18:00:48.511+0000] {dag.py:3036} INFO - Sync 1 DAGs
[2024-02-10T18:00:48.538+0000] {logging_mixin.py:188} INFO - [2024-02-10T18:00:48.538+0000] {dag.py:3823} INFO - Setting next_dagrun for example_dynamic_task_mapping to 2022-03-04 00:00:00+00:00, run_after=2022-03-05 00:00:00+00:00
[2024-02-10T18:00:48.562+0000] {processor.py:183} INFO - Processing /home/airflow/.local/lib/python3.8/site-packages/airflow/example_dags/example_dynamic_task_mapping.py took 0.086 seconds
[2024-02-10T18:01:18.858+0000] {processor.py:161} INFO - Started process (PID=2037) to work on /home/airflow/.local/lib/python3.8/site-packages/airflow/example_dags/example_dynamic_task_mapping.py
[2024-02-10T18:01:18.859+0000] {processor.py:830} INFO - Processing file /home/airflow/.local/lib/python3.8/site-packages/airflow/example_dags/example_dynamic_task_mapping.py for tasks to queue
[2024-02-10T18:01:18.860+0000] {logging_mixin.py:188} INFO - [2024-02-10T18:01:18.860+0000] {dagbag.py:538} INFO - Filling up the DagBag from /home/airflow/.local/lib/python3.8/site-packages/airflow/example_dags/example_dynamic_task_mapping.py
[2024-02-10T18:01:18.867+0000] {processor.py:840} INFO - DAG(s) 'example_dynamic_task_mapping' retrieved from /home/airflow/.local/lib/python3.8/site-packages/airflow/example_dags/example_dynamic_task_mapping.py
[2024-02-10T18:01:18.891+0000] {logging_mixin.py:188} INFO - [2024-02-10T18:01:18.891+0000] {dag.py:3036} INFO - Sync 1 DAGs
[2024-02-10T18:01:18.921+0000] {logging_mixin.py:188} INFO - [2024-02-10T18:01:18.920+0000] {dag.py:3823} INFO - Setting next_dagrun for example_dynamic_task_mapping to 2022-03-04 00:00:00+00:00, run_after=2022-03-05 00:00:00+00:00
[2024-02-10T18:01:18.944+0000] {processor.py:183} INFO - Processing /home/airflow/.local/lib/python3.8/site-packages/airflow/example_dags/example_dynamic_task_mapping.py took 0.089 seconds
[2024-02-10T18:01:49.075+0000] {processor.py:161} INFO - Started process (PID=2092) to work on /home/airflow/.local/lib/python3.8/site-packages/airflow/example_dags/example_dynamic_task_mapping.py
[2024-02-10T18:01:49.076+0000] {processor.py:830} INFO - Processing file /home/airflow/.local/lib/python3.8/site-packages/airflow/example_dags/example_dynamic_task_mapping.py for tasks to queue
[2024-02-10T18:01:49.078+0000] {logging_mixin.py:188} INFO - [2024-02-10T18:01:49.077+0000] {dagbag.py:538} INFO - Filling up the DagBag from /home/airflow/.local/lib/python3.8/site-packages/airflow/example_dags/example_dynamic_task_mapping.py
[2024-02-10T18:01:49.084+0000] {processor.py:840} INFO - DAG(s) 'example_dynamic_task_mapping' retrieved from /home/airflow/.local/lib/python3.8/site-packages/airflow/example_dags/example_dynamic_task_mapping.py
[2024-02-10T18:01:49.108+0000] {logging_mixin.py:188} INFO - [2024-02-10T18:01:49.107+0000] {dag.py:3036} INFO - Sync 1 DAGs
[2024-02-10T18:01:49.139+0000] {logging_mixin.py:188} INFO - [2024-02-10T18:01:49.138+0000] {dag.py:3823} INFO - Setting next_dagrun for example_dynamic_task_mapping to 2022-03-04 00:00:00+00:00, run_after=2022-03-05 00:00:00+00:00
[2024-02-10T18:01:49.164+0000] {processor.py:183} INFO - Processing /home/airflow/.local/lib/python3.8/site-packages/airflow/example_dags/example_dynamic_task_mapping.py took 0.092 seconds
[2024-02-10T18:02:19.381+0000] {processor.py:161} INFO - Started process (PID=2147) to work on /home/airflow/.local/lib/python3.8/site-packages/airflow/example_dags/example_dynamic_task_mapping.py
[2024-02-10T18:02:19.382+0000] {processor.py:830} INFO - Processing file /home/airflow/.local/lib/python3.8/site-packages/airflow/example_dags/example_dynamic_task_mapping.py for tasks to queue
[2024-02-10T18:02:19.384+0000] {logging_mixin.py:188} INFO - [2024-02-10T18:02:19.384+0000] {dagbag.py:538} INFO - Filling up the DagBag from /home/airflow/.local/lib/python3.8/site-packages/airflow/example_dags/example_dynamic_task_mapping.py
[2024-02-10T18:02:19.409+0000] {processor.py:840} INFO - DAG(s) 'example_dynamic_task_mapping' retrieved from /home/airflow/.local/lib/python3.8/site-packages/airflow/example_dags/example_dynamic_task_mapping.py
[2024-02-10T18:02:19.460+0000] {logging_mixin.py:188} INFO - [2024-02-10T18:02:19.460+0000] {dag.py:3036} INFO - Sync 1 DAGs
[2024-02-10T18:02:19.521+0000] {logging_mixin.py:188} INFO - [2024-02-10T18:02:19.521+0000] {dag.py:3823} INFO - Setting next_dagrun for example_dynamic_task_mapping to 2022-03-04 00:00:00+00:00, run_after=2022-03-05 00:00:00+00:00
[2024-02-10T18:02:19.565+0000] {processor.py:183} INFO - Processing /home/airflow/.local/lib/python3.8/site-packages/airflow/example_dags/example_dynamic_task_mapping.py took 0.198 seconds
[2024-02-10T18:02:49.691+0000] {processor.py:161} INFO - Started process (PID=2202) to work on /home/airflow/.local/lib/python3.8/site-packages/airflow/example_dags/example_dynamic_task_mapping.py
[2024-02-10T18:02:49.692+0000] {processor.py:830} INFO - Processing file /home/airflow/.local/lib/python3.8/site-packages/airflow/example_dags/example_dynamic_task_mapping.py for tasks to queue
[2024-02-10T18:02:49.694+0000] {logging_mixin.py:188} INFO - [2024-02-10T18:02:49.693+0000] {dagbag.py:538} INFO - Filling up the DagBag from /home/airflow/.local/lib/python3.8/site-packages/airflow/example_dags/example_dynamic_task_mapping.py
[2024-02-10T18:02:49.701+0000] {processor.py:840} INFO - DAG(s) 'example_dynamic_task_mapping' retrieved from /home/airflow/.local/lib/python3.8/site-packages/airflow/example_dags/example_dynamic_task_mapping.py
[2024-02-10T18:02:49.728+0000] {logging_mixin.py:188} INFO - [2024-02-10T18:02:49.728+0000] {dag.py:3036} INFO - Sync 1 DAGs
[2024-02-10T18:02:49.757+0000] {logging_mixin.py:188} INFO - [2024-02-10T18:02:49.757+0000] {dag.py:3823} INFO - Setting next_dagrun for example_dynamic_task_mapping to 2022-03-04 00:00:00+00:00, run_after=2022-03-05 00:00:00+00:00
[2024-02-10T18:02:49.787+0000] {processor.py:183} INFO - Processing /home/airflow/.local/lib/python3.8/site-packages/airflow/example_dags/example_dynamic_task_mapping.py took 0.099 seconds
[2024-02-10T18:03:19.904+0000] {processor.py:161} INFO - Started process (PID=2258) to work on /home/airflow/.local/lib/python3.8/site-packages/airflow/example_dags/example_dynamic_task_mapping.py
[2024-02-10T18:03:19.907+0000] {processor.py:830} INFO - Processing file /home/airflow/.local/lib/python3.8/site-packages/airflow/example_dags/example_dynamic_task_mapping.py for tasks to queue
[2024-02-10T18:03:19.909+0000] {logging_mixin.py:188} INFO - [2024-02-10T18:03:19.909+0000] {dagbag.py:538} INFO - Filling up the DagBag from /home/airflow/.local/lib/python3.8/site-packages/airflow/example_dags/example_dynamic_task_mapping.py
[2024-02-10T18:03:19.917+0000] {processor.py:840} INFO - DAG(s) 'example_dynamic_task_mapping' retrieved from /home/airflow/.local/lib/python3.8/site-packages/airflow/example_dags/example_dynamic_task_mapping.py
[2024-02-10T18:03:20.017+0000] {logging_mixin.py:188} INFO - [2024-02-10T18:03:20.016+0000] {dag.py:3036} INFO - Sync 1 DAGs
[2024-02-10T18:03:20.112+0000] {logging_mixin.py:188} INFO - [2024-02-10T18:03:20.111+0000] {dag.py:3823} INFO - Setting next_dagrun for example_dynamic_task_mapping to 2022-03-04 00:00:00+00:00, run_after=2022-03-05 00:00:00+00:00
[2024-02-10T18:03:20.150+0000] {processor.py:183} INFO - Processing /home/airflow/.local/lib/python3.8/site-packages/airflow/example_dags/example_dynamic_task_mapping.py took 0.254 seconds
[2024-02-10T18:03:50.257+0000] {processor.py:161} INFO - Started process (PID=2320) to work on /home/airflow/.local/lib/python3.8/site-packages/airflow/example_dags/example_dynamic_task_mapping.py
[2024-02-10T18:03:50.258+0000] {processor.py:830} INFO - Processing file /home/airflow/.local/lib/python3.8/site-packages/airflow/example_dags/example_dynamic_task_mapping.py for tasks to queue
[2024-02-10T18:03:50.260+0000] {logging_mixin.py:188} INFO - [2024-02-10T18:03:50.259+0000] {dagbag.py:538} INFO - Filling up the DagBag from /home/airflow/.local/lib/python3.8/site-packages/airflow/example_dags/example_dynamic_task_mapping.py
[2024-02-10T18:03:50.266+0000] {processor.py:840} INFO - DAG(s) 'example_dynamic_task_mapping' retrieved from /home/airflow/.local/lib/python3.8/site-packages/airflow/example_dags/example_dynamic_task_mapping.py
[2024-02-10T18:03:50.291+0000] {logging_mixin.py:188} INFO - [2024-02-10T18:03:50.291+0000] {dag.py:3036} INFO - Sync 1 DAGs
[2024-02-10T18:03:50.316+0000] {logging_mixin.py:188} INFO - [2024-02-10T18:03:50.316+0000] {dag.py:3823} INFO - Setting next_dagrun for example_dynamic_task_mapping to 2022-03-04 00:00:00+00:00, run_after=2022-03-05 00:00:00+00:00
[2024-02-10T18:03:50.343+0000] {processor.py:183} INFO - Processing /home/airflow/.local/lib/python3.8/site-packages/airflow/example_dags/example_dynamic_task_mapping.py took 0.089 seconds
[2024-02-10T18:04:21.068+0000] {processor.py:161} INFO - Started process (PID=2375) to work on /home/airflow/.local/lib/python3.8/site-packages/airflow/example_dags/example_dynamic_task_mapping.py
[2024-02-10T18:04:21.069+0000] {processor.py:830} INFO - Processing file /home/airflow/.local/lib/python3.8/site-packages/airflow/example_dags/example_dynamic_task_mapping.py for tasks to queue
[2024-02-10T18:04:21.075+0000] {logging_mixin.py:188} INFO - [2024-02-10T18:04:21.075+0000] {dagbag.py:538} INFO - Filling up the DagBag from /home/airflow/.local/lib/python3.8/site-packages/airflow/example_dags/example_dynamic_task_mapping.py
[2024-02-10T18:04:21.086+0000] {processor.py:840} INFO - DAG(s) 'example_dynamic_task_mapping' retrieved from /home/airflow/.local/lib/python3.8/site-packages/airflow/example_dags/example_dynamic_task_mapping.py
[2024-02-10T18:04:21.136+0000] {logging_mixin.py:188} INFO - [2024-02-10T18:04:21.135+0000] {dag.py:3036} INFO - Sync 1 DAGs
[2024-02-10T18:04:21.221+0000] {logging_mixin.py:188} INFO - [2024-02-10T18:04:21.220+0000] {dag.py:3823} INFO - Setting next_dagrun for example_dynamic_task_mapping to 2022-03-04 00:00:00+00:00, run_after=2022-03-05 00:00:00+00:00
[2024-02-10T18:04:21.261+0000] {processor.py:183} INFO - Processing /home/airflow/.local/lib/python3.8/site-packages/airflow/example_dags/example_dynamic_task_mapping.py took 0.201 seconds
[2024-02-10T18:04:51.392+0000] {processor.py:161} INFO - Started process (PID=2430) to work on /home/airflow/.local/lib/python3.8/site-packages/airflow/example_dags/example_dynamic_task_mapping.py
[2024-02-10T18:04:51.393+0000] {processor.py:830} INFO - Processing file /home/airflow/.local/lib/python3.8/site-packages/airflow/example_dags/example_dynamic_task_mapping.py for tasks to queue
[2024-02-10T18:04:51.395+0000] {logging_mixin.py:188} INFO - [2024-02-10T18:04:51.395+0000] {dagbag.py:538} INFO - Filling up the DagBag from /home/airflow/.local/lib/python3.8/site-packages/airflow/example_dags/example_dynamic_task_mapping.py
[2024-02-10T18:04:51.419+0000] {processor.py:840} INFO - DAG(s) 'example_dynamic_task_mapping' retrieved from /home/airflow/.local/lib/python3.8/site-packages/airflow/example_dags/example_dynamic_task_mapping.py
[2024-02-10T18:04:51.460+0000] {logging_mixin.py:188} INFO - [2024-02-10T18:04:51.459+0000] {dag.py:3036} INFO - Sync 1 DAGs
[2024-02-10T18:04:51.484+0000] {logging_mixin.py:188} INFO - [2024-02-10T18:04:51.484+0000] {dag.py:3823} INFO - Setting next_dagrun for example_dynamic_task_mapping to 2022-03-04 00:00:00+00:00, run_after=2022-03-05 00:00:00+00:00
[2024-02-10T18:04:51.525+0000] {processor.py:183} INFO - Processing /home/airflow/.local/lib/python3.8/site-packages/airflow/example_dags/example_dynamic_task_mapping.py took 0.136 seconds
[2024-02-10T18:05:21.647+0000] {processor.py:161} INFO - Started process (PID=2484) to work on /home/airflow/.local/lib/python3.8/site-packages/airflow/example_dags/example_dynamic_task_mapping.py
[2024-02-10T18:05:21.650+0000] {processor.py:830} INFO - Processing file /home/airflow/.local/lib/python3.8/site-packages/airflow/example_dags/example_dynamic_task_mapping.py for tasks to queue
[2024-02-10T18:05:21.656+0000] {logging_mixin.py:188} INFO - [2024-02-10T18:05:21.655+0000] {dagbag.py:538} INFO - Filling up the DagBag from /home/airflow/.local/lib/python3.8/site-packages/airflow/example_dags/example_dynamic_task_mapping.py
[2024-02-10T18:05:21.673+0000] {processor.py:840} INFO - DAG(s) 'example_dynamic_task_mapping' retrieved from /home/airflow/.local/lib/python3.8/site-packages/airflow/example_dags/example_dynamic_task_mapping.py
[2024-02-10T18:05:21.780+0000] {logging_mixin.py:188} INFO - [2024-02-10T18:05:21.777+0000] {dag.py:3036} INFO - Sync 1 DAGs
[2024-02-10T18:05:21.909+0000] {logging_mixin.py:188} INFO - [2024-02-10T18:05:21.909+0000] {dag.py:3823} INFO - Setting next_dagrun for example_dynamic_task_mapping to 2022-03-04 00:00:00+00:00, run_after=2022-03-05 00:00:00+00:00
[2024-02-10T18:05:21.967+0000] {processor.py:183} INFO - Processing /home/airflow/.local/lib/python3.8/site-packages/airflow/example_dags/example_dynamic_task_mapping.py took 0.326 seconds
[2024-02-10T18:05:52.256+0000] {processor.py:161} INFO - Started process (PID=2538) to work on /home/airflow/.local/lib/python3.8/site-packages/airflow/example_dags/example_dynamic_task_mapping.py
[2024-02-10T18:05:52.256+0000] {processor.py:830} INFO - Processing file /home/airflow/.local/lib/python3.8/site-packages/airflow/example_dags/example_dynamic_task_mapping.py for tasks to queue
[2024-02-10T18:05:52.258+0000] {logging_mixin.py:188} INFO - [2024-02-10T18:05:52.258+0000] {dagbag.py:538} INFO - Filling up the DagBag from /home/airflow/.local/lib/python3.8/site-packages/airflow/example_dags/example_dynamic_task_mapping.py
[2024-02-10T18:05:52.265+0000] {processor.py:840} INFO - DAG(s) 'example_dynamic_task_mapping' retrieved from /home/airflow/.local/lib/python3.8/site-packages/airflow/example_dags/example_dynamic_task_mapping.py
[2024-02-10T18:05:52.288+0000] {logging_mixin.py:188} INFO - [2024-02-10T18:05:52.288+0000] {dag.py:3036} INFO - Sync 1 DAGs
[2024-02-10T18:05:52.466+0000] {logging_mixin.py:188} INFO - [2024-02-10T18:05:52.465+0000] {dag.py:3823} INFO - Setting next_dagrun for example_dynamic_task_mapping to 2022-03-04 00:00:00+00:00, run_after=2022-03-05 00:00:00+00:00
[2024-02-10T18:05:52.487+0000] {processor.py:183} INFO - Processing /home/airflow/.local/lib/python3.8/site-packages/airflow/example_dags/example_dynamic_task_mapping.py took 0.235 seconds
[2024-02-10T18:06:23.419+0000] {processor.py:161} INFO - Started process (PID=2593) to work on /home/airflow/.local/lib/python3.8/site-packages/airflow/example_dags/example_dynamic_task_mapping.py
[2024-02-10T18:06:23.420+0000] {processor.py:830} INFO - Processing file /home/airflow/.local/lib/python3.8/site-packages/airflow/example_dags/example_dynamic_task_mapping.py for tasks to queue
[2024-02-10T18:06:23.421+0000] {logging_mixin.py:188} INFO - [2024-02-10T18:06:23.421+0000] {dagbag.py:538} INFO - Filling up the DagBag from /home/airflow/.local/lib/python3.8/site-packages/airflow/example_dags/example_dynamic_task_mapping.py
[2024-02-10T18:06:23.428+0000] {processor.py:840} INFO - DAG(s) 'example_dynamic_task_mapping' retrieved from /home/airflow/.local/lib/python3.8/site-packages/airflow/example_dags/example_dynamic_task_mapping.py
[2024-02-10T18:06:23.466+0000] {logging_mixin.py:188} INFO - [2024-02-10T18:06:23.466+0000] {dag.py:3036} INFO - Sync 1 DAGs
[2024-02-10T18:06:23.528+0000] {logging_mixin.py:188} INFO - [2024-02-10T18:06:23.527+0000] {dag.py:3823} INFO - Setting next_dagrun for example_dynamic_task_mapping to 2022-03-04 00:00:00+00:00, run_after=2022-03-05 00:00:00+00:00
[2024-02-10T18:06:23.736+0000] {processor.py:183} INFO - Processing /home/airflow/.local/lib/python3.8/site-packages/airflow/example_dags/example_dynamic_task_mapping.py took 0.320 seconds
[2024-02-10T18:06:54.714+0000] {processor.py:161} INFO - Started process (PID=2648) to work on /home/airflow/.local/lib/python3.8/site-packages/airflow/example_dags/example_dynamic_task_mapping.py
[2024-02-10T18:06:54.714+0000] {processor.py:830} INFO - Processing file /home/airflow/.local/lib/python3.8/site-packages/airflow/example_dags/example_dynamic_task_mapping.py for tasks to queue
[2024-02-10T18:06:54.716+0000] {logging_mixin.py:188} INFO - [2024-02-10T18:06:54.716+0000] {dagbag.py:538} INFO - Filling up the DagBag from /home/airflow/.local/lib/python3.8/site-packages/airflow/example_dags/example_dynamic_task_mapping.py
[2024-02-10T18:06:54.723+0000] {processor.py:840} INFO - DAG(s) 'example_dynamic_task_mapping' retrieved from /home/airflow/.local/lib/python3.8/site-packages/airflow/example_dags/example_dynamic_task_mapping.py
[2024-02-10T18:06:54.744+0000] {logging_mixin.py:188} INFO - [2024-02-10T18:06:54.744+0000] {dag.py:3036} INFO - Sync 1 DAGs
[2024-02-10T18:06:54.772+0000] {logging_mixin.py:188} INFO - [2024-02-10T18:06:54.772+0000] {dag.py:3823} INFO - Setting next_dagrun for example_dynamic_task_mapping to 2022-03-04 00:00:00+00:00, run_after=2022-03-05 00:00:00+00:00
[2024-02-10T18:06:54.797+0000] {processor.py:183} INFO - Processing /home/airflow/.local/lib/python3.8/site-packages/airflow/example_dags/example_dynamic_task_mapping.py took 0.087 seconds
[2024-02-10T18:07:25.620+0000] {processor.py:161} INFO - Started process (PID=2702) to work on /home/airflow/.local/lib/python3.8/site-packages/airflow/example_dags/example_dynamic_task_mapping.py
[2024-02-10T18:07:25.620+0000] {processor.py:830} INFO - Processing file /home/airflow/.local/lib/python3.8/site-packages/airflow/example_dags/example_dynamic_task_mapping.py for tasks to queue
[2024-02-10T18:07:25.622+0000] {logging_mixin.py:188} INFO - [2024-02-10T18:07:25.622+0000] {dagbag.py:538} INFO - Filling up the DagBag from /home/airflow/.local/lib/python3.8/site-packages/airflow/example_dags/example_dynamic_task_mapping.py
[2024-02-10T18:07:25.628+0000] {processor.py:840} INFO - DAG(s) 'example_dynamic_task_mapping' retrieved from /home/airflow/.local/lib/python3.8/site-packages/airflow/example_dags/example_dynamic_task_mapping.py
[2024-02-10T18:07:25.669+0000] {logging_mixin.py:188} INFO - [2024-02-10T18:07:25.668+0000] {dag.py:3036} INFO - Sync 1 DAGs
[2024-02-10T18:07:25.711+0000] {logging_mixin.py:188} INFO - [2024-02-10T18:07:25.711+0000] {dag.py:3823} INFO - Setting next_dagrun for example_dynamic_task_mapping to 2022-03-04 00:00:00+00:00, run_after=2022-03-05 00:00:00+00:00
[2024-02-10T18:07:25.745+0000] {processor.py:183} INFO - Processing /home/airflow/.local/lib/python3.8/site-packages/airflow/example_dags/example_dynamic_task_mapping.py took 0.129 seconds
[2024-02-10T18:07:56.064+0000] {processor.py:161} INFO - Started process (PID=2757) to work on /home/airflow/.local/lib/python3.8/site-packages/airflow/example_dags/example_dynamic_task_mapping.py
[2024-02-10T18:07:56.065+0000] {processor.py:830} INFO - Processing file /home/airflow/.local/lib/python3.8/site-packages/airflow/example_dags/example_dynamic_task_mapping.py for tasks to queue
[2024-02-10T18:07:56.067+0000] {logging_mixin.py:188} INFO - [2024-02-10T18:07:56.066+0000] {dagbag.py:538} INFO - Filling up the DagBag from /home/airflow/.local/lib/python3.8/site-packages/airflow/example_dags/example_dynamic_task_mapping.py
[2024-02-10T18:07:56.073+0000] {processor.py:840} INFO - DAG(s) 'example_dynamic_task_mapping' retrieved from /home/airflow/.local/lib/python3.8/site-packages/airflow/example_dags/example_dynamic_task_mapping.py
[2024-02-10T18:07:56.095+0000] {logging_mixin.py:188} INFO - [2024-02-10T18:07:56.094+0000] {dag.py:3036} INFO - Sync 1 DAGs
[2024-02-10T18:07:56.121+0000] {logging_mixin.py:188} INFO - [2024-02-10T18:07:56.121+0000] {dag.py:3823} INFO - Setting next_dagrun for example_dynamic_task_mapping to 2022-03-04 00:00:00+00:00, run_after=2022-03-05 00:00:00+00:00
[2024-02-10T18:07:56.145+0000] {processor.py:183} INFO - Processing /home/airflow/.local/lib/python3.8/site-packages/airflow/example_dags/example_dynamic_task_mapping.py took 0.084 seconds
[2024-02-10T18:08:26.406+0000] {processor.py:161} INFO - Started process (PID=2813) to work on /home/airflow/.local/lib/python3.8/site-packages/airflow/example_dags/example_dynamic_task_mapping.py
[2024-02-10T18:08:26.407+0000] {processor.py:830} INFO - Processing file /home/airflow/.local/lib/python3.8/site-packages/airflow/example_dags/example_dynamic_task_mapping.py for tasks to queue
[2024-02-10T18:08:26.409+0000] {logging_mixin.py:188} INFO - [2024-02-10T18:08:26.408+0000] {dagbag.py:538} INFO - Filling up the DagBag from /home/airflow/.local/lib/python3.8/site-packages/airflow/example_dags/example_dynamic_task_mapping.py
[2024-02-10T18:08:26.415+0000] {processor.py:840} INFO - DAG(s) 'example_dynamic_task_mapping' retrieved from /home/airflow/.local/lib/python3.8/site-packages/airflow/example_dags/example_dynamic_task_mapping.py
[2024-02-10T18:08:26.437+0000] {logging_mixin.py:188} INFO - [2024-02-10T18:08:26.437+0000] {dag.py:3036} INFO - Sync 1 DAGs
[2024-02-10T18:08:26.462+0000] {logging_mixin.py:188} INFO - [2024-02-10T18:08:26.461+0000] {dag.py:3823} INFO - Setting next_dagrun for example_dynamic_task_mapping to 2022-03-04 00:00:00+00:00, run_after=2022-03-05 00:00:00+00:00
[2024-02-10T18:08:26.486+0000] {processor.py:183} INFO - Processing /home/airflow/.local/lib/python3.8/site-packages/airflow/example_dags/example_dynamic_task_mapping.py took 0.083 seconds
[2024-02-10T18:08:57.120+0000] {processor.py:161} INFO - Started process (PID=2869) to work on /home/airflow/.local/lib/python3.8/site-packages/airflow/example_dags/example_dynamic_task_mapping.py
[2024-02-10T18:08:57.124+0000] {processor.py:830} INFO - Processing file /home/airflow/.local/lib/python3.8/site-packages/airflow/example_dags/example_dynamic_task_mapping.py for tasks to queue
[2024-02-10T18:08:57.127+0000] {logging_mixin.py:188} INFO - [2024-02-10T18:08:57.126+0000] {dagbag.py:538} INFO - Filling up the DagBag from /home/airflow/.local/lib/python3.8/site-packages/airflow/example_dags/example_dynamic_task_mapping.py
[2024-02-10T18:08:57.133+0000] {processor.py:840} INFO - DAG(s) 'example_dynamic_task_mapping' retrieved from /home/airflow/.local/lib/python3.8/site-packages/airflow/example_dags/example_dynamic_task_mapping.py
[2024-02-10T18:08:57.155+0000] {logging_mixin.py:188} INFO - [2024-02-10T18:08:57.155+0000] {dag.py:3036} INFO - Sync 1 DAGs
[2024-02-10T18:08:57.179+0000] {logging_mixin.py:188} INFO - [2024-02-10T18:08:57.179+0000] {dag.py:3823} INFO - Setting next_dagrun for example_dynamic_task_mapping to 2022-03-04 00:00:00+00:00, run_after=2022-03-05 00:00:00+00:00
[2024-02-10T18:08:57.202+0000] {processor.py:183} INFO - Processing /home/airflow/.local/lib/python3.8/site-packages/airflow/example_dags/example_dynamic_task_mapping.py took 0.085 seconds
[2024-02-10T18:09:27.338+0000] {processor.py:161} INFO - Started process (PID=2925) to work on /home/airflow/.local/lib/python3.8/site-packages/airflow/example_dags/example_dynamic_task_mapping.py
[2024-02-10T18:09:27.339+0000] {processor.py:830} INFO - Processing file /home/airflow/.local/lib/python3.8/site-packages/airflow/example_dags/example_dynamic_task_mapping.py for tasks to queue
[2024-02-10T18:09:27.340+0000] {logging_mixin.py:188} INFO - [2024-02-10T18:09:27.340+0000] {dagbag.py:538} INFO - Filling up the DagBag from /home/airflow/.local/lib/python3.8/site-packages/airflow/example_dags/example_dynamic_task_mapping.py
[2024-02-10T18:09:27.347+0000] {processor.py:840} INFO - DAG(s) 'example_dynamic_task_mapping' retrieved from /home/airflow/.local/lib/python3.8/site-packages/airflow/example_dags/example_dynamic_task_mapping.py
[2024-02-10T18:09:27.369+0000] {logging_mixin.py:188} INFO - [2024-02-10T18:09:27.369+0000] {dag.py:3036} INFO - Sync 1 DAGs
[2024-02-10T18:09:27.395+0000] {logging_mixin.py:188} INFO - [2024-02-10T18:09:27.394+0000] {dag.py:3823} INFO - Setting next_dagrun for example_dynamic_task_mapping to 2022-03-04 00:00:00+00:00, run_after=2022-03-05 00:00:00+00:00
[2024-02-10T18:09:27.419+0000] {processor.py:183} INFO - Processing /home/airflow/.local/lib/python3.8/site-packages/airflow/example_dags/example_dynamic_task_mapping.py took 0.084 seconds
[2024-02-10T18:09:57.636+0000] {processor.py:161} INFO - Started process (PID=2979) to work on /home/airflow/.local/lib/python3.8/site-packages/airflow/example_dags/example_dynamic_task_mapping.py
[2024-02-10T18:09:57.637+0000] {processor.py:830} INFO - Processing file /home/airflow/.local/lib/python3.8/site-packages/airflow/example_dags/example_dynamic_task_mapping.py for tasks to queue
[2024-02-10T18:09:57.638+0000] {logging_mixin.py:188} INFO - [2024-02-10T18:09:57.638+0000] {dagbag.py:538} INFO - Filling up the DagBag from /home/airflow/.local/lib/python3.8/site-packages/airflow/example_dags/example_dynamic_task_mapping.py
[2024-02-10T18:09:57.645+0000] {processor.py:840} INFO - DAG(s) 'example_dynamic_task_mapping' retrieved from /home/airflow/.local/lib/python3.8/site-packages/airflow/example_dags/example_dynamic_task_mapping.py
[2024-02-10T18:09:57.667+0000] {logging_mixin.py:188} INFO - [2024-02-10T18:09:57.666+0000] {dag.py:3036} INFO - Sync 1 DAGs
[2024-02-10T18:09:57.692+0000] {logging_mixin.py:188} INFO - [2024-02-10T18:09:57.692+0000] {dag.py:3823} INFO - Setting next_dagrun for example_dynamic_task_mapping to 2022-03-04 00:00:00+00:00, run_after=2022-03-05 00:00:00+00:00
[2024-02-10T18:09:57.716+0000] {processor.py:183} INFO - Processing /home/airflow/.local/lib/python3.8/site-packages/airflow/example_dags/example_dynamic_task_mapping.py took 0.083 seconds
[2024-02-10T18:10:28.271+0000] {processor.py:161} INFO - Started process (PID=3034) to work on /home/airflow/.local/lib/python3.8/site-packages/airflow/example_dags/example_dynamic_task_mapping.py
[2024-02-10T18:10:28.272+0000] {processor.py:830} INFO - Processing file /home/airflow/.local/lib/python3.8/site-packages/airflow/example_dags/example_dynamic_task_mapping.py for tasks to queue
[2024-02-10T18:10:28.274+0000] {logging_mixin.py:188} INFO - [2024-02-10T18:10:28.274+0000] {dagbag.py:538} INFO - Filling up the DagBag from /home/airflow/.local/lib/python3.8/site-packages/airflow/example_dags/example_dynamic_task_mapping.py
[2024-02-10T18:10:28.281+0000] {processor.py:840} INFO - DAG(s) 'example_dynamic_task_mapping' retrieved from /home/airflow/.local/lib/python3.8/site-packages/airflow/example_dags/example_dynamic_task_mapping.py
[2024-02-10T18:10:28.303+0000] {logging_mixin.py:188} INFO - [2024-02-10T18:10:28.303+0000] {dag.py:3036} INFO - Sync 1 DAGs
[2024-02-10T18:10:28.329+0000] {logging_mixin.py:188} INFO - [2024-02-10T18:10:28.329+0000] {dag.py:3823} INFO - Setting next_dagrun for example_dynamic_task_mapping to 2022-03-04 00:00:00+00:00, run_after=2022-03-05 00:00:00+00:00
[2024-02-10T18:10:28.353+0000] {processor.py:183} INFO - Processing /home/airflow/.local/lib/python3.8/site-packages/airflow/example_dags/example_dynamic_task_mapping.py took 0.085 seconds
[2024-02-10T18:10:59.320+0000] {processor.py:161} INFO - Started process (PID=3088) to work on /home/airflow/.local/lib/python3.8/site-packages/airflow/example_dags/example_dynamic_task_mapping.py
[2024-02-10T18:10:59.325+0000] {processor.py:830} INFO - Processing file /home/airflow/.local/lib/python3.8/site-packages/airflow/example_dags/example_dynamic_task_mapping.py for tasks to queue
[2024-02-10T18:10:59.332+0000] {logging_mixin.py:188} INFO - [2024-02-10T18:10:59.332+0000] {dagbag.py:538} INFO - Filling up the DagBag from /home/airflow/.local/lib/python3.8/site-packages/airflow/example_dags/example_dynamic_task_mapping.py
[2024-02-10T18:10:59.346+0000] {processor.py:840} INFO - DAG(s) 'example_dynamic_task_mapping' retrieved from /home/airflow/.local/lib/python3.8/site-packages/airflow/example_dags/example_dynamic_task_mapping.py
[2024-02-10T18:10:59.383+0000] {logging_mixin.py:188} INFO - [2024-02-10T18:10:59.383+0000] {dag.py:3036} INFO - Sync 1 DAGs
[2024-02-10T18:10:59.454+0000] {logging_mixin.py:188} INFO - [2024-02-10T18:10:59.453+0000] {dag.py:3823} INFO - Setting next_dagrun for example_dynamic_task_mapping to 2022-03-04 00:00:00+00:00, run_after=2022-03-05 00:00:00+00:00
[2024-02-10T18:10:59.505+0000] {processor.py:183} INFO - Processing /home/airflow/.local/lib/python3.8/site-packages/airflow/example_dags/example_dynamic_task_mapping.py took 0.197 seconds
[2024-02-10T18:11:30.058+0000] {processor.py:161} INFO - Started process (PID=3144) to work on /home/airflow/.local/lib/python3.8/site-packages/airflow/example_dags/example_dynamic_task_mapping.py
[2024-02-10T18:11:30.059+0000] {processor.py:830} INFO - Processing file /home/airflow/.local/lib/python3.8/site-packages/airflow/example_dags/example_dynamic_task_mapping.py for tasks to queue
[2024-02-10T18:11:30.061+0000] {logging_mixin.py:188} INFO - [2024-02-10T18:11:30.060+0000] {dagbag.py:538} INFO - Filling up the DagBag from /home/airflow/.local/lib/python3.8/site-packages/airflow/example_dags/example_dynamic_task_mapping.py
[2024-02-10T18:11:30.067+0000] {processor.py:840} INFO - DAG(s) 'example_dynamic_task_mapping' retrieved from /home/airflow/.local/lib/python3.8/site-packages/airflow/example_dags/example_dynamic_task_mapping.py
[2024-02-10T18:11:30.089+0000] {logging_mixin.py:188} INFO - [2024-02-10T18:11:30.089+0000] {dag.py:3036} INFO - Sync 1 DAGs
[2024-02-10T18:11:30.131+0000] {logging_mixin.py:188} INFO - [2024-02-10T18:11:30.131+0000] {dag.py:3823} INFO - Setting next_dagrun for example_dynamic_task_mapping to 2022-03-04 00:00:00+00:00, run_after=2022-03-05 00:00:00+00:00
[2024-02-10T18:11:30.167+0000] {processor.py:183} INFO - Processing /home/airflow/.local/lib/python3.8/site-packages/airflow/example_dags/example_dynamic_task_mapping.py took 0.112 seconds
[2024-02-10T18:12:00.329+0000] {processor.py:161} INFO - Started process (PID=3199) to work on /home/airflow/.local/lib/python3.8/site-packages/airflow/example_dags/example_dynamic_task_mapping.py
[2024-02-10T18:12:00.330+0000] {processor.py:830} INFO - Processing file /home/airflow/.local/lib/python3.8/site-packages/airflow/example_dags/example_dynamic_task_mapping.py for tasks to queue
[2024-02-10T18:12:00.332+0000] {logging_mixin.py:188} INFO - [2024-02-10T18:12:00.332+0000] {dagbag.py:538} INFO - Filling up the DagBag from /home/airflow/.local/lib/python3.8/site-packages/airflow/example_dags/example_dynamic_task_mapping.py
[2024-02-10T18:12:00.338+0000] {processor.py:840} INFO - DAG(s) 'example_dynamic_task_mapping' retrieved from /home/airflow/.local/lib/python3.8/site-packages/airflow/example_dags/example_dynamic_task_mapping.py
[2024-02-10T18:12:00.360+0000] {logging_mixin.py:188} INFO - [2024-02-10T18:12:00.360+0000] {dag.py:3036} INFO - Sync 1 DAGs
[2024-02-10T18:12:00.387+0000] {logging_mixin.py:188} INFO - [2024-02-10T18:12:00.387+0000] {dag.py:3823} INFO - Setting next_dagrun for example_dynamic_task_mapping to 2022-03-04 00:00:00+00:00, run_after=2022-03-05 00:00:00+00:00
[2024-02-10T18:12:00.410+0000] {processor.py:183} INFO - Processing /home/airflow/.local/lib/python3.8/site-packages/airflow/example_dags/example_dynamic_task_mapping.py took 0.084 seconds
[2024-02-10T18:12:30.825+0000] {processor.py:161} INFO - Started process (PID=3255) to work on /home/airflow/.local/lib/python3.8/site-packages/airflow/example_dags/example_dynamic_task_mapping.py
[2024-02-10T18:12:30.830+0000] {processor.py:830} INFO - Processing file /home/airflow/.local/lib/python3.8/site-packages/airflow/example_dags/example_dynamic_task_mapping.py for tasks to queue
[2024-02-10T18:12:30.834+0000] {logging_mixin.py:188} INFO - [2024-02-10T18:12:30.834+0000] {dagbag.py:538} INFO - Filling up the DagBag from /home/airflow/.local/lib/python3.8/site-packages/airflow/example_dags/example_dynamic_task_mapping.py
[2024-02-10T18:12:30.842+0000] {processor.py:840} INFO - DAG(s) 'example_dynamic_task_mapping' retrieved from /home/airflow/.local/lib/python3.8/site-packages/airflow/example_dags/example_dynamic_task_mapping.py
[2024-02-10T18:12:30.892+0000] {logging_mixin.py:188} INFO - [2024-02-10T18:12:30.891+0000] {dag.py:3036} INFO - Sync 1 DAGs
[2024-02-10T18:12:30.950+0000] {logging_mixin.py:188} INFO - [2024-02-10T18:12:30.949+0000] {dag.py:3823} INFO - Setting next_dagrun for example_dynamic_task_mapping to 2022-03-04 00:00:00+00:00, run_after=2022-03-05 00:00:00+00:00
[2024-02-10T18:12:30.981+0000] {processor.py:183} INFO - Processing /home/airflow/.local/lib/python3.8/site-packages/airflow/example_dags/example_dynamic_task_mapping.py took 0.160 seconds
[2024-02-10T18:13:01.076+0000] {processor.py:161} INFO - Started process (PID=3310) to work on /home/airflow/.local/lib/python3.8/site-packages/airflow/example_dags/example_dynamic_task_mapping.py
[2024-02-10T18:13:01.077+0000] {processor.py:830} INFO - Processing file /home/airflow/.local/lib/python3.8/site-packages/airflow/example_dags/example_dynamic_task_mapping.py for tasks to queue
[2024-02-10T18:13:01.078+0000] {logging_mixin.py:188} INFO - [2024-02-10T18:13:01.078+0000] {dagbag.py:538} INFO - Filling up the DagBag from /home/airflow/.local/lib/python3.8/site-packages/airflow/example_dags/example_dynamic_task_mapping.py
[2024-02-10T18:13:01.085+0000] {processor.py:840} INFO - DAG(s) 'example_dynamic_task_mapping' retrieved from /home/airflow/.local/lib/python3.8/site-packages/airflow/example_dags/example_dynamic_task_mapping.py
[2024-02-10T18:13:01.108+0000] {logging_mixin.py:188} INFO - [2024-02-10T18:13:01.108+0000] {dag.py:3036} INFO - Sync 1 DAGs
[2024-02-10T18:13:01.135+0000] {logging_mixin.py:188} INFO - [2024-02-10T18:13:01.134+0000] {dag.py:3823} INFO - Setting next_dagrun for example_dynamic_task_mapping to 2022-03-04 00:00:00+00:00, run_after=2022-03-05 00:00:00+00:00
[2024-02-10T18:13:01.160+0000] {processor.py:183} INFO - Processing /home/airflow/.local/lib/python3.8/site-packages/airflow/example_dags/example_dynamic_task_mapping.py took 0.087 seconds
[2024-02-10T18:13:31.671+0000] {processor.py:161} INFO - Started process (PID=3366) to work on /home/airflow/.local/lib/python3.8/site-packages/airflow/example_dags/example_dynamic_task_mapping.py
[2024-02-10T18:13:31.672+0000] {processor.py:830} INFO - Processing file /home/airflow/.local/lib/python3.8/site-packages/airflow/example_dags/example_dynamic_task_mapping.py for tasks to queue
[2024-02-10T18:13:31.674+0000] {logging_mixin.py:188} INFO - [2024-02-10T18:13:31.674+0000] {dagbag.py:538} INFO - Filling up the DagBag from /home/airflow/.local/lib/python3.8/site-packages/airflow/example_dags/example_dynamic_task_mapping.py
[2024-02-10T18:13:31.680+0000] {processor.py:840} INFO - DAG(s) 'example_dynamic_task_mapping' retrieved from /home/airflow/.local/lib/python3.8/site-packages/airflow/example_dags/example_dynamic_task_mapping.py
[2024-02-10T18:13:31.702+0000] {logging_mixin.py:188} INFO - [2024-02-10T18:13:31.702+0000] {dag.py:3036} INFO - Sync 1 DAGs
[2024-02-10T18:13:31.730+0000] {logging_mixin.py:188} INFO - [2024-02-10T18:13:31.730+0000] {dag.py:3823} INFO - Setting next_dagrun for example_dynamic_task_mapping to 2022-03-04 00:00:00+00:00, run_after=2022-03-05 00:00:00+00:00
[2024-02-10T18:13:31.754+0000] {processor.py:183} INFO - Processing /home/airflow/.local/lib/python3.8/site-packages/airflow/example_dags/example_dynamic_task_mapping.py took 0.086 seconds
[2024-02-10T18:14:02.283+0000] {processor.py:161} INFO - Started process (PID=3421) to work on /home/airflow/.local/lib/python3.8/site-packages/airflow/example_dags/example_dynamic_task_mapping.py
[2024-02-10T18:14:02.284+0000] {processor.py:830} INFO - Processing file /home/airflow/.local/lib/python3.8/site-packages/airflow/example_dags/example_dynamic_task_mapping.py for tasks to queue
[2024-02-10T18:14:02.286+0000] {logging_mixin.py:188} INFO - [2024-02-10T18:14:02.286+0000] {dagbag.py:538} INFO - Filling up the DagBag from /home/airflow/.local/lib/python3.8/site-packages/airflow/example_dags/example_dynamic_task_mapping.py
[2024-02-10T18:14:02.292+0000] {processor.py:840} INFO - DAG(s) 'example_dynamic_task_mapping' retrieved from /home/airflow/.local/lib/python3.8/site-packages/airflow/example_dags/example_dynamic_task_mapping.py
[2024-02-10T18:14:02.314+0000] {logging_mixin.py:188} INFO - [2024-02-10T18:14:02.314+0000] {dag.py:3036} INFO - Sync 1 DAGs
[2024-02-10T18:14:02.344+0000] {logging_mixin.py:188} INFO - [2024-02-10T18:14:02.344+0000] {dag.py:3823} INFO - Setting next_dagrun for example_dynamic_task_mapping to 2022-03-04 00:00:00+00:00, run_after=2022-03-05 00:00:00+00:00
[2024-02-10T18:14:02.367+0000] {processor.py:183} INFO - Processing /home/airflow/.local/lib/python3.8/site-packages/airflow/example_dags/example_dynamic_task_mapping.py took 0.087 seconds
[2024-02-10T18:14:32.637+0000] {processor.py:161} INFO - Started process (PID=3476) to work on /home/airflow/.local/lib/python3.8/site-packages/airflow/example_dags/example_dynamic_task_mapping.py
[2024-02-10T18:14:32.638+0000] {processor.py:830} INFO - Processing file /home/airflow/.local/lib/python3.8/site-packages/airflow/example_dags/example_dynamic_task_mapping.py for tasks to queue
[2024-02-10T18:14:32.640+0000] {logging_mixin.py:188} INFO - [2024-02-10T18:14:32.640+0000] {dagbag.py:538} INFO - Filling up the DagBag from /home/airflow/.local/lib/python3.8/site-packages/airflow/example_dags/example_dynamic_task_mapping.py
[2024-02-10T18:14:32.646+0000] {processor.py:840} INFO - DAG(s) 'example_dynamic_task_mapping' retrieved from /home/airflow/.local/lib/python3.8/site-packages/airflow/example_dags/example_dynamic_task_mapping.py
[2024-02-10T18:14:32.669+0000] {logging_mixin.py:188} INFO - [2024-02-10T18:14:32.668+0000] {dag.py:3036} INFO - Sync 1 DAGs
[2024-02-10T18:14:32.694+0000] {logging_mixin.py:188} INFO - [2024-02-10T18:14:32.694+0000] {dag.py:3823} INFO - Setting next_dagrun for example_dynamic_task_mapping to 2022-03-04 00:00:00+00:00, run_after=2022-03-05 00:00:00+00:00
[2024-02-10T18:14:32.723+0000] {processor.py:183} INFO - Processing /home/airflow/.local/lib/python3.8/site-packages/airflow/example_dags/example_dynamic_task_mapping.py took 0.089 seconds
[2024-02-10T18:15:02.873+0000] {processor.py:161} INFO - Started process (PID=3531) to work on /home/airflow/.local/lib/python3.8/site-packages/airflow/example_dags/example_dynamic_task_mapping.py
[2024-02-10T18:15:02.873+0000] {processor.py:830} INFO - Processing file /home/airflow/.local/lib/python3.8/site-packages/airflow/example_dags/example_dynamic_task_mapping.py for tasks to queue
[2024-02-10T18:15:02.875+0000] {logging_mixin.py:188} INFO - [2024-02-10T18:15:02.875+0000] {dagbag.py:538} INFO - Filling up the DagBag from /home/airflow/.local/lib/python3.8/site-packages/airflow/example_dags/example_dynamic_task_mapping.py
[2024-02-10T18:15:02.882+0000] {processor.py:840} INFO - DAG(s) 'example_dynamic_task_mapping' retrieved from /home/airflow/.local/lib/python3.8/site-packages/airflow/example_dags/example_dynamic_task_mapping.py
[2024-02-10T18:15:02.904+0000] {logging_mixin.py:188} INFO - [2024-02-10T18:15:02.904+0000] {dag.py:3036} INFO - Sync 1 DAGs
[2024-02-10T18:15:02.933+0000] {logging_mixin.py:188} INFO - [2024-02-10T18:15:02.933+0000] {dag.py:3823} INFO - Setting next_dagrun for example_dynamic_task_mapping to 2022-03-04 00:00:00+00:00, run_after=2022-03-05 00:00:00+00:00
[2024-02-10T18:15:02.957+0000] {processor.py:183} INFO - Processing /home/airflow/.local/lib/python3.8/site-packages/airflow/example_dags/example_dynamic_task_mapping.py took 0.088 seconds
[2024-02-10T18:15:33.443+0000] {processor.py:161} INFO - Started process (PID=3586) to work on /home/airflow/.local/lib/python3.8/site-packages/airflow/example_dags/example_dynamic_task_mapping.py
[2024-02-10T18:15:33.453+0000] {processor.py:830} INFO - Processing file /home/airflow/.local/lib/python3.8/site-packages/airflow/example_dags/example_dynamic_task_mapping.py for tasks to queue
[2024-02-10T18:15:33.458+0000] {logging_mixin.py:188} INFO - [2024-02-10T18:15:33.457+0000] {dagbag.py:538} INFO - Filling up the DagBag from /home/airflow/.local/lib/python3.8/site-packages/airflow/example_dags/example_dynamic_task_mapping.py
[2024-02-10T18:15:33.467+0000] {processor.py:840} INFO - DAG(s) 'example_dynamic_task_mapping' retrieved from /home/airflow/.local/lib/python3.8/site-packages/airflow/example_dags/example_dynamic_task_mapping.py
[2024-02-10T18:15:33.507+0000] {logging_mixin.py:188} INFO - [2024-02-10T18:15:33.507+0000] {dag.py:3036} INFO - Sync 1 DAGs
[2024-02-10T18:15:33.555+0000] {logging_mixin.py:188} INFO - [2024-02-10T18:15:33.554+0000] {dag.py:3823} INFO - Setting next_dagrun for example_dynamic_task_mapping to 2022-03-04 00:00:00+00:00, run_after=2022-03-05 00:00:00+00:00
[2024-02-10T18:15:33.595+0000] {processor.py:183} INFO - Processing /home/airflow/.local/lib/python3.8/site-packages/airflow/example_dags/example_dynamic_task_mapping.py took 0.162 seconds
[2024-02-10T18:16:03.805+0000] {processor.py:161} INFO - Started process (PID=3642) to work on /home/airflow/.local/lib/python3.8/site-packages/airflow/example_dags/example_dynamic_task_mapping.py
[2024-02-10T18:16:03.805+0000] {processor.py:830} INFO - Processing file /home/airflow/.local/lib/python3.8/site-packages/airflow/example_dags/example_dynamic_task_mapping.py for tasks to queue
[2024-02-10T18:16:03.808+0000] {logging_mixin.py:188} INFO - [2024-02-10T18:16:03.807+0000] {dagbag.py:538} INFO - Filling up the DagBag from /home/airflow/.local/lib/python3.8/site-packages/airflow/example_dags/example_dynamic_task_mapping.py
[2024-02-10T18:16:03.815+0000] {processor.py:840} INFO - DAG(s) 'example_dynamic_task_mapping' retrieved from /home/airflow/.local/lib/python3.8/site-packages/airflow/example_dags/example_dynamic_task_mapping.py
[2024-02-10T18:16:03.840+0000] {logging_mixin.py:188} INFO - [2024-02-10T18:16:03.839+0000] {dag.py:3036} INFO - Sync 1 DAGs
[2024-02-10T18:16:03.868+0000] {logging_mixin.py:188} INFO - [2024-02-10T18:16:03.868+0000] {dag.py:3823} INFO - Setting next_dagrun for example_dynamic_task_mapping to 2022-03-04 00:00:00+00:00, run_after=2022-03-05 00:00:00+00:00
[2024-02-10T18:16:03.892+0000] {processor.py:183} INFO - Processing /home/airflow/.local/lib/python3.8/site-packages/airflow/example_dags/example_dynamic_task_mapping.py took 0.091 seconds
