[2024-02-10T17:42:58.696+0000] {processor.py:161} INFO - Started process (PID=42) to work on /home/airflow/.local/lib/python3.8/site-packages/airflow/example_dags/example_short_circuit_operator.py
[2024-02-10T17:42:58.702+0000] {processor.py:830} INFO - Processing file /home/airflow/.local/lib/python3.8/site-packages/airflow/example_dags/example_short_circuit_operator.py for tasks to queue
[2024-02-10T17:42:58.709+0000] {logging_mixin.py:188} INFO - [2024-02-10T17:42:58.709+0000] {dagbag.py:538} INFO - Filling up the DagBag from /home/airflow/.local/lib/python3.8/site-packages/airflow/example_dags/example_short_circuit_operator.py
[2024-02-10T17:42:58.731+0000] {processor.py:840} INFO - DAG(s) 'example_short_circuit_operator' retrieved from /home/airflow/.local/lib/python3.8/site-packages/airflow/example_dags/example_short_circuit_operator.py
[2024-02-10T17:42:59.161+0000] {logging_mixin.py:188} INFO - [2024-02-10T17:42:59.160+0000] {dag.py:3036} INFO - Sync 1 DAGs
[2024-02-10T17:42:59.249+0000] {logging_mixin.py:188} INFO - [2024-02-10T17:42:59.249+0000] {dag.py:3823} INFO - Setting next_dagrun for example_short_circuit_operator to 2024-02-09 00:00:00+00:00, run_after=2024-02-10 00:00:00+00:00
[2024-02-10T17:42:59.308+0000] {processor.py:183} INFO - Processing /home/airflow/.local/lib/python3.8/site-packages/airflow/example_dags/example_short_circuit_operator.py took 0.624 seconds
[2024-02-10T17:43:30.198+0000] {processor.py:161} INFO - Started process (PID=97) to work on /home/airflow/.local/lib/python3.8/site-packages/airflow/example_dags/example_short_circuit_operator.py
[2024-02-10T17:43:30.199+0000] {processor.py:830} INFO - Processing file /home/airflow/.local/lib/python3.8/site-packages/airflow/example_dags/example_short_circuit_operator.py for tasks to queue
[2024-02-10T17:43:30.201+0000] {logging_mixin.py:188} INFO - [2024-02-10T17:43:30.201+0000] {dagbag.py:538} INFO - Filling up the DagBag from /home/airflow/.local/lib/python3.8/site-packages/airflow/example_dags/example_short_circuit_operator.py
[2024-02-10T17:43:30.210+0000] {processor.py:840} INFO - DAG(s) 'example_short_circuit_operator' retrieved from /home/airflow/.local/lib/python3.8/site-packages/airflow/example_dags/example_short_circuit_operator.py
[2024-02-10T17:43:30.236+0000] {logging_mixin.py:188} INFO - [2024-02-10T17:43:30.236+0000] {dag.py:3036} INFO - Sync 1 DAGs
[2024-02-10T17:43:30.261+0000] {logging_mixin.py:188} INFO - [2024-02-10T17:43:30.260+0000] {dag.py:3823} INFO - Setting next_dagrun for example_short_circuit_operator to 2024-02-09 00:00:00+00:00, run_after=2024-02-10 00:00:00+00:00
[2024-02-10T17:43:30.284+0000] {processor.py:183} INFO - Processing /home/airflow/.local/lib/python3.8/site-packages/airflow/example_dags/example_short_circuit_operator.py took 0.089 seconds
[2024-02-10T17:44:00.574+0000] {processor.py:161} INFO - Started process (PID=152) to work on /home/airflow/.local/lib/python3.8/site-packages/airflow/example_dags/example_short_circuit_operator.py
[2024-02-10T17:44:00.575+0000] {processor.py:830} INFO - Processing file /home/airflow/.local/lib/python3.8/site-packages/airflow/example_dags/example_short_circuit_operator.py for tasks to queue
[2024-02-10T17:44:00.578+0000] {logging_mixin.py:188} INFO - [2024-02-10T17:44:00.577+0000] {dagbag.py:538} INFO - Filling up the DagBag from /home/airflow/.local/lib/python3.8/site-packages/airflow/example_dags/example_short_circuit_operator.py
[2024-02-10T17:44:00.588+0000] {processor.py:840} INFO - DAG(s) 'example_short_circuit_operator' retrieved from /home/airflow/.local/lib/python3.8/site-packages/airflow/example_dags/example_short_circuit_operator.py
[2024-02-10T17:44:00.613+0000] {logging_mixin.py:188} INFO - [2024-02-10T17:44:00.613+0000] {dag.py:3036} INFO - Sync 1 DAGs
[2024-02-10T17:44:00.642+0000] {logging_mixin.py:188} INFO - [2024-02-10T17:44:00.642+0000] {dag.py:3823} INFO - Setting next_dagrun for example_short_circuit_operator to 2024-02-09 00:00:00+00:00, run_after=2024-02-10 00:00:00+00:00
[2024-02-10T17:44:00.664+0000] {processor.py:183} INFO - Processing /home/airflow/.local/lib/python3.8/site-packages/airflow/example_dags/example_short_circuit_operator.py took 0.098 seconds
[2024-02-10T17:44:30.825+0000] {processor.py:161} INFO - Started process (PID=207) to work on /home/airflow/.local/lib/python3.8/site-packages/airflow/example_dags/example_short_circuit_operator.py
[2024-02-10T17:44:30.834+0000] {processor.py:830} INFO - Processing file /home/airflow/.local/lib/python3.8/site-packages/airflow/example_dags/example_short_circuit_operator.py for tasks to queue
[2024-02-10T17:44:30.836+0000] {logging_mixin.py:188} INFO - [2024-02-10T17:44:30.836+0000] {dagbag.py:538} INFO - Filling up the DagBag from /home/airflow/.local/lib/python3.8/site-packages/airflow/example_dags/example_short_circuit_operator.py
[2024-02-10T17:44:30.854+0000] {processor.py:840} INFO - DAG(s) 'example_short_circuit_operator' retrieved from /home/airflow/.local/lib/python3.8/site-packages/airflow/example_dags/example_short_circuit_operator.py
[2024-02-10T17:44:30.901+0000] {logging_mixin.py:188} INFO - [2024-02-10T17:44:30.900+0000] {dag.py:3036} INFO - Sync 1 DAGs
[2024-02-10T17:44:30.948+0000] {logging_mixin.py:188} INFO - [2024-02-10T17:44:30.948+0000] {dag.py:3823} INFO - Setting next_dagrun for example_short_circuit_operator to 2024-02-09 00:00:00+00:00, run_after=2024-02-10 00:00:00+00:00
[2024-02-10T17:44:31.042+0000] {processor.py:183} INFO - Processing /home/airflow/.local/lib/python3.8/site-packages/airflow/example_dags/example_short_circuit_operator.py took 0.221 seconds
[2024-02-10T17:45:02.029+0000] {processor.py:161} INFO - Started process (PID=262) to work on /home/airflow/.local/lib/python3.8/site-packages/airflow/example_dags/example_short_circuit_operator.py
[2024-02-10T17:45:02.051+0000] {processor.py:830} INFO - Processing file /home/airflow/.local/lib/python3.8/site-packages/airflow/example_dags/example_short_circuit_operator.py for tasks to queue
[2024-02-10T17:45:02.053+0000] {logging_mixin.py:188} INFO - [2024-02-10T17:45:02.053+0000] {dagbag.py:538} INFO - Filling up the DagBag from /home/airflow/.local/lib/python3.8/site-packages/airflow/example_dags/example_short_circuit_operator.py
[2024-02-10T17:45:02.069+0000] {processor.py:840} INFO - DAG(s) 'example_short_circuit_operator' retrieved from /home/airflow/.local/lib/python3.8/site-packages/airflow/example_dags/example_short_circuit_operator.py
[2024-02-10T17:45:02.131+0000] {logging_mixin.py:188} INFO - [2024-02-10T17:45:02.130+0000] {dag.py:3036} INFO - Sync 1 DAGs
[2024-02-10T17:45:02.203+0000] {logging_mixin.py:188} INFO - [2024-02-10T17:45:02.203+0000] {dag.py:3823} INFO - Setting next_dagrun for example_short_circuit_operator to 2024-02-09 00:00:00+00:00, run_after=2024-02-10 00:00:00+00:00
[2024-02-10T17:45:02.282+0000] {processor.py:183} INFO - Processing /home/airflow/.local/lib/python3.8/site-packages/airflow/example_dags/example_short_circuit_operator.py took 0.256 seconds
[2024-02-10T17:45:33.187+0000] {processor.py:161} INFO - Started process (PID=316) to work on /home/airflow/.local/lib/python3.8/site-packages/airflow/example_dags/example_short_circuit_operator.py
[2024-02-10T17:45:33.188+0000] {processor.py:830} INFO - Processing file /home/airflow/.local/lib/python3.8/site-packages/airflow/example_dags/example_short_circuit_operator.py for tasks to queue
[2024-02-10T17:45:33.190+0000] {logging_mixin.py:188} INFO - [2024-02-10T17:45:33.190+0000] {dagbag.py:538} INFO - Filling up the DagBag from /home/airflow/.local/lib/python3.8/site-packages/airflow/example_dags/example_short_circuit_operator.py
[2024-02-10T17:45:33.200+0000] {processor.py:840} INFO - DAG(s) 'example_short_circuit_operator' retrieved from /home/airflow/.local/lib/python3.8/site-packages/airflow/example_dags/example_short_circuit_operator.py
[2024-02-10T17:45:33.231+0000] {logging_mixin.py:188} INFO - [2024-02-10T17:45:33.231+0000] {dag.py:3036} INFO - Sync 1 DAGs
[2024-02-10T17:45:33.256+0000] {logging_mixin.py:188} INFO - [2024-02-10T17:45:33.256+0000] {dag.py:3823} INFO - Setting next_dagrun for example_short_circuit_operator to 2024-02-09 00:00:00+00:00, run_after=2024-02-10 00:00:00+00:00
[2024-02-10T17:45:33.281+0000] {processor.py:183} INFO - Processing /home/airflow/.local/lib/python3.8/site-packages/airflow/example_dags/example_short_circuit_operator.py took 0.099 seconds
[2024-02-10T17:46:03.578+0000] {processor.py:161} INFO - Started process (PID=372) to work on /home/airflow/.local/lib/python3.8/site-packages/airflow/example_dags/example_short_circuit_operator.py
[2024-02-10T17:46:03.581+0000] {processor.py:830} INFO - Processing file /home/airflow/.local/lib/python3.8/site-packages/airflow/example_dags/example_short_circuit_operator.py for tasks to queue
[2024-02-10T17:46:03.583+0000] {logging_mixin.py:188} INFO - [2024-02-10T17:46:03.582+0000] {dagbag.py:538} INFO - Filling up the DagBag from /home/airflow/.local/lib/python3.8/site-packages/airflow/example_dags/example_short_circuit_operator.py
[2024-02-10T17:46:03.591+0000] {processor.py:840} INFO - DAG(s) 'example_short_circuit_operator' retrieved from /home/airflow/.local/lib/python3.8/site-packages/airflow/example_dags/example_short_circuit_operator.py
[2024-02-10T17:46:03.617+0000] {logging_mixin.py:188} INFO - [2024-02-10T17:46:03.617+0000] {dag.py:3036} INFO - Sync 1 DAGs
[2024-02-10T17:46:03.641+0000] {logging_mixin.py:188} INFO - [2024-02-10T17:46:03.641+0000] {dag.py:3823} INFO - Setting next_dagrun for example_short_circuit_operator to 2024-02-09 00:00:00+00:00, run_after=2024-02-10 00:00:00+00:00
[2024-02-10T17:46:03.666+0000] {processor.py:183} INFO - Processing /home/airflow/.local/lib/python3.8/site-packages/airflow/example_dags/example_short_circuit_operator.py took 0.090 seconds
[2024-02-10T17:46:33.760+0000] {processor.py:161} INFO - Started process (PID=428) to work on /home/airflow/.local/lib/python3.8/site-packages/airflow/example_dags/example_short_circuit_operator.py
[2024-02-10T17:46:33.762+0000] {processor.py:830} INFO - Processing file /home/airflow/.local/lib/python3.8/site-packages/airflow/example_dags/example_short_circuit_operator.py for tasks to queue
[2024-02-10T17:46:33.764+0000] {logging_mixin.py:188} INFO - [2024-02-10T17:46:33.764+0000] {dagbag.py:538} INFO - Filling up the DagBag from /home/airflow/.local/lib/python3.8/site-packages/airflow/example_dags/example_short_circuit_operator.py
[2024-02-10T17:46:33.773+0000] {processor.py:840} INFO - DAG(s) 'example_short_circuit_operator' retrieved from /home/airflow/.local/lib/python3.8/site-packages/airflow/example_dags/example_short_circuit_operator.py
[2024-02-10T17:46:33.800+0000] {logging_mixin.py:188} INFO - [2024-02-10T17:46:33.800+0000] {dag.py:3036} INFO - Sync 1 DAGs
[2024-02-10T17:46:33.824+0000] {logging_mixin.py:188} INFO - [2024-02-10T17:46:33.824+0000] {dag.py:3823} INFO - Setting next_dagrun for example_short_circuit_operator to 2024-02-09 00:00:00+00:00, run_after=2024-02-10 00:00:00+00:00
[2024-02-10T17:46:33.858+0000] {processor.py:183} INFO - Processing /home/airflow/.local/lib/python3.8/site-packages/airflow/example_dags/example_short_circuit_operator.py took 0.102 seconds
[2024-02-10T17:47:04.467+0000] {processor.py:161} INFO - Started process (PID=484) to work on /home/airflow/.local/lib/python3.8/site-packages/airflow/example_dags/example_short_circuit_operator.py
[2024-02-10T17:47:04.467+0000] {processor.py:830} INFO - Processing file /home/airflow/.local/lib/python3.8/site-packages/airflow/example_dags/example_short_circuit_operator.py for tasks to queue
[2024-02-10T17:47:04.470+0000] {logging_mixin.py:188} INFO - [2024-02-10T17:47:04.469+0000] {dagbag.py:538} INFO - Filling up the DagBag from /home/airflow/.local/lib/python3.8/site-packages/airflow/example_dags/example_short_circuit_operator.py
[2024-02-10T17:47:04.479+0000] {processor.py:840} INFO - DAG(s) 'example_short_circuit_operator' retrieved from /home/airflow/.local/lib/python3.8/site-packages/airflow/example_dags/example_short_circuit_operator.py
[2024-02-10T17:47:04.504+0000] {logging_mixin.py:188} INFO - [2024-02-10T17:47:04.504+0000] {dag.py:3036} INFO - Sync 1 DAGs
[2024-02-10T17:47:04.529+0000] {logging_mixin.py:188} INFO - [2024-02-10T17:47:04.529+0000] {dag.py:3823} INFO - Setting next_dagrun for example_short_circuit_operator to 2024-02-09 00:00:00+00:00, run_after=2024-02-10 00:00:00+00:00
[2024-02-10T17:47:04.565+0000] {processor.py:183} INFO - Processing /home/airflow/.local/lib/python3.8/site-packages/airflow/example_dags/example_short_circuit_operator.py took 0.102 seconds
[2024-02-10T17:47:34.874+0000] {processor.py:161} INFO - Started process (PID=539) to work on /home/airflow/.local/lib/python3.8/site-packages/airflow/example_dags/example_short_circuit_operator.py
[2024-02-10T17:47:34.875+0000] {processor.py:830} INFO - Processing file /home/airflow/.local/lib/python3.8/site-packages/airflow/example_dags/example_short_circuit_operator.py for tasks to queue
[2024-02-10T17:47:34.876+0000] {logging_mixin.py:188} INFO - [2024-02-10T17:47:34.876+0000] {dagbag.py:538} INFO - Filling up the DagBag from /home/airflow/.local/lib/python3.8/site-packages/airflow/example_dags/example_short_circuit_operator.py
[2024-02-10T17:47:34.885+0000] {processor.py:840} INFO - DAG(s) 'example_short_circuit_operator' retrieved from /home/airflow/.local/lib/python3.8/site-packages/airflow/example_dags/example_short_circuit_operator.py
[2024-02-10T17:47:34.911+0000] {logging_mixin.py:188} INFO - [2024-02-10T17:47:34.910+0000] {dag.py:3036} INFO - Sync 1 DAGs
[2024-02-10T17:47:34.935+0000] {logging_mixin.py:188} INFO - [2024-02-10T17:47:34.935+0000] {dag.py:3823} INFO - Setting next_dagrun for example_short_circuit_operator to 2024-02-09 00:00:00+00:00, run_after=2024-02-10 00:00:00+00:00
[2024-02-10T17:47:34.965+0000] {processor.py:183} INFO - Processing /home/airflow/.local/lib/python3.8/site-packages/airflow/example_dags/example_short_circuit_operator.py took 0.094 seconds
[2024-02-10T17:48:05.335+0000] {processor.py:161} INFO - Started process (PID=596) to work on /home/airflow/.local/lib/python3.8/site-packages/airflow/example_dags/example_short_circuit_operator.py
[2024-02-10T17:48:05.336+0000] {processor.py:830} INFO - Processing file /home/airflow/.local/lib/python3.8/site-packages/airflow/example_dags/example_short_circuit_operator.py for tasks to queue
[2024-02-10T17:48:05.338+0000] {logging_mixin.py:188} INFO - [2024-02-10T17:48:05.338+0000] {dagbag.py:538} INFO - Filling up the DagBag from /home/airflow/.local/lib/python3.8/site-packages/airflow/example_dags/example_short_circuit_operator.py
[2024-02-10T17:48:05.347+0000] {processor.py:840} INFO - DAG(s) 'example_short_circuit_operator' retrieved from /home/airflow/.local/lib/python3.8/site-packages/airflow/example_dags/example_short_circuit_operator.py
[2024-02-10T17:48:05.372+0000] {logging_mixin.py:188} INFO - [2024-02-10T17:48:05.372+0000] {dag.py:3036} INFO - Sync 1 DAGs
[2024-02-10T17:48:05.396+0000] {logging_mixin.py:188} INFO - [2024-02-10T17:48:05.396+0000] {dag.py:3823} INFO - Setting next_dagrun for example_short_circuit_operator to 2024-02-09 00:00:00+00:00, run_after=2024-02-10 00:00:00+00:00
[2024-02-10T17:48:05.418+0000] {processor.py:183} INFO - Processing /home/airflow/.local/lib/python3.8/site-packages/airflow/example_dags/example_short_circuit_operator.py took 0.086 seconds
[2024-02-10T17:48:36.141+0000] {processor.py:161} INFO - Started process (PID=653) to work on /home/airflow/.local/lib/python3.8/site-packages/airflow/example_dags/example_short_circuit_operator.py
[2024-02-10T17:48:36.142+0000] {processor.py:830} INFO - Processing file /home/airflow/.local/lib/python3.8/site-packages/airflow/example_dags/example_short_circuit_operator.py for tasks to queue
[2024-02-10T17:48:36.147+0000] {logging_mixin.py:188} INFO - [2024-02-10T17:48:36.143+0000] {dagbag.py:538} INFO - Filling up the DagBag from /home/airflow/.local/lib/python3.8/site-packages/airflow/example_dags/example_short_circuit_operator.py
[2024-02-10T17:48:36.157+0000] {processor.py:840} INFO - DAG(s) 'example_short_circuit_operator' retrieved from /home/airflow/.local/lib/python3.8/site-packages/airflow/example_dags/example_short_circuit_operator.py
[2024-02-10T17:48:36.182+0000] {logging_mixin.py:188} INFO - [2024-02-10T17:48:36.182+0000] {dag.py:3036} INFO - Sync 1 DAGs
[2024-02-10T17:48:36.207+0000] {logging_mixin.py:188} INFO - [2024-02-10T17:48:36.206+0000] {dag.py:3823} INFO - Setting next_dagrun for example_short_circuit_operator to 2024-02-09 00:00:00+00:00, run_after=2024-02-10 00:00:00+00:00
[2024-02-10T17:48:36.231+0000] {processor.py:183} INFO - Processing /home/airflow/.local/lib/python3.8/site-packages/airflow/example_dags/example_short_circuit_operator.py took 0.093 seconds
[2024-02-10T17:49:06.577+0000] {processor.py:161} INFO - Started process (PID=708) to work on /home/airflow/.local/lib/python3.8/site-packages/airflow/example_dags/example_short_circuit_operator.py
[2024-02-10T17:49:06.577+0000] {processor.py:830} INFO - Processing file /home/airflow/.local/lib/python3.8/site-packages/airflow/example_dags/example_short_circuit_operator.py for tasks to queue
[2024-02-10T17:49:06.581+0000] {logging_mixin.py:188} INFO - [2024-02-10T17:49:06.581+0000] {dagbag.py:538} INFO - Filling up the DagBag from /home/airflow/.local/lib/python3.8/site-packages/airflow/example_dags/example_short_circuit_operator.py
[2024-02-10T17:49:06.600+0000] {processor.py:840} INFO - DAG(s) 'example_short_circuit_operator' retrieved from /home/airflow/.local/lib/python3.8/site-packages/airflow/example_dags/example_short_circuit_operator.py
[2024-02-10T17:49:06.637+0000] {logging_mixin.py:188} INFO - [2024-02-10T17:49:06.637+0000] {dag.py:3036} INFO - Sync 1 DAGs
[2024-02-10T17:49:06.681+0000] {logging_mixin.py:188} INFO - [2024-02-10T17:49:06.681+0000] {dag.py:3823} INFO - Setting next_dagrun for example_short_circuit_operator to 2024-02-09 00:00:00+00:00, run_after=2024-02-10 00:00:00+00:00
[2024-02-10T17:49:06.727+0000] {processor.py:183} INFO - Processing /home/airflow/.local/lib/python3.8/site-packages/airflow/example_dags/example_short_circuit_operator.py took 0.154 seconds
[2024-02-10T17:49:37.045+0000] {processor.py:161} INFO - Started process (PID=763) to work on /home/airflow/.local/lib/python3.8/site-packages/airflow/example_dags/example_short_circuit_operator.py
[2024-02-10T17:49:37.046+0000] {processor.py:830} INFO - Processing file /home/airflow/.local/lib/python3.8/site-packages/airflow/example_dags/example_short_circuit_operator.py for tasks to queue
[2024-02-10T17:49:37.048+0000] {logging_mixin.py:188} INFO - [2024-02-10T17:49:37.048+0000] {dagbag.py:538} INFO - Filling up the DagBag from /home/airflow/.local/lib/python3.8/site-packages/airflow/example_dags/example_short_circuit_operator.py
[2024-02-10T17:49:37.057+0000] {processor.py:840} INFO - DAG(s) 'example_short_circuit_operator' retrieved from /home/airflow/.local/lib/python3.8/site-packages/airflow/example_dags/example_short_circuit_operator.py
[2024-02-10T17:49:37.098+0000] {logging_mixin.py:188} INFO - [2024-02-10T17:49:37.098+0000] {dag.py:3036} INFO - Sync 1 DAGs
[2024-02-10T17:49:37.125+0000] {logging_mixin.py:188} INFO - [2024-02-10T17:49:37.125+0000] {dag.py:3823} INFO - Setting next_dagrun for example_short_circuit_operator to 2024-02-09 00:00:00+00:00, run_after=2024-02-10 00:00:00+00:00
[2024-02-10T17:49:37.148+0000] {processor.py:183} INFO - Processing /home/airflow/.local/lib/python3.8/site-packages/airflow/example_dags/example_short_circuit_operator.py took 0.106 seconds
[2024-02-10T17:50:07.667+0000] {processor.py:161} INFO - Started process (PID=818) to work on /home/airflow/.local/lib/python3.8/site-packages/airflow/example_dags/example_short_circuit_operator.py
[2024-02-10T17:50:07.668+0000] {processor.py:830} INFO - Processing file /home/airflow/.local/lib/python3.8/site-packages/airflow/example_dags/example_short_circuit_operator.py for tasks to queue
[2024-02-10T17:50:07.670+0000] {logging_mixin.py:188} INFO - [2024-02-10T17:50:07.670+0000] {dagbag.py:538} INFO - Filling up the DagBag from /home/airflow/.local/lib/python3.8/site-packages/airflow/example_dags/example_short_circuit_operator.py
[2024-02-10T17:50:07.680+0000] {processor.py:840} INFO - DAG(s) 'example_short_circuit_operator' retrieved from /home/airflow/.local/lib/python3.8/site-packages/airflow/example_dags/example_short_circuit_operator.py
[2024-02-10T17:50:07.705+0000] {logging_mixin.py:188} INFO - [2024-02-10T17:50:07.704+0000] {dag.py:3036} INFO - Sync 1 DAGs
[2024-02-10T17:50:07.732+0000] {logging_mixin.py:188} INFO - [2024-02-10T17:50:07.732+0000] {dag.py:3823} INFO - Setting next_dagrun for example_short_circuit_operator to 2024-02-09 00:00:00+00:00, run_after=2024-02-10 00:00:00+00:00
[2024-02-10T17:50:07.756+0000] {processor.py:183} INFO - Processing /home/airflow/.local/lib/python3.8/site-packages/airflow/example_dags/example_short_circuit_operator.py took 0.092 seconds
[2024-02-10T17:50:37.907+0000] {processor.py:161} INFO - Started process (PID=873) to work on /home/airflow/.local/lib/python3.8/site-packages/airflow/example_dags/example_short_circuit_operator.py
[2024-02-10T17:50:37.911+0000] {processor.py:830} INFO - Processing file /home/airflow/.local/lib/python3.8/site-packages/airflow/example_dags/example_short_circuit_operator.py for tasks to queue
[2024-02-10T17:50:37.916+0000] {logging_mixin.py:188} INFO - [2024-02-10T17:50:37.915+0000] {dagbag.py:538} INFO - Filling up the DagBag from /home/airflow/.local/lib/python3.8/site-packages/airflow/example_dags/example_short_circuit_operator.py
[2024-02-10T17:50:37.931+0000] {processor.py:840} INFO - DAG(s) 'example_short_circuit_operator' retrieved from /home/airflow/.local/lib/python3.8/site-packages/airflow/example_dags/example_short_circuit_operator.py
[2024-02-10T17:50:38.023+0000] {logging_mixin.py:188} INFO - [2024-02-10T17:50:38.023+0000] {dag.py:3036} INFO - Sync 1 DAGs
[2024-02-10T17:50:38.112+0000] {logging_mixin.py:188} INFO - [2024-02-10T17:50:38.112+0000] {dag.py:3823} INFO - Setting next_dagrun for example_short_circuit_operator to 2024-02-09 00:00:00+00:00, run_after=2024-02-10 00:00:00+00:00
[2024-02-10T17:50:38.282+0000] {processor.py:183} INFO - Processing /home/airflow/.local/lib/python3.8/site-packages/airflow/example_dags/example_short_circuit_operator.py took 0.379 seconds
[2024-02-10T17:51:09.338+0000] {processor.py:161} INFO - Started process (PID=928) to work on /home/airflow/.local/lib/python3.8/site-packages/airflow/example_dags/example_short_circuit_operator.py
[2024-02-10T17:51:09.339+0000] {processor.py:830} INFO - Processing file /home/airflow/.local/lib/python3.8/site-packages/airflow/example_dags/example_short_circuit_operator.py for tasks to queue
[2024-02-10T17:51:09.340+0000] {logging_mixin.py:188} INFO - [2024-02-10T17:51:09.340+0000] {dagbag.py:538} INFO - Filling up the DagBag from /home/airflow/.local/lib/python3.8/site-packages/airflow/example_dags/example_short_circuit_operator.py
[2024-02-10T17:51:09.349+0000] {processor.py:840} INFO - DAG(s) 'example_short_circuit_operator' retrieved from /home/airflow/.local/lib/python3.8/site-packages/airflow/example_dags/example_short_circuit_operator.py
[2024-02-10T17:51:09.375+0000] {logging_mixin.py:188} INFO - [2024-02-10T17:51:09.375+0000] {dag.py:3036} INFO - Sync 1 DAGs
[2024-02-10T17:51:09.417+0000] {logging_mixin.py:188} INFO - [2024-02-10T17:51:09.417+0000] {dag.py:3823} INFO - Setting next_dagrun for example_short_circuit_operator to 2024-02-09 00:00:00+00:00, run_after=2024-02-10 00:00:00+00:00
[2024-02-10T17:51:09.443+0000] {processor.py:183} INFO - Processing /home/airflow/.local/lib/python3.8/site-packages/airflow/example_dags/example_short_circuit_operator.py took 0.110 seconds
[2024-02-10T17:51:40.314+0000] {processor.py:161} INFO - Started process (PID=983) to work on /home/airflow/.local/lib/python3.8/site-packages/airflow/example_dags/example_short_circuit_operator.py
[2024-02-10T17:51:40.315+0000] {processor.py:830} INFO - Processing file /home/airflow/.local/lib/python3.8/site-packages/airflow/example_dags/example_short_circuit_operator.py for tasks to queue
[2024-02-10T17:51:40.317+0000] {logging_mixin.py:188} INFO - [2024-02-10T17:51:40.317+0000] {dagbag.py:538} INFO - Filling up the DagBag from /home/airflow/.local/lib/python3.8/site-packages/airflow/example_dags/example_short_circuit_operator.py
[2024-02-10T17:51:40.326+0000] {processor.py:840} INFO - DAG(s) 'example_short_circuit_operator' retrieved from /home/airflow/.local/lib/python3.8/site-packages/airflow/example_dags/example_short_circuit_operator.py
[2024-02-10T17:51:40.352+0000] {logging_mixin.py:188} INFO - [2024-02-10T17:51:40.352+0000] {dag.py:3036} INFO - Sync 1 DAGs
[2024-02-10T17:51:40.379+0000] {logging_mixin.py:188} INFO - [2024-02-10T17:51:40.379+0000] {dag.py:3823} INFO - Setting next_dagrun for example_short_circuit_operator to 2024-02-09 00:00:00+00:00, run_after=2024-02-10 00:00:00+00:00
[2024-02-10T17:51:40.404+0000] {processor.py:183} INFO - Processing /home/airflow/.local/lib/python3.8/site-packages/airflow/example_dags/example_short_circuit_operator.py took 0.094 seconds
[2024-02-10T17:52:10.703+0000] {processor.py:161} INFO - Started process (PID=1038) to work on /home/airflow/.local/lib/python3.8/site-packages/airflow/example_dags/example_short_circuit_operator.py
[2024-02-10T17:52:10.703+0000] {processor.py:830} INFO - Processing file /home/airflow/.local/lib/python3.8/site-packages/airflow/example_dags/example_short_circuit_operator.py for tasks to queue
[2024-02-10T17:52:10.706+0000] {logging_mixin.py:188} INFO - [2024-02-10T17:52:10.706+0000] {dagbag.py:538} INFO - Filling up the DagBag from /home/airflow/.local/lib/python3.8/site-packages/airflow/example_dags/example_short_circuit_operator.py
[2024-02-10T17:52:10.715+0000] {processor.py:840} INFO - DAG(s) 'example_short_circuit_operator' retrieved from /home/airflow/.local/lib/python3.8/site-packages/airflow/example_dags/example_short_circuit_operator.py
[2024-02-10T17:52:10.740+0000] {logging_mixin.py:188} INFO - [2024-02-10T17:52:10.740+0000] {dag.py:3036} INFO - Sync 1 DAGs
[2024-02-10T17:52:10.765+0000] {logging_mixin.py:188} INFO - [2024-02-10T17:52:10.764+0000] {dag.py:3823} INFO - Setting next_dagrun for example_short_circuit_operator to 2024-02-09 00:00:00+00:00, run_after=2024-02-10 00:00:00+00:00
[2024-02-10T17:52:10.788+0000] {processor.py:183} INFO - Processing /home/airflow/.local/lib/python3.8/site-packages/airflow/example_dags/example_short_circuit_operator.py took 0.089 seconds
[2024-02-10T17:52:40.893+0000] {processor.py:161} INFO - Started process (PID=1093) to work on /home/airflow/.local/lib/python3.8/site-packages/airflow/example_dags/example_short_circuit_operator.py
[2024-02-10T17:52:40.894+0000] {processor.py:830} INFO - Processing file /home/airflow/.local/lib/python3.8/site-packages/airflow/example_dags/example_short_circuit_operator.py for tasks to queue
[2024-02-10T17:52:40.895+0000] {logging_mixin.py:188} INFO - [2024-02-10T17:52:40.895+0000] {dagbag.py:538} INFO - Filling up the DagBag from /home/airflow/.local/lib/python3.8/site-packages/airflow/example_dags/example_short_circuit_operator.py
[2024-02-10T17:52:40.907+0000] {processor.py:840} INFO - DAG(s) 'example_short_circuit_operator' retrieved from /home/airflow/.local/lib/python3.8/site-packages/airflow/example_dags/example_short_circuit_operator.py
[2024-02-10T17:52:40.933+0000] {logging_mixin.py:188} INFO - [2024-02-10T17:52:40.933+0000] {dag.py:3036} INFO - Sync 1 DAGs
[2024-02-10T17:52:40.958+0000] {logging_mixin.py:188} INFO - [2024-02-10T17:52:40.957+0000] {dag.py:3823} INFO - Setting next_dagrun for example_short_circuit_operator to 2024-02-09 00:00:00+00:00, run_after=2024-02-10 00:00:00+00:00
[2024-02-10T17:52:40.978+0000] {processor.py:183} INFO - Processing /home/airflow/.local/lib/python3.8/site-packages/airflow/example_dags/example_short_circuit_operator.py took 0.088 seconds
[2024-02-10T17:53:11.235+0000] {processor.py:161} INFO - Started process (PID=1148) to work on /home/airflow/.local/lib/python3.8/site-packages/airflow/example_dags/example_short_circuit_operator.py
[2024-02-10T17:53:11.236+0000] {processor.py:830} INFO - Processing file /home/airflow/.local/lib/python3.8/site-packages/airflow/example_dags/example_short_circuit_operator.py for tasks to queue
[2024-02-10T17:53:11.238+0000] {logging_mixin.py:188} INFO - [2024-02-10T17:53:11.238+0000] {dagbag.py:538} INFO - Filling up the DagBag from /home/airflow/.local/lib/python3.8/site-packages/airflow/example_dags/example_short_circuit_operator.py
[2024-02-10T17:53:11.246+0000] {processor.py:840} INFO - DAG(s) 'example_short_circuit_operator' retrieved from /home/airflow/.local/lib/python3.8/site-packages/airflow/example_dags/example_short_circuit_operator.py
[2024-02-10T17:53:11.272+0000] {logging_mixin.py:188} INFO - [2024-02-10T17:53:11.272+0000] {dag.py:3036} INFO - Sync 1 DAGs
[2024-02-10T17:53:11.297+0000] {logging_mixin.py:188} INFO - [2024-02-10T17:53:11.296+0000] {dag.py:3823} INFO - Setting next_dagrun for example_short_circuit_operator to 2024-02-09 00:00:00+00:00, run_after=2024-02-10 00:00:00+00:00
[2024-02-10T17:53:11.321+0000] {processor.py:183} INFO - Processing /home/airflow/.local/lib/python3.8/site-packages/airflow/example_dags/example_short_circuit_operator.py took 0.089 seconds
[2024-02-10T17:53:41.705+0000] {processor.py:161} INFO - Started process (PID=1203) to work on /home/airflow/.local/lib/python3.8/site-packages/airflow/example_dags/example_short_circuit_operator.py
[2024-02-10T17:53:41.706+0000] {processor.py:830} INFO - Processing file /home/airflow/.local/lib/python3.8/site-packages/airflow/example_dags/example_short_circuit_operator.py for tasks to queue
[2024-02-10T17:53:41.708+0000] {logging_mixin.py:188} INFO - [2024-02-10T17:53:41.707+0000] {dagbag.py:538} INFO - Filling up the DagBag from /home/airflow/.local/lib/python3.8/site-packages/airflow/example_dags/example_short_circuit_operator.py
[2024-02-10T17:53:41.716+0000] {processor.py:840} INFO - DAG(s) 'example_short_circuit_operator' retrieved from /home/airflow/.local/lib/python3.8/site-packages/airflow/example_dags/example_short_circuit_operator.py
[2024-02-10T17:53:41.744+0000] {logging_mixin.py:188} INFO - [2024-02-10T17:53:41.744+0000] {dag.py:3036} INFO - Sync 1 DAGs
[2024-02-10T17:53:41.769+0000] {logging_mixin.py:188} INFO - [2024-02-10T17:53:41.769+0000] {dag.py:3823} INFO - Setting next_dagrun for example_short_circuit_operator to 2024-02-09 00:00:00+00:00, run_after=2024-02-10 00:00:00+00:00
[2024-02-10T17:53:41.821+0000] {processor.py:183} INFO - Processing /home/airflow/.local/lib/python3.8/site-packages/airflow/example_dags/example_short_circuit_operator.py took 0.119 seconds
[2024-02-10T17:54:11.939+0000] {processor.py:161} INFO - Started process (PID=1259) to work on /home/airflow/.local/lib/python3.8/site-packages/airflow/example_dags/example_short_circuit_operator.py
[2024-02-10T17:54:11.941+0000] {processor.py:830} INFO - Processing file /home/airflow/.local/lib/python3.8/site-packages/airflow/example_dags/example_short_circuit_operator.py for tasks to queue
[2024-02-10T17:54:11.943+0000] {logging_mixin.py:188} INFO - [2024-02-10T17:54:11.943+0000] {dagbag.py:538} INFO - Filling up the DagBag from /home/airflow/.local/lib/python3.8/site-packages/airflow/example_dags/example_short_circuit_operator.py
[2024-02-10T17:54:11.952+0000] {processor.py:840} INFO - DAG(s) 'example_short_circuit_operator' retrieved from /home/airflow/.local/lib/python3.8/site-packages/airflow/example_dags/example_short_circuit_operator.py
[2024-02-10T17:54:11.979+0000] {logging_mixin.py:188} INFO - [2024-02-10T17:54:11.979+0000] {dag.py:3036} INFO - Sync 1 DAGs
[2024-02-10T17:54:12.003+0000] {logging_mixin.py:188} INFO - [2024-02-10T17:54:12.002+0000] {dag.py:3823} INFO - Setting next_dagrun for example_short_circuit_operator to 2024-02-09 00:00:00+00:00, run_after=2024-02-10 00:00:00+00:00
[2024-02-10T17:54:12.026+0000] {processor.py:183} INFO - Processing /home/airflow/.local/lib/python3.8/site-packages/airflow/example_dags/example_short_circuit_operator.py took 0.089 seconds
[2024-02-10T17:54:42.353+0000] {processor.py:161} INFO - Started process (PID=1315) to work on /home/airflow/.local/lib/python3.8/site-packages/airflow/example_dags/example_short_circuit_operator.py
[2024-02-10T17:54:42.354+0000] {processor.py:830} INFO - Processing file /home/airflow/.local/lib/python3.8/site-packages/airflow/example_dags/example_short_circuit_operator.py for tasks to queue
[2024-02-10T17:54:42.356+0000] {logging_mixin.py:188} INFO - [2024-02-10T17:54:42.355+0000] {dagbag.py:538} INFO - Filling up the DagBag from /home/airflow/.local/lib/python3.8/site-packages/airflow/example_dags/example_short_circuit_operator.py
[2024-02-10T17:54:42.364+0000] {processor.py:840} INFO - DAG(s) 'example_short_circuit_operator' retrieved from /home/airflow/.local/lib/python3.8/site-packages/airflow/example_dags/example_short_circuit_operator.py
[2024-02-10T17:54:42.394+0000] {logging_mixin.py:188} INFO - [2024-02-10T17:54:42.394+0000] {dag.py:3036} INFO - Sync 1 DAGs
[2024-02-10T17:54:42.419+0000] {logging_mixin.py:188} INFO - [2024-02-10T17:54:42.418+0000] {dag.py:3823} INFO - Setting next_dagrun for example_short_circuit_operator to 2024-02-09 00:00:00+00:00, run_after=2024-02-10 00:00:00+00:00
[2024-02-10T17:54:42.470+0000] {processor.py:183} INFO - Processing /home/airflow/.local/lib/python3.8/site-packages/airflow/example_dags/example_short_circuit_operator.py took 0.121 seconds
[2024-02-10T17:55:12.783+0000] {processor.py:161} INFO - Started process (PID=1370) to work on /home/airflow/.local/lib/python3.8/site-packages/airflow/example_dags/example_short_circuit_operator.py
[2024-02-10T17:55:12.783+0000] {processor.py:830} INFO - Processing file /home/airflow/.local/lib/python3.8/site-packages/airflow/example_dags/example_short_circuit_operator.py for tasks to queue
[2024-02-10T17:55:12.785+0000] {logging_mixin.py:188} INFO - [2024-02-10T17:55:12.785+0000] {dagbag.py:538} INFO - Filling up the DagBag from /home/airflow/.local/lib/python3.8/site-packages/airflow/example_dags/example_short_circuit_operator.py
[2024-02-10T17:55:12.795+0000] {processor.py:840} INFO - DAG(s) 'example_short_circuit_operator' retrieved from /home/airflow/.local/lib/python3.8/site-packages/airflow/example_dags/example_short_circuit_operator.py
[2024-02-10T17:55:12.821+0000] {logging_mixin.py:188} INFO - [2024-02-10T17:55:12.821+0000] {dag.py:3036} INFO - Sync 1 DAGs
[2024-02-10T17:55:12.847+0000] {logging_mixin.py:188} INFO - [2024-02-10T17:55:12.847+0000] {dag.py:3823} INFO - Setting next_dagrun for example_short_circuit_operator to 2024-02-09 00:00:00+00:00, run_after=2024-02-10 00:00:00+00:00
[2024-02-10T17:55:12.877+0000] {processor.py:183} INFO - Processing /home/airflow/.local/lib/python3.8/site-packages/airflow/example_dags/example_short_circuit_operator.py took 0.100 seconds
[2024-02-10T17:55:42.937+0000] {processor.py:161} INFO - Started process (PID=1425) to work on /home/airflow/.local/lib/python3.8/site-packages/airflow/example_dags/example_short_circuit_operator.py
[2024-02-10T17:55:42.938+0000] {processor.py:830} INFO - Processing file /home/airflow/.local/lib/python3.8/site-packages/airflow/example_dags/example_short_circuit_operator.py for tasks to queue
[2024-02-10T17:55:42.940+0000] {logging_mixin.py:188} INFO - [2024-02-10T17:55:42.940+0000] {dagbag.py:538} INFO - Filling up the DagBag from /home/airflow/.local/lib/python3.8/site-packages/airflow/example_dags/example_short_circuit_operator.py
[2024-02-10T17:55:42.948+0000] {processor.py:840} INFO - DAG(s) 'example_short_circuit_operator' retrieved from /home/airflow/.local/lib/python3.8/site-packages/airflow/example_dags/example_short_circuit_operator.py
[2024-02-10T17:55:43.002+0000] {logging_mixin.py:188} INFO - [2024-02-10T17:55:42.999+0000] {dag.py:3036} INFO - Sync 1 DAGs
[2024-02-10T17:55:43.067+0000] {logging_mixin.py:188} INFO - [2024-02-10T17:55:43.067+0000] {dag.py:3823} INFO - Setting next_dagrun for example_short_circuit_operator to 2024-02-09 00:00:00+00:00, run_after=2024-02-10 00:00:00+00:00
[2024-02-10T17:55:43.137+0000] {processor.py:183} INFO - Processing /home/airflow/.local/lib/python3.8/site-packages/airflow/example_dags/example_short_circuit_operator.py took 0.203 seconds
[2024-02-10T17:56:13.375+0000] {processor.py:161} INFO - Started process (PID=1481) to work on /home/airflow/.local/lib/python3.8/site-packages/airflow/example_dags/example_short_circuit_operator.py
[2024-02-10T17:56:13.381+0000] {processor.py:830} INFO - Processing file /home/airflow/.local/lib/python3.8/site-packages/airflow/example_dags/example_short_circuit_operator.py for tasks to queue
[2024-02-10T17:56:13.390+0000] {logging_mixin.py:188} INFO - [2024-02-10T17:56:13.390+0000] {dagbag.py:538} INFO - Filling up the DagBag from /home/airflow/.local/lib/python3.8/site-packages/airflow/example_dags/example_short_circuit_operator.py
[2024-02-10T17:56:13.401+0000] {processor.py:840} INFO - DAG(s) 'example_short_circuit_operator' retrieved from /home/airflow/.local/lib/python3.8/site-packages/airflow/example_dags/example_short_circuit_operator.py
[2024-02-10T17:56:13.431+0000] {logging_mixin.py:188} INFO - [2024-02-10T17:56:13.431+0000] {dag.py:3036} INFO - Sync 1 DAGs
[2024-02-10T17:56:13.456+0000] {logging_mixin.py:188} INFO - [2024-02-10T17:56:13.456+0000] {dag.py:3823} INFO - Setting next_dagrun for example_short_circuit_operator to 2024-02-09 00:00:00+00:00, run_after=2024-02-10 00:00:00+00:00
[2024-02-10T17:56:13.488+0000] {processor.py:183} INFO - Processing /home/airflow/.local/lib/python3.8/site-packages/airflow/example_dags/example_short_circuit_operator.py took 0.124 seconds
[2024-02-10T17:56:43.533+0000] {processor.py:161} INFO - Started process (PID=1536) to work on /home/airflow/.local/lib/python3.8/site-packages/airflow/example_dags/example_short_circuit_operator.py
[2024-02-10T17:56:43.534+0000] {processor.py:830} INFO - Processing file /home/airflow/.local/lib/python3.8/site-packages/airflow/example_dags/example_short_circuit_operator.py for tasks to queue
[2024-02-10T17:56:43.536+0000] {logging_mixin.py:188} INFO - [2024-02-10T17:56:43.536+0000] {dagbag.py:538} INFO - Filling up the DagBag from /home/airflow/.local/lib/python3.8/site-packages/airflow/example_dags/example_short_circuit_operator.py
[2024-02-10T17:56:43.544+0000] {processor.py:840} INFO - DAG(s) 'example_short_circuit_operator' retrieved from /home/airflow/.local/lib/python3.8/site-packages/airflow/example_dags/example_short_circuit_operator.py
[2024-02-10T17:56:43.570+0000] {logging_mixin.py:188} INFO - [2024-02-10T17:56:43.570+0000] {dag.py:3036} INFO - Sync 1 DAGs
[2024-02-10T17:56:43.598+0000] {logging_mixin.py:188} INFO - [2024-02-10T17:56:43.598+0000] {dag.py:3823} INFO - Setting next_dagrun for example_short_circuit_operator to 2024-02-09 00:00:00+00:00, run_after=2024-02-10 00:00:00+00:00
[2024-02-10T17:56:43.621+0000] {processor.py:183} INFO - Processing /home/airflow/.local/lib/python3.8/site-packages/airflow/example_dags/example_short_circuit_operator.py took 0.092 seconds
[2024-02-10T17:57:14.648+0000] {processor.py:161} INFO - Started process (PID=1593) to work on /home/airflow/.local/lib/python3.8/site-packages/airflow/example_dags/example_short_circuit_operator.py
[2024-02-10T17:57:14.660+0000] {processor.py:830} INFO - Processing file /home/airflow/.local/lib/python3.8/site-packages/airflow/example_dags/example_short_circuit_operator.py for tasks to queue
[2024-02-10T17:57:14.662+0000] {logging_mixin.py:188} INFO - [2024-02-10T17:57:14.661+0000] {dagbag.py:538} INFO - Filling up the DagBag from /home/airflow/.local/lib/python3.8/site-packages/airflow/example_dags/example_short_circuit_operator.py
[2024-02-10T17:57:14.675+0000] {processor.py:840} INFO - DAG(s) 'example_short_circuit_operator' retrieved from /home/airflow/.local/lib/python3.8/site-packages/airflow/example_dags/example_short_circuit_operator.py
[2024-02-10T17:57:14.703+0000] {logging_mixin.py:188} INFO - [2024-02-10T17:57:14.703+0000] {dag.py:3036} INFO - Sync 1 DAGs
[2024-02-10T17:57:14.733+0000] {logging_mixin.py:188} INFO - [2024-02-10T17:57:14.733+0000] {dag.py:3823} INFO - Setting next_dagrun for example_short_circuit_operator to 2024-02-09 00:00:00+00:00, run_after=2024-02-10 00:00:00+00:00
[2024-02-10T17:57:14.770+0000] {processor.py:183} INFO - Processing /home/airflow/.local/lib/python3.8/site-packages/airflow/example_dags/example_short_circuit_operator.py took 0.126 seconds
[2024-02-10T17:57:45.031+0000] {processor.py:161} INFO - Started process (PID=1648) to work on /home/airflow/.local/lib/python3.8/site-packages/airflow/example_dags/example_short_circuit_operator.py
[2024-02-10T17:57:45.032+0000] {processor.py:830} INFO - Processing file /home/airflow/.local/lib/python3.8/site-packages/airflow/example_dags/example_short_circuit_operator.py for tasks to queue
[2024-02-10T17:57:45.034+0000] {logging_mixin.py:188} INFO - [2024-02-10T17:57:45.034+0000] {dagbag.py:538} INFO - Filling up the DagBag from /home/airflow/.local/lib/python3.8/site-packages/airflow/example_dags/example_short_circuit_operator.py
[2024-02-10T17:57:45.043+0000] {processor.py:840} INFO - DAG(s) 'example_short_circuit_operator' retrieved from /home/airflow/.local/lib/python3.8/site-packages/airflow/example_dags/example_short_circuit_operator.py
[2024-02-10T17:57:45.072+0000] {logging_mixin.py:188} INFO - [2024-02-10T17:57:45.072+0000] {dag.py:3036} INFO - Sync 1 DAGs
[2024-02-10T17:57:45.096+0000] {logging_mixin.py:188} INFO - [2024-02-10T17:57:45.096+0000] {dag.py:3823} INFO - Setting next_dagrun for example_short_circuit_operator to 2024-02-09 00:00:00+00:00, run_after=2024-02-10 00:00:00+00:00
[2024-02-10T17:57:45.120+0000] {processor.py:183} INFO - Processing /home/airflow/.local/lib/python3.8/site-packages/airflow/example_dags/example_short_circuit_operator.py took 0.092 seconds
[2024-02-10T17:58:15.636+0000] {processor.py:161} INFO - Started process (PID=1703) to work on /home/airflow/.local/lib/python3.8/site-packages/airflow/example_dags/example_short_circuit_operator.py
[2024-02-10T17:58:15.637+0000] {processor.py:830} INFO - Processing file /home/airflow/.local/lib/python3.8/site-packages/airflow/example_dags/example_short_circuit_operator.py for tasks to queue
[2024-02-10T17:58:15.640+0000] {logging_mixin.py:188} INFO - [2024-02-10T17:58:15.639+0000] {dagbag.py:538} INFO - Filling up the DagBag from /home/airflow/.local/lib/python3.8/site-packages/airflow/example_dags/example_short_circuit_operator.py
[2024-02-10T17:58:15.649+0000] {processor.py:840} INFO - DAG(s) 'example_short_circuit_operator' retrieved from /home/airflow/.local/lib/python3.8/site-packages/airflow/example_dags/example_short_circuit_operator.py
[2024-02-10T17:58:15.674+0000] {logging_mixin.py:188} INFO - [2024-02-10T17:58:15.674+0000] {dag.py:3036} INFO - Sync 1 DAGs
[2024-02-10T17:58:15.699+0000] {logging_mixin.py:188} INFO - [2024-02-10T17:58:15.699+0000] {dag.py:3823} INFO - Setting next_dagrun for example_short_circuit_operator to 2024-02-09 00:00:00+00:00, run_after=2024-02-10 00:00:00+00:00
[2024-02-10T17:58:15.721+0000] {processor.py:183} INFO - Processing /home/airflow/.local/lib/python3.8/site-packages/airflow/example_dags/example_short_circuit_operator.py took 0.088 seconds
[2024-02-10T17:58:46.004+0000] {processor.py:161} INFO - Started process (PID=1759) to work on /home/airflow/.local/lib/python3.8/site-packages/airflow/example_dags/example_short_circuit_operator.py
[2024-02-10T17:58:46.005+0000] {processor.py:830} INFO - Processing file /home/airflow/.local/lib/python3.8/site-packages/airflow/example_dags/example_short_circuit_operator.py for tasks to queue
[2024-02-10T17:58:46.007+0000] {logging_mixin.py:188} INFO - [2024-02-10T17:58:46.007+0000] {dagbag.py:538} INFO - Filling up the DagBag from /home/airflow/.local/lib/python3.8/site-packages/airflow/example_dags/example_short_circuit_operator.py
[2024-02-10T17:58:46.015+0000] {processor.py:840} INFO - DAG(s) 'example_short_circuit_operator' retrieved from /home/airflow/.local/lib/python3.8/site-packages/airflow/example_dags/example_short_circuit_operator.py
[2024-02-10T17:58:46.042+0000] {logging_mixin.py:188} INFO - [2024-02-10T17:58:46.041+0000] {dag.py:3036} INFO - Sync 1 DAGs
[2024-02-10T17:58:46.064+0000] {logging_mixin.py:188} INFO - [2024-02-10T17:58:46.064+0000] {dag.py:3823} INFO - Setting next_dagrun for example_short_circuit_operator to 2024-02-09 00:00:00+00:00, run_after=2024-02-10 00:00:00+00:00
[2024-02-10T17:58:46.088+0000] {processor.py:183} INFO - Processing /home/airflow/.local/lib/python3.8/site-packages/airflow/example_dags/example_short_circuit_operator.py took 0.088 seconds
[2024-02-10T17:59:16.298+0000] {processor.py:161} INFO - Started process (PID=1814) to work on /home/airflow/.local/lib/python3.8/site-packages/airflow/example_dags/example_short_circuit_operator.py
[2024-02-10T17:59:16.298+0000] {processor.py:830} INFO - Processing file /home/airflow/.local/lib/python3.8/site-packages/airflow/example_dags/example_short_circuit_operator.py for tasks to queue
[2024-02-10T17:59:16.301+0000] {logging_mixin.py:188} INFO - [2024-02-10T17:59:16.301+0000] {dagbag.py:538} INFO - Filling up the DagBag from /home/airflow/.local/lib/python3.8/site-packages/airflow/example_dags/example_short_circuit_operator.py
[2024-02-10T17:59:16.310+0000] {processor.py:840} INFO - DAG(s) 'example_short_circuit_operator' retrieved from /home/airflow/.local/lib/python3.8/site-packages/airflow/example_dags/example_short_circuit_operator.py
[2024-02-10T17:59:16.335+0000] {logging_mixin.py:188} INFO - [2024-02-10T17:59:16.335+0000] {dag.py:3036} INFO - Sync 1 DAGs
[2024-02-10T17:59:16.360+0000] {logging_mixin.py:188} INFO - [2024-02-10T17:59:16.360+0000] {dag.py:3823} INFO - Setting next_dagrun for example_short_circuit_operator to 2024-02-09 00:00:00+00:00, run_after=2024-02-10 00:00:00+00:00
[2024-02-10T17:59:16.382+0000] {processor.py:183} INFO - Processing /home/airflow/.local/lib/python3.8/site-packages/airflow/example_dags/example_short_circuit_operator.py took 0.087 seconds
[2024-02-10T17:59:46.502+0000] {processor.py:161} INFO - Started process (PID=1869) to work on /home/airflow/.local/lib/python3.8/site-packages/airflow/example_dags/example_short_circuit_operator.py
[2024-02-10T17:59:46.502+0000] {processor.py:830} INFO - Processing file /home/airflow/.local/lib/python3.8/site-packages/airflow/example_dags/example_short_circuit_operator.py for tasks to queue
[2024-02-10T17:59:46.505+0000] {logging_mixin.py:188} INFO - [2024-02-10T17:59:46.504+0000] {dagbag.py:538} INFO - Filling up the DagBag from /home/airflow/.local/lib/python3.8/site-packages/airflow/example_dags/example_short_circuit_operator.py
[2024-02-10T17:59:46.514+0000] {processor.py:840} INFO - DAG(s) 'example_short_circuit_operator' retrieved from /home/airflow/.local/lib/python3.8/site-packages/airflow/example_dags/example_short_circuit_operator.py
[2024-02-10T17:59:46.540+0000] {logging_mixin.py:188} INFO - [2024-02-10T17:59:46.540+0000] {dag.py:3036} INFO - Sync 1 DAGs
[2024-02-10T17:59:46.564+0000] {logging_mixin.py:188} INFO - [2024-02-10T17:59:46.564+0000] {dag.py:3823} INFO - Setting next_dagrun for example_short_circuit_operator to 2024-02-09 00:00:00+00:00, run_after=2024-02-10 00:00:00+00:00
[2024-02-10T17:59:46.587+0000] {processor.py:183} INFO - Processing /home/airflow/.local/lib/python3.8/site-packages/airflow/example_dags/example_short_circuit_operator.py took 0.088 seconds
[2024-02-10T18:00:16.951+0000] {processor.py:161} INFO - Started process (PID=1924) to work on /home/airflow/.local/lib/python3.8/site-packages/airflow/example_dags/example_short_circuit_operator.py
[2024-02-10T18:00:16.952+0000] {processor.py:830} INFO - Processing file /home/airflow/.local/lib/python3.8/site-packages/airflow/example_dags/example_short_circuit_operator.py for tasks to queue
[2024-02-10T18:00:16.954+0000] {logging_mixin.py:188} INFO - [2024-02-10T18:00:16.953+0000] {dagbag.py:538} INFO - Filling up the DagBag from /home/airflow/.local/lib/python3.8/site-packages/airflow/example_dags/example_short_circuit_operator.py
[2024-02-10T18:00:16.963+0000] {processor.py:840} INFO - DAG(s) 'example_short_circuit_operator' retrieved from /home/airflow/.local/lib/python3.8/site-packages/airflow/example_dags/example_short_circuit_operator.py
[2024-02-10T18:00:16.990+0000] {logging_mixin.py:188} INFO - [2024-02-10T18:00:16.990+0000] {dag.py:3036} INFO - Sync 1 DAGs
[2024-02-10T18:00:17.015+0000] {logging_mixin.py:188} INFO - [2024-02-10T18:00:17.015+0000] {dag.py:3823} INFO - Setting next_dagrun for example_short_circuit_operator to 2024-02-09 00:00:00+00:00, run_after=2024-02-10 00:00:00+00:00
[2024-02-10T18:00:17.038+0000] {processor.py:183} INFO - Processing /home/airflow/.local/lib/python3.8/site-packages/airflow/example_dags/example_short_circuit_operator.py took 0.090 seconds
[2024-02-10T18:00:47.250+0000] {processor.py:161} INFO - Started process (PID=1979) to work on /home/airflow/.local/lib/python3.8/site-packages/airflow/example_dags/example_short_circuit_operator.py
[2024-02-10T18:00:47.251+0000] {processor.py:830} INFO - Processing file /home/airflow/.local/lib/python3.8/site-packages/airflow/example_dags/example_short_circuit_operator.py for tasks to queue
[2024-02-10T18:00:47.252+0000] {logging_mixin.py:188} INFO - [2024-02-10T18:00:47.252+0000] {dagbag.py:538} INFO - Filling up the DagBag from /home/airflow/.local/lib/python3.8/site-packages/airflow/example_dags/example_short_circuit_operator.py
[2024-02-10T18:00:47.262+0000] {processor.py:840} INFO - DAG(s) 'example_short_circuit_operator' retrieved from /home/airflow/.local/lib/python3.8/site-packages/airflow/example_dags/example_short_circuit_operator.py
[2024-02-10T18:00:47.292+0000] {logging_mixin.py:188} INFO - [2024-02-10T18:00:47.292+0000] {dag.py:3036} INFO - Sync 1 DAGs
[2024-02-10T18:00:47.317+0000] {logging_mixin.py:188} INFO - [2024-02-10T18:00:47.317+0000] {dag.py:3823} INFO - Setting next_dagrun for example_short_circuit_operator to 2024-02-09 00:00:00+00:00, run_after=2024-02-10 00:00:00+00:00
[2024-02-10T18:00:47.342+0000] {processor.py:183} INFO - Processing /home/airflow/.local/lib/python3.8/site-packages/airflow/example_dags/example_short_circuit_operator.py took 0.095 seconds
[2024-02-10T18:01:17.629+0000] {processor.py:161} INFO - Started process (PID=2034) to work on /home/airflow/.local/lib/python3.8/site-packages/airflow/example_dags/example_short_circuit_operator.py
[2024-02-10T18:01:17.630+0000] {processor.py:830} INFO - Processing file /home/airflow/.local/lib/python3.8/site-packages/airflow/example_dags/example_short_circuit_operator.py for tasks to queue
[2024-02-10T18:01:17.632+0000] {logging_mixin.py:188} INFO - [2024-02-10T18:01:17.631+0000] {dagbag.py:538} INFO - Filling up the DagBag from /home/airflow/.local/lib/python3.8/site-packages/airflow/example_dags/example_short_circuit_operator.py
[2024-02-10T18:01:17.641+0000] {processor.py:840} INFO - DAG(s) 'example_short_circuit_operator' retrieved from /home/airflow/.local/lib/python3.8/site-packages/airflow/example_dags/example_short_circuit_operator.py
[2024-02-10T18:01:17.667+0000] {logging_mixin.py:188} INFO - [2024-02-10T18:01:17.667+0000] {dag.py:3036} INFO - Sync 1 DAGs
[2024-02-10T18:01:17.692+0000] {logging_mixin.py:188} INFO - [2024-02-10T18:01:17.692+0000] {dag.py:3823} INFO - Setting next_dagrun for example_short_circuit_operator to 2024-02-09 00:00:00+00:00, run_after=2024-02-10 00:00:00+00:00
[2024-02-10T18:01:17.715+0000] {processor.py:183} INFO - Processing /home/airflow/.local/lib/python3.8/site-packages/airflow/example_dags/example_short_circuit_operator.py took 0.090 seconds
[2024-02-10T18:01:47.870+0000] {processor.py:161} INFO - Started process (PID=2089) to work on /home/airflow/.local/lib/python3.8/site-packages/airflow/example_dags/example_short_circuit_operator.py
[2024-02-10T18:01:47.871+0000] {processor.py:830} INFO - Processing file /home/airflow/.local/lib/python3.8/site-packages/airflow/example_dags/example_short_circuit_operator.py for tasks to queue
[2024-02-10T18:01:47.872+0000] {logging_mixin.py:188} INFO - [2024-02-10T18:01:47.872+0000] {dagbag.py:538} INFO - Filling up the DagBag from /home/airflow/.local/lib/python3.8/site-packages/airflow/example_dags/example_short_circuit_operator.py
[2024-02-10T18:01:47.881+0000] {processor.py:840} INFO - DAG(s) 'example_short_circuit_operator' retrieved from /home/airflow/.local/lib/python3.8/site-packages/airflow/example_dags/example_short_circuit_operator.py
[2024-02-10T18:01:47.907+0000] {logging_mixin.py:188} INFO - [2024-02-10T18:01:47.907+0000] {dag.py:3036} INFO - Sync 1 DAGs
[2024-02-10T18:01:47.932+0000] {logging_mixin.py:188} INFO - [2024-02-10T18:01:47.932+0000] {dag.py:3823} INFO - Setting next_dagrun for example_short_circuit_operator to 2024-02-09 00:00:00+00:00, run_after=2024-02-10 00:00:00+00:00
[2024-02-10T18:01:47.965+0000] {processor.py:183} INFO - Processing /home/airflow/.local/lib/python3.8/site-packages/airflow/example_dags/example_short_circuit_operator.py took 0.098 seconds
[2024-02-10T18:02:18.026+0000] {processor.py:161} INFO - Started process (PID=2144) to work on /home/airflow/.local/lib/python3.8/site-packages/airflow/example_dags/example_short_circuit_operator.py
[2024-02-10T18:02:18.027+0000] {processor.py:830} INFO - Processing file /home/airflow/.local/lib/python3.8/site-packages/airflow/example_dags/example_short_circuit_operator.py for tasks to queue
[2024-02-10T18:02:18.029+0000] {logging_mixin.py:188} INFO - [2024-02-10T18:02:18.029+0000] {dagbag.py:538} INFO - Filling up the DagBag from /home/airflow/.local/lib/python3.8/site-packages/airflow/example_dags/example_short_circuit_operator.py
[2024-02-10T18:02:18.039+0000] {processor.py:840} INFO - DAG(s) 'example_short_circuit_operator' retrieved from /home/airflow/.local/lib/python3.8/site-packages/airflow/example_dags/example_short_circuit_operator.py
[2024-02-10T18:02:18.075+0000] {logging_mixin.py:188} INFO - [2024-02-10T18:02:18.074+0000] {dag.py:3036} INFO - Sync 1 DAGs
[2024-02-10T18:02:18.130+0000] {logging_mixin.py:188} INFO - [2024-02-10T18:02:18.129+0000] {dag.py:3823} INFO - Setting next_dagrun for example_short_circuit_operator to 2024-02-09 00:00:00+00:00, run_after=2024-02-10 00:00:00+00:00
[2024-02-10T18:02:18.180+0000] {processor.py:183} INFO - Processing /home/airflow/.local/lib/python3.8/site-packages/airflow/example_dags/example_short_circuit_operator.py took 0.157 seconds
[2024-02-10T18:02:48.338+0000] {processor.py:161} INFO - Started process (PID=2199) to work on /home/airflow/.local/lib/python3.8/site-packages/airflow/example_dags/example_short_circuit_operator.py
[2024-02-10T18:02:48.339+0000] {processor.py:830} INFO - Processing file /home/airflow/.local/lib/python3.8/site-packages/airflow/example_dags/example_short_circuit_operator.py for tasks to queue
[2024-02-10T18:02:48.341+0000] {logging_mixin.py:188} INFO - [2024-02-10T18:02:48.341+0000] {dagbag.py:538} INFO - Filling up the DagBag from /home/airflow/.local/lib/python3.8/site-packages/airflow/example_dags/example_short_circuit_operator.py
[2024-02-10T18:02:48.357+0000] {processor.py:840} INFO - DAG(s) 'example_short_circuit_operator' retrieved from /home/airflow/.local/lib/python3.8/site-packages/airflow/example_dags/example_short_circuit_operator.py
[2024-02-10T18:02:48.421+0000] {logging_mixin.py:188} INFO - [2024-02-10T18:02:48.420+0000] {dag.py:3036} INFO - Sync 1 DAGs
[2024-02-10T18:02:48.448+0000] {logging_mixin.py:188} INFO - [2024-02-10T18:02:48.448+0000] {dag.py:3823} INFO - Setting next_dagrun for example_short_circuit_operator to 2024-02-09 00:00:00+00:00, run_after=2024-02-10 00:00:00+00:00
[2024-02-10T18:02:48.476+0000] {processor.py:183} INFO - Processing /home/airflow/.local/lib/python3.8/site-packages/airflow/example_dags/example_short_circuit_operator.py took 0.150 seconds
[2024-02-10T18:03:18.568+0000] {processor.py:161} INFO - Started process (PID=2255) to work on /home/airflow/.local/lib/python3.8/site-packages/airflow/example_dags/example_short_circuit_operator.py
[2024-02-10T18:03:18.575+0000] {processor.py:830} INFO - Processing file /home/airflow/.local/lib/python3.8/site-packages/airflow/example_dags/example_short_circuit_operator.py for tasks to queue
[2024-02-10T18:03:18.577+0000] {logging_mixin.py:188} INFO - [2024-02-10T18:03:18.576+0000] {dagbag.py:538} INFO - Filling up the DagBag from /home/airflow/.local/lib/python3.8/site-packages/airflow/example_dags/example_short_circuit_operator.py
[2024-02-10T18:03:18.593+0000] {processor.py:840} INFO - DAG(s) 'example_short_circuit_operator' retrieved from /home/airflow/.local/lib/python3.8/site-packages/airflow/example_dags/example_short_circuit_operator.py
[2024-02-10T18:03:18.623+0000] {logging_mixin.py:188} INFO - [2024-02-10T18:03:18.622+0000] {dag.py:3036} INFO - Sync 1 DAGs
[2024-02-10T18:03:18.647+0000] {logging_mixin.py:188} INFO - [2024-02-10T18:03:18.647+0000] {dag.py:3823} INFO - Setting next_dagrun for example_short_circuit_operator to 2024-02-09 00:00:00+00:00, run_after=2024-02-10 00:00:00+00:00
[2024-02-10T18:03:18.847+0000] {processor.py:183} INFO - Processing /home/airflow/.local/lib/python3.8/site-packages/airflow/example_dags/example_short_circuit_operator.py took 0.293 seconds
[2024-02-10T18:03:48.913+0000] {processor.py:161} INFO - Started process (PID=2310) to work on /home/airflow/.local/lib/python3.8/site-packages/airflow/example_dags/example_short_circuit_operator.py
[2024-02-10T18:03:48.913+0000] {processor.py:830} INFO - Processing file /home/airflow/.local/lib/python3.8/site-packages/airflow/example_dags/example_short_circuit_operator.py for tasks to queue
[2024-02-10T18:03:48.921+0000] {logging_mixin.py:188} INFO - [2024-02-10T18:03:48.919+0000] {dagbag.py:538} INFO - Filling up the DagBag from /home/airflow/.local/lib/python3.8/site-packages/airflow/example_dags/example_short_circuit_operator.py
[2024-02-10T18:03:48.940+0000] {processor.py:840} INFO - DAG(s) 'example_short_circuit_operator' retrieved from /home/airflow/.local/lib/python3.8/site-packages/airflow/example_dags/example_short_circuit_operator.py
[2024-02-10T18:03:48.999+0000] {logging_mixin.py:188} INFO - [2024-02-10T18:03:48.999+0000] {dag.py:3036} INFO - Sync 1 DAGs
[2024-02-10T18:03:49.051+0000] {logging_mixin.py:188} INFO - [2024-02-10T18:03:49.050+0000] {dag.py:3823} INFO - Setting next_dagrun for example_short_circuit_operator to 2024-02-09 00:00:00+00:00, run_after=2024-02-10 00:00:00+00:00
[2024-02-10T18:03:49.096+0000] {processor.py:183} INFO - Processing /home/airflow/.local/lib/python3.8/site-packages/airflow/example_dags/example_short_circuit_operator.py took 0.187 seconds
[2024-02-10T18:04:19.457+0000] {processor.py:161} INFO - Started process (PID=2364) to work on /home/airflow/.local/lib/python3.8/site-packages/airflow/example_dags/example_short_circuit_operator.py
[2024-02-10T18:04:19.458+0000] {processor.py:830} INFO - Processing file /home/airflow/.local/lib/python3.8/site-packages/airflow/example_dags/example_short_circuit_operator.py for tasks to queue
[2024-02-10T18:04:19.460+0000] {logging_mixin.py:188} INFO - [2024-02-10T18:04:19.459+0000] {dagbag.py:538} INFO - Filling up the DagBag from /home/airflow/.local/lib/python3.8/site-packages/airflow/example_dags/example_short_circuit_operator.py
[2024-02-10T18:04:19.469+0000] {processor.py:840} INFO - DAG(s) 'example_short_circuit_operator' retrieved from /home/airflow/.local/lib/python3.8/site-packages/airflow/example_dags/example_short_circuit_operator.py
[2024-02-10T18:04:19.494+0000] {logging_mixin.py:188} INFO - [2024-02-10T18:04:19.494+0000] {dag.py:3036} INFO - Sync 1 DAGs
[2024-02-10T18:04:19.520+0000] {logging_mixin.py:188} INFO - [2024-02-10T18:04:19.519+0000] {dag.py:3823} INFO - Setting next_dagrun for example_short_circuit_operator to 2024-02-09 00:00:00+00:00, run_after=2024-02-10 00:00:00+00:00
[2024-02-10T18:04:19.563+0000] {processor.py:183} INFO - Processing /home/airflow/.local/lib/python3.8/site-packages/airflow/example_dags/example_short_circuit_operator.py took 0.109 seconds
[2024-02-10T18:04:50.162+0000] {processor.py:161} INFO - Started process (PID=2419) to work on /home/airflow/.local/lib/python3.8/site-packages/airflow/example_dags/example_short_circuit_operator.py
[2024-02-10T18:04:50.163+0000] {processor.py:830} INFO - Processing file /home/airflow/.local/lib/python3.8/site-packages/airflow/example_dags/example_short_circuit_operator.py for tasks to queue
[2024-02-10T18:04:50.165+0000] {logging_mixin.py:188} INFO - [2024-02-10T18:04:50.165+0000] {dagbag.py:538} INFO - Filling up the DagBag from /home/airflow/.local/lib/python3.8/site-packages/airflow/example_dags/example_short_circuit_operator.py
[2024-02-10T18:04:50.174+0000] {processor.py:840} INFO - DAG(s) 'example_short_circuit_operator' retrieved from /home/airflow/.local/lib/python3.8/site-packages/airflow/example_dags/example_short_circuit_operator.py
[2024-02-10T18:04:50.201+0000] {logging_mixin.py:188} INFO - [2024-02-10T18:04:50.201+0000] {dag.py:3036} INFO - Sync 1 DAGs
[2024-02-10T18:04:50.229+0000] {logging_mixin.py:188} INFO - [2024-02-10T18:04:50.229+0000] {dag.py:3823} INFO - Setting next_dagrun for example_short_circuit_operator to 2024-02-09 00:00:00+00:00, run_after=2024-02-10 00:00:00+00:00
[2024-02-10T18:04:50.259+0000] {processor.py:183} INFO - Processing /home/airflow/.local/lib/python3.8/site-packages/airflow/example_dags/example_short_circuit_operator.py took 0.101 seconds
[2024-02-10T18:05:21.019+0000] {processor.py:161} INFO - Started process (PID=2479) to work on /home/airflow/.local/lib/python3.8/site-packages/airflow/example_dags/example_short_circuit_operator.py
[2024-02-10T18:05:21.020+0000] {processor.py:830} INFO - Processing file /home/airflow/.local/lib/python3.8/site-packages/airflow/example_dags/example_short_circuit_operator.py for tasks to queue
[2024-02-10T18:05:21.021+0000] {logging_mixin.py:188} INFO - [2024-02-10T18:05:21.021+0000] {dagbag.py:538} INFO - Filling up the DagBag from /home/airflow/.local/lib/python3.8/site-packages/airflow/example_dags/example_short_circuit_operator.py
[2024-02-10T18:05:21.031+0000] {processor.py:840} INFO - DAG(s) 'example_short_circuit_operator' retrieved from /home/airflow/.local/lib/python3.8/site-packages/airflow/example_dags/example_short_circuit_operator.py
[2024-02-10T18:05:21.063+0000] {logging_mixin.py:188} INFO - [2024-02-10T18:05:21.062+0000] {dag.py:3036} INFO - Sync 1 DAGs
[2024-02-10T18:05:21.091+0000] {logging_mixin.py:188} INFO - [2024-02-10T18:05:21.090+0000] {dag.py:3823} INFO - Setting next_dagrun for example_short_circuit_operator to 2024-02-09 00:00:00+00:00, run_after=2024-02-10 00:00:00+00:00
[2024-02-10T18:05:21.119+0000] {processor.py:183} INFO - Processing /home/airflow/.local/lib/python3.8/site-packages/airflow/example_dags/example_short_circuit_operator.py took 0.104 seconds
[2024-02-10T18:05:51.448+0000] {processor.py:161} INFO - Started process (PID=2535) to work on /home/airflow/.local/lib/python3.8/site-packages/airflow/example_dags/example_short_circuit_operator.py
[2024-02-10T18:05:51.449+0000] {processor.py:830} INFO - Processing file /home/airflow/.local/lib/python3.8/site-packages/airflow/example_dags/example_short_circuit_operator.py for tasks to queue
[2024-02-10T18:05:51.450+0000] {logging_mixin.py:188} INFO - [2024-02-10T18:05:51.450+0000] {dagbag.py:538} INFO - Filling up the DagBag from /home/airflow/.local/lib/python3.8/site-packages/airflow/example_dags/example_short_circuit_operator.py
[2024-02-10T18:05:51.460+0000] {processor.py:840} INFO - DAG(s) 'example_short_circuit_operator' retrieved from /home/airflow/.local/lib/python3.8/site-packages/airflow/example_dags/example_short_circuit_operator.py
[2024-02-10T18:05:51.486+0000] {logging_mixin.py:188} INFO - [2024-02-10T18:05:51.486+0000] {dag.py:3036} INFO - Sync 1 DAGs
[2024-02-10T18:05:51.688+0000] {logging_mixin.py:188} INFO - [2024-02-10T18:05:51.688+0000] {dag.py:3823} INFO - Setting next_dagrun for example_short_circuit_operator to 2024-02-09 00:00:00+00:00, run_after=2024-02-10 00:00:00+00:00
[2024-02-10T18:05:51.723+0000] {processor.py:183} INFO - Processing /home/airflow/.local/lib/python3.8/site-packages/airflow/example_dags/example_short_circuit_operator.py took 0.279 seconds
[2024-02-10T18:06:21.809+0000] {processor.py:161} INFO - Started process (PID=2590) to work on /home/airflow/.local/lib/python3.8/site-packages/airflow/example_dags/example_short_circuit_operator.py
[2024-02-10T18:06:21.810+0000] {processor.py:830} INFO - Processing file /home/airflow/.local/lib/python3.8/site-packages/airflow/example_dags/example_short_circuit_operator.py for tasks to queue
[2024-02-10T18:06:21.831+0000] {logging_mixin.py:188} INFO - [2024-02-10T18:06:21.818+0000] {dagbag.py:538} INFO - Filling up the DagBag from /home/airflow/.local/lib/python3.8/site-packages/airflow/example_dags/example_short_circuit_operator.py
[2024-02-10T18:06:21.864+0000] {processor.py:840} INFO - DAG(s) 'example_short_circuit_operator' retrieved from /home/airflow/.local/lib/python3.8/site-packages/airflow/example_dags/example_short_circuit_operator.py
[2024-02-10T18:06:21.932+0000] {logging_mixin.py:188} INFO - [2024-02-10T18:06:21.932+0000] {dag.py:3036} INFO - Sync 1 DAGs
[2024-02-10T18:06:22.011+0000] {logging_mixin.py:188} INFO - [2024-02-10T18:06:22.011+0000] {dag.py:3823} INFO - Setting next_dagrun for example_short_circuit_operator to 2024-02-09 00:00:00+00:00, run_after=2024-02-10 00:00:00+00:00
[2024-02-10T18:06:22.282+0000] {processor.py:183} INFO - Processing /home/airflow/.local/lib/python3.8/site-packages/airflow/example_dags/example_short_circuit_operator.py took 0.476 seconds
[2024-02-10T18:06:52.496+0000] {processor.py:161} INFO - Started process (PID=2645) to work on /home/airflow/.local/lib/python3.8/site-packages/airflow/example_dags/example_short_circuit_operator.py
[2024-02-10T18:06:52.497+0000] {processor.py:830} INFO - Processing file /home/airflow/.local/lib/python3.8/site-packages/airflow/example_dags/example_short_circuit_operator.py for tasks to queue
[2024-02-10T18:06:52.499+0000] {logging_mixin.py:188} INFO - [2024-02-10T18:06:52.499+0000] {dagbag.py:538} INFO - Filling up the DagBag from /home/airflow/.local/lib/python3.8/site-packages/airflow/example_dags/example_short_circuit_operator.py
[2024-02-10T18:06:52.508+0000] {processor.py:840} INFO - DAG(s) 'example_short_circuit_operator' retrieved from /home/airflow/.local/lib/python3.8/site-packages/airflow/example_dags/example_short_circuit_operator.py
[2024-02-10T18:06:52.534+0000] {logging_mixin.py:188} INFO - [2024-02-10T18:06:52.534+0000] {dag.py:3036} INFO - Sync 1 DAGs
[2024-02-10T18:06:52.559+0000] {logging_mixin.py:188} INFO - [2024-02-10T18:06:52.559+0000] {dag.py:3823} INFO - Setting next_dagrun for example_short_circuit_operator to 2024-02-09 00:00:00+00:00, run_after=2024-02-10 00:00:00+00:00
[2024-02-10T18:06:52.584+0000] {processor.py:183} INFO - Processing /home/airflow/.local/lib/python3.8/site-packages/airflow/example_dags/example_short_circuit_operator.py took 0.091 seconds
[2024-02-10T18:07:23.412+0000] {processor.py:161} INFO - Started process (PID=2699) to work on /home/airflow/.local/lib/python3.8/site-packages/airflow/example_dags/example_short_circuit_operator.py
[2024-02-10T18:07:23.412+0000] {processor.py:830} INFO - Processing file /home/airflow/.local/lib/python3.8/site-packages/airflow/example_dags/example_short_circuit_operator.py for tasks to queue
[2024-02-10T18:07:23.414+0000] {logging_mixin.py:188} INFO - [2024-02-10T18:07:23.414+0000] {dagbag.py:538} INFO - Filling up the DagBag from /home/airflow/.local/lib/python3.8/site-packages/airflow/example_dags/example_short_circuit_operator.py
[2024-02-10T18:07:23.424+0000] {processor.py:840} INFO - DAG(s) 'example_short_circuit_operator' retrieved from /home/airflow/.local/lib/python3.8/site-packages/airflow/example_dags/example_short_circuit_operator.py
[2024-02-10T18:07:23.450+0000] {logging_mixin.py:188} INFO - [2024-02-10T18:07:23.450+0000] {dag.py:3036} INFO - Sync 1 DAGs
[2024-02-10T18:07:23.474+0000] {logging_mixin.py:188} INFO - [2024-02-10T18:07:23.474+0000] {dag.py:3823} INFO - Setting next_dagrun for example_short_circuit_operator to 2024-02-09 00:00:00+00:00, run_after=2024-02-10 00:00:00+00:00
[2024-02-10T18:07:23.502+0000] {processor.py:183} INFO - Processing /home/airflow/.local/lib/python3.8/site-packages/airflow/example_dags/example_short_circuit_operator.py took 0.094 seconds
[2024-02-10T18:07:53.834+0000] {processor.py:161} INFO - Started process (PID=2754) to work on /home/airflow/.local/lib/python3.8/site-packages/airflow/example_dags/example_short_circuit_operator.py
[2024-02-10T18:07:53.835+0000] {processor.py:830} INFO - Processing file /home/airflow/.local/lib/python3.8/site-packages/airflow/example_dags/example_short_circuit_operator.py for tasks to queue
[2024-02-10T18:07:53.837+0000] {logging_mixin.py:188} INFO - [2024-02-10T18:07:53.836+0000] {dagbag.py:538} INFO - Filling up the DagBag from /home/airflow/.local/lib/python3.8/site-packages/airflow/example_dags/example_short_circuit_operator.py
[2024-02-10T18:07:53.847+0000] {processor.py:840} INFO - DAG(s) 'example_short_circuit_operator' retrieved from /home/airflow/.local/lib/python3.8/site-packages/airflow/example_dags/example_short_circuit_operator.py
[2024-02-10T18:07:53.873+0000] {logging_mixin.py:188} INFO - [2024-02-10T18:07:53.873+0000] {dag.py:3036} INFO - Sync 1 DAGs
[2024-02-10T18:07:53.898+0000] {logging_mixin.py:188} INFO - [2024-02-10T18:07:53.898+0000] {dag.py:3823} INFO - Setting next_dagrun for example_short_circuit_operator to 2024-02-09 00:00:00+00:00, run_after=2024-02-10 00:00:00+00:00
[2024-02-10T18:07:53.934+0000] {processor.py:183} INFO - Processing /home/airflow/.local/lib/python3.8/site-packages/airflow/example_dags/example_short_circuit_operator.py took 0.104 seconds
[2024-02-10T18:08:24.206+0000] {processor.py:161} INFO - Started process (PID=2810) to work on /home/airflow/.local/lib/python3.8/site-packages/airflow/example_dags/example_short_circuit_operator.py
[2024-02-10T18:08:24.207+0000] {processor.py:830} INFO - Processing file /home/airflow/.local/lib/python3.8/site-packages/airflow/example_dags/example_short_circuit_operator.py for tasks to queue
[2024-02-10T18:08:24.209+0000] {logging_mixin.py:188} INFO - [2024-02-10T18:08:24.208+0000] {dagbag.py:538} INFO - Filling up the DagBag from /home/airflow/.local/lib/python3.8/site-packages/airflow/example_dags/example_short_circuit_operator.py
[2024-02-10T18:08:24.218+0000] {processor.py:840} INFO - DAG(s) 'example_short_circuit_operator' retrieved from /home/airflow/.local/lib/python3.8/site-packages/airflow/example_dags/example_short_circuit_operator.py
[2024-02-10T18:08:24.244+0000] {logging_mixin.py:188} INFO - [2024-02-10T18:08:24.244+0000] {dag.py:3036} INFO - Sync 1 DAGs
[2024-02-10T18:08:24.268+0000] {logging_mixin.py:188} INFO - [2024-02-10T18:08:24.268+0000] {dag.py:3823} INFO - Setting next_dagrun for example_short_circuit_operator to 2024-02-09 00:00:00+00:00, run_after=2024-02-10 00:00:00+00:00
[2024-02-10T18:08:24.295+0000] {processor.py:183} INFO - Processing /home/airflow/.local/lib/python3.8/site-packages/airflow/example_dags/example_short_circuit_operator.py took 0.092 seconds
[2024-02-10T18:08:54.809+0000] {processor.py:161} INFO - Started process (PID=2866) to work on /home/airflow/.local/lib/python3.8/site-packages/airflow/example_dags/example_short_circuit_operator.py
[2024-02-10T18:08:54.810+0000] {processor.py:830} INFO - Processing file /home/airflow/.local/lib/python3.8/site-packages/airflow/example_dags/example_short_circuit_operator.py for tasks to queue
[2024-02-10T18:08:54.812+0000] {logging_mixin.py:188} INFO - [2024-02-10T18:08:54.812+0000] {dagbag.py:538} INFO - Filling up the DagBag from /home/airflow/.local/lib/python3.8/site-packages/airflow/example_dags/example_short_circuit_operator.py
[2024-02-10T18:08:54.821+0000] {processor.py:840} INFO - DAG(s) 'example_short_circuit_operator' retrieved from /home/airflow/.local/lib/python3.8/site-packages/airflow/example_dags/example_short_circuit_operator.py
[2024-02-10T18:08:54.848+0000] {logging_mixin.py:188} INFO - [2024-02-10T18:08:54.848+0000] {dag.py:3036} INFO - Sync 1 DAGs
[2024-02-10T18:08:54.877+0000] {logging_mixin.py:188} INFO - [2024-02-10T18:08:54.876+0000] {dag.py:3823} INFO - Setting next_dagrun for example_short_circuit_operator to 2024-02-09 00:00:00+00:00, run_after=2024-02-10 00:00:00+00:00
[2024-02-10T18:08:54.913+0000] {processor.py:183} INFO - Processing /home/airflow/.local/lib/python3.8/site-packages/airflow/example_dags/example_short_circuit_operator.py took 0.107 seconds
[2024-02-10T18:09:25.074+0000] {processor.py:161} INFO - Started process (PID=2922) to work on /home/airflow/.local/lib/python3.8/site-packages/airflow/example_dags/example_short_circuit_operator.py
[2024-02-10T18:09:25.075+0000] {processor.py:830} INFO - Processing file /home/airflow/.local/lib/python3.8/site-packages/airflow/example_dags/example_short_circuit_operator.py for tasks to queue
[2024-02-10T18:09:25.077+0000] {logging_mixin.py:188} INFO - [2024-02-10T18:09:25.076+0000] {dagbag.py:538} INFO - Filling up the DagBag from /home/airflow/.local/lib/python3.8/site-packages/airflow/example_dags/example_short_circuit_operator.py
[2024-02-10T18:09:25.086+0000] {processor.py:840} INFO - DAG(s) 'example_short_circuit_operator' retrieved from /home/airflow/.local/lib/python3.8/site-packages/airflow/example_dags/example_short_circuit_operator.py
[2024-02-10T18:09:25.112+0000] {logging_mixin.py:188} INFO - [2024-02-10T18:09:25.112+0000] {dag.py:3036} INFO - Sync 1 DAGs
[2024-02-10T18:09:25.137+0000] {logging_mixin.py:188} INFO - [2024-02-10T18:09:25.136+0000] {dag.py:3823} INFO - Setting next_dagrun for example_short_circuit_operator to 2024-02-09 00:00:00+00:00, run_after=2024-02-10 00:00:00+00:00
[2024-02-10T18:09:25.161+0000] {processor.py:183} INFO - Processing /home/airflow/.local/lib/python3.8/site-packages/airflow/example_dags/example_short_circuit_operator.py took 0.094 seconds
[2024-02-10T18:09:55.392+0000] {processor.py:161} INFO - Started process (PID=2976) to work on /home/airflow/.local/lib/python3.8/site-packages/airflow/example_dags/example_short_circuit_operator.py
[2024-02-10T18:09:55.393+0000] {processor.py:830} INFO - Processing file /home/airflow/.local/lib/python3.8/site-packages/airflow/example_dags/example_short_circuit_operator.py for tasks to queue
[2024-02-10T18:09:55.395+0000] {logging_mixin.py:188} INFO - [2024-02-10T18:09:55.395+0000] {dagbag.py:538} INFO - Filling up the DagBag from /home/airflow/.local/lib/python3.8/site-packages/airflow/example_dags/example_short_circuit_operator.py
[2024-02-10T18:09:55.405+0000] {processor.py:840} INFO - DAG(s) 'example_short_circuit_operator' retrieved from /home/airflow/.local/lib/python3.8/site-packages/airflow/example_dags/example_short_circuit_operator.py
[2024-02-10T18:09:55.432+0000] {logging_mixin.py:188} INFO - [2024-02-10T18:09:55.432+0000] {dag.py:3036} INFO - Sync 1 DAGs
[2024-02-10T18:09:55.465+0000] {logging_mixin.py:188} INFO - [2024-02-10T18:09:55.464+0000] {dag.py:3823} INFO - Setting next_dagrun for example_short_circuit_operator to 2024-02-09 00:00:00+00:00, run_after=2024-02-10 00:00:00+00:00
[2024-02-10T18:09:55.488+0000] {processor.py:183} INFO - Processing /home/airflow/.local/lib/python3.8/site-packages/airflow/example_dags/example_short_circuit_operator.py took 0.099 seconds
[2024-02-10T18:10:25.798+0000] {processor.py:161} INFO - Started process (PID=3031) to work on /home/airflow/.local/lib/python3.8/site-packages/airflow/example_dags/example_short_circuit_operator.py
[2024-02-10T18:10:25.799+0000] {processor.py:830} INFO - Processing file /home/airflow/.local/lib/python3.8/site-packages/airflow/example_dags/example_short_circuit_operator.py for tasks to queue
[2024-02-10T18:10:25.801+0000] {logging_mixin.py:188} INFO - [2024-02-10T18:10:25.800+0000] {dagbag.py:538} INFO - Filling up the DagBag from /home/airflow/.local/lib/python3.8/site-packages/airflow/example_dags/example_short_circuit_operator.py
[2024-02-10T18:10:25.825+0000] {processor.py:840} INFO - DAG(s) 'example_short_circuit_operator' retrieved from /home/airflow/.local/lib/python3.8/site-packages/airflow/example_dags/example_short_circuit_operator.py
[2024-02-10T18:10:25.915+0000] {logging_mixin.py:188} INFO - [2024-02-10T18:10:25.915+0000] {dag.py:3036} INFO - Sync 1 DAGs
[2024-02-10T18:10:25.983+0000] {logging_mixin.py:188} INFO - [2024-02-10T18:10:25.983+0000] {dag.py:3823} INFO - Setting next_dagrun for example_short_circuit_operator to 2024-02-09 00:00:00+00:00, run_after=2024-02-10 00:00:00+00:00
[2024-02-10T18:10:26.024+0000] {processor.py:183} INFO - Processing /home/airflow/.local/lib/python3.8/site-packages/airflow/example_dags/example_short_circuit_operator.py took 0.229 seconds
[2024-02-10T18:10:56.089+0000] {processor.py:161} INFO - Started process (PID=3085) to work on /home/airflow/.local/lib/python3.8/site-packages/airflow/example_dags/example_short_circuit_operator.py
[2024-02-10T18:10:56.090+0000] {processor.py:830} INFO - Processing file /home/airflow/.local/lib/python3.8/site-packages/airflow/example_dags/example_short_circuit_operator.py for tasks to queue
[2024-02-10T18:10:56.092+0000] {logging_mixin.py:188} INFO - [2024-02-10T18:10:56.092+0000] {dagbag.py:538} INFO - Filling up the DagBag from /home/airflow/.local/lib/python3.8/site-packages/airflow/example_dags/example_short_circuit_operator.py
[2024-02-10T18:10:56.102+0000] {processor.py:840} INFO - DAG(s) 'example_short_circuit_operator' retrieved from /home/airflow/.local/lib/python3.8/site-packages/airflow/example_dags/example_short_circuit_operator.py
[2024-02-10T18:10:56.129+0000] {logging_mixin.py:188} INFO - [2024-02-10T18:10:56.129+0000] {dag.py:3036} INFO - Sync 1 DAGs
[2024-02-10T18:10:56.155+0000] {logging_mixin.py:188} INFO - [2024-02-10T18:10:56.155+0000] {dag.py:3823} INFO - Setting next_dagrun for example_short_circuit_operator to 2024-02-09 00:00:00+00:00, run_after=2024-02-10 00:00:00+00:00
[2024-02-10T18:10:56.188+0000] {processor.py:183} INFO - Processing /home/airflow/.local/lib/python3.8/site-packages/airflow/example_dags/example_short_circuit_operator.py took 0.102 seconds
[2024-02-10T18:11:26.924+0000] {processor.py:161} INFO - Started process (PID=3141) to work on /home/airflow/.local/lib/python3.8/site-packages/airflow/example_dags/example_short_circuit_operator.py
[2024-02-10T18:11:26.924+0000] {processor.py:830} INFO - Processing file /home/airflow/.local/lib/python3.8/site-packages/airflow/example_dags/example_short_circuit_operator.py for tasks to queue
[2024-02-10T18:11:26.926+0000] {logging_mixin.py:188} INFO - [2024-02-10T18:11:26.926+0000] {dagbag.py:538} INFO - Filling up the DagBag from /home/airflow/.local/lib/python3.8/site-packages/airflow/example_dags/example_short_circuit_operator.py
[2024-02-10T18:11:26.936+0000] {processor.py:840} INFO - DAG(s) 'example_short_circuit_operator' retrieved from /home/airflow/.local/lib/python3.8/site-packages/airflow/example_dags/example_short_circuit_operator.py
[2024-02-10T18:11:26.969+0000] {logging_mixin.py:188} INFO - [2024-02-10T18:11:26.969+0000] {dag.py:3036} INFO - Sync 1 DAGs
[2024-02-10T18:11:26.995+0000] {logging_mixin.py:188} INFO - [2024-02-10T18:11:26.995+0000] {dag.py:3823} INFO - Setting next_dagrun for example_short_circuit_operator to 2024-02-09 00:00:00+00:00, run_after=2024-02-10 00:00:00+00:00
[2024-02-10T18:11:27.017+0000] {processor.py:183} INFO - Processing /home/airflow/.local/lib/python3.8/site-packages/airflow/example_dags/example_short_circuit_operator.py took 0.097 seconds
[2024-02-10T18:11:58.014+0000] {processor.py:161} INFO - Started process (PID=3196) to work on /home/airflow/.local/lib/python3.8/site-packages/airflow/example_dags/example_short_circuit_operator.py
[2024-02-10T18:11:58.020+0000] {processor.py:830} INFO - Processing file /home/airflow/.local/lib/python3.8/site-packages/airflow/example_dags/example_short_circuit_operator.py for tasks to queue
[2024-02-10T18:11:58.022+0000] {logging_mixin.py:188} INFO - [2024-02-10T18:11:58.022+0000] {dagbag.py:538} INFO - Filling up the DagBag from /home/airflow/.local/lib/python3.8/site-packages/airflow/example_dags/example_short_circuit_operator.py
[2024-02-10T18:11:58.037+0000] {processor.py:840} INFO - DAG(s) 'example_short_circuit_operator' retrieved from /home/airflow/.local/lib/python3.8/site-packages/airflow/example_dags/example_short_circuit_operator.py
[2024-02-10T18:11:58.105+0000] {logging_mixin.py:188} INFO - [2024-02-10T18:11:58.104+0000] {dag.py:3036} INFO - Sync 1 DAGs
[2024-02-10T18:11:58.155+0000] {logging_mixin.py:188} INFO - [2024-02-10T18:11:58.155+0000] {dag.py:3823} INFO - Setting next_dagrun for example_short_circuit_operator to 2024-02-09 00:00:00+00:00, run_after=2024-02-10 00:00:00+00:00
[2024-02-10T18:11:58.199+0000] {processor.py:183} INFO - Processing /home/airflow/.local/lib/python3.8/site-packages/airflow/example_dags/example_short_circuit_operator.py took 0.194 seconds
[2024-02-10T18:12:28.581+0000] {processor.py:161} INFO - Started process (PID=3252) to work on /home/airflow/.local/lib/python3.8/site-packages/airflow/example_dags/example_short_circuit_operator.py
[2024-02-10T18:12:28.582+0000] {processor.py:830} INFO - Processing file /home/airflow/.local/lib/python3.8/site-packages/airflow/example_dags/example_short_circuit_operator.py for tasks to queue
[2024-02-10T18:12:28.583+0000] {logging_mixin.py:188} INFO - [2024-02-10T18:12:28.583+0000] {dagbag.py:538} INFO - Filling up the DagBag from /home/airflow/.local/lib/python3.8/site-packages/airflow/example_dags/example_short_circuit_operator.py
[2024-02-10T18:12:28.593+0000] {processor.py:840} INFO - DAG(s) 'example_short_circuit_operator' retrieved from /home/airflow/.local/lib/python3.8/site-packages/airflow/example_dags/example_short_circuit_operator.py
[2024-02-10T18:12:28.624+0000] {logging_mixin.py:188} INFO - [2024-02-10T18:12:28.624+0000] {dag.py:3036} INFO - Sync 1 DAGs
[2024-02-10T18:12:28.652+0000] {logging_mixin.py:188} INFO - [2024-02-10T18:12:28.651+0000] {dag.py:3823} INFO - Setting next_dagrun for example_short_circuit_operator to 2024-02-09 00:00:00+00:00, run_after=2024-02-10 00:00:00+00:00
[2024-02-10T18:12:28.678+0000] {processor.py:183} INFO - Processing /home/airflow/.local/lib/python3.8/site-packages/airflow/example_dags/example_short_circuit_operator.py took 0.102 seconds
[2024-02-10T18:12:58.848+0000] {processor.py:161} INFO - Started process (PID=3307) to work on /home/airflow/.local/lib/python3.8/site-packages/airflow/example_dags/example_short_circuit_operator.py
[2024-02-10T18:12:58.849+0000] {processor.py:830} INFO - Processing file /home/airflow/.local/lib/python3.8/site-packages/airflow/example_dags/example_short_circuit_operator.py for tasks to queue
[2024-02-10T18:12:58.851+0000] {logging_mixin.py:188} INFO - [2024-02-10T18:12:58.851+0000] {dagbag.py:538} INFO - Filling up the DagBag from /home/airflow/.local/lib/python3.8/site-packages/airflow/example_dags/example_short_circuit_operator.py
[2024-02-10T18:12:58.860+0000] {processor.py:840} INFO - DAG(s) 'example_short_circuit_operator' retrieved from /home/airflow/.local/lib/python3.8/site-packages/airflow/example_dags/example_short_circuit_operator.py
[2024-02-10T18:12:58.886+0000] {logging_mixin.py:188} INFO - [2024-02-10T18:12:58.886+0000] {dag.py:3036} INFO - Sync 1 DAGs
[2024-02-10T18:12:58.914+0000] {logging_mixin.py:188} INFO - [2024-02-10T18:12:58.914+0000] {dag.py:3823} INFO - Setting next_dagrun for example_short_circuit_operator to 2024-02-09 00:00:00+00:00, run_after=2024-02-10 00:00:00+00:00
[2024-02-10T18:12:58.940+0000] {processor.py:183} INFO - Processing /home/airflow/.local/lib/python3.8/site-packages/airflow/example_dags/example_short_circuit_operator.py took 0.097 seconds
[2024-02-10T18:13:29.436+0000] {processor.py:161} INFO - Started process (PID=3363) to work on /home/airflow/.local/lib/python3.8/site-packages/airflow/example_dags/example_short_circuit_operator.py
[2024-02-10T18:13:29.437+0000] {processor.py:830} INFO - Processing file /home/airflow/.local/lib/python3.8/site-packages/airflow/example_dags/example_short_circuit_operator.py for tasks to queue
[2024-02-10T18:13:29.440+0000] {logging_mixin.py:188} INFO - [2024-02-10T18:13:29.439+0000] {dagbag.py:538} INFO - Filling up the DagBag from /home/airflow/.local/lib/python3.8/site-packages/airflow/example_dags/example_short_circuit_operator.py
[2024-02-10T18:13:29.456+0000] {processor.py:840} INFO - DAG(s) 'example_short_circuit_operator' retrieved from /home/airflow/.local/lib/python3.8/site-packages/airflow/example_dags/example_short_circuit_operator.py
[2024-02-10T18:13:29.487+0000] {logging_mixin.py:188} INFO - [2024-02-10T18:13:29.487+0000] {dag.py:3036} INFO - Sync 1 DAGs
[2024-02-10T18:13:29.510+0000] {logging_mixin.py:188} INFO - [2024-02-10T18:13:29.510+0000] {dag.py:3823} INFO - Setting next_dagrun for example_short_circuit_operator to 2024-02-09 00:00:00+00:00, run_after=2024-02-10 00:00:00+00:00
[2024-02-10T18:13:29.535+0000] {processor.py:183} INFO - Processing /home/airflow/.local/lib/python3.8/site-packages/airflow/example_dags/example_short_circuit_operator.py took 0.102 seconds
[2024-02-10T18:14:00.061+0000] {processor.py:161} INFO - Started process (PID=3418) to work on /home/airflow/.local/lib/python3.8/site-packages/airflow/example_dags/example_short_circuit_operator.py
[2024-02-10T18:14:00.061+0000] {processor.py:830} INFO - Processing file /home/airflow/.local/lib/python3.8/site-packages/airflow/example_dags/example_short_circuit_operator.py for tasks to queue
[2024-02-10T18:14:00.063+0000] {logging_mixin.py:188} INFO - [2024-02-10T18:14:00.063+0000] {dagbag.py:538} INFO - Filling up the DagBag from /home/airflow/.local/lib/python3.8/site-packages/airflow/example_dags/example_short_circuit_operator.py
[2024-02-10T18:14:00.073+0000] {processor.py:840} INFO - DAG(s) 'example_short_circuit_operator' retrieved from /home/airflow/.local/lib/python3.8/site-packages/airflow/example_dags/example_short_circuit_operator.py
[2024-02-10T18:14:00.099+0000] {logging_mixin.py:188} INFO - [2024-02-10T18:14:00.099+0000] {dag.py:3036} INFO - Sync 1 DAGs
[2024-02-10T18:14:00.126+0000] {logging_mixin.py:188} INFO - [2024-02-10T18:14:00.126+0000] {dag.py:3823} INFO - Setting next_dagrun for example_short_circuit_operator to 2024-02-09 00:00:00+00:00, run_after=2024-02-10 00:00:00+00:00
[2024-02-10T18:14:00.151+0000] {processor.py:183} INFO - Processing /home/airflow/.local/lib/python3.8/site-packages/airflow/example_dags/example_short_circuit_operator.py took 0.093 seconds
[2024-02-10T18:14:30.422+0000] {processor.py:161} INFO - Started process (PID=3473) to work on /home/airflow/.local/lib/python3.8/site-packages/airflow/example_dags/example_short_circuit_operator.py
[2024-02-10T18:14:30.423+0000] {processor.py:830} INFO - Processing file /home/airflow/.local/lib/python3.8/site-packages/airflow/example_dags/example_short_circuit_operator.py for tasks to queue
[2024-02-10T18:14:30.425+0000] {logging_mixin.py:188} INFO - [2024-02-10T18:14:30.424+0000] {dagbag.py:538} INFO - Filling up the DagBag from /home/airflow/.local/lib/python3.8/site-packages/airflow/example_dags/example_short_circuit_operator.py
[2024-02-10T18:14:30.434+0000] {processor.py:840} INFO - DAG(s) 'example_short_circuit_operator' retrieved from /home/airflow/.local/lib/python3.8/site-packages/airflow/example_dags/example_short_circuit_operator.py
[2024-02-10T18:14:30.461+0000] {logging_mixin.py:188} INFO - [2024-02-10T18:14:30.460+0000] {dag.py:3036} INFO - Sync 1 DAGs
[2024-02-10T18:14:30.487+0000] {logging_mixin.py:188} INFO - [2024-02-10T18:14:30.486+0000] {dag.py:3823} INFO - Setting next_dagrun for example_short_circuit_operator to 2024-02-09 00:00:00+00:00, run_after=2024-02-10 00:00:00+00:00
[2024-02-10T18:14:30.511+0000] {processor.py:183} INFO - Processing /home/airflow/.local/lib/python3.8/site-packages/airflow/example_dags/example_short_circuit_operator.py took 0.092 seconds
[2024-02-10T18:15:00.641+0000] {processor.py:161} INFO - Started process (PID=3528) to work on /home/airflow/.local/lib/python3.8/site-packages/airflow/example_dags/example_short_circuit_operator.py
[2024-02-10T18:15:00.642+0000] {processor.py:830} INFO - Processing file /home/airflow/.local/lib/python3.8/site-packages/airflow/example_dags/example_short_circuit_operator.py for tasks to queue
[2024-02-10T18:15:00.644+0000] {logging_mixin.py:188} INFO - [2024-02-10T18:15:00.643+0000] {dagbag.py:538} INFO - Filling up the DagBag from /home/airflow/.local/lib/python3.8/site-packages/airflow/example_dags/example_short_circuit_operator.py
[2024-02-10T18:15:00.653+0000] {processor.py:840} INFO - DAG(s) 'example_short_circuit_operator' retrieved from /home/airflow/.local/lib/python3.8/site-packages/airflow/example_dags/example_short_circuit_operator.py
[2024-02-10T18:15:00.680+0000] {logging_mixin.py:188} INFO - [2024-02-10T18:15:00.679+0000] {dag.py:3036} INFO - Sync 1 DAGs
[2024-02-10T18:15:00.705+0000] {logging_mixin.py:188} INFO - [2024-02-10T18:15:00.705+0000] {dag.py:3823} INFO - Setting next_dagrun for example_short_circuit_operator to 2024-02-09 00:00:00+00:00, run_after=2024-02-10 00:00:00+00:00
[2024-02-10T18:15:00.730+0000] {processor.py:183} INFO - Processing /home/airflow/.local/lib/python3.8/site-packages/airflow/example_dags/example_short_circuit_operator.py took 0.092 seconds
[2024-02-10T18:15:31.122+0000] {processor.py:161} INFO - Started process (PID=3583) to work on /home/airflow/.local/lib/python3.8/site-packages/airflow/example_dags/example_short_circuit_operator.py
[2024-02-10T18:15:31.123+0000] {processor.py:830} INFO - Processing file /home/airflow/.local/lib/python3.8/site-packages/airflow/example_dags/example_short_circuit_operator.py for tasks to queue
[2024-02-10T18:15:31.125+0000] {logging_mixin.py:188} INFO - [2024-02-10T18:15:31.125+0000] {dagbag.py:538} INFO - Filling up the DagBag from /home/airflow/.local/lib/python3.8/site-packages/airflow/example_dags/example_short_circuit_operator.py
[2024-02-10T18:15:31.134+0000] {processor.py:840} INFO - DAG(s) 'example_short_circuit_operator' retrieved from /home/airflow/.local/lib/python3.8/site-packages/airflow/example_dags/example_short_circuit_operator.py
[2024-02-10T18:15:31.160+0000] {logging_mixin.py:188} INFO - [2024-02-10T18:15:31.159+0000] {dag.py:3036} INFO - Sync 1 DAGs
[2024-02-10T18:15:31.191+0000] {logging_mixin.py:188} INFO - [2024-02-10T18:15:31.191+0000] {dag.py:3823} INFO - Setting next_dagrun for example_short_circuit_operator to 2024-02-09 00:00:00+00:00, run_after=2024-02-10 00:00:00+00:00
[2024-02-10T18:15:31.234+0000] {processor.py:183} INFO - Processing /home/airflow/.local/lib/python3.8/site-packages/airflow/example_dags/example_short_circuit_operator.py took 0.116 seconds
[2024-02-10T18:16:01.497+0000] {processor.py:161} INFO - Started process (PID=3639) to work on /home/airflow/.local/lib/python3.8/site-packages/airflow/example_dags/example_short_circuit_operator.py
[2024-02-10T18:16:01.499+0000] {processor.py:830} INFO - Processing file /home/airflow/.local/lib/python3.8/site-packages/airflow/example_dags/example_short_circuit_operator.py for tasks to queue
[2024-02-10T18:16:01.502+0000] {logging_mixin.py:188} INFO - [2024-02-10T18:16:01.502+0000] {dagbag.py:538} INFO - Filling up the DagBag from /home/airflow/.local/lib/python3.8/site-packages/airflow/example_dags/example_short_circuit_operator.py
[2024-02-10T18:16:01.527+0000] {processor.py:840} INFO - DAG(s) 'example_short_circuit_operator' retrieved from /home/airflow/.local/lib/python3.8/site-packages/airflow/example_dags/example_short_circuit_operator.py
[2024-02-10T18:16:01.598+0000] {logging_mixin.py:188} INFO - [2024-02-10T18:16:01.598+0000] {dag.py:3036} INFO - Sync 1 DAGs
[2024-02-10T18:16:01.628+0000] {logging_mixin.py:188} INFO - [2024-02-10T18:16:01.628+0000] {dag.py:3823} INFO - Setting next_dagrun for example_short_circuit_operator to 2024-02-09 00:00:00+00:00, run_after=2024-02-10 00:00:00+00:00
[2024-02-10T18:16:01.659+0000] {processor.py:183} INFO - Processing /home/airflow/.local/lib/python3.8/site-packages/airflow/example_dags/example_short_circuit_operator.py took 0.174 seconds
