[2024-02-10T17:43:03.692+0000] {processor.py:161} INFO - Started process (PID=55) to work on /home/airflow/.local/lib/python3.8/site-packages/airflow/example_dags/example_short_circuit_decorator.py
[2024-02-10T17:43:03.693+0000] {processor.py:830} INFO - Processing file /home/airflow/.local/lib/python3.8/site-packages/airflow/example_dags/example_short_circuit_decorator.py for tasks to queue
[2024-02-10T17:43:03.702+0000] {logging_mixin.py:188} INFO - [2024-02-10T17:43:03.701+0000] {dagbag.py:538} INFO - Filling up the DagBag from /home/airflow/.local/lib/python3.8/site-packages/airflow/example_dags/example_short_circuit_decorator.py
[2024-02-10T17:43:03.752+0000] {processor.py:840} INFO - DAG(s) 'example_short_circuit_decorator' retrieved from /home/airflow/.local/lib/python3.8/site-packages/airflow/example_dags/example_short_circuit_decorator.py
[2024-02-10T17:43:04.223+0000] {logging_mixin.py:188} INFO - [2024-02-10T17:43:04.222+0000] {dag.py:3036} INFO - Sync 1 DAGs
[2024-02-10T17:43:04.305+0000] {logging_mixin.py:188} INFO - [2024-02-10T17:43:04.302+0000] {dag.py:3823} INFO - Setting next_dagrun for example_short_circuit_decorator to 2024-02-09 00:00:00+00:00, run_after=2024-02-10 00:00:00+00:00
[2024-02-10T17:43:04.382+0000] {processor.py:183} INFO - Processing /home/airflow/.local/lib/python3.8/site-packages/airflow/example_dags/example_short_circuit_decorator.py took 0.705 seconds
[2024-02-10T17:43:34.888+0000] {processor.py:161} INFO - Started process (PID=110) to work on /home/airflow/.local/lib/python3.8/site-packages/airflow/example_dags/example_short_circuit_decorator.py
[2024-02-10T17:43:34.899+0000] {processor.py:830} INFO - Processing file /home/airflow/.local/lib/python3.8/site-packages/airflow/example_dags/example_short_circuit_decorator.py for tasks to queue
[2024-02-10T17:43:34.901+0000] {logging_mixin.py:188} INFO - [2024-02-10T17:43:34.901+0000] {dagbag.py:538} INFO - Filling up the DagBag from /home/airflow/.local/lib/python3.8/site-packages/airflow/example_dags/example_short_circuit_decorator.py
[2024-02-10T17:43:34.915+0000] {processor.py:840} INFO - DAG(s) 'example_short_circuit_decorator' retrieved from /home/airflow/.local/lib/python3.8/site-packages/airflow/example_dags/example_short_circuit_decorator.py
[2024-02-10T17:43:34.942+0000] {logging_mixin.py:188} INFO - [2024-02-10T17:43:34.942+0000] {dag.py:3036} INFO - Sync 1 DAGs
[2024-02-10T17:43:34.968+0000] {logging_mixin.py:188} INFO - [2024-02-10T17:43:34.968+0000] {dag.py:3823} INFO - Setting next_dagrun for example_short_circuit_decorator to 2024-02-09 00:00:00+00:00, run_after=2024-02-10 00:00:00+00:00
[2024-02-10T17:43:34.992+0000] {processor.py:183} INFO - Processing /home/airflow/.local/lib/python3.8/site-packages/airflow/example_dags/example_short_circuit_decorator.py took 0.108 seconds
[2024-02-10T17:44:05.300+0000] {processor.py:161} INFO - Started process (PID=165) to work on /home/airflow/.local/lib/python3.8/site-packages/airflow/example_dags/example_short_circuit_decorator.py
[2024-02-10T17:44:05.301+0000] {processor.py:830} INFO - Processing file /home/airflow/.local/lib/python3.8/site-packages/airflow/example_dags/example_short_circuit_decorator.py for tasks to queue
[2024-02-10T17:44:05.303+0000] {logging_mixin.py:188} INFO - [2024-02-10T17:44:05.303+0000] {dagbag.py:538} INFO - Filling up the DagBag from /home/airflow/.local/lib/python3.8/site-packages/airflow/example_dags/example_short_circuit_decorator.py
[2024-02-10T17:44:05.314+0000] {processor.py:840} INFO - DAG(s) 'example_short_circuit_decorator' retrieved from /home/airflow/.local/lib/python3.8/site-packages/airflow/example_dags/example_short_circuit_decorator.py
[2024-02-10T17:44:05.365+0000] {logging_mixin.py:188} INFO - [2024-02-10T17:44:05.364+0000] {dag.py:3036} INFO - Sync 1 DAGs
[2024-02-10T17:44:05.391+0000] {logging_mixin.py:188} INFO - [2024-02-10T17:44:05.390+0000] {dag.py:3823} INFO - Setting next_dagrun for example_short_circuit_decorator to 2024-02-09 00:00:00+00:00, run_after=2024-02-10 00:00:00+00:00
[2024-02-10T17:44:05.419+0000] {processor.py:183} INFO - Processing /home/airflow/.local/lib/python3.8/site-packages/airflow/example_dags/example_short_circuit_decorator.py took 0.123 seconds
[2024-02-10T17:44:35.885+0000] {processor.py:161} INFO - Started process (PID=220) to work on /home/airflow/.local/lib/python3.8/site-packages/airflow/example_dags/example_short_circuit_decorator.py
[2024-02-10T17:44:35.886+0000] {processor.py:830} INFO - Processing file /home/airflow/.local/lib/python3.8/site-packages/airflow/example_dags/example_short_circuit_decorator.py for tasks to queue
[2024-02-10T17:44:35.888+0000] {logging_mixin.py:188} INFO - [2024-02-10T17:44:35.888+0000] {dagbag.py:538} INFO - Filling up the DagBag from /home/airflow/.local/lib/python3.8/site-packages/airflow/example_dags/example_short_circuit_decorator.py
[2024-02-10T17:44:35.899+0000] {processor.py:840} INFO - DAG(s) 'example_short_circuit_decorator' retrieved from /home/airflow/.local/lib/python3.8/site-packages/airflow/example_dags/example_short_circuit_decorator.py
[2024-02-10T17:44:35.937+0000] {logging_mixin.py:188} INFO - [2024-02-10T17:44:35.937+0000] {dag.py:3036} INFO - Sync 1 DAGs
[2024-02-10T17:44:35.967+0000] {logging_mixin.py:188} INFO - [2024-02-10T17:44:35.967+0000] {dag.py:3823} INFO - Setting next_dagrun for example_short_circuit_decorator to 2024-02-09 00:00:00+00:00, run_after=2024-02-10 00:00:00+00:00
[2024-02-10T17:44:35.996+0000] {processor.py:183} INFO - Processing /home/airflow/.local/lib/python3.8/site-packages/airflow/example_dags/example_short_circuit_decorator.py took 0.115 seconds
[2024-02-10T17:45:06.516+0000] {processor.py:161} INFO - Started process (PID=275) to work on /home/airflow/.local/lib/python3.8/site-packages/airflow/example_dags/example_short_circuit_decorator.py
[2024-02-10T17:45:06.517+0000] {processor.py:830} INFO - Processing file /home/airflow/.local/lib/python3.8/site-packages/airflow/example_dags/example_short_circuit_decorator.py for tasks to queue
[2024-02-10T17:45:06.518+0000] {logging_mixin.py:188} INFO - [2024-02-10T17:45:06.518+0000] {dagbag.py:538} INFO - Filling up the DagBag from /home/airflow/.local/lib/python3.8/site-packages/airflow/example_dags/example_short_circuit_decorator.py
[2024-02-10T17:45:06.529+0000] {processor.py:840} INFO - DAG(s) 'example_short_circuit_decorator' retrieved from /home/airflow/.local/lib/python3.8/site-packages/airflow/example_dags/example_short_circuit_decorator.py
[2024-02-10T17:45:06.557+0000] {logging_mixin.py:188} INFO - [2024-02-10T17:45:06.557+0000] {dag.py:3036} INFO - Sync 1 DAGs
[2024-02-10T17:45:06.582+0000] {logging_mixin.py:188} INFO - [2024-02-10T17:45:06.582+0000] {dag.py:3823} INFO - Setting next_dagrun for example_short_circuit_decorator to 2024-02-09 00:00:00+00:00, run_after=2024-02-10 00:00:00+00:00
[2024-02-10T17:45:06.606+0000] {processor.py:183} INFO - Processing /home/airflow/.local/lib/python3.8/site-packages/airflow/example_dags/example_short_circuit_decorator.py took 0.094 seconds
[2024-02-10T17:45:37.445+0000] {processor.py:161} INFO - Started process (PID=329) to work on /home/airflow/.local/lib/python3.8/site-packages/airflow/example_dags/example_short_circuit_decorator.py
[2024-02-10T17:45:37.450+0000] {processor.py:830} INFO - Processing file /home/airflow/.local/lib/python3.8/site-packages/airflow/example_dags/example_short_circuit_decorator.py for tasks to queue
[2024-02-10T17:45:37.452+0000] {logging_mixin.py:188} INFO - [2024-02-10T17:45:37.451+0000] {dagbag.py:538} INFO - Filling up the DagBag from /home/airflow/.local/lib/python3.8/site-packages/airflow/example_dags/example_short_circuit_decorator.py
[2024-02-10T17:45:37.474+0000] {processor.py:840} INFO - DAG(s) 'example_short_circuit_decorator' retrieved from /home/airflow/.local/lib/python3.8/site-packages/airflow/example_dags/example_short_circuit_decorator.py
[2024-02-10T17:45:37.534+0000] {logging_mixin.py:188} INFO - [2024-02-10T17:45:37.534+0000] {dag.py:3036} INFO - Sync 1 DAGs
[2024-02-10T17:45:37.579+0000] {logging_mixin.py:188} INFO - [2024-02-10T17:45:37.579+0000] {dag.py:3823} INFO - Setting next_dagrun for example_short_circuit_decorator to 2024-02-09 00:00:00+00:00, run_after=2024-02-10 00:00:00+00:00
[2024-02-10T17:45:37.615+0000] {processor.py:183} INFO - Processing /home/airflow/.local/lib/python3.8/site-packages/airflow/example_dags/example_short_circuit_decorator.py took 0.179 seconds
[2024-02-10T17:46:08.408+0000] {processor.py:161} INFO - Started process (PID=385) to work on /home/airflow/.local/lib/python3.8/site-packages/airflow/example_dags/example_short_circuit_decorator.py
[2024-02-10T17:46:08.414+0000] {processor.py:830} INFO - Processing file /home/airflow/.local/lib/python3.8/site-packages/airflow/example_dags/example_short_circuit_decorator.py for tasks to queue
[2024-02-10T17:46:08.416+0000] {logging_mixin.py:188} INFO - [2024-02-10T17:46:08.415+0000] {dagbag.py:538} INFO - Filling up the DagBag from /home/airflow/.local/lib/python3.8/site-packages/airflow/example_dags/example_short_circuit_decorator.py
[2024-02-10T17:46:08.439+0000] {processor.py:840} INFO - DAG(s) 'example_short_circuit_decorator' retrieved from /home/airflow/.local/lib/python3.8/site-packages/airflow/example_dags/example_short_circuit_decorator.py
[2024-02-10T17:46:08.512+0000] {logging_mixin.py:188} INFO - [2024-02-10T17:46:08.512+0000] {dag.py:3036} INFO - Sync 1 DAGs
[2024-02-10T17:46:08.616+0000] {logging_mixin.py:188} INFO - [2024-02-10T17:46:08.616+0000] {dag.py:3823} INFO - Setting next_dagrun for example_short_circuit_decorator to 2024-02-09 00:00:00+00:00, run_after=2024-02-10 00:00:00+00:00
[2024-02-10T17:46:08.694+0000] {processor.py:183} INFO - Processing /home/airflow/.local/lib/python3.8/site-packages/airflow/example_dags/example_short_circuit_decorator.py took 0.292 seconds
[2024-02-10T17:46:39.601+0000] {processor.py:161} INFO - Started process (PID=441) to work on /home/airflow/.local/lib/python3.8/site-packages/airflow/example_dags/example_short_circuit_decorator.py
[2024-02-10T17:46:39.608+0000] {processor.py:830} INFO - Processing file /home/airflow/.local/lib/python3.8/site-packages/airflow/example_dags/example_short_circuit_decorator.py for tasks to queue
[2024-02-10T17:46:39.610+0000] {logging_mixin.py:188} INFO - [2024-02-10T17:46:39.609+0000] {dagbag.py:538} INFO - Filling up the DagBag from /home/airflow/.local/lib/python3.8/site-packages/airflow/example_dags/example_short_circuit_decorator.py
[2024-02-10T17:46:39.643+0000] {processor.py:840} INFO - DAG(s) 'example_short_circuit_decorator' retrieved from /home/airflow/.local/lib/python3.8/site-packages/airflow/example_dags/example_short_circuit_decorator.py
[2024-02-10T17:46:39.761+0000] {logging_mixin.py:188} INFO - [2024-02-10T17:46:39.761+0000] {dag.py:3036} INFO - Sync 1 DAGs
[2024-02-10T17:46:39.835+0000] {logging_mixin.py:188} INFO - [2024-02-10T17:46:39.835+0000] {dag.py:3823} INFO - Setting next_dagrun for example_short_circuit_decorator to 2024-02-09 00:00:00+00:00, run_after=2024-02-10 00:00:00+00:00
[2024-02-10T17:46:39.867+0000] {processor.py:183} INFO - Processing /home/airflow/.local/lib/python3.8/site-packages/airflow/example_dags/example_short_circuit_decorator.py took 0.269 seconds
[2024-02-10T17:47:10.419+0000] {processor.py:161} INFO - Started process (PID=497) to work on /home/airflow/.local/lib/python3.8/site-packages/airflow/example_dags/example_short_circuit_decorator.py
[2024-02-10T17:47:10.420+0000] {processor.py:830} INFO - Processing file /home/airflow/.local/lib/python3.8/site-packages/airflow/example_dags/example_short_circuit_decorator.py for tasks to queue
[2024-02-10T17:47:10.421+0000] {logging_mixin.py:188} INFO - [2024-02-10T17:47:10.421+0000] {dagbag.py:538} INFO - Filling up the DagBag from /home/airflow/.local/lib/python3.8/site-packages/airflow/example_dags/example_short_circuit_decorator.py
[2024-02-10T17:47:10.432+0000] {processor.py:840} INFO - DAG(s) 'example_short_circuit_decorator' retrieved from /home/airflow/.local/lib/python3.8/site-packages/airflow/example_dags/example_short_circuit_decorator.py
[2024-02-10T17:47:10.458+0000] {logging_mixin.py:188} INFO - [2024-02-10T17:47:10.458+0000] {dag.py:3036} INFO - Sync 1 DAGs
[2024-02-10T17:47:10.486+0000] {logging_mixin.py:188} INFO - [2024-02-10T17:47:10.485+0000] {dag.py:3823} INFO - Setting next_dagrun for example_short_circuit_decorator to 2024-02-09 00:00:00+00:00, run_after=2024-02-10 00:00:00+00:00
[2024-02-10T17:47:10.510+0000] {processor.py:183} INFO - Processing /home/airflow/.local/lib/python3.8/site-packages/airflow/example_dags/example_short_circuit_decorator.py took 0.094 seconds
[2024-02-10T17:47:40.700+0000] {processor.py:161} INFO - Started process (PID=552) to work on /home/airflow/.local/lib/python3.8/site-packages/airflow/example_dags/example_short_circuit_decorator.py
[2024-02-10T17:47:40.702+0000] {processor.py:830} INFO - Processing file /home/airflow/.local/lib/python3.8/site-packages/airflow/example_dags/example_short_circuit_decorator.py for tasks to queue
[2024-02-10T17:47:40.704+0000] {logging_mixin.py:188} INFO - [2024-02-10T17:47:40.704+0000] {dagbag.py:538} INFO - Filling up the DagBag from /home/airflow/.local/lib/python3.8/site-packages/airflow/example_dags/example_short_circuit_decorator.py
[2024-02-10T17:47:40.724+0000] {processor.py:840} INFO - DAG(s) 'example_short_circuit_decorator' retrieved from /home/airflow/.local/lib/python3.8/site-packages/airflow/example_dags/example_short_circuit_decorator.py
[2024-02-10T17:47:40.759+0000] {logging_mixin.py:188} INFO - [2024-02-10T17:47:40.758+0000] {dag.py:3036} INFO - Sync 1 DAGs
[2024-02-10T17:47:40.799+0000] {logging_mixin.py:188} INFO - [2024-02-10T17:47:40.799+0000] {dag.py:3823} INFO - Setting next_dagrun for example_short_circuit_decorator to 2024-02-09 00:00:00+00:00, run_after=2024-02-10 00:00:00+00:00
[2024-02-10T17:47:40.832+0000] {processor.py:183} INFO - Processing /home/airflow/.local/lib/python3.8/site-packages/airflow/example_dags/example_short_circuit_decorator.py took 0.136 seconds
[2024-02-10T17:48:11.036+0000] {processor.py:161} INFO - Started process (PID=609) to work on /home/airflow/.local/lib/python3.8/site-packages/airflow/example_dags/example_short_circuit_decorator.py
[2024-02-10T17:48:11.037+0000] {processor.py:830} INFO - Processing file /home/airflow/.local/lib/python3.8/site-packages/airflow/example_dags/example_short_circuit_decorator.py for tasks to queue
[2024-02-10T17:48:11.038+0000] {logging_mixin.py:188} INFO - [2024-02-10T17:48:11.038+0000] {dagbag.py:538} INFO - Filling up the DagBag from /home/airflow/.local/lib/python3.8/site-packages/airflow/example_dags/example_short_circuit_decorator.py
[2024-02-10T17:48:11.050+0000] {processor.py:840} INFO - DAG(s) 'example_short_circuit_decorator' retrieved from /home/airflow/.local/lib/python3.8/site-packages/airflow/example_dags/example_short_circuit_decorator.py
[2024-02-10T17:48:11.078+0000] {logging_mixin.py:188} INFO - [2024-02-10T17:48:11.077+0000] {dag.py:3036} INFO - Sync 1 DAGs
[2024-02-10T17:48:11.108+0000] {logging_mixin.py:188} INFO - [2024-02-10T17:48:11.108+0000] {dag.py:3823} INFO - Setting next_dagrun for example_short_circuit_decorator to 2024-02-09 00:00:00+00:00, run_after=2024-02-10 00:00:00+00:00
[2024-02-10T17:48:11.140+0000] {processor.py:183} INFO - Processing /home/airflow/.local/lib/python3.8/site-packages/airflow/example_dags/example_short_circuit_decorator.py took 0.108 seconds
[2024-02-10T17:48:41.816+0000] {processor.py:161} INFO - Started process (PID=666) to work on /home/airflow/.local/lib/python3.8/site-packages/airflow/example_dags/example_short_circuit_decorator.py
[2024-02-10T17:48:41.817+0000] {processor.py:830} INFO - Processing file /home/airflow/.local/lib/python3.8/site-packages/airflow/example_dags/example_short_circuit_decorator.py for tasks to queue
[2024-02-10T17:48:41.819+0000] {logging_mixin.py:188} INFO - [2024-02-10T17:48:41.819+0000] {dagbag.py:538} INFO - Filling up the DagBag from /home/airflow/.local/lib/python3.8/site-packages/airflow/example_dags/example_short_circuit_decorator.py
[2024-02-10T17:48:41.833+0000] {processor.py:840} INFO - DAG(s) 'example_short_circuit_decorator' retrieved from /home/airflow/.local/lib/python3.8/site-packages/airflow/example_dags/example_short_circuit_decorator.py
[2024-02-10T17:48:41.864+0000] {logging_mixin.py:188} INFO - [2024-02-10T17:48:41.864+0000] {dag.py:3036} INFO - Sync 1 DAGs
[2024-02-10T17:48:41.894+0000] {logging_mixin.py:188} INFO - [2024-02-10T17:48:41.894+0000] {dag.py:3823} INFO - Setting next_dagrun for example_short_circuit_decorator to 2024-02-09 00:00:00+00:00, run_after=2024-02-10 00:00:00+00:00
[2024-02-10T17:48:41.930+0000] {processor.py:183} INFO - Processing /home/airflow/.local/lib/python3.8/site-packages/airflow/example_dags/example_short_circuit_decorator.py took 0.117 seconds
[2024-02-10T17:49:12.406+0000] {processor.py:161} INFO - Started process (PID=721) to work on /home/airflow/.local/lib/python3.8/site-packages/airflow/example_dags/example_short_circuit_decorator.py
[2024-02-10T17:49:12.407+0000] {processor.py:830} INFO - Processing file /home/airflow/.local/lib/python3.8/site-packages/airflow/example_dags/example_short_circuit_decorator.py for tasks to queue
[2024-02-10T17:49:12.409+0000] {logging_mixin.py:188} INFO - [2024-02-10T17:49:12.408+0000] {dagbag.py:538} INFO - Filling up the DagBag from /home/airflow/.local/lib/python3.8/site-packages/airflow/example_dags/example_short_circuit_decorator.py
[2024-02-10T17:49:12.419+0000] {processor.py:840} INFO - DAG(s) 'example_short_circuit_decorator' retrieved from /home/airflow/.local/lib/python3.8/site-packages/airflow/example_dags/example_short_circuit_decorator.py
[2024-02-10T17:49:12.447+0000] {logging_mixin.py:188} INFO - [2024-02-10T17:49:12.446+0000] {dag.py:3036} INFO - Sync 1 DAGs
[2024-02-10T17:49:12.476+0000] {logging_mixin.py:188} INFO - [2024-02-10T17:49:12.475+0000] {dag.py:3823} INFO - Setting next_dagrun for example_short_circuit_decorator to 2024-02-09 00:00:00+00:00, run_after=2024-02-10 00:00:00+00:00
[2024-02-10T17:49:12.500+0000] {processor.py:183} INFO - Processing /home/airflow/.local/lib/python3.8/site-packages/airflow/example_dags/example_short_circuit_decorator.py took 0.097 seconds
[2024-02-10T17:49:42.738+0000] {processor.py:161} INFO - Started process (PID=776) to work on /home/airflow/.local/lib/python3.8/site-packages/airflow/example_dags/example_short_circuit_decorator.py
[2024-02-10T17:49:42.739+0000] {processor.py:830} INFO - Processing file /home/airflow/.local/lib/python3.8/site-packages/airflow/example_dags/example_short_circuit_decorator.py for tasks to queue
[2024-02-10T17:49:42.741+0000] {logging_mixin.py:188} INFO - [2024-02-10T17:49:42.740+0000] {dagbag.py:538} INFO - Filling up the DagBag from /home/airflow/.local/lib/python3.8/site-packages/airflow/example_dags/example_short_circuit_decorator.py
[2024-02-10T17:49:42.752+0000] {processor.py:840} INFO - DAG(s) 'example_short_circuit_decorator' retrieved from /home/airflow/.local/lib/python3.8/site-packages/airflow/example_dags/example_short_circuit_decorator.py
[2024-02-10T17:49:42.778+0000] {logging_mixin.py:188} INFO - [2024-02-10T17:49:42.778+0000] {dag.py:3036} INFO - Sync 1 DAGs
[2024-02-10T17:49:42.807+0000] {logging_mixin.py:188} INFO - [2024-02-10T17:49:42.807+0000] {dag.py:3823} INFO - Setting next_dagrun for example_short_circuit_decorator to 2024-02-09 00:00:00+00:00, run_after=2024-02-10 00:00:00+00:00
[2024-02-10T17:49:42.837+0000] {processor.py:183} INFO - Processing /home/airflow/.local/lib/python3.8/site-packages/airflow/example_dags/example_short_circuit_decorator.py took 0.103 seconds
[2024-02-10T17:50:13.614+0000] {processor.py:161} INFO - Started process (PID=831) to work on /home/airflow/.local/lib/python3.8/site-packages/airflow/example_dags/example_short_circuit_decorator.py
[2024-02-10T17:50:13.615+0000] {processor.py:830} INFO - Processing file /home/airflow/.local/lib/python3.8/site-packages/airflow/example_dags/example_short_circuit_decorator.py for tasks to queue
[2024-02-10T17:50:13.617+0000] {logging_mixin.py:188} INFO - [2024-02-10T17:50:13.617+0000] {dagbag.py:538} INFO - Filling up the DagBag from /home/airflow/.local/lib/python3.8/site-packages/airflow/example_dags/example_short_circuit_decorator.py
[2024-02-10T17:50:13.628+0000] {processor.py:840} INFO - DAG(s) 'example_short_circuit_decorator' retrieved from /home/airflow/.local/lib/python3.8/site-packages/airflow/example_dags/example_short_circuit_decorator.py
[2024-02-10T17:50:13.655+0000] {logging_mixin.py:188} INFO - [2024-02-10T17:50:13.655+0000] {dag.py:3036} INFO - Sync 1 DAGs
[2024-02-10T17:50:13.681+0000] {logging_mixin.py:188} INFO - [2024-02-10T17:50:13.681+0000] {dag.py:3823} INFO - Setting next_dagrun for example_short_circuit_decorator to 2024-02-09 00:00:00+00:00, run_after=2024-02-10 00:00:00+00:00
[2024-02-10T17:50:13.705+0000] {processor.py:183} INFO - Processing /home/airflow/.local/lib/python3.8/site-packages/airflow/example_dags/example_short_circuit_decorator.py took 0.094 seconds
[2024-02-10T17:50:43.776+0000] {processor.py:161} INFO - Started process (PID=886) to work on /home/airflow/.local/lib/python3.8/site-packages/airflow/example_dags/example_short_circuit_decorator.py
[2024-02-10T17:50:43.777+0000] {processor.py:830} INFO - Processing file /home/airflow/.local/lib/python3.8/site-packages/airflow/example_dags/example_short_circuit_decorator.py for tasks to queue
[2024-02-10T17:50:43.780+0000] {logging_mixin.py:188} INFO - [2024-02-10T17:50:43.780+0000] {dagbag.py:538} INFO - Filling up the DagBag from /home/airflow/.local/lib/python3.8/site-packages/airflow/example_dags/example_short_circuit_decorator.py
[2024-02-10T17:50:43.791+0000] {processor.py:840} INFO - DAG(s) 'example_short_circuit_decorator' retrieved from /home/airflow/.local/lib/python3.8/site-packages/airflow/example_dags/example_short_circuit_decorator.py
[2024-02-10T17:50:43.816+0000] {logging_mixin.py:188} INFO - [2024-02-10T17:50:43.816+0000] {dag.py:3036} INFO - Sync 1 DAGs
[2024-02-10T17:50:43.846+0000] {logging_mixin.py:188} INFO - [2024-02-10T17:50:43.845+0000] {dag.py:3823} INFO - Setting next_dagrun for example_short_circuit_decorator to 2024-02-09 00:00:00+00:00, run_after=2024-02-10 00:00:00+00:00
[2024-02-10T17:50:43.870+0000] {processor.py:183} INFO - Processing /home/airflow/.local/lib/python3.8/site-packages/airflow/example_dags/example_short_circuit_decorator.py took 0.098 seconds
[2024-02-10T17:51:13.974+0000] {processor.py:161} INFO - Started process (PID=941) to work on /home/airflow/.local/lib/python3.8/site-packages/airflow/example_dags/example_short_circuit_decorator.py
[2024-02-10T17:51:13.975+0000] {processor.py:830} INFO - Processing file /home/airflow/.local/lib/python3.8/site-packages/airflow/example_dags/example_short_circuit_decorator.py for tasks to queue
[2024-02-10T17:51:13.977+0000] {logging_mixin.py:188} INFO - [2024-02-10T17:51:13.977+0000] {dagbag.py:538} INFO - Filling up the DagBag from /home/airflow/.local/lib/python3.8/site-packages/airflow/example_dags/example_short_circuit_decorator.py
[2024-02-10T17:51:14.022+0000] {processor.py:840} INFO - DAG(s) 'example_short_circuit_decorator' retrieved from /home/airflow/.local/lib/python3.8/site-packages/airflow/example_dags/example_short_circuit_decorator.py
[2024-02-10T17:51:14.079+0000] {logging_mixin.py:188} INFO - [2024-02-10T17:51:14.079+0000] {dag.py:3036} INFO - Sync 1 DAGs
[2024-02-10T17:51:14.131+0000] {logging_mixin.py:188} INFO - [2024-02-10T17:51:14.131+0000] {dag.py:3823} INFO - Setting next_dagrun for example_short_circuit_decorator to 2024-02-09 00:00:00+00:00, run_after=2024-02-10 00:00:00+00:00
[2024-02-10T17:51:14.166+0000] {processor.py:183} INFO - Processing /home/airflow/.local/lib/python3.8/site-packages/airflow/example_dags/example_short_circuit_decorator.py took 0.205 seconds
[2024-02-10T17:51:44.244+0000] {processor.py:161} INFO - Started process (PID=995) to work on /home/airflow/.local/lib/python3.8/site-packages/airflow/example_dags/example_short_circuit_decorator.py
[2024-02-10T17:51:44.245+0000] {processor.py:830} INFO - Processing file /home/airflow/.local/lib/python3.8/site-packages/airflow/example_dags/example_short_circuit_decorator.py for tasks to queue
[2024-02-10T17:51:44.247+0000] {logging_mixin.py:188} INFO - [2024-02-10T17:51:44.247+0000] {dagbag.py:538} INFO - Filling up the DagBag from /home/airflow/.local/lib/python3.8/site-packages/airflow/example_dags/example_short_circuit_decorator.py
[2024-02-10T17:51:44.258+0000] {processor.py:840} INFO - DAG(s) 'example_short_circuit_decorator' retrieved from /home/airflow/.local/lib/python3.8/site-packages/airflow/example_dags/example_short_circuit_decorator.py
[2024-02-10T17:51:44.286+0000] {logging_mixin.py:188} INFO - [2024-02-10T17:51:44.286+0000] {dag.py:3036} INFO - Sync 1 DAGs
[2024-02-10T17:51:44.327+0000] {logging_mixin.py:188} INFO - [2024-02-10T17:51:44.327+0000] {dag.py:3823} INFO - Setting next_dagrun for example_short_circuit_decorator to 2024-02-09 00:00:00+00:00, run_after=2024-02-10 00:00:00+00:00
[2024-02-10T17:51:44.359+0000] {processor.py:183} INFO - Processing /home/airflow/.local/lib/python3.8/site-packages/airflow/example_dags/example_short_circuit_decorator.py took 0.122 seconds
[2024-02-10T17:52:14.463+0000] {processor.py:161} INFO - Started process (PID=1050) to work on /home/airflow/.local/lib/python3.8/site-packages/airflow/example_dags/example_short_circuit_decorator.py
[2024-02-10T17:52:14.463+0000] {processor.py:830} INFO - Processing file /home/airflow/.local/lib/python3.8/site-packages/airflow/example_dags/example_short_circuit_decorator.py for tasks to queue
[2024-02-10T17:52:14.465+0000] {logging_mixin.py:188} INFO - [2024-02-10T17:52:14.464+0000] {dagbag.py:538} INFO - Filling up the DagBag from /home/airflow/.local/lib/python3.8/site-packages/airflow/example_dags/example_short_circuit_decorator.py
[2024-02-10T17:52:14.472+0000] {processor.py:840} INFO - DAG(s) 'example_short_circuit_decorator' retrieved from /home/airflow/.local/lib/python3.8/site-packages/airflow/example_dags/example_short_circuit_decorator.py
[2024-02-10T17:52:14.495+0000] {logging_mixin.py:188} INFO - [2024-02-10T17:52:14.495+0000] {dag.py:3036} INFO - Sync 1 DAGs
[2024-02-10T17:52:14.512+0000] {logging_mixin.py:188} INFO - [2024-02-10T17:52:14.512+0000] {dag.py:3823} INFO - Setting next_dagrun for example_short_circuit_decorator to 2024-02-09 00:00:00+00:00, run_after=2024-02-10 00:00:00+00:00
[2024-02-10T17:52:14.534+0000] {processor.py:183} INFO - Processing /home/airflow/.local/lib/python3.8/site-packages/airflow/example_dags/example_short_circuit_decorator.py took 0.074 seconds
[2024-02-10T17:52:44.658+0000] {processor.py:161} INFO - Started process (PID=1105) to work on /home/airflow/.local/lib/python3.8/site-packages/airflow/example_dags/example_short_circuit_decorator.py
[2024-02-10T17:52:44.659+0000] {processor.py:830} INFO - Processing file /home/airflow/.local/lib/python3.8/site-packages/airflow/example_dags/example_short_circuit_decorator.py for tasks to queue
[2024-02-10T17:52:44.660+0000] {logging_mixin.py:188} INFO - [2024-02-10T17:52:44.660+0000] {dagbag.py:538} INFO - Filling up the DagBag from /home/airflow/.local/lib/python3.8/site-packages/airflow/example_dags/example_short_circuit_decorator.py
[2024-02-10T17:52:44.667+0000] {processor.py:840} INFO - DAG(s) 'example_short_circuit_decorator' retrieved from /home/airflow/.local/lib/python3.8/site-packages/airflow/example_dags/example_short_circuit_decorator.py
[2024-02-10T17:52:44.686+0000] {logging_mixin.py:188} INFO - [2024-02-10T17:52:44.685+0000] {dag.py:3036} INFO - Sync 1 DAGs
[2024-02-10T17:52:44.707+0000] {logging_mixin.py:188} INFO - [2024-02-10T17:52:44.707+0000] {dag.py:3823} INFO - Setting next_dagrun for example_short_circuit_decorator to 2024-02-09 00:00:00+00:00, run_after=2024-02-10 00:00:00+00:00
[2024-02-10T17:52:44.739+0000] {processor.py:183} INFO - Processing /home/airflow/.local/lib/python3.8/site-packages/airflow/example_dags/example_short_circuit_decorator.py took 0.083 seconds
[2024-02-10T17:53:14.970+0000] {processor.py:161} INFO - Started process (PID=1160) to work on /home/airflow/.local/lib/python3.8/site-packages/airflow/example_dags/example_short_circuit_decorator.py
[2024-02-10T17:53:14.971+0000] {processor.py:830} INFO - Processing file /home/airflow/.local/lib/python3.8/site-packages/airflow/example_dags/example_short_circuit_decorator.py for tasks to queue
[2024-02-10T17:53:14.972+0000] {logging_mixin.py:188} INFO - [2024-02-10T17:53:14.972+0000] {dagbag.py:538} INFO - Filling up the DagBag from /home/airflow/.local/lib/python3.8/site-packages/airflow/example_dags/example_short_circuit_decorator.py
[2024-02-10T17:53:14.985+0000] {processor.py:840} INFO - DAG(s) 'example_short_circuit_decorator' retrieved from /home/airflow/.local/lib/python3.8/site-packages/airflow/example_dags/example_short_circuit_decorator.py
[2024-02-10T17:53:15.006+0000] {logging_mixin.py:188} INFO - [2024-02-10T17:53:15.005+0000] {dag.py:3036} INFO - Sync 1 DAGs
[2024-02-10T17:53:15.022+0000] {logging_mixin.py:188} INFO - [2024-02-10T17:53:15.022+0000] {dag.py:3823} INFO - Setting next_dagrun for example_short_circuit_decorator to 2024-02-09 00:00:00+00:00, run_after=2024-02-10 00:00:00+00:00
[2024-02-10T17:53:15.043+0000] {processor.py:183} INFO - Processing /home/airflow/.local/lib/python3.8/site-packages/airflow/example_dags/example_short_circuit_decorator.py took 0.077 seconds
[2024-02-10T17:53:45.568+0000] {processor.py:161} INFO - Started process (PID=1215) to work on /home/airflow/.local/lib/python3.8/site-packages/airflow/example_dags/example_short_circuit_decorator.py
[2024-02-10T17:53:45.569+0000] {processor.py:830} INFO - Processing file /home/airflow/.local/lib/python3.8/site-packages/airflow/example_dags/example_short_circuit_decorator.py for tasks to queue
[2024-02-10T17:53:45.570+0000] {logging_mixin.py:188} INFO - [2024-02-10T17:53:45.570+0000] {dagbag.py:538} INFO - Filling up the DagBag from /home/airflow/.local/lib/python3.8/site-packages/airflow/example_dags/example_short_circuit_decorator.py
[2024-02-10T17:53:45.577+0000] {processor.py:840} INFO - DAG(s) 'example_short_circuit_decorator' retrieved from /home/airflow/.local/lib/python3.8/site-packages/airflow/example_dags/example_short_circuit_decorator.py
[2024-02-10T17:53:45.596+0000] {logging_mixin.py:188} INFO - [2024-02-10T17:53:45.595+0000] {dag.py:3036} INFO - Sync 1 DAGs
[2024-02-10T17:53:45.612+0000] {logging_mixin.py:188} INFO - [2024-02-10T17:53:45.612+0000] {dag.py:3823} INFO - Setting next_dagrun for example_short_circuit_decorator to 2024-02-09 00:00:00+00:00, run_after=2024-02-10 00:00:00+00:00
[2024-02-10T17:53:45.632+0000] {processor.py:183} INFO - Processing /home/airflow/.local/lib/python3.8/site-packages/airflow/example_dags/example_short_circuit_decorator.py took 0.067 seconds
[2024-02-10T17:54:15.702+0000] {processor.py:161} INFO - Started process (PID=1271) to work on /home/airflow/.local/lib/python3.8/site-packages/airflow/example_dags/example_short_circuit_decorator.py
[2024-02-10T17:54:15.703+0000] {processor.py:830} INFO - Processing file /home/airflow/.local/lib/python3.8/site-packages/airflow/example_dags/example_short_circuit_decorator.py for tasks to queue
[2024-02-10T17:54:15.704+0000] {logging_mixin.py:188} INFO - [2024-02-10T17:54:15.704+0000] {dagbag.py:538} INFO - Filling up the DagBag from /home/airflow/.local/lib/python3.8/site-packages/airflow/example_dags/example_short_circuit_decorator.py
[2024-02-10T17:54:15.712+0000] {processor.py:840} INFO - DAG(s) 'example_short_circuit_decorator' retrieved from /home/airflow/.local/lib/python3.8/site-packages/airflow/example_dags/example_short_circuit_decorator.py
[2024-02-10T17:54:15.730+0000] {logging_mixin.py:188} INFO - [2024-02-10T17:54:15.730+0000] {dag.py:3036} INFO - Sync 1 DAGs
[2024-02-10T17:54:15.747+0000] {logging_mixin.py:188} INFO - [2024-02-10T17:54:15.747+0000] {dag.py:3823} INFO - Setting next_dagrun for example_short_circuit_decorator to 2024-02-09 00:00:00+00:00, run_after=2024-02-10 00:00:00+00:00
[2024-02-10T17:54:15.767+0000] {processor.py:183} INFO - Processing /home/airflow/.local/lib/python3.8/site-packages/airflow/example_dags/example_short_circuit_decorator.py took 0.067 seconds
[2024-02-10T17:54:46.324+0000] {processor.py:161} INFO - Started process (PID=1327) to work on /home/airflow/.local/lib/python3.8/site-packages/airflow/example_dags/example_short_circuit_decorator.py
[2024-02-10T17:54:46.325+0000] {processor.py:830} INFO - Processing file /home/airflow/.local/lib/python3.8/site-packages/airflow/example_dags/example_short_circuit_decorator.py for tasks to queue
[2024-02-10T17:54:46.326+0000] {logging_mixin.py:188} INFO - [2024-02-10T17:54:46.326+0000] {dagbag.py:538} INFO - Filling up the DagBag from /home/airflow/.local/lib/python3.8/site-packages/airflow/example_dags/example_short_circuit_decorator.py
[2024-02-10T17:54:46.335+0000] {processor.py:840} INFO - DAG(s) 'example_short_circuit_decorator' retrieved from /home/airflow/.local/lib/python3.8/site-packages/airflow/example_dags/example_short_circuit_decorator.py
[2024-02-10T17:54:46.353+0000] {logging_mixin.py:188} INFO - [2024-02-10T17:54:46.352+0000] {dag.py:3036} INFO - Sync 1 DAGs
[2024-02-10T17:54:46.369+0000] {logging_mixin.py:188} INFO - [2024-02-10T17:54:46.369+0000] {dag.py:3823} INFO - Setting next_dagrun for example_short_circuit_decorator to 2024-02-09 00:00:00+00:00, run_after=2024-02-10 00:00:00+00:00
[2024-02-10T17:54:46.389+0000] {processor.py:183} INFO - Processing /home/airflow/.local/lib/python3.8/site-packages/airflow/example_dags/example_short_circuit_decorator.py took 0.068 seconds
[2024-02-10T17:55:16.502+0000] {processor.py:161} INFO - Started process (PID=1382) to work on /home/airflow/.local/lib/python3.8/site-packages/airflow/example_dags/example_short_circuit_decorator.py
[2024-02-10T17:55:16.503+0000] {processor.py:830} INFO - Processing file /home/airflow/.local/lib/python3.8/site-packages/airflow/example_dags/example_short_circuit_decorator.py for tasks to queue
[2024-02-10T17:55:16.505+0000] {logging_mixin.py:188} INFO - [2024-02-10T17:55:16.504+0000] {dagbag.py:538} INFO - Filling up the DagBag from /home/airflow/.local/lib/python3.8/site-packages/airflow/example_dags/example_short_circuit_decorator.py
[2024-02-10T17:55:16.512+0000] {processor.py:840} INFO - DAG(s) 'example_short_circuit_decorator' retrieved from /home/airflow/.local/lib/python3.8/site-packages/airflow/example_dags/example_short_circuit_decorator.py
[2024-02-10T17:55:16.530+0000] {logging_mixin.py:188} INFO - [2024-02-10T17:55:16.530+0000] {dag.py:3036} INFO - Sync 1 DAGs
[2024-02-10T17:55:16.548+0000] {logging_mixin.py:188} INFO - [2024-02-10T17:55:16.548+0000] {dag.py:3823} INFO - Setting next_dagrun for example_short_circuit_decorator to 2024-02-09 00:00:00+00:00, run_after=2024-02-10 00:00:00+00:00
[2024-02-10T17:55:16.570+0000] {processor.py:183} INFO - Processing /home/airflow/.local/lib/python3.8/site-packages/airflow/example_dags/example_short_circuit_decorator.py took 0.071 seconds
[2024-02-10T17:55:46.917+0000] {processor.py:161} INFO - Started process (PID=1437) to work on /home/airflow/.local/lib/python3.8/site-packages/airflow/example_dags/example_short_circuit_decorator.py
[2024-02-10T17:55:46.918+0000] {processor.py:830} INFO - Processing file /home/airflow/.local/lib/python3.8/site-packages/airflow/example_dags/example_short_circuit_decorator.py for tasks to queue
[2024-02-10T17:55:46.919+0000] {logging_mixin.py:188} INFO - [2024-02-10T17:55:46.919+0000] {dagbag.py:538} INFO - Filling up the DagBag from /home/airflow/.local/lib/python3.8/site-packages/airflow/example_dags/example_short_circuit_decorator.py
[2024-02-10T17:55:46.927+0000] {processor.py:840} INFO - DAG(s) 'example_short_circuit_decorator' retrieved from /home/airflow/.local/lib/python3.8/site-packages/airflow/example_dags/example_short_circuit_decorator.py
[2024-02-10T17:55:46.946+0000] {logging_mixin.py:188} INFO - [2024-02-10T17:55:46.946+0000] {dag.py:3036} INFO - Sync 1 DAGs
[2024-02-10T17:55:46.963+0000] {logging_mixin.py:188} INFO - [2024-02-10T17:55:46.963+0000] {dag.py:3823} INFO - Setting next_dagrun for example_short_circuit_decorator to 2024-02-09 00:00:00+00:00, run_after=2024-02-10 00:00:00+00:00
[2024-02-10T17:55:46.985+0000] {processor.py:183} INFO - Processing /home/airflow/.local/lib/python3.8/site-packages/airflow/example_dags/example_short_circuit_decorator.py took 0.071 seconds
[2024-02-10T17:56:17.595+0000] {processor.py:161} INFO - Started process (PID=1493) to work on /home/airflow/.local/lib/python3.8/site-packages/airflow/example_dags/example_short_circuit_decorator.py
[2024-02-10T17:56:17.595+0000] {processor.py:830} INFO - Processing file /home/airflow/.local/lib/python3.8/site-packages/airflow/example_dags/example_short_circuit_decorator.py for tasks to queue
[2024-02-10T17:56:17.597+0000] {logging_mixin.py:188} INFO - [2024-02-10T17:56:17.596+0000] {dagbag.py:538} INFO - Filling up the DagBag from /home/airflow/.local/lib/python3.8/site-packages/airflow/example_dags/example_short_circuit_decorator.py
[2024-02-10T17:56:17.604+0000] {processor.py:840} INFO - DAG(s) 'example_short_circuit_decorator' retrieved from /home/airflow/.local/lib/python3.8/site-packages/airflow/example_dags/example_short_circuit_decorator.py
[2024-02-10T17:56:17.622+0000] {logging_mixin.py:188} INFO - [2024-02-10T17:56:17.622+0000] {dag.py:3036} INFO - Sync 1 DAGs
[2024-02-10T17:56:17.641+0000] {logging_mixin.py:188} INFO - [2024-02-10T17:56:17.641+0000] {dag.py:3823} INFO - Setting next_dagrun for example_short_circuit_decorator to 2024-02-09 00:00:00+00:00, run_after=2024-02-10 00:00:00+00:00
[2024-02-10T17:56:17.661+0000] {processor.py:183} INFO - Processing /home/airflow/.local/lib/python3.8/site-packages/airflow/example_dags/example_short_circuit_decorator.py took 0.069 seconds
[2024-02-10T17:56:48.303+0000] {processor.py:161} INFO - Started process (PID=1556) to work on /home/airflow/.local/lib/python3.8/site-packages/airflow/example_dags/example_short_circuit_decorator.py
[2024-02-10T17:56:48.304+0000] {processor.py:830} INFO - Processing file /home/airflow/.local/lib/python3.8/site-packages/airflow/example_dags/example_short_circuit_decorator.py for tasks to queue
[2024-02-10T17:56:48.305+0000] {logging_mixin.py:188} INFO - [2024-02-10T17:56:48.305+0000] {dagbag.py:538} INFO - Filling up the DagBag from /home/airflow/.local/lib/python3.8/site-packages/airflow/example_dags/example_short_circuit_decorator.py
[2024-02-10T17:56:48.315+0000] {processor.py:840} INFO - DAG(s) 'example_short_circuit_decorator' retrieved from /home/airflow/.local/lib/python3.8/site-packages/airflow/example_dags/example_short_circuit_decorator.py
[2024-02-10T17:56:48.340+0000] {logging_mixin.py:188} INFO - [2024-02-10T17:56:48.340+0000] {dag.py:3036} INFO - Sync 1 DAGs
[2024-02-10T17:56:48.364+0000] {logging_mixin.py:188} INFO - [2024-02-10T17:56:48.364+0000] {dag.py:3823} INFO - Setting next_dagrun for example_short_circuit_decorator to 2024-02-09 00:00:00+00:00, run_after=2024-02-10 00:00:00+00:00
[2024-02-10T17:56:48.389+0000] {processor.py:183} INFO - Processing /home/airflow/.local/lib/python3.8/site-packages/airflow/example_dags/example_short_circuit_decorator.py took 0.089 seconds
[2024-02-10T17:57:18.696+0000] {processor.py:161} INFO - Started process (PID=1611) to work on /home/airflow/.local/lib/python3.8/site-packages/airflow/example_dags/example_short_circuit_decorator.py
[2024-02-10T17:57:18.696+0000] {processor.py:830} INFO - Processing file /home/airflow/.local/lib/python3.8/site-packages/airflow/example_dags/example_short_circuit_decorator.py for tasks to queue
[2024-02-10T17:57:18.698+0000] {logging_mixin.py:188} INFO - [2024-02-10T17:57:18.697+0000] {dagbag.py:538} INFO - Filling up the DagBag from /home/airflow/.local/lib/python3.8/site-packages/airflow/example_dags/example_short_circuit_decorator.py
[2024-02-10T17:57:18.705+0000] {processor.py:840} INFO - DAG(s) 'example_short_circuit_decorator' retrieved from /home/airflow/.local/lib/python3.8/site-packages/airflow/example_dags/example_short_circuit_decorator.py
[2024-02-10T17:57:18.724+0000] {logging_mixin.py:188} INFO - [2024-02-10T17:57:18.723+0000] {dag.py:3036} INFO - Sync 1 DAGs
[2024-02-10T17:57:18.744+0000] {logging_mixin.py:188} INFO - [2024-02-10T17:57:18.744+0000] {dag.py:3823} INFO - Setting next_dagrun for example_short_circuit_decorator to 2024-02-09 00:00:00+00:00, run_after=2024-02-10 00:00:00+00:00
[2024-02-10T17:57:18.764+0000] {processor.py:183} INFO - Processing /home/airflow/.local/lib/python3.8/site-packages/airflow/example_dags/example_short_circuit_decorator.py took 0.072 seconds
[2024-02-10T17:57:48.895+0000] {processor.py:161} INFO - Started process (PID=1666) to work on /home/airflow/.local/lib/python3.8/site-packages/airflow/example_dags/example_short_circuit_decorator.py
[2024-02-10T17:57:48.896+0000] {processor.py:830} INFO - Processing file /home/airflow/.local/lib/python3.8/site-packages/airflow/example_dags/example_short_circuit_decorator.py for tasks to queue
[2024-02-10T17:57:48.898+0000] {logging_mixin.py:188} INFO - [2024-02-10T17:57:48.897+0000] {dagbag.py:538} INFO - Filling up the DagBag from /home/airflow/.local/lib/python3.8/site-packages/airflow/example_dags/example_short_circuit_decorator.py
[2024-02-10T17:57:48.909+0000] {processor.py:840} INFO - DAG(s) 'example_short_circuit_decorator' retrieved from /home/airflow/.local/lib/python3.8/site-packages/airflow/example_dags/example_short_circuit_decorator.py
[2024-02-10T17:57:48.938+0000] {logging_mixin.py:188} INFO - [2024-02-10T17:57:48.937+0000] {dag.py:3036} INFO - Sync 1 DAGs
[2024-02-10T17:57:48.976+0000] {logging_mixin.py:188} INFO - [2024-02-10T17:57:48.975+0000] {dag.py:3823} INFO - Setting next_dagrun for example_short_circuit_decorator to 2024-02-09 00:00:00+00:00, run_after=2024-02-10 00:00:00+00:00
[2024-02-10T17:57:49.011+0000] {processor.py:183} INFO - Processing /home/airflow/.local/lib/python3.8/site-packages/airflow/example_dags/example_short_circuit_decorator.py took 0.120 seconds
[2024-02-10T17:58:19.379+0000] {processor.py:161} INFO - Started process (PID=1722) to work on /home/airflow/.local/lib/python3.8/site-packages/airflow/example_dags/example_short_circuit_decorator.py
[2024-02-10T17:58:19.380+0000] {processor.py:830} INFO - Processing file /home/airflow/.local/lib/python3.8/site-packages/airflow/example_dags/example_short_circuit_decorator.py for tasks to queue
[2024-02-10T17:58:19.382+0000] {logging_mixin.py:188} INFO - [2024-02-10T17:58:19.382+0000] {dagbag.py:538} INFO - Filling up the DagBag from /home/airflow/.local/lib/python3.8/site-packages/airflow/example_dags/example_short_circuit_decorator.py
[2024-02-10T17:58:19.390+0000] {processor.py:840} INFO - DAG(s) 'example_short_circuit_decorator' retrieved from /home/airflow/.local/lib/python3.8/site-packages/airflow/example_dags/example_short_circuit_decorator.py
[2024-02-10T17:58:19.413+0000] {logging_mixin.py:188} INFO - [2024-02-10T17:58:19.413+0000] {dag.py:3036} INFO - Sync 1 DAGs
[2024-02-10T17:58:19.435+0000] {logging_mixin.py:188} INFO - [2024-02-10T17:58:19.435+0000] {dag.py:3823} INFO - Setting next_dagrun for example_short_circuit_decorator to 2024-02-09 00:00:00+00:00, run_after=2024-02-10 00:00:00+00:00
[2024-02-10T17:58:19.456+0000] {processor.py:183} INFO - Processing /home/airflow/.local/lib/python3.8/site-packages/airflow/example_dags/example_short_circuit_decorator.py took 0.080 seconds
[2024-02-10T17:58:49.619+0000] {processor.py:161} INFO - Started process (PID=1777) to work on /home/airflow/.local/lib/python3.8/site-packages/airflow/example_dags/example_short_circuit_decorator.py
[2024-02-10T17:58:49.620+0000] {processor.py:830} INFO - Processing file /home/airflow/.local/lib/python3.8/site-packages/airflow/example_dags/example_short_circuit_decorator.py for tasks to queue
[2024-02-10T17:58:49.623+0000] {logging_mixin.py:188} INFO - [2024-02-10T17:58:49.623+0000] {dagbag.py:538} INFO - Filling up the DagBag from /home/airflow/.local/lib/python3.8/site-packages/airflow/example_dags/example_short_circuit_decorator.py
[2024-02-10T17:58:49.636+0000] {processor.py:840} INFO - DAG(s) 'example_short_circuit_decorator' retrieved from /home/airflow/.local/lib/python3.8/site-packages/airflow/example_dags/example_short_circuit_decorator.py
[2024-02-10T17:58:49.679+0000] {logging_mixin.py:188} INFO - [2024-02-10T17:58:49.679+0000] {dag.py:3036} INFO - Sync 1 DAGs
[2024-02-10T17:58:49.706+0000] {logging_mixin.py:188} INFO - [2024-02-10T17:58:49.706+0000] {dag.py:3823} INFO - Setting next_dagrun for example_short_circuit_decorator to 2024-02-09 00:00:00+00:00, run_after=2024-02-10 00:00:00+00:00
[2024-02-10T17:58:49.735+0000] {processor.py:183} INFO - Processing /home/airflow/.local/lib/python3.8/site-packages/airflow/example_dags/example_short_circuit_decorator.py took 0.120 seconds
[2024-02-10T17:59:20.157+0000] {processor.py:161} INFO - Started process (PID=1832) to work on /home/airflow/.local/lib/python3.8/site-packages/airflow/example_dags/example_short_circuit_decorator.py
[2024-02-10T17:59:20.157+0000] {processor.py:830} INFO - Processing file /home/airflow/.local/lib/python3.8/site-packages/airflow/example_dags/example_short_circuit_decorator.py for tasks to queue
[2024-02-10T17:59:20.159+0000] {logging_mixin.py:188} INFO - [2024-02-10T17:59:20.158+0000] {dagbag.py:538} INFO - Filling up the DagBag from /home/airflow/.local/lib/python3.8/site-packages/airflow/example_dags/example_short_circuit_decorator.py
[2024-02-10T17:59:20.166+0000] {processor.py:840} INFO - DAG(s) 'example_short_circuit_decorator' retrieved from /home/airflow/.local/lib/python3.8/site-packages/airflow/example_dags/example_short_circuit_decorator.py
[2024-02-10T17:59:20.185+0000] {logging_mixin.py:188} INFO - [2024-02-10T17:59:20.185+0000] {dag.py:3036} INFO - Sync 1 DAGs
[2024-02-10T17:59:20.204+0000] {logging_mixin.py:188} INFO - [2024-02-10T17:59:20.204+0000] {dag.py:3823} INFO - Setting next_dagrun for example_short_circuit_decorator to 2024-02-09 00:00:00+00:00, run_after=2024-02-10 00:00:00+00:00
[2024-02-10T17:59:20.226+0000] {processor.py:183} INFO - Processing /home/airflow/.local/lib/python3.8/site-packages/airflow/example_dags/example_short_circuit_decorator.py took 0.072 seconds
[2024-02-10T17:59:50.446+0000] {processor.py:161} INFO - Started process (PID=1887) to work on /home/airflow/.local/lib/python3.8/site-packages/airflow/example_dags/example_short_circuit_decorator.py
[2024-02-10T17:59:50.448+0000] {processor.py:830} INFO - Processing file /home/airflow/.local/lib/python3.8/site-packages/airflow/example_dags/example_short_circuit_decorator.py for tasks to queue
[2024-02-10T17:59:50.450+0000] {logging_mixin.py:188} INFO - [2024-02-10T17:59:50.450+0000] {dagbag.py:538} INFO - Filling up the DagBag from /home/airflow/.local/lib/python3.8/site-packages/airflow/example_dags/example_short_circuit_decorator.py
[2024-02-10T17:59:50.462+0000] {processor.py:840} INFO - DAG(s) 'example_short_circuit_decorator' retrieved from /home/airflow/.local/lib/python3.8/site-packages/airflow/example_dags/example_short_circuit_decorator.py
[2024-02-10T17:59:50.481+0000] {logging_mixin.py:188} INFO - [2024-02-10T17:59:50.481+0000] {dag.py:3036} INFO - Sync 1 DAGs
[2024-02-10T17:59:50.497+0000] {logging_mixin.py:188} INFO - [2024-02-10T17:59:50.497+0000] {dag.py:3823} INFO - Setting next_dagrun for example_short_circuit_decorator to 2024-02-09 00:00:00+00:00, run_after=2024-02-10 00:00:00+00:00
[2024-02-10T17:59:50.517+0000] {processor.py:183} INFO - Processing /home/airflow/.local/lib/python3.8/site-packages/airflow/example_dags/example_short_circuit_decorator.py took 0.074 seconds
[2024-02-10T18:00:20.693+0000] {processor.py:161} INFO - Started process (PID=1942) to work on /home/airflow/.local/lib/python3.8/site-packages/airflow/example_dags/example_short_circuit_decorator.py
[2024-02-10T18:00:20.694+0000] {processor.py:830} INFO - Processing file /home/airflow/.local/lib/python3.8/site-packages/airflow/example_dags/example_short_circuit_decorator.py for tasks to queue
[2024-02-10T18:00:20.696+0000] {logging_mixin.py:188} INFO - [2024-02-10T18:00:20.695+0000] {dagbag.py:538} INFO - Filling up the DagBag from /home/airflow/.local/lib/python3.8/site-packages/airflow/example_dags/example_short_circuit_decorator.py
[2024-02-10T18:00:20.704+0000] {processor.py:840} INFO - DAG(s) 'example_short_circuit_decorator' retrieved from /home/airflow/.local/lib/python3.8/site-packages/airflow/example_dags/example_short_circuit_decorator.py
[2024-02-10T18:00:20.722+0000] {logging_mixin.py:188} INFO - [2024-02-10T18:00:20.722+0000] {dag.py:3036} INFO - Sync 1 DAGs
[2024-02-10T18:00:20.739+0000] {logging_mixin.py:188} INFO - [2024-02-10T18:00:20.739+0000] {dag.py:3823} INFO - Setting next_dagrun for example_short_circuit_decorator to 2024-02-09 00:00:00+00:00, run_after=2024-02-10 00:00:00+00:00
[2024-02-10T18:00:20.760+0000] {processor.py:183} INFO - Processing /home/airflow/.local/lib/python3.8/site-packages/airflow/example_dags/example_short_circuit_decorator.py took 0.070 seconds
[2024-02-10T18:00:50.929+0000] {processor.py:161} INFO - Started process (PID=1997) to work on /home/airflow/.local/lib/python3.8/site-packages/airflow/example_dags/example_short_circuit_decorator.py
[2024-02-10T18:00:50.929+0000] {processor.py:830} INFO - Processing file /home/airflow/.local/lib/python3.8/site-packages/airflow/example_dags/example_short_circuit_decorator.py for tasks to queue
[2024-02-10T18:00:50.930+0000] {logging_mixin.py:188} INFO - [2024-02-10T18:00:50.930+0000] {dagbag.py:538} INFO - Filling up the DagBag from /home/airflow/.local/lib/python3.8/site-packages/airflow/example_dags/example_short_circuit_decorator.py
[2024-02-10T18:00:50.938+0000] {processor.py:840} INFO - DAG(s) 'example_short_circuit_decorator' retrieved from /home/airflow/.local/lib/python3.8/site-packages/airflow/example_dags/example_short_circuit_decorator.py
[2024-02-10T18:00:50.958+0000] {logging_mixin.py:188} INFO - [2024-02-10T18:00:50.958+0000] {dag.py:3036} INFO - Sync 1 DAGs
[2024-02-10T18:00:50.981+0000] {logging_mixin.py:188} INFO - [2024-02-10T18:00:50.981+0000] {dag.py:3823} INFO - Setting next_dagrun for example_short_circuit_decorator to 2024-02-09 00:00:00+00:00, run_after=2024-02-10 00:00:00+00:00
[2024-02-10T18:00:51.008+0000] {processor.py:183} INFO - Processing /home/airflow/.local/lib/python3.8/site-packages/airflow/example_dags/example_short_circuit_decorator.py took 0.083 seconds
[2024-02-10T18:01:21.507+0000] {processor.py:161} INFO - Started process (PID=2052) to work on /home/airflow/.local/lib/python3.8/site-packages/airflow/example_dags/example_short_circuit_decorator.py
[2024-02-10T18:01:21.508+0000] {processor.py:830} INFO - Processing file /home/airflow/.local/lib/python3.8/site-packages/airflow/example_dags/example_short_circuit_decorator.py for tasks to queue
[2024-02-10T18:01:21.509+0000] {logging_mixin.py:188} INFO - [2024-02-10T18:01:21.509+0000] {dagbag.py:538} INFO - Filling up the DagBag from /home/airflow/.local/lib/python3.8/site-packages/airflow/example_dags/example_short_circuit_decorator.py
[2024-02-10T18:01:21.519+0000] {processor.py:840} INFO - DAG(s) 'example_short_circuit_decorator' retrieved from /home/airflow/.local/lib/python3.8/site-packages/airflow/example_dags/example_short_circuit_decorator.py
[2024-02-10T18:01:21.537+0000] {logging_mixin.py:188} INFO - [2024-02-10T18:01:21.536+0000] {dag.py:3036} INFO - Sync 1 DAGs
[2024-02-10T18:01:21.554+0000] {logging_mixin.py:188} INFO - [2024-02-10T18:01:21.553+0000] {dag.py:3823} INFO - Setting next_dagrun for example_short_circuit_decorator to 2024-02-09 00:00:00+00:00, run_after=2024-02-10 00:00:00+00:00
[2024-02-10T18:01:21.573+0000] {processor.py:183} INFO - Processing /home/airflow/.local/lib/python3.8/site-packages/airflow/example_dags/example_short_circuit_decorator.py took 0.068 seconds
[2024-02-10T18:01:51.712+0000] {processor.py:161} INFO - Started process (PID=2107) to work on /home/airflow/.local/lib/python3.8/site-packages/airflow/example_dags/example_short_circuit_decorator.py
[2024-02-10T18:01:51.713+0000] {processor.py:830} INFO - Processing file /home/airflow/.local/lib/python3.8/site-packages/airflow/example_dags/example_short_circuit_decorator.py for tasks to queue
[2024-02-10T18:01:51.715+0000] {logging_mixin.py:188} INFO - [2024-02-10T18:01:51.714+0000] {dagbag.py:538} INFO - Filling up the DagBag from /home/airflow/.local/lib/python3.8/site-packages/airflow/example_dags/example_short_circuit_decorator.py
[2024-02-10T18:01:51.725+0000] {processor.py:840} INFO - DAG(s) 'example_short_circuit_decorator' retrieved from /home/airflow/.local/lib/python3.8/site-packages/airflow/example_dags/example_short_circuit_decorator.py
[2024-02-10T18:01:51.743+0000] {logging_mixin.py:188} INFO - [2024-02-10T18:01:51.743+0000] {dag.py:3036} INFO - Sync 1 DAGs
[2024-02-10T18:01:51.760+0000] {logging_mixin.py:188} INFO - [2024-02-10T18:01:51.760+0000] {dag.py:3823} INFO - Setting next_dagrun for example_short_circuit_decorator to 2024-02-09 00:00:00+00:00, run_after=2024-02-10 00:00:00+00:00
[2024-02-10T18:01:51.780+0000] {processor.py:183} INFO - Processing /home/airflow/.local/lib/python3.8/site-packages/airflow/example_dags/example_short_circuit_decorator.py took 0.070 seconds
[2024-02-10T18:02:22.045+0000] {processor.py:161} INFO - Started process (PID=2162) to work on /home/airflow/.local/lib/python3.8/site-packages/airflow/example_dags/example_short_circuit_decorator.py
[2024-02-10T18:02:22.046+0000] {processor.py:830} INFO - Processing file /home/airflow/.local/lib/python3.8/site-packages/airflow/example_dags/example_short_circuit_decorator.py for tasks to queue
[2024-02-10T18:02:22.047+0000] {logging_mixin.py:188} INFO - [2024-02-10T18:02:22.047+0000] {dagbag.py:538} INFO - Filling up the DagBag from /home/airflow/.local/lib/python3.8/site-packages/airflow/example_dags/example_short_circuit_decorator.py
[2024-02-10T18:02:22.056+0000] {processor.py:840} INFO - DAG(s) 'example_short_circuit_decorator' retrieved from /home/airflow/.local/lib/python3.8/site-packages/airflow/example_dags/example_short_circuit_decorator.py
[2024-02-10T18:02:22.075+0000] {logging_mixin.py:188} INFO - [2024-02-10T18:02:22.075+0000] {dag.py:3036} INFO - Sync 1 DAGs
[2024-02-10T18:02:22.092+0000] {logging_mixin.py:188} INFO - [2024-02-10T18:02:22.091+0000] {dag.py:3823} INFO - Setting next_dagrun for example_short_circuit_decorator to 2024-02-09 00:00:00+00:00, run_after=2024-02-10 00:00:00+00:00
[2024-02-10T18:02:22.111+0000] {processor.py:183} INFO - Processing /home/airflow/.local/lib/python3.8/site-packages/airflow/example_dags/example_short_circuit_decorator.py took 0.069 seconds
[2024-02-10T18:02:52.479+0000] {processor.py:161} INFO - Started process (PID=2218) to work on /home/airflow/.local/lib/python3.8/site-packages/airflow/example_dags/example_short_circuit_decorator.py
[2024-02-10T18:02:52.480+0000] {processor.py:830} INFO - Processing file /home/airflow/.local/lib/python3.8/site-packages/airflow/example_dags/example_short_circuit_decorator.py for tasks to queue
[2024-02-10T18:02:52.481+0000] {logging_mixin.py:188} INFO - [2024-02-10T18:02:52.481+0000] {dagbag.py:538} INFO - Filling up the DagBag from /home/airflow/.local/lib/python3.8/site-packages/airflow/example_dags/example_short_circuit_decorator.py
[2024-02-10T18:02:52.489+0000] {processor.py:840} INFO - DAG(s) 'example_short_circuit_decorator' retrieved from /home/airflow/.local/lib/python3.8/site-packages/airflow/example_dags/example_short_circuit_decorator.py
[2024-02-10T18:02:52.508+0000] {logging_mixin.py:188} INFO - [2024-02-10T18:02:52.508+0000] {dag.py:3036} INFO - Sync 1 DAGs
[2024-02-10T18:02:52.525+0000] {logging_mixin.py:188} INFO - [2024-02-10T18:02:52.525+0000] {dag.py:3823} INFO - Setting next_dagrun for example_short_circuit_decorator to 2024-02-09 00:00:00+00:00, run_after=2024-02-10 00:00:00+00:00
[2024-02-10T18:02:52.545+0000] {processor.py:183} INFO - Processing /home/airflow/.local/lib/python3.8/site-packages/airflow/example_dags/example_short_circuit_decorator.py took 0.069 seconds
[2024-02-10T18:03:23.150+0000] {processor.py:161} INFO - Started process (PID=2273) to work on /home/airflow/.local/lib/python3.8/site-packages/airflow/example_dags/example_short_circuit_decorator.py
[2024-02-10T18:03:23.150+0000] {processor.py:830} INFO - Processing file /home/airflow/.local/lib/python3.8/site-packages/airflow/example_dags/example_short_circuit_decorator.py for tasks to queue
[2024-02-10T18:03:23.152+0000] {logging_mixin.py:188} INFO - [2024-02-10T18:03:23.151+0000] {dagbag.py:538} INFO - Filling up the DagBag from /home/airflow/.local/lib/python3.8/site-packages/airflow/example_dags/example_short_circuit_decorator.py
[2024-02-10T18:03:23.159+0000] {processor.py:840} INFO - DAG(s) 'example_short_circuit_decorator' retrieved from /home/airflow/.local/lib/python3.8/site-packages/airflow/example_dags/example_short_circuit_decorator.py
[2024-02-10T18:03:23.178+0000] {logging_mixin.py:188} INFO - [2024-02-10T18:03:23.178+0000] {dag.py:3036} INFO - Sync 1 DAGs
[2024-02-10T18:03:23.195+0000] {logging_mixin.py:188} INFO - [2024-02-10T18:03:23.195+0000] {dag.py:3823} INFO - Setting next_dagrun for example_short_circuit_decorator to 2024-02-09 00:00:00+00:00, run_after=2024-02-10 00:00:00+00:00
[2024-02-10T18:03:23.215+0000] {processor.py:183} INFO - Processing /home/airflow/.local/lib/python3.8/site-packages/airflow/example_dags/example_short_circuit_decorator.py took 0.068 seconds
[2024-02-10T18:03:54.075+0000] {processor.py:161} INFO - Started process (PID=2329) to work on /home/airflow/.local/lib/python3.8/site-packages/airflow/example_dags/example_short_circuit_decorator.py
[2024-02-10T18:03:54.081+0000] {processor.py:830} INFO - Processing file /home/airflow/.local/lib/python3.8/site-packages/airflow/example_dags/example_short_circuit_decorator.py for tasks to queue
[2024-02-10T18:03:54.083+0000] {logging_mixin.py:188} INFO - [2024-02-10T18:03:54.083+0000] {dagbag.py:538} INFO - Filling up the DagBag from /home/airflow/.local/lib/python3.8/site-packages/airflow/example_dags/example_short_circuit_decorator.py
[2024-02-10T18:03:54.098+0000] {processor.py:840} INFO - DAG(s) 'example_short_circuit_decorator' retrieved from /home/airflow/.local/lib/python3.8/site-packages/airflow/example_dags/example_short_circuit_decorator.py
[2024-02-10T18:03:54.125+0000] {logging_mixin.py:188} INFO - [2024-02-10T18:03:54.124+0000] {dag.py:3036} INFO - Sync 1 DAGs
[2024-02-10T18:03:54.149+0000] {logging_mixin.py:188} INFO - [2024-02-10T18:03:54.149+0000] {dag.py:3823} INFO - Setting next_dagrun for example_short_circuit_decorator to 2024-02-09 00:00:00+00:00, run_after=2024-02-10 00:00:00+00:00
[2024-02-10T18:03:54.328+0000] {processor.py:183} INFO - Processing /home/airflow/.local/lib/python3.8/site-packages/airflow/example_dags/example_short_circuit_decorator.py took 0.257 seconds
[2024-02-10T18:04:24.611+0000] {processor.py:161} INFO - Started process (PID=2384) to work on /home/airflow/.local/lib/python3.8/site-packages/airflow/example_dags/example_short_circuit_decorator.py
[2024-02-10T18:04:24.612+0000] {processor.py:830} INFO - Processing file /home/airflow/.local/lib/python3.8/site-packages/airflow/example_dags/example_short_circuit_decorator.py for tasks to queue
[2024-02-10T18:04:24.613+0000] {logging_mixin.py:188} INFO - [2024-02-10T18:04:24.613+0000] {dagbag.py:538} INFO - Filling up the DagBag from /home/airflow/.local/lib/python3.8/site-packages/airflow/example_dags/example_short_circuit_decorator.py
[2024-02-10T18:04:24.620+0000] {processor.py:840} INFO - DAG(s) 'example_short_circuit_decorator' retrieved from /home/airflow/.local/lib/python3.8/site-packages/airflow/example_dags/example_short_circuit_decorator.py
[2024-02-10T18:04:24.639+0000] {logging_mixin.py:188} INFO - [2024-02-10T18:04:24.638+0000] {dag.py:3036} INFO - Sync 1 DAGs
[2024-02-10T18:04:24.655+0000] {logging_mixin.py:188} INFO - [2024-02-10T18:04:24.655+0000] {dag.py:3823} INFO - Setting next_dagrun for example_short_circuit_decorator to 2024-02-09 00:00:00+00:00, run_after=2024-02-10 00:00:00+00:00
[2024-02-10T18:04:24.674+0000] {processor.py:183} INFO - Processing /home/airflow/.local/lib/python3.8/site-packages/airflow/example_dags/example_short_circuit_decorator.py took 0.066 seconds
[2024-02-10T18:04:55.255+0000] {processor.py:161} INFO - Started process (PID=2439) to work on /home/airflow/.local/lib/python3.8/site-packages/airflow/example_dags/example_short_circuit_decorator.py
[2024-02-10T18:04:55.256+0000] {processor.py:830} INFO - Processing file /home/airflow/.local/lib/python3.8/site-packages/airflow/example_dags/example_short_circuit_decorator.py for tasks to queue
[2024-02-10T18:04:55.258+0000] {logging_mixin.py:188} INFO - [2024-02-10T18:04:55.258+0000] {dagbag.py:538} INFO - Filling up the DagBag from /home/airflow/.local/lib/python3.8/site-packages/airflow/example_dags/example_short_circuit_decorator.py
[2024-02-10T18:04:55.268+0000] {processor.py:840} INFO - DAG(s) 'example_short_circuit_decorator' retrieved from /home/airflow/.local/lib/python3.8/site-packages/airflow/example_dags/example_short_circuit_decorator.py
[2024-02-10T18:04:55.297+0000] {logging_mixin.py:188} INFO - [2024-02-10T18:04:55.297+0000] {dag.py:3036} INFO - Sync 1 DAGs
[2024-02-10T18:04:55.319+0000] {logging_mixin.py:188} INFO - [2024-02-10T18:04:55.319+0000] {dag.py:3823} INFO - Setting next_dagrun for example_short_circuit_decorator to 2024-02-09 00:00:00+00:00, run_after=2024-02-10 00:00:00+00:00
[2024-02-10T18:04:55.344+0000] {processor.py:183} INFO - Processing /home/airflow/.local/lib/python3.8/site-packages/airflow/example_dags/example_short_circuit_decorator.py took 0.092 seconds
[2024-02-10T18:05:25.399+0000] {processor.py:161} INFO - Started process (PID=2493) to work on /home/airflow/.local/lib/python3.8/site-packages/airflow/example_dags/example_short_circuit_decorator.py
[2024-02-10T18:05:25.399+0000] {processor.py:830} INFO - Processing file /home/airflow/.local/lib/python3.8/site-packages/airflow/example_dags/example_short_circuit_decorator.py for tasks to queue
[2024-02-10T18:05:25.402+0000] {logging_mixin.py:188} INFO - [2024-02-10T18:05:25.401+0000] {dagbag.py:538} INFO - Filling up the DagBag from /home/airflow/.local/lib/python3.8/site-packages/airflow/example_dags/example_short_circuit_decorator.py
[2024-02-10T18:05:25.419+0000] {processor.py:840} INFO - DAG(s) 'example_short_circuit_decorator' retrieved from /home/airflow/.local/lib/python3.8/site-packages/airflow/example_dags/example_short_circuit_decorator.py
[2024-02-10T18:05:25.468+0000] {logging_mixin.py:188} INFO - [2024-02-10T18:05:25.468+0000] {dag.py:3036} INFO - Sync 1 DAGs
[2024-02-10T18:05:25.503+0000] {logging_mixin.py:188} INFO - [2024-02-10T18:05:25.502+0000] {dag.py:3823} INFO - Setting next_dagrun for example_short_circuit_decorator to 2024-02-09 00:00:00+00:00, run_after=2024-02-10 00:00:00+00:00
[2024-02-10T18:05:25.542+0000] {processor.py:183} INFO - Processing /home/airflow/.local/lib/python3.8/site-packages/airflow/example_dags/example_short_circuit_decorator.py took 0.147 seconds
[2024-02-10T18:05:56.462+0000] {processor.py:161} INFO - Started process (PID=2549) to work on /home/airflow/.local/lib/python3.8/site-packages/airflow/example_dags/example_short_circuit_decorator.py
[2024-02-10T18:05:56.463+0000] {processor.py:830} INFO - Processing file /home/airflow/.local/lib/python3.8/site-packages/airflow/example_dags/example_short_circuit_decorator.py for tasks to queue
[2024-02-10T18:05:56.464+0000] {logging_mixin.py:188} INFO - [2024-02-10T18:05:56.464+0000] {dagbag.py:538} INFO - Filling up the DagBag from /home/airflow/.local/lib/python3.8/site-packages/airflow/example_dags/example_short_circuit_decorator.py
[2024-02-10T18:05:56.472+0000] {processor.py:840} INFO - DAG(s) 'example_short_circuit_decorator' retrieved from /home/airflow/.local/lib/python3.8/site-packages/airflow/example_dags/example_short_circuit_decorator.py
[2024-02-10T18:05:56.494+0000] {logging_mixin.py:188} INFO - [2024-02-10T18:05:56.494+0000] {dag.py:3036} INFO - Sync 1 DAGs
[2024-02-10T18:05:56.620+0000] {logging_mixin.py:188} INFO - [2024-02-10T18:05:56.620+0000] {dag.py:3823} INFO - Setting next_dagrun for example_short_circuit_decorator to 2024-02-09 00:00:00+00:00, run_after=2024-02-10 00:00:00+00:00
[2024-02-10T18:05:56.640+0000] {processor.py:183} INFO - Processing /home/airflow/.local/lib/python3.8/site-packages/airflow/example_dags/example_short_circuit_decorator.py took 0.181 seconds
[2024-02-10T18:06:27.278+0000] {processor.py:161} INFO - Started process (PID=2604) to work on /home/airflow/.local/lib/python3.8/site-packages/airflow/example_dags/example_short_circuit_decorator.py
[2024-02-10T18:06:27.279+0000] {processor.py:830} INFO - Processing file /home/airflow/.local/lib/python3.8/site-packages/airflow/example_dags/example_short_circuit_decorator.py for tasks to queue
[2024-02-10T18:06:27.281+0000] {logging_mixin.py:188} INFO - [2024-02-10T18:06:27.280+0000] {dagbag.py:538} INFO - Filling up the DagBag from /home/airflow/.local/lib/python3.8/site-packages/airflow/example_dags/example_short_circuit_decorator.py
[2024-02-10T18:06:27.292+0000] {processor.py:840} INFO - DAG(s) 'example_short_circuit_decorator' retrieved from /home/airflow/.local/lib/python3.8/site-packages/airflow/example_dags/example_short_circuit_decorator.py
[2024-02-10T18:06:27.321+0000] {logging_mixin.py:188} INFO - [2024-02-10T18:06:27.321+0000] {dag.py:3036} INFO - Sync 1 DAGs
[2024-02-10T18:06:27.498+0000] {logging_mixin.py:188} INFO - [2024-02-10T18:06:27.498+0000] {dag.py:3823} INFO - Setting next_dagrun for example_short_circuit_decorator to 2024-02-09 00:00:00+00:00, run_after=2024-02-10 00:00:00+00:00
[2024-02-10T18:06:27.535+0000] {processor.py:183} INFO - Processing /home/airflow/.local/lib/python3.8/site-packages/airflow/example_dags/example_short_circuit_decorator.py took 0.260 seconds
[2024-02-10T18:06:58.335+0000] {processor.py:161} INFO - Started process (PID=2659) to work on /home/airflow/.local/lib/python3.8/site-packages/airflow/example_dags/example_short_circuit_decorator.py
[2024-02-10T18:06:58.336+0000] {processor.py:830} INFO - Processing file /home/airflow/.local/lib/python3.8/site-packages/airflow/example_dags/example_short_circuit_decorator.py for tasks to queue
[2024-02-10T18:06:58.338+0000] {logging_mixin.py:188} INFO - [2024-02-10T18:06:58.337+0000] {dagbag.py:538} INFO - Filling up the DagBag from /home/airflow/.local/lib/python3.8/site-packages/airflow/example_dags/example_short_circuit_decorator.py
[2024-02-10T18:06:58.349+0000] {processor.py:840} INFO - DAG(s) 'example_short_circuit_decorator' retrieved from /home/airflow/.local/lib/python3.8/site-packages/airflow/example_dags/example_short_circuit_decorator.py
[2024-02-10T18:06:58.405+0000] {logging_mixin.py:188} INFO - [2024-02-10T18:06:58.405+0000] {dag.py:3036} INFO - Sync 1 DAGs
[2024-02-10T18:06:58.454+0000] {logging_mixin.py:188} INFO - [2024-02-10T18:06:58.451+0000] {dag.py:3823} INFO - Setting next_dagrun for example_short_circuit_decorator to 2024-02-09 00:00:00+00:00, run_after=2024-02-10 00:00:00+00:00
[2024-02-10T18:06:58.492+0000] {processor.py:183} INFO - Processing /home/airflow/.local/lib/python3.8/site-packages/airflow/example_dags/example_short_circuit_decorator.py took 0.160 seconds
[2024-02-10T18:07:29.222+0000] {processor.py:161} INFO - Started process (PID=2713) to work on /home/airflow/.local/lib/python3.8/site-packages/airflow/example_dags/example_short_circuit_decorator.py
[2024-02-10T18:07:29.223+0000] {processor.py:830} INFO - Processing file /home/airflow/.local/lib/python3.8/site-packages/airflow/example_dags/example_short_circuit_decorator.py for tasks to queue
[2024-02-10T18:07:29.225+0000] {logging_mixin.py:188} INFO - [2024-02-10T18:07:29.224+0000] {dagbag.py:538} INFO - Filling up the DagBag from /home/airflow/.local/lib/python3.8/site-packages/airflow/example_dags/example_short_circuit_decorator.py
[2024-02-10T18:07:29.236+0000] {processor.py:840} INFO - DAG(s) 'example_short_circuit_decorator' retrieved from /home/airflow/.local/lib/python3.8/site-packages/airflow/example_dags/example_short_circuit_decorator.py
[2024-02-10T18:07:29.264+0000] {logging_mixin.py:188} INFO - [2024-02-10T18:07:29.264+0000] {dag.py:3036} INFO - Sync 1 DAGs
[2024-02-10T18:07:29.289+0000] {logging_mixin.py:188} INFO - [2024-02-10T18:07:29.289+0000] {dag.py:3823} INFO - Setting next_dagrun for example_short_circuit_decorator to 2024-02-09 00:00:00+00:00, run_after=2024-02-10 00:00:00+00:00
[2024-02-10T18:07:29.329+0000] {processor.py:183} INFO - Processing /home/airflow/.local/lib/python3.8/site-packages/airflow/example_dags/example_short_circuit_decorator.py took 0.110 seconds
[2024-02-10T18:07:59.578+0000] {processor.py:161} INFO - Started process (PID=2768) to work on /home/airflow/.local/lib/python3.8/site-packages/airflow/example_dags/example_short_circuit_decorator.py
[2024-02-10T18:07:59.579+0000] {processor.py:830} INFO - Processing file /home/airflow/.local/lib/python3.8/site-packages/airflow/example_dags/example_short_circuit_decorator.py for tasks to queue
[2024-02-10T18:07:59.582+0000] {logging_mixin.py:188} INFO - [2024-02-10T18:07:59.581+0000] {dagbag.py:538} INFO - Filling up the DagBag from /home/airflow/.local/lib/python3.8/site-packages/airflow/example_dags/example_short_circuit_decorator.py
[2024-02-10T18:07:59.593+0000] {processor.py:840} INFO - DAG(s) 'example_short_circuit_decorator' retrieved from /home/airflow/.local/lib/python3.8/site-packages/airflow/example_dags/example_short_circuit_decorator.py
[2024-02-10T18:07:59.620+0000] {logging_mixin.py:188} INFO - [2024-02-10T18:07:59.620+0000] {dag.py:3036} INFO - Sync 1 DAGs
[2024-02-10T18:07:59.647+0000] {logging_mixin.py:188} INFO - [2024-02-10T18:07:59.647+0000] {dag.py:3823} INFO - Setting next_dagrun for example_short_circuit_decorator to 2024-02-09 00:00:00+00:00, run_after=2024-02-10 00:00:00+00:00
[2024-02-10T18:07:59.669+0000] {processor.py:183} INFO - Processing /home/airflow/.local/lib/python3.8/site-packages/airflow/example_dags/example_short_circuit_decorator.py took 0.095 seconds
[2024-02-10T18:08:30.078+0000] {processor.py:161} INFO - Started process (PID=2824) to work on /home/airflow/.local/lib/python3.8/site-packages/airflow/example_dags/example_short_circuit_decorator.py
[2024-02-10T18:08:30.079+0000] {processor.py:830} INFO - Processing file /home/airflow/.local/lib/python3.8/site-packages/airflow/example_dags/example_short_circuit_decorator.py for tasks to queue
[2024-02-10T18:08:30.080+0000] {logging_mixin.py:188} INFO - [2024-02-10T18:08:30.080+0000] {dagbag.py:538} INFO - Filling up the DagBag from /home/airflow/.local/lib/python3.8/site-packages/airflow/example_dags/example_short_circuit_decorator.py
[2024-02-10T18:08:30.091+0000] {processor.py:840} INFO - DAG(s) 'example_short_circuit_decorator' retrieved from /home/airflow/.local/lib/python3.8/site-packages/airflow/example_dags/example_short_circuit_decorator.py
[2024-02-10T18:08:30.119+0000] {logging_mixin.py:188} INFO - [2024-02-10T18:08:30.119+0000] {dag.py:3036} INFO - Sync 1 DAGs
[2024-02-10T18:08:30.144+0000] {logging_mixin.py:188} INFO - [2024-02-10T18:08:30.144+0000] {dag.py:3823} INFO - Setting next_dagrun for example_short_circuit_decorator to 2024-02-09 00:00:00+00:00, run_after=2024-02-10 00:00:00+00:00
[2024-02-10T18:08:30.168+0000] {processor.py:183} INFO - Processing /home/airflow/.local/lib/python3.8/site-packages/airflow/example_dags/example_short_circuit_decorator.py took 0.093 seconds
[2024-02-10T18:09:00.749+0000] {processor.py:161} INFO - Started process (PID=2880) to work on /home/airflow/.local/lib/python3.8/site-packages/airflow/example_dags/example_short_circuit_decorator.py
[2024-02-10T18:09:00.750+0000] {processor.py:830} INFO - Processing file /home/airflow/.local/lib/python3.8/site-packages/airflow/example_dags/example_short_circuit_decorator.py for tasks to queue
[2024-02-10T18:09:00.751+0000] {logging_mixin.py:188} INFO - [2024-02-10T18:09:00.751+0000] {dagbag.py:538} INFO - Filling up the DagBag from /home/airflow/.local/lib/python3.8/site-packages/airflow/example_dags/example_short_circuit_decorator.py
[2024-02-10T18:09:00.763+0000] {processor.py:840} INFO - DAG(s) 'example_short_circuit_decorator' retrieved from /home/airflow/.local/lib/python3.8/site-packages/airflow/example_dags/example_short_circuit_decorator.py
[2024-02-10T18:09:00.790+0000] {logging_mixin.py:188} INFO - [2024-02-10T18:09:00.790+0000] {dag.py:3036} INFO - Sync 1 DAGs
[2024-02-10T18:09:00.815+0000] {logging_mixin.py:188} INFO - [2024-02-10T18:09:00.815+0000] {dag.py:3823} INFO - Setting next_dagrun for example_short_circuit_decorator to 2024-02-09 00:00:00+00:00, run_after=2024-02-10 00:00:00+00:00
[2024-02-10T18:09:00.838+0000] {processor.py:183} INFO - Processing /home/airflow/.local/lib/python3.8/site-packages/airflow/example_dags/example_short_circuit_decorator.py took 0.092 seconds
[2024-02-10T18:09:31.149+0000] {processor.py:161} INFO - Started process (PID=2936) to work on /home/airflow/.local/lib/python3.8/site-packages/airflow/example_dags/example_short_circuit_decorator.py
[2024-02-10T18:09:31.151+0000] {processor.py:830} INFO - Processing file /home/airflow/.local/lib/python3.8/site-packages/airflow/example_dags/example_short_circuit_decorator.py for tasks to queue
[2024-02-10T18:09:31.153+0000] {logging_mixin.py:188} INFO - [2024-02-10T18:09:31.152+0000] {dagbag.py:538} INFO - Filling up the DagBag from /home/airflow/.local/lib/python3.8/site-packages/airflow/example_dags/example_short_circuit_decorator.py
[2024-02-10T18:09:31.166+0000] {processor.py:840} INFO - DAG(s) 'example_short_circuit_decorator' retrieved from /home/airflow/.local/lib/python3.8/site-packages/airflow/example_dags/example_short_circuit_decorator.py
[2024-02-10T18:09:31.197+0000] {logging_mixin.py:188} INFO - [2024-02-10T18:09:31.197+0000] {dag.py:3036} INFO - Sync 1 DAGs
[2024-02-10T18:09:31.222+0000] {logging_mixin.py:188} INFO - [2024-02-10T18:09:31.222+0000] {dag.py:3823} INFO - Setting next_dagrun for example_short_circuit_decorator to 2024-02-09 00:00:00+00:00, run_after=2024-02-10 00:00:00+00:00
[2024-02-10T18:09:31.245+0000] {processor.py:183} INFO - Processing /home/airflow/.local/lib/python3.8/site-packages/airflow/example_dags/example_short_circuit_decorator.py took 0.100 seconds
[2024-02-10T18:10:01.439+0000] {processor.py:161} INFO - Started process (PID=2990) to work on /home/airflow/.local/lib/python3.8/site-packages/airflow/example_dags/example_short_circuit_decorator.py
[2024-02-10T18:10:01.440+0000] {processor.py:830} INFO - Processing file /home/airflow/.local/lib/python3.8/site-packages/airflow/example_dags/example_short_circuit_decorator.py for tasks to queue
[2024-02-10T18:10:01.441+0000] {logging_mixin.py:188} INFO - [2024-02-10T18:10:01.441+0000] {dagbag.py:538} INFO - Filling up the DagBag from /home/airflow/.local/lib/python3.8/site-packages/airflow/example_dags/example_short_circuit_decorator.py
[2024-02-10T18:10:01.452+0000] {processor.py:840} INFO - DAG(s) 'example_short_circuit_decorator' retrieved from /home/airflow/.local/lib/python3.8/site-packages/airflow/example_dags/example_short_circuit_decorator.py
[2024-02-10T18:10:01.486+0000] {logging_mixin.py:188} INFO - [2024-02-10T18:10:01.485+0000] {dag.py:3036} INFO - Sync 1 DAGs
[2024-02-10T18:10:01.513+0000] {logging_mixin.py:188} INFO - [2024-02-10T18:10:01.512+0000] {dag.py:3823} INFO - Setting next_dagrun for example_short_circuit_decorator to 2024-02-09 00:00:00+00:00, run_after=2024-02-10 00:00:00+00:00
[2024-02-10T18:10:01.541+0000] {processor.py:183} INFO - Processing /home/airflow/.local/lib/python3.8/site-packages/airflow/example_dags/example_short_circuit_decorator.py took 0.105 seconds
[2024-02-10T18:10:31.776+0000] {processor.py:161} INFO - Started process (PID=3045) to work on /home/airflow/.local/lib/python3.8/site-packages/airflow/example_dags/example_short_circuit_decorator.py
[2024-02-10T18:10:31.777+0000] {processor.py:830} INFO - Processing file /home/airflow/.local/lib/python3.8/site-packages/airflow/example_dags/example_short_circuit_decorator.py for tasks to queue
[2024-02-10T18:10:31.779+0000] {logging_mixin.py:188} INFO - [2024-02-10T18:10:31.778+0000] {dagbag.py:538} INFO - Filling up the DagBag from /home/airflow/.local/lib/python3.8/site-packages/airflow/example_dags/example_short_circuit_decorator.py
[2024-02-10T18:10:31.790+0000] {processor.py:840} INFO - DAG(s) 'example_short_circuit_decorator' retrieved from /home/airflow/.local/lib/python3.8/site-packages/airflow/example_dags/example_short_circuit_decorator.py
[2024-02-10T18:10:31.818+0000] {logging_mixin.py:188} INFO - [2024-02-10T18:10:31.818+0000] {dag.py:3036} INFO - Sync 1 DAGs
[2024-02-10T18:10:31.843+0000] {logging_mixin.py:188} INFO - [2024-02-10T18:10:31.843+0000] {dag.py:3823} INFO - Setting next_dagrun for example_short_circuit_decorator to 2024-02-09 00:00:00+00:00, run_after=2024-02-10 00:00:00+00:00
[2024-02-10T18:10:31.867+0000] {processor.py:183} INFO - Processing /home/airflow/.local/lib/python3.8/site-packages/airflow/example_dags/example_short_circuit_decorator.py took 0.094 seconds
[2024-02-10T18:11:02.395+0000] {processor.py:161} INFO - Started process (PID=3099) to work on /home/airflow/.local/lib/python3.8/site-packages/airflow/example_dags/example_short_circuit_decorator.py
[2024-02-10T18:11:02.396+0000] {processor.py:830} INFO - Processing file /home/airflow/.local/lib/python3.8/site-packages/airflow/example_dags/example_short_circuit_decorator.py for tasks to queue
[2024-02-10T18:11:02.397+0000] {logging_mixin.py:188} INFO - [2024-02-10T18:11:02.397+0000] {dagbag.py:538} INFO - Filling up the DagBag from /home/airflow/.local/lib/python3.8/site-packages/airflow/example_dags/example_short_circuit_decorator.py
[2024-02-10T18:11:02.408+0000] {processor.py:840} INFO - DAG(s) 'example_short_circuit_decorator' retrieved from /home/airflow/.local/lib/python3.8/site-packages/airflow/example_dags/example_short_circuit_decorator.py
[2024-02-10T18:11:02.444+0000] {logging_mixin.py:188} INFO - [2024-02-10T18:11:02.443+0000] {dag.py:3036} INFO - Sync 1 DAGs
[2024-02-10T18:11:02.468+0000] {logging_mixin.py:188} INFO - [2024-02-10T18:11:02.468+0000] {dag.py:3823} INFO - Setting next_dagrun for example_short_circuit_decorator to 2024-02-09 00:00:00+00:00, run_after=2024-02-10 00:00:00+00:00
[2024-02-10T18:11:02.496+0000] {processor.py:183} INFO - Processing /home/airflow/.local/lib/python3.8/site-packages/airflow/example_dags/example_short_circuit_decorator.py took 0.104 seconds
[2024-02-10T18:11:32.828+0000] {processor.py:161} INFO - Started process (PID=3155) to work on /home/airflow/.local/lib/python3.8/site-packages/airflow/example_dags/example_short_circuit_decorator.py
[2024-02-10T18:11:32.838+0000] {processor.py:830} INFO - Processing file /home/airflow/.local/lib/python3.8/site-packages/airflow/example_dags/example_short_circuit_decorator.py for tasks to queue
[2024-02-10T18:11:32.845+0000] {logging_mixin.py:188} INFO - [2024-02-10T18:11:32.845+0000] {dagbag.py:538} INFO - Filling up the DagBag from /home/airflow/.local/lib/python3.8/site-packages/airflow/example_dags/example_short_circuit_decorator.py
[2024-02-10T18:11:32.864+0000] {processor.py:840} INFO - DAG(s) 'example_short_circuit_decorator' retrieved from /home/airflow/.local/lib/python3.8/site-packages/airflow/example_dags/example_short_circuit_decorator.py
[2024-02-10T18:11:32.933+0000] {logging_mixin.py:188} INFO - [2024-02-10T18:11:32.932+0000] {dag.py:3036} INFO - Sync 1 DAGs
[2024-02-10T18:11:32.978+0000] {logging_mixin.py:188} INFO - [2024-02-10T18:11:32.978+0000] {dag.py:3823} INFO - Setting next_dagrun for example_short_circuit_decorator to 2024-02-09 00:00:00+00:00, run_after=2024-02-10 00:00:00+00:00
[2024-02-10T18:11:33.020+0000] {processor.py:183} INFO - Processing /home/airflow/.local/lib/python3.8/site-packages/airflow/example_dags/example_short_circuit_decorator.py took 0.196 seconds
[2024-02-10T18:12:03.104+0000] {processor.py:161} INFO - Started process (PID=3210) to work on /home/airflow/.local/lib/python3.8/site-packages/airflow/example_dags/example_short_circuit_decorator.py
[2024-02-10T18:12:03.105+0000] {processor.py:830} INFO - Processing file /home/airflow/.local/lib/python3.8/site-packages/airflow/example_dags/example_short_circuit_decorator.py for tasks to queue
[2024-02-10T18:12:03.107+0000] {logging_mixin.py:188} INFO - [2024-02-10T18:12:03.106+0000] {dagbag.py:538} INFO - Filling up the DagBag from /home/airflow/.local/lib/python3.8/site-packages/airflow/example_dags/example_short_circuit_decorator.py
[2024-02-10T18:12:03.118+0000] {processor.py:840} INFO - DAG(s) 'example_short_circuit_decorator' retrieved from /home/airflow/.local/lib/python3.8/site-packages/airflow/example_dags/example_short_circuit_decorator.py
[2024-02-10T18:12:03.146+0000] {logging_mixin.py:188} INFO - [2024-02-10T18:12:03.145+0000] {dag.py:3036} INFO - Sync 1 DAGs
[2024-02-10T18:12:03.171+0000] {logging_mixin.py:188} INFO - [2024-02-10T18:12:03.171+0000] {dag.py:3823} INFO - Setting next_dagrun for example_short_circuit_decorator to 2024-02-09 00:00:00+00:00, run_after=2024-02-10 00:00:00+00:00
[2024-02-10T18:12:03.196+0000] {processor.py:183} INFO - Processing /home/airflow/.local/lib/python3.8/site-packages/airflow/example_dags/example_short_circuit_decorator.py took 0.095 seconds
[2024-02-10T18:12:33.757+0000] {processor.py:161} INFO - Started process (PID=3266) to work on /home/airflow/.local/lib/python3.8/site-packages/airflow/example_dags/example_short_circuit_decorator.py
[2024-02-10T18:12:33.758+0000] {processor.py:830} INFO - Processing file /home/airflow/.local/lib/python3.8/site-packages/airflow/example_dags/example_short_circuit_decorator.py for tasks to queue
[2024-02-10T18:12:33.761+0000] {logging_mixin.py:188} INFO - [2024-02-10T18:12:33.761+0000] {dagbag.py:538} INFO - Filling up the DagBag from /home/airflow/.local/lib/python3.8/site-packages/airflow/example_dags/example_short_circuit_decorator.py
[2024-02-10T18:12:33.772+0000] {processor.py:840} INFO - DAG(s) 'example_short_circuit_decorator' retrieved from /home/airflow/.local/lib/python3.8/site-packages/airflow/example_dags/example_short_circuit_decorator.py
[2024-02-10T18:12:33.800+0000] {logging_mixin.py:188} INFO - [2024-02-10T18:12:33.800+0000] {dag.py:3036} INFO - Sync 1 DAGs
[2024-02-10T18:12:33.827+0000] {logging_mixin.py:188} INFO - [2024-02-10T18:12:33.826+0000] {dag.py:3823} INFO - Setting next_dagrun for example_short_circuit_decorator to 2024-02-09 00:00:00+00:00, run_after=2024-02-10 00:00:00+00:00
[2024-02-10T18:12:33.851+0000] {processor.py:183} INFO - Processing /home/airflow/.local/lib/python3.8/site-packages/airflow/example_dags/example_short_circuit_decorator.py took 0.097 seconds
[2024-02-10T18:13:04.035+0000] {processor.py:161} INFO - Started process (PID=3321) to work on /home/airflow/.local/lib/python3.8/site-packages/airflow/example_dags/example_short_circuit_decorator.py
[2024-02-10T18:13:04.043+0000] {processor.py:830} INFO - Processing file /home/airflow/.local/lib/python3.8/site-packages/airflow/example_dags/example_short_circuit_decorator.py for tasks to queue
[2024-02-10T18:13:04.045+0000] {logging_mixin.py:188} INFO - [2024-02-10T18:13:04.045+0000] {dagbag.py:538} INFO - Filling up the DagBag from /home/airflow/.local/lib/python3.8/site-packages/airflow/example_dags/example_short_circuit_decorator.py
[2024-02-10T18:13:04.069+0000] {processor.py:840} INFO - DAG(s) 'example_short_circuit_decorator' retrieved from /home/airflow/.local/lib/python3.8/site-packages/airflow/example_dags/example_short_circuit_decorator.py
[2024-02-10T18:13:04.126+0000] {logging_mixin.py:188} INFO - [2024-02-10T18:13:04.126+0000] {dag.py:3036} INFO - Sync 1 DAGs
[2024-02-10T18:13:04.178+0000] {logging_mixin.py:188} INFO - [2024-02-10T18:13:04.177+0000] {dag.py:3823} INFO - Setting next_dagrun for example_short_circuit_decorator to 2024-02-09 00:00:00+00:00, run_after=2024-02-10 00:00:00+00:00
[2024-02-10T18:13:04.226+0000] {processor.py:183} INFO - Processing /home/airflow/.local/lib/python3.8/site-packages/airflow/example_dags/example_short_circuit_decorator.py took 0.194 seconds
[2024-02-10T18:13:34.276+0000] {processor.py:161} INFO - Started process (PID=3375) to work on /home/airflow/.local/lib/python3.8/site-packages/airflow/example_dags/example_short_circuit_decorator.py
[2024-02-10T18:13:34.277+0000] {processor.py:830} INFO - Processing file /home/airflow/.local/lib/python3.8/site-packages/airflow/example_dags/example_short_circuit_decorator.py for tasks to queue
[2024-02-10T18:13:34.279+0000] {logging_mixin.py:188} INFO - [2024-02-10T18:13:34.279+0000] {dagbag.py:538} INFO - Filling up the DagBag from /home/airflow/.local/lib/python3.8/site-packages/airflow/example_dags/example_short_circuit_decorator.py
[2024-02-10T18:13:34.290+0000] {processor.py:840} INFO - DAG(s) 'example_short_circuit_decorator' retrieved from /home/airflow/.local/lib/python3.8/site-packages/airflow/example_dags/example_short_circuit_decorator.py
[2024-02-10T18:13:34.318+0000] {logging_mixin.py:188} INFO - [2024-02-10T18:13:34.318+0000] {dag.py:3036} INFO - Sync 1 DAGs
[2024-02-10T18:13:34.345+0000] {logging_mixin.py:188} INFO - [2024-02-10T18:13:34.344+0000] {dag.py:3823} INFO - Setting next_dagrun for example_short_circuit_decorator to 2024-02-09 00:00:00+00:00, run_after=2024-02-10 00:00:00+00:00
[2024-02-10T18:13:34.368+0000] {processor.py:183} INFO - Processing /home/airflow/.local/lib/python3.8/site-packages/airflow/example_dags/example_short_circuit_decorator.py took 0.095 seconds
[2024-02-10T18:14:04.778+0000] {processor.py:161} INFO - Started process (PID=3430) to work on /home/airflow/.local/lib/python3.8/site-packages/airflow/example_dags/example_short_circuit_decorator.py
[2024-02-10T18:14:04.779+0000] {processor.py:830} INFO - Processing file /home/airflow/.local/lib/python3.8/site-packages/airflow/example_dags/example_short_circuit_decorator.py for tasks to queue
[2024-02-10T18:14:04.780+0000] {logging_mixin.py:188} INFO - [2024-02-10T18:14:04.780+0000] {dagbag.py:538} INFO - Filling up the DagBag from /home/airflow/.local/lib/python3.8/site-packages/airflow/example_dags/example_short_circuit_decorator.py
[2024-02-10T18:14:04.797+0000] {processor.py:840} INFO - DAG(s) 'example_short_circuit_decorator' retrieved from /home/airflow/.local/lib/python3.8/site-packages/airflow/example_dags/example_short_circuit_decorator.py
[2024-02-10T18:14:04.830+0000] {logging_mixin.py:188} INFO - [2024-02-10T18:14:04.830+0000] {dag.py:3036} INFO - Sync 1 DAGs
[2024-02-10T18:14:04.858+0000] {logging_mixin.py:188} INFO - [2024-02-10T18:14:04.858+0000] {dag.py:3823} INFO - Setting next_dagrun for example_short_circuit_decorator to 2024-02-09 00:00:00+00:00, run_after=2024-02-10 00:00:00+00:00
[2024-02-10T18:14:04.880+0000] {processor.py:183} INFO - Processing /home/airflow/.local/lib/python3.8/site-packages/airflow/example_dags/example_short_circuit_decorator.py took 0.106 seconds
[2024-02-10T18:14:35.134+0000] {processor.py:161} INFO - Started process (PID=3485) to work on /home/airflow/.local/lib/python3.8/site-packages/airflow/example_dags/example_short_circuit_decorator.py
[2024-02-10T18:14:35.135+0000] {processor.py:830} INFO - Processing file /home/airflow/.local/lib/python3.8/site-packages/airflow/example_dags/example_short_circuit_decorator.py for tasks to queue
[2024-02-10T18:14:35.137+0000] {logging_mixin.py:188} INFO - [2024-02-10T18:14:35.136+0000] {dagbag.py:538} INFO - Filling up the DagBag from /home/airflow/.local/lib/python3.8/site-packages/airflow/example_dags/example_short_circuit_decorator.py
[2024-02-10T18:14:35.147+0000] {processor.py:840} INFO - DAG(s) 'example_short_circuit_decorator' retrieved from /home/airflow/.local/lib/python3.8/site-packages/airflow/example_dags/example_short_circuit_decorator.py
[2024-02-10T18:14:35.176+0000] {logging_mixin.py:188} INFO - [2024-02-10T18:14:35.176+0000] {dag.py:3036} INFO - Sync 1 DAGs
[2024-02-10T18:14:35.204+0000] {logging_mixin.py:188} INFO - [2024-02-10T18:14:35.203+0000] {dag.py:3823} INFO - Setting next_dagrun for example_short_circuit_decorator to 2024-02-09 00:00:00+00:00, run_after=2024-02-10 00:00:00+00:00
[2024-02-10T18:14:35.229+0000] {processor.py:183} INFO - Processing /home/airflow/.local/lib/python3.8/site-packages/airflow/example_dags/example_short_circuit_decorator.py took 0.099 seconds
[2024-02-10T18:15:05.372+0000] {processor.py:161} INFO - Started process (PID=3540) to work on /home/airflow/.local/lib/python3.8/site-packages/airflow/example_dags/example_short_circuit_decorator.py
[2024-02-10T18:15:05.373+0000] {processor.py:830} INFO - Processing file /home/airflow/.local/lib/python3.8/site-packages/airflow/example_dags/example_short_circuit_decorator.py for tasks to queue
[2024-02-10T18:15:05.375+0000] {logging_mixin.py:188} INFO - [2024-02-10T18:15:05.375+0000] {dagbag.py:538} INFO - Filling up the DagBag from /home/airflow/.local/lib/python3.8/site-packages/airflow/example_dags/example_short_circuit_decorator.py
[2024-02-10T18:15:05.393+0000] {processor.py:840} INFO - DAG(s) 'example_short_circuit_decorator' retrieved from /home/airflow/.local/lib/python3.8/site-packages/airflow/example_dags/example_short_circuit_decorator.py
[2024-02-10T18:15:05.477+0000] {logging_mixin.py:188} INFO - [2024-02-10T18:15:05.477+0000] {dag.py:3036} INFO - Sync 1 DAGs
[2024-02-10T18:15:05.525+0000] {logging_mixin.py:188} INFO - [2024-02-10T18:15:05.523+0000] {dag.py:3823} INFO - Setting next_dagrun for example_short_circuit_decorator to 2024-02-09 00:00:00+00:00, run_after=2024-02-10 00:00:00+00:00
[2024-02-10T18:15:05.557+0000] {processor.py:183} INFO - Processing /home/airflow/.local/lib/python3.8/site-packages/airflow/example_dags/example_short_circuit_decorator.py took 0.197 seconds
[2024-02-10T18:15:36.008+0000] {processor.py:161} INFO - Started process (PID=3595) to work on /home/airflow/.local/lib/python3.8/site-packages/airflow/example_dags/example_short_circuit_decorator.py
[2024-02-10T18:15:36.009+0000] {processor.py:830} INFO - Processing file /home/airflow/.local/lib/python3.8/site-packages/airflow/example_dags/example_short_circuit_decorator.py for tasks to queue
[2024-02-10T18:15:36.010+0000] {logging_mixin.py:188} INFO - [2024-02-10T18:15:36.010+0000] {dagbag.py:538} INFO - Filling up the DagBag from /home/airflow/.local/lib/python3.8/site-packages/airflow/example_dags/example_short_circuit_decorator.py
[2024-02-10T18:15:36.021+0000] {processor.py:840} INFO - DAG(s) 'example_short_circuit_decorator' retrieved from /home/airflow/.local/lib/python3.8/site-packages/airflow/example_dags/example_short_circuit_decorator.py
[2024-02-10T18:15:36.049+0000] {logging_mixin.py:188} INFO - [2024-02-10T18:15:36.049+0000] {dag.py:3036} INFO - Sync 1 DAGs
[2024-02-10T18:15:36.072+0000] {logging_mixin.py:188} INFO - [2024-02-10T18:15:36.072+0000] {dag.py:3823} INFO - Setting next_dagrun for example_short_circuit_decorator to 2024-02-09 00:00:00+00:00, run_after=2024-02-10 00:00:00+00:00
[2024-02-10T18:15:36.103+0000] {processor.py:183} INFO - Processing /home/airflow/.local/lib/python3.8/site-packages/airflow/example_dags/example_short_circuit_decorator.py took 0.098 seconds
[2024-02-10T18:16:06.296+0000] {processor.py:161} INFO - Started process (PID=3651) to work on /home/airflow/.local/lib/python3.8/site-packages/airflow/example_dags/example_short_circuit_decorator.py
[2024-02-10T18:16:06.297+0000] {processor.py:830} INFO - Processing file /home/airflow/.local/lib/python3.8/site-packages/airflow/example_dags/example_short_circuit_decorator.py for tasks to queue
[2024-02-10T18:16:06.299+0000] {logging_mixin.py:188} INFO - [2024-02-10T18:16:06.299+0000] {dagbag.py:538} INFO - Filling up the DagBag from /home/airflow/.local/lib/python3.8/site-packages/airflow/example_dags/example_short_circuit_decorator.py
[2024-02-10T18:16:06.316+0000] {processor.py:840} INFO - DAG(s) 'example_short_circuit_decorator' retrieved from /home/airflow/.local/lib/python3.8/site-packages/airflow/example_dags/example_short_circuit_decorator.py
[2024-02-10T18:16:06.345+0000] {logging_mixin.py:188} INFO - [2024-02-10T18:16:06.345+0000] {dag.py:3036} INFO - Sync 1 DAGs
[2024-02-10T18:16:06.417+0000] {logging_mixin.py:188} INFO - [2024-02-10T18:16:06.417+0000] {dag.py:3823} INFO - Setting next_dagrun for example_short_circuit_decorator to 2024-02-09 00:00:00+00:00, run_after=2024-02-10 00:00:00+00:00
[2024-02-10T18:16:06.445+0000] {processor.py:183} INFO - Processing /home/airflow/.local/lib/python3.8/site-packages/airflow/example_dags/example_short_circuit_decorator.py took 0.152 seconds
