[2024-02-10T17:43:07.011+0000] {processor.py:161} INFO - Started process (PID=62) to work on /home/airflow/.local/lib/python3.8/site-packages/airflow/example_dags/example_xcomargs.py
[2024-02-10T17:43:07.012+0000] {processor.py:830} INFO - Processing file /home/airflow/.local/lib/python3.8/site-packages/airflow/example_dags/example_xcomargs.py for tasks to queue
[2024-02-10T17:43:07.018+0000] {logging_mixin.py:188} INFO - [2024-02-10T17:43:07.018+0000] {dagbag.py:538} INFO - Filling up the DagBag from /home/airflow/.local/lib/python3.8/site-packages/airflow/example_dags/example_xcomargs.py
[2024-02-10T17:43:07.057+0000] {processor.py:840} INFO - DAG(s) 'example_xcom_args', 'example_xcom_args_with_operators' retrieved from /home/airflow/.local/lib/python3.8/site-packages/airflow/example_dags/example_xcomargs.py
[2024-02-10T17:43:07.651+0000] {logging_mixin.py:188} INFO - [2024-02-10T17:43:07.651+0000] {dag.py:3036} INFO - Sync 2 DAGs
[2024-02-10T17:43:07.700+0000] {logging_mixin.py:188} INFO - [2024-02-10T17:43:07.700+0000] {dag.py:3823} INFO - Setting next_dagrun for example_xcom_args to None, run_after=None
[2024-02-10T17:43:07.711+0000] {logging_mixin.py:188} INFO - [2024-02-10T17:43:07.710+0000] {dag.py:3823} INFO - Setting next_dagrun for example_xcom_args_with_operators to None, run_after=None
[2024-02-10T17:43:07.783+0000] {processor.py:183} INFO - Processing /home/airflow/.local/lib/python3.8/site-packages/airflow/example_dags/example_xcomargs.py took 0.789 seconds
[2024-02-10T17:43:38.585+0000] {processor.py:161} INFO - Started process (PID=117) to work on /home/airflow/.local/lib/python3.8/site-packages/airflow/example_dags/example_xcomargs.py
[2024-02-10T17:43:38.587+0000] {processor.py:830} INFO - Processing file /home/airflow/.local/lib/python3.8/site-packages/airflow/example_dags/example_xcomargs.py for tasks to queue
[2024-02-10T17:43:38.588+0000] {logging_mixin.py:188} INFO - [2024-02-10T17:43:38.588+0000] {dagbag.py:538} INFO - Filling up the DagBag from /home/airflow/.local/lib/python3.8/site-packages/airflow/example_dags/example_xcomargs.py
[2024-02-10T17:43:38.597+0000] {processor.py:840} INFO - DAG(s) 'example_xcom_args_with_operators', 'example_xcom_args' retrieved from /home/airflow/.local/lib/python3.8/site-packages/airflow/example_dags/example_xcomargs.py
[2024-02-10T17:43:38.629+0000] {logging_mixin.py:188} INFO - [2024-02-10T17:43:38.628+0000] {dag.py:3036} INFO - Sync 2 DAGs
[2024-02-10T17:43:38.649+0000] {logging_mixin.py:188} INFO - [2024-02-10T17:43:38.648+0000] {dag.py:3823} INFO - Setting next_dagrun for example_xcom_args to None, run_after=None
[2024-02-10T17:43:38.652+0000] {logging_mixin.py:188} INFO - [2024-02-10T17:43:38.652+0000] {dag.py:3823} INFO - Setting next_dagrun for example_xcom_args_with_operators to None, run_after=None
[2024-02-10T17:43:38.674+0000] {processor.py:183} INFO - Processing /home/airflow/.local/lib/python3.8/site-packages/airflow/example_dags/example_xcomargs.py took 0.092 seconds
[2024-02-10T17:44:08.951+0000] {processor.py:161} INFO - Started process (PID=172) to work on /home/airflow/.local/lib/python3.8/site-packages/airflow/example_dags/example_xcomargs.py
[2024-02-10T17:44:08.952+0000] {processor.py:830} INFO - Processing file /home/airflow/.local/lib/python3.8/site-packages/airflow/example_dags/example_xcomargs.py for tasks to queue
[2024-02-10T17:44:08.954+0000] {logging_mixin.py:188} INFO - [2024-02-10T17:44:08.953+0000] {dagbag.py:538} INFO - Filling up the DagBag from /home/airflow/.local/lib/python3.8/site-packages/airflow/example_dags/example_xcomargs.py
[2024-02-10T17:44:08.963+0000] {processor.py:840} INFO - DAG(s) 'example_xcom_args_with_operators', 'example_xcom_args' retrieved from /home/airflow/.local/lib/python3.8/site-packages/airflow/example_dags/example_xcomargs.py
[2024-02-10T17:44:08.994+0000] {logging_mixin.py:188} INFO - [2024-02-10T17:44:08.994+0000] {dag.py:3036} INFO - Sync 2 DAGs
[2024-02-10T17:44:09.009+0000] {logging_mixin.py:188} INFO - [2024-02-10T17:44:09.009+0000] {dag.py:3823} INFO - Setting next_dagrun for example_xcom_args to None, run_after=None
[2024-02-10T17:44:09.013+0000] {logging_mixin.py:188} INFO - [2024-02-10T17:44:09.013+0000] {dag.py:3823} INFO - Setting next_dagrun for example_xcom_args_with_operators to None, run_after=None
[2024-02-10T17:44:09.036+0000] {processor.py:183} INFO - Processing /home/airflow/.local/lib/python3.8/site-packages/airflow/example_dags/example_xcomargs.py took 0.088 seconds
[2024-02-10T17:44:39.572+0000] {processor.py:161} INFO - Started process (PID=227) to work on /home/airflow/.local/lib/python3.8/site-packages/airflow/example_dags/example_xcomargs.py
[2024-02-10T17:44:39.573+0000] {processor.py:830} INFO - Processing file /home/airflow/.local/lib/python3.8/site-packages/airflow/example_dags/example_xcomargs.py for tasks to queue
[2024-02-10T17:44:39.575+0000] {logging_mixin.py:188} INFO - [2024-02-10T17:44:39.574+0000] {dagbag.py:538} INFO - Filling up the DagBag from /home/airflow/.local/lib/python3.8/site-packages/airflow/example_dags/example_xcomargs.py
[2024-02-10T17:44:39.584+0000] {processor.py:840} INFO - DAG(s) 'example_xcom_args', 'example_xcom_args_with_operators' retrieved from /home/airflow/.local/lib/python3.8/site-packages/airflow/example_dags/example_xcomargs.py
[2024-02-10T17:44:39.611+0000] {logging_mixin.py:188} INFO - [2024-02-10T17:44:39.611+0000] {dag.py:3036} INFO - Sync 2 DAGs
[2024-02-10T17:44:39.626+0000] {logging_mixin.py:188} INFO - [2024-02-10T17:44:39.626+0000] {dag.py:3823} INFO - Setting next_dagrun for example_xcom_args to None, run_after=None
[2024-02-10T17:44:39.630+0000] {logging_mixin.py:188} INFO - [2024-02-10T17:44:39.629+0000] {dag.py:3823} INFO - Setting next_dagrun for example_xcom_args_with_operators to None, run_after=None
[2024-02-10T17:44:39.653+0000] {processor.py:183} INFO - Processing /home/airflow/.local/lib/python3.8/site-packages/airflow/example_dags/example_xcomargs.py took 0.084 seconds
[2024-02-10T17:45:10.060+0000] {processor.py:161} INFO - Started process (PID=282) to work on /home/airflow/.local/lib/python3.8/site-packages/airflow/example_dags/example_xcomargs.py
[2024-02-10T17:45:10.061+0000] {processor.py:830} INFO - Processing file /home/airflow/.local/lib/python3.8/site-packages/airflow/example_dags/example_xcomargs.py for tasks to queue
[2024-02-10T17:45:10.062+0000] {logging_mixin.py:188} INFO - [2024-02-10T17:45:10.062+0000] {dagbag.py:538} INFO - Filling up the DagBag from /home/airflow/.local/lib/python3.8/site-packages/airflow/example_dags/example_xcomargs.py
[2024-02-10T17:45:10.071+0000] {processor.py:840} INFO - DAG(s) 'example_xcom_args', 'example_xcom_args_with_operators' retrieved from /home/airflow/.local/lib/python3.8/site-packages/airflow/example_dags/example_xcomargs.py
[2024-02-10T17:45:10.097+0000] {logging_mixin.py:188} INFO - [2024-02-10T17:45:10.097+0000] {dag.py:3036} INFO - Sync 2 DAGs
[2024-02-10T17:45:10.112+0000] {logging_mixin.py:188} INFO - [2024-02-10T17:45:10.112+0000] {dag.py:3823} INFO - Setting next_dagrun for example_xcom_args to None, run_after=None
[2024-02-10T17:45:10.116+0000] {logging_mixin.py:188} INFO - [2024-02-10T17:45:10.115+0000] {dag.py:3823} INFO - Setting next_dagrun for example_xcom_args_with_operators to None, run_after=None
[2024-02-10T17:45:10.146+0000] {processor.py:183} INFO - Processing /home/airflow/.local/lib/python3.8/site-packages/airflow/example_dags/example_xcomargs.py took 0.090 seconds
[2024-02-10T17:45:40.463+0000] {processor.py:161} INFO - Started process (PID=336) to work on /home/airflow/.local/lib/python3.8/site-packages/airflow/example_dags/example_xcomargs.py
[2024-02-10T17:45:40.464+0000] {processor.py:830} INFO - Processing file /home/airflow/.local/lib/python3.8/site-packages/airflow/example_dags/example_xcomargs.py for tasks to queue
[2024-02-10T17:45:40.465+0000] {logging_mixin.py:188} INFO - [2024-02-10T17:45:40.465+0000] {dagbag.py:538} INFO - Filling up the DagBag from /home/airflow/.local/lib/python3.8/site-packages/airflow/example_dags/example_xcomargs.py
[2024-02-10T17:45:40.474+0000] {processor.py:840} INFO - DAG(s) 'example_xcom_args_with_operators', 'example_xcom_args' retrieved from /home/airflow/.local/lib/python3.8/site-packages/airflow/example_dags/example_xcomargs.py
[2024-02-10T17:45:40.502+0000] {logging_mixin.py:188} INFO - [2024-02-10T17:45:40.501+0000] {dag.py:3036} INFO - Sync 2 DAGs
[2024-02-10T17:45:40.517+0000] {logging_mixin.py:188} INFO - [2024-02-10T17:45:40.517+0000] {dag.py:3823} INFO - Setting next_dagrun for example_xcom_args to None, run_after=None
[2024-02-10T17:45:40.522+0000] {logging_mixin.py:188} INFO - [2024-02-10T17:45:40.522+0000] {dag.py:3823} INFO - Setting next_dagrun for example_xcom_args_with_operators to None, run_after=None
[2024-02-10T17:45:40.544+0000] {processor.py:183} INFO - Processing /home/airflow/.local/lib/python3.8/site-packages/airflow/example_dags/example_xcomargs.py took 0.084 seconds
[2024-02-10T17:46:10.609+0000] {processor.py:161} INFO - Started process (PID=392) to work on /home/airflow/.local/lib/python3.8/site-packages/airflow/example_dags/example_xcomargs.py
[2024-02-10T17:46:10.614+0000] {processor.py:830} INFO - Processing file /home/airflow/.local/lib/python3.8/site-packages/airflow/example_dags/example_xcomargs.py for tasks to queue
[2024-02-10T17:46:10.616+0000] {logging_mixin.py:188} INFO - [2024-02-10T17:46:10.616+0000] {dagbag.py:538} INFO - Filling up the DagBag from /home/airflow/.local/lib/python3.8/site-packages/airflow/example_dags/example_xcomargs.py
[2024-02-10T17:46:10.633+0000] {processor.py:840} INFO - DAG(s) 'example_xcom_args_with_operators', 'example_xcom_args' retrieved from /home/airflow/.local/lib/python3.8/site-packages/airflow/example_dags/example_xcomargs.py
[2024-02-10T17:46:10.714+0000] {logging_mixin.py:188} INFO - [2024-02-10T17:46:10.714+0000] {dag.py:3036} INFO - Sync 2 DAGs
[2024-02-10T17:46:10.738+0000] {logging_mixin.py:188} INFO - [2024-02-10T17:46:10.738+0000] {dag.py:3823} INFO - Setting next_dagrun for example_xcom_args to None, run_after=None
[2024-02-10T17:46:10.749+0000] {logging_mixin.py:188} INFO - [2024-02-10T17:46:10.748+0000] {dag.py:3823} INFO - Setting next_dagrun for example_xcom_args_with_operators to None, run_after=None
[2024-02-10T17:46:10.783+0000] {processor.py:183} INFO - Processing /home/airflow/.local/lib/python3.8/site-packages/airflow/example_dags/example_xcomargs.py took 0.182 seconds
[2024-02-10T17:46:41.817+0000] {processor.py:161} INFO - Started process (PID=448) to work on /home/airflow/.local/lib/python3.8/site-packages/airflow/example_dags/example_xcomargs.py
[2024-02-10T17:46:41.818+0000] {processor.py:830} INFO - Processing file /home/airflow/.local/lib/python3.8/site-packages/airflow/example_dags/example_xcomargs.py for tasks to queue
[2024-02-10T17:46:41.822+0000] {logging_mixin.py:188} INFO - [2024-02-10T17:46:41.822+0000] {dagbag.py:538} INFO - Filling up the DagBag from /home/airflow/.local/lib/python3.8/site-packages/airflow/example_dags/example_xcomargs.py
[2024-02-10T17:46:41.832+0000] {processor.py:840} INFO - DAG(s) 'example_xcom_args', 'example_xcom_args_with_operators' retrieved from /home/airflow/.local/lib/python3.8/site-packages/airflow/example_dags/example_xcomargs.py
[2024-02-10T17:46:41.863+0000] {logging_mixin.py:188} INFO - [2024-02-10T17:46:41.863+0000] {dag.py:3036} INFO - Sync 2 DAGs
[2024-02-10T17:46:41.878+0000] {logging_mixin.py:188} INFO - [2024-02-10T17:46:41.877+0000] {dag.py:3823} INFO - Setting next_dagrun for example_xcom_args to None, run_after=None
[2024-02-10T17:46:41.881+0000] {logging_mixin.py:188} INFO - [2024-02-10T17:46:41.881+0000] {dag.py:3823} INFO - Setting next_dagrun for example_xcom_args_with_operators to None, run_after=None
[2024-02-10T17:46:41.933+0000] {processor.py:183} INFO - Processing /home/airflow/.local/lib/python3.8/site-packages/airflow/example_dags/example_xcomargs.py took 0.127 seconds
[2024-02-10T17:47:12.090+0000] {processor.py:161} INFO - Started process (PID=504) to work on /home/airflow/.local/lib/python3.8/site-packages/airflow/example_dags/example_xcomargs.py
[2024-02-10T17:47:12.091+0000] {processor.py:830} INFO - Processing file /home/airflow/.local/lib/python3.8/site-packages/airflow/example_dags/example_xcomargs.py for tasks to queue
[2024-02-10T17:47:12.093+0000] {logging_mixin.py:188} INFO - [2024-02-10T17:47:12.093+0000] {dagbag.py:538} INFO - Filling up the DagBag from /home/airflow/.local/lib/python3.8/site-packages/airflow/example_dags/example_xcomargs.py
[2024-02-10T17:47:12.102+0000] {processor.py:840} INFO - DAG(s) 'example_xcom_args', 'example_xcom_args_with_operators' retrieved from /home/airflow/.local/lib/python3.8/site-packages/airflow/example_dags/example_xcomargs.py
[2024-02-10T17:47:12.127+0000] {logging_mixin.py:188} INFO - [2024-02-10T17:47:12.127+0000] {dag.py:3036} INFO - Sync 2 DAGs
[2024-02-10T17:47:12.140+0000] {logging_mixin.py:188} INFO - [2024-02-10T17:47:12.140+0000] {dag.py:3823} INFO - Setting next_dagrun for example_xcom_args to None, run_after=None
[2024-02-10T17:47:12.144+0000] {logging_mixin.py:188} INFO - [2024-02-10T17:47:12.144+0000] {dag.py:3823} INFO - Setting next_dagrun for example_xcom_args_with_operators to None, run_after=None
[2024-02-10T17:47:12.166+0000] {processor.py:183} INFO - Processing /home/airflow/.local/lib/python3.8/site-packages/airflow/example_dags/example_xcomargs.py took 0.079 seconds
[2024-02-10T17:47:42.357+0000] {processor.py:161} INFO - Started process (PID=559) to work on /home/airflow/.local/lib/python3.8/site-packages/airflow/example_dags/example_xcomargs.py
[2024-02-10T17:47:42.358+0000] {processor.py:830} INFO - Processing file /home/airflow/.local/lib/python3.8/site-packages/airflow/example_dags/example_xcomargs.py for tasks to queue
[2024-02-10T17:47:42.360+0000] {logging_mixin.py:188} INFO - [2024-02-10T17:47:42.360+0000] {dagbag.py:538} INFO - Filling up the DagBag from /home/airflow/.local/lib/python3.8/site-packages/airflow/example_dags/example_xcomargs.py
[2024-02-10T17:47:42.369+0000] {processor.py:840} INFO - DAG(s) 'example_xcom_args_with_operators', 'example_xcom_args' retrieved from /home/airflow/.local/lib/python3.8/site-packages/airflow/example_dags/example_xcomargs.py
[2024-02-10T17:47:42.395+0000] {logging_mixin.py:188} INFO - [2024-02-10T17:47:42.394+0000] {dag.py:3036} INFO - Sync 2 DAGs
[2024-02-10T17:47:42.409+0000] {logging_mixin.py:188} INFO - [2024-02-10T17:47:42.408+0000] {dag.py:3823} INFO - Setting next_dagrun for example_xcom_args to None, run_after=None
[2024-02-10T17:47:42.412+0000] {logging_mixin.py:188} INFO - [2024-02-10T17:47:42.412+0000] {dag.py:3823} INFO - Setting next_dagrun for example_xcom_args_with_operators to None, run_after=None
[2024-02-10T17:47:42.433+0000] {processor.py:183} INFO - Processing /home/airflow/.local/lib/python3.8/site-packages/airflow/example_dags/example_xcomargs.py took 0.080 seconds
[2024-02-10T17:48:12.645+0000] {processor.py:161} INFO - Started process (PID=616) to work on /home/airflow/.local/lib/python3.8/site-packages/airflow/example_dags/example_xcomargs.py
[2024-02-10T17:48:12.646+0000] {processor.py:830} INFO - Processing file /home/airflow/.local/lib/python3.8/site-packages/airflow/example_dags/example_xcomargs.py for tasks to queue
[2024-02-10T17:48:12.647+0000] {logging_mixin.py:188} INFO - [2024-02-10T17:48:12.647+0000] {dagbag.py:538} INFO - Filling up the DagBag from /home/airflow/.local/lib/python3.8/site-packages/airflow/example_dags/example_xcomargs.py
[2024-02-10T17:48:12.654+0000] {processor.py:840} INFO - DAG(s) 'example_xcom_args_with_operators', 'example_xcom_args' retrieved from /home/airflow/.local/lib/python3.8/site-packages/airflow/example_dags/example_xcomargs.py
[2024-02-10T17:48:12.672+0000] {logging_mixin.py:188} INFO - [2024-02-10T17:48:12.672+0000] {dag.py:3036} INFO - Sync 2 DAGs
[2024-02-10T17:48:12.681+0000] {logging_mixin.py:188} INFO - [2024-02-10T17:48:12.681+0000] {dag.py:3823} INFO - Setting next_dagrun for example_xcom_args to None, run_after=None
[2024-02-10T17:48:12.684+0000] {logging_mixin.py:188} INFO - [2024-02-10T17:48:12.684+0000] {dag.py:3823} INFO - Setting next_dagrun for example_xcom_args_with_operators to None, run_after=None
[2024-02-10T17:48:12.706+0000] {processor.py:183} INFO - Processing /home/airflow/.local/lib/python3.8/site-packages/airflow/example_dags/example_xcomargs.py took 0.063 seconds
[2024-02-10T17:48:43.503+0000] {processor.py:161} INFO - Started process (PID=673) to work on /home/airflow/.local/lib/python3.8/site-packages/airflow/example_dags/example_xcomargs.py
[2024-02-10T17:48:43.504+0000] {processor.py:830} INFO - Processing file /home/airflow/.local/lib/python3.8/site-packages/airflow/example_dags/example_xcomargs.py for tasks to queue
[2024-02-10T17:48:43.505+0000] {logging_mixin.py:188} INFO - [2024-02-10T17:48:43.505+0000] {dagbag.py:538} INFO - Filling up the DagBag from /home/airflow/.local/lib/python3.8/site-packages/airflow/example_dags/example_xcomargs.py
[2024-02-10T17:48:43.514+0000] {processor.py:840} INFO - DAG(s) 'example_xcom_args_with_operators', 'example_xcom_args' retrieved from /home/airflow/.local/lib/python3.8/site-packages/airflow/example_dags/example_xcomargs.py
[2024-02-10T17:48:43.541+0000] {logging_mixin.py:188} INFO - [2024-02-10T17:48:43.541+0000] {dag.py:3036} INFO - Sync 2 DAGs
[2024-02-10T17:48:43.556+0000] {logging_mixin.py:188} INFO - [2024-02-10T17:48:43.556+0000] {dag.py:3823} INFO - Setting next_dagrun for example_xcom_args to None, run_after=None
[2024-02-10T17:48:43.560+0000] {logging_mixin.py:188} INFO - [2024-02-10T17:48:43.560+0000] {dag.py:3823} INFO - Setting next_dagrun for example_xcom_args_with_operators to None, run_after=None
[2024-02-10T17:48:43.584+0000] {processor.py:183} INFO - Processing /home/airflow/.local/lib/python3.8/site-packages/airflow/example_dags/example_xcomargs.py took 0.084 seconds
[2024-02-10T17:49:14.056+0000] {processor.py:161} INFO - Started process (PID=728) to work on /home/airflow/.local/lib/python3.8/site-packages/airflow/example_dags/example_xcomargs.py
[2024-02-10T17:49:14.057+0000] {processor.py:830} INFO - Processing file /home/airflow/.local/lib/python3.8/site-packages/airflow/example_dags/example_xcomargs.py for tasks to queue
[2024-02-10T17:49:14.059+0000] {logging_mixin.py:188} INFO - [2024-02-10T17:49:14.058+0000] {dagbag.py:538} INFO - Filling up the DagBag from /home/airflow/.local/lib/python3.8/site-packages/airflow/example_dags/example_xcomargs.py
[2024-02-10T17:49:14.068+0000] {processor.py:840} INFO - DAG(s) 'example_xcom_args_with_operators', 'example_xcom_args' retrieved from /home/airflow/.local/lib/python3.8/site-packages/airflow/example_dags/example_xcomargs.py
[2024-02-10T17:49:14.094+0000] {logging_mixin.py:188} INFO - [2024-02-10T17:49:14.094+0000] {dag.py:3036} INFO - Sync 2 DAGs
[2024-02-10T17:49:14.106+0000] {logging_mixin.py:188} INFO - [2024-02-10T17:49:14.106+0000] {dag.py:3823} INFO - Setting next_dagrun for example_xcom_args to None, run_after=None
[2024-02-10T17:49:14.110+0000] {logging_mixin.py:188} INFO - [2024-02-10T17:49:14.110+0000] {dag.py:3823} INFO - Setting next_dagrun for example_xcom_args_with_operators to None, run_after=None
[2024-02-10T17:49:14.132+0000] {processor.py:183} INFO - Processing /home/airflow/.local/lib/python3.8/site-packages/airflow/example_dags/example_xcomargs.py took 0.079 seconds
[2024-02-10T17:49:44.387+0000] {processor.py:161} INFO - Started process (PID=783) to work on /home/airflow/.local/lib/python3.8/site-packages/airflow/example_dags/example_xcomargs.py
[2024-02-10T17:49:44.388+0000] {processor.py:830} INFO - Processing file /home/airflow/.local/lib/python3.8/site-packages/airflow/example_dags/example_xcomargs.py for tasks to queue
[2024-02-10T17:49:44.390+0000] {logging_mixin.py:188} INFO - [2024-02-10T17:49:44.390+0000] {dagbag.py:538} INFO - Filling up the DagBag from /home/airflow/.local/lib/python3.8/site-packages/airflow/example_dags/example_xcomargs.py
[2024-02-10T17:49:44.399+0000] {processor.py:840} INFO - DAG(s) 'example_xcom_args', 'example_xcom_args_with_operators' retrieved from /home/airflow/.local/lib/python3.8/site-packages/airflow/example_dags/example_xcomargs.py
[2024-02-10T17:49:44.423+0000] {logging_mixin.py:188} INFO - [2024-02-10T17:49:44.423+0000] {dag.py:3036} INFO - Sync 2 DAGs
[2024-02-10T17:49:44.438+0000] {logging_mixin.py:188} INFO - [2024-02-10T17:49:44.437+0000] {dag.py:3823} INFO - Setting next_dagrun for example_xcom_args to None, run_after=None
[2024-02-10T17:49:44.441+0000] {logging_mixin.py:188} INFO - [2024-02-10T17:49:44.441+0000] {dag.py:3823} INFO - Setting next_dagrun for example_xcom_args_with_operators to None, run_after=None
[2024-02-10T17:49:44.465+0000] {processor.py:183} INFO - Processing /home/airflow/.local/lib/python3.8/site-packages/airflow/example_dags/example_xcomargs.py took 0.082 seconds
[2024-02-10T17:50:15.199+0000] {processor.py:161} INFO - Started process (PID=838) to work on /home/airflow/.local/lib/python3.8/site-packages/airflow/example_dags/example_xcomargs.py
[2024-02-10T17:50:15.200+0000] {processor.py:830} INFO - Processing file /home/airflow/.local/lib/python3.8/site-packages/airflow/example_dags/example_xcomargs.py for tasks to queue
[2024-02-10T17:50:15.202+0000] {logging_mixin.py:188} INFO - [2024-02-10T17:50:15.202+0000] {dagbag.py:538} INFO - Filling up the DagBag from /home/airflow/.local/lib/python3.8/site-packages/airflow/example_dags/example_xcomargs.py
[2024-02-10T17:50:15.211+0000] {processor.py:840} INFO - DAG(s) 'example_xcom_args', 'example_xcom_args_with_operators' retrieved from /home/airflow/.local/lib/python3.8/site-packages/airflow/example_dags/example_xcomargs.py
[2024-02-10T17:50:15.237+0000] {logging_mixin.py:188} INFO - [2024-02-10T17:50:15.236+0000] {dag.py:3036} INFO - Sync 2 DAGs
[2024-02-10T17:50:15.252+0000] {logging_mixin.py:188} INFO - [2024-02-10T17:50:15.252+0000] {dag.py:3823} INFO - Setting next_dagrun for example_xcom_args to None, run_after=None
[2024-02-10T17:50:15.256+0000] {logging_mixin.py:188} INFO - [2024-02-10T17:50:15.256+0000] {dag.py:3823} INFO - Setting next_dagrun for example_xcom_args_with_operators to None, run_after=None
[2024-02-10T17:50:15.283+0000] {processor.py:183} INFO - Processing /home/airflow/.local/lib/python3.8/site-packages/airflow/example_dags/example_xcomargs.py took 0.087 seconds
[2024-02-10T17:50:46.375+0000] {processor.py:161} INFO - Started process (PID=893) to work on /home/airflow/.local/lib/python3.8/site-packages/airflow/example_dags/example_xcomargs.py
[2024-02-10T17:50:46.376+0000] {processor.py:830} INFO - Processing file /home/airflow/.local/lib/python3.8/site-packages/airflow/example_dags/example_xcomargs.py for tasks to queue
[2024-02-10T17:50:46.378+0000] {logging_mixin.py:188} INFO - [2024-02-10T17:50:46.377+0000] {dagbag.py:538} INFO - Filling up the DagBag from /home/airflow/.local/lib/python3.8/site-packages/airflow/example_dags/example_xcomargs.py
[2024-02-10T17:50:46.389+0000] {processor.py:840} INFO - DAG(s) 'example_xcom_args', 'example_xcom_args_with_operators' retrieved from /home/airflow/.local/lib/python3.8/site-packages/airflow/example_dags/example_xcomargs.py
[2024-02-10T17:50:46.417+0000] {logging_mixin.py:188} INFO - [2024-02-10T17:50:46.416+0000] {dag.py:3036} INFO - Sync 2 DAGs
[2024-02-10T17:50:46.434+0000] {logging_mixin.py:188} INFO - [2024-02-10T17:50:46.434+0000] {dag.py:3823} INFO - Setting next_dagrun for example_xcom_args to None, run_after=None
[2024-02-10T17:50:46.437+0000] {logging_mixin.py:188} INFO - [2024-02-10T17:50:46.437+0000] {dag.py:3823} INFO - Setting next_dagrun for example_xcom_args_with_operators to None, run_after=None
[2024-02-10T17:50:46.458+0000] {processor.py:183} INFO - Processing /home/airflow/.local/lib/python3.8/site-packages/airflow/example_dags/example_xcomargs.py took 0.087 seconds
[2024-02-10T17:51:16.677+0000] {processor.py:161} INFO - Started process (PID=948) to work on /home/airflow/.local/lib/python3.8/site-packages/airflow/example_dags/example_xcomargs.py
[2024-02-10T17:51:16.678+0000] {processor.py:830} INFO - Processing file /home/airflow/.local/lib/python3.8/site-packages/airflow/example_dags/example_xcomargs.py for tasks to queue
[2024-02-10T17:51:16.680+0000] {logging_mixin.py:188} INFO - [2024-02-10T17:51:16.679+0000] {dagbag.py:538} INFO - Filling up the DagBag from /home/airflow/.local/lib/python3.8/site-packages/airflow/example_dags/example_xcomargs.py
[2024-02-10T17:51:16.689+0000] {processor.py:840} INFO - DAG(s) 'example_xcom_args_with_operators', 'example_xcom_args' retrieved from /home/airflow/.local/lib/python3.8/site-packages/airflow/example_dags/example_xcomargs.py
[2024-02-10T17:51:16.714+0000] {logging_mixin.py:188} INFO - [2024-02-10T17:51:16.713+0000] {dag.py:3036} INFO - Sync 2 DAGs
[2024-02-10T17:51:16.727+0000] {logging_mixin.py:188} INFO - [2024-02-10T17:51:16.727+0000] {dag.py:3823} INFO - Setting next_dagrun for example_xcom_args to None, run_after=None
[2024-02-10T17:51:16.731+0000] {logging_mixin.py:188} INFO - [2024-02-10T17:51:16.731+0000] {dag.py:3823} INFO - Setting next_dagrun for example_xcom_args_with_operators to None, run_after=None
[2024-02-10T17:51:16.751+0000] {processor.py:183} INFO - Processing /home/airflow/.local/lib/python3.8/site-packages/airflow/example_dags/example_xcomargs.py took 0.078 seconds
[2024-02-10T17:51:48.209+0000] {processor.py:161} INFO - Started process (PID=1009) to work on /home/airflow/.local/lib/python3.8/site-packages/airflow/example_dags/example_xcomargs.py
[2024-02-10T17:51:48.210+0000] {processor.py:830} INFO - Processing file /home/airflow/.local/lib/python3.8/site-packages/airflow/example_dags/example_xcomargs.py for tasks to queue
[2024-02-10T17:51:48.211+0000] {logging_mixin.py:188} INFO - [2024-02-10T17:51:48.211+0000] {dagbag.py:538} INFO - Filling up the DagBag from /home/airflow/.local/lib/python3.8/site-packages/airflow/example_dags/example_xcomargs.py
[2024-02-10T17:51:48.238+0000] {processor.py:840} INFO - DAG(s) 'example_xcom_args_with_operators', 'example_xcom_args' retrieved from /home/airflow/.local/lib/python3.8/site-packages/airflow/example_dags/example_xcomargs.py
[2024-02-10T17:51:48.275+0000] {logging_mixin.py:188} INFO - [2024-02-10T17:51:48.275+0000] {dag.py:3036} INFO - Sync 2 DAGs
[2024-02-10T17:51:48.290+0000] {logging_mixin.py:188} INFO - [2024-02-10T17:51:48.290+0000] {dag.py:3823} INFO - Setting next_dagrun for example_xcom_args to None, run_after=None
[2024-02-10T17:51:48.294+0000] {logging_mixin.py:188} INFO - [2024-02-10T17:51:48.293+0000] {dag.py:3823} INFO - Setting next_dagrun for example_xcom_args_with_operators to None, run_after=None
[2024-02-10T17:51:48.325+0000] {processor.py:183} INFO - Processing /home/airflow/.local/lib/python3.8/site-packages/airflow/example_dags/example_xcomargs.py took 0.128 seconds
[2024-02-10T17:52:19.385+0000] {processor.py:161} INFO - Started process (PID=1064) to work on /home/airflow/.local/lib/python3.8/site-packages/airflow/example_dags/example_xcomargs.py
[2024-02-10T17:52:19.392+0000] {processor.py:830} INFO - Processing file /home/airflow/.local/lib/python3.8/site-packages/airflow/example_dags/example_xcomargs.py for tasks to queue
[2024-02-10T17:52:19.393+0000] {logging_mixin.py:188} INFO - [2024-02-10T17:52:19.393+0000] {dagbag.py:538} INFO - Filling up the DagBag from /home/airflow/.local/lib/python3.8/site-packages/airflow/example_dags/example_xcomargs.py
[2024-02-10T17:52:19.420+0000] {processor.py:840} INFO - DAG(s) 'example_xcom_args_with_operators', 'example_xcom_args' retrieved from /home/airflow/.local/lib/python3.8/site-packages/airflow/example_dags/example_xcomargs.py
[2024-02-10T17:52:19.461+0000] {logging_mixin.py:188} INFO - [2024-02-10T17:52:19.460+0000] {dag.py:3036} INFO - Sync 2 DAGs
[2024-02-10T17:52:19.475+0000] {logging_mixin.py:188} INFO - [2024-02-10T17:52:19.475+0000] {dag.py:3823} INFO - Setting next_dagrun for example_xcom_args to None, run_after=None
[2024-02-10T17:52:19.479+0000] {logging_mixin.py:188} INFO - [2024-02-10T17:52:19.479+0000] {dag.py:3823} INFO - Setting next_dagrun for example_xcom_args_with_operators to None, run_after=None
[2024-02-10T17:52:19.531+0000] {processor.py:183} INFO - Processing /home/airflow/.local/lib/python3.8/site-packages/airflow/example_dags/example_xcomargs.py took 0.159 seconds
[2024-02-10T17:52:50.266+0000] {processor.py:161} INFO - Started process (PID=1119) to work on /home/airflow/.local/lib/python3.8/site-packages/airflow/example_dags/example_xcomargs.py
[2024-02-10T17:52:50.268+0000] {processor.py:830} INFO - Processing file /home/airflow/.local/lib/python3.8/site-packages/airflow/example_dags/example_xcomargs.py for tasks to queue
[2024-02-10T17:52:50.269+0000] {logging_mixin.py:188} INFO - [2024-02-10T17:52:50.269+0000] {dagbag.py:538} INFO - Filling up the DagBag from /home/airflow/.local/lib/python3.8/site-packages/airflow/example_dags/example_xcomargs.py
[2024-02-10T17:52:50.276+0000] {processor.py:840} INFO - DAG(s) 'example_xcom_args', 'example_xcom_args_with_operators' retrieved from /home/airflow/.local/lib/python3.8/site-packages/airflow/example_dags/example_xcomargs.py
[2024-02-10T17:52:50.301+0000] {logging_mixin.py:188} INFO - [2024-02-10T17:52:50.301+0000] {dag.py:3036} INFO - Sync 2 DAGs
[2024-02-10T17:52:50.322+0000] {logging_mixin.py:188} INFO - [2024-02-10T17:52:50.322+0000] {dag.py:3823} INFO - Setting next_dagrun for example_xcom_args to None, run_after=None
[2024-02-10T17:52:50.331+0000] {logging_mixin.py:188} INFO - [2024-02-10T17:52:50.331+0000] {dag.py:3823} INFO - Setting next_dagrun for example_xcom_args_with_operators to None, run_after=None
[2024-02-10T17:52:50.359+0000] {processor.py:183} INFO - Processing /home/airflow/.local/lib/python3.8/site-packages/airflow/example_dags/example_xcomargs.py took 0.097 seconds
[2024-02-10T17:53:20.475+0000] {processor.py:161} INFO - Started process (PID=1174) to work on /home/airflow/.local/lib/python3.8/site-packages/airflow/example_dags/example_xcomargs.py
[2024-02-10T17:53:20.475+0000] {processor.py:830} INFO - Processing file /home/airflow/.local/lib/python3.8/site-packages/airflow/example_dags/example_xcomargs.py for tasks to queue
[2024-02-10T17:53:20.477+0000] {logging_mixin.py:188} INFO - [2024-02-10T17:53:20.477+0000] {dagbag.py:538} INFO - Filling up the DagBag from /home/airflow/.local/lib/python3.8/site-packages/airflow/example_dags/example_xcomargs.py
[2024-02-10T17:53:20.486+0000] {processor.py:840} INFO - DAG(s) 'example_xcom_args', 'example_xcom_args_with_operators' retrieved from /home/airflow/.local/lib/python3.8/site-packages/airflow/example_dags/example_xcomargs.py
[2024-02-10T17:53:20.513+0000] {logging_mixin.py:188} INFO - [2024-02-10T17:53:20.513+0000] {dag.py:3036} INFO - Sync 2 DAGs
[2024-02-10T17:53:20.528+0000] {logging_mixin.py:188} INFO - [2024-02-10T17:53:20.528+0000] {dag.py:3823} INFO - Setting next_dagrun for example_xcom_args to None, run_after=None
[2024-02-10T17:53:20.533+0000] {logging_mixin.py:188} INFO - [2024-02-10T17:53:20.532+0000] {dag.py:3823} INFO - Setting next_dagrun for example_xcom_args_with_operators to None, run_after=None
[2024-02-10T17:53:20.556+0000] {processor.py:183} INFO - Processing /home/airflow/.local/lib/python3.8/site-packages/airflow/example_dags/example_xcomargs.py took 0.085 seconds
[2024-02-10T17:53:51.213+0000] {processor.py:161} INFO - Started process (PID=1230) to work on /home/airflow/.local/lib/python3.8/site-packages/airflow/example_dags/example_xcomargs.py
[2024-02-10T17:53:51.215+0000] {processor.py:830} INFO - Processing file /home/airflow/.local/lib/python3.8/site-packages/airflow/example_dags/example_xcomargs.py for tasks to queue
[2024-02-10T17:53:51.217+0000] {logging_mixin.py:188} INFO - [2024-02-10T17:53:51.216+0000] {dagbag.py:538} INFO - Filling up the DagBag from /home/airflow/.local/lib/python3.8/site-packages/airflow/example_dags/example_xcomargs.py
[2024-02-10T17:53:51.225+0000] {processor.py:840} INFO - DAG(s) 'example_xcom_args', 'example_xcom_args_with_operators' retrieved from /home/airflow/.local/lib/python3.8/site-packages/airflow/example_dags/example_xcomargs.py
[2024-02-10T17:53:51.251+0000] {logging_mixin.py:188} INFO - [2024-02-10T17:53:51.251+0000] {dag.py:3036} INFO - Sync 2 DAGs
[2024-02-10T17:53:51.266+0000] {logging_mixin.py:188} INFO - [2024-02-10T17:53:51.266+0000] {dag.py:3823} INFO - Setting next_dagrun for example_xcom_args to None, run_after=None
[2024-02-10T17:53:51.270+0000] {logging_mixin.py:188} INFO - [2024-02-10T17:53:51.270+0000] {dag.py:3823} INFO - Setting next_dagrun for example_xcom_args_with_operators to None, run_after=None
[2024-02-10T17:53:51.291+0000] {processor.py:183} INFO - Processing /home/airflow/.local/lib/python3.8/site-packages/airflow/example_dags/example_xcomargs.py took 0.081 seconds
[2024-02-10T17:54:21.420+0000] {processor.py:161} INFO - Started process (PID=1286) to work on /home/airflow/.local/lib/python3.8/site-packages/airflow/example_dags/example_xcomargs.py
[2024-02-10T17:54:21.421+0000] {processor.py:830} INFO - Processing file /home/airflow/.local/lib/python3.8/site-packages/airflow/example_dags/example_xcomargs.py for tasks to queue
[2024-02-10T17:54:21.423+0000] {logging_mixin.py:188} INFO - [2024-02-10T17:54:21.422+0000] {dagbag.py:538} INFO - Filling up the DagBag from /home/airflow/.local/lib/python3.8/site-packages/airflow/example_dags/example_xcomargs.py
[2024-02-10T17:54:21.432+0000] {processor.py:840} INFO - DAG(s) 'example_xcom_args', 'example_xcom_args_with_operators' retrieved from /home/airflow/.local/lib/python3.8/site-packages/airflow/example_dags/example_xcomargs.py
[2024-02-10T17:54:21.458+0000] {logging_mixin.py:188} INFO - [2024-02-10T17:54:21.457+0000] {dag.py:3036} INFO - Sync 2 DAGs
[2024-02-10T17:54:21.472+0000] {logging_mixin.py:188} INFO - [2024-02-10T17:54:21.472+0000] {dag.py:3823} INFO - Setting next_dagrun for example_xcom_args to None, run_after=None
[2024-02-10T17:54:21.476+0000] {logging_mixin.py:188} INFO - [2024-02-10T17:54:21.476+0000] {dag.py:3823} INFO - Setting next_dagrun for example_xcom_args_with_operators to None, run_after=None
[2024-02-10T17:54:21.500+0000] {processor.py:183} INFO - Processing /home/airflow/.local/lib/python3.8/site-packages/airflow/example_dags/example_xcomargs.py took 0.083 seconds
[2024-02-10T17:54:51.930+0000] {processor.py:161} INFO - Started process (PID=1341) to work on /home/airflow/.local/lib/python3.8/site-packages/airflow/example_dags/example_xcomargs.py
[2024-02-10T17:54:51.931+0000] {processor.py:830} INFO - Processing file /home/airflow/.local/lib/python3.8/site-packages/airflow/example_dags/example_xcomargs.py for tasks to queue
[2024-02-10T17:54:51.933+0000] {logging_mixin.py:188} INFO - [2024-02-10T17:54:51.933+0000] {dagbag.py:538} INFO - Filling up the DagBag from /home/airflow/.local/lib/python3.8/site-packages/airflow/example_dags/example_xcomargs.py
[2024-02-10T17:54:51.941+0000] {processor.py:840} INFO - DAG(s) 'example_xcom_args_with_operators', 'example_xcom_args' retrieved from /home/airflow/.local/lib/python3.8/site-packages/airflow/example_dags/example_xcomargs.py
[2024-02-10T17:54:51.965+0000] {logging_mixin.py:188} INFO - [2024-02-10T17:54:51.965+0000] {dag.py:3036} INFO - Sync 2 DAGs
[2024-02-10T17:54:51.978+0000] {logging_mixin.py:188} INFO - [2024-02-10T17:54:51.978+0000] {dag.py:3823} INFO - Setting next_dagrun for example_xcom_args to None, run_after=None
[2024-02-10T17:54:51.983+0000] {logging_mixin.py:188} INFO - [2024-02-10T17:54:51.983+0000] {dag.py:3823} INFO - Setting next_dagrun for example_xcom_args_with_operators to None, run_after=None
[2024-02-10T17:54:52.006+0000] {processor.py:183} INFO - Processing /home/airflow/.local/lib/python3.8/site-packages/airflow/example_dags/example_xcomargs.py took 0.080 seconds
[2024-02-10T17:55:22.344+0000] {processor.py:161} INFO - Started process (PID=1396) to work on /home/airflow/.local/lib/python3.8/site-packages/airflow/example_dags/example_xcomargs.py
[2024-02-10T17:55:22.345+0000] {processor.py:830} INFO - Processing file /home/airflow/.local/lib/python3.8/site-packages/airflow/example_dags/example_xcomargs.py for tasks to queue
[2024-02-10T17:55:22.347+0000] {logging_mixin.py:188} INFO - [2024-02-10T17:55:22.346+0000] {dagbag.py:538} INFO - Filling up the DagBag from /home/airflow/.local/lib/python3.8/site-packages/airflow/example_dags/example_xcomargs.py
[2024-02-10T17:55:22.356+0000] {processor.py:840} INFO - DAG(s) 'example_xcom_args_with_operators', 'example_xcom_args' retrieved from /home/airflow/.local/lib/python3.8/site-packages/airflow/example_dags/example_xcomargs.py
[2024-02-10T17:55:22.385+0000] {logging_mixin.py:188} INFO - [2024-02-10T17:55:22.384+0000] {dag.py:3036} INFO - Sync 2 DAGs
[2024-02-10T17:55:22.399+0000] {logging_mixin.py:188} INFO - [2024-02-10T17:55:22.399+0000] {dag.py:3823} INFO - Setting next_dagrun for example_xcom_args to None, run_after=None
[2024-02-10T17:55:22.403+0000] {logging_mixin.py:188} INFO - [2024-02-10T17:55:22.403+0000] {dag.py:3823} INFO - Setting next_dagrun for example_xcom_args_with_operators to None, run_after=None
[2024-02-10T17:55:22.423+0000] {processor.py:183} INFO - Processing /home/airflow/.local/lib/python3.8/site-packages/airflow/example_dags/example_xcomargs.py took 0.082 seconds
[2024-02-10T17:55:52.752+0000] {processor.py:161} INFO - Started process (PID=1452) to work on /home/airflow/.local/lib/python3.8/site-packages/airflow/example_dags/example_xcomargs.py
[2024-02-10T17:55:52.753+0000] {processor.py:830} INFO - Processing file /home/airflow/.local/lib/python3.8/site-packages/airflow/example_dags/example_xcomargs.py for tasks to queue
[2024-02-10T17:55:52.755+0000] {logging_mixin.py:188} INFO - [2024-02-10T17:55:52.755+0000] {dagbag.py:538} INFO - Filling up the DagBag from /home/airflow/.local/lib/python3.8/site-packages/airflow/example_dags/example_xcomargs.py
[2024-02-10T17:55:52.764+0000] {processor.py:840} INFO - DAG(s) 'example_xcom_args', 'example_xcom_args_with_operators' retrieved from /home/airflow/.local/lib/python3.8/site-packages/airflow/example_dags/example_xcomargs.py
[2024-02-10T17:55:52.792+0000] {logging_mixin.py:188} INFO - [2024-02-10T17:55:52.792+0000] {dag.py:3036} INFO - Sync 2 DAGs
[2024-02-10T17:55:52.807+0000] {logging_mixin.py:188} INFO - [2024-02-10T17:55:52.807+0000] {dag.py:3823} INFO - Setting next_dagrun for example_xcom_args to None, run_after=None
[2024-02-10T17:55:52.811+0000] {logging_mixin.py:188} INFO - [2024-02-10T17:55:52.810+0000] {dag.py:3823} INFO - Setting next_dagrun for example_xcom_args_with_operators to None, run_after=None
[2024-02-10T17:55:52.834+0000] {processor.py:183} INFO - Processing /home/airflow/.local/lib/python3.8/site-packages/airflow/example_dags/example_xcomargs.py took 0.085 seconds
[2024-02-10T17:56:23.105+0000] {processor.py:161} INFO - Started process (PID=1508) to work on /home/airflow/.local/lib/python3.8/site-packages/airflow/example_dags/example_xcomargs.py
[2024-02-10T17:56:23.111+0000] {processor.py:830} INFO - Processing file /home/airflow/.local/lib/python3.8/site-packages/airflow/example_dags/example_xcomargs.py for tasks to queue
[2024-02-10T17:56:23.120+0000] {logging_mixin.py:188} INFO - [2024-02-10T17:56:23.116+0000] {dagbag.py:538} INFO - Filling up the DagBag from /home/airflow/.local/lib/python3.8/site-packages/airflow/example_dags/example_xcomargs.py
[2024-02-10T17:56:23.136+0000] {processor.py:840} INFO - DAG(s) 'example_xcom_args_with_operators', 'example_xcom_args' retrieved from /home/airflow/.local/lib/python3.8/site-packages/airflow/example_dags/example_xcomargs.py
[2024-02-10T17:56:23.229+0000] {logging_mixin.py:188} INFO - [2024-02-10T17:56:23.229+0000] {dag.py:3036} INFO - Sync 2 DAGs
[2024-02-10T17:56:23.262+0000] {logging_mixin.py:188} INFO - [2024-02-10T17:56:23.262+0000] {dag.py:3823} INFO - Setting next_dagrun for example_xcom_args to None, run_after=None
[2024-02-10T17:56:23.278+0000] {logging_mixin.py:188} INFO - [2024-02-10T17:56:23.278+0000] {dag.py:3823} INFO - Setting next_dagrun for example_xcom_args_with_operators to None, run_after=None
[2024-02-10T17:56:23.314+0000] {processor.py:183} INFO - Processing /home/airflow/.local/lib/python3.8/site-packages/airflow/example_dags/example_xcomargs.py took 0.213 seconds
[2024-02-10T17:56:53.911+0000] {processor.py:161} INFO - Started process (PID=1564) to work on /home/airflow/.local/lib/python3.8/site-packages/airflow/example_dags/example_xcomargs.py
[2024-02-10T17:56:53.912+0000] {processor.py:830} INFO - Processing file /home/airflow/.local/lib/python3.8/site-packages/airflow/example_dags/example_xcomargs.py for tasks to queue
[2024-02-10T17:56:53.914+0000] {logging_mixin.py:188} INFO - [2024-02-10T17:56:53.913+0000] {dagbag.py:538} INFO - Filling up the DagBag from /home/airflow/.local/lib/python3.8/site-packages/airflow/example_dags/example_xcomargs.py
[2024-02-10T17:56:53.924+0000] {processor.py:840} INFO - DAG(s) 'example_xcom_args', 'example_xcom_args_with_operators' retrieved from /home/airflow/.local/lib/python3.8/site-packages/airflow/example_dags/example_xcomargs.py
[2024-02-10T17:56:53.949+0000] {logging_mixin.py:188} INFO - [2024-02-10T17:56:53.948+0000] {dag.py:3036} INFO - Sync 2 DAGs
[2024-02-10T17:56:53.962+0000] {logging_mixin.py:188} INFO - [2024-02-10T17:56:53.962+0000] {dag.py:3823} INFO - Setting next_dagrun for example_xcom_args to None, run_after=None
[2024-02-10T17:56:53.966+0000] {logging_mixin.py:188} INFO - [2024-02-10T17:56:53.965+0000] {dag.py:3823} INFO - Setting next_dagrun for example_xcom_args_with_operators to None, run_after=None
[2024-02-10T17:56:53.988+0000] {processor.py:183} INFO - Processing /home/airflow/.local/lib/python3.8/site-packages/airflow/example_dags/example_xcomargs.py took 0.081 seconds
[2024-02-10T17:57:24.360+0000] {processor.py:161} INFO - Started process (PID=1619) to work on /home/airflow/.local/lib/python3.8/site-packages/airflow/example_dags/example_xcomargs.py
[2024-02-10T17:57:24.361+0000] {processor.py:830} INFO - Processing file /home/airflow/.local/lib/python3.8/site-packages/airflow/example_dags/example_xcomargs.py for tasks to queue
[2024-02-10T17:57:24.363+0000] {logging_mixin.py:188} INFO - [2024-02-10T17:57:24.363+0000] {dagbag.py:538} INFO - Filling up the DagBag from /home/airflow/.local/lib/python3.8/site-packages/airflow/example_dags/example_xcomargs.py
[2024-02-10T17:57:24.371+0000] {processor.py:840} INFO - DAG(s) 'example_xcom_args_with_operators', 'example_xcom_args' retrieved from /home/airflow/.local/lib/python3.8/site-packages/airflow/example_dags/example_xcomargs.py
[2024-02-10T17:57:24.397+0000] {logging_mixin.py:188} INFO - [2024-02-10T17:57:24.397+0000] {dag.py:3036} INFO - Sync 2 DAGs
[2024-02-10T17:57:24.431+0000] {logging_mixin.py:188} INFO - [2024-02-10T17:57:24.431+0000] {dag.py:3823} INFO - Setting next_dagrun for example_xcom_args to None, run_after=None
[2024-02-10T17:57:24.439+0000] {logging_mixin.py:188} INFO - [2024-02-10T17:57:24.438+0000] {dag.py:3823} INFO - Setting next_dagrun for example_xcom_args_with_operators to None, run_after=None
[2024-02-10T17:57:24.465+0000] {processor.py:183} INFO - Processing /home/airflow/.local/lib/python3.8/site-packages/airflow/example_dags/example_xcomargs.py took 0.109 seconds
[2024-02-10T17:57:54.696+0000] {processor.py:161} INFO - Started process (PID=1674) to work on /home/airflow/.local/lib/python3.8/site-packages/airflow/example_dags/example_xcomargs.py
[2024-02-10T17:57:54.697+0000] {processor.py:830} INFO - Processing file /home/airflow/.local/lib/python3.8/site-packages/airflow/example_dags/example_xcomargs.py for tasks to queue
[2024-02-10T17:57:54.698+0000] {logging_mixin.py:188} INFO - [2024-02-10T17:57:54.698+0000] {dagbag.py:538} INFO - Filling up the DagBag from /home/airflow/.local/lib/python3.8/site-packages/airflow/example_dags/example_xcomargs.py
[2024-02-10T17:57:54.708+0000] {processor.py:840} INFO - DAG(s) 'example_xcom_args_with_operators', 'example_xcom_args' retrieved from /home/airflow/.local/lib/python3.8/site-packages/airflow/example_dags/example_xcomargs.py
[2024-02-10T17:57:54.742+0000] {logging_mixin.py:188} INFO - [2024-02-10T17:57:54.741+0000] {dag.py:3036} INFO - Sync 2 DAGs
[2024-02-10T17:57:54.760+0000] {logging_mixin.py:188} INFO - [2024-02-10T17:57:54.760+0000] {dag.py:3823} INFO - Setting next_dagrun for example_xcom_args to None, run_after=None
[2024-02-10T17:57:54.764+0000] {logging_mixin.py:188} INFO - [2024-02-10T17:57:54.764+0000] {dag.py:3823} INFO - Setting next_dagrun for example_xcom_args_with_operators to None, run_after=None
[2024-02-10T17:57:54.803+0000] {processor.py:183} INFO - Processing /home/airflow/.local/lib/python3.8/site-packages/airflow/example_dags/example_xcomargs.py took 0.110 seconds
[2024-02-10T17:58:25.553+0000] {processor.py:161} INFO - Started process (PID=1730) to work on /home/airflow/.local/lib/python3.8/site-packages/airflow/example_dags/example_xcomargs.py
[2024-02-10T17:58:25.570+0000] {processor.py:830} INFO - Processing file /home/airflow/.local/lib/python3.8/site-packages/airflow/example_dags/example_xcomargs.py for tasks to queue
[2024-02-10T17:58:25.572+0000] {logging_mixin.py:188} INFO - [2024-02-10T17:58:25.571+0000] {dagbag.py:538} INFO - Filling up the DagBag from /home/airflow/.local/lib/python3.8/site-packages/airflow/example_dags/example_xcomargs.py
[2024-02-10T17:58:25.603+0000] {processor.py:840} INFO - DAG(s) 'example_xcom_args', 'example_xcom_args_with_operators' retrieved from /home/airflow/.local/lib/python3.8/site-packages/airflow/example_dags/example_xcomargs.py
[2024-02-10T17:58:25.701+0000] {logging_mixin.py:188} INFO - [2024-02-10T17:58:25.700+0000] {dag.py:3036} INFO - Sync 2 DAGs
[2024-02-10T17:58:25.742+0000] {logging_mixin.py:188} INFO - [2024-02-10T17:58:25.736+0000] {dag.py:3823} INFO - Setting next_dagrun for example_xcom_args to None, run_after=None
[2024-02-10T17:58:25.746+0000] {logging_mixin.py:188} INFO - [2024-02-10T17:58:25.746+0000] {dag.py:3823} INFO - Setting next_dagrun for example_xcom_args_with_operators to None, run_after=None
[2024-02-10T17:58:25.789+0000] {processor.py:183} INFO - Processing /home/airflow/.local/lib/python3.8/site-packages/airflow/example_dags/example_xcomargs.py took 0.255 seconds
[2024-02-10T17:58:56.087+0000] {processor.py:161} INFO - Started process (PID=1784) to work on /home/airflow/.local/lib/python3.8/site-packages/airflow/example_dags/example_xcomargs.py
[2024-02-10T17:58:56.091+0000] {processor.py:830} INFO - Processing file /home/airflow/.local/lib/python3.8/site-packages/airflow/example_dags/example_xcomargs.py for tasks to queue
[2024-02-10T17:58:56.094+0000] {logging_mixin.py:188} INFO - [2024-02-10T17:58:56.094+0000] {dagbag.py:538} INFO - Filling up the DagBag from /home/airflow/.local/lib/python3.8/site-packages/airflow/example_dags/example_xcomargs.py
[2024-02-10T17:58:56.116+0000] {processor.py:840} INFO - DAG(s) 'example_xcom_args_with_operators', 'example_xcom_args' retrieved from /home/airflow/.local/lib/python3.8/site-packages/airflow/example_dags/example_xcomargs.py
[2024-02-10T17:58:56.175+0000] {logging_mixin.py:188} INFO - [2024-02-10T17:58:56.174+0000] {dag.py:3036} INFO - Sync 2 DAGs
[2024-02-10T17:58:56.203+0000] {logging_mixin.py:188} INFO - [2024-02-10T17:58:56.203+0000] {dag.py:3823} INFO - Setting next_dagrun for example_xcom_args to None, run_after=None
[2024-02-10T17:58:56.226+0000] {logging_mixin.py:188} INFO - [2024-02-10T17:58:56.226+0000] {dag.py:3823} INFO - Setting next_dagrun for example_xcom_args_with_operators to None, run_after=None
[2024-02-10T17:58:56.266+0000] {processor.py:183} INFO - Processing /home/airflow/.local/lib/python3.8/site-packages/airflow/example_dags/example_xcomargs.py took 0.192 seconds
[2024-02-10T17:59:26.675+0000] {processor.py:161} INFO - Started process (PID=1839) to work on /home/airflow/.local/lib/python3.8/site-packages/airflow/example_dags/example_xcomargs.py
[2024-02-10T17:59:26.675+0000] {processor.py:830} INFO - Processing file /home/airflow/.local/lib/python3.8/site-packages/airflow/example_dags/example_xcomargs.py for tasks to queue
[2024-02-10T17:59:26.677+0000] {logging_mixin.py:188} INFO - [2024-02-10T17:59:26.677+0000] {dagbag.py:538} INFO - Filling up the DagBag from /home/airflow/.local/lib/python3.8/site-packages/airflow/example_dags/example_xcomargs.py
[2024-02-10T17:59:26.686+0000] {processor.py:840} INFO - DAG(s) 'example_xcom_args_with_operators', 'example_xcom_args' retrieved from /home/airflow/.local/lib/python3.8/site-packages/airflow/example_dags/example_xcomargs.py
[2024-02-10T17:59:26.770+0000] {logging_mixin.py:188} INFO - [2024-02-10T17:59:26.770+0000] {dag.py:3036} INFO - Sync 2 DAGs
[2024-02-10T17:59:26.803+0000] {logging_mixin.py:188} INFO - [2024-02-10T17:59:26.803+0000] {dag.py:3823} INFO - Setting next_dagrun for example_xcom_args to None, run_after=None
[2024-02-10T17:59:26.809+0000] {logging_mixin.py:188} INFO - [2024-02-10T17:59:26.809+0000] {dag.py:3823} INFO - Setting next_dagrun for example_xcom_args_with_operators to None, run_after=None
[2024-02-10T17:59:26.857+0000] {processor.py:183} INFO - Processing /home/airflow/.local/lib/python3.8/site-packages/airflow/example_dags/example_xcomargs.py took 0.186 seconds
[2024-02-10T17:59:57.879+0000] {processor.py:161} INFO - Started process (PID=1894) to work on /home/airflow/.local/lib/python3.8/site-packages/airflow/example_dags/example_xcomargs.py
[2024-02-10T17:59:57.880+0000] {processor.py:830} INFO - Processing file /home/airflow/.local/lib/python3.8/site-packages/airflow/example_dags/example_xcomargs.py for tasks to queue
[2024-02-10T17:59:57.881+0000] {logging_mixin.py:188} INFO - [2024-02-10T17:59:57.881+0000] {dagbag.py:538} INFO - Filling up the DagBag from /home/airflow/.local/lib/python3.8/site-packages/airflow/example_dags/example_xcomargs.py
[2024-02-10T17:59:57.890+0000] {processor.py:840} INFO - DAG(s) 'example_xcom_args_with_operators', 'example_xcom_args' retrieved from /home/airflow/.local/lib/python3.8/site-packages/airflow/example_dags/example_xcomargs.py
[2024-02-10T17:59:57.916+0000] {logging_mixin.py:188} INFO - [2024-02-10T17:59:57.916+0000] {dag.py:3036} INFO - Sync 2 DAGs
[2024-02-10T17:59:57.931+0000] {logging_mixin.py:188} INFO - [2024-02-10T17:59:57.931+0000] {dag.py:3823} INFO - Setting next_dagrun for example_xcom_args to None, run_after=None
[2024-02-10T17:59:57.935+0000] {logging_mixin.py:188} INFO - [2024-02-10T17:59:57.934+0000] {dag.py:3823} INFO - Setting next_dagrun for example_xcom_args_with_operators to None, run_after=None
[2024-02-10T17:59:57.957+0000] {processor.py:183} INFO - Processing /home/airflow/.local/lib/python3.8/site-packages/airflow/example_dags/example_xcomargs.py took 0.081 seconds
[2024-02-10T18:00:28.077+0000] {processor.py:161} INFO - Started process (PID=1949) to work on /home/airflow/.local/lib/python3.8/site-packages/airflow/example_dags/example_xcomargs.py
[2024-02-10T18:00:28.078+0000] {processor.py:830} INFO - Processing file /home/airflow/.local/lib/python3.8/site-packages/airflow/example_dags/example_xcomargs.py for tasks to queue
[2024-02-10T18:00:28.079+0000] {logging_mixin.py:188} INFO - [2024-02-10T18:00:28.079+0000] {dagbag.py:538} INFO - Filling up the DagBag from /home/airflow/.local/lib/python3.8/site-packages/airflow/example_dags/example_xcomargs.py
[2024-02-10T18:00:28.088+0000] {processor.py:840} INFO - DAG(s) 'example_xcom_args_with_operators', 'example_xcom_args' retrieved from /home/airflow/.local/lib/python3.8/site-packages/airflow/example_dags/example_xcomargs.py
[2024-02-10T18:00:28.115+0000] {logging_mixin.py:188} INFO - [2024-02-10T18:00:28.115+0000] {dag.py:3036} INFO - Sync 2 DAGs
[2024-02-10T18:00:28.131+0000] {logging_mixin.py:188} INFO - [2024-02-10T18:00:28.131+0000] {dag.py:3823} INFO - Setting next_dagrun for example_xcom_args to None, run_after=None
[2024-02-10T18:00:28.135+0000] {logging_mixin.py:188} INFO - [2024-02-10T18:00:28.134+0000] {dag.py:3823} INFO - Setting next_dagrun for example_xcom_args_with_operators to None, run_after=None
[2024-02-10T18:00:28.156+0000] {processor.py:183} INFO - Processing /home/airflow/.local/lib/python3.8/site-packages/airflow/example_dags/example_xcomargs.py took 0.083 seconds
[2024-02-10T18:00:58.341+0000] {processor.py:161} INFO - Started process (PID=2004) to work on /home/airflow/.local/lib/python3.8/site-packages/airflow/example_dags/example_xcomargs.py
[2024-02-10T18:00:58.342+0000] {processor.py:830} INFO - Processing file /home/airflow/.local/lib/python3.8/site-packages/airflow/example_dags/example_xcomargs.py for tasks to queue
[2024-02-10T18:00:58.344+0000] {logging_mixin.py:188} INFO - [2024-02-10T18:00:58.344+0000] {dagbag.py:538} INFO - Filling up the DagBag from /home/airflow/.local/lib/python3.8/site-packages/airflow/example_dags/example_xcomargs.py
[2024-02-10T18:00:58.353+0000] {processor.py:840} INFO - DAG(s) 'example_xcom_args', 'example_xcom_args_with_operators' retrieved from /home/airflow/.local/lib/python3.8/site-packages/airflow/example_dags/example_xcomargs.py
[2024-02-10T18:00:58.380+0000] {logging_mixin.py:188} INFO - [2024-02-10T18:00:58.380+0000] {dag.py:3036} INFO - Sync 2 DAGs
[2024-02-10T18:00:58.395+0000] {logging_mixin.py:188} INFO - [2024-02-10T18:00:58.394+0000] {dag.py:3823} INFO - Setting next_dagrun for example_xcom_args to None, run_after=None
[2024-02-10T18:00:58.398+0000] {logging_mixin.py:188} INFO - [2024-02-10T18:00:58.398+0000] {dag.py:3823} INFO - Setting next_dagrun for example_xcom_args_with_operators to None, run_after=None
[2024-02-10T18:00:58.421+0000] {processor.py:183} INFO - Processing /home/airflow/.local/lib/python3.8/site-packages/airflow/example_dags/example_xcomargs.py took 0.083 seconds
[2024-02-10T18:01:28.912+0000] {processor.py:161} INFO - Started process (PID=2059) to work on /home/airflow/.local/lib/python3.8/site-packages/airflow/example_dags/example_xcomargs.py
[2024-02-10T18:01:28.913+0000] {processor.py:830} INFO - Processing file /home/airflow/.local/lib/python3.8/site-packages/airflow/example_dags/example_xcomargs.py for tasks to queue
[2024-02-10T18:01:28.915+0000] {logging_mixin.py:188} INFO - [2024-02-10T18:01:28.915+0000] {dagbag.py:538} INFO - Filling up the DagBag from /home/airflow/.local/lib/python3.8/site-packages/airflow/example_dags/example_xcomargs.py
[2024-02-10T18:01:28.926+0000] {processor.py:840} INFO - DAG(s) 'example_xcom_args', 'example_xcom_args_with_operators' retrieved from /home/airflow/.local/lib/python3.8/site-packages/airflow/example_dags/example_xcomargs.py
[2024-02-10T18:01:28.956+0000] {logging_mixin.py:188} INFO - [2024-02-10T18:01:28.956+0000] {dag.py:3036} INFO - Sync 2 DAGs
[2024-02-10T18:01:28.971+0000] {logging_mixin.py:188} INFO - [2024-02-10T18:01:28.971+0000] {dag.py:3823} INFO - Setting next_dagrun for example_xcom_args to None, run_after=None
[2024-02-10T18:01:28.975+0000] {logging_mixin.py:188} INFO - [2024-02-10T18:01:28.975+0000] {dag.py:3823} INFO - Setting next_dagrun for example_xcom_args_with_operators to None, run_after=None
[2024-02-10T18:01:29.005+0000] {processor.py:183} INFO - Processing /home/airflow/.local/lib/python3.8/site-packages/airflow/example_dags/example_xcomargs.py took 0.096 seconds
[2024-02-10T18:01:59.095+0000] {processor.py:161} INFO - Started process (PID=2114) to work on /home/airflow/.local/lib/python3.8/site-packages/airflow/example_dags/example_xcomargs.py
[2024-02-10T18:01:59.096+0000] {processor.py:830} INFO - Processing file /home/airflow/.local/lib/python3.8/site-packages/airflow/example_dags/example_xcomargs.py for tasks to queue
[2024-02-10T18:01:59.097+0000] {logging_mixin.py:188} INFO - [2024-02-10T18:01:59.097+0000] {dagbag.py:538} INFO - Filling up the DagBag from /home/airflow/.local/lib/python3.8/site-packages/airflow/example_dags/example_xcomargs.py
[2024-02-10T18:01:59.107+0000] {processor.py:840} INFO - DAG(s) 'example_xcom_args', 'example_xcom_args_with_operators' retrieved from /home/airflow/.local/lib/python3.8/site-packages/airflow/example_dags/example_xcomargs.py
[2024-02-10T18:01:59.137+0000] {logging_mixin.py:188} INFO - [2024-02-10T18:01:59.137+0000] {dag.py:3036} INFO - Sync 2 DAGs
[2024-02-10T18:01:59.152+0000] {logging_mixin.py:188} INFO - [2024-02-10T18:01:59.152+0000] {dag.py:3823} INFO - Setting next_dagrun for example_xcom_args to None, run_after=None
[2024-02-10T18:01:59.156+0000] {logging_mixin.py:188} INFO - [2024-02-10T18:01:59.155+0000] {dag.py:3823} INFO - Setting next_dagrun for example_xcom_args_with_operators to None, run_after=None
[2024-02-10T18:01:59.177+0000] {processor.py:183} INFO - Processing /home/airflow/.local/lib/python3.8/site-packages/airflow/example_dags/example_xcomargs.py took 0.085 seconds
[2024-02-10T18:02:29.537+0000] {processor.py:161} INFO - Started process (PID=2169) to work on /home/airflow/.local/lib/python3.8/site-packages/airflow/example_dags/example_xcomargs.py
[2024-02-10T18:02:29.537+0000] {processor.py:830} INFO - Processing file /home/airflow/.local/lib/python3.8/site-packages/airflow/example_dags/example_xcomargs.py for tasks to queue
[2024-02-10T18:02:29.539+0000] {logging_mixin.py:188} INFO - [2024-02-10T18:02:29.539+0000] {dagbag.py:538} INFO - Filling up the DagBag from /home/airflow/.local/lib/python3.8/site-packages/airflow/example_dags/example_xcomargs.py
[2024-02-10T18:02:29.549+0000] {processor.py:840} INFO - DAG(s) 'example_xcom_args', 'example_xcom_args_with_operators' retrieved from /home/airflow/.local/lib/python3.8/site-packages/airflow/example_dags/example_xcomargs.py
[2024-02-10T18:02:29.576+0000] {logging_mixin.py:188} INFO - [2024-02-10T18:02:29.575+0000] {dag.py:3036} INFO - Sync 2 DAGs
[2024-02-10T18:02:29.591+0000] {logging_mixin.py:188} INFO - [2024-02-10T18:02:29.591+0000] {dag.py:3823} INFO - Setting next_dagrun for example_xcom_args to None, run_after=None
[2024-02-10T18:02:29.595+0000] {logging_mixin.py:188} INFO - [2024-02-10T18:02:29.595+0000] {dag.py:3823} INFO - Setting next_dagrun for example_xcom_args_with_operators to None, run_after=None
[2024-02-10T18:02:29.617+0000] {processor.py:183} INFO - Processing /home/airflow/.local/lib/python3.8/site-packages/airflow/example_dags/example_xcomargs.py took 0.083 seconds
[2024-02-10T18:02:59.989+0000] {processor.py:161} INFO - Started process (PID=2225) to work on /home/airflow/.local/lib/python3.8/site-packages/airflow/example_dags/example_xcomargs.py
[2024-02-10T18:02:59.991+0000] {processor.py:830} INFO - Processing file /home/airflow/.local/lib/python3.8/site-packages/airflow/example_dags/example_xcomargs.py for tasks to queue
[2024-02-10T18:02:59.994+0000] {logging_mixin.py:188} INFO - [2024-02-10T18:02:59.994+0000] {dagbag.py:538} INFO - Filling up the DagBag from /home/airflow/.local/lib/python3.8/site-packages/airflow/example_dags/example_xcomargs.py
[2024-02-10T18:03:00.009+0000] {processor.py:840} INFO - DAG(s) 'example_xcom_args', 'example_xcom_args_with_operators' retrieved from /home/airflow/.local/lib/python3.8/site-packages/airflow/example_dags/example_xcomargs.py
[2024-02-10T18:03:00.074+0000] {logging_mixin.py:188} INFO - [2024-02-10T18:03:00.074+0000] {dag.py:3036} INFO - Sync 2 DAGs
[2024-02-10T18:03:00.102+0000] {logging_mixin.py:188} INFO - [2024-02-10T18:03:00.102+0000] {dag.py:3823} INFO - Setting next_dagrun for example_xcom_args to None, run_after=None
[2024-02-10T18:03:00.105+0000] {logging_mixin.py:188} INFO - [2024-02-10T18:03:00.105+0000] {dag.py:3823} INFO - Setting next_dagrun for example_xcom_args_with_operators to None, run_after=None
[2024-02-10T18:03:00.135+0000] {processor.py:183} INFO - Processing /home/airflow/.local/lib/python3.8/site-packages/airflow/example_dags/example_xcomargs.py took 0.153 seconds
[2024-02-10T18:03:30.612+0000] {processor.py:161} INFO - Started process (PID=2280) to work on /home/airflow/.local/lib/python3.8/site-packages/airflow/example_dags/example_xcomargs.py
[2024-02-10T18:03:30.613+0000] {processor.py:830} INFO - Processing file /home/airflow/.local/lib/python3.8/site-packages/airflow/example_dags/example_xcomargs.py for tasks to queue
[2024-02-10T18:03:30.615+0000] {logging_mixin.py:188} INFO - [2024-02-10T18:03:30.615+0000] {dagbag.py:538} INFO - Filling up the DagBag from /home/airflow/.local/lib/python3.8/site-packages/airflow/example_dags/example_xcomargs.py
[2024-02-10T18:03:30.626+0000] {processor.py:840} INFO - DAG(s) 'example_xcom_args', 'example_xcom_args_with_operators' retrieved from /home/airflow/.local/lib/python3.8/site-packages/airflow/example_dags/example_xcomargs.py
[2024-02-10T18:03:30.652+0000] {logging_mixin.py:188} INFO - [2024-02-10T18:03:30.652+0000] {dag.py:3036} INFO - Sync 2 DAGs
[2024-02-10T18:03:30.667+0000] {logging_mixin.py:188} INFO - [2024-02-10T18:03:30.667+0000] {dag.py:3823} INFO - Setting next_dagrun for example_xcom_args to None, run_after=None
[2024-02-10T18:03:30.671+0000] {logging_mixin.py:188} INFO - [2024-02-10T18:03:30.671+0000] {dag.py:3823} INFO - Setting next_dagrun for example_xcom_args_with_operators to None, run_after=None
[2024-02-10T18:03:30.693+0000] {processor.py:183} INFO - Processing /home/airflow/.local/lib/python3.8/site-packages/airflow/example_dags/example_xcomargs.py took 0.084 seconds
[2024-02-10T18:04:00.853+0000] {processor.py:161} INFO - Started process (PID=2336) to work on /home/airflow/.local/lib/python3.8/site-packages/airflow/example_dags/example_xcomargs.py
[2024-02-10T18:04:00.854+0000] {processor.py:830} INFO - Processing file /home/airflow/.local/lib/python3.8/site-packages/airflow/example_dags/example_xcomargs.py for tasks to queue
[2024-02-10T18:04:00.856+0000] {logging_mixin.py:188} INFO - [2024-02-10T18:04:00.855+0000] {dagbag.py:538} INFO - Filling up the DagBag from /home/airflow/.local/lib/python3.8/site-packages/airflow/example_dags/example_xcomargs.py
[2024-02-10T18:04:00.864+0000] {processor.py:840} INFO - DAG(s) 'example_xcom_args', 'example_xcom_args_with_operators' retrieved from /home/airflow/.local/lib/python3.8/site-packages/airflow/example_dags/example_xcomargs.py
[2024-02-10T18:04:00.892+0000] {logging_mixin.py:188} INFO - [2024-02-10T18:04:00.892+0000] {dag.py:3036} INFO - Sync 2 DAGs
[2024-02-10T18:04:00.907+0000] {logging_mixin.py:188} INFO - [2024-02-10T18:04:00.907+0000] {dag.py:3823} INFO - Setting next_dagrun for example_xcom_args to None, run_after=None
[2024-02-10T18:04:00.911+0000] {logging_mixin.py:188} INFO - [2024-02-10T18:04:00.911+0000] {dag.py:3823} INFO - Setting next_dagrun for example_xcom_args_with_operators to None, run_after=None
[2024-02-10T18:04:00.933+0000] {processor.py:183} INFO - Processing /home/airflow/.local/lib/python3.8/site-packages/airflow/example_dags/example_xcomargs.py took 0.083 seconds
[2024-02-10T18:04:31.115+0000] {processor.py:161} INFO - Started process (PID=2391) to work on /home/airflow/.local/lib/python3.8/site-packages/airflow/example_dags/example_xcomargs.py
[2024-02-10T18:04:31.116+0000] {processor.py:830} INFO - Processing file /home/airflow/.local/lib/python3.8/site-packages/airflow/example_dags/example_xcomargs.py for tasks to queue
[2024-02-10T18:04:31.118+0000] {logging_mixin.py:188} INFO - [2024-02-10T18:04:31.117+0000] {dagbag.py:538} INFO - Filling up the DagBag from /home/airflow/.local/lib/python3.8/site-packages/airflow/example_dags/example_xcomargs.py
[2024-02-10T18:04:31.126+0000] {processor.py:840} INFO - DAG(s) 'example_xcom_args', 'example_xcom_args_with_operators' retrieved from /home/airflow/.local/lib/python3.8/site-packages/airflow/example_dags/example_xcomargs.py
[2024-02-10T18:04:31.157+0000] {logging_mixin.py:188} INFO - [2024-02-10T18:04:31.157+0000] {dag.py:3036} INFO - Sync 2 DAGs
[2024-02-10T18:04:31.172+0000] {logging_mixin.py:188} INFO - [2024-02-10T18:04:31.172+0000] {dag.py:3823} INFO - Setting next_dagrun for example_xcom_args to None, run_after=None
[2024-02-10T18:04:31.175+0000] {logging_mixin.py:188} INFO - [2024-02-10T18:04:31.175+0000] {dag.py:3823} INFO - Setting next_dagrun for example_xcom_args_with_operators to None, run_after=None
[2024-02-10T18:04:31.197+0000] {processor.py:183} INFO - Processing /home/airflow/.local/lib/python3.8/site-packages/airflow/example_dags/example_xcomargs.py took 0.085 seconds
[2024-02-10T18:05:01.767+0000] {processor.py:161} INFO - Started process (PID=2446) to work on /home/airflow/.local/lib/python3.8/site-packages/airflow/example_dags/example_xcomargs.py
[2024-02-10T18:05:01.768+0000] {processor.py:830} INFO - Processing file /home/airflow/.local/lib/python3.8/site-packages/airflow/example_dags/example_xcomargs.py for tasks to queue
[2024-02-10T18:05:01.769+0000] {logging_mixin.py:188} INFO - [2024-02-10T18:05:01.769+0000] {dagbag.py:538} INFO - Filling up the DagBag from /home/airflow/.local/lib/python3.8/site-packages/airflow/example_dags/example_xcomargs.py
[2024-02-10T18:05:01.780+0000] {processor.py:840} INFO - DAG(s) 'example_xcom_args', 'example_xcom_args_with_operators' retrieved from /home/airflow/.local/lib/python3.8/site-packages/airflow/example_dags/example_xcomargs.py
[2024-02-10T18:05:01.807+0000] {logging_mixin.py:188} INFO - [2024-02-10T18:05:01.807+0000] {dag.py:3036} INFO - Sync 2 DAGs
[2024-02-10T18:05:01.833+0000] {logging_mixin.py:188} INFO - [2024-02-10T18:05:01.833+0000] {dag.py:3823} INFO - Setting next_dagrun for example_xcom_args to None, run_after=None
[2024-02-10T18:05:01.838+0000] {logging_mixin.py:188} INFO - [2024-02-10T18:05:01.838+0000] {dag.py:3823} INFO - Setting next_dagrun for example_xcom_args_with_operators to None, run_after=None
[2024-02-10T18:05:01.884+0000] {processor.py:183} INFO - Processing /home/airflow/.local/lib/python3.8/site-packages/airflow/example_dags/example_xcomargs.py took 0.120 seconds
[2024-02-10T18:05:32.067+0000] {processor.py:161} INFO - Started process (PID=2500) to work on /home/airflow/.local/lib/python3.8/site-packages/airflow/example_dags/example_xcomargs.py
[2024-02-10T18:05:32.069+0000] {processor.py:830} INFO - Processing file /home/airflow/.local/lib/python3.8/site-packages/airflow/example_dags/example_xcomargs.py for tasks to queue
[2024-02-10T18:05:32.073+0000] {logging_mixin.py:188} INFO - [2024-02-10T18:05:32.073+0000] {dagbag.py:538} INFO - Filling up the DagBag from /home/airflow/.local/lib/python3.8/site-packages/airflow/example_dags/example_xcomargs.py
[2024-02-10T18:05:32.084+0000] {processor.py:840} INFO - DAG(s) 'example_xcom_args_with_operators', 'example_xcom_args' retrieved from /home/airflow/.local/lib/python3.8/site-packages/airflow/example_dags/example_xcomargs.py
[2024-02-10T18:05:32.141+0000] {logging_mixin.py:188} INFO - [2024-02-10T18:05:32.141+0000] {dag.py:3036} INFO - Sync 2 DAGs
[2024-02-10T18:05:32.162+0000] {logging_mixin.py:188} INFO - [2024-02-10T18:05:32.161+0000] {dag.py:3823} INFO - Setting next_dagrun for example_xcom_args to None, run_after=None
[2024-02-10T18:05:32.166+0000] {logging_mixin.py:188} INFO - [2024-02-10T18:05:32.166+0000] {dag.py:3823} INFO - Setting next_dagrun for example_xcom_args_with_operators to None, run_after=None
[2024-02-10T18:05:32.238+0000] {processor.py:183} INFO - Processing /home/airflow/.local/lib/python3.8/site-packages/airflow/example_dags/example_xcomargs.py took 0.183 seconds
[2024-02-10T18:06:03.238+0000] {processor.py:161} INFO - Started process (PID=2556) to work on /home/airflow/.local/lib/python3.8/site-packages/airflow/example_dags/example_xcomargs.py
[2024-02-10T18:06:03.239+0000] {processor.py:830} INFO - Processing file /home/airflow/.local/lib/python3.8/site-packages/airflow/example_dags/example_xcomargs.py for tasks to queue
[2024-02-10T18:06:03.249+0000] {logging_mixin.py:188} INFO - [2024-02-10T18:06:03.249+0000] {dagbag.py:538} INFO - Filling up the DagBag from /home/airflow/.local/lib/python3.8/site-packages/airflow/example_dags/example_xcomargs.py
[2024-02-10T18:06:03.284+0000] {processor.py:840} INFO - DAG(s) 'example_xcom_args_with_operators', 'example_xcom_args' retrieved from /home/airflow/.local/lib/python3.8/site-packages/airflow/example_dags/example_xcomargs.py
[2024-02-10T18:06:03.334+0000] {logging_mixin.py:188} INFO - [2024-02-10T18:06:03.334+0000] {dag.py:3036} INFO - Sync 2 DAGs
[2024-02-10T18:06:03.365+0000] {logging_mixin.py:188} INFO - [2024-02-10T18:06:03.365+0000] {dag.py:3823} INFO - Setting next_dagrun for example_xcom_args to None, run_after=None
[2024-02-10T18:06:03.377+0000] {logging_mixin.py:188} INFO - [2024-02-10T18:06:03.377+0000] {dag.py:3823} INFO - Setting next_dagrun for example_xcom_args_with_operators to None, run_after=None
[2024-02-10T18:06:03.416+0000] {processor.py:183} INFO - Processing /home/airflow/.local/lib/python3.8/site-packages/airflow/example_dags/example_xcomargs.py took 0.186 seconds
[2024-02-10T18:06:33.664+0000] {processor.py:161} INFO - Started process (PID=2611) to work on /home/airflow/.local/lib/python3.8/site-packages/airflow/example_dags/example_xcomargs.py
[2024-02-10T18:06:33.668+0000] {processor.py:830} INFO - Processing file /home/airflow/.local/lib/python3.8/site-packages/airflow/example_dags/example_xcomargs.py for tasks to queue
[2024-02-10T18:06:33.670+0000] {logging_mixin.py:188} INFO - [2024-02-10T18:06:33.669+0000] {dagbag.py:538} INFO - Filling up the DagBag from /home/airflow/.local/lib/python3.8/site-packages/airflow/example_dags/example_xcomargs.py
[2024-02-10T18:06:33.684+0000] {processor.py:840} INFO - DAG(s) 'example_xcom_args', 'example_xcom_args_with_operators' retrieved from /home/airflow/.local/lib/python3.8/site-packages/airflow/example_dags/example_xcomargs.py
[2024-02-10T18:06:33.717+0000] {logging_mixin.py:188} INFO - [2024-02-10T18:06:33.716+0000] {dag.py:3036} INFO - Sync 2 DAGs
[2024-02-10T18:06:33.883+0000] {logging_mixin.py:188} INFO - [2024-02-10T18:06:33.883+0000] {dag.py:3823} INFO - Setting next_dagrun for example_xcom_args to None, run_after=None
[2024-02-10T18:06:33.887+0000] {logging_mixin.py:188} INFO - [2024-02-10T18:06:33.887+0000] {dag.py:3823} INFO - Setting next_dagrun for example_xcom_args_with_operators to None, run_after=None
[2024-02-10T18:06:33.908+0000] {processor.py:183} INFO - Processing /home/airflow/.local/lib/python3.8/site-packages/airflow/example_dags/example_xcomargs.py took 0.248 seconds
[2024-02-10T18:07:04.345+0000] {processor.py:161} INFO - Started process (PID=2666) to work on /home/airflow/.local/lib/python3.8/site-packages/airflow/example_dags/example_xcomargs.py
[2024-02-10T18:07:04.358+0000] {processor.py:830} INFO - Processing file /home/airflow/.local/lib/python3.8/site-packages/airflow/example_dags/example_xcomargs.py for tasks to queue
[2024-02-10T18:07:04.360+0000] {logging_mixin.py:188} INFO - [2024-02-10T18:07:04.360+0000] {dagbag.py:538} INFO - Filling up the DagBag from /home/airflow/.local/lib/python3.8/site-packages/airflow/example_dags/example_xcomargs.py
[2024-02-10T18:07:04.378+0000] {processor.py:840} INFO - DAG(s) 'example_xcom_args_with_operators', 'example_xcom_args' retrieved from /home/airflow/.local/lib/python3.8/site-packages/airflow/example_dags/example_xcomargs.py
[2024-02-10T18:07:04.423+0000] {logging_mixin.py:188} INFO - [2024-02-10T18:07:04.422+0000] {dag.py:3036} INFO - Sync 2 DAGs
[2024-02-10T18:07:04.448+0000] {logging_mixin.py:188} INFO - [2024-02-10T18:07:04.448+0000] {dag.py:3823} INFO - Setting next_dagrun for example_xcom_args to None, run_after=None
[2024-02-10T18:07:04.456+0000] {logging_mixin.py:188} INFO - [2024-02-10T18:07:04.456+0000] {dag.py:3823} INFO - Setting next_dagrun for example_xcom_args_with_operators to None, run_after=None
[2024-02-10T18:07:04.883+0000] {processor.py:183} INFO - Processing /home/airflow/.local/lib/python3.8/site-packages/airflow/example_dags/example_xcomargs.py took 0.546 seconds
[2024-02-10T18:07:35.699+0000] {processor.py:161} INFO - Started process (PID=2720) to work on /home/airflow/.local/lib/python3.8/site-packages/airflow/example_dags/example_xcomargs.py
[2024-02-10T18:07:35.702+0000] {processor.py:830} INFO - Processing file /home/airflow/.local/lib/python3.8/site-packages/airflow/example_dags/example_xcomargs.py for tasks to queue
[2024-02-10T18:07:35.704+0000] {logging_mixin.py:188} INFO - [2024-02-10T18:07:35.704+0000] {dagbag.py:538} INFO - Filling up the DagBag from /home/airflow/.local/lib/python3.8/site-packages/airflow/example_dags/example_xcomargs.py
[2024-02-10T18:07:35.718+0000] {processor.py:840} INFO - DAG(s) 'example_xcom_args', 'example_xcom_args_with_operators' retrieved from /home/airflow/.local/lib/python3.8/site-packages/airflow/example_dags/example_xcomargs.py
[2024-02-10T18:07:35.746+0000] {logging_mixin.py:188} INFO - [2024-02-10T18:07:35.745+0000] {dag.py:3036} INFO - Sync 2 DAGs
[2024-02-10T18:07:35.762+0000] {logging_mixin.py:188} INFO - [2024-02-10T18:07:35.762+0000] {dag.py:3823} INFO - Setting next_dagrun for example_xcom_args to None, run_after=None
[2024-02-10T18:07:35.766+0000] {logging_mixin.py:188} INFO - [2024-02-10T18:07:35.766+0000] {dag.py:3823} INFO - Setting next_dagrun for example_xcom_args_with_operators to None, run_after=None
[2024-02-10T18:07:35.791+0000] {processor.py:183} INFO - Processing /home/airflow/.local/lib/python3.8/site-packages/airflow/example_dags/example_xcomargs.py took 0.096 seconds
[2024-02-10T18:08:05.996+0000] {processor.py:161} INFO - Started process (PID=2775) to work on /home/airflow/.local/lib/python3.8/site-packages/airflow/example_dags/example_xcomargs.py
[2024-02-10T18:08:05.997+0000] {processor.py:830} INFO - Processing file /home/airflow/.local/lib/python3.8/site-packages/airflow/example_dags/example_xcomargs.py for tasks to queue
[2024-02-10T18:08:05.998+0000] {logging_mixin.py:188} INFO - [2024-02-10T18:08:05.998+0000] {dagbag.py:538} INFO - Filling up the DagBag from /home/airflow/.local/lib/python3.8/site-packages/airflow/example_dags/example_xcomargs.py
[2024-02-10T18:08:06.009+0000] {processor.py:840} INFO - DAG(s) 'example_xcom_args', 'example_xcom_args_with_operators' retrieved from /home/airflow/.local/lib/python3.8/site-packages/airflow/example_dags/example_xcomargs.py
[2024-02-10T18:08:06.056+0000] {logging_mixin.py:188} INFO - [2024-02-10T18:08:06.056+0000] {dag.py:3036} INFO - Sync 2 DAGs
[2024-02-10T18:08:06.076+0000] {logging_mixin.py:188} INFO - [2024-02-10T18:08:06.076+0000] {dag.py:3823} INFO - Setting next_dagrun for example_xcom_args to None, run_after=None
[2024-02-10T18:08:06.080+0000] {logging_mixin.py:188} INFO - [2024-02-10T18:08:06.079+0000] {dag.py:3823} INFO - Setting next_dagrun for example_xcom_args_with_operators to None, run_after=None
[2024-02-10T18:08:06.106+0000] {processor.py:183} INFO - Processing /home/airflow/.local/lib/python3.8/site-packages/airflow/example_dags/example_xcomargs.py took 0.118 seconds
[2024-02-10T18:08:36.483+0000] {processor.py:161} INFO - Started process (PID=2831) to work on /home/airflow/.local/lib/python3.8/site-packages/airflow/example_dags/example_xcomargs.py
[2024-02-10T18:08:36.484+0000] {processor.py:830} INFO - Processing file /home/airflow/.local/lib/python3.8/site-packages/airflow/example_dags/example_xcomargs.py for tasks to queue
[2024-02-10T18:08:36.485+0000] {logging_mixin.py:188} INFO - [2024-02-10T18:08:36.485+0000] {dagbag.py:538} INFO - Filling up the DagBag from /home/airflow/.local/lib/python3.8/site-packages/airflow/example_dags/example_xcomargs.py
[2024-02-10T18:08:36.495+0000] {processor.py:840} INFO - DAG(s) 'example_xcom_args_with_operators', 'example_xcom_args' retrieved from /home/airflow/.local/lib/python3.8/site-packages/airflow/example_dags/example_xcomargs.py
[2024-02-10T18:08:36.522+0000] {logging_mixin.py:188} INFO - [2024-02-10T18:08:36.522+0000] {dag.py:3036} INFO - Sync 2 DAGs
[2024-02-10T18:08:36.541+0000] {logging_mixin.py:188} INFO - [2024-02-10T18:08:36.541+0000] {dag.py:3823} INFO - Setting next_dagrun for example_xcom_args to None, run_after=None
[2024-02-10T18:08:36.545+0000] {logging_mixin.py:188} INFO - [2024-02-10T18:08:36.545+0000] {dag.py:3823} INFO - Setting next_dagrun for example_xcom_args_with_operators to None, run_after=None
[2024-02-10T18:08:36.567+0000] {processor.py:183} INFO - Processing /home/airflow/.local/lib/python3.8/site-packages/airflow/example_dags/example_xcomargs.py took 0.087 seconds
[2024-02-10T18:09:07.070+0000] {processor.py:161} INFO - Started process (PID=2887) to work on /home/airflow/.local/lib/python3.8/site-packages/airflow/example_dags/example_xcomargs.py
[2024-02-10T18:09:07.071+0000] {processor.py:830} INFO - Processing file /home/airflow/.local/lib/python3.8/site-packages/airflow/example_dags/example_xcomargs.py for tasks to queue
[2024-02-10T18:09:07.073+0000] {logging_mixin.py:188} INFO - [2024-02-10T18:09:07.072+0000] {dagbag.py:538} INFO - Filling up the DagBag from /home/airflow/.local/lib/python3.8/site-packages/airflow/example_dags/example_xcomargs.py
[2024-02-10T18:09:07.082+0000] {processor.py:840} INFO - DAG(s) 'example_xcom_args', 'example_xcom_args_with_operators' retrieved from /home/airflow/.local/lib/python3.8/site-packages/airflow/example_dags/example_xcomargs.py
[2024-02-10T18:09:07.109+0000] {logging_mixin.py:188} INFO - [2024-02-10T18:09:07.109+0000] {dag.py:3036} INFO - Sync 2 DAGs
[2024-02-10T18:09:07.124+0000] {logging_mixin.py:188} INFO - [2024-02-10T18:09:07.124+0000] {dag.py:3823} INFO - Setting next_dagrun for example_xcom_args to None, run_after=None
[2024-02-10T18:09:07.128+0000] {logging_mixin.py:188} INFO - [2024-02-10T18:09:07.128+0000] {dag.py:3823} INFO - Setting next_dagrun for example_xcom_args_with_operators to None, run_after=None
[2024-02-10T18:09:07.152+0000] {processor.py:183} INFO - Processing /home/airflow/.local/lib/python3.8/site-packages/airflow/example_dags/example_xcomargs.py took 0.085 seconds
[2024-02-10T18:09:37.564+0000] {processor.py:161} INFO - Started process (PID=2943) to work on /home/airflow/.local/lib/python3.8/site-packages/airflow/example_dags/example_xcomargs.py
[2024-02-10T18:09:37.565+0000] {processor.py:830} INFO - Processing file /home/airflow/.local/lib/python3.8/site-packages/airflow/example_dags/example_xcomargs.py for tasks to queue
[2024-02-10T18:09:37.566+0000] {logging_mixin.py:188} INFO - [2024-02-10T18:09:37.566+0000] {dagbag.py:538} INFO - Filling up the DagBag from /home/airflow/.local/lib/python3.8/site-packages/airflow/example_dags/example_xcomargs.py
[2024-02-10T18:09:37.575+0000] {processor.py:840} INFO - DAG(s) 'example_xcom_args_with_operators', 'example_xcom_args' retrieved from /home/airflow/.local/lib/python3.8/site-packages/airflow/example_dags/example_xcomargs.py
[2024-02-10T18:09:37.607+0000] {logging_mixin.py:188} INFO - [2024-02-10T18:09:37.607+0000] {dag.py:3036} INFO - Sync 2 DAGs
[2024-02-10T18:09:37.621+0000] {logging_mixin.py:188} INFO - [2024-02-10T18:09:37.621+0000] {dag.py:3823} INFO - Setting next_dagrun for example_xcom_args to None, run_after=None
[2024-02-10T18:09:37.625+0000] {logging_mixin.py:188} INFO - [2024-02-10T18:09:37.625+0000] {dag.py:3823} INFO - Setting next_dagrun for example_xcom_args_with_operators to None, run_after=None
[2024-02-10T18:09:37.648+0000] {processor.py:183} INFO - Processing /home/airflow/.local/lib/python3.8/site-packages/airflow/example_dags/example_xcomargs.py took 0.088 seconds
[2024-02-10T18:10:08.101+0000] {processor.py:161} INFO - Started process (PID=2997) to work on /home/airflow/.local/lib/python3.8/site-packages/airflow/example_dags/example_xcomargs.py
[2024-02-10T18:10:08.102+0000] {processor.py:830} INFO - Processing file /home/airflow/.local/lib/python3.8/site-packages/airflow/example_dags/example_xcomargs.py for tasks to queue
[2024-02-10T18:10:08.104+0000] {logging_mixin.py:188} INFO - [2024-02-10T18:10:08.103+0000] {dagbag.py:538} INFO - Filling up the DagBag from /home/airflow/.local/lib/python3.8/site-packages/airflow/example_dags/example_xcomargs.py
[2024-02-10T18:10:08.113+0000] {processor.py:840} INFO - DAG(s) 'example_xcom_args_with_operators', 'example_xcom_args' retrieved from /home/airflow/.local/lib/python3.8/site-packages/airflow/example_dags/example_xcomargs.py
[2024-02-10T18:10:08.141+0000] {logging_mixin.py:188} INFO - [2024-02-10T18:10:08.141+0000] {dag.py:3036} INFO - Sync 2 DAGs
[2024-02-10T18:10:08.156+0000] {logging_mixin.py:188} INFO - [2024-02-10T18:10:08.156+0000] {dag.py:3823} INFO - Setting next_dagrun for example_xcom_args to None, run_after=None
[2024-02-10T18:10:08.160+0000] {logging_mixin.py:188} INFO - [2024-02-10T18:10:08.160+0000] {dag.py:3823} INFO - Setting next_dagrun for example_xcom_args_with_operators to None, run_after=None
[2024-02-10T18:10:08.182+0000] {processor.py:183} INFO - Processing /home/airflow/.local/lib/python3.8/site-packages/airflow/example_dags/example_xcomargs.py took 0.084 seconds
[2024-02-10T18:10:38.247+0000] {processor.py:161} INFO - Started process (PID=3052) to work on /home/airflow/.local/lib/python3.8/site-packages/airflow/example_dags/example_xcomargs.py
[2024-02-10T18:10:38.247+0000] {processor.py:830} INFO - Processing file /home/airflow/.local/lib/python3.8/site-packages/airflow/example_dags/example_xcomargs.py for tasks to queue
[2024-02-10T18:10:38.249+0000] {logging_mixin.py:188} INFO - [2024-02-10T18:10:38.249+0000] {dagbag.py:538} INFO - Filling up the DagBag from /home/airflow/.local/lib/python3.8/site-packages/airflow/example_dags/example_xcomargs.py
[2024-02-10T18:10:38.258+0000] {processor.py:840} INFO - DAG(s) 'example_xcom_args_with_operators', 'example_xcom_args' retrieved from /home/airflow/.local/lib/python3.8/site-packages/airflow/example_dags/example_xcomargs.py
[2024-02-10T18:10:38.285+0000] {logging_mixin.py:188} INFO - [2024-02-10T18:10:38.285+0000] {dag.py:3036} INFO - Sync 2 DAGs
[2024-02-10T18:10:38.299+0000] {logging_mixin.py:188} INFO - [2024-02-10T18:10:38.299+0000] {dag.py:3823} INFO - Setting next_dagrun for example_xcom_args to None, run_after=None
[2024-02-10T18:10:38.303+0000] {logging_mixin.py:188} INFO - [2024-02-10T18:10:38.303+0000] {dag.py:3823} INFO - Setting next_dagrun for example_xcom_args_with_operators to None, run_after=None
[2024-02-10T18:10:38.327+0000] {processor.py:183} INFO - Processing /home/airflow/.local/lib/python3.8/site-packages/airflow/example_dags/example_xcomargs.py took 0.084 seconds
[2024-02-10T18:11:08.823+0000] {processor.py:161} INFO - Started process (PID=3106) to work on /home/airflow/.local/lib/python3.8/site-packages/airflow/example_dags/example_xcomargs.py
[2024-02-10T18:11:08.824+0000] {processor.py:830} INFO - Processing file /home/airflow/.local/lib/python3.8/site-packages/airflow/example_dags/example_xcomargs.py for tasks to queue
[2024-02-10T18:11:08.826+0000] {logging_mixin.py:188} INFO - [2024-02-10T18:11:08.825+0000] {dagbag.py:538} INFO - Filling up the DagBag from /home/airflow/.local/lib/python3.8/site-packages/airflow/example_dags/example_xcomargs.py
[2024-02-10T18:11:08.834+0000] {processor.py:840} INFO - DAG(s) 'example_xcom_args_with_operators', 'example_xcom_args' retrieved from /home/airflow/.local/lib/python3.8/site-packages/airflow/example_dags/example_xcomargs.py
[2024-02-10T18:11:08.862+0000] {logging_mixin.py:188} INFO - [2024-02-10T18:11:08.862+0000] {dag.py:3036} INFO - Sync 2 DAGs
[2024-02-10T18:11:08.876+0000] {logging_mixin.py:188} INFO - [2024-02-10T18:11:08.876+0000] {dag.py:3823} INFO - Setting next_dagrun for example_xcom_args to None, run_after=None
[2024-02-10T18:11:08.880+0000] {logging_mixin.py:188} INFO - [2024-02-10T18:11:08.879+0000] {dag.py:3823} INFO - Setting next_dagrun for example_xcom_args_with_operators to None, run_after=None
[2024-02-10T18:11:08.903+0000] {processor.py:183} INFO - Processing /home/airflow/.local/lib/python3.8/site-packages/airflow/example_dags/example_xcomargs.py took 0.083 seconds
[2024-02-10T18:11:39.341+0000] {processor.py:161} INFO - Started process (PID=3162) to work on /home/airflow/.local/lib/python3.8/site-packages/airflow/example_dags/example_xcomargs.py
[2024-02-10T18:11:39.342+0000] {processor.py:830} INFO - Processing file /home/airflow/.local/lib/python3.8/site-packages/airflow/example_dags/example_xcomargs.py for tasks to queue
[2024-02-10T18:11:39.343+0000] {logging_mixin.py:188} INFO - [2024-02-10T18:11:39.343+0000] {dagbag.py:538} INFO - Filling up the DagBag from /home/airflow/.local/lib/python3.8/site-packages/airflow/example_dags/example_xcomargs.py
[2024-02-10T18:11:39.352+0000] {processor.py:840} INFO - DAG(s) 'example_xcom_args', 'example_xcom_args_with_operators' retrieved from /home/airflow/.local/lib/python3.8/site-packages/airflow/example_dags/example_xcomargs.py
[2024-02-10T18:11:39.380+0000] {logging_mixin.py:188} INFO - [2024-02-10T18:11:39.380+0000] {dag.py:3036} INFO - Sync 2 DAGs
[2024-02-10T18:11:39.394+0000] {logging_mixin.py:188} INFO - [2024-02-10T18:11:39.394+0000] {dag.py:3823} INFO - Setting next_dagrun for example_xcom_args to None, run_after=None
[2024-02-10T18:11:39.398+0000] {logging_mixin.py:188} INFO - [2024-02-10T18:11:39.398+0000] {dag.py:3823} INFO - Setting next_dagrun for example_xcom_args_with_operators to None, run_after=None
[2024-02-10T18:11:39.429+0000] {processor.py:183} INFO - Processing /home/airflow/.local/lib/python3.8/site-packages/airflow/example_dags/example_xcomargs.py took 0.091 seconds
[2024-02-10T18:12:09.818+0000] {processor.py:161} INFO - Started process (PID=3217) to work on /home/airflow/.local/lib/python3.8/site-packages/airflow/example_dags/example_xcomargs.py
[2024-02-10T18:12:09.820+0000] {processor.py:830} INFO - Processing file /home/airflow/.local/lib/python3.8/site-packages/airflow/example_dags/example_xcomargs.py for tasks to queue
[2024-02-10T18:12:09.823+0000] {logging_mixin.py:188} INFO - [2024-02-10T18:12:09.822+0000] {dagbag.py:538} INFO - Filling up the DagBag from /home/airflow/.local/lib/python3.8/site-packages/airflow/example_dags/example_xcomargs.py
[2024-02-10T18:12:09.878+0000] {processor.py:840} INFO - DAG(s) 'example_xcom_args', 'example_xcom_args_with_operators' retrieved from /home/airflow/.local/lib/python3.8/site-packages/airflow/example_dags/example_xcomargs.py
[2024-02-10T18:12:09.916+0000] {logging_mixin.py:188} INFO - [2024-02-10T18:12:09.915+0000] {dag.py:3036} INFO - Sync 2 DAGs
[2024-02-10T18:12:09.932+0000] {logging_mixin.py:188} INFO - [2024-02-10T18:12:09.932+0000] {dag.py:3823} INFO - Setting next_dagrun for example_xcom_args to None, run_after=None
[2024-02-10T18:12:09.937+0000] {logging_mixin.py:188} INFO - [2024-02-10T18:12:09.936+0000] {dag.py:3823} INFO - Setting next_dagrun for example_xcom_args_with_operators to None, run_after=None
[2024-02-10T18:12:09.988+0000] {processor.py:183} INFO - Processing /home/airflow/.local/lib/python3.8/site-packages/airflow/example_dags/example_xcomargs.py took 0.189 seconds
[2024-02-10T18:12:40.284+0000] {processor.py:161} INFO - Started process (PID=3273) to work on /home/airflow/.local/lib/python3.8/site-packages/airflow/example_dags/example_xcomargs.py
[2024-02-10T18:12:40.285+0000] {processor.py:830} INFO - Processing file /home/airflow/.local/lib/python3.8/site-packages/airflow/example_dags/example_xcomargs.py for tasks to queue
[2024-02-10T18:12:40.287+0000] {logging_mixin.py:188} INFO - [2024-02-10T18:12:40.286+0000] {dagbag.py:538} INFO - Filling up the DagBag from /home/airflow/.local/lib/python3.8/site-packages/airflow/example_dags/example_xcomargs.py
[2024-02-10T18:12:40.296+0000] {processor.py:840} INFO - DAG(s) 'example_xcom_args_with_operators', 'example_xcom_args' retrieved from /home/airflow/.local/lib/python3.8/site-packages/airflow/example_dags/example_xcomargs.py
[2024-02-10T18:12:40.323+0000] {logging_mixin.py:188} INFO - [2024-02-10T18:12:40.323+0000] {dag.py:3036} INFO - Sync 2 DAGs
[2024-02-10T18:12:40.339+0000] {logging_mixin.py:188} INFO - [2024-02-10T18:12:40.338+0000] {dag.py:3823} INFO - Setting next_dagrun for example_xcom_args to None, run_after=None
[2024-02-10T18:12:40.342+0000] {logging_mixin.py:188} INFO - [2024-02-10T18:12:40.342+0000] {dag.py:3823} INFO - Setting next_dagrun for example_xcom_args_with_operators to None, run_after=None
[2024-02-10T18:12:40.373+0000] {processor.py:183} INFO - Processing /home/airflow/.local/lib/python3.8/site-packages/airflow/example_dags/example_xcomargs.py took 0.092 seconds
[2024-02-10T18:13:10.626+0000] {processor.py:161} INFO - Started process (PID=3328) to work on /home/airflow/.local/lib/python3.8/site-packages/airflow/example_dags/example_xcomargs.py
[2024-02-10T18:13:10.630+0000] {processor.py:830} INFO - Processing file /home/airflow/.local/lib/python3.8/site-packages/airflow/example_dags/example_xcomargs.py for tasks to queue
[2024-02-10T18:13:10.632+0000] {logging_mixin.py:188} INFO - [2024-02-10T18:13:10.631+0000] {dagbag.py:538} INFO - Filling up the DagBag from /home/airflow/.local/lib/python3.8/site-packages/airflow/example_dags/example_xcomargs.py
[2024-02-10T18:13:10.648+0000] {processor.py:840} INFO - DAG(s) 'example_xcom_args', 'example_xcom_args_with_operators' retrieved from /home/airflow/.local/lib/python3.8/site-packages/airflow/example_dags/example_xcomargs.py
[2024-02-10T18:13:10.698+0000] {logging_mixin.py:188} INFO - [2024-02-10T18:13:10.691+0000] {dag.py:3036} INFO - Sync 2 DAGs
[2024-02-10T18:13:10.722+0000] {logging_mixin.py:188} INFO - [2024-02-10T18:13:10.722+0000] {dag.py:3823} INFO - Setting next_dagrun for example_xcom_args to None, run_after=None
[2024-02-10T18:13:10.737+0000] {logging_mixin.py:188} INFO - [2024-02-10T18:13:10.737+0000] {dag.py:3823} INFO - Setting next_dagrun for example_xcom_args_with_operators to None, run_after=None
[2024-02-10T18:13:10.794+0000] {processor.py:183} INFO - Processing /home/airflow/.local/lib/python3.8/site-packages/airflow/example_dags/example_xcomargs.py took 0.179 seconds
[2024-02-10T18:13:41.002+0000] {processor.py:161} INFO - Started process (PID=3384) to work on /home/airflow/.local/lib/python3.8/site-packages/airflow/example_dags/example_xcomargs.py
[2024-02-10T18:13:41.002+0000] {processor.py:830} INFO - Processing file /home/airflow/.local/lib/python3.8/site-packages/airflow/example_dags/example_xcomargs.py for tasks to queue
[2024-02-10T18:13:41.004+0000] {logging_mixin.py:188} INFO - [2024-02-10T18:13:41.004+0000] {dagbag.py:538} INFO - Filling up the DagBag from /home/airflow/.local/lib/python3.8/site-packages/airflow/example_dags/example_xcomargs.py
[2024-02-10T18:13:41.013+0000] {processor.py:840} INFO - DAG(s) 'example_xcom_args_with_operators', 'example_xcom_args' retrieved from /home/airflow/.local/lib/python3.8/site-packages/airflow/example_dags/example_xcomargs.py
[2024-02-10T18:13:41.042+0000] {logging_mixin.py:188} INFO - [2024-02-10T18:13:41.042+0000] {dag.py:3036} INFO - Sync 2 DAGs
[2024-02-10T18:13:41.059+0000] {logging_mixin.py:188} INFO - [2024-02-10T18:13:41.059+0000] {dag.py:3823} INFO - Setting next_dagrun for example_xcom_args to None, run_after=None
[2024-02-10T18:13:41.064+0000] {logging_mixin.py:188} INFO - [2024-02-10T18:13:41.063+0000] {dag.py:3823} INFO - Setting next_dagrun for example_xcom_args_with_operators to None, run_after=None
[2024-02-10T18:13:41.089+0000] {processor.py:183} INFO - Processing /home/airflow/.local/lib/python3.8/site-packages/airflow/example_dags/example_xcomargs.py took 0.091 seconds
[2024-02-10T18:14:11.381+0000] {processor.py:161} INFO - Started process (PID=3439) to work on /home/airflow/.local/lib/python3.8/site-packages/airflow/example_dags/example_xcomargs.py
[2024-02-10T18:14:11.386+0000] {processor.py:830} INFO - Processing file /home/airflow/.local/lib/python3.8/site-packages/airflow/example_dags/example_xcomargs.py for tasks to queue
[2024-02-10T18:14:11.388+0000] {logging_mixin.py:188} INFO - [2024-02-10T18:14:11.387+0000] {dagbag.py:538} INFO - Filling up the DagBag from /home/airflow/.local/lib/python3.8/site-packages/airflow/example_dags/example_xcomargs.py
[2024-02-10T18:14:11.415+0000] {processor.py:840} INFO - DAG(s) 'example_xcom_args', 'example_xcom_args_with_operators' retrieved from /home/airflow/.local/lib/python3.8/site-packages/airflow/example_dags/example_xcomargs.py
[2024-02-10T18:14:11.450+0000] {logging_mixin.py:188} INFO - [2024-02-10T18:14:11.449+0000] {dag.py:3036} INFO - Sync 2 DAGs
[2024-02-10T18:14:11.465+0000] {logging_mixin.py:188} INFO - [2024-02-10T18:14:11.465+0000] {dag.py:3823} INFO - Setting next_dagrun for example_xcom_args to None, run_after=None
[2024-02-10T18:14:11.469+0000] {logging_mixin.py:188} INFO - [2024-02-10T18:14:11.468+0000] {dag.py:3823} INFO - Setting next_dagrun for example_xcom_args_with_operators to None, run_after=None
[2024-02-10T18:14:11.491+0000] {processor.py:183} INFO - Processing /home/airflow/.local/lib/python3.8/site-packages/airflow/example_dags/example_xcomargs.py took 0.113 seconds
[2024-02-10T18:14:41.535+0000] {processor.py:161} INFO - Started process (PID=3494) to work on /home/airflow/.local/lib/python3.8/site-packages/airflow/example_dags/example_xcomargs.py
[2024-02-10T18:14:41.536+0000] {processor.py:830} INFO - Processing file /home/airflow/.local/lib/python3.8/site-packages/airflow/example_dags/example_xcomargs.py for tasks to queue
[2024-02-10T18:14:41.538+0000] {logging_mixin.py:188} INFO - [2024-02-10T18:14:41.538+0000] {dagbag.py:538} INFO - Filling up the DagBag from /home/airflow/.local/lib/python3.8/site-packages/airflow/example_dags/example_xcomargs.py
[2024-02-10T18:14:41.548+0000] {processor.py:840} INFO - DAG(s) 'example_xcom_args', 'example_xcom_args_with_operators' retrieved from /home/airflow/.local/lib/python3.8/site-packages/airflow/example_dags/example_xcomargs.py
[2024-02-10T18:14:41.591+0000] {logging_mixin.py:188} INFO - [2024-02-10T18:14:41.591+0000] {dag.py:3036} INFO - Sync 2 DAGs
[2024-02-10T18:14:41.611+0000] {logging_mixin.py:188} INFO - [2024-02-10T18:14:41.611+0000] {dag.py:3823} INFO - Setting next_dagrun for example_xcom_args to None, run_after=None
[2024-02-10T18:14:41.615+0000] {logging_mixin.py:188} INFO - [2024-02-10T18:14:41.615+0000] {dag.py:3823} INFO - Setting next_dagrun for example_xcom_args_with_operators to None, run_after=None
[2024-02-10T18:14:41.642+0000] {processor.py:183} INFO - Processing /home/airflow/.local/lib/python3.8/site-packages/airflow/example_dags/example_xcomargs.py took 0.116 seconds
[2024-02-10T18:15:11.955+0000] {processor.py:161} INFO - Started process (PID=3549) to work on /home/airflow/.local/lib/python3.8/site-packages/airflow/example_dags/example_xcomargs.py
[2024-02-10T18:15:11.955+0000] {processor.py:830} INFO - Processing file /home/airflow/.local/lib/python3.8/site-packages/airflow/example_dags/example_xcomargs.py for tasks to queue
[2024-02-10T18:15:11.957+0000] {logging_mixin.py:188} INFO - [2024-02-10T18:15:11.957+0000] {dagbag.py:538} INFO - Filling up the DagBag from /home/airflow/.local/lib/python3.8/site-packages/airflow/example_dags/example_xcomargs.py
[2024-02-10T18:15:11.967+0000] {processor.py:840} INFO - DAG(s) 'example_xcom_args_with_operators', 'example_xcom_args' retrieved from /home/airflow/.local/lib/python3.8/site-packages/airflow/example_dags/example_xcomargs.py
[2024-02-10T18:15:11.996+0000] {logging_mixin.py:188} INFO - [2024-02-10T18:15:11.996+0000] {dag.py:3036} INFO - Sync 2 DAGs
[2024-02-10T18:15:12.011+0000] {logging_mixin.py:188} INFO - [2024-02-10T18:15:12.011+0000] {dag.py:3823} INFO - Setting next_dagrun for example_xcom_args to None, run_after=None
[2024-02-10T18:15:12.015+0000] {logging_mixin.py:188} INFO - [2024-02-10T18:15:12.015+0000] {dag.py:3823} INFO - Setting next_dagrun for example_xcom_args_with_operators to None, run_after=None
[2024-02-10T18:15:12.039+0000] {processor.py:183} INFO - Processing /home/airflow/.local/lib/python3.8/site-packages/airflow/example_dags/example_xcomargs.py took 0.088 seconds
[2024-02-10T18:15:42.438+0000] {processor.py:161} INFO - Started process (PID=3604) to work on /home/airflow/.local/lib/python3.8/site-packages/airflow/example_dags/example_xcomargs.py
[2024-02-10T18:15:42.439+0000] {processor.py:830} INFO - Processing file /home/airflow/.local/lib/python3.8/site-packages/airflow/example_dags/example_xcomargs.py for tasks to queue
[2024-02-10T18:15:42.441+0000] {logging_mixin.py:188} INFO - [2024-02-10T18:15:42.440+0000] {dagbag.py:538} INFO - Filling up the DagBag from /home/airflow/.local/lib/python3.8/site-packages/airflow/example_dags/example_xcomargs.py
[2024-02-10T18:15:42.450+0000] {processor.py:840} INFO - DAG(s) 'example_xcom_args', 'example_xcom_args_with_operators' retrieved from /home/airflow/.local/lib/python3.8/site-packages/airflow/example_dags/example_xcomargs.py
[2024-02-10T18:15:42.478+0000] {logging_mixin.py:188} INFO - [2024-02-10T18:15:42.477+0000] {dag.py:3036} INFO - Sync 2 DAGs
[2024-02-10T18:15:42.493+0000] {logging_mixin.py:188} INFO - [2024-02-10T18:15:42.493+0000] {dag.py:3823} INFO - Setting next_dagrun for example_xcom_args to None, run_after=None
[2024-02-10T18:15:42.497+0000] {logging_mixin.py:188} INFO - [2024-02-10T18:15:42.497+0000] {dag.py:3823} INFO - Setting next_dagrun for example_xcom_args_with_operators to None, run_after=None
[2024-02-10T18:15:42.522+0000] {processor.py:183} INFO - Processing /home/airflow/.local/lib/python3.8/site-packages/airflow/example_dags/example_xcomargs.py took 0.087 seconds
[2024-02-10T18:16:12.832+0000] {processor.py:161} INFO - Started process (PID=3660) to work on /home/airflow/.local/lib/python3.8/site-packages/airflow/example_dags/example_xcomargs.py
[2024-02-10T18:16:12.833+0000] {processor.py:830} INFO - Processing file /home/airflow/.local/lib/python3.8/site-packages/airflow/example_dags/example_xcomargs.py for tasks to queue
[2024-02-10T18:16:12.835+0000] {logging_mixin.py:188} INFO - [2024-02-10T18:16:12.834+0000] {dagbag.py:538} INFO - Filling up the DagBag from /home/airflow/.local/lib/python3.8/site-packages/airflow/example_dags/example_xcomargs.py
[2024-02-10T18:16:12.852+0000] {processor.py:840} INFO - DAG(s) 'example_xcom_args_with_operators', 'example_xcom_args' retrieved from /home/airflow/.local/lib/python3.8/site-packages/airflow/example_dags/example_xcomargs.py
[2024-02-10T18:16:12.883+0000] {logging_mixin.py:188} INFO - [2024-02-10T18:16:12.882+0000] {dag.py:3036} INFO - Sync 2 DAGs
[2024-02-10T18:16:12.899+0000] {logging_mixin.py:188} INFO - [2024-02-10T18:16:12.898+0000] {dag.py:3823} INFO - Setting next_dagrun for example_xcom_args to None, run_after=None
[2024-02-10T18:16:12.902+0000] {logging_mixin.py:188} INFO - [2024-02-10T18:16:12.902+0000] {dag.py:3823} INFO - Setting next_dagrun for example_xcom_args_with_operators to None, run_after=None
[2024-02-10T18:16:12.925+0000] {processor.py:183} INFO - Processing /home/airflow/.local/lib/python3.8/site-packages/airflow/example_dags/example_xcomargs.py took 0.101 seconds
