[2024-02-10T17:43:09.539+0000] {processor.py:161} INFO - Started process (PID=68) to work on /home/airflow/.local/lib/python3.8/site-packages/airflow/example_dags/example_kubernetes_executor.py
[2024-02-10T17:43:09.540+0000] {processor.py:830} INFO - Processing file /home/airflow/.local/lib/python3.8/site-packages/airflow/example_dags/example_kubernetes_executor.py for tasks to queue
[2024-02-10T17:43:09.542+0000] {logging_mixin.py:188} INFO - [2024-02-10T17:43:09.542+0000] {dagbag.py:538} INFO - Filling up the DagBag from /home/airflow/.local/lib/python3.8/site-packages/airflow/example_dags/example_kubernetes_executor.py
[2024-02-10T17:43:09.602+0000] {processor.py:840} INFO - DAG(s) 'example_kubernetes_executor' retrieved from /home/airflow/.local/lib/python3.8/site-packages/airflow/example_dags/example_kubernetes_executor.py
[2024-02-10T17:43:09.781+0000] {logging_mixin.py:188} INFO - [2024-02-10T17:43:09.781+0000] {dag.py:3036} INFO - Sync 1 DAGs
[2024-02-10T17:43:09.795+0000] {logging_mixin.py:188} INFO - [2024-02-10T17:43:09.795+0000] {dag.py:3823} INFO - Setting next_dagrun for example_kubernetes_executor to None, run_after=None
[2024-02-10T17:43:09.821+0000] {processor.py:183} INFO - Processing /home/airflow/.local/lib/python3.8/site-packages/airflow/example_dags/example_kubernetes_executor.py took 0.304 seconds
[2024-02-10T17:43:39.897+0000] {processor.py:161} INFO - Started process (PID=123) to work on /home/airflow/.local/lib/python3.8/site-packages/airflow/example_dags/example_kubernetes_executor.py
[2024-02-10T17:43:39.898+0000] {processor.py:830} INFO - Processing file /home/airflow/.local/lib/python3.8/site-packages/airflow/example_dags/example_kubernetes_executor.py for tasks to queue
[2024-02-10T17:43:39.899+0000] {logging_mixin.py:188} INFO - [2024-02-10T17:43:39.899+0000] {dagbag.py:538} INFO - Filling up the DagBag from /home/airflow/.local/lib/python3.8/site-packages/airflow/example_dags/example_kubernetes_executor.py
[2024-02-10T17:43:39.917+0000] {processor.py:840} INFO - DAG(s) 'example_kubernetes_executor' retrieved from /home/airflow/.local/lib/python3.8/site-packages/airflow/example_dags/example_kubernetes_executor.py
[2024-02-10T17:43:39.971+0000] {logging_mixin.py:188} INFO - [2024-02-10T17:43:39.971+0000] {dag.py:3036} INFO - Sync 1 DAGs
[2024-02-10T17:43:39.985+0000] {logging_mixin.py:188} INFO - [2024-02-10T17:43:39.985+0000] {dag.py:3823} INFO - Setting next_dagrun for example_kubernetes_executor to None, run_after=None
[2024-02-10T17:43:40.010+0000] {processor.py:183} INFO - Processing /home/airflow/.local/lib/python3.8/site-packages/airflow/example_dags/example_kubernetes_executor.py took 0.117 seconds
[2024-02-10T17:44:10.306+0000] {processor.py:161} INFO - Started process (PID=178) to work on /home/airflow/.local/lib/python3.8/site-packages/airflow/example_dags/example_kubernetes_executor.py
[2024-02-10T17:44:10.307+0000] {processor.py:830} INFO - Processing file /home/airflow/.local/lib/python3.8/site-packages/airflow/example_dags/example_kubernetes_executor.py for tasks to queue
[2024-02-10T17:44:10.308+0000] {logging_mixin.py:188} INFO - [2024-02-10T17:44:10.308+0000] {dagbag.py:538} INFO - Filling up the DagBag from /home/airflow/.local/lib/python3.8/site-packages/airflow/example_dags/example_kubernetes_executor.py
[2024-02-10T17:44:10.324+0000] {processor.py:840} INFO - DAG(s) 'example_kubernetes_executor' retrieved from /home/airflow/.local/lib/python3.8/site-packages/airflow/example_dags/example_kubernetes_executor.py
[2024-02-10T17:44:10.357+0000] {logging_mixin.py:188} INFO - [2024-02-10T17:44:10.357+0000] {dag.py:3036} INFO - Sync 1 DAGs
[2024-02-10T17:44:10.366+0000] {logging_mixin.py:188} INFO - [2024-02-10T17:44:10.366+0000] {dag.py:3823} INFO - Setting next_dagrun for example_kubernetes_executor to None, run_after=None
[2024-02-10T17:44:10.400+0000] {processor.py:183} INFO - Processing /home/airflow/.local/lib/python3.8/site-packages/airflow/example_dags/example_kubernetes_executor.py took 0.097 seconds
[2024-02-10T17:44:40.915+0000] {processor.py:161} INFO - Started process (PID=233) to work on /home/airflow/.local/lib/python3.8/site-packages/airflow/example_dags/example_kubernetes_executor.py
[2024-02-10T17:44:40.916+0000] {processor.py:830} INFO - Processing file /home/airflow/.local/lib/python3.8/site-packages/airflow/example_dags/example_kubernetes_executor.py for tasks to queue
[2024-02-10T17:44:40.917+0000] {logging_mixin.py:188} INFO - [2024-02-10T17:44:40.917+0000] {dagbag.py:538} INFO - Filling up the DagBag from /home/airflow/.local/lib/python3.8/site-packages/airflow/example_dags/example_kubernetes_executor.py
[2024-02-10T17:44:40.932+0000] {processor.py:840} INFO - DAG(s) 'example_kubernetes_executor' retrieved from /home/airflow/.local/lib/python3.8/site-packages/airflow/example_dags/example_kubernetes_executor.py
[2024-02-10T17:44:40.969+0000] {logging_mixin.py:188} INFO - [2024-02-10T17:44:40.969+0000] {dag.py:3036} INFO - Sync 1 DAGs
[2024-02-10T17:44:40.978+0000] {logging_mixin.py:188} INFO - [2024-02-10T17:44:40.978+0000] {dag.py:3823} INFO - Setting next_dagrun for example_kubernetes_executor to None, run_after=None
[2024-02-10T17:44:41.000+0000] {processor.py:183} INFO - Processing /home/airflow/.local/lib/python3.8/site-packages/airflow/example_dags/example_kubernetes_executor.py took 0.089 seconds
[2024-02-10T17:45:11.589+0000] {processor.py:161} INFO - Started process (PID=288) to work on /home/airflow/.local/lib/python3.8/site-packages/airflow/example_dags/example_kubernetes_executor.py
[2024-02-10T17:45:11.595+0000] {processor.py:830} INFO - Processing file /home/airflow/.local/lib/python3.8/site-packages/airflow/example_dags/example_kubernetes_executor.py for tasks to queue
[2024-02-10T17:45:11.599+0000] {logging_mixin.py:188} INFO - [2024-02-10T17:45:11.599+0000] {dagbag.py:538} INFO - Filling up the DagBag from /home/airflow/.local/lib/python3.8/site-packages/airflow/example_dags/example_kubernetes_executor.py
[2024-02-10T17:45:11.638+0000] {processor.py:840} INFO - DAG(s) 'example_kubernetes_executor' retrieved from /home/airflow/.local/lib/python3.8/site-packages/airflow/example_dags/example_kubernetes_executor.py
[2024-02-10T17:45:11.670+0000] {logging_mixin.py:188} INFO - [2024-02-10T17:45:11.669+0000] {dag.py:3036} INFO - Sync 1 DAGs
[2024-02-10T17:45:11.679+0000] {logging_mixin.py:188} INFO - [2024-02-10T17:45:11.679+0000] {dag.py:3823} INFO - Setting next_dagrun for example_kubernetes_executor to None, run_after=None
[2024-02-10T17:45:11.699+0000] {processor.py:183} INFO - Processing /home/airflow/.local/lib/python3.8/site-packages/airflow/example_dags/example_kubernetes_executor.py took 0.126 seconds
[2024-02-10T17:45:41.822+0000] {processor.py:161} INFO - Started process (PID=342) to work on /home/airflow/.local/lib/python3.8/site-packages/airflow/example_dags/example_kubernetes_executor.py
[2024-02-10T17:45:41.823+0000] {processor.py:830} INFO - Processing file /home/airflow/.local/lib/python3.8/site-packages/airflow/example_dags/example_kubernetes_executor.py for tasks to queue
[2024-02-10T17:45:41.825+0000] {logging_mixin.py:188} INFO - [2024-02-10T17:45:41.825+0000] {dagbag.py:538} INFO - Filling up the DagBag from /home/airflow/.local/lib/python3.8/site-packages/airflow/example_dags/example_kubernetes_executor.py
[2024-02-10T17:45:41.840+0000] {processor.py:840} INFO - DAG(s) 'example_kubernetes_executor' retrieved from /home/airflow/.local/lib/python3.8/site-packages/airflow/example_dags/example_kubernetes_executor.py
[2024-02-10T17:45:41.871+0000] {logging_mixin.py:188} INFO - [2024-02-10T17:45:41.870+0000] {dag.py:3036} INFO - Sync 1 DAGs
[2024-02-10T17:45:41.880+0000] {logging_mixin.py:188} INFO - [2024-02-10T17:45:41.880+0000] {dag.py:3823} INFO - Setting next_dagrun for example_kubernetes_executor to None, run_after=None
[2024-02-10T17:45:41.899+0000] {processor.py:183} INFO - Processing /home/airflow/.local/lib/python3.8/site-packages/airflow/example_dags/example_kubernetes_executor.py took 0.081 seconds
[2024-02-10T17:46:12.225+0000] {processor.py:161} INFO - Started process (PID=398) to work on /home/airflow/.local/lib/python3.8/site-packages/airflow/example_dags/example_kubernetes_executor.py
[2024-02-10T17:46:12.227+0000] {processor.py:830} INFO - Processing file /home/airflow/.local/lib/python3.8/site-packages/airflow/example_dags/example_kubernetes_executor.py for tasks to queue
[2024-02-10T17:46:12.228+0000] {logging_mixin.py:188} INFO - [2024-02-10T17:46:12.228+0000] {dagbag.py:538} INFO - Filling up the DagBag from /home/airflow/.local/lib/python3.8/site-packages/airflow/example_dags/example_kubernetes_executor.py
[2024-02-10T17:46:12.245+0000] {processor.py:840} INFO - DAG(s) 'example_kubernetes_executor' retrieved from /home/airflow/.local/lib/python3.8/site-packages/airflow/example_dags/example_kubernetes_executor.py
[2024-02-10T17:46:12.275+0000] {logging_mixin.py:188} INFO - [2024-02-10T17:46:12.275+0000] {dag.py:3036} INFO - Sync 1 DAGs
[2024-02-10T17:46:12.285+0000] {logging_mixin.py:188} INFO - [2024-02-10T17:46:12.284+0000] {dag.py:3823} INFO - Setting next_dagrun for example_kubernetes_executor to None, run_after=None
[2024-02-10T17:46:12.306+0000] {processor.py:183} INFO - Processing /home/airflow/.local/lib/python3.8/site-packages/airflow/example_dags/example_kubernetes_executor.py took 0.085 seconds
[2024-02-10T17:46:42.540+0000] {processor.py:161} INFO - Started process (PID=454) to work on /home/airflow/.local/lib/python3.8/site-packages/airflow/example_dags/example_kubernetes_executor.py
[2024-02-10T17:46:42.553+0000] {processor.py:830} INFO - Processing file /home/airflow/.local/lib/python3.8/site-packages/airflow/example_dags/example_kubernetes_executor.py for tasks to queue
[2024-02-10T17:46:42.556+0000] {logging_mixin.py:188} INFO - [2024-02-10T17:46:42.555+0000] {dagbag.py:538} INFO - Filling up the DagBag from /home/airflow/.local/lib/python3.8/site-packages/airflow/example_dags/example_kubernetes_executor.py
[2024-02-10T17:46:42.635+0000] {processor.py:840} INFO - DAG(s) 'example_kubernetes_executor' retrieved from /home/airflow/.local/lib/python3.8/site-packages/airflow/example_dags/example_kubernetes_executor.py
[2024-02-10T17:46:42.784+0000] {logging_mixin.py:188} INFO - [2024-02-10T17:46:42.784+0000] {dag.py:3036} INFO - Sync 1 DAGs
[2024-02-10T17:46:42.840+0000] {logging_mixin.py:188} INFO - [2024-02-10T17:46:42.840+0000] {dag.py:3823} INFO - Setting next_dagrun for example_kubernetes_executor to None, run_after=None
[2024-02-10T17:46:42.903+0000] {processor.py:183} INFO - Processing /home/airflow/.local/lib/python3.8/site-packages/airflow/example_dags/example_kubernetes_executor.py took 0.375 seconds
[2024-02-10T17:47:13.578+0000] {processor.py:161} INFO - Started process (PID=510) to work on /home/airflow/.local/lib/python3.8/site-packages/airflow/example_dags/example_kubernetes_executor.py
[2024-02-10T17:47:13.579+0000] {processor.py:830} INFO - Processing file /home/airflow/.local/lib/python3.8/site-packages/airflow/example_dags/example_kubernetes_executor.py for tasks to queue
[2024-02-10T17:47:13.582+0000] {logging_mixin.py:188} INFO - [2024-02-10T17:47:13.581+0000] {dagbag.py:538} INFO - Filling up the DagBag from /home/airflow/.local/lib/python3.8/site-packages/airflow/example_dags/example_kubernetes_executor.py
[2024-02-10T17:47:13.607+0000] {processor.py:840} INFO - DAG(s) 'example_kubernetes_executor' retrieved from /home/airflow/.local/lib/python3.8/site-packages/airflow/example_dags/example_kubernetes_executor.py
[2024-02-10T17:47:13.672+0000] {logging_mixin.py:188} INFO - [2024-02-10T17:47:13.672+0000] {dag.py:3036} INFO - Sync 1 DAGs
[2024-02-10T17:47:13.687+0000] {logging_mixin.py:188} INFO - [2024-02-10T17:47:13.687+0000] {dag.py:3823} INFO - Setting next_dagrun for example_kubernetes_executor to None, run_after=None
[2024-02-10T17:47:13.714+0000] {processor.py:183} INFO - Processing /home/airflow/.local/lib/python3.8/site-packages/airflow/example_dags/example_kubernetes_executor.py took 0.140 seconds
[2024-02-10T17:47:43.779+0000] {processor.py:161} INFO - Started process (PID=565) to work on /home/airflow/.local/lib/python3.8/site-packages/airflow/example_dags/example_kubernetes_executor.py
[2024-02-10T17:47:43.780+0000] {processor.py:830} INFO - Processing file /home/airflow/.local/lib/python3.8/site-packages/airflow/example_dags/example_kubernetes_executor.py for tasks to queue
[2024-02-10T17:47:43.782+0000] {logging_mixin.py:188} INFO - [2024-02-10T17:47:43.782+0000] {dagbag.py:538} INFO - Filling up the DagBag from /home/airflow/.local/lib/python3.8/site-packages/airflow/example_dags/example_kubernetes_executor.py
[2024-02-10T17:47:43.795+0000] {processor.py:840} INFO - DAG(s) 'example_kubernetes_executor' retrieved from /home/airflow/.local/lib/python3.8/site-packages/airflow/example_dags/example_kubernetes_executor.py
[2024-02-10T17:47:43.826+0000] {logging_mixin.py:188} INFO - [2024-02-10T17:47:43.825+0000] {dag.py:3036} INFO - Sync 1 DAGs
[2024-02-10T17:47:43.836+0000] {logging_mixin.py:188} INFO - [2024-02-10T17:47:43.836+0000] {dag.py:3823} INFO - Setting next_dagrun for example_kubernetes_executor to None, run_after=None
[2024-02-10T17:47:43.855+0000] {processor.py:183} INFO - Processing /home/airflow/.local/lib/python3.8/site-packages/airflow/example_dags/example_kubernetes_executor.py took 0.079 seconds
[2024-02-10T17:48:14.015+0000] {processor.py:161} INFO - Started process (PID=622) to work on /home/airflow/.local/lib/python3.8/site-packages/airflow/example_dags/example_kubernetes_executor.py
[2024-02-10T17:48:14.016+0000] {processor.py:830} INFO - Processing file /home/airflow/.local/lib/python3.8/site-packages/airflow/example_dags/example_kubernetes_executor.py for tasks to queue
[2024-02-10T17:48:14.018+0000] {logging_mixin.py:188} INFO - [2024-02-10T17:48:14.017+0000] {dagbag.py:538} INFO - Filling up the DagBag from /home/airflow/.local/lib/python3.8/site-packages/airflow/example_dags/example_kubernetes_executor.py
[2024-02-10T17:48:14.036+0000] {processor.py:840} INFO - DAG(s) 'example_kubernetes_executor' retrieved from /home/airflow/.local/lib/python3.8/site-packages/airflow/example_dags/example_kubernetes_executor.py
[2024-02-10T17:48:14.072+0000] {logging_mixin.py:188} INFO - [2024-02-10T17:48:14.071+0000] {dag.py:3036} INFO - Sync 1 DAGs
[2024-02-10T17:48:14.082+0000] {logging_mixin.py:188} INFO - [2024-02-10T17:48:14.082+0000] {dag.py:3823} INFO - Setting next_dagrun for example_kubernetes_executor to None, run_after=None
[2024-02-10T17:48:14.103+0000] {processor.py:183} INFO - Processing /home/airflow/.local/lib/python3.8/site-packages/airflow/example_dags/example_kubernetes_executor.py took 0.091 seconds
[2024-02-10T17:48:44.819+0000] {processor.py:161} INFO - Started process (PID=679) to work on /home/airflow/.local/lib/python3.8/site-packages/airflow/example_dags/example_kubernetes_executor.py
[2024-02-10T17:48:44.820+0000] {processor.py:830} INFO - Processing file /home/airflow/.local/lib/python3.8/site-packages/airflow/example_dags/example_kubernetes_executor.py for tasks to queue
[2024-02-10T17:48:44.822+0000] {logging_mixin.py:188} INFO - [2024-02-10T17:48:44.821+0000] {dagbag.py:538} INFO - Filling up the DagBag from /home/airflow/.local/lib/python3.8/site-packages/airflow/example_dags/example_kubernetes_executor.py
[2024-02-10T17:48:44.843+0000] {processor.py:840} INFO - DAG(s) 'example_kubernetes_executor' retrieved from /home/airflow/.local/lib/python3.8/site-packages/airflow/example_dags/example_kubernetes_executor.py
[2024-02-10T17:48:44.871+0000] {logging_mixin.py:188} INFO - [2024-02-10T17:48:44.871+0000] {dag.py:3036} INFO - Sync 1 DAGs
[2024-02-10T17:48:44.881+0000] {logging_mixin.py:188} INFO - [2024-02-10T17:48:44.881+0000] {dag.py:3823} INFO - Setting next_dagrun for example_kubernetes_executor to None, run_after=None
[2024-02-10T17:48:44.903+0000] {processor.py:183} INFO - Processing /home/airflow/.local/lib/python3.8/site-packages/airflow/example_dags/example_kubernetes_executor.py took 0.088 seconds
[2024-02-10T17:49:15.445+0000] {processor.py:161} INFO - Started process (PID=734) to work on /home/airflow/.local/lib/python3.8/site-packages/airflow/example_dags/example_kubernetes_executor.py
[2024-02-10T17:49:15.446+0000] {processor.py:830} INFO - Processing file /home/airflow/.local/lib/python3.8/site-packages/airflow/example_dags/example_kubernetes_executor.py for tasks to queue
[2024-02-10T17:49:15.448+0000] {logging_mixin.py:188} INFO - [2024-02-10T17:49:15.448+0000] {dagbag.py:538} INFO - Filling up the DagBag from /home/airflow/.local/lib/python3.8/site-packages/airflow/example_dags/example_kubernetes_executor.py
[2024-02-10T17:49:15.463+0000] {processor.py:840} INFO - DAG(s) 'example_kubernetes_executor' retrieved from /home/airflow/.local/lib/python3.8/site-packages/airflow/example_dags/example_kubernetes_executor.py
[2024-02-10T17:49:15.497+0000] {logging_mixin.py:188} INFO - [2024-02-10T17:49:15.497+0000] {dag.py:3036} INFO - Sync 1 DAGs
[2024-02-10T17:49:15.506+0000] {logging_mixin.py:188} INFO - [2024-02-10T17:49:15.506+0000] {dag.py:3823} INFO - Setting next_dagrun for example_kubernetes_executor to None, run_after=None
[2024-02-10T17:49:15.527+0000] {processor.py:183} INFO - Processing /home/airflow/.local/lib/python3.8/site-packages/airflow/example_dags/example_kubernetes_executor.py took 0.085 seconds
[2024-02-10T17:49:45.745+0000] {processor.py:161} INFO - Started process (PID=789) to work on /home/airflow/.local/lib/python3.8/site-packages/airflow/example_dags/example_kubernetes_executor.py
[2024-02-10T17:49:45.745+0000] {processor.py:830} INFO - Processing file /home/airflow/.local/lib/python3.8/site-packages/airflow/example_dags/example_kubernetes_executor.py for tasks to queue
[2024-02-10T17:49:45.747+0000] {logging_mixin.py:188} INFO - [2024-02-10T17:49:45.747+0000] {dagbag.py:538} INFO - Filling up the DagBag from /home/airflow/.local/lib/python3.8/site-packages/airflow/example_dags/example_kubernetes_executor.py
[2024-02-10T17:49:45.764+0000] {processor.py:840} INFO - DAG(s) 'example_kubernetes_executor' retrieved from /home/airflow/.local/lib/python3.8/site-packages/airflow/example_dags/example_kubernetes_executor.py
[2024-02-10T17:49:45.795+0000] {logging_mixin.py:188} INFO - [2024-02-10T17:49:45.795+0000] {dag.py:3036} INFO - Sync 1 DAGs
[2024-02-10T17:49:45.804+0000] {logging_mixin.py:188} INFO - [2024-02-10T17:49:45.804+0000] {dag.py:3823} INFO - Setting next_dagrun for example_kubernetes_executor to None, run_after=None
[2024-02-10T17:49:45.824+0000] {processor.py:183} INFO - Processing /home/airflow/.local/lib/python3.8/site-packages/airflow/example_dags/example_kubernetes_executor.py took 0.082 seconds
[2024-02-10T17:50:16.548+0000] {processor.py:161} INFO - Started process (PID=850) to work on /home/airflow/.local/lib/python3.8/site-packages/airflow/example_dags/example_kubernetes_executor.py
[2024-02-10T17:50:16.550+0000] {processor.py:830} INFO - Processing file /home/airflow/.local/lib/python3.8/site-packages/airflow/example_dags/example_kubernetes_executor.py for tasks to queue
[2024-02-10T17:50:16.552+0000] {logging_mixin.py:188} INFO - [2024-02-10T17:50:16.552+0000] {dagbag.py:538} INFO - Filling up the DagBag from /home/airflow/.local/lib/python3.8/site-packages/airflow/example_dags/example_kubernetes_executor.py
[2024-02-10T17:50:16.590+0000] {processor.py:840} INFO - DAG(s) 'example_kubernetes_executor' retrieved from /home/airflow/.local/lib/python3.8/site-packages/airflow/example_dags/example_kubernetes_executor.py
[2024-02-10T17:50:16.626+0000] {logging_mixin.py:188} INFO - [2024-02-10T17:50:16.626+0000] {dag.py:3036} INFO - Sync 1 DAGs
[2024-02-10T17:50:16.635+0000] {logging_mixin.py:188} INFO - [2024-02-10T17:50:16.635+0000] {dag.py:3823} INFO - Setting next_dagrun for example_kubernetes_executor to None, run_after=None
[2024-02-10T17:50:16.655+0000] {processor.py:183} INFO - Processing /home/airflow/.local/lib/python3.8/site-packages/airflow/example_dags/example_kubernetes_executor.py took 0.110 seconds
[2024-02-10T17:50:46.927+0000] {processor.py:161} INFO - Started process (PID=905) to work on /home/airflow/.local/lib/python3.8/site-packages/airflow/example_dags/example_kubernetes_executor.py
[2024-02-10T17:50:46.930+0000] {processor.py:830} INFO - Processing file /home/airflow/.local/lib/python3.8/site-packages/airflow/example_dags/example_kubernetes_executor.py for tasks to queue
[2024-02-10T17:50:46.935+0000] {logging_mixin.py:188} INFO - [2024-02-10T17:50:46.934+0000] {dagbag.py:538} INFO - Filling up the DagBag from /home/airflow/.local/lib/python3.8/site-packages/airflow/example_dags/example_kubernetes_executor.py
[2024-02-10T17:50:46.973+0000] {processor.py:840} INFO - DAG(s) 'example_kubernetes_executor' retrieved from /home/airflow/.local/lib/python3.8/site-packages/airflow/example_dags/example_kubernetes_executor.py
[2024-02-10T17:50:47.045+0000] {logging_mixin.py:188} INFO - [2024-02-10T17:50:47.045+0000] {dag.py:3036} INFO - Sync 1 DAGs
[2024-02-10T17:50:47.055+0000] {logging_mixin.py:188} INFO - [2024-02-10T17:50:47.055+0000] {dag.py:3823} INFO - Setting next_dagrun for example_kubernetes_executor to None, run_after=None
[2024-02-10T17:50:47.075+0000] {processor.py:183} INFO - Processing /home/airflow/.local/lib/python3.8/site-packages/airflow/example_dags/example_kubernetes_executor.py took 0.158 seconds
[2024-02-10T17:51:17.190+0000] {processor.py:161} INFO - Started process (PID=960) to work on /home/airflow/.local/lib/python3.8/site-packages/airflow/example_dags/example_kubernetes_executor.py
[2024-02-10T17:51:17.191+0000] {processor.py:830} INFO - Processing file /home/airflow/.local/lib/python3.8/site-packages/airflow/example_dags/example_kubernetes_executor.py for tasks to queue
[2024-02-10T17:51:17.193+0000] {logging_mixin.py:188} INFO - [2024-02-10T17:51:17.193+0000] {dagbag.py:538} INFO - Filling up the DagBag from /home/airflow/.local/lib/python3.8/site-packages/airflow/example_dags/example_kubernetes_executor.py
[2024-02-10T17:51:17.211+0000] {processor.py:840} INFO - DAG(s) 'example_kubernetes_executor' retrieved from /home/airflow/.local/lib/python3.8/site-packages/airflow/example_dags/example_kubernetes_executor.py
[2024-02-10T17:51:17.252+0000] {logging_mixin.py:188} INFO - [2024-02-10T17:51:17.252+0000] {dag.py:3036} INFO - Sync 1 DAGs
[2024-02-10T17:51:17.261+0000] {logging_mixin.py:188} INFO - [2024-02-10T17:51:17.261+0000] {dag.py:3823} INFO - Setting next_dagrun for example_kubernetes_executor to None, run_after=None
[2024-02-10T17:51:17.282+0000] {processor.py:183} INFO - Processing /home/airflow/.local/lib/python3.8/site-packages/airflow/example_dags/example_kubernetes_executor.py took 0.096 seconds
[2024-02-10T17:51:48.940+0000] {processor.py:161} INFO - Started process (PID=1015) to work on /home/airflow/.local/lib/python3.8/site-packages/airflow/example_dags/example_kubernetes_executor.py
[2024-02-10T17:51:48.942+0000] {processor.py:830} INFO - Processing file /home/airflow/.local/lib/python3.8/site-packages/airflow/example_dags/example_kubernetes_executor.py for tasks to queue
[2024-02-10T17:51:48.944+0000] {logging_mixin.py:188} INFO - [2024-02-10T17:51:48.943+0000] {dagbag.py:538} INFO - Filling up the DagBag from /home/airflow/.local/lib/python3.8/site-packages/airflow/example_dags/example_kubernetes_executor.py
[2024-02-10T17:51:48.982+0000] {processor.py:840} INFO - DAG(s) 'example_kubernetes_executor' retrieved from /home/airflow/.local/lib/python3.8/site-packages/airflow/example_dags/example_kubernetes_executor.py
[2024-02-10T17:51:49.071+0000] {logging_mixin.py:188} INFO - [2024-02-10T17:51:49.070+0000] {dag.py:3036} INFO - Sync 1 DAGs
[2024-02-10T17:51:49.103+0000] {logging_mixin.py:188} INFO - [2024-02-10T17:51:49.102+0000] {dag.py:3823} INFO - Setting next_dagrun for example_kubernetes_executor to None, run_after=None
[2024-02-10T17:51:49.142+0000] {processor.py:183} INFO - Processing /home/airflow/.local/lib/python3.8/site-packages/airflow/example_dags/example_kubernetes_executor.py took 0.205 seconds
[2024-02-10T17:52:20.848+0000] {processor.py:161} INFO - Started process (PID=1070) to work on /home/airflow/.local/lib/python3.8/site-packages/airflow/example_dags/example_kubernetes_executor.py
[2024-02-10T17:52:20.849+0000] {processor.py:830} INFO - Processing file /home/airflow/.local/lib/python3.8/site-packages/airflow/example_dags/example_kubernetes_executor.py for tasks to queue
[2024-02-10T17:52:20.851+0000] {logging_mixin.py:188} INFO - [2024-02-10T17:52:20.851+0000] {dagbag.py:538} INFO - Filling up the DagBag from /home/airflow/.local/lib/python3.8/site-packages/airflow/example_dags/example_kubernetes_executor.py
[2024-02-10T17:52:20.978+0000] {processor.py:840} INFO - DAG(s) 'example_kubernetes_executor' retrieved from /home/airflow/.local/lib/python3.8/site-packages/airflow/example_dags/example_kubernetes_executor.py
[2024-02-10T17:52:21.275+0000] {logging_mixin.py:188} INFO - [2024-02-10T17:52:21.274+0000] {dag.py:3036} INFO - Sync 1 DAGs
[2024-02-10T17:52:21.368+0000] {logging_mixin.py:188} INFO - [2024-02-10T17:52:21.367+0000] {dag.py:3823} INFO - Setting next_dagrun for example_kubernetes_executor to None, run_after=None
[2024-02-10T17:52:21.490+0000] {processor.py:183} INFO - Processing /home/airflow/.local/lib/python3.8/site-packages/airflow/example_dags/example_kubernetes_executor.py took 0.681 seconds
[2024-02-10T17:52:51.733+0000] {processor.py:161} INFO - Started process (PID=1125) to work on /home/airflow/.local/lib/python3.8/site-packages/airflow/example_dags/example_kubernetes_executor.py
[2024-02-10T17:52:51.733+0000] {processor.py:830} INFO - Processing file /home/airflow/.local/lib/python3.8/site-packages/airflow/example_dags/example_kubernetes_executor.py for tasks to queue
[2024-02-10T17:52:51.735+0000] {logging_mixin.py:188} INFO - [2024-02-10T17:52:51.735+0000] {dagbag.py:538} INFO - Filling up the DagBag from /home/airflow/.local/lib/python3.8/site-packages/airflow/example_dags/example_kubernetes_executor.py
[2024-02-10T17:52:51.751+0000] {processor.py:840} INFO - DAG(s) 'example_kubernetes_executor' retrieved from /home/airflow/.local/lib/python3.8/site-packages/airflow/example_dags/example_kubernetes_executor.py
[2024-02-10T17:52:51.797+0000] {logging_mixin.py:188} INFO - [2024-02-10T17:52:51.796+0000] {dag.py:3036} INFO - Sync 1 DAGs
[2024-02-10T17:52:51.810+0000] {logging_mixin.py:188} INFO - [2024-02-10T17:52:51.810+0000] {dag.py:3823} INFO - Setting next_dagrun for example_kubernetes_executor to None, run_after=None
[2024-02-10T17:52:51.847+0000] {processor.py:183} INFO - Processing /home/airflow/.local/lib/python3.8/site-packages/airflow/example_dags/example_kubernetes_executor.py took 0.118 seconds
[2024-02-10T17:53:22.190+0000] {processor.py:161} INFO - Started process (PID=1181) to work on /home/airflow/.local/lib/python3.8/site-packages/airflow/example_dags/example_kubernetes_executor.py
[2024-02-10T17:53:22.191+0000] {processor.py:830} INFO - Processing file /home/airflow/.local/lib/python3.8/site-packages/airflow/example_dags/example_kubernetes_executor.py for tasks to queue
[2024-02-10T17:53:22.192+0000] {logging_mixin.py:188} INFO - [2024-02-10T17:53:22.192+0000] {dagbag.py:538} INFO - Filling up the DagBag from /home/airflow/.local/lib/python3.8/site-packages/airflow/example_dags/example_kubernetes_executor.py
[2024-02-10T17:53:22.204+0000] {processor.py:840} INFO - DAG(s) 'example_kubernetes_executor' retrieved from /home/airflow/.local/lib/python3.8/site-packages/airflow/example_dags/example_kubernetes_executor.py
[2024-02-10T17:53:22.234+0000] {logging_mixin.py:188} INFO - [2024-02-10T17:53:22.233+0000] {dag.py:3036} INFO - Sync 1 DAGs
[2024-02-10T17:53:22.249+0000] {logging_mixin.py:188} INFO - [2024-02-10T17:53:22.249+0000] {dag.py:3823} INFO - Setting next_dagrun for example_kubernetes_executor to None, run_after=None
[2024-02-10T17:53:22.274+0000] {processor.py:183} INFO - Processing /home/airflow/.local/lib/python3.8/site-packages/airflow/example_dags/example_kubernetes_executor.py took 0.086 seconds
[2024-02-10T17:53:52.647+0000] {processor.py:161} INFO - Started process (PID=1236) to work on /home/airflow/.local/lib/python3.8/site-packages/airflow/example_dags/example_kubernetes_executor.py
[2024-02-10T17:53:52.655+0000] {processor.py:830} INFO - Processing file /home/airflow/.local/lib/python3.8/site-packages/airflow/example_dags/example_kubernetes_executor.py for tasks to queue
[2024-02-10T17:53:52.657+0000] {logging_mixin.py:188} INFO - [2024-02-10T17:53:52.657+0000] {dagbag.py:538} INFO - Filling up the DagBag from /home/airflow/.local/lib/python3.8/site-packages/airflow/example_dags/example_kubernetes_executor.py
[2024-02-10T17:53:52.725+0000] {processor.py:840} INFO - DAG(s) 'example_kubernetes_executor' retrieved from /home/airflow/.local/lib/python3.8/site-packages/airflow/example_dags/example_kubernetes_executor.py
[2024-02-10T17:53:52.792+0000] {logging_mixin.py:188} INFO - [2024-02-10T17:53:52.792+0000] {dag.py:3036} INFO - Sync 1 DAGs
[2024-02-10T17:53:52.807+0000] {logging_mixin.py:188} INFO - [2024-02-10T17:53:52.807+0000] {dag.py:3823} INFO - Setting next_dagrun for example_kubernetes_executor to None, run_after=None
[2024-02-10T17:53:52.868+0000] {processor.py:183} INFO - Processing /home/airflow/.local/lib/python3.8/site-packages/airflow/example_dags/example_kubernetes_executor.py took 0.233 seconds
[2024-02-10T17:54:23.782+0000] {processor.py:161} INFO - Started process (PID=1292) to work on /home/airflow/.local/lib/python3.8/site-packages/airflow/example_dags/example_kubernetes_executor.py
[2024-02-10T17:54:23.783+0000] {processor.py:830} INFO - Processing file /home/airflow/.local/lib/python3.8/site-packages/airflow/example_dags/example_kubernetes_executor.py for tasks to queue
[2024-02-10T17:54:23.785+0000] {logging_mixin.py:188} INFO - [2024-02-10T17:54:23.785+0000] {dagbag.py:538} INFO - Filling up the DagBag from /home/airflow/.local/lib/python3.8/site-packages/airflow/example_dags/example_kubernetes_executor.py
[2024-02-10T17:54:23.804+0000] {processor.py:840} INFO - DAG(s) 'example_kubernetes_executor' retrieved from /home/airflow/.local/lib/python3.8/site-packages/airflow/example_dags/example_kubernetes_executor.py
[2024-02-10T17:54:23.920+0000] {logging_mixin.py:188} INFO - [2024-02-10T17:54:23.919+0000] {dag.py:3036} INFO - Sync 1 DAGs
[2024-02-10T17:54:23.947+0000] {logging_mixin.py:188} INFO - [2024-02-10T17:54:23.946+0000] {dag.py:3823} INFO - Setting next_dagrun for example_kubernetes_executor to None, run_after=None
[2024-02-10T17:54:23.974+0000] {processor.py:183} INFO - Processing /home/airflow/.local/lib/python3.8/site-packages/airflow/example_dags/example_kubernetes_executor.py took 0.195 seconds
[2024-02-10T17:54:54.216+0000] {processor.py:161} INFO - Started process (PID=1347) to work on /home/airflow/.local/lib/python3.8/site-packages/airflow/example_dags/example_kubernetes_executor.py
[2024-02-10T17:54:54.217+0000] {processor.py:830} INFO - Processing file /home/airflow/.local/lib/python3.8/site-packages/airflow/example_dags/example_kubernetes_executor.py for tasks to queue
[2024-02-10T17:54:54.219+0000] {logging_mixin.py:188} INFO - [2024-02-10T17:54:54.219+0000] {dagbag.py:538} INFO - Filling up the DagBag from /home/airflow/.local/lib/python3.8/site-packages/airflow/example_dags/example_kubernetes_executor.py
[2024-02-10T17:54:54.237+0000] {processor.py:840} INFO - DAG(s) 'example_kubernetes_executor' retrieved from /home/airflow/.local/lib/python3.8/site-packages/airflow/example_dags/example_kubernetes_executor.py
[2024-02-10T17:54:54.289+0000] {logging_mixin.py:188} INFO - [2024-02-10T17:54:54.289+0000] {dag.py:3036} INFO - Sync 1 DAGs
[2024-02-10T17:54:54.304+0000] {logging_mixin.py:188} INFO - [2024-02-10T17:54:54.304+0000] {dag.py:3823} INFO - Setting next_dagrun for example_kubernetes_executor to None, run_after=None
[2024-02-10T17:54:54.329+0000] {processor.py:183} INFO - Processing /home/airflow/.local/lib/python3.8/site-packages/airflow/example_dags/example_kubernetes_executor.py took 0.116 seconds
[2024-02-10T17:55:24.604+0000] {processor.py:161} INFO - Started process (PID=1402) to work on /home/airflow/.local/lib/python3.8/site-packages/airflow/example_dags/example_kubernetes_executor.py
[2024-02-10T17:55:24.604+0000] {processor.py:830} INFO - Processing file /home/airflow/.local/lib/python3.8/site-packages/airflow/example_dags/example_kubernetes_executor.py for tasks to queue
[2024-02-10T17:55:24.606+0000] {logging_mixin.py:188} INFO - [2024-02-10T17:55:24.606+0000] {dagbag.py:538} INFO - Filling up the DagBag from /home/airflow/.local/lib/python3.8/site-packages/airflow/example_dags/example_kubernetes_executor.py
[2024-02-10T17:55:24.629+0000] {processor.py:840} INFO - DAG(s) 'example_kubernetes_executor' retrieved from /home/airflow/.local/lib/python3.8/site-packages/airflow/example_dags/example_kubernetes_executor.py
[2024-02-10T17:55:24.679+0000] {logging_mixin.py:188} INFO - [2024-02-10T17:55:24.678+0000] {dag.py:3036} INFO - Sync 1 DAGs
[2024-02-10T17:55:24.693+0000] {logging_mixin.py:188} INFO - [2024-02-10T17:55:24.693+0000] {dag.py:3823} INFO - Setting next_dagrun for example_kubernetes_executor to None, run_after=None
[2024-02-10T17:55:24.717+0000] {processor.py:183} INFO - Processing /home/airflow/.local/lib/python3.8/site-packages/airflow/example_dags/example_kubernetes_executor.py took 0.117 seconds
[2024-02-10T17:55:55.018+0000] {processor.py:161} INFO - Started process (PID=1458) to work on /home/airflow/.local/lib/python3.8/site-packages/airflow/example_dags/example_kubernetes_executor.py
[2024-02-10T17:55:55.019+0000] {processor.py:830} INFO - Processing file /home/airflow/.local/lib/python3.8/site-packages/airflow/example_dags/example_kubernetes_executor.py for tasks to queue
[2024-02-10T17:55:55.020+0000] {logging_mixin.py:188} INFO - [2024-02-10T17:55:55.020+0000] {dagbag.py:538} INFO - Filling up the DagBag from /home/airflow/.local/lib/python3.8/site-packages/airflow/example_dags/example_kubernetes_executor.py
[2024-02-10T17:55:55.038+0000] {processor.py:840} INFO - DAG(s) 'example_kubernetes_executor' retrieved from /home/airflow/.local/lib/python3.8/site-packages/airflow/example_dags/example_kubernetes_executor.py
[2024-02-10T17:55:55.098+0000] {logging_mixin.py:188} INFO - [2024-02-10T17:55:55.098+0000] {dag.py:3036} INFO - Sync 1 DAGs
[2024-02-10T17:55:55.118+0000] {logging_mixin.py:188} INFO - [2024-02-10T17:55:55.117+0000] {dag.py:3823} INFO - Setting next_dagrun for example_kubernetes_executor to None, run_after=None
[2024-02-10T17:55:55.153+0000] {processor.py:183} INFO - Processing /home/airflow/.local/lib/python3.8/site-packages/airflow/example_dags/example_kubernetes_executor.py took 0.138 seconds
[2024-02-10T17:56:25.564+0000] {processor.py:161} INFO - Started process (PID=1514) to work on /home/airflow/.local/lib/python3.8/site-packages/airflow/example_dags/example_kubernetes_executor.py
[2024-02-10T17:56:25.564+0000] {processor.py:830} INFO - Processing file /home/airflow/.local/lib/python3.8/site-packages/airflow/example_dags/example_kubernetes_executor.py for tasks to queue
[2024-02-10T17:56:25.566+0000] {logging_mixin.py:188} INFO - [2024-02-10T17:56:25.566+0000] {dagbag.py:538} INFO - Filling up the DagBag from /home/airflow/.local/lib/python3.8/site-packages/airflow/example_dags/example_kubernetes_executor.py
[2024-02-10T17:56:25.584+0000] {processor.py:840} INFO - DAG(s) 'example_kubernetes_executor' retrieved from /home/airflow/.local/lib/python3.8/site-packages/airflow/example_dags/example_kubernetes_executor.py
[2024-02-10T17:56:25.633+0000] {logging_mixin.py:188} INFO - [2024-02-10T17:56:25.633+0000] {dag.py:3036} INFO - Sync 1 DAGs
[2024-02-10T17:56:25.647+0000] {logging_mixin.py:188} INFO - [2024-02-10T17:56:25.647+0000] {dag.py:3823} INFO - Setting next_dagrun for example_kubernetes_executor to None, run_after=None
[2024-02-10T17:56:25.671+0000] {processor.py:183} INFO - Processing /home/airflow/.local/lib/python3.8/site-packages/airflow/example_dags/example_kubernetes_executor.py took 0.111 seconds
[2024-02-10T17:56:56.283+0000] {processor.py:161} INFO - Started process (PID=1570) to work on /home/airflow/.local/lib/python3.8/site-packages/airflow/example_dags/example_kubernetes_executor.py
[2024-02-10T17:56:56.283+0000] {processor.py:830} INFO - Processing file /home/airflow/.local/lib/python3.8/site-packages/airflow/example_dags/example_kubernetes_executor.py for tasks to queue
[2024-02-10T17:56:56.285+0000] {logging_mixin.py:188} INFO - [2024-02-10T17:56:56.285+0000] {dagbag.py:538} INFO - Filling up the DagBag from /home/airflow/.local/lib/python3.8/site-packages/airflow/example_dags/example_kubernetes_executor.py
[2024-02-10T17:56:56.303+0000] {processor.py:840} INFO - DAG(s) 'example_kubernetes_executor' retrieved from /home/airflow/.local/lib/python3.8/site-packages/airflow/example_dags/example_kubernetes_executor.py
[2024-02-10T17:56:56.348+0000] {logging_mixin.py:188} INFO - [2024-02-10T17:56:56.347+0000] {dag.py:3036} INFO - Sync 1 DAGs
[2024-02-10T17:56:56.362+0000] {logging_mixin.py:188} INFO - [2024-02-10T17:56:56.361+0000] {dag.py:3823} INFO - Setting next_dagrun for example_kubernetes_executor to None, run_after=None
[2024-02-10T17:56:56.386+0000] {processor.py:183} INFO - Processing /home/airflow/.local/lib/python3.8/site-packages/airflow/example_dags/example_kubernetes_executor.py took 0.107 seconds
[2024-02-10T17:57:26.610+0000] {processor.py:161} INFO - Started process (PID=1625) to work on /home/airflow/.local/lib/python3.8/site-packages/airflow/example_dags/example_kubernetes_executor.py
[2024-02-10T17:57:26.611+0000] {processor.py:830} INFO - Processing file /home/airflow/.local/lib/python3.8/site-packages/airflow/example_dags/example_kubernetes_executor.py for tasks to queue
[2024-02-10T17:57:26.613+0000] {logging_mixin.py:188} INFO - [2024-02-10T17:57:26.612+0000] {dagbag.py:538} INFO - Filling up the DagBag from /home/airflow/.local/lib/python3.8/site-packages/airflow/example_dags/example_kubernetes_executor.py
[2024-02-10T17:57:26.630+0000] {processor.py:840} INFO - DAG(s) 'example_kubernetes_executor' retrieved from /home/airflow/.local/lib/python3.8/site-packages/airflow/example_dags/example_kubernetes_executor.py
[2024-02-10T17:57:26.678+0000] {logging_mixin.py:188} INFO - [2024-02-10T17:57:26.678+0000] {dag.py:3036} INFO - Sync 1 DAGs
[2024-02-10T17:57:26.693+0000] {logging_mixin.py:188} INFO - [2024-02-10T17:57:26.693+0000] {dag.py:3823} INFO - Setting next_dagrun for example_kubernetes_executor to None, run_after=None
[2024-02-10T17:57:26.716+0000] {processor.py:183} INFO - Processing /home/airflow/.local/lib/python3.8/site-packages/airflow/example_dags/example_kubernetes_executor.py took 0.110 seconds
[2024-02-10T17:57:57.174+0000] {processor.py:161} INFO - Started process (PID=1680) to work on /home/airflow/.local/lib/python3.8/site-packages/airflow/example_dags/example_kubernetes_executor.py
[2024-02-10T17:57:57.176+0000] {processor.py:830} INFO - Processing file /home/airflow/.local/lib/python3.8/site-packages/airflow/example_dags/example_kubernetes_executor.py for tasks to queue
[2024-02-10T17:57:57.185+0000] {logging_mixin.py:188} INFO - [2024-02-10T17:57:57.178+0000] {dagbag.py:538} INFO - Filling up the DagBag from /home/airflow/.local/lib/python3.8/site-packages/airflow/example_dags/example_kubernetes_executor.py
[2024-02-10T17:57:57.203+0000] {processor.py:840} INFO - DAG(s) 'example_kubernetes_executor' retrieved from /home/airflow/.local/lib/python3.8/site-packages/airflow/example_dags/example_kubernetes_executor.py
[2024-02-10T17:57:57.255+0000] {logging_mixin.py:188} INFO - [2024-02-10T17:57:57.254+0000] {dag.py:3036} INFO - Sync 1 DAGs
[2024-02-10T17:57:57.269+0000] {logging_mixin.py:188} INFO - [2024-02-10T17:57:57.269+0000] {dag.py:3823} INFO - Setting next_dagrun for example_kubernetes_executor to None, run_after=None
[2024-02-10T17:57:57.293+0000] {processor.py:183} INFO - Processing /home/airflow/.local/lib/python3.8/site-packages/airflow/example_dags/example_kubernetes_executor.py took 0.125 seconds
[2024-02-10T17:58:27.360+0000] {processor.py:161} INFO - Started process (PID=1736) to work on /home/airflow/.local/lib/python3.8/site-packages/airflow/example_dags/example_kubernetes_executor.py
[2024-02-10T17:58:27.361+0000] {processor.py:830} INFO - Processing file /home/airflow/.local/lib/python3.8/site-packages/airflow/example_dags/example_kubernetes_executor.py for tasks to queue
[2024-02-10T17:58:27.363+0000] {logging_mixin.py:188} INFO - [2024-02-10T17:58:27.363+0000] {dagbag.py:538} INFO - Filling up the DagBag from /home/airflow/.local/lib/python3.8/site-packages/airflow/example_dags/example_kubernetes_executor.py
[2024-02-10T17:58:27.382+0000] {processor.py:840} INFO - DAG(s) 'example_kubernetes_executor' retrieved from /home/airflow/.local/lib/python3.8/site-packages/airflow/example_dags/example_kubernetes_executor.py
[2024-02-10T17:58:27.426+0000] {logging_mixin.py:188} INFO - [2024-02-10T17:58:27.426+0000] {dag.py:3036} INFO - Sync 1 DAGs
[2024-02-10T17:58:27.441+0000] {logging_mixin.py:188} INFO - [2024-02-10T17:58:27.440+0000] {dag.py:3823} INFO - Setting next_dagrun for example_kubernetes_executor to None, run_after=None
[2024-02-10T17:58:27.495+0000] {processor.py:183} INFO - Processing /home/airflow/.local/lib/python3.8/site-packages/airflow/example_dags/example_kubernetes_executor.py took 0.138 seconds
[2024-02-10T17:58:57.841+0000] {processor.py:161} INFO - Started process (PID=1791) to work on /home/airflow/.local/lib/python3.8/site-packages/airflow/example_dags/example_kubernetes_executor.py
[2024-02-10T17:58:57.858+0000] {processor.py:830} INFO - Processing file /home/airflow/.local/lib/python3.8/site-packages/airflow/example_dags/example_kubernetes_executor.py for tasks to queue
[2024-02-10T17:58:57.860+0000] {logging_mixin.py:188} INFO - [2024-02-10T17:58:57.859+0000] {dagbag.py:538} INFO - Filling up the DagBag from /home/airflow/.local/lib/python3.8/site-packages/airflow/example_dags/example_kubernetes_executor.py
[2024-02-10T17:58:57.882+0000] {processor.py:840} INFO - DAG(s) 'example_kubernetes_executor' retrieved from /home/airflow/.local/lib/python3.8/site-packages/airflow/example_dags/example_kubernetes_executor.py
[2024-02-10T17:58:57.998+0000] {logging_mixin.py:188} INFO - [2024-02-10T17:58:57.998+0000] {dag.py:3036} INFO - Sync 1 DAGs
[2024-02-10T17:58:58.027+0000] {logging_mixin.py:188} INFO - [2024-02-10T17:58:58.027+0000] {dag.py:3823} INFO - Setting next_dagrun for example_kubernetes_executor to None, run_after=None
[2024-02-10T17:58:58.066+0000] {processor.py:183} INFO - Processing /home/airflow/.local/lib/python3.8/site-packages/airflow/example_dags/example_kubernetes_executor.py took 0.229 seconds
[2024-02-10T17:59:28.733+0000] {processor.py:161} INFO - Started process (PID=1846) to work on /home/airflow/.local/lib/python3.8/site-packages/airflow/example_dags/example_kubernetes_executor.py
[2024-02-10T17:59:28.738+0000] {processor.py:830} INFO - Processing file /home/airflow/.local/lib/python3.8/site-packages/airflow/example_dags/example_kubernetes_executor.py for tasks to queue
[2024-02-10T17:59:28.739+0000] {logging_mixin.py:188} INFO - [2024-02-10T17:59:28.739+0000] {dagbag.py:538} INFO - Filling up the DagBag from /home/airflow/.local/lib/python3.8/site-packages/airflow/example_dags/example_kubernetes_executor.py
[2024-02-10T17:59:28.776+0000] {processor.py:840} INFO - DAG(s) 'example_kubernetes_executor' retrieved from /home/airflow/.local/lib/python3.8/site-packages/airflow/example_dags/example_kubernetes_executor.py
[2024-02-10T17:59:28.862+0000] {logging_mixin.py:188} INFO - [2024-02-10T17:59:28.862+0000] {dag.py:3036} INFO - Sync 1 DAGs
[2024-02-10T17:59:28.889+0000] {logging_mixin.py:188} INFO - [2024-02-10T17:59:28.889+0000] {dag.py:3823} INFO - Setting next_dagrun for example_kubernetes_executor to None, run_after=None
[2024-02-10T17:59:28.925+0000] {processor.py:183} INFO - Processing /home/airflow/.local/lib/python3.8/site-packages/airflow/example_dags/example_kubernetes_executor.py took 0.196 seconds
[2024-02-10T17:59:59.426+0000] {processor.py:161} INFO - Started process (PID=1901) to work on /home/airflow/.local/lib/python3.8/site-packages/airflow/example_dags/example_kubernetes_executor.py
[2024-02-10T17:59:59.432+0000] {processor.py:830} INFO - Processing file /home/airflow/.local/lib/python3.8/site-packages/airflow/example_dags/example_kubernetes_executor.py for tasks to queue
[2024-02-10T17:59:59.434+0000] {logging_mixin.py:188} INFO - [2024-02-10T17:59:59.434+0000] {dagbag.py:538} INFO - Filling up the DagBag from /home/airflow/.local/lib/python3.8/site-packages/airflow/example_dags/example_kubernetes_executor.py
[2024-02-10T17:59:59.460+0000] {processor.py:840} INFO - DAG(s) 'example_kubernetes_executor' retrieved from /home/airflow/.local/lib/python3.8/site-packages/airflow/example_dags/example_kubernetes_executor.py
[2024-02-10T17:59:59.528+0000] {logging_mixin.py:188} INFO - [2024-02-10T17:59:59.528+0000] {dag.py:3036} INFO - Sync 1 DAGs
[2024-02-10T17:59:59.543+0000] {logging_mixin.py:188} INFO - [2024-02-10T17:59:59.543+0000] {dag.py:3823} INFO - Setting next_dagrun for example_kubernetes_executor to None, run_after=None
[2024-02-10T17:59:59.568+0000] {processor.py:183} INFO - Processing /home/airflow/.local/lib/python3.8/site-packages/airflow/example_dags/example_kubernetes_executor.py took 0.146 seconds
[2024-02-10T18:00:29.753+0000] {processor.py:161} INFO - Started process (PID=1956) to work on /home/airflow/.local/lib/python3.8/site-packages/airflow/example_dags/example_kubernetes_executor.py
[2024-02-10T18:00:29.754+0000] {processor.py:830} INFO - Processing file /home/airflow/.local/lib/python3.8/site-packages/airflow/example_dags/example_kubernetes_executor.py for tasks to queue
[2024-02-10T18:00:29.756+0000] {logging_mixin.py:188} INFO - [2024-02-10T18:00:29.756+0000] {dagbag.py:538} INFO - Filling up the DagBag from /home/airflow/.local/lib/python3.8/site-packages/airflow/example_dags/example_kubernetes_executor.py
[2024-02-10T18:00:29.773+0000] {processor.py:840} INFO - DAG(s) 'example_kubernetes_executor' retrieved from /home/airflow/.local/lib/python3.8/site-packages/airflow/example_dags/example_kubernetes_executor.py
[2024-02-10T18:00:29.820+0000] {logging_mixin.py:188} INFO - [2024-02-10T18:00:29.819+0000] {dag.py:3036} INFO - Sync 1 DAGs
[2024-02-10T18:00:29.835+0000] {logging_mixin.py:188} INFO - [2024-02-10T18:00:29.835+0000] {dag.py:3823} INFO - Setting next_dagrun for example_kubernetes_executor to None, run_after=None
[2024-02-10T18:00:29.858+0000] {processor.py:183} INFO - Processing /home/airflow/.local/lib/python3.8/site-packages/airflow/example_dags/example_kubernetes_executor.py took 0.108 seconds
[2024-02-10T18:01:00.833+0000] {processor.py:161} INFO - Started process (PID=2011) to work on /home/airflow/.local/lib/python3.8/site-packages/airflow/example_dags/example_kubernetes_executor.py
[2024-02-10T18:01:00.834+0000] {processor.py:830} INFO - Processing file /home/airflow/.local/lib/python3.8/site-packages/airflow/example_dags/example_kubernetes_executor.py for tasks to queue
[2024-02-10T18:01:00.836+0000] {logging_mixin.py:188} INFO - [2024-02-10T18:01:00.836+0000] {dagbag.py:538} INFO - Filling up the DagBag from /home/airflow/.local/lib/python3.8/site-packages/airflow/example_dags/example_kubernetes_executor.py
[2024-02-10T18:01:00.855+0000] {processor.py:840} INFO - DAG(s) 'example_kubernetes_executor' retrieved from /home/airflow/.local/lib/python3.8/site-packages/airflow/example_dags/example_kubernetes_executor.py
[2024-02-10T18:01:00.898+0000] {logging_mixin.py:188} INFO - [2024-02-10T18:01:00.898+0000] {dag.py:3036} INFO - Sync 1 DAGs
[2024-02-10T18:01:00.911+0000] {logging_mixin.py:188} INFO - [2024-02-10T18:01:00.911+0000] {dag.py:3823} INFO - Setting next_dagrun for example_kubernetes_executor to None, run_after=None
[2024-02-10T18:01:00.937+0000] {processor.py:183} INFO - Processing /home/airflow/.local/lib/python3.8/site-packages/airflow/example_dags/example_kubernetes_executor.py took 0.107 seconds
[2024-02-10T18:01:31.392+0000] {processor.py:161} INFO - Started process (PID=2066) to work on /home/airflow/.local/lib/python3.8/site-packages/airflow/example_dags/example_kubernetes_executor.py
[2024-02-10T18:01:31.393+0000] {processor.py:830} INFO - Processing file /home/airflow/.local/lib/python3.8/site-packages/airflow/example_dags/example_kubernetes_executor.py for tasks to queue
[2024-02-10T18:01:31.395+0000] {logging_mixin.py:188} INFO - [2024-02-10T18:01:31.395+0000] {dagbag.py:538} INFO - Filling up the DagBag from /home/airflow/.local/lib/python3.8/site-packages/airflow/example_dags/example_kubernetes_executor.py
[2024-02-10T18:01:31.412+0000] {processor.py:840} INFO - DAG(s) 'example_kubernetes_executor' retrieved from /home/airflow/.local/lib/python3.8/site-packages/airflow/example_dags/example_kubernetes_executor.py
[2024-02-10T18:01:31.457+0000] {logging_mixin.py:188} INFO - [2024-02-10T18:01:31.456+0000] {dag.py:3036} INFO - Sync 1 DAGs
[2024-02-10T18:01:31.470+0000] {logging_mixin.py:188} INFO - [2024-02-10T18:01:31.470+0000] {dag.py:3823} INFO - Setting next_dagrun for example_kubernetes_executor to None, run_after=None
[2024-02-10T18:01:31.494+0000] {processor.py:183} INFO - Processing /home/airflow/.local/lib/python3.8/site-packages/airflow/example_dags/example_kubernetes_executor.py took 0.106 seconds
[2024-02-10T18:02:01.533+0000] {processor.py:161} INFO - Started process (PID=2120) to work on /home/airflow/.local/lib/python3.8/site-packages/airflow/example_dags/example_kubernetes_executor.py
[2024-02-10T18:02:01.534+0000] {processor.py:830} INFO - Processing file /home/airflow/.local/lib/python3.8/site-packages/airflow/example_dags/example_kubernetes_executor.py for tasks to queue
[2024-02-10T18:02:01.537+0000] {logging_mixin.py:188} INFO - [2024-02-10T18:02:01.537+0000] {dagbag.py:538} INFO - Filling up the DagBag from /home/airflow/.local/lib/python3.8/site-packages/airflow/example_dags/example_kubernetes_executor.py
[2024-02-10T18:02:01.555+0000] {processor.py:840} INFO - DAG(s) 'example_kubernetes_executor' retrieved from /home/airflow/.local/lib/python3.8/site-packages/airflow/example_dags/example_kubernetes_executor.py
[2024-02-10T18:02:01.600+0000] {logging_mixin.py:188} INFO - [2024-02-10T18:02:01.600+0000] {dag.py:3036} INFO - Sync 1 DAGs
[2024-02-10T18:02:01.611+0000] {logging_mixin.py:188} INFO - [2024-02-10T18:02:01.610+0000] {dag.py:3823} INFO - Setting next_dagrun for example_kubernetes_executor to None, run_after=None
[2024-02-10T18:02:01.633+0000] {processor.py:183} INFO - Processing /home/airflow/.local/lib/python3.8/site-packages/airflow/example_dags/example_kubernetes_executor.py took 0.103 seconds
[2024-02-10T18:02:31.796+0000] {processor.py:161} INFO - Started process (PID=2175) to work on /home/airflow/.local/lib/python3.8/site-packages/airflow/example_dags/example_kubernetes_executor.py
[2024-02-10T18:02:31.796+0000] {processor.py:830} INFO - Processing file /home/airflow/.local/lib/python3.8/site-packages/airflow/example_dags/example_kubernetes_executor.py for tasks to queue
[2024-02-10T18:02:31.798+0000] {logging_mixin.py:188} INFO - [2024-02-10T18:02:31.798+0000] {dagbag.py:538} INFO - Filling up the DagBag from /home/airflow/.local/lib/python3.8/site-packages/airflow/example_dags/example_kubernetes_executor.py
[2024-02-10T18:02:31.816+0000] {processor.py:840} INFO - DAG(s) 'example_kubernetes_executor' retrieved from /home/airflow/.local/lib/python3.8/site-packages/airflow/example_dags/example_kubernetes_executor.py
[2024-02-10T18:02:31.860+0000] {logging_mixin.py:188} INFO - [2024-02-10T18:02:31.860+0000] {dag.py:3036} INFO - Sync 1 DAGs
[2024-02-10T18:02:31.874+0000] {logging_mixin.py:188} INFO - [2024-02-10T18:02:31.874+0000] {dag.py:3823} INFO - Setting next_dagrun for example_kubernetes_executor to None, run_after=None
[2024-02-10T18:02:31.899+0000] {processor.py:183} INFO - Processing /home/airflow/.local/lib/python3.8/site-packages/airflow/example_dags/example_kubernetes_executor.py took 0.107 seconds
[2024-02-10T18:03:02.284+0000] {processor.py:161} INFO - Started process (PID=2231) to work on /home/airflow/.local/lib/python3.8/site-packages/airflow/example_dags/example_kubernetes_executor.py
[2024-02-10T18:03:02.285+0000] {processor.py:830} INFO - Processing file /home/airflow/.local/lib/python3.8/site-packages/airflow/example_dags/example_kubernetes_executor.py for tasks to queue
[2024-02-10T18:03:02.287+0000] {logging_mixin.py:188} INFO - [2024-02-10T18:03:02.286+0000] {dagbag.py:538} INFO - Filling up the DagBag from /home/airflow/.local/lib/python3.8/site-packages/airflow/example_dags/example_kubernetes_executor.py
[2024-02-10T18:03:02.304+0000] {processor.py:840} INFO - DAG(s) 'example_kubernetes_executor' retrieved from /home/airflow/.local/lib/python3.8/site-packages/airflow/example_dags/example_kubernetes_executor.py
[2024-02-10T18:03:02.355+0000] {logging_mixin.py:188} INFO - [2024-02-10T18:03:02.355+0000] {dag.py:3036} INFO - Sync 1 DAGs
[2024-02-10T18:03:02.370+0000] {logging_mixin.py:188} INFO - [2024-02-10T18:03:02.370+0000] {dag.py:3823} INFO - Setting next_dagrun for example_kubernetes_executor to None, run_after=None
[2024-02-10T18:03:02.414+0000] {processor.py:183} INFO - Processing /home/airflow/.local/lib/python3.8/site-packages/airflow/example_dags/example_kubernetes_executor.py took 0.134 seconds
[2024-02-10T18:03:32.769+0000] {processor.py:161} INFO - Started process (PID=2286) to work on /home/airflow/.local/lib/python3.8/site-packages/airflow/example_dags/example_kubernetes_executor.py
[2024-02-10T18:03:32.769+0000] {processor.py:830} INFO - Processing file /home/airflow/.local/lib/python3.8/site-packages/airflow/example_dags/example_kubernetes_executor.py for tasks to queue
[2024-02-10T18:03:32.771+0000] {logging_mixin.py:188} INFO - [2024-02-10T18:03:32.771+0000] {dagbag.py:538} INFO - Filling up the DagBag from /home/airflow/.local/lib/python3.8/site-packages/airflow/example_dags/example_kubernetes_executor.py
[2024-02-10T18:03:32.788+0000] {processor.py:840} INFO - DAG(s) 'example_kubernetes_executor' retrieved from /home/airflow/.local/lib/python3.8/site-packages/airflow/example_dags/example_kubernetes_executor.py
[2024-02-10T18:03:32.837+0000] {logging_mixin.py:188} INFO - [2024-02-10T18:03:32.837+0000] {dag.py:3036} INFO - Sync 1 DAGs
[2024-02-10T18:03:32.851+0000] {logging_mixin.py:188} INFO - [2024-02-10T18:03:32.851+0000] {dag.py:3823} INFO - Setting next_dagrun for example_kubernetes_executor to None, run_after=None
[2024-02-10T18:03:32.875+0000] {processor.py:183} INFO - Processing /home/airflow/.local/lib/python3.8/site-packages/airflow/example_dags/example_kubernetes_executor.py took 0.109 seconds
[2024-02-10T18:04:03.113+0000] {processor.py:161} INFO - Started process (PID=2342) to work on /home/airflow/.local/lib/python3.8/site-packages/airflow/example_dags/example_kubernetes_executor.py
[2024-02-10T18:04:03.114+0000] {processor.py:830} INFO - Processing file /home/airflow/.local/lib/python3.8/site-packages/airflow/example_dags/example_kubernetes_executor.py for tasks to queue
[2024-02-10T18:04:03.116+0000] {logging_mixin.py:188} INFO - [2024-02-10T18:04:03.115+0000] {dagbag.py:538} INFO - Filling up the DagBag from /home/airflow/.local/lib/python3.8/site-packages/airflow/example_dags/example_kubernetes_executor.py
[2024-02-10T18:04:03.134+0000] {processor.py:840} INFO - DAG(s) 'example_kubernetes_executor' retrieved from /home/airflow/.local/lib/python3.8/site-packages/airflow/example_dags/example_kubernetes_executor.py
[2024-02-10T18:04:03.182+0000] {logging_mixin.py:188} INFO - [2024-02-10T18:04:03.182+0000] {dag.py:3036} INFO - Sync 1 DAGs
[2024-02-10T18:04:03.196+0000] {logging_mixin.py:188} INFO - [2024-02-10T18:04:03.196+0000] {dag.py:3823} INFO - Setting next_dagrun for example_kubernetes_executor to None, run_after=None
[2024-02-10T18:04:03.219+0000] {processor.py:183} INFO - Processing /home/airflow/.local/lib/python3.8/site-packages/airflow/example_dags/example_kubernetes_executor.py took 0.109 seconds
[2024-02-10T18:04:33.270+0000] {processor.py:161} INFO - Started process (PID=2397) to work on /home/airflow/.local/lib/python3.8/site-packages/airflow/example_dags/example_kubernetes_executor.py
[2024-02-10T18:04:33.271+0000] {processor.py:830} INFO - Processing file /home/airflow/.local/lib/python3.8/site-packages/airflow/example_dags/example_kubernetes_executor.py for tasks to queue
[2024-02-10T18:04:33.272+0000] {logging_mixin.py:188} INFO - [2024-02-10T18:04:33.272+0000] {dagbag.py:538} INFO - Filling up the DagBag from /home/airflow/.local/lib/python3.8/site-packages/airflow/example_dags/example_kubernetes_executor.py
[2024-02-10T18:04:33.290+0000] {processor.py:840} INFO - DAG(s) 'example_kubernetes_executor' retrieved from /home/airflow/.local/lib/python3.8/site-packages/airflow/example_dags/example_kubernetes_executor.py
[2024-02-10T18:04:33.339+0000] {logging_mixin.py:188} INFO - [2024-02-10T18:04:33.339+0000] {dag.py:3036} INFO - Sync 1 DAGs
[2024-02-10T18:04:33.352+0000] {logging_mixin.py:188} INFO - [2024-02-10T18:04:33.352+0000] {dag.py:3823} INFO - Setting next_dagrun for example_kubernetes_executor to None, run_after=None
[2024-02-10T18:04:33.386+0000] {processor.py:183} INFO - Processing /home/airflow/.local/lib/python3.8/site-packages/airflow/example_dags/example_kubernetes_executor.py took 0.120 seconds
[2024-02-10T18:05:04.144+0000] {processor.py:161} INFO - Started process (PID=2452) to work on /home/airflow/.local/lib/python3.8/site-packages/airflow/example_dags/example_kubernetes_executor.py
[2024-02-10T18:05:04.145+0000] {processor.py:830} INFO - Processing file /home/airflow/.local/lib/python3.8/site-packages/airflow/example_dags/example_kubernetes_executor.py for tasks to queue
[2024-02-10T18:05:04.147+0000] {logging_mixin.py:188} INFO - [2024-02-10T18:05:04.147+0000] {dagbag.py:538} INFO - Filling up the DagBag from /home/airflow/.local/lib/python3.8/site-packages/airflow/example_dags/example_kubernetes_executor.py
[2024-02-10T18:05:04.164+0000] {processor.py:840} INFO - DAG(s) 'example_kubernetes_executor' retrieved from /home/airflow/.local/lib/python3.8/site-packages/airflow/example_dags/example_kubernetes_executor.py
[2024-02-10T18:05:04.235+0000] {logging_mixin.py:188} INFO - [2024-02-10T18:05:04.235+0000] {dag.py:3036} INFO - Sync 1 DAGs
[2024-02-10T18:05:04.250+0000] {logging_mixin.py:188} INFO - [2024-02-10T18:05:04.249+0000] {dag.py:3823} INFO - Setting next_dagrun for example_kubernetes_executor to None, run_after=None
[2024-02-10T18:05:04.428+0000] {processor.py:183} INFO - Processing /home/airflow/.local/lib/python3.8/site-packages/airflow/example_dags/example_kubernetes_executor.py took 0.289 seconds
[2024-02-10T18:05:34.899+0000] {processor.py:161} INFO - Started process (PID=2506) to work on /home/airflow/.local/lib/python3.8/site-packages/airflow/example_dags/example_kubernetes_executor.py
[2024-02-10T18:05:34.905+0000] {processor.py:830} INFO - Processing file /home/airflow/.local/lib/python3.8/site-packages/airflow/example_dags/example_kubernetes_executor.py for tasks to queue
[2024-02-10T18:05:34.907+0000] {logging_mixin.py:188} INFO - [2024-02-10T18:05:34.907+0000] {dagbag.py:538} INFO - Filling up the DagBag from /home/airflow/.local/lib/python3.8/site-packages/airflow/example_dags/example_kubernetes_executor.py
[2024-02-10T18:05:34.970+0000] {processor.py:840} INFO - DAG(s) 'example_kubernetes_executor' retrieved from /home/airflow/.local/lib/python3.8/site-packages/airflow/example_dags/example_kubernetes_executor.py
[2024-02-10T18:05:35.044+0000] {logging_mixin.py:188} INFO - [2024-02-10T18:05:35.044+0000] {dag.py:3036} INFO - Sync 1 DAGs
[2024-02-10T18:05:35.059+0000] {logging_mixin.py:188} INFO - [2024-02-10T18:05:35.059+0000] {dag.py:3823} INFO - Setting next_dagrun for example_kubernetes_executor to None, run_after=None
[2024-02-10T18:05:35.084+0000] {processor.py:183} INFO - Processing /home/airflow/.local/lib/python3.8/site-packages/airflow/example_dags/example_kubernetes_executor.py took 0.188 seconds
[2024-02-10T18:06:05.696+0000] {processor.py:161} INFO - Started process (PID=2562) to work on /home/airflow/.local/lib/python3.8/site-packages/airflow/example_dags/example_kubernetes_executor.py
[2024-02-10T18:06:05.706+0000] {processor.py:830} INFO - Processing file /home/airflow/.local/lib/python3.8/site-packages/airflow/example_dags/example_kubernetes_executor.py for tasks to queue
[2024-02-10T18:06:05.708+0000] {logging_mixin.py:188} INFO - [2024-02-10T18:06:05.707+0000] {dagbag.py:538} INFO - Filling up the DagBag from /home/airflow/.local/lib/python3.8/site-packages/airflow/example_dags/example_kubernetes_executor.py
[2024-02-10T18:06:05.743+0000] {processor.py:840} INFO - DAG(s) 'example_kubernetes_executor' retrieved from /home/airflow/.local/lib/python3.8/site-packages/airflow/example_dags/example_kubernetes_executor.py
[2024-02-10T18:06:05.829+0000] {logging_mixin.py:188} INFO - [2024-02-10T18:06:05.828+0000] {dag.py:3036} INFO - Sync 1 DAGs
[2024-02-10T18:06:05.855+0000] {logging_mixin.py:188} INFO - [2024-02-10T18:06:05.855+0000] {dag.py:3823} INFO - Setting next_dagrun for example_kubernetes_executor to None, run_after=None
[2024-02-10T18:06:05.890+0000] {processor.py:183} INFO - Processing /home/airflow/.local/lib/python3.8/site-packages/airflow/example_dags/example_kubernetes_executor.py took 0.198 seconds
[2024-02-10T18:06:36.368+0000] {processor.py:161} INFO - Started process (PID=2617) to work on /home/airflow/.local/lib/python3.8/site-packages/airflow/example_dags/example_kubernetes_executor.py
[2024-02-10T18:06:36.372+0000] {processor.py:830} INFO - Processing file /home/airflow/.local/lib/python3.8/site-packages/airflow/example_dags/example_kubernetes_executor.py for tasks to queue
[2024-02-10T18:06:36.374+0000] {logging_mixin.py:188} INFO - [2024-02-10T18:06:36.373+0000] {dagbag.py:538} INFO - Filling up the DagBag from /home/airflow/.local/lib/python3.8/site-packages/airflow/example_dags/example_kubernetes_executor.py
[2024-02-10T18:06:36.412+0000] {processor.py:840} INFO - DAG(s) 'example_kubernetes_executor' retrieved from /home/airflow/.local/lib/python3.8/site-packages/airflow/example_dags/example_kubernetes_executor.py
[2024-02-10T18:06:36.482+0000] {logging_mixin.py:188} INFO - [2024-02-10T18:06:36.482+0000] {dag.py:3036} INFO - Sync 1 DAGs
[2024-02-10T18:06:36.517+0000] {logging_mixin.py:188} INFO - [2024-02-10T18:06:36.517+0000] {dag.py:3823} INFO - Setting next_dagrun for example_kubernetes_executor to None, run_after=None
[2024-02-10T18:06:36.552+0000] {processor.py:183} INFO - Processing /home/airflow/.local/lib/python3.8/site-packages/airflow/example_dags/example_kubernetes_executor.py took 0.197 seconds
[2024-02-10T18:07:06.799+0000] {processor.py:161} INFO - Started process (PID=2672) to work on /home/airflow/.local/lib/python3.8/site-packages/airflow/example_dags/example_kubernetes_executor.py
[2024-02-10T18:07:06.800+0000] {processor.py:830} INFO - Processing file /home/airflow/.local/lib/python3.8/site-packages/airflow/example_dags/example_kubernetes_executor.py for tasks to queue
[2024-02-10T18:07:06.802+0000] {logging_mixin.py:188} INFO - [2024-02-10T18:07:06.802+0000] {dagbag.py:538} INFO - Filling up the DagBag from /home/airflow/.local/lib/python3.8/site-packages/airflow/example_dags/example_kubernetes_executor.py
[2024-02-10T18:07:06.820+0000] {processor.py:840} INFO - DAG(s) 'example_kubernetes_executor' retrieved from /home/airflow/.local/lib/python3.8/site-packages/airflow/example_dags/example_kubernetes_executor.py
[2024-02-10T18:07:07.008+0000] {logging_mixin.py:188} INFO - [2024-02-10T18:07:07.008+0000] {dag.py:3036} INFO - Sync 1 DAGs
[2024-02-10T18:07:07.021+0000] {logging_mixin.py:188} INFO - [2024-02-10T18:07:07.021+0000] {dag.py:3823} INFO - Setting next_dagrun for example_kubernetes_executor to None, run_after=None
[2024-02-10T18:07:07.046+0000] {processor.py:183} INFO - Processing /home/airflow/.local/lib/python3.8/site-packages/airflow/example_dags/example_kubernetes_executor.py took 0.250 seconds
[2024-02-10T18:07:37.115+0000] {processor.py:161} INFO - Started process (PID=2726) to work on /home/airflow/.local/lib/python3.8/site-packages/airflow/example_dags/example_kubernetes_executor.py
[2024-02-10T18:07:37.119+0000] {processor.py:830} INFO - Processing file /home/airflow/.local/lib/python3.8/site-packages/airflow/example_dags/example_kubernetes_executor.py for tasks to queue
[2024-02-10T18:07:37.122+0000] {logging_mixin.py:188} INFO - [2024-02-10T18:07:37.120+0000] {dagbag.py:538} INFO - Filling up the DagBag from /home/airflow/.local/lib/python3.8/site-packages/airflow/example_dags/example_kubernetes_executor.py
[2024-02-10T18:07:37.154+0000] {processor.py:840} INFO - DAG(s) 'example_kubernetes_executor' retrieved from /home/airflow/.local/lib/python3.8/site-packages/airflow/example_dags/example_kubernetes_executor.py
[2024-02-10T18:07:37.240+0000] {logging_mixin.py:188} INFO - [2024-02-10T18:07:37.239+0000] {dag.py:3036} INFO - Sync 1 DAGs
[2024-02-10T18:07:37.264+0000] {logging_mixin.py:188} INFO - [2024-02-10T18:07:37.263+0000] {dag.py:3823} INFO - Setting next_dagrun for example_kubernetes_executor to None, run_after=None
[2024-02-10T18:07:37.306+0000] {processor.py:183} INFO - Processing /home/airflow/.local/lib/python3.8/site-packages/airflow/example_dags/example_kubernetes_executor.py took 0.201 seconds
[2024-02-10T18:08:07.342+0000] {processor.py:161} INFO - Started process (PID=2780) to work on /home/airflow/.local/lib/python3.8/site-packages/airflow/example_dags/example_kubernetes_executor.py
[2024-02-10T18:08:07.343+0000] {processor.py:830} INFO - Processing file /home/airflow/.local/lib/python3.8/site-packages/airflow/example_dags/example_kubernetes_executor.py for tasks to queue
[2024-02-10T18:08:07.345+0000] {logging_mixin.py:188} INFO - [2024-02-10T18:08:07.345+0000] {dagbag.py:538} INFO - Filling up the DagBag from /home/airflow/.local/lib/python3.8/site-packages/airflow/example_dags/example_kubernetes_executor.py
[2024-02-10T18:08:07.367+0000] {processor.py:840} INFO - DAG(s) 'example_kubernetes_executor' retrieved from /home/airflow/.local/lib/python3.8/site-packages/airflow/example_dags/example_kubernetes_executor.py
[2024-02-10T18:08:07.436+0000] {logging_mixin.py:188} INFO - [2024-02-10T18:08:07.435+0000] {dag.py:3036} INFO - Sync 1 DAGs
[2024-02-10T18:08:07.447+0000] {logging_mixin.py:188} INFO - [2024-02-10T18:08:07.447+0000] {dag.py:3823} INFO - Setting next_dagrun for example_kubernetes_executor to None, run_after=None
[2024-02-10T18:08:07.469+0000] {processor.py:183} INFO - Processing /home/airflow/.local/lib/python3.8/site-packages/airflow/example_dags/example_kubernetes_executor.py took 0.131 seconds
[2024-02-10T18:08:37.886+0000] {processor.py:161} INFO - Started process (PID=2837) to work on /home/airflow/.local/lib/python3.8/site-packages/airflow/example_dags/example_kubernetes_executor.py
[2024-02-10T18:08:37.887+0000] {processor.py:830} INFO - Processing file /home/airflow/.local/lib/python3.8/site-packages/airflow/example_dags/example_kubernetes_executor.py for tasks to queue
[2024-02-10T18:08:37.891+0000] {logging_mixin.py:188} INFO - [2024-02-10T18:08:37.891+0000] {dagbag.py:538} INFO - Filling up the DagBag from /home/airflow/.local/lib/python3.8/site-packages/airflow/example_dags/example_kubernetes_executor.py
[2024-02-10T18:08:37.912+0000] {processor.py:840} INFO - DAG(s) 'example_kubernetes_executor' retrieved from /home/airflow/.local/lib/python3.8/site-packages/airflow/example_dags/example_kubernetes_executor.py
[2024-02-10T18:08:37.956+0000] {logging_mixin.py:188} INFO - [2024-02-10T18:08:37.955+0000] {dag.py:3036} INFO - Sync 1 DAGs
[2024-02-10T18:08:37.970+0000] {logging_mixin.py:188} INFO - [2024-02-10T18:08:37.970+0000] {dag.py:3823} INFO - Setting next_dagrun for example_kubernetes_executor to None, run_after=None
[2024-02-10T18:08:38.001+0000] {processor.py:183} INFO - Processing /home/airflow/.local/lib/python3.8/site-packages/airflow/example_dags/example_kubernetes_executor.py took 0.118 seconds
[2024-02-10T18:09:08.327+0000] {processor.py:161} INFO - Started process (PID=2893) to work on /home/airflow/.local/lib/python3.8/site-packages/airflow/example_dags/example_kubernetes_executor.py
[2024-02-10T18:09:08.328+0000] {processor.py:830} INFO - Processing file /home/airflow/.local/lib/python3.8/site-packages/airflow/example_dags/example_kubernetes_executor.py for tasks to queue
[2024-02-10T18:09:08.330+0000] {logging_mixin.py:188} INFO - [2024-02-10T18:09:08.329+0000] {dagbag.py:538} INFO - Filling up the DagBag from /home/airflow/.local/lib/python3.8/site-packages/airflow/example_dags/example_kubernetes_executor.py
[2024-02-10T18:09:08.347+0000] {processor.py:840} INFO - DAG(s) 'example_kubernetes_executor' retrieved from /home/airflow/.local/lib/python3.8/site-packages/airflow/example_dags/example_kubernetes_executor.py
[2024-02-10T18:09:08.398+0000] {logging_mixin.py:188} INFO - [2024-02-10T18:09:08.398+0000] {dag.py:3036} INFO - Sync 1 DAGs
[2024-02-10T18:09:08.412+0000] {logging_mixin.py:188} INFO - [2024-02-10T18:09:08.412+0000] {dag.py:3823} INFO - Setting next_dagrun for example_kubernetes_executor to None, run_after=None
[2024-02-10T18:09:08.437+0000] {processor.py:183} INFO - Processing /home/airflow/.local/lib/python3.8/site-packages/airflow/example_dags/example_kubernetes_executor.py took 0.113 seconds
[2024-02-10T18:09:38.834+0000] {processor.py:161} INFO - Started process (PID=2949) to work on /home/airflow/.local/lib/python3.8/site-packages/airflow/example_dags/example_kubernetes_executor.py
[2024-02-10T18:09:38.835+0000] {processor.py:830} INFO - Processing file /home/airflow/.local/lib/python3.8/site-packages/airflow/example_dags/example_kubernetes_executor.py for tasks to queue
[2024-02-10T18:09:38.837+0000] {logging_mixin.py:188} INFO - [2024-02-10T18:09:38.836+0000] {dagbag.py:538} INFO - Filling up the DagBag from /home/airflow/.local/lib/python3.8/site-packages/airflow/example_dags/example_kubernetes_executor.py
[2024-02-10T18:09:38.855+0000] {processor.py:840} INFO - DAG(s) 'example_kubernetes_executor' retrieved from /home/airflow/.local/lib/python3.8/site-packages/airflow/example_dags/example_kubernetes_executor.py
[2024-02-10T18:09:38.901+0000] {logging_mixin.py:188} INFO - [2024-02-10T18:09:38.901+0000] {dag.py:3036} INFO - Sync 1 DAGs
[2024-02-10T18:09:38.916+0000] {logging_mixin.py:188} INFO - [2024-02-10T18:09:38.916+0000] {dag.py:3823} INFO - Setting next_dagrun for example_kubernetes_executor to None, run_after=None
[2024-02-10T18:09:38.941+0000] {processor.py:183} INFO - Processing /home/airflow/.local/lib/python3.8/site-packages/airflow/example_dags/example_kubernetes_executor.py took 0.111 seconds
[2024-02-10T18:10:09.362+0000] {processor.py:161} INFO - Started process (PID=3003) to work on /home/airflow/.local/lib/python3.8/site-packages/airflow/example_dags/example_kubernetes_executor.py
[2024-02-10T18:10:09.363+0000] {processor.py:830} INFO - Processing file /home/airflow/.local/lib/python3.8/site-packages/airflow/example_dags/example_kubernetes_executor.py for tasks to queue
[2024-02-10T18:10:09.365+0000] {logging_mixin.py:188} INFO - [2024-02-10T18:10:09.364+0000] {dagbag.py:538} INFO - Filling up the DagBag from /home/airflow/.local/lib/python3.8/site-packages/airflow/example_dags/example_kubernetes_executor.py
[2024-02-10T18:10:09.386+0000] {processor.py:840} INFO - DAG(s) 'example_kubernetes_executor' retrieved from /home/airflow/.local/lib/python3.8/site-packages/airflow/example_dags/example_kubernetes_executor.py
[2024-02-10T18:10:09.446+0000] {logging_mixin.py:188} INFO - [2024-02-10T18:10:09.446+0000] {dag.py:3036} INFO - Sync 1 DAGs
[2024-02-10T18:10:09.475+0000] {logging_mixin.py:188} INFO - [2024-02-10T18:10:09.475+0000] {dag.py:3823} INFO - Setting next_dagrun for example_kubernetes_executor to None, run_after=None
[2024-02-10T18:10:09.518+0000] {processor.py:183} INFO - Processing /home/airflow/.local/lib/python3.8/site-packages/airflow/example_dags/example_kubernetes_executor.py took 0.159 seconds
[2024-02-10T18:10:40.504+0000] {processor.py:161} INFO - Started process (PID=3058) to work on /home/airflow/.local/lib/python3.8/site-packages/airflow/example_dags/example_kubernetes_executor.py
[2024-02-10T18:10:40.505+0000] {processor.py:830} INFO - Processing file /home/airflow/.local/lib/python3.8/site-packages/airflow/example_dags/example_kubernetes_executor.py for tasks to queue
[2024-02-10T18:10:40.507+0000] {logging_mixin.py:188} INFO - [2024-02-10T18:10:40.507+0000] {dagbag.py:538} INFO - Filling up the DagBag from /home/airflow/.local/lib/python3.8/site-packages/airflow/example_dags/example_kubernetes_executor.py
[2024-02-10T18:10:40.527+0000] {processor.py:840} INFO - DAG(s) 'example_kubernetes_executor' retrieved from /home/airflow/.local/lib/python3.8/site-packages/airflow/example_dags/example_kubernetes_executor.py
[2024-02-10T18:10:40.576+0000] {logging_mixin.py:188} INFO - [2024-02-10T18:10:40.576+0000] {dag.py:3036} INFO - Sync 1 DAGs
[2024-02-10T18:10:40.590+0000] {logging_mixin.py:188} INFO - [2024-02-10T18:10:40.590+0000] {dag.py:3823} INFO - Setting next_dagrun for example_kubernetes_executor to None, run_after=None
[2024-02-10T18:10:40.617+0000] {processor.py:183} INFO - Processing /home/airflow/.local/lib/python3.8/site-packages/airflow/example_dags/example_kubernetes_executor.py took 0.116 seconds
[2024-02-10T18:11:11.177+0000] {processor.py:161} INFO - Started process (PID=3112) to work on /home/airflow/.local/lib/python3.8/site-packages/airflow/example_dags/example_kubernetes_executor.py
[2024-02-10T18:11:11.178+0000] {processor.py:830} INFO - Processing file /home/airflow/.local/lib/python3.8/site-packages/airflow/example_dags/example_kubernetes_executor.py for tasks to queue
[2024-02-10T18:11:11.180+0000] {logging_mixin.py:188} INFO - [2024-02-10T18:11:11.179+0000] {dagbag.py:538} INFO - Filling up the DagBag from /home/airflow/.local/lib/python3.8/site-packages/airflow/example_dags/example_kubernetes_executor.py
[2024-02-10T18:11:11.199+0000] {processor.py:840} INFO - DAG(s) 'example_kubernetes_executor' retrieved from /home/airflow/.local/lib/python3.8/site-packages/airflow/example_dags/example_kubernetes_executor.py
[2024-02-10T18:11:11.243+0000] {logging_mixin.py:188} INFO - [2024-02-10T18:11:11.243+0000] {dag.py:3036} INFO - Sync 1 DAGs
[2024-02-10T18:11:11.257+0000] {logging_mixin.py:188} INFO - [2024-02-10T18:11:11.257+0000] {dag.py:3823} INFO - Setting next_dagrun for example_kubernetes_executor to None, run_after=None
[2024-02-10T18:11:11.279+0000] {processor.py:183} INFO - Processing /home/airflow/.local/lib/python3.8/site-packages/airflow/example_dags/example_kubernetes_executor.py took 0.105 seconds
[2024-02-10T18:11:41.660+0000] {processor.py:161} INFO - Started process (PID=3168) to work on /home/airflow/.local/lib/python3.8/site-packages/airflow/example_dags/example_kubernetes_executor.py
[2024-02-10T18:11:41.664+0000] {processor.py:830} INFO - Processing file /home/airflow/.local/lib/python3.8/site-packages/airflow/example_dags/example_kubernetes_executor.py for tasks to queue
[2024-02-10T18:11:41.666+0000] {logging_mixin.py:188} INFO - [2024-02-10T18:11:41.666+0000] {dagbag.py:538} INFO - Filling up the DagBag from /home/airflow/.local/lib/python3.8/site-packages/airflow/example_dags/example_kubernetes_executor.py
[2024-02-10T18:11:41.684+0000] {processor.py:840} INFO - DAG(s) 'example_kubernetes_executor' retrieved from /home/airflow/.local/lib/python3.8/site-packages/airflow/example_dags/example_kubernetes_executor.py
[2024-02-10T18:11:41.729+0000] {logging_mixin.py:188} INFO - [2024-02-10T18:11:41.729+0000] {dag.py:3036} INFO - Sync 1 DAGs
[2024-02-10T18:11:41.744+0000] {logging_mixin.py:188} INFO - [2024-02-10T18:11:41.744+0000] {dag.py:3823} INFO - Setting next_dagrun for example_kubernetes_executor to None, run_after=None
[2024-02-10T18:11:41.770+0000] {processor.py:183} INFO - Processing /home/airflow/.local/lib/python3.8/site-packages/airflow/example_dags/example_kubernetes_executor.py took 0.114 seconds
[2024-02-10T18:12:12.293+0000] {processor.py:161} INFO - Started process (PID=3223) to work on /home/airflow/.local/lib/python3.8/site-packages/airflow/example_dags/example_kubernetes_executor.py
[2024-02-10T18:12:12.294+0000] {processor.py:830} INFO - Processing file /home/airflow/.local/lib/python3.8/site-packages/airflow/example_dags/example_kubernetes_executor.py for tasks to queue
[2024-02-10T18:12:12.295+0000] {logging_mixin.py:188} INFO - [2024-02-10T18:12:12.295+0000] {dagbag.py:538} INFO - Filling up the DagBag from /home/airflow/.local/lib/python3.8/site-packages/airflow/example_dags/example_kubernetes_executor.py
[2024-02-10T18:12:12.313+0000] {processor.py:840} INFO - DAG(s) 'example_kubernetes_executor' retrieved from /home/airflow/.local/lib/python3.8/site-packages/airflow/example_dags/example_kubernetes_executor.py
[2024-02-10T18:12:12.368+0000] {logging_mixin.py:188} INFO - [2024-02-10T18:12:12.368+0000] {dag.py:3036} INFO - Sync 1 DAGs
[2024-02-10T18:12:12.384+0000] {logging_mixin.py:188} INFO - [2024-02-10T18:12:12.384+0000] {dag.py:3823} INFO - Setting next_dagrun for example_kubernetes_executor to None, run_after=None
[2024-02-10T18:12:12.407+0000] {processor.py:183} INFO - Processing /home/airflow/.local/lib/python3.8/site-packages/airflow/example_dags/example_kubernetes_executor.py took 0.118 seconds
[2024-02-10T18:12:42.599+0000] {processor.py:161} INFO - Started process (PID=3279) to work on /home/airflow/.local/lib/python3.8/site-packages/airflow/example_dags/example_kubernetes_executor.py
[2024-02-10T18:12:42.600+0000] {processor.py:830} INFO - Processing file /home/airflow/.local/lib/python3.8/site-packages/airflow/example_dags/example_kubernetes_executor.py for tasks to queue
[2024-02-10T18:12:42.602+0000] {logging_mixin.py:188} INFO - [2024-02-10T18:12:42.601+0000] {dagbag.py:538} INFO - Filling up the DagBag from /home/airflow/.local/lib/python3.8/site-packages/airflow/example_dags/example_kubernetes_executor.py
[2024-02-10T18:12:42.623+0000] {processor.py:840} INFO - DAG(s) 'example_kubernetes_executor' retrieved from /home/airflow/.local/lib/python3.8/site-packages/airflow/example_dags/example_kubernetes_executor.py
[2024-02-10T18:12:42.670+0000] {logging_mixin.py:188} INFO - [2024-02-10T18:12:42.670+0000] {dag.py:3036} INFO - Sync 1 DAGs
[2024-02-10T18:12:42.684+0000] {logging_mixin.py:188} INFO - [2024-02-10T18:12:42.684+0000] {dag.py:3823} INFO - Setting next_dagrun for example_kubernetes_executor to None, run_after=None
[2024-02-10T18:12:42.719+0000] {processor.py:183} INFO - Processing /home/airflow/.local/lib/python3.8/site-packages/airflow/example_dags/example_kubernetes_executor.py took 0.123 seconds
[2024-02-10T18:13:13.203+0000] {processor.py:161} INFO - Started process (PID=3334) to work on /home/airflow/.local/lib/python3.8/site-packages/airflow/example_dags/example_kubernetes_executor.py
[2024-02-10T18:13:13.204+0000] {processor.py:830} INFO - Processing file /home/airflow/.local/lib/python3.8/site-packages/airflow/example_dags/example_kubernetes_executor.py for tasks to queue
[2024-02-10T18:13:13.206+0000] {logging_mixin.py:188} INFO - [2024-02-10T18:13:13.205+0000] {dagbag.py:538} INFO - Filling up the DagBag from /home/airflow/.local/lib/python3.8/site-packages/airflow/example_dags/example_kubernetes_executor.py
[2024-02-10T18:13:13.224+0000] {processor.py:840} INFO - DAG(s) 'example_kubernetes_executor' retrieved from /home/airflow/.local/lib/python3.8/site-packages/airflow/example_dags/example_kubernetes_executor.py
[2024-02-10T18:13:13.270+0000] {logging_mixin.py:188} INFO - [2024-02-10T18:13:13.270+0000] {dag.py:3036} INFO - Sync 1 DAGs
[2024-02-10T18:13:13.285+0000] {logging_mixin.py:188} INFO - [2024-02-10T18:13:13.285+0000] {dag.py:3823} INFO - Setting next_dagrun for example_kubernetes_executor to None, run_after=None
[2024-02-10T18:13:13.311+0000] {processor.py:183} INFO - Processing /home/airflow/.local/lib/python3.8/site-packages/airflow/example_dags/example_kubernetes_executor.py took 0.112 seconds
[2024-02-10T18:13:43.435+0000] {processor.py:161} INFO - Started process (PID=3390) to work on /home/airflow/.local/lib/python3.8/site-packages/airflow/example_dags/example_kubernetes_executor.py
[2024-02-10T18:13:43.446+0000] {processor.py:830} INFO - Processing file /home/airflow/.local/lib/python3.8/site-packages/airflow/example_dags/example_kubernetes_executor.py for tasks to queue
[2024-02-10T18:13:43.448+0000] {logging_mixin.py:188} INFO - [2024-02-10T18:13:43.448+0000] {dagbag.py:538} INFO - Filling up the DagBag from /home/airflow/.local/lib/python3.8/site-packages/airflow/example_dags/example_kubernetes_executor.py
[2024-02-10T18:13:43.504+0000] {processor.py:840} INFO - DAG(s) 'example_kubernetes_executor' retrieved from /home/airflow/.local/lib/python3.8/site-packages/airflow/example_dags/example_kubernetes_executor.py
[2024-02-10T18:13:43.561+0000] {logging_mixin.py:188} INFO - [2024-02-10T18:13:43.561+0000] {dag.py:3036} INFO - Sync 1 DAGs
[2024-02-10T18:13:43.610+0000] {logging_mixin.py:188} INFO - [2024-02-10T18:13:43.594+0000] {dag.py:3823} INFO - Setting next_dagrun for example_kubernetes_executor to None, run_after=None
[2024-02-10T18:13:43.674+0000] {processor.py:183} INFO - Processing /home/airflow/.local/lib/python3.8/site-packages/airflow/example_dags/example_kubernetes_executor.py took 0.251 seconds
[2024-02-10T18:14:14.574+0000] {processor.py:161} INFO - Started process (PID=3445) to work on /home/airflow/.local/lib/python3.8/site-packages/airflow/example_dags/example_kubernetes_executor.py
[2024-02-10T18:14:14.575+0000] {processor.py:830} INFO - Processing file /home/airflow/.local/lib/python3.8/site-packages/airflow/example_dags/example_kubernetes_executor.py for tasks to queue
[2024-02-10T18:14:14.577+0000] {logging_mixin.py:188} INFO - [2024-02-10T18:14:14.576+0000] {dagbag.py:538} INFO - Filling up the DagBag from /home/airflow/.local/lib/python3.8/site-packages/airflow/example_dags/example_kubernetes_executor.py
[2024-02-10T18:14:14.596+0000] {processor.py:840} INFO - DAG(s) 'example_kubernetes_executor' retrieved from /home/airflow/.local/lib/python3.8/site-packages/airflow/example_dags/example_kubernetes_executor.py
[2024-02-10T18:14:14.659+0000] {logging_mixin.py:188} INFO - [2024-02-10T18:14:14.658+0000] {dag.py:3036} INFO - Sync 1 DAGs
[2024-02-10T18:14:14.673+0000] {logging_mixin.py:188} INFO - [2024-02-10T18:14:14.673+0000] {dag.py:3823} INFO - Setting next_dagrun for example_kubernetes_executor to None, run_after=None
[2024-02-10T18:14:14.699+0000] {processor.py:183} INFO - Processing /home/airflow/.local/lib/python3.8/site-packages/airflow/example_dags/example_kubernetes_executor.py took 0.129 seconds
[2024-02-10T18:14:44.879+0000] {processor.py:161} INFO - Started process (PID=3500) to work on /home/airflow/.local/lib/python3.8/site-packages/airflow/example_dags/example_kubernetes_executor.py
[2024-02-10T18:14:44.880+0000] {processor.py:830} INFO - Processing file /home/airflow/.local/lib/python3.8/site-packages/airflow/example_dags/example_kubernetes_executor.py for tasks to queue
[2024-02-10T18:14:44.882+0000] {logging_mixin.py:188} INFO - [2024-02-10T18:14:44.882+0000] {dagbag.py:538} INFO - Filling up the DagBag from /home/airflow/.local/lib/python3.8/site-packages/airflow/example_dags/example_kubernetes_executor.py
[2024-02-10T18:14:44.900+0000] {processor.py:840} INFO - DAG(s) 'example_kubernetes_executor' retrieved from /home/airflow/.local/lib/python3.8/site-packages/airflow/example_dags/example_kubernetes_executor.py
[2024-02-10T18:14:44.952+0000] {logging_mixin.py:188} INFO - [2024-02-10T18:14:44.952+0000] {dag.py:3036} INFO - Sync 1 DAGs
[2024-02-10T18:14:44.969+0000] {logging_mixin.py:188} INFO - [2024-02-10T18:14:44.969+0000] {dag.py:3823} INFO - Setting next_dagrun for example_kubernetes_executor to None, run_after=None
[2024-02-10T18:14:44.996+0000] {processor.py:183} INFO - Processing /home/airflow/.local/lib/python3.8/site-packages/airflow/example_dags/example_kubernetes_executor.py took 0.121 seconds
[2024-02-10T18:15:15.351+0000] {processor.py:161} INFO - Started process (PID=3555) to work on /home/airflow/.local/lib/python3.8/site-packages/airflow/example_dags/example_kubernetes_executor.py
[2024-02-10T18:15:15.352+0000] {processor.py:830} INFO - Processing file /home/airflow/.local/lib/python3.8/site-packages/airflow/example_dags/example_kubernetes_executor.py for tasks to queue
[2024-02-10T18:15:15.354+0000] {logging_mixin.py:188} INFO - [2024-02-10T18:15:15.353+0000] {dagbag.py:538} INFO - Filling up the DagBag from /home/airflow/.local/lib/python3.8/site-packages/airflow/example_dags/example_kubernetes_executor.py
[2024-02-10T18:15:15.371+0000] {processor.py:840} INFO - DAG(s) 'example_kubernetes_executor' retrieved from /home/airflow/.local/lib/python3.8/site-packages/airflow/example_dags/example_kubernetes_executor.py
[2024-02-10T18:15:15.421+0000] {logging_mixin.py:188} INFO - [2024-02-10T18:15:15.421+0000] {dag.py:3036} INFO - Sync 1 DAGs
[2024-02-10T18:15:15.436+0000] {logging_mixin.py:188} INFO - [2024-02-10T18:15:15.436+0000] {dag.py:3823} INFO - Setting next_dagrun for example_kubernetes_executor to None, run_after=None
[2024-02-10T18:15:15.462+0000] {processor.py:183} INFO - Processing /home/airflow/.local/lib/python3.8/site-packages/airflow/example_dags/example_kubernetes_executor.py took 0.115 seconds
[2024-02-10T18:15:45.738+0000] {processor.py:161} INFO - Started process (PID=3610) to work on /home/airflow/.local/lib/python3.8/site-packages/airflow/example_dags/example_kubernetes_executor.py
[2024-02-10T18:15:45.741+0000] {processor.py:830} INFO - Processing file /home/airflow/.local/lib/python3.8/site-packages/airflow/example_dags/example_kubernetes_executor.py for tasks to queue
[2024-02-10T18:15:45.762+0000] {logging_mixin.py:188} INFO - [2024-02-10T18:15:45.762+0000] {dagbag.py:538} INFO - Filling up the DagBag from /home/airflow/.local/lib/python3.8/site-packages/airflow/example_dags/example_kubernetes_executor.py
[2024-02-10T18:15:45.827+0000] {processor.py:840} INFO - DAG(s) 'example_kubernetes_executor' retrieved from /home/airflow/.local/lib/python3.8/site-packages/airflow/example_dags/example_kubernetes_executor.py
[2024-02-10T18:15:45.931+0000] {logging_mixin.py:188} INFO - [2024-02-10T18:15:45.930+0000] {dag.py:3036} INFO - Sync 1 DAGs
[2024-02-10T18:15:45.956+0000] {logging_mixin.py:188} INFO - [2024-02-10T18:15:45.956+0000] {dag.py:3823} INFO - Setting next_dagrun for example_kubernetes_executor to None, run_after=None
[2024-02-10T18:15:45.999+0000] {processor.py:183} INFO - Processing /home/airflow/.local/lib/python3.8/site-packages/airflow/example_dags/example_kubernetes_executor.py took 0.264 seconds
