[2024-02-10T17:43:01.022+0000] {processor.py:161} INFO - Started process (PID=48) to work on /home/airflow/.local/lib/python3.8/site-packages/airflow/example_dags/example_branch_labels.py
[2024-02-10T17:43:01.023+0000] {processor.py:830} INFO - Processing file /home/airflow/.local/lib/python3.8/site-packages/airflow/example_dags/example_branch_labels.py for tasks to queue
[2024-02-10T17:43:01.025+0000] {logging_mixin.py:188} INFO - [2024-02-10T17:43:01.024+0000] {dagbag.py:538} INFO - Filling up the DagBag from /home/airflow/.local/lib/python3.8/site-packages/airflow/example_dags/example_branch_labels.py
[2024-02-10T17:43:01.054+0000] {processor.py:840} INFO - DAG(s) 'example_branch_labels' retrieved from /home/airflow/.local/lib/python3.8/site-packages/airflow/example_dags/example_branch_labels.py
[2024-02-10T17:43:01.552+0000] {logging_mixin.py:188} INFO - [2024-02-10T17:43:01.552+0000] {dag.py:3036} INFO - Sync 1 DAGs
[2024-02-10T17:43:01.669+0000] {logging_mixin.py:188} INFO - [2024-02-10T17:43:01.668+0000] {dag.py:3823} INFO - Setting next_dagrun for example_branch_labels to 2024-02-09 00:00:00+00:00, run_after=2024-02-10 00:00:00+00:00
[2024-02-10T17:43:01.746+0000] {processor.py:183} INFO - Processing /home/airflow/.local/lib/python3.8/site-packages/airflow/example_dags/example_branch_labels.py took 0.732 seconds
[2024-02-10T17:43:32.558+0000] {processor.py:161} INFO - Started process (PID=103) to work on /home/airflow/.local/lib/python3.8/site-packages/airflow/example_dags/example_branch_labels.py
[2024-02-10T17:43:32.559+0000] {processor.py:830} INFO - Processing file /home/airflow/.local/lib/python3.8/site-packages/airflow/example_dags/example_branch_labels.py for tasks to queue
[2024-02-10T17:43:32.561+0000] {logging_mixin.py:188} INFO - [2024-02-10T17:43:32.561+0000] {dagbag.py:538} INFO - Filling up the DagBag from /home/airflow/.local/lib/python3.8/site-packages/airflow/example_dags/example_branch_labels.py
[2024-02-10T17:43:32.570+0000] {processor.py:840} INFO - DAG(s) 'example_branch_labels' retrieved from /home/airflow/.local/lib/python3.8/site-packages/airflow/example_dags/example_branch_labels.py
[2024-02-10T17:43:32.623+0000] {logging_mixin.py:188} INFO - [2024-02-10T17:43:32.623+0000] {dag.py:3036} INFO - Sync 1 DAGs
[2024-02-10T17:43:32.669+0000] {logging_mixin.py:188} INFO - [2024-02-10T17:43:32.669+0000] {dag.py:3823} INFO - Setting next_dagrun for example_branch_labels to 2024-02-09 00:00:00+00:00, run_after=2024-02-10 00:00:00+00:00
[2024-02-10T17:43:32.711+0000] {processor.py:183} INFO - Processing /home/airflow/.local/lib/python3.8/site-packages/airflow/example_dags/example_branch_labels.py took 0.155 seconds
[2024-02-10T17:44:02.936+0000] {processor.py:161} INFO - Started process (PID=158) to work on /home/airflow/.local/lib/python3.8/site-packages/airflow/example_dags/example_branch_labels.py
[2024-02-10T17:44:02.937+0000] {processor.py:830} INFO - Processing file /home/airflow/.local/lib/python3.8/site-packages/airflow/example_dags/example_branch_labels.py for tasks to queue
[2024-02-10T17:44:02.939+0000] {logging_mixin.py:188} INFO - [2024-02-10T17:44:02.939+0000] {dagbag.py:538} INFO - Filling up the DagBag from /home/airflow/.local/lib/python3.8/site-packages/airflow/example_dags/example_branch_labels.py
[2024-02-10T17:44:02.949+0000] {processor.py:840} INFO - DAG(s) 'example_branch_labels' retrieved from /home/airflow/.local/lib/python3.8/site-packages/airflow/example_dags/example_branch_labels.py
[2024-02-10T17:44:02.975+0000] {logging_mixin.py:188} INFO - [2024-02-10T17:44:02.975+0000] {dag.py:3036} INFO - Sync 1 DAGs
[2024-02-10T17:44:03.009+0000] {logging_mixin.py:188} INFO - [2024-02-10T17:44:03.009+0000] {dag.py:3823} INFO - Setting next_dagrun for example_branch_labels to 2024-02-09 00:00:00+00:00, run_after=2024-02-10 00:00:00+00:00
[2024-02-10T17:44:03.046+0000] {processor.py:183} INFO - Processing /home/airflow/.local/lib/python3.8/site-packages/airflow/example_dags/example_branch_labels.py took 0.114 seconds
[2024-02-10T17:44:33.496+0000] {processor.py:161} INFO - Started process (PID=213) to work on /home/airflow/.local/lib/python3.8/site-packages/airflow/example_dags/example_branch_labels.py
[2024-02-10T17:44:33.499+0000] {processor.py:830} INFO - Processing file /home/airflow/.local/lib/python3.8/site-packages/airflow/example_dags/example_branch_labels.py for tasks to queue
[2024-02-10T17:44:33.501+0000] {logging_mixin.py:188} INFO - [2024-02-10T17:44:33.501+0000] {dagbag.py:538} INFO - Filling up the DagBag from /home/airflow/.local/lib/python3.8/site-packages/airflow/example_dags/example_branch_labels.py
[2024-02-10T17:44:33.523+0000] {processor.py:840} INFO - DAG(s) 'example_branch_labels' retrieved from /home/airflow/.local/lib/python3.8/site-packages/airflow/example_dags/example_branch_labels.py
[2024-02-10T17:44:33.588+0000] {logging_mixin.py:188} INFO - [2024-02-10T17:44:33.587+0000] {dag.py:3036} INFO - Sync 1 DAGs
[2024-02-10T17:44:33.626+0000] {logging_mixin.py:188} INFO - [2024-02-10T17:44:33.626+0000] {dag.py:3823} INFO - Setting next_dagrun for example_branch_labels to 2024-02-09 00:00:00+00:00, run_after=2024-02-10 00:00:00+00:00
[2024-02-10T17:44:33.663+0000] {processor.py:183} INFO - Processing /home/airflow/.local/lib/python3.8/site-packages/airflow/example_dags/example_branch_labels.py took 0.170 seconds
[2024-02-10T17:45:03.968+0000] {processor.py:161} INFO - Started process (PID=268) to work on /home/airflow/.local/lib/python3.8/site-packages/airflow/example_dags/example_branch_labels.py
[2024-02-10T17:45:03.969+0000] {processor.py:830} INFO - Processing file /home/airflow/.local/lib/python3.8/site-packages/airflow/example_dags/example_branch_labels.py for tasks to queue
[2024-02-10T17:45:03.983+0000] {logging_mixin.py:188} INFO - [2024-02-10T17:45:03.982+0000] {dagbag.py:538} INFO - Filling up the DagBag from /home/airflow/.local/lib/python3.8/site-packages/airflow/example_dags/example_branch_labels.py
[2024-02-10T17:45:04.015+0000] {processor.py:840} INFO - DAG(s) 'example_branch_labels' retrieved from /home/airflow/.local/lib/python3.8/site-packages/airflow/example_dags/example_branch_labels.py
[2024-02-10T17:45:04.094+0000] {logging_mixin.py:188} INFO - [2024-02-10T17:45:04.094+0000] {dag.py:3036} INFO - Sync 1 DAGs
[2024-02-10T17:45:04.153+0000] {logging_mixin.py:188} INFO - [2024-02-10T17:45:04.152+0000] {dag.py:3823} INFO - Setting next_dagrun for example_branch_labels to 2024-02-09 00:00:00+00:00, run_after=2024-02-10 00:00:00+00:00
[2024-02-10T17:45:04.209+0000] {processor.py:183} INFO - Processing /home/airflow/.local/lib/python3.8/site-packages/airflow/example_dags/example_branch_labels.py took 0.244 seconds
[2024-02-10T17:45:34.907+0000] {processor.py:161} INFO - Started process (PID=322) to work on /home/airflow/.local/lib/python3.8/site-packages/airflow/example_dags/example_branch_labels.py
[2024-02-10T17:45:34.910+0000] {processor.py:830} INFO - Processing file /home/airflow/.local/lib/python3.8/site-packages/airflow/example_dags/example_branch_labels.py for tasks to queue
[2024-02-10T17:45:34.914+0000] {logging_mixin.py:188} INFO - [2024-02-10T17:45:34.914+0000] {dagbag.py:538} INFO - Filling up the DagBag from /home/airflow/.local/lib/python3.8/site-packages/airflow/example_dags/example_branch_labels.py
[2024-02-10T17:45:34.936+0000] {processor.py:840} INFO - DAG(s) 'example_branch_labels' retrieved from /home/airflow/.local/lib/python3.8/site-packages/airflow/example_dags/example_branch_labels.py
[2024-02-10T17:45:35.012+0000] {logging_mixin.py:188} INFO - [2024-02-10T17:45:35.012+0000] {dag.py:3036} INFO - Sync 1 DAGs
[2024-02-10T17:45:35.050+0000] {logging_mixin.py:188} INFO - [2024-02-10T17:45:35.050+0000] {dag.py:3823} INFO - Setting next_dagrun for example_branch_labels to 2024-02-09 00:00:00+00:00, run_after=2024-02-10 00:00:00+00:00
[2024-02-10T17:45:35.108+0000] {processor.py:183} INFO - Processing /home/airflow/.local/lib/python3.8/site-packages/airflow/example_dags/example_branch_labels.py took 0.211 seconds
[2024-02-10T17:46:05.935+0000] {processor.py:161} INFO - Started process (PID=378) to work on /home/airflow/.local/lib/python3.8/site-packages/airflow/example_dags/example_branch_labels.py
[2024-02-10T17:46:05.935+0000] {processor.py:830} INFO - Processing file /home/airflow/.local/lib/python3.8/site-packages/airflow/example_dags/example_branch_labels.py for tasks to queue
[2024-02-10T17:46:05.938+0000] {logging_mixin.py:188} INFO - [2024-02-10T17:46:05.938+0000] {dagbag.py:538} INFO - Filling up the DagBag from /home/airflow/.local/lib/python3.8/site-packages/airflow/example_dags/example_branch_labels.py
[2024-02-10T17:46:05.965+0000] {processor.py:840} INFO - DAG(s) 'example_branch_labels' retrieved from /home/airflow/.local/lib/python3.8/site-packages/airflow/example_dags/example_branch_labels.py
[2024-02-10T17:46:06.002+0000] {logging_mixin.py:188} INFO - [2024-02-10T17:46:06.002+0000] {dag.py:3036} INFO - Sync 1 DAGs
[2024-02-10T17:46:06.040+0000] {logging_mixin.py:188} INFO - [2024-02-10T17:46:06.039+0000] {dag.py:3823} INFO - Setting next_dagrun for example_branch_labels to 2024-02-09 00:00:00+00:00, run_after=2024-02-10 00:00:00+00:00
[2024-02-10T17:46:06.086+0000] {processor.py:183} INFO - Processing /home/airflow/.local/lib/python3.8/site-packages/airflow/example_dags/example_branch_labels.py took 0.155 seconds
[2024-02-10T17:46:36.295+0000] {processor.py:161} INFO - Started process (PID=434) to work on /home/airflow/.local/lib/python3.8/site-packages/airflow/example_dags/example_branch_labels.py
[2024-02-10T17:46:36.296+0000] {processor.py:830} INFO - Processing file /home/airflow/.local/lib/python3.8/site-packages/airflow/example_dags/example_branch_labels.py for tasks to queue
[2024-02-10T17:46:36.298+0000] {logging_mixin.py:188} INFO - [2024-02-10T17:46:36.298+0000] {dagbag.py:538} INFO - Filling up the DagBag from /home/airflow/.local/lib/python3.8/site-packages/airflow/example_dags/example_branch_labels.py
[2024-02-10T17:46:36.307+0000] {processor.py:840} INFO - DAG(s) 'example_branch_labels' retrieved from /home/airflow/.local/lib/python3.8/site-packages/airflow/example_dags/example_branch_labels.py
[2024-02-10T17:46:36.332+0000] {logging_mixin.py:188} INFO - [2024-02-10T17:46:36.332+0000] {dag.py:3036} INFO - Sync 1 DAGs
[2024-02-10T17:46:36.368+0000] {logging_mixin.py:188} INFO - [2024-02-10T17:46:36.368+0000] {dag.py:3823} INFO - Setting next_dagrun for example_branch_labels to 2024-02-09 00:00:00+00:00, run_after=2024-02-10 00:00:00+00:00
[2024-02-10T17:46:36.400+0000] {processor.py:183} INFO - Processing /home/airflow/.local/lib/python3.8/site-packages/airflow/example_dags/example_branch_labels.py took 0.107 seconds
[2024-02-10T17:47:07.011+0000] {processor.py:161} INFO - Started process (PID=490) to work on /home/airflow/.local/lib/python3.8/site-packages/airflow/example_dags/example_branch_labels.py
[2024-02-10T17:47:07.012+0000] {processor.py:830} INFO - Processing file /home/airflow/.local/lib/python3.8/site-packages/airflow/example_dags/example_branch_labels.py for tasks to queue
[2024-02-10T17:47:07.014+0000] {logging_mixin.py:188} INFO - [2024-02-10T17:47:07.013+0000] {dagbag.py:538} INFO - Filling up the DagBag from /home/airflow/.local/lib/python3.8/site-packages/airflow/example_dags/example_branch_labels.py
[2024-02-10T17:47:07.023+0000] {processor.py:840} INFO - DAG(s) 'example_branch_labels' retrieved from /home/airflow/.local/lib/python3.8/site-packages/airflow/example_dags/example_branch_labels.py
[2024-02-10T17:47:07.057+0000] {logging_mixin.py:188} INFO - [2024-02-10T17:47:07.056+0000] {dag.py:3036} INFO - Sync 1 DAGs
[2024-02-10T17:47:07.087+0000] {logging_mixin.py:188} INFO - [2024-02-10T17:47:07.087+0000] {dag.py:3823} INFO - Setting next_dagrun for example_branch_labels to 2024-02-09 00:00:00+00:00, run_after=2024-02-10 00:00:00+00:00
[2024-02-10T17:47:07.159+0000] {processor.py:183} INFO - Processing /home/airflow/.local/lib/python3.8/site-packages/airflow/example_dags/example_branch_labels.py took 0.151 seconds
[2024-02-10T17:47:37.288+0000] {processor.py:161} INFO - Started process (PID=545) to work on /home/airflow/.local/lib/python3.8/site-packages/airflow/example_dags/example_branch_labels.py
[2024-02-10T17:47:37.291+0000] {processor.py:830} INFO - Processing file /home/airflow/.local/lib/python3.8/site-packages/airflow/example_dags/example_branch_labels.py for tasks to queue
[2024-02-10T17:47:37.293+0000] {logging_mixin.py:188} INFO - [2024-02-10T17:47:37.292+0000] {dagbag.py:538} INFO - Filling up the DagBag from /home/airflow/.local/lib/python3.8/site-packages/airflow/example_dags/example_branch_labels.py
[2024-02-10T17:47:37.305+0000] {processor.py:840} INFO - DAG(s) 'example_branch_labels' retrieved from /home/airflow/.local/lib/python3.8/site-packages/airflow/example_dags/example_branch_labels.py
[2024-02-10T17:47:37.365+0000] {logging_mixin.py:188} INFO - [2024-02-10T17:47:37.365+0000] {dag.py:3036} INFO - Sync 1 DAGs
[2024-02-10T17:47:37.418+0000] {logging_mixin.py:188} INFO - [2024-02-10T17:47:37.417+0000] {dag.py:3823} INFO - Setting next_dagrun for example_branch_labels to 2024-02-09 00:00:00+00:00, run_after=2024-02-10 00:00:00+00:00
[2024-02-10T17:47:37.443+0000] {processor.py:183} INFO - Processing /home/airflow/.local/lib/python3.8/site-packages/airflow/example_dags/example_branch_labels.py took 0.159 seconds
[2024-02-10T17:48:07.733+0000] {processor.py:161} INFO - Started process (PID=602) to work on /home/airflow/.local/lib/python3.8/site-packages/airflow/example_dags/example_branch_labels.py
[2024-02-10T17:48:07.734+0000] {processor.py:830} INFO - Processing file /home/airflow/.local/lib/python3.8/site-packages/airflow/example_dags/example_branch_labels.py for tasks to queue
[2024-02-10T17:48:07.736+0000] {logging_mixin.py:188} INFO - [2024-02-10T17:48:07.736+0000] {dagbag.py:538} INFO - Filling up the DagBag from /home/airflow/.local/lib/python3.8/site-packages/airflow/example_dags/example_branch_labels.py
[2024-02-10T17:48:07.746+0000] {processor.py:840} INFO - DAG(s) 'example_branch_labels' retrieved from /home/airflow/.local/lib/python3.8/site-packages/airflow/example_dags/example_branch_labels.py
[2024-02-10T17:48:07.771+0000] {logging_mixin.py:188} INFO - [2024-02-10T17:48:07.771+0000] {dag.py:3036} INFO - Sync 1 DAGs
[2024-02-10T17:48:07.798+0000] {logging_mixin.py:188} INFO - [2024-02-10T17:48:07.797+0000] {dag.py:3823} INFO - Setting next_dagrun for example_branch_labels to 2024-02-09 00:00:00+00:00, run_after=2024-02-10 00:00:00+00:00
[2024-02-10T17:48:07.827+0000] {processor.py:183} INFO - Processing /home/airflow/.local/lib/python3.8/site-packages/airflow/example_dags/example_branch_labels.py took 0.097 seconds
[2024-02-10T17:48:38.541+0000] {processor.py:161} INFO - Started process (PID=659) to work on /home/airflow/.local/lib/python3.8/site-packages/airflow/example_dags/example_branch_labels.py
[2024-02-10T17:48:38.541+0000] {processor.py:830} INFO - Processing file /home/airflow/.local/lib/python3.8/site-packages/airflow/example_dags/example_branch_labels.py for tasks to queue
[2024-02-10T17:48:38.543+0000] {logging_mixin.py:188} INFO - [2024-02-10T17:48:38.543+0000] {dagbag.py:538} INFO - Filling up the DagBag from /home/airflow/.local/lib/python3.8/site-packages/airflow/example_dags/example_branch_labels.py
[2024-02-10T17:48:38.552+0000] {processor.py:840} INFO - DAG(s) 'example_branch_labels' retrieved from /home/airflow/.local/lib/python3.8/site-packages/airflow/example_dags/example_branch_labels.py
[2024-02-10T17:48:38.577+0000] {logging_mixin.py:188} INFO - [2024-02-10T17:48:38.576+0000] {dag.py:3036} INFO - Sync 1 DAGs
[2024-02-10T17:48:38.621+0000] {logging_mixin.py:188} INFO - [2024-02-10T17:48:38.621+0000] {dag.py:3823} INFO - Setting next_dagrun for example_branch_labels to 2024-02-09 00:00:00+00:00, run_after=2024-02-10 00:00:00+00:00
[2024-02-10T17:48:38.645+0000] {processor.py:183} INFO - Processing /home/airflow/.local/lib/python3.8/site-packages/airflow/example_dags/example_branch_labels.py took 0.108 seconds
[2024-02-10T17:49:09.118+0000] {processor.py:161} INFO - Started process (PID=714) to work on /home/airflow/.local/lib/python3.8/site-packages/airflow/example_dags/example_branch_labels.py
[2024-02-10T17:49:09.119+0000] {processor.py:830} INFO - Processing file /home/airflow/.local/lib/python3.8/site-packages/airflow/example_dags/example_branch_labels.py for tasks to queue
[2024-02-10T17:49:09.121+0000] {logging_mixin.py:188} INFO - [2024-02-10T17:49:09.121+0000] {dagbag.py:538} INFO - Filling up the DagBag from /home/airflow/.local/lib/python3.8/site-packages/airflow/example_dags/example_branch_labels.py
[2024-02-10T17:49:09.131+0000] {processor.py:840} INFO - DAG(s) 'example_branch_labels' retrieved from /home/airflow/.local/lib/python3.8/site-packages/airflow/example_dags/example_branch_labels.py
[2024-02-10T17:49:09.155+0000] {logging_mixin.py:188} INFO - [2024-02-10T17:49:09.155+0000] {dag.py:3036} INFO - Sync 1 DAGs
[2024-02-10T17:49:09.182+0000] {logging_mixin.py:188} INFO - [2024-02-10T17:49:09.182+0000] {dag.py:3823} INFO - Setting next_dagrun for example_branch_labels to 2024-02-09 00:00:00+00:00, run_after=2024-02-10 00:00:00+00:00
[2024-02-10T17:49:09.209+0000] {processor.py:183} INFO - Processing /home/airflow/.local/lib/python3.8/site-packages/airflow/example_dags/example_branch_labels.py took 0.095 seconds
[2024-02-10T17:49:39.474+0000] {processor.py:161} INFO - Started process (PID=769) to work on /home/airflow/.local/lib/python3.8/site-packages/airflow/example_dags/example_branch_labels.py
[2024-02-10T17:49:39.475+0000] {processor.py:830} INFO - Processing file /home/airflow/.local/lib/python3.8/site-packages/airflow/example_dags/example_branch_labels.py for tasks to queue
[2024-02-10T17:49:39.477+0000] {logging_mixin.py:188} INFO - [2024-02-10T17:49:39.476+0000] {dagbag.py:538} INFO - Filling up the DagBag from /home/airflow/.local/lib/python3.8/site-packages/airflow/example_dags/example_branch_labels.py
[2024-02-10T17:49:39.486+0000] {processor.py:840} INFO - DAG(s) 'example_branch_labels' retrieved from /home/airflow/.local/lib/python3.8/site-packages/airflow/example_dags/example_branch_labels.py
[2024-02-10T17:49:39.511+0000] {logging_mixin.py:188} INFO - [2024-02-10T17:49:39.510+0000] {dag.py:3036} INFO - Sync 1 DAGs
[2024-02-10T17:49:39.539+0000] {logging_mixin.py:188} INFO - [2024-02-10T17:49:39.539+0000] {dag.py:3823} INFO - Setting next_dagrun for example_branch_labels to 2024-02-09 00:00:00+00:00, run_after=2024-02-10 00:00:00+00:00
[2024-02-10T17:49:39.561+0000] {processor.py:183} INFO - Processing /home/airflow/.local/lib/python3.8/site-packages/airflow/example_dags/example_branch_labels.py took 0.091 seconds
[2024-02-10T17:50:10.231+0000] {processor.py:161} INFO - Started process (PID=824) to work on /home/airflow/.local/lib/python3.8/site-packages/airflow/example_dags/example_branch_labels.py
[2024-02-10T17:50:10.232+0000] {processor.py:830} INFO - Processing file /home/airflow/.local/lib/python3.8/site-packages/airflow/example_dags/example_branch_labels.py for tasks to queue
[2024-02-10T17:50:10.234+0000] {logging_mixin.py:188} INFO - [2024-02-10T17:50:10.233+0000] {dagbag.py:538} INFO - Filling up the DagBag from /home/airflow/.local/lib/python3.8/site-packages/airflow/example_dags/example_branch_labels.py
[2024-02-10T17:50:10.248+0000] {processor.py:840} INFO - DAG(s) 'example_branch_labels' retrieved from /home/airflow/.local/lib/python3.8/site-packages/airflow/example_dags/example_branch_labels.py
[2024-02-10T17:50:10.274+0000] {logging_mixin.py:188} INFO - [2024-02-10T17:50:10.274+0000] {dag.py:3036} INFO - Sync 1 DAGs
[2024-02-10T17:50:10.362+0000] {logging_mixin.py:188} INFO - [2024-02-10T17:50:10.362+0000] {dag.py:3823} INFO - Setting next_dagrun for example_branch_labels to 2024-02-09 00:00:00+00:00, run_after=2024-02-10 00:00:00+00:00
[2024-02-10T17:50:10.428+0000] {processor.py:183} INFO - Processing /home/airflow/.local/lib/python3.8/site-packages/airflow/example_dags/example_branch_labels.py took 0.200 seconds
[2024-02-10T17:50:40.507+0000] {processor.py:161} INFO - Started process (PID=879) to work on /home/airflow/.local/lib/python3.8/site-packages/airflow/example_dags/example_branch_labels.py
[2024-02-10T17:50:40.508+0000] {processor.py:830} INFO - Processing file /home/airflow/.local/lib/python3.8/site-packages/airflow/example_dags/example_branch_labels.py for tasks to queue
[2024-02-10T17:50:40.509+0000] {logging_mixin.py:188} INFO - [2024-02-10T17:50:40.509+0000] {dagbag.py:538} INFO - Filling up the DagBag from /home/airflow/.local/lib/python3.8/site-packages/airflow/example_dags/example_branch_labels.py
[2024-02-10T17:50:40.519+0000] {processor.py:840} INFO - DAG(s) 'example_branch_labels' retrieved from /home/airflow/.local/lib/python3.8/site-packages/airflow/example_dags/example_branch_labels.py
[2024-02-10T17:50:40.544+0000] {logging_mixin.py:188} INFO - [2024-02-10T17:50:40.544+0000] {dag.py:3036} INFO - Sync 1 DAGs
[2024-02-10T17:50:40.572+0000] {logging_mixin.py:188} INFO - [2024-02-10T17:50:40.571+0000] {dag.py:3823} INFO - Setting next_dagrun for example_branch_labels to 2024-02-09 00:00:00+00:00, run_after=2024-02-10 00:00:00+00:00
[2024-02-10T17:50:40.595+0000] {processor.py:183} INFO - Processing /home/airflow/.local/lib/python3.8/site-packages/airflow/example_dags/example_branch_labels.py took 0.092 seconds
[2024-02-10T17:51:10.964+0000] {processor.py:161} INFO - Started process (PID=934) to work on /home/airflow/.local/lib/python3.8/site-packages/airflow/example_dags/example_branch_labels.py
[2024-02-10T17:51:10.970+0000] {processor.py:830} INFO - Processing file /home/airflow/.local/lib/python3.8/site-packages/airflow/example_dags/example_branch_labels.py for tasks to queue
[2024-02-10T17:51:10.971+0000] {logging_mixin.py:188} INFO - [2024-02-10T17:51:10.971+0000] {dagbag.py:538} INFO - Filling up the DagBag from /home/airflow/.local/lib/python3.8/site-packages/airflow/example_dags/example_branch_labels.py
[2024-02-10T17:51:10.993+0000] {processor.py:840} INFO - DAG(s) 'example_branch_labels' retrieved from /home/airflow/.local/lib/python3.8/site-packages/airflow/example_dags/example_branch_labels.py
[2024-02-10T17:51:11.110+0000] {logging_mixin.py:188} INFO - [2024-02-10T17:51:11.110+0000] {dag.py:3036} INFO - Sync 1 DAGs
[2024-02-10T17:51:11.195+0000] {logging_mixin.py:188} INFO - [2024-02-10T17:51:11.194+0000] {dag.py:3823} INFO - Setting next_dagrun for example_branch_labels to 2024-02-09 00:00:00+00:00, run_after=2024-02-10 00:00:00+00:00
[2024-02-10T17:51:11.256+0000] {processor.py:183} INFO - Processing /home/airflow/.local/lib/python3.8/site-packages/airflow/example_dags/example_branch_labels.py took 0.295 seconds
[2024-02-10T17:51:41.961+0000] {processor.py:161} INFO - Started process (PID=989) to work on /home/airflow/.local/lib/python3.8/site-packages/airflow/example_dags/example_branch_labels.py
[2024-02-10T17:51:41.962+0000] {processor.py:830} INFO - Processing file /home/airflow/.local/lib/python3.8/site-packages/airflow/example_dags/example_branch_labels.py for tasks to queue
[2024-02-10T17:51:41.964+0000] {logging_mixin.py:188} INFO - [2024-02-10T17:51:41.964+0000] {dagbag.py:538} INFO - Filling up the DagBag from /home/airflow/.local/lib/python3.8/site-packages/airflow/example_dags/example_branch_labels.py
[2024-02-10T17:51:41.978+0000] {processor.py:840} INFO - DAG(s) 'example_branch_labels' retrieved from /home/airflow/.local/lib/python3.8/site-packages/airflow/example_dags/example_branch_labels.py
[2024-02-10T17:51:42.027+0000] {logging_mixin.py:188} INFO - [2024-02-10T17:51:42.027+0000] {dag.py:3036} INFO - Sync 1 DAGs
[2024-02-10T17:51:42.050+0000] {logging_mixin.py:188} INFO - [2024-02-10T17:51:42.050+0000] {dag.py:3823} INFO - Setting next_dagrun for example_branch_labels to 2024-02-09 00:00:00+00:00, run_after=2024-02-10 00:00:00+00:00
[2024-02-10T17:51:42.074+0000] {processor.py:183} INFO - Processing /home/airflow/.local/lib/python3.8/site-packages/airflow/example_dags/example_branch_labels.py took 0.116 seconds
[2024-02-10T17:52:12.119+0000] {processor.py:161} INFO - Started process (PID=1044) to work on /home/airflow/.local/lib/python3.8/site-packages/airflow/example_dags/example_branch_labels.py
[2024-02-10T17:52:12.120+0000] {processor.py:830} INFO - Processing file /home/airflow/.local/lib/python3.8/site-packages/airflow/example_dags/example_branch_labels.py for tasks to queue
[2024-02-10T17:52:12.122+0000] {logging_mixin.py:188} INFO - [2024-02-10T17:52:12.121+0000] {dagbag.py:538} INFO - Filling up the DagBag from /home/airflow/.local/lib/python3.8/site-packages/airflow/example_dags/example_branch_labels.py
[2024-02-10T17:52:12.131+0000] {processor.py:840} INFO - DAG(s) 'example_branch_labels' retrieved from /home/airflow/.local/lib/python3.8/site-packages/airflow/example_dags/example_branch_labels.py
[2024-02-10T17:52:12.161+0000] {logging_mixin.py:188} INFO - [2024-02-10T17:52:12.160+0000] {dag.py:3036} INFO - Sync 1 DAGs
[2024-02-10T17:52:12.193+0000] {logging_mixin.py:188} INFO - [2024-02-10T17:52:12.193+0000] {dag.py:3823} INFO - Setting next_dagrun for example_branch_labels to 2024-02-09 00:00:00+00:00, run_after=2024-02-10 00:00:00+00:00
[2024-02-10T17:52:12.222+0000] {processor.py:183} INFO - Processing /home/airflow/.local/lib/python3.8/site-packages/airflow/example_dags/example_branch_labels.py took 0.106 seconds
[2024-02-10T17:52:42.408+0000] {processor.py:161} INFO - Started process (PID=1099) to work on /home/airflow/.local/lib/python3.8/site-packages/airflow/example_dags/example_branch_labels.py
[2024-02-10T17:52:42.408+0000] {processor.py:830} INFO - Processing file /home/airflow/.local/lib/python3.8/site-packages/airflow/example_dags/example_branch_labels.py for tasks to queue
[2024-02-10T17:52:42.410+0000] {logging_mixin.py:188} INFO - [2024-02-10T17:52:42.410+0000] {dagbag.py:538} INFO - Filling up the DagBag from /home/airflow/.local/lib/python3.8/site-packages/airflow/example_dags/example_branch_labels.py
[2024-02-10T17:52:42.419+0000] {processor.py:840} INFO - DAG(s) 'example_branch_labels' retrieved from /home/airflow/.local/lib/python3.8/site-packages/airflow/example_dags/example_branch_labels.py
[2024-02-10T17:52:42.444+0000] {logging_mixin.py:188} INFO - [2024-02-10T17:52:42.443+0000] {dag.py:3036} INFO - Sync 1 DAGs
[2024-02-10T17:52:42.470+0000] {logging_mixin.py:188} INFO - [2024-02-10T17:52:42.470+0000] {dag.py:3823} INFO - Setting next_dagrun for example_branch_labels to 2024-02-09 00:00:00+00:00, run_after=2024-02-10 00:00:00+00:00
[2024-02-10T17:52:42.492+0000] {processor.py:183} INFO - Processing /home/airflow/.local/lib/python3.8/site-packages/airflow/example_dags/example_branch_labels.py took 0.088 seconds
[2024-02-10T17:53:12.659+0000] {processor.py:161} INFO - Started process (PID=1154) to work on /home/airflow/.local/lib/python3.8/site-packages/airflow/example_dags/example_branch_labels.py
[2024-02-10T17:53:12.663+0000] {processor.py:830} INFO - Processing file /home/airflow/.local/lib/python3.8/site-packages/airflow/example_dags/example_branch_labels.py for tasks to queue
[2024-02-10T17:53:12.665+0000] {logging_mixin.py:188} INFO - [2024-02-10T17:53:12.665+0000] {dagbag.py:538} INFO - Filling up the DagBag from /home/airflow/.local/lib/python3.8/site-packages/airflow/example_dags/example_branch_labels.py
[2024-02-10T17:53:12.677+0000] {processor.py:840} INFO - DAG(s) 'example_branch_labels' retrieved from /home/airflow/.local/lib/python3.8/site-packages/airflow/example_dags/example_branch_labels.py
[2024-02-10T17:53:12.716+0000] {logging_mixin.py:188} INFO - [2024-02-10T17:53:12.716+0000] {dag.py:3036} INFO - Sync 1 DAGs
[2024-02-10T17:53:12.757+0000] {logging_mixin.py:188} INFO - [2024-02-10T17:53:12.757+0000] {dag.py:3823} INFO - Setting next_dagrun for example_branch_labels to 2024-02-09 00:00:00+00:00, run_after=2024-02-10 00:00:00+00:00
[2024-02-10T17:53:12.812+0000] {processor.py:183} INFO - Processing /home/airflow/.local/lib/python3.8/site-packages/airflow/example_dags/example_branch_labels.py took 0.163 seconds
[2024-02-10T17:53:43.197+0000] {processor.py:161} INFO - Started process (PID=1209) to work on /home/airflow/.local/lib/python3.8/site-packages/airflow/example_dags/example_branch_labels.py
[2024-02-10T17:53:43.198+0000] {processor.py:830} INFO - Processing file /home/airflow/.local/lib/python3.8/site-packages/airflow/example_dags/example_branch_labels.py for tasks to queue
[2024-02-10T17:53:43.200+0000] {logging_mixin.py:188} INFO - [2024-02-10T17:53:43.199+0000] {dagbag.py:538} INFO - Filling up the DagBag from /home/airflow/.local/lib/python3.8/site-packages/airflow/example_dags/example_branch_labels.py
[2024-02-10T17:53:43.215+0000] {processor.py:840} INFO - DAG(s) 'example_branch_labels' retrieved from /home/airflow/.local/lib/python3.8/site-packages/airflow/example_dags/example_branch_labels.py
[2024-02-10T17:53:43.241+0000] {logging_mixin.py:188} INFO - [2024-02-10T17:53:43.240+0000] {dag.py:3036} INFO - Sync 1 DAGs
[2024-02-10T17:53:43.267+0000] {logging_mixin.py:188} INFO - [2024-02-10T17:53:43.267+0000] {dag.py:3823} INFO - Setting next_dagrun for example_branch_labels to 2024-02-09 00:00:00+00:00, run_after=2024-02-10 00:00:00+00:00
[2024-02-10T17:53:43.289+0000] {processor.py:183} INFO - Processing /home/airflow/.local/lib/python3.8/site-packages/airflow/example_dags/example_branch_labels.py took 0.095 seconds
[2024-02-10T17:54:13.345+0000] {processor.py:161} INFO - Started process (PID=1265) to work on /home/airflow/.local/lib/python3.8/site-packages/airflow/example_dags/example_branch_labels.py
[2024-02-10T17:54:13.346+0000] {processor.py:830} INFO - Processing file /home/airflow/.local/lib/python3.8/site-packages/airflow/example_dags/example_branch_labels.py for tasks to queue
[2024-02-10T17:54:13.348+0000] {logging_mixin.py:188} INFO - [2024-02-10T17:54:13.348+0000] {dagbag.py:538} INFO - Filling up the DagBag from /home/airflow/.local/lib/python3.8/site-packages/airflow/example_dags/example_branch_labels.py
[2024-02-10T17:54:13.357+0000] {processor.py:840} INFO - DAG(s) 'example_branch_labels' retrieved from /home/airflow/.local/lib/python3.8/site-packages/airflow/example_dags/example_branch_labels.py
[2024-02-10T17:54:13.382+0000] {logging_mixin.py:188} INFO - [2024-02-10T17:54:13.382+0000] {dag.py:3036} INFO - Sync 1 DAGs
[2024-02-10T17:54:13.408+0000] {logging_mixin.py:188} INFO - [2024-02-10T17:54:13.408+0000] {dag.py:3823} INFO - Setting next_dagrun for example_branch_labels to 2024-02-09 00:00:00+00:00, run_after=2024-02-10 00:00:00+00:00
[2024-02-10T17:54:13.430+0000] {processor.py:183} INFO - Processing /home/airflow/.local/lib/python3.8/site-packages/airflow/example_dags/example_branch_labels.py took 0.087 seconds
[2024-02-10T17:54:43.918+0000] {processor.py:161} INFO - Started process (PID=1321) to work on /home/airflow/.local/lib/python3.8/site-packages/airflow/example_dags/example_branch_labels.py
[2024-02-10T17:54:43.919+0000] {processor.py:830} INFO - Processing file /home/airflow/.local/lib/python3.8/site-packages/airflow/example_dags/example_branch_labels.py for tasks to queue
[2024-02-10T17:54:43.921+0000] {logging_mixin.py:188} INFO - [2024-02-10T17:54:43.921+0000] {dagbag.py:538} INFO - Filling up the DagBag from /home/airflow/.local/lib/python3.8/site-packages/airflow/example_dags/example_branch_labels.py
[2024-02-10T17:54:43.930+0000] {processor.py:840} INFO - DAG(s) 'example_branch_labels' retrieved from /home/airflow/.local/lib/python3.8/site-packages/airflow/example_dags/example_branch_labels.py
[2024-02-10T17:54:43.960+0000] {logging_mixin.py:188} INFO - [2024-02-10T17:54:43.959+0000] {dag.py:3036} INFO - Sync 1 DAGs
[2024-02-10T17:54:43.986+0000] {logging_mixin.py:188} INFO - [2024-02-10T17:54:43.986+0000] {dag.py:3823} INFO - Setting next_dagrun for example_branch_labels to 2024-02-09 00:00:00+00:00, run_after=2024-02-10 00:00:00+00:00
[2024-02-10T17:54:44.016+0000] {processor.py:183} INFO - Processing /home/airflow/.local/lib/python3.8/site-packages/airflow/example_dags/example_branch_labels.py took 0.100 seconds
[2024-02-10T17:55:14.119+0000] {processor.py:161} INFO - Started process (PID=1376) to work on /home/airflow/.local/lib/python3.8/site-packages/airflow/example_dags/example_branch_labels.py
[2024-02-10T17:55:14.120+0000] {processor.py:830} INFO - Processing file /home/airflow/.local/lib/python3.8/site-packages/airflow/example_dags/example_branch_labels.py for tasks to queue
[2024-02-10T17:55:14.122+0000] {logging_mixin.py:188} INFO - [2024-02-10T17:55:14.121+0000] {dagbag.py:538} INFO - Filling up the DagBag from /home/airflow/.local/lib/python3.8/site-packages/airflow/example_dags/example_branch_labels.py
[2024-02-10T17:55:14.137+0000] {processor.py:840} INFO - DAG(s) 'example_branch_labels' retrieved from /home/airflow/.local/lib/python3.8/site-packages/airflow/example_dags/example_branch_labels.py
[2024-02-10T17:55:14.186+0000] {logging_mixin.py:188} INFO - [2024-02-10T17:55:14.186+0000] {dag.py:3036} INFO - Sync 1 DAGs
[2024-02-10T17:55:14.213+0000] {logging_mixin.py:188} INFO - [2024-02-10T17:55:14.213+0000] {dag.py:3823} INFO - Setting next_dagrun for example_branch_labels to 2024-02-09 00:00:00+00:00, run_after=2024-02-10 00:00:00+00:00
[2024-02-10T17:55:14.234+0000] {processor.py:183} INFO - Processing /home/airflow/.local/lib/python3.8/site-packages/airflow/example_dags/example_branch_labels.py took 0.122 seconds
[2024-02-10T17:55:44.492+0000] {processor.py:161} INFO - Started process (PID=1431) to work on /home/airflow/.local/lib/python3.8/site-packages/airflow/example_dags/example_branch_labels.py
[2024-02-10T17:55:44.493+0000] {processor.py:830} INFO - Processing file /home/airflow/.local/lib/python3.8/site-packages/airflow/example_dags/example_branch_labels.py for tasks to queue
[2024-02-10T17:55:44.494+0000] {logging_mixin.py:188} INFO - [2024-02-10T17:55:44.494+0000] {dagbag.py:538} INFO - Filling up the DagBag from /home/airflow/.local/lib/python3.8/site-packages/airflow/example_dags/example_branch_labels.py
[2024-02-10T17:55:44.503+0000] {processor.py:840} INFO - DAG(s) 'example_branch_labels' retrieved from /home/airflow/.local/lib/python3.8/site-packages/airflow/example_dags/example_branch_labels.py
[2024-02-10T17:55:44.528+0000] {logging_mixin.py:188} INFO - [2024-02-10T17:55:44.528+0000] {dag.py:3036} INFO - Sync 1 DAGs
[2024-02-10T17:55:44.580+0000] {logging_mixin.py:188} INFO - [2024-02-10T17:55:44.580+0000] {dag.py:3823} INFO - Setting next_dagrun for example_branch_labels to 2024-02-09 00:00:00+00:00, run_after=2024-02-10 00:00:00+00:00
[2024-02-10T17:55:44.614+0000] {processor.py:183} INFO - Processing /home/airflow/.local/lib/python3.8/site-packages/airflow/example_dags/example_branch_labels.py took 0.125 seconds
[2024-02-10T17:56:15.026+0000] {processor.py:161} INFO - Started process (PID=1487) to work on /home/airflow/.local/lib/python3.8/site-packages/airflow/example_dags/example_branch_labels.py
[2024-02-10T17:56:15.027+0000] {processor.py:830} INFO - Processing file /home/airflow/.local/lib/python3.8/site-packages/airflow/example_dags/example_branch_labels.py for tasks to queue
[2024-02-10T17:56:15.028+0000] {logging_mixin.py:188} INFO - [2024-02-10T17:56:15.028+0000] {dagbag.py:538} INFO - Filling up the DagBag from /home/airflow/.local/lib/python3.8/site-packages/airflow/example_dags/example_branch_labels.py
[2024-02-10T17:56:15.044+0000] {processor.py:840} INFO - DAG(s) 'example_branch_labels' retrieved from /home/airflow/.local/lib/python3.8/site-packages/airflow/example_dags/example_branch_labels.py
[2024-02-10T17:56:15.102+0000] {logging_mixin.py:188} INFO - [2024-02-10T17:56:15.102+0000] {dag.py:3036} INFO - Sync 1 DAGs
[2024-02-10T17:56:15.164+0000] {logging_mixin.py:188} INFO - [2024-02-10T17:56:15.164+0000] {dag.py:3823} INFO - Setting next_dagrun for example_branch_labels to 2024-02-09 00:00:00+00:00, run_after=2024-02-10 00:00:00+00:00
[2024-02-10T17:56:15.204+0000] {processor.py:183} INFO - Processing /home/airflow/.local/lib/python3.8/site-packages/airflow/example_dags/example_branch_labels.py took 0.182 seconds
[2024-02-10T17:56:45.297+0000] {processor.py:161} INFO - Started process (PID=1543) to work on /home/airflow/.local/lib/python3.8/site-packages/airflow/example_dags/example_branch_labels.py
[2024-02-10T17:56:45.303+0000] {processor.py:830} INFO - Processing file /home/airflow/.local/lib/python3.8/site-packages/airflow/example_dags/example_branch_labels.py for tasks to queue
[2024-02-10T17:56:45.311+0000] {logging_mixin.py:188} INFO - [2024-02-10T17:56:45.310+0000] {dagbag.py:538} INFO - Filling up the DagBag from /home/airflow/.local/lib/python3.8/site-packages/airflow/example_dags/example_branch_labels.py
[2024-02-10T17:56:45.348+0000] {processor.py:840} INFO - DAG(s) 'example_branch_labels' retrieved from /home/airflow/.local/lib/python3.8/site-packages/airflow/example_dags/example_branch_labels.py
[2024-02-10T17:56:45.436+0000] {logging_mixin.py:188} INFO - [2024-02-10T17:56:45.436+0000] {dag.py:3036} INFO - Sync 1 DAGs
[2024-02-10T17:56:45.487+0000] {logging_mixin.py:188} INFO - [2024-02-10T17:56:45.487+0000] {dag.py:3823} INFO - Setting next_dagrun for example_branch_labels to 2024-02-09 00:00:00+00:00, run_after=2024-02-10 00:00:00+00:00
[2024-02-10T17:56:45.525+0000] {processor.py:183} INFO - Processing /home/airflow/.local/lib/python3.8/site-packages/airflow/example_dags/example_branch_labels.py took 0.236 seconds
[2024-02-10T17:57:16.055+0000] {processor.py:161} INFO - Started process (PID=1599) to work on /home/airflow/.local/lib/python3.8/site-packages/airflow/example_dags/example_branch_labels.py
[2024-02-10T17:57:16.056+0000] {processor.py:830} INFO - Processing file /home/airflow/.local/lib/python3.8/site-packages/airflow/example_dags/example_branch_labels.py for tasks to queue
[2024-02-10T17:57:16.058+0000] {logging_mixin.py:188} INFO - [2024-02-10T17:57:16.058+0000] {dagbag.py:538} INFO - Filling up the DagBag from /home/airflow/.local/lib/python3.8/site-packages/airflow/example_dags/example_branch_labels.py
[2024-02-10T17:57:16.067+0000] {processor.py:840} INFO - DAG(s) 'example_branch_labels' retrieved from /home/airflow/.local/lib/python3.8/site-packages/airflow/example_dags/example_branch_labels.py
[2024-02-10T17:57:16.097+0000] {logging_mixin.py:188} INFO - [2024-02-10T17:57:16.096+0000] {dag.py:3036} INFO - Sync 1 DAGs
[2024-02-10T17:57:16.127+0000] {logging_mixin.py:188} INFO - [2024-02-10T17:57:16.126+0000] {dag.py:3823} INFO - Setting next_dagrun for example_branch_labels to 2024-02-09 00:00:00+00:00, run_after=2024-02-10 00:00:00+00:00
[2024-02-10T17:57:16.168+0000] {processor.py:183} INFO - Processing /home/airflow/.local/lib/python3.8/site-packages/airflow/example_dags/example_branch_labels.py took 0.117 seconds
[2024-02-10T17:57:46.414+0000] {processor.py:161} INFO - Started process (PID=1654) to work on /home/airflow/.local/lib/python3.8/site-packages/airflow/example_dags/example_branch_labels.py
[2024-02-10T17:57:46.423+0000] {processor.py:830} INFO - Processing file /home/airflow/.local/lib/python3.8/site-packages/airflow/example_dags/example_branch_labels.py for tasks to queue
[2024-02-10T17:57:46.427+0000] {logging_mixin.py:188} INFO - [2024-02-10T17:57:46.427+0000] {dagbag.py:538} INFO - Filling up the DagBag from /home/airflow/.local/lib/python3.8/site-packages/airflow/example_dags/example_branch_labels.py
[2024-02-10T17:57:46.463+0000] {processor.py:840} INFO - DAG(s) 'example_branch_labels' retrieved from /home/airflow/.local/lib/python3.8/site-packages/airflow/example_dags/example_branch_labels.py
[2024-02-10T17:57:46.511+0000] {logging_mixin.py:188} INFO - [2024-02-10T17:57:46.511+0000] {dag.py:3036} INFO - Sync 1 DAGs
[2024-02-10T17:57:46.571+0000] {logging_mixin.py:188} INFO - [2024-02-10T17:57:46.571+0000] {dag.py:3823} INFO - Setting next_dagrun for example_branch_labels to 2024-02-09 00:00:00+00:00, run_after=2024-02-10 00:00:00+00:00
[2024-02-10T17:57:46.634+0000] {processor.py:183} INFO - Processing /home/airflow/.local/lib/python3.8/site-packages/airflow/example_dags/example_branch_labels.py took 0.223 seconds
[2024-02-10T17:58:17.033+0000] {processor.py:161} INFO - Started process (PID=1709) to work on /home/airflow/.local/lib/python3.8/site-packages/airflow/example_dags/example_branch_labels.py
[2024-02-10T17:58:17.034+0000] {processor.py:830} INFO - Processing file /home/airflow/.local/lib/python3.8/site-packages/airflow/example_dags/example_branch_labels.py for tasks to queue
[2024-02-10T17:58:17.036+0000] {logging_mixin.py:188} INFO - [2024-02-10T17:58:17.035+0000] {dagbag.py:538} INFO - Filling up the DagBag from /home/airflow/.local/lib/python3.8/site-packages/airflow/example_dags/example_branch_labels.py
[2024-02-10T17:58:17.046+0000] {processor.py:840} INFO - DAG(s) 'example_branch_labels' retrieved from /home/airflow/.local/lib/python3.8/site-packages/airflow/example_dags/example_branch_labels.py
[2024-02-10T17:58:17.072+0000] {logging_mixin.py:188} INFO - [2024-02-10T17:58:17.071+0000] {dag.py:3036} INFO - Sync 1 DAGs
[2024-02-10T17:58:17.099+0000] {logging_mixin.py:188} INFO - [2024-02-10T17:58:17.098+0000] {dag.py:3823} INFO - Setting next_dagrun for example_branch_labels to 2024-02-09 00:00:00+00:00, run_after=2024-02-10 00:00:00+00:00
[2024-02-10T17:58:17.120+0000] {processor.py:183} INFO - Processing /home/airflow/.local/lib/python3.8/site-packages/airflow/example_dags/example_branch_labels.py took 0.090 seconds
[2024-02-10T17:58:47.340+0000] {processor.py:161} INFO - Started process (PID=1765) to work on /home/airflow/.local/lib/python3.8/site-packages/airflow/example_dags/example_branch_labels.py
[2024-02-10T17:58:47.341+0000] {processor.py:830} INFO - Processing file /home/airflow/.local/lib/python3.8/site-packages/airflow/example_dags/example_branch_labels.py for tasks to queue
[2024-02-10T17:58:47.342+0000] {logging_mixin.py:188} INFO - [2024-02-10T17:58:47.342+0000] {dagbag.py:538} INFO - Filling up the DagBag from /home/airflow/.local/lib/python3.8/site-packages/airflow/example_dags/example_branch_labels.py
[2024-02-10T17:58:47.352+0000] {processor.py:840} INFO - DAG(s) 'example_branch_labels' retrieved from /home/airflow/.local/lib/python3.8/site-packages/airflow/example_dags/example_branch_labels.py
[2024-02-10T17:58:47.376+0000] {logging_mixin.py:188} INFO - [2024-02-10T17:58:47.376+0000] {dag.py:3036} INFO - Sync 1 DAGs
[2024-02-10T17:58:47.403+0000] {logging_mixin.py:188} INFO - [2024-02-10T17:58:47.403+0000] {dag.py:3823} INFO - Setting next_dagrun for example_branch_labels to 2024-02-09 00:00:00+00:00, run_after=2024-02-10 00:00:00+00:00
[2024-02-10T17:58:47.426+0000] {processor.py:183} INFO - Processing /home/airflow/.local/lib/python3.8/site-packages/airflow/example_dags/example_branch_labels.py took 0.089 seconds
[2024-02-10T17:59:17.771+0000] {processor.py:161} INFO - Started process (PID=1820) to work on /home/airflow/.local/lib/python3.8/site-packages/airflow/example_dags/example_branch_labels.py
[2024-02-10T17:59:17.772+0000] {processor.py:830} INFO - Processing file /home/airflow/.local/lib/python3.8/site-packages/airflow/example_dags/example_branch_labels.py for tasks to queue
[2024-02-10T17:59:17.773+0000] {logging_mixin.py:188} INFO - [2024-02-10T17:59:17.773+0000] {dagbag.py:538} INFO - Filling up the DagBag from /home/airflow/.local/lib/python3.8/site-packages/airflow/example_dags/example_branch_labels.py
[2024-02-10T17:59:17.783+0000] {processor.py:840} INFO - DAG(s) 'example_branch_labels' retrieved from /home/airflow/.local/lib/python3.8/site-packages/airflow/example_dags/example_branch_labels.py
[2024-02-10T17:59:17.807+0000] {logging_mixin.py:188} INFO - [2024-02-10T17:59:17.807+0000] {dag.py:3036} INFO - Sync 1 DAGs
[2024-02-10T17:59:17.837+0000] {logging_mixin.py:188} INFO - [2024-02-10T17:59:17.837+0000] {dag.py:3823} INFO - Setting next_dagrun for example_branch_labels to 2024-02-09 00:00:00+00:00, run_after=2024-02-10 00:00:00+00:00
[2024-02-10T17:59:17.860+0000] {processor.py:183} INFO - Processing /home/airflow/.local/lib/python3.8/site-packages/airflow/example_dags/example_branch_labels.py took 0.093 seconds
[2024-02-10T17:59:47.975+0000] {processor.py:161} INFO - Started process (PID=1875) to work on /home/airflow/.local/lib/python3.8/site-packages/airflow/example_dags/example_branch_labels.py
[2024-02-10T17:59:47.978+0000] {processor.py:830} INFO - Processing file /home/airflow/.local/lib/python3.8/site-packages/airflow/example_dags/example_branch_labels.py for tasks to queue
[2024-02-10T17:59:47.980+0000] {logging_mixin.py:188} INFO - [2024-02-10T17:59:47.979+0000] {dagbag.py:538} INFO - Filling up the DagBag from /home/airflow/.local/lib/python3.8/site-packages/airflow/example_dags/example_branch_labels.py
[2024-02-10T17:59:47.995+0000] {processor.py:840} INFO - DAG(s) 'example_branch_labels' retrieved from /home/airflow/.local/lib/python3.8/site-packages/airflow/example_dags/example_branch_labels.py
[2024-02-10T17:59:48.068+0000] {logging_mixin.py:188} INFO - [2024-02-10T17:59:48.068+0000] {dag.py:3036} INFO - Sync 1 DAGs
[2024-02-10T17:59:48.137+0000] {logging_mixin.py:188} INFO - [2024-02-10T17:59:48.137+0000] {dag.py:3823} INFO - Setting next_dagrun for example_branch_labels to 2024-02-09 00:00:00+00:00, run_after=2024-02-10 00:00:00+00:00
[2024-02-10T17:59:48.183+0000] {processor.py:183} INFO - Processing /home/airflow/.local/lib/python3.8/site-packages/airflow/example_dags/example_branch_labels.py took 0.220 seconds
[2024-02-10T18:00:18.296+0000] {processor.py:161} INFO - Started process (PID=1930) to work on /home/airflow/.local/lib/python3.8/site-packages/airflow/example_dags/example_branch_labels.py
[2024-02-10T18:00:18.297+0000] {processor.py:830} INFO - Processing file /home/airflow/.local/lib/python3.8/site-packages/airflow/example_dags/example_branch_labels.py for tasks to queue
[2024-02-10T18:00:18.298+0000] {logging_mixin.py:188} INFO - [2024-02-10T18:00:18.298+0000] {dagbag.py:538} INFO - Filling up the DagBag from /home/airflow/.local/lib/python3.8/site-packages/airflow/example_dags/example_branch_labels.py
[2024-02-10T18:00:18.308+0000] {processor.py:840} INFO - DAG(s) 'example_branch_labels' retrieved from /home/airflow/.local/lib/python3.8/site-packages/airflow/example_dags/example_branch_labels.py
[2024-02-10T18:00:18.337+0000] {logging_mixin.py:188} INFO - [2024-02-10T18:00:18.337+0000] {dag.py:3036} INFO - Sync 1 DAGs
[2024-02-10T18:00:18.396+0000] {logging_mixin.py:188} INFO - [2024-02-10T18:00:18.396+0000] {dag.py:3823} INFO - Setting next_dagrun for example_branch_labels to 2024-02-09 00:00:00+00:00, run_after=2024-02-10 00:00:00+00:00
[2024-02-10T18:00:18.436+0000] {processor.py:183} INFO - Processing /home/airflow/.local/lib/python3.8/site-packages/airflow/example_dags/example_branch_labels.py took 0.144 seconds
[2024-02-10T18:00:48.605+0000] {processor.py:161} INFO - Started process (PID=1985) to work on /home/airflow/.local/lib/python3.8/site-packages/airflow/example_dags/example_branch_labels.py
[2024-02-10T18:00:48.605+0000] {processor.py:830} INFO - Processing file /home/airflow/.local/lib/python3.8/site-packages/airflow/example_dags/example_branch_labels.py for tasks to queue
[2024-02-10T18:00:48.607+0000] {logging_mixin.py:188} INFO - [2024-02-10T18:00:48.607+0000] {dagbag.py:538} INFO - Filling up the DagBag from /home/airflow/.local/lib/python3.8/site-packages/airflow/example_dags/example_branch_labels.py
[2024-02-10T18:00:48.617+0000] {processor.py:840} INFO - DAG(s) 'example_branch_labels' retrieved from /home/airflow/.local/lib/python3.8/site-packages/airflow/example_dags/example_branch_labels.py
[2024-02-10T18:00:48.640+0000] {logging_mixin.py:188} INFO - [2024-02-10T18:00:48.640+0000] {dag.py:3036} INFO - Sync 1 DAGs
[2024-02-10T18:00:48.663+0000] {logging_mixin.py:188} INFO - [2024-02-10T18:00:48.663+0000] {dag.py:3823} INFO - Setting next_dagrun for example_branch_labels to 2024-02-09 00:00:00+00:00, run_after=2024-02-10 00:00:00+00:00
[2024-02-10T18:00:48.685+0000] {processor.py:183} INFO - Processing /home/airflow/.local/lib/python3.8/site-packages/airflow/example_dags/example_branch_labels.py took 0.084 seconds
[2024-02-10T18:01:19.061+0000] {processor.py:161} INFO - Started process (PID=2040) to work on /home/airflow/.local/lib/python3.8/site-packages/airflow/example_dags/example_branch_labels.py
[2024-02-10T18:01:19.065+0000] {processor.py:830} INFO - Processing file /home/airflow/.local/lib/python3.8/site-packages/airflow/example_dags/example_branch_labels.py for tasks to queue
[2024-02-10T18:01:19.077+0000] {logging_mixin.py:188} INFO - [2024-02-10T18:01:19.077+0000] {dagbag.py:538} INFO - Filling up the DagBag from /home/airflow/.local/lib/python3.8/site-packages/airflow/example_dags/example_branch_labels.py
[2024-02-10T18:01:19.092+0000] {processor.py:840} INFO - DAG(s) 'example_branch_labels' retrieved from /home/airflow/.local/lib/python3.8/site-packages/airflow/example_dags/example_branch_labels.py
[2024-02-10T18:01:19.116+0000] {logging_mixin.py:188} INFO - [2024-02-10T18:01:19.115+0000] {dag.py:3036} INFO - Sync 1 DAGs
[2024-02-10T18:01:19.148+0000] {logging_mixin.py:188} INFO - [2024-02-10T18:01:19.148+0000] {dag.py:3823} INFO - Setting next_dagrun for example_branch_labels to 2024-02-09 00:00:00+00:00, run_after=2024-02-10 00:00:00+00:00
[2024-02-10T18:01:19.226+0000] {processor.py:183} INFO - Processing /home/airflow/.local/lib/python3.8/site-packages/airflow/example_dags/example_branch_labels.py took 0.177 seconds
[2024-02-10T18:01:49.303+0000] {processor.py:161} INFO - Started process (PID=2095) to work on /home/airflow/.local/lib/python3.8/site-packages/airflow/example_dags/example_branch_labels.py
[2024-02-10T18:01:49.304+0000] {processor.py:830} INFO - Processing file /home/airflow/.local/lib/python3.8/site-packages/airflow/example_dags/example_branch_labels.py for tasks to queue
[2024-02-10T18:01:49.306+0000] {logging_mixin.py:188} INFO - [2024-02-10T18:01:49.306+0000] {dagbag.py:538} INFO - Filling up the DagBag from /home/airflow/.local/lib/python3.8/site-packages/airflow/example_dags/example_branch_labels.py
[2024-02-10T18:01:49.317+0000] {processor.py:840} INFO - DAG(s) 'example_branch_labels' retrieved from /home/airflow/.local/lib/python3.8/site-packages/airflow/example_dags/example_branch_labels.py
[2024-02-10T18:01:49.341+0000] {logging_mixin.py:188} INFO - [2024-02-10T18:01:49.341+0000] {dag.py:3036} INFO - Sync 1 DAGs
[2024-02-10T18:01:49.377+0000] {logging_mixin.py:188} INFO - [2024-02-10T18:01:49.376+0000] {dag.py:3823} INFO - Setting next_dagrun for example_branch_labels to 2024-02-09 00:00:00+00:00, run_after=2024-02-10 00:00:00+00:00
[2024-02-10T18:01:49.405+0000] {processor.py:183} INFO - Processing /home/airflow/.local/lib/python3.8/site-packages/airflow/example_dags/example_branch_labels.py took 0.106 seconds
[2024-02-10T18:02:19.617+0000] {processor.py:161} INFO - Started process (PID=2156) to work on /home/airflow/.local/lib/python3.8/site-packages/airflow/example_dags/example_branch_labels.py
[2024-02-10T18:02:19.626+0000] {processor.py:830} INFO - Processing file /home/airflow/.local/lib/python3.8/site-packages/airflow/example_dags/example_branch_labels.py for tasks to queue
[2024-02-10T18:02:19.628+0000] {logging_mixin.py:188} INFO - [2024-02-10T18:02:19.627+0000] {dagbag.py:538} INFO - Filling up the DagBag from /home/airflow/.local/lib/python3.8/site-packages/airflow/example_dags/example_branch_labels.py
[2024-02-10T18:02:19.647+0000] {processor.py:840} INFO - DAG(s) 'example_branch_labels' retrieved from /home/airflow/.local/lib/python3.8/site-packages/airflow/example_dags/example_branch_labels.py
[2024-02-10T18:02:19.689+0000] {logging_mixin.py:188} INFO - [2024-02-10T18:02:19.688+0000] {dag.py:3036} INFO - Sync 1 DAGs
[2024-02-10T18:02:19.714+0000] {logging_mixin.py:188} INFO - [2024-02-10T18:02:19.714+0000] {dag.py:3823} INFO - Setting next_dagrun for example_branch_labels to 2024-02-09 00:00:00+00:00, run_after=2024-02-10 00:00:00+00:00
[2024-02-10T18:02:19.764+0000] {processor.py:183} INFO - Processing /home/airflow/.local/lib/python3.8/site-packages/airflow/example_dags/example_branch_labels.py took 0.159 seconds
[2024-02-10T18:02:49.941+0000] {processor.py:161} INFO - Started process (PID=2212) to work on /home/airflow/.local/lib/python3.8/site-packages/airflow/example_dags/example_branch_labels.py
[2024-02-10T18:02:49.942+0000] {processor.py:830} INFO - Processing file /home/airflow/.local/lib/python3.8/site-packages/airflow/example_dags/example_branch_labels.py for tasks to queue
[2024-02-10T18:02:49.944+0000] {logging_mixin.py:188} INFO - [2024-02-10T18:02:49.944+0000] {dagbag.py:538} INFO - Filling up the DagBag from /home/airflow/.local/lib/python3.8/site-packages/airflow/example_dags/example_branch_labels.py
[2024-02-10T18:02:49.954+0000] {processor.py:840} INFO - DAG(s) 'example_branch_labels' retrieved from /home/airflow/.local/lib/python3.8/site-packages/airflow/example_dags/example_branch_labels.py
[2024-02-10T18:02:49.976+0000] {logging_mixin.py:188} INFO - [2024-02-10T18:02:49.976+0000] {dag.py:3036} INFO - Sync 1 DAGs
[2024-02-10T18:02:50.010+0000] {logging_mixin.py:188} INFO - [2024-02-10T18:02:50.009+0000] {dag.py:3823} INFO - Setting next_dagrun for example_branch_labels to 2024-02-09 00:00:00+00:00, run_after=2024-02-10 00:00:00+00:00
[2024-02-10T18:02:50.049+0000] {processor.py:183} INFO - Processing /home/airflow/.local/lib/python3.8/site-packages/airflow/example_dags/example_branch_labels.py took 0.112 seconds
[2024-02-10T18:03:20.269+0000] {processor.py:161} INFO - Started process (PID=2267) to work on /home/airflow/.local/lib/python3.8/site-packages/airflow/example_dags/example_branch_labels.py
[2024-02-10T18:03:20.277+0000] {processor.py:830} INFO - Processing file /home/airflow/.local/lib/python3.8/site-packages/airflow/example_dags/example_branch_labels.py for tasks to queue
[2024-02-10T18:03:20.281+0000] {logging_mixin.py:188} INFO - [2024-02-10T18:03:20.281+0000] {dagbag.py:538} INFO - Filling up the DagBag from /home/airflow/.local/lib/python3.8/site-packages/airflow/example_dags/example_branch_labels.py
[2024-02-10T18:03:20.304+0000] {processor.py:840} INFO - DAG(s) 'example_branch_labels' retrieved from /home/airflow/.local/lib/python3.8/site-packages/airflow/example_dags/example_branch_labels.py
[2024-02-10T18:03:20.350+0000] {logging_mixin.py:188} INFO - [2024-02-10T18:03:20.350+0000] {dag.py:3036} INFO - Sync 1 DAGs
[2024-02-10T18:03:20.385+0000] {logging_mixin.py:188} INFO - [2024-02-10T18:03:20.385+0000] {dag.py:3823} INFO - Setting next_dagrun for example_branch_labels to 2024-02-09 00:00:00+00:00, run_after=2024-02-10 00:00:00+00:00
[2024-02-10T18:03:20.431+0000] {processor.py:183} INFO - Processing /home/airflow/.local/lib/python3.8/site-packages/airflow/example_dags/example_branch_labels.py took 0.165 seconds
[2024-02-10T18:03:51.394+0000] {processor.py:161} INFO - Started process (PID=2323) to work on /home/airflow/.local/lib/python3.8/site-packages/airflow/example_dags/example_branch_labels.py
[2024-02-10T18:03:51.395+0000] {processor.py:830} INFO - Processing file /home/airflow/.local/lib/python3.8/site-packages/airflow/example_dags/example_branch_labels.py for tasks to queue
[2024-02-10T18:03:51.397+0000] {logging_mixin.py:188} INFO - [2024-02-10T18:03:51.397+0000] {dagbag.py:538} INFO - Filling up the DagBag from /home/airflow/.local/lib/python3.8/site-packages/airflow/example_dags/example_branch_labels.py
[2024-02-10T18:03:51.406+0000] {processor.py:840} INFO - DAG(s) 'example_branch_labels' retrieved from /home/airflow/.local/lib/python3.8/site-packages/airflow/example_dags/example_branch_labels.py
[2024-02-10T18:03:51.429+0000] {logging_mixin.py:188} INFO - [2024-02-10T18:03:51.428+0000] {dag.py:3036} INFO - Sync 1 DAGs
[2024-02-10T18:03:51.452+0000] {logging_mixin.py:188} INFO - [2024-02-10T18:03:51.452+0000] {dag.py:3823} INFO - Setting next_dagrun for example_branch_labels to 2024-02-09 00:00:00+00:00, run_after=2024-02-10 00:00:00+00:00
[2024-02-10T18:03:51.475+0000] {processor.py:183} INFO - Processing /home/airflow/.local/lib/python3.8/site-packages/airflow/example_dags/example_branch_labels.py took 0.085 seconds
[2024-02-10T18:04:22.165+0000] {processor.py:161} INFO - Started process (PID=2378) to work on /home/airflow/.local/lib/python3.8/site-packages/airflow/example_dags/example_branch_labels.py
[2024-02-10T18:04:22.186+0000] {processor.py:830} INFO - Processing file /home/airflow/.local/lib/python3.8/site-packages/airflow/example_dags/example_branch_labels.py for tasks to queue
[2024-02-10T18:04:22.188+0000] {logging_mixin.py:188} INFO - [2024-02-10T18:04:22.188+0000] {dagbag.py:538} INFO - Filling up the DagBag from /home/airflow/.local/lib/python3.8/site-packages/airflow/example_dags/example_branch_labels.py
[2024-02-10T18:04:22.215+0000] {processor.py:840} INFO - DAG(s) 'example_branch_labels' retrieved from /home/airflow/.local/lib/python3.8/site-packages/airflow/example_dags/example_branch_labels.py
[2024-02-10T18:04:22.272+0000] {logging_mixin.py:188} INFO - [2024-02-10T18:04:22.271+0000] {dag.py:3036} INFO - Sync 1 DAGs
[2024-02-10T18:04:22.309+0000] {logging_mixin.py:188} INFO - [2024-02-10T18:04:22.308+0000] {dag.py:3823} INFO - Setting next_dagrun for example_branch_labels to 2024-02-09 00:00:00+00:00, run_after=2024-02-10 00:00:00+00:00
[2024-02-10T18:04:22.358+0000] {processor.py:183} INFO - Processing /home/airflow/.local/lib/python3.8/site-packages/airflow/example_dags/example_branch_labels.py took 0.196 seconds
[2024-02-10T18:04:52.609+0000] {processor.py:161} INFO - Started process (PID=2433) to work on /home/airflow/.local/lib/python3.8/site-packages/airflow/example_dags/example_branch_labels.py
[2024-02-10T18:04:52.613+0000] {processor.py:830} INFO - Processing file /home/airflow/.local/lib/python3.8/site-packages/airflow/example_dags/example_branch_labels.py for tasks to queue
[2024-02-10T18:04:52.615+0000] {logging_mixin.py:188} INFO - [2024-02-10T18:04:52.615+0000] {dagbag.py:538} INFO - Filling up the DagBag from /home/airflow/.local/lib/python3.8/site-packages/airflow/example_dags/example_branch_labels.py
[2024-02-10T18:04:52.626+0000] {processor.py:840} INFO - DAG(s) 'example_branch_labels' retrieved from /home/airflow/.local/lib/python3.8/site-packages/airflow/example_dags/example_branch_labels.py
[2024-02-10T18:04:52.648+0000] {logging_mixin.py:188} INFO - [2024-02-10T18:04:52.648+0000] {dag.py:3036} INFO - Sync 1 DAGs
[2024-02-10T18:04:52.672+0000] {logging_mixin.py:188} INFO - [2024-02-10T18:04:52.671+0000] {dag.py:3823} INFO - Setting next_dagrun for example_branch_labels to 2024-02-09 00:00:00+00:00, run_after=2024-02-10 00:00:00+00:00
[2024-02-10T18:04:52.694+0000] {processor.py:183} INFO - Processing /home/airflow/.local/lib/python3.8/site-packages/airflow/example_dags/example_branch_labels.py took 0.089 seconds
[2024-02-10T18:05:22.968+0000] {processor.py:161} INFO - Started process (PID=2487) to work on /home/airflow/.local/lib/python3.8/site-packages/airflow/example_dags/example_branch_labels.py
[2024-02-10T18:05:22.969+0000] {processor.py:830} INFO - Processing file /home/airflow/.local/lib/python3.8/site-packages/airflow/example_dags/example_branch_labels.py for tasks to queue
[2024-02-10T18:05:22.970+0000] {logging_mixin.py:188} INFO - [2024-02-10T18:05:22.970+0000] {dagbag.py:538} INFO - Filling up the DagBag from /home/airflow/.local/lib/python3.8/site-packages/airflow/example_dags/example_branch_labels.py
[2024-02-10T18:05:22.980+0000] {processor.py:840} INFO - DAG(s) 'example_branch_labels' retrieved from /home/airflow/.local/lib/python3.8/site-packages/airflow/example_dags/example_branch_labels.py
[2024-02-10T18:05:23.019+0000] {logging_mixin.py:188} INFO - [2024-02-10T18:05:23.018+0000] {dag.py:3036} INFO - Sync 1 DAGs
[2024-02-10T18:05:23.042+0000] {logging_mixin.py:188} INFO - [2024-02-10T18:05:23.042+0000] {dag.py:3823} INFO - Setting next_dagrun for example_branch_labels to 2024-02-09 00:00:00+00:00, run_after=2024-02-10 00:00:00+00:00
[2024-02-10T18:05:23.067+0000] {processor.py:183} INFO - Processing /home/airflow/.local/lib/python3.8/site-packages/airflow/example_dags/example_branch_labels.py took 0.103 seconds
[2024-02-10T18:05:53.572+0000] {processor.py:161} INFO - Started process (PID=2543) to work on /home/airflow/.local/lib/python3.8/site-packages/airflow/example_dags/example_branch_labels.py
[2024-02-10T18:05:53.575+0000] {processor.py:830} INFO - Processing file /home/airflow/.local/lib/python3.8/site-packages/airflow/example_dags/example_branch_labels.py for tasks to queue
[2024-02-10T18:05:53.583+0000] {logging_mixin.py:188} INFO - [2024-02-10T18:05:53.582+0000] {dagbag.py:538} INFO - Filling up the DagBag from /home/airflow/.local/lib/python3.8/site-packages/airflow/example_dags/example_branch_labels.py
[2024-02-10T18:05:53.603+0000] {processor.py:840} INFO - DAG(s) 'example_branch_labels' retrieved from /home/airflow/.local/lib/python3.8/site-packages/airflow/example_dags/example_branch_labels.py
[2024-02-10T18:05:53.641+0000] {logging_mixin.py:188} INFO - [2024-02-10T18:05:53.641+0000] {dag.py:3036} INFO - Sync 1 DAGs
[2024-02-10T18:05:53.818+0000] {logging_mixin.py:188} INFO - [2024-02-10T18:05:53.818+0000] {dag.py:3823} INFO - Setting next_dagrun for example_branch_labels to 2024-02-09 00:00:00+00:00, run_after=2024-02-10 00:00:00+00:00
[2024-02-10T18:05:53.841+0000] {processor.py:183} INFO - Processing /home/airflow/.local/lib/python3.8/site-packages/airflow/example_dags/example_branch_labels.py took 0.277 seconds
[2024-02-10T18:06:24.287+0000] {processor.py:161} INFO - Started process (PID=2598) to work on /home/airflow/.local/lib/python3.8/site-packages/airflow/example_dags/example_branch_labels.py
[2024-02-10T18:06:24.287+0000] {processor.py:830} INFO - Processing file /home/airflow/.local/lib/python3.8/site-packages/airflow/example_dags/example_branch_labels.py for tasks to queue
[2024-02-10T18:06:24.290+0000] {logging_mixin.py:188} INFO - [2024-02-10T18:06:24.289+0000] {dagbag.py:538} INFO - Filling up the DagBag from /home/airflow/.local/lib/python3.8/site-packages/airflow/example_dags/example_branch_labels.py
[2024-02-10T18:06:24.303+0000] {processor.py:840} INFO - DAG(s) 'example_branch_labels' retrieved from /home/airflow/.local/lib/python3.8/site-packages/airflow/example_dags/example_branch_labels.py
[2024-02-10T18:06:24.359+0000] {logging_mixin.py:188} INFO - [2024-02-10T18:06:24.358+0000] {dag.py:3036} INFO - Sync 1 DAGs
[2024-02-10T18:06:24.387+0000] {logging_mixin.py:188} INFO - [2024-02-10T18:06:24.387+0000] {dag.py:3823} INFO - Setting next_dagrun for example_branch_labels to 2024-02-09 00:00:00+00:00, run_after=2024-02-10 00:00:00+00:00
[2024-02-10T18:06:24.633+0000] {processor.py:183} INFO - Processing /home/airflow/.local/lib/python3.8/site-packages/airflow/example_dags/example_branch_labels.py took 0.350 seconds
[2024-02-10T18:06:54.842+0000] {processor.py:161} INFO - Started process (PID=2651) to work on /home/airflow/.local/lib/python3.8/site-packages/airflow/example_dags/example_branch_labels.py
[2024-02-10T18:06:54.843+0000] {processor.py:830} INFO - Processing file /home/airflow/.local/lib/python3.8/site-packages/airflow/example_dags/example_branch_labels.py for tasks to queue
[2024-02-10T18:06:54.845+0000] {logging_mixin.py:188} INFO - [2024-02-10T18:06:54.845+0000] {dagbag.py:538} INFO - Filling up the DagBag from /home/airflow/.local/lib/python3.8/site-packages/airflow/example_dags/example_branch_labels.py
[2024-02-10T18:06:54.854+0000] {processor.py:840} INFO - DAG(s) 'example_branch_labels' retrieved from /home/airflow/.local/lib/python3.8/site-packages/airflow/example_dags/example_branch_labels.py
[2024-02-10T18:06:54.879+0000] {logging_mixin.py:188} INFO - [2024-02-10T18:06:54.879+0000] {dag.py:3036} INFO - Sync 1 DAGs
[2024-02-10T18:06:54.902+0000] {logging_mixin.py:188} INFO - [2024-02-10T18:06:54.901+0000] {dag.py:3823} INFO - Setting next_dagrun for example_branch_labels to 2024-02-09 00:00:00+00:00, run_after=2024-02-10 00:00:00+00:00
[2024-02-10T18:06:54.924+0000] {processor.py:183} INFO - Processing /home/airflow/.local/lib/python3.8/site-packages/airflow/example_dags/example_branch_labels.py took 0.086 seconds
[2024-02-10T18:07:25.774+0000] {processor.py:161} INFO - Started process (PID=2705) to work on /home/airflow/.local/lib/python3.8/site-packages/airflow/example_dags/example_branch_labels.py
[2024-02-10T18:07:25.776+0000] {processor.py:830} INFO - Processing file /home/airflow/.local/lib/python3.8/site-packages/airflow/example_dags/example_branch_labels.py for tasks to queue
[2024-02-10T18:07:25.777+0000] {logging_mixin.py:188} INFO - [2024-02-10T18:07:25.777+0000] {dagbag.py:538} INFO - Filling up the DagBag from /home/airflow/.local/lib/python3.8/site-packages/airflow/example_dags/example_branch_labels.py
[2024-02-10T18:07:25.787+0000] {processor.py:840} INFO - DAG(s) 'example_branch_labels' retrieved from /home/airflow/.local/lib/python3.8/site-packages/airflow/example_dags/example_branch_labels.py
[2024-02-10T18:07:25.811+0000] {logging_mixin.py:188} INFO - [2024-02-10T18:07:25.811+0000] {dag.py:3036} INFO - Sync 1 DAGs
[2024-02-10T18:07:25.835+0000] {logging_mixin.py:188} INFO - [2024-02-10T18:07:25.835+0000] {dag.py:3823} INFO - Setting next_dagrun for example_branch_labels to 2024-02-09 00:00:00+00:00, run_after=2024-02-10 00:00:00+00:00
[2024-02-10T18:07:25.857+0000] {processor.py:183} INFO - Processing /home/airflow/.local/lib/python3.8/site-packages/airflow/example_dags/example_branch_labels.py took 0.086 seconds
[2024-02-10T18:07:56.193+0000] {processor.py:161} INFO - Started process (PID=2760) to work on /home/airflow/.local/lib/python3.8/site-packages/airflow/example_dags/example_branch_labels.py
[2024-02-10T18:07:56.194+0000] {processor.py:830} INFO - Processing file /home/airflow/.local/lib/python3.8/site-packages/airflow/example_dags/example_branch_labels.py for tasks to queue
[2024-02-10T18:07:56.196+0000] {logging_mixin.py:188} INFO - [2024-02-10T18:07:56.195+0000] {dagbag.py:538} INFO - Filling up the DagBag from /home/airflow/.local/lib/python3.8/site-packages/airflow/example_dags/example_branch_labels.py
[2024-02-10T18:07:56.205+0000] {processor.py:840} INFO - DAG(s) 'example_branch_labels' retrieved from /home/airflow/.local/lib/python3.8/site-packages/airflow/example_dags/example_branch_labels.py
[2024-02-10T18:07:56.228+0000] {logging_mixin.py:188} INFO - [2024-02-10T18:07:56.228+0000] {dag.py:3036} INFO - Sync 1 DAGs
[2024-02-10T18:07:56.263+0000] {logging_mixin.py:188} INFO - [2024-02-10T18:07:56.262+0000] {dag.py:3823} INFO - Setting next_dagrun for example_branch_labels to 2024-02-09 00:00:00+00:00, run_after=2024-02-10 00:00:00+00:00
[2024-02-10T18:07:56.299+0000] {processor.py:183} INFO - Processing /home/airflow/.local/lib/python3.8/site-packages/airflow/example_dags/example_branch_labels.py took 0.109 seconds
[2024-02-10T18:08:26.571+0000] {processor.py:161} INFO - Started process (PID=2816) to work on /home/airflow/.local/lib/python3.8/site-packages/airflow/example_dags/example_branch_labels.py
[2024-02-10T18:08:26.583+0000] {processor.py:830} INFO - Processing file /home/airflow/.local/lib/python3.8/site-packages/airflow/example_dags/example_branch_labels.py for tasks to queue
[2024-02-10T18:08:26.585+0000] {logging_mixin.py:188} INFO - [2024-02-10T18:08:26.585+0000] {dagbag.py:538} INFO - Filling up the DagBag from /home/airflow/.local/lib/python3.8/site-packages/airflow/example_dags/example_branch_labels.py
[2024-02-10T18:08:26.612+0000] {processor.py:840} INFO - DAG(s) 'example_branch_labels' retrieved from /home/airflow/.local/lib/python3.8/site-packages/airflow/example_dags/example_branch_labels.py
[2024-02-10T18:08:26.716+0000] {logging_mixin.py:188} INFO - [2024-02-10T18:08:26.714+0000] {dag.py:3036} INFO - Sync 1 DAGs
[2024-02-10T18:08:26.805+0000] {logging_mixin.py:188} INFO - [2024-02-10T18:08:26.804+0000] {dag.py:3823} INFO - Setting next_dagrun for example_branch_labels to 2024-02-09 00:00:00+00:00, run_after=2024-02-10 00:00:00+00:00
[2024-02-10T18:08:26.838+0000] {processor.py:183} INFO - Processing /home/airflow/.local/lib/python3.8/site-packages/airflow/example_dags/example_branch_labels.py took 0.275 seconds
[2024-02-10T18:08:57.245+0000] {processor.py:161} INFO - Started process (PID=2872) to work on /home/airflow/.local/lib/python3.8/site-packages/airflow/example_dags/example_branch_labels.py
[2024-02-10T18:08:57.246+0000] {processor.py:830} INFO - Processing file /home/airflow/.local/lib/python3.8/site-packages/airflow/example_dags/example_branch_labels.py for tasks to queue
[2024-02-10T18:08:57.248+0000] {logging_mixin.py:188} INFO - [2024-02-10T18:08:57.248+0000] {dagbag.py:538} INFO - Filling up the DagBag from /home/airflow/.local/lib/python3.8/site-packages/airflow/example_dags/example_branch_labels.py
[2024-02-10T18:08:57.258+0000] {processor.py:840} INFO - DAG(s) 'example_branch_labels' retrieved from /home/airflow/.local/lib/python3.8/site-packages/airflow/example_dags/example_branch_labels.py
[2024-02-10T18:08:57.281+0000] {logging_mixin.py:188} INFO - [2024-02-10T18:08:57.281+0000] {dag.py:3036} INFO - Sync 1 DAGs
[2024-02-10T18:08:57.305+0000] {logging_mixin.py:188} INFO - [2024-02-10T18:08:57.305+0000] {dag.py:3823} INFO - Setting next_dagrun for example_branch_labels to 2024-02-09 00:00:00+00:00, run_after=2024-02-10 00:00:00+00:00
[2024-02-10T18:08:57.329+0000] {processor.py:183} INFO - Processing /home/airflow/.local/lib/python3.8/site-packages/airflow/example_dags/example_branch_labels.py took 0.087 seconds
[2024-02-10T18:09:27.469+0000] {processor.py:161} INFO - Started process (PID=2928) to work on /home/airflow/.local/lib/python3.8/site-packages/airflow/example_dags/example_branch_labels.py
[2024-02-10T18:09:27.470+0000] {processor.py:830} INFO - Processing file /home/airflow/.local/lib/python3.8/site-packages/airflow/example_dags/example_branch_labels.py for tasks to queue
[2024-02-10T18:09:27.472+0000] {logging_mixin.py:188} INFO - [2024-02-10T18:09:27.471+0000] {dagbag.py:538} INFO - Filling up the DagBag from /home/airflow/.local/lib/python3.8/site-packages/airflow/example_dags/example_branch_labels.py
[2024-02-10T18:09:27.481+0000] {processor.py:840} INFO - DAG(s) 'example_branch_labels' retrieved from /home/airflow/.local/lib/python3.8/site-packages/airflow/example_dags/example_branch_labels.py
[2024-02-10T18:09:27.506+0000] {logging_mixin.py:188} INFO - [2024-02-10T18:09:27.506+0000] {dag.py:3036} INFO - Sync 1 DAGs
[2024-02-10T18:09:27.527+0000] {logging_mixin.py:188} INFO - [2024-02-10T18:09:27.527+0000] {dag.py:3823} INFO - Setting next_dagrun for example_branch_labels to 2024-02-09 00:00:00+00:00, run_after=2024-02-10 00:00:00+00:00
[2024-02-10T18:09:27.551+0000] {processor.py:183} INFO - Processing /home/airflow/.local/lib/python3.8/site-packages/airflow/example_dags/example_branch_labels.py took 0.086 seconds
[2024-02-10T18:09:57.772+0000] {processor.py:161} INFO - Started process (PID=2982) to work on /home/airflow/.local/lib/python3.8/site-packages/airflow/example_dags/example_branch_labels.py
[2024-02-10T18:09:57.773+0000] {processor.py:830} INFO - Processing file /home/airflow/.local/lib/python3.8/site-packages/airflow/example_dags/example_branch_labels.py for tasks to queue
[2024-02-10T18:09:57.775+0000] {logging_mixin.py:188} INFO - [2024-02-10T18:09:57.774+0000] {dagbag.py:538} INFO - Filling up the DagBag from /home/airflow/.local/lib/python3.8/site-packages/airflow/example_dags/example_branch_labels.py
[2024-02-10T18:09:57.785+0000] {processor.py:840} INFO - DAG(s) 'example_branch_labels' retrieved from /home/airflow/.local/lib/python3.8/site-packages/airflow/example_dags/example_branch_labels.py
[2024-02-10T18:09:57.809+0000] {logging_mixin.py:188} INFO - [2024-02-10T18:09:57.808+0000] {dag.py:3036} INFO - Sync 1 DAGs
[2024-02-10T18:09:57.831+0000] {logging_mixin.py:188} INFO - [2024-02-10T18:09:57.831+0000] {dag.py:3823} INFO - Setting next_dagrun for example_branch_labels to 2024-02-09 00:00:00+00:00, run_after=2024-02-10 00:00:00+00:00
[2024-02-10T18:09:57.854+0000] {processor.py:183} INFO - Processing /home/airflow/.local/lib/python3.8/site-packages/airflow/example_dags/example_branch_labels.py took 0.086 seconds
[2024-02-10T18:10:28.401+0000] {processor.py:161} INFO - Started process (PID=3037) to work on /home/airflow/.local/lib/python3.8/site-packages/airflow/example_dags/example_branch_labels.py
[2024-02-10T18:10:28.402+0000] {processor.py:830} INFO - Processing file /home/airflow/.local/lib/python3.8/site-packages/airflow/example_dags/example_branch_labels.py for tasks to queue
[2024-02-10T18:10:28.404+0000] {logging_mixin.py:188} INFO - [2024-02-10T18:10:28.403+0000] {dagbag.py:538} INFO - Filling up the DagBag from /home/airflow/.local/lib/python3.8/site-packages/airflow/example_dags/example_branch_labels.py
[2024-02-10T18:10:28.413+0000] {processor.py:840} INFO - DAG(s) 'example_branch_labels' retrieved from /home/airflow/.local/lib/python3.8/site-packages/airflow/example_dags/example_branch_labels.py
[2024-02-10T18:10:28.435+0000] {logging_mixin.py:188} INFO - [2024-02-10T18:10:28.435+0000] {dag.py:3036} INFO - Sync 1 DAGs
[2024-02-10T18:10:28.459+0000] {logging_mixin.py:188} INFO - [2024-02-10T18:10:28.459+0000] {dag.py:3823} INFO - Setting next_dagrun for example_branch_labels to 2024-02-09 00:00:00+00:00, run_after=2024-02-10 00:00:00+00:00
[2024-02-10T18:10:28.484+0000] {processor.py:183} INFO - Processing /home/airflow/.local/lib/python3.8/site-packages/airflow/example_dags/example_branch_labels.py took 0.087 seconds
[2024-02-10T18:10:59.609+0000] {processor.py:161} INFO - Started process (PID=3091) to work on /home/airflow/.local/lib/python3.8/site-packages/airflow/example_dags/example_branch_labels.py
[2024-02-10T18:10:59.617+0000] {processor.py:830} INFO - Processing file /home/airflow/.local/lib/python3.8/site-packages/airflow/example_dags/example_branch_labels.py for tasks to queue
[2024-02-10T18:10:59.619+0000] {logging_mixin.py:188} INFO - [2024-02-10T18:10:59.619+0000] {dagbag.py:538} INFO - Filling up the DagBag from /home/airflow/.local/lib/python3.8/site-packages/airflow/example_dags/example_branch_labels.py
[2024-02-10T18:10:59.640+0000] {processor.py:840} INFO - DAG(s) 'example_branch_labels' retrieved from /home/airflow/.local/lib/python3.8/site-packages/airflow/example_dags/example_branch_labels.py
[2024-02-10T18:10:59.696+0000] {logging_mixin.py:188} INFO - [2024-02-10T18:10:59.696+0000] {dag.py:3036} INFO - Sync 1 DAGs
[2024-02-10T18:10:59.741+0000] {logging_mixin.py:188} INFO - [2024-02-10T18:10:59.740+0000] {dag.py:3823} INFO - Setting next_dagrun for example_branch_labels to 2024-02-09 00:00:00+00:00, run_after=2024-02-10 00:00:00+00:00
[2024-02-10T18:10:59.793+0000] {processor.py:183} INFO - Processing /home/airflow/.local/lib/python3.8/site-packages/airflow/example_dags/example_branch_labels.py took 0.187 seconds
[2024-02-10T18:11:30.270+0000] {processor.py:161} INFO - Started process (PID=3147) to work on /home/airflow/.local/lib/python3.8/site-packages/airflow/example_dags/example_branch_labels.py
[2024-02-10T18:11:30.271+0000] {processor.py:830} INFO - Processing file /home/airflow/.local/lib/python3.8/site-packages/airflow/example_dags/example_branch_labels.py for tasks to queue
[2024-02-10T18:11:30.273+0000] {logging_mixin.py:188} INFO - [2024-02-10T18:11:30.272+0000] {dagbag.py:538} INFO - Filling up the DagBag from /home/airflow/.local/lib/python3.8/site-packages/airflow/example_dags/example_branch_labels.py
[2024-02-10T18:11:30.282+0000] {processor.py:840} INFO - DAG(s) 'example_branch_labels' retrieved from /home/airflow/.local/lib/python3.8/site-packages/airflow/example_dags/example_branch_labels.py
[2024-02-10T18:11:30.308+0000] {logging_mixin.py:188} INFO - [2024-02-10T18:11:30.308+0000] {dag.py:3036} INFO - Sync 1 DAGs
[2024-02-10T18:11:30.336+0000] {logging_mixin.py:188} INFO - [2024-02-10T18:11:30.336+0000] {dag.py:3823} INFO - Setting next_dagrun for example_branch_labels to 2024-02-09 00:00:00+00:00, run_after=2024-02-10 00:00:00+00:00
[2024-02-10T18:11:30.377+0000] {processor.py:183} INFO - Processing /home/airflow/.local/lib/python3.8/site-packages/airflow/example_dags/example_branch_labels.py took 0.110 seconds
[2024-02-10T18:12:00.469+0000] {processor.py:161} INFO - Started process (PID=3202) to work on /home/airflow/.local/lib/python3.8/site-packages/airflow/example_dags/example_branch_labels.py
[2024-02-10T18:12:00.470+0000] {processor.py:830} INFO - Processing file /home/airflow/.local/lib/python3.8/site-packages/airflow/example_dags/example_branch_labels.py for tasks to queue
[2024-02-10T18:12:00.471+0000] {logging_mixin.py:188} INFO - [2024-02-10T18:12:00.471+0000] {dagbag.py:538} INFO - Filling up the DagBag from /home/airflow/.local/lib/python3.8/site-packages/airflow/example_dags/example_branch_labels.py
[2024-02-10T18:12:00.481+0000] {processor.py:840} INFO - DAG(s) 'example_branch_labels' retrieved from /home/airflow/.local/lib/python3.8/site-packages/airflow/example_dags/example_branch_labels.py
[2024-02-10T18:12:00.504+0000] {logging_mixin.py:188} INFO - [2024-02-10T18:12:00.504+0000] {dag.py:3036} INFO - Sync 1 DAGs
[2024-02-10T18:12:00.528+0000] {logging_mixin.py:188} INFO - [2024-02-10T18:12:00.528+0000] {dag.py:3823} INFO - Setting next_dagrun for example_branch_labels to 2024-02-09 00:00:00+00:00, run_after=2024-02-10 00:00:00+00:00
[2024-02-10T18:12:00.551+0000] {processor.py:183} INFO - Processing /home/airflow/.local/lib/python3.8/site-packages/airflow/example_dags/example_branch_labels.py took 0.086 seconds
[2024-02-10T18:12:31.159+0000] {processor.py:161} INFO - Started process (PID=3258) to work on /home/airflow/.local/lib/python3.8/site-packages/airflow/example_dags/example_branch_labels.py
[2024-02-10T18:12:31.160+0000] {processor.py:830} INFO - Processing file /home/airflow/.local/lib/python3.8/site-packages/airflow/example_dags/example_branch_labels.py for tasks to queue
[2024-02-10T18:12:31.161+0000] {logging_mixin.py:188} INFO - [2024-02-10T18:12:31.161+0000] {dagbag.py:538} INFO - Filling up the DagBag from /home/airflow/.local/lib/python3.8/site-packages/airflow/example_dags/example_branch_labels.py
[2024-02-10T18:12:31.181+0000] {processor.py:840} INFO - DAG(s) 'example_branch_labels' retrieved from /home/airflow/.local/lib/python3.8/site-packages/airflow/example_dags/example_branch_labels.py
[2024-02-10T18:12:31.246+0000] {logging_mixin.py:188} INFO - [2024-02-10T18:12:31.243+0000] {dag.py:3036} INFO - Sync 1 DAGs
[2024-02-10T18:12:31.345+0000] {logging_mixin.py:188} INFO - [2024-02-10T18:12:31.345+0000] {dag.py:3823} INFO - Setting next_dagrun for example_branch_labels to 2024-02-09 00:00:00+00:00, run_after=2024-02-10 00:00:00+00:00
[2024-02-10T18:12:31.423+0000] {processor.py:183} INFO - Processing /home/airflow/.local/lib/python3.8/site-packages/airflow/example_dags/example_branch_labels.py took 0.276 seconds
[2024-02-10T18:13:02.229+0000] {processor.py:161} INFO - Started process (PID=3313) to work on /home/airflow/.local/lib/python3.8/site-packages/airflow/example_dags/example_branch_labels.py
[2024-02-10T18:13:02.234+0000] {processor.py:830} INFO - Processing file /home/airflow/.local/lib/python3.8/site-packages/airflow/example_dags/example_branch_labels.py for tasks to queue
[2024-02-10T18:13:02.246+0000] {logging_mixin.py:188} INFO - [2024-02-10T18:13:02.245+0000] {dagbag.py:538} INFO - Filling up the DagBag from /home/airflow/.local/lib/python3.8/site-packages/airflow/example_dags/example_branch_labels.py
[2024-02-10T18:13:02.276+0000] {processor.py:840} INFO - DAG(s) 'example_branch_labels' retrieved from /home/airflow/.local/lib/python3.8/site-packages/airflow/example_dags/example_branch_labels.py
[2024-02-10T18:13:02.386+0000] {logging_mixin.py:188} INFO - [2024-02-10T18:13:02.386+0000] {dag.py:3036} INFO - Sync 1 DAGs
[2024-02-10T18:13:02.431+0000] {logging_mixin.py:188} INFO - [2024-02-10T18:13:02.431+0000] {dag.py:3823} INFO - Setting next_dagrun for example_branch_labels to 2024-02-09 00:00:00+00:00, run_after=2024-02-10 00:00:00+00:00
[2024-02-10T18:13:02.466+0000] {processor.py:183} INFO - Processing /home/airflow/.local/lib/python3.8/site-packages/airflow/example_dags/example_branch_labels.py took 0.241 seconds
[2024-02-10T18:13:32.828+0000] {processor.py:161} INFO - Started process (PID=3369) to work on /home/airflow/.local/lib/python3.8/site-packages/airflow/example_dags/example_branch_labels.py
[2024-02-10T18:13:32.829+0000] {processor.py:830} INFO - Processing file /home/airflow/.local/lib/python3.8/site-packages/airflow/example_dags/example_branch_labels.py for tasks to queue
[2024-02-10T18:13:32.831+0000] {logging_mixin.py:188} INFO - [2024-02-10T18:13:32.830+0000] {dagbag.py:538} INFO - Filling up the DagBag from /home/airflow/.local/lib/python3.8/site-packages/airflow/example_dags/example_branch_labels.py
[2024-02-10T18:13:32.850+0000] {processor.py:840} INFO - DAG(s) 'example_branch_labels' retrieved from /home/airflow/.local/lib/python3.8/site-packages/airflow/example_dags/example_branch_labels.py
[2024-02-10T18:13:32.897+0000] {logging_mixin.py:188} INFO - [2024-02-10T18:13:32.896+0000] {dag.py:3036} INFO - Sync 1 DAGs
[2024-02-10T18:13:32.926+0000] {logging_mixin.py:188} INFO - [2024-02-10T18:13:32.926+0000] {dag.py:3823} INFO - Setting next_dagrun for example_branch_labels to 2024-02-09 00:00:00+00:00, run_after=2024-02-10 00:00:00+00:00
[2024-02-10T18:13:32.959+0000] {processor.py:183} INFO - Processing /home/airflow/.local/lib/python3.8/site-packages/airflow/example_dags/example_branch_labels.py took 0.138 seconds
[2024-02-10T18:14:03.409+0000] {processor.py:161} INFO - Started process (PID=3424) to work on /home/airflow/.local/lib/python3.8/site-packages/airflow/example_dags/example_branch_labels.py
[2024-02-10T18:14:03.410+0000] {processor.py:830} INFO - Processing file /home/airflow/.local/lib/python3.8/site-packages/airflow/example_dags/example_branch_labels.py for tasks to queue
[2024-02-10T18:14:03.411+0000] {logging_mixin.py:188} INFO - [2024-02-10T18:14:03.411+0000] {dagbag.py:538} INFO - Filling up the DagBag from /home/airflow/.local/lib/python3.8/site-packages/airflow/example_dags/example_branch_labels.py
[2024-02-10T18:14:03.421+0000] {processor.py:840} INFO - DAG(s) 'example_branch_labels' retrieved from /home/airflow/.local/lib/python3.8/site-packages/airflow/example_dags/example_branch_labels.py
[2024-02-10T18:14:03.446+0000] {logging_mixin.py:188} INFO - [2024-02-10T18:14:03.446+0000] {dag.py:3036} INFO - Sync 1 DAGs
[2024-02-10T18:14:03.475+0000] {logging_mixin.py:188} INFO - [2024-02-10T18:14:03.474+0000] {dag.py:3823} INFO - Setting next_dagrun for example_branch_labels to 2024-02-09 00:00:00+00:00, run_after=2024-02-10 00:00:00+00:00
[2024-02-10T18:14:03.499+0000] {processor.py:183} INFO - Processing /home/airflow/.local/lib/python3.8/site-packages/airflow/example_dags/example_branch_labels.py took 0.093 seconds
[2024-02-10T18:14:33.777+0000] {processor.py:161} INFO - Started process (PID=3479) to work on /home/airflow/.local/lib/python3.8/site-packages/airflow/example_dags/example_branch_labels.py
[2024-02-10T18:14:33.778+0000] {processor.py:830} INFO - Processing file /home/airflow/.local/lib/python3.8/site-packages/airflow/example_dags/example_branch_labels.py for tasks to queue
[2024-02-10T18:14:33.780+0000] {logging_mixin.py:188} INFO - [2024-02-10T18:14:33.779+0000] {dagbag.py:538} INFO - Filling up the DagBag from /home/airflow/.local/lib/python3.8/site-packages/airflow/example_dags/example_branch_labels.py
[2024-02-10T18:14:33.790+0000] {processor.py:840} INFO - DAG(s) 'example_branch_labels' retrieved from /home/airflow/.local/lib/python3.8/site-packages/airflow/example_dags/example_branch_labels.py
[2024-02-10T18:14:33.819+0000] {logging_mixin.py:188} INFO - [2024-02-10T18:14:33.818+0000] {dag.py:3036} INFO - Sync 1 DAGs
[2024-02-10T18:14:33.849+0000] {logging_mixin.py:188} INFO - [2024-02-10T18:14:33.849+0000] {dag.py:3823} INFO - Setting next_dagrun for example_branch_labels to 2024-02-09 00:00:00+00:00, run_after=2024-02-10 00:00:00+00:00
[2024-02-10T18:14:33.874+0000] {processor.py:183} INFO - Processing /home/airflow/.local/lib/python3.8/site-packages/airflow/example_dags/example_branch_labels.py took 0.101 seconds
[2024-02-10T18:15:04.011+0000] {processor.py:161} INFO - Started process (PID=3534) to work on /home/airflow/.local/lib/python3.8/site-packages/airflow/example_dags/example_branch_labels.py
[2024-02-10T18:15:04.012+0000] {processor.py:830} INFO - Processing file /home/airflow/.local/lib/python3.8/site-packages/airflow/example_dags/example_branch_labels.py for tasks to queue
[2024-02-10T18:15:04.013+0000] {logging_mixin.py:188} INFO - [2024-02-10T18:15:04.013+0000] {dagbag.py:538} INFO - Filling up the DagBag from /home/airflow/.local/lib/python3.8/site-packages/airflow/example_dags/example_branch_labels.py
[2024-02-10T18:15:04.023+0000] {processor.py:840} INFO - DAG(s) 'example_branch_labels' retrieved from /home/airflow/.local/lib/python3.8/site-packages/airflow/example_dags/example_branch_labels.py
[2024-02-10T18:15:04.049+0000] {logging_mixin.py:188} INFO - [2024-02-10T18:15:04.049+0000] {dag.py:3036} INFO - Sync 1 DAGs
[2024-02-10T18:15:04.081+0000] {logging_mixin.py:188} INFO - [2024-02-10T18:15:04.081+0000] {dag.py:3823} INFO - Setting next_dagrun for example_branch_labels to 2024-02-09 00:00:00+00:00, run_after=2024-02-10 00:00:00+00:00
[2024-02-10T18:15:04.106+0000] {processor.py:183} INFO - Processing /home/airflow/.local/lib/python3.8/site-packages/airflow/example_dags/example_branch_labels.py took 0.098 seconds
[2024-02-10T18:15:34.672+0000] {processor.py:161} INFO - Started process (PID=3589) to work on /home/airflow/.local/lib/python3.8/site-packages/airflow/example_dags/example_branch_labels.py
[2024-02-10T18:15:34.672+0000] {processor.py:830} INFO - Processing file /home/airflow/.local/lib/python3.8/site-packages/airflow/example_dags/example_branch_labels.py for tasks to queue
[2024-02-10T18:15:34.674+0000] {logging_mixin.py:188} INFO - [2024-02-10T18:15:34.674+0000] {dagbag.py:538} INFO - Filling up the DagBag from /home/airflow/.local/lib/python3.8/site-packages/airflow/example_dags/example_branch_labels.py
[2024-02-10T18:15:34.683+0000] {processor.py:840} INFO - DAG(s) 'example_branch_labels' retrieved from /home/airflow/.local/lib/python3.8/site-packages/airflow/example_dags/example_branch_labels.py
[2024-02-10T18:15:34.708+0000] {logging_mixin.py:188} INFO - [2024-02-10T18:15:34.708+0000] {dag.py:3036} INFO - Sync 1 DAGs
[2024-02-10T18:15:34.746+0000] {logging_mixin.py:188} INFO - [2024-02-10T18:15:34.745+0000] {dag.py:3823} INFO - Setting next_dagrun for example_branch_labels to 2024-02-09 00:00:00+00:00, run_after=2024-02-10 00:00:00+00:00
[2024-02-10T18:15:34.776+0000] {processor.py:183} INFO - Processing /home/airflow/.local/lib/python3.8/site-packages/airflow/example_dags/example_branch_labels.py took 0.108 seconds
[2024-02-10T18:16:04.945+0000] {processor.py:161} INFO - Started process (PID=3645) to work on /home/airflow/.local/lib/python3.8/site-packages/airflow/example_dags/example_branch_labels.py
[2024-02-10T18:16:04.946+0000] {processor.py:830} INFO - Processing file /home/airflow/.local/lib/python3.8/site-packages/airflow/example_dags/example_branch_labels.py for tasks to queue
[2024-02-10T18:16:04.948+0000] {logging_mixin.py:188} INFO - [2024-02-10T18:16:04.948+0000] {dagbag.py:538} INFO - Filling up the DagBag from /home/airflow/.local/lib/python3.8/site-packages/airflow/example_dags/example_branch_labels.py
[2024-02-10T18:16:04.957+0000] {processor.py:840} INFO - DAG(s) 'example_branch_labels' retrieved from /home/airflow/.local/lib/python3.8/site-packages/airflow/example_dags/example_branch_labels.py
[2024-02-10T18:16:04.982+0000] {logging_mixin.py:188} INFO - [2024-02-10T18:16:04.981+0000] {dag.py:3036} INFO - Sync 1 DAGs
[2024-02-10T18:16:05.009+0000] {logging_mixin.py:188} INFO - [2024-02-10T18:16:05.009+0000] {dag.py:3823} INFO - Setting next_dagrun for example_branch_labels to 2024-02-09 00:00:00+00:00, run_after=2024-02-10 00:00:00+00:00
[2024-02-10T18:16:05.033+0000] {processor.py:183} INFO - Processing /home/airflow/.local/lib/python3.8/site-packages/airflow/example_dags/example_branch_labels.py took 0.091 seconds
