[2024-02-10T17:42:58.295+0000] {processor.py:161} INFO - Started process (PID=41) to work on /home/airflow/.local/lib/python3.8/site-packages/airflow/example_dags/example_branch_python_dop_operator_3.py
[2024-02-10T17:42:58.296+0000] {processor.py:830} INFO - Processing file /home/airflow/.local/lib/python3.8/site-packages/airflow/example_dags/example_branch_python_dop_operator_3.py for tasks to queue
[2024-02-10T17:42:58.298+0000] {logging_mixin.py:188} INFO - [2024-02-10T17:42:58.297+0000] {dagbag.py:538} INFO - Filling up the DagBag from /home/airflow/.local/lib/python3.8/site-packages/airflow/example_dags/example_branch_python_dop_operator_3.py
[2024-02-10T17:42:58.374+0000] {processor.py:840} INFO - DAG(s) 'example_branch_dop_operator_v3' retrieved from /home/airflow/.local/lib/python3.8/site-packages/airflow/example_dags/example_branch_python_dop_operator_3.py
[2024-02-10T17:42:58.896+0000] {logging_mixin.py:188} INFO - [2024-02-10T17:42:58.895+0000] {dag.py:3036} INFO - Sync 1 DAGs
[2024-02-10T17:42:59.104+0000] {logging_mixin.py:188} INFO - [2024-02-10T17:42:59.104+0000] {dag.py:3823} INFO - Setting next_dagrun for example_branch_dop_operator_v3 to 2024-02-10 17:41:00+00:00, run_after=2024-02-10 17:42:00+00:00
[2024-02-10T17:42:59.210+0000] {processor.py:183} INFO - Processing /home/airflow/.local/lib/python3.8/site-packages/airflow/example_dags/example_branch_python_dop_operator_3.py took 0.930 seconds
[2024-02-10T17:43:30.182+0000] {processor.py:161} INFO - Started process (PID=96) to work on /home/airflow/.local/lib/python3.8/site-packages/airflow/example_dags/example_branch_python_dop_operator_3.py
[2024-02-10T17:43:30.183+0000] {processor.py:830} INFO - Processing file /home/airflow/.local/lib/python3.8/site-packages/airflow/example_dags/example_branch_python_dop_operator_3.py for tasks to queue
[2024-02-10T17:43:30.184+0000] {logging_mixin.py:188} INFO - [2024-02-10T17:43:30.184+0000] {dagbag.py:538} INFO - Filling up the DagBag from /home/airflow/.local/lib/python3.8/site-packages/airflow/example_dags/example_branch_python_dop_operator_3.py
[2024-02-10T17:43:30.196+0000] {processor.py:840} INFO - DAG(s) 'example_branch_dop_operator_v3' retrieved from /home/airflow/.local/lib/python3.8/site-packages/airflow/example_dags/example_branch_python_dop_operator_3.py
[2024-02-10T17:43:30.219+0000] {logging_mixin.py:188} INFO - [2024-02-10T17:43:30.219+0000] {dag.py:3036} INFO - Sync 1 DAGs
[2024-02-10T17:43:30.250+0000] {logging_mixin.py:188} INFO - [2024-02-10T17:43:30.250+0000] {dag.py:3823} INFO - Setting next_dagrun for example_branch_dop_operator_v3 to 2024-02-10 17:42:00+00:00, run_after=2024-02-10 17:43:00+00:00
[2024-02-10T17:43:30.273+0000] {processor.py:183} INFO - Processing /home/airflow/.local/lib/python3.8/site-packages/airflow/example_dags/example_branch_python_dop_operator_3.py took 0.094 seconds
[2024-02-10T17:44:00.559+0000] {processor.py:161} INFO - Started process (PID=151) to work on /home/airflow/.local/lib/python3.8/site-packages/airflow/example_dags/example_branch_python_dop_operator_3.py
[2024-02-10T17:44:00.560+0000] {processor.py:830} INFO - Processing file /home/airflow/.local/lib/python3.8/site-packages/airflow/example_dags/example_branch_python_dop_operator_3.py for tasks to queue
[2024-02-10T17:44:00.561+0000] {logging_mixin.py:188} INFO - [2024-02-10T17:44:00.561+0000] {dagbag.py:538} INFO - Filling up the DagBag from /home/airflow/.local/lib/python3.8/site-packages/airflow/example_dags/example_branch_python_dop_operator_3.py
[2024-02-10T17:44:00.572+0000] {processor.py:840} INFO - DAG(s) 'example_branch_dop_operator_v3' retrieved from /home/airflow/.local/lib/python3.8/site-packages/airflow/example_dags/example_branch_python_dop_operator_3.py
[2024-02-10T17:44:00.594+0000] {logging_mixin.py:188} INFO - [2024-02-10T17:44:00.594+0000] {dag.py:3036} INFO - Sync 1 DAGs
[2024-02-10T17:44:00.628+0000] {logging_mixin.py:188} INFO - [2024-02-10T17:44:00.628+0000] {dag.py:3823} INFO - Setting next_dagrun for example_branch_dop_operator_v3 to 2024-02-10 17:43:00+00:00, run_after=2024-02-10 17:44:00+00:00
[2024-02-10T17:44:00.653+0000] {processor.py:183} INFO - Processing /home/airflow/.local/lib/python3.8/site-packages/airflow/example_dags/example_branch_python_dop_operator_3.py took 0.097 seconds
[2024-02-10T17:44:30.815+0000] {processor.py:161} INFO - Started process (PID=206) to work on /home/airflow/.local/lib/python3.8/site-packages/airflow/example_dags/example_branch_python_dop_operator_3.py
[2024-02-10T17:44:30.816+0000] {processor.py:830} INFO - Processing file /home/airflow/.local/lib/python3.8/site-packages/airflow/example_dags/example_branch_python_dop_operator_3.py for tasks to queue
[2024-02-10T17:44:30.818+0000] {logging_mixin.py:188} INFO - [2024-02-10T17:44:30.817+0000] {dagbag.py:538} INFO - Filling up the DagBag from /home/airflow/.local/lib/python3.8/site-packages/airflow/example_dags/example_branch_python_dop_operator_3.py
[2024-02-10T17:44:30.844+0000] {processor.py:840} INFO - DAG(s) 'example_branch_dop_operator_v3' retrieved from /home/airflow/.local/lib/python3.8/site-packages/airflow/example_dags/example_branch_python_dop_operator_3.py
[2024-02-10T17:44:30.890+0000] {logging_mixin.py:188} INFO - [2024-02-10T17:44:30.890+0000] {dag.py:3036} INFO - Sync 1 DAGs
[2024-02-10T17:44:31.011+0000] {logging_mixin.py:188} INFO - [2024-02-10T17:44:31.010+0000] {dag.py:3823} INFO - Setting next_dagrun for example_branch_dop_operator_v3 to 2024-02-10 17:43:00+00:00, run_after=2024-02-10 17:44:00+00:00
[2024-02-10T17:44:31.097+0000] {processor.py:183} INFO - Processing /home/airflow/.local/lib/python3.8/site-packages/airflow/example_dags/example_branch_python_dop_operator_3.py took 0.285 seconds
[2024-02-10T17:45:02.016+0000] {processor.py:161} INFO - Started process (PID=261) to work on /home/airflow/.local/lib/python3.8/site-packages/airflow/example_dags/example_branch_python_dop_operator_3.py
[2024-02-10T17:45:02.030+0000] {processor.py:830} INFO - Processing file /home/airflow/.local/lib/python3.8/site-packages/airflow/example_dags/example_branch_python_dop_operator_3.py for tasks to queue
[2024-02-10T17:45:02.033+0000] {logging_mixin.py:188} INFO - [2024-02-10T17:45:02.033+0000] {dagbag.py:538} INFO - Filling up the DagBag from /home/airflow/.local/lib/python3.8/site-packages/airflow/example_dags/example_branch_python_dop_operator_3.py
[2024-02-10T17:45:02.059+0000] {processor.py:840} INFO - DAG(s) 'example_branch_dop_operator_v3' retrieved from /home/airflow/.local/lib/python3.8/site-packages/airflow/example_dags/example_branch_python_dop_operator_3.py
[2024-02-10T17:45:02.102+0000] {logging_mixin.py:188} INFO - [2024-02-10T17:45:02.102+0000] {dag.py:3036} INFO - Sync 1 DAGs
[2024-02-10T17:45:02.191+0000] {logging_mixin.py:188} INFO - [2024-02-10T17:45:02.182+0000] {dag.py:3823} INFO - Setting next_dagrun for example_branch_dop_operator_v3 to 2024-02-10 17:44:00+00:00, run_after=2024-02-10 17:45:00+00:00
[2024-02-10T17:45:02.249+0000] {processor.py:183} INFO - Processing /home/airflow/.local/lib/python3.8/site-packages/airflow/example_dags/example_branch_python_dop_operator_3.py took 0.237 seconds
[2024-02-10T17:45:33.175+0000] {processor.py:161} INFO - Started process (PID=315) to work on /home/airflow/.local/lib/python3.8/site-packages/airflow/example_dags/example_branch_python_dop_operator_3.py
[2024-02-10T17:45:33.175+0000] {processor.py:830} INFO - Processing file /home/airflow/.local/lib/python3.8/site-packages/airflow/example_dags/example_branch_python_dop_operator_3.py for tasks to queue
[2024-02-10T17:45:33.177+0000] {logging_mixin.py:188} INFO - [2024-02-10T17:45:33.177+0000] {dagbag.py:538} INFO - Filling up the DagBag from /home/airflow/.local/lib/python3.8/site-packages/airflow/example_dags/example_branch_python_dop_operator_3.py
[2024-02-10T17:45:33.188+0000] {processor.py:840} INFO - DAG(s) 'example_branch_dop_operator_v3' retrieved from /home/airflow/.local/lib/python3.8/site-packages/airflow/example_dags/example_branch_python_dop_operator_3.py
[2024-02-10T17:45:33.216+0000] {logging_mixin.py:188} INFO - [2024-02-10T17:45:33.215+0000] {dag.py:3036} INFO - Sync 1 DAGs
[2024-02-10T17:45:33.249+0000] {logging_mixin.py:188} INFO - [2024-02-10T17:45:33.249+0000] {dag.py:3823} INFO - Setting next_dagrun for example_branch_dop_operator_v3 to 2024-02-10 17:44:00+00:00, run_after=2024-02-10 17:45:00+00:00
[2024-02-10T17:45:33.287+0000] {processor.py:183} INFO - Processing /home/airflow/.local/lib/python3.8/site-packages/airflow/example_dags/example_branch_python_dop_operator_3.py took 0.115 seconds
[2024-02-10T17:46:03.564+0000] {processor.py:161} INFO - Started process (PID=371) to work on /home/airflow/.local/lib/python3.8/site-packages/airflow/example_dags/example_branch_python_dop_operator_3.py
[2024-02-10T17:46:03.565+0000] {processor.py:830} INFO - Processing file /home/airflow/.local/lib/python3.8/site-packages/airflow/example_dags/example_branch_python_dop_operator_3.py for tasks to queue
[2024-02-10T17:46:03.566+0000] {logging_mixin.py:188} INFO - [2024-02-10T17:46:03.566+0000] {dagbag.py:538} INFO - Filling up the DagBag from /home/airflow/.local/lib/python3.8/site-packages/airflow/example_dags/example_branch_python_dop_operator_3.py
[2024-02-10T17:46:03.577+0000] {processor.py:840} INFO - DAG(s) 'example_branch_dop_operator_v3' retrieved from /home/airflow/.local/lib/python3.8/site-packages/airflow/example_dags/example_branch_python_dop_operator_3.py
[2024-02-10T17:46:03.599+0000] {logging_mixin.py:188} INFO - [2024-02-10T17:46:03.599+0000] {dag.py:3036} INFO - Sync 1 DAGs
[2024-02-10T17:46:03.631+0000] {logging_mixin.py:188} INFO - [2024-02-10T17:46:03.631+0000] {dag.py:3823} INFO - Setting next_dagrun for example_branch_dop_operator_v3 to 2024-02-10 17:45:00+00:00, run_after=2024-02-10 17:46:00+00:00
[2024-02-10T17:46:03.654+0000] {processor.py:183} INFO - Processing /home/airflow/.local/lib/python3.8/site-packages/airflow/example_dags/example_branch_python_dop_operator_3.py took 0.094 seconds
[2024-02-10T17:46:33.745+0000] {processor.py:161} INFO - Started process (PID=427) to work on /home/airflow/.local/lib/python3.8/site-packages/airflow/example_dags/example_branch_python_dop_operator_3.py
[2024-02-10T17:46:33.746+0000] {processor.py:830} INFO - Processing file /home/airflow/.local/lib/python3.8/site-packages/airflow/example_dags/example_branch_python_dop_operator_3.py for tasks to queue
[2024-02-10T17:46:33.748+0000] {logging_mixin.py:188} INFO - [2024-02-10T17:46:33.747+0000] {dagbag.py:538} INFO - Filling up the DagBag from /home/airflow/.local/lib/python3.8/site-packages/airflow/example_dags/example_branch_python_dop_operator_3.py
[2024-02-10T17:46:33.758+0000] {processor.py:840} INFO - DAG(s) 'example_branch_dop_operator_v3' retrieved from /home/airflow/.local/lib/python3.8/site-packages/airflow/example_dags/example_branch_python_dop_operator_3.py
[2024-02-10T17:46:33.779+0000] {logging_mixin.py:188} INFO - [2024-02-10T17:46:33.779+0000] {dag.py:3036} INFO - Sync 1 DAGs
[2024-02-10T17:46:33.811+0000] {logging_mixin.py:188} INFO - [2024-02-10T17:46:33.811+0000] {dag.py:3823} INFO - Setting next_dagrun for example_branch_dop_operator_v3 to 2024-02-10 17:45:00+00:00, run_after=2024-02-10 17:46:00+00:00
[2024-02-10T17:46:33.835+0000] {processor.py:183} INFO - Processing /home/airflow/.local/lib/python3.8/site-packages/airflow/example_dags/example_branch_python_dop_operator_3.py took 0.093 seconds
[2024-02-10T17:47:04.452+0000] {processor.py:161} INFO - Started process (PID=483) to work on /home/airflow/.local/lib/python3.8/site-packages/airflow/example_dags/example_branch_python_dop_operator_3.py
[2024-02-10T17:47:04.453+0000] {processor.py:830} INFO - Processing file /home/airflow/.local/lib/python3.8/site-packages/airflow/example_dags/example_branch_python_dop_operator_3.py for tasks to queue
[2024-02-10T17:47:04.455+0000] {logging_mixin.py:188} INFO - [2024-02-10T17:47:04.454+0000] {dagbag.py:538} INFO - Filling up the DagBag from /home/airflow/.local/lib/python3.8/site-packages/airflow/example_dags/example_branch_python_dop_operator_3.py
[2024-02-10T17:47:04.465+0000] {processor.py:840} INFO - DAG(s) 'example_branch_dop_operator_v3' retrieved from /home/airflow/.local/lib/python3.8/site-packages/airflow/example_dags/example_branch_python_dop_operator_3.py
[2024-02-10T17:47:04.487+0000] {logging_mixin.py:188} INFO - [2024-02-10T17:47:04.487+0000] {dag.py:3036} INFO - Sync 1 DAGs
[2024-02-10T17:47:04.520+0000] {logging_mixin.py:188} INFO - [2024-02-10T17:47:04.519+0000] {dag.py:3823} INFO - Setting next_dagrun for example_branch_dop_operator_v3 to 2024-02-10 17:46:00+00:00, run_after=2024-02-10 17:47:00+00:00
[2024-02-10T17:47:04.550+0000] {processor.py:183} INFO - Processing /home/airflow/.local/lib/python3.8/site-packages/airflow/example_dags/example_branch_python_dop_operator_3.py took 0.101 seconds
[2024-02-10T17:47:34.859+0000] {processor.py:161} INFO - Started process (PID=538) to work on /home/airflow/.local/lib/python3.8/site-packages/airflow/example_dags/example_branch_python_dop_operator_3.py
[2024-02-10T17:47:34.860+0000] {processor.py:830} INFO - Processing file /home/airflow/.local/lib/python3.8/site-packages/airflow/example_dags/example_branch_python_dop_operator_3.py for tasks to queue
[2024-02-10T17:47:34.862+0000] {logging_mixin.py:188} INFO - [2024-02-10T17:47:34.861+0000] {dagbag.py:538} INFO - Filling up the DagBag from /home/airflow/.local/lib/python3.8/site-packages/airflow/example_dags/example_branch_python_dop_operator_3.py
[2024-02-10T17:47:34.872+0000] {processor.py:840} INFO - DAG(s) 'example_branch_dop_operator_v3' retrieved from /home/airflow/.local/lib/python3.8/site-packages/airflow/example_dags/example_branch_python_dop_operator_3.py
[2024-02-10T17:47:34.896+0000] {logging_mixin.py:188} INFO - [2024-02-10T17:47:34.896+0000] {dag.py:3036} INFO - Sync 1 DAGs
[2024-02-10T17:47:34.929+0000] {logging_mixin.py:188} INFO - [2024-02-10T17:47:34.929+0000] {dag.py:3823} INFO - Setting next_dagrun for example_branch_dop_operator_v3 to 2024-02-10 17:46:00+00:00, run_after=2024-02-10 17:47:00+00:00
[2024-02-10T17:47:34.952+0000] {processor.py:183} INFO - Processing /home/airflow/.local/lib/python3.8/site-packages/airflow/example_dags/example_branch_python_dop_operator_3.py took 0.096 seconds
[2024-02-10T17:48:05.319+0000] {processor.py:161} INFO - Started process (PID=595) to work on /home/airflow/.local/lib/python3.8/site-packages/airflow/example_dags/example_branch_python_dop_operator_3.py
[2024-02-10T17:48:05.320+0000] {processor.py:830} INFO - Processing file /home/airflow/.local/lib/python3.8/site-packages/airflow/example_dags/example_branch_python_dop_operator_3.py for tasks to queue
[2024-02-10T17:48:05.321+0000] {logging_mixin.py:188} INFO - [2024-02-10T17:48:05.321+0000] {dagbag.py:538} INFO - Filling up the DagBag from /home/airflow/.local/lib/python3.8/site-packages/airflow/example_dags/example_branch_python_dop_operator_3.py
[2024-02-10T17:48:05.332+0000] {processor.py:840} INFO - DAG(s) 'example_branch_dop_operator_v3' retrieved from /home/airflow/.local/lib/python3.8/site-packages/airflow/example_dags/example_branch_python_dop_operator_3.py
[2024-02-10T17:48:05.354+0000] {logging_mixin.py:188} INFO - [2024-02-10T17:48:05.354+0000] {dag.py:3036} INFO - Sync 1 DAGs
[2024-02-10T17:48:05.387+0000] {logging_mixin.py:188} INFO - [2024-02-10T17:48:05.387+0000] {dag.py:3823} INFO - Setting next_dagrun for example_branch_dop_operator_v3 to 2024-02-10 17:47:00+00:00, run_after=2024-02-10 17:48:00+00:00
[2024-02-10T17:48:05.410+0000] {processor.py:183} INFO - Processing /home/airflow/.local/lib/python3.8/site-packages/airflow/example_dags/example_branch_python_dop_operator_3.py took 0.094 seconds
[2024-02-10T17:48:36.132+0000] {processor.py:161} INFO - Started process (PID=652) to work on /home/airflow/.local/lib/python3.8/site-packages/airflow/example_dags/example_branch_python_dop_operator_3.py
[2024-02-10T17:48:36.132+0000] {processor.py:830} INFO - Processing file /home/airflow/.local/lib/python3.8/site-packages/airflow/example_dags/example_branch_python_dop_operator_3.py for tasks to queue
[2024-02-10T17:48:36.134+0000] {logging_mixin.py:188} INFO - [2024-02-10T17:48:36.134+0000] {dagbag.py:538} INFO - Filling up the DagBag from /home/airflow/.local/lib/python3.8/site-packages/airflow/example_dags/example_branch_python_dop_operator_3.py
[2024-02-10T17:48:36.144+0000] {processor.py:840} INFO - DAG(s) 'example_branch_dop_operator_v3' retrieved from /home/airflow/.local/lib/python3.8/site-packages/airflow/example_dags/example_branch_python_dop_operator_3.py
[2024-02-10T17:48:36.167+0000] {logging_mixin.py:188} INFO - [2024-02-10T17:48:36.167+0000] {dag.py:3036} INFO - Sync 1 DAGs
[2024-02-10T17:48:36.200+0000] {logging_mixin.py:188} INFO - [2024-02-10T17:48:36.199+0000] {dag.py:3823} INFO - Setting next_dagrun for example_branch_dop_operator_v3 to 2024-02-10 17:47:00+00:00, run_after=2024-02-10 17:48:00+00:00
[2024-02-10T17:48:36.224+0000] {processor.py:183} INFO - Processing /home/airflow/.local/lib/python3.8/site-packages/airflow/example_dags/example_branch_python_dop_operator_3.py took 0.095 seconds
[2024-02-10T17:49:06.554+0000] {processor.py:161} INFO - Started process (PID=707) to work on /home/airflow/.local/lib/python3.8/site-packages/airflow/example_dags/example_branch_python_dop_operator_3.py
[2024-02-10T17:49:06.555+0000] {processor.py:830} INFO - Processing file /home/airflow/.local/lib/python3.8/site-packages/airflow/example_dags/example_branch_python_dop_operator_3.py for tasks to queue
[2024-02-10T17:49:06.557+0000] {logging_mixin.py:188} INFO - [2024-02-10T17:49:06.557+0000] {dagbag.py:538} INFO - Filling up the DagBag from /home/airflow/.local/lib/python3.8/site-packages/airflow/example_dags/example_branch_python_dop_operator_3.py
[2024-02-10T17:49:06.567+0000] {processor.py:840} INFO - DAG(s) 'example_branch_dop_operator_v3' retrieved from /home/airflow/.local/lib/python3.8/site-packages/airflow/example_dags/example_branch_python_dop_operator_3.py
[2024-02-10T17:49:06.624+0000] {logging_mixin.py:188} INFO - [2024-02-10T17:49:06.623+0000] {dag.py:3036} INFO - Sync 1 DAGs
[2024-02-10T17:49:06.679+0000] {logging_mixin.py:188} INFO - [2024-02-10T17:49:06.678+0000] {dag.py:3823} INFO - Setting next_dagrun for example_branch_dop_operator_v3 to 2024-02-10 17:48:00+00:00, run_after=2024-02-10 17:49:00+00:00
[2024-02-10T17:49:06.734+0000] {processor.py:183} INFO - Processing /home/airflow/.local/lib/python3.8/site-packages/airflow/example_dags/example_branch_python_dop_operator_3.py took 0.183 seconds
[2024-02-10T17:49:37.030+0000] {processor.py:161} INFO - Started process (PID=762) to work on /home/airflow/.local/lib/python3.8/site-packages/airflow/example_dags/example_branch_python_dop_operator_3.py
[2024-02-10T17:49:37.031+0000] {processor.py:830} INFO - Processing file /home/airflow/.local/lib/python3.8/site-packages/airflow/example_dags/example_branch_python_dop_operator_3.py for tasks to queue
[2024-02-10T17:49:37.032+0000] {logging_mixin.py:188} INFO - [2024-02-10T17:49:37.032+0000] {dagbag.py:538} INFO - Filling up the DagBag from /home/airflow/.local/lib/python3.8/site-packages/airflow/example_dags/example_branch_python_dop_operator_3.py
[2024-02-10T17:49:37.043+0000] {processor.py:840} INFO - DAG(s) 'example_branch_dop_operator_v3' retrieved from /home/airflow/.local/lib/python3.8/site-packages/airflow/example_dags/example_branch_python_dop_operator_3.py
[2024-02-10T17:49:37.066+0000] {logging_mixin.py:188} INFO - [2024-02-10T17:49:37.066+0000] {dag.py:3036} INFO - Sync 1 DAGs
[2024-02-10T17:49:37.099+0000] {logging_mixin.py:188} INFO - [2024-02-10T17:49:37.098+0000] {dag.py:3823} INFO - Setting next_dagrun for example_branch_dop_operator_v3 to 2024-02-10 17:48:00+00:00, run_after=2024-02-10 17:49:00+00:00
[2024-02-10T17:49:37.125+0000] {processor.py:183} INFO - Processing /home/airflow/.local/lib/python3.8/site-packages/airflow/example_dags/example_branch_python_dop_operator_3.py took 0.098 seconds
[2024-02-10T17:50:07.658+0000] {processor.py:161} INFO - Started process (PID=817) to work on /home/airflow/.local/lib/python3.8/site-packages/airflow/example_dags/example_branch_python_dop_operator_3.py
[2024-02-10T17:50:07.659+0000] {processor.py:830} INFO - Processing file /home/airflow/.local/lib/python3.8/site-packages/airflow/example_dags/example_branch_python_dop_operator_3.py for tasks to queue
[2024-02-10T17:50:07.660+0000] {logging_mixin.py:188} INFO - [2024-02-10T17:50:07.660+0000] {dagbag.py:538} INFO - Filling up the DagBag from /home/airflow/.local/lib/python3.8/site-packages/airflow/example_dags/example_branch_python_dop_operator_3.py
[2024-02-10T17:50:07.671+0000] {processor.py:840} INFO - DAG(s) 'example_branch_dop_operator_v3' retrieved from /home/airflow/.local/lib/python3.8/site-packages/airflow/example_dags/example_branch_python_dop_operator_3.py
[2024-02-10T17:50:07.698+0000] {logging_mixin.py:188} INFO - [2024-02-10T17:50:07.698+0000] {dag.py:3036} INFO - Sync 1 DAGs
[2024-02-10T17:50:07.742+0000] {logging_mixin.py:188} INFO - [2024-02-10T17:50:07.742+0000] {dag.py:3823} INFO - Setting next_dagrun for example_branch_dop_operator_v3 to 2024-02-10 17:49:00+00:00, run_after=2024-02-10 17:50:00+00:00
[2024-02-10T17:50:07.767+0000] {processor.py:183} INFO - Processing /home/airflow/.local/lib/python3.8/site-packages/airflow/example_dags/example_branch_python_dop_operator_3.py took 0.112 seconds
[2024-02-10T17:50:37.882+0000] {processor.py:161} INFO - Started process (PID=872) to work on /home/airflow/.local/lib/python3.8/site-packages/airflow/example_dags/example_branch_python_dop_operator_3.py
[2024-02-10T17:50:37.883+0000] {processor.py:830} INFO - Processing file /home/airflow/.local/lib/python3.8/site-packages/airflow/example_dags/example_branch_python_dop_operator_3.py for tasks to queue
[2024-02-10T17:50:37.884+0000] {logging_mixin.py:188} INFO - [2024-02-10T17:50:37.884+0000] {dagbag.py:538} INFO - Filling up the DagBag from /home/airflow/.local/lib/python3.8/site-packages/airflow/example_dags/example_branch_python_dop_operator_3.py
[2024-02-10T17:50:37.923+0000] {processor.py:840} INFO - DAG(s) 'example_branch_dop_operator_v3' retrieved from /home/airflow/.local/lib/python3.8/site-packages/airflow/example_dags/example_branch_python_dop_operator_3.py
[2024-02-10T17:50:38.002+0000] {logging_mixin.py:188} INFO - [2024-02-10T17:50:38.002+0000] {dag.py:3036} INFO - Sync 1 DAGs
[2024-02-10T17:50:38.126+0000] {logging_mixin.py:188} INFO - [2024-02-10T17:50:38.126+0000] {dag.py:3823} INFO - Setting next_dagrun for example_branch_dop_operator_v3 to 2024-02-10 17:49:00+00:00, run_after=2024-02-10 17:50:00+00:00
[2024-02-10T17:50:38.191+0000] {processor.py:183} INFO - Processing /home/airflow/.local/lib/python3.8/site-packages/airflow/example_dags/example_branch_python_dop_operator_3.py took 0.326 seconds
[2024-02-10T17:51:09.323+0000] {processor.py:161} INFO - Started process (PID=927) to work on /home/airflow/.local/lib/python3.8/site-packages/airflow/example_dags/example_branch_python_dop_operator_3.py
[2024-02-10T17:51:09.323+0000] {processor.py:830} INFO - Processing file /home/airflow/.local/lib/python3.8/site-packages/airflow/example_dags/example_branch_python_dop_operator_3.py for tasks to queue
[2024-02-10T17:51:09.325+0000] {logging_mixin.py:188} INFO - [2024-02-10T17:51:09.325+0000] {dagbag.py:538} INFO - Filling up the DagBag from /home/airflow/.local/lib/python3.8/site-packages/airflow/example_dags/example_branch_python_dop_operator_3.py
[2024-02-10T17:51:09.336+0000] {processor.py:840} INFO - DAG(s) 'example_branch_dop_operator_v3' retrieved from /home/airflow/.local/lib/python3.8/site-packages/airflow/example_dags/example_branch_python_dop_operator_3.py
[2024-02-10T17:51:09.359+0000] {logging_mixin.py:188} INFO - [2024-02-10T17:51:09.359+0000] {dag.py:3036} INFO - Sync 1 DAGs
[2024-02-10T17:51:09.392+0000] {logging_mixin.py:188} INFO - [2024-02-10T17:51:09.392+0000] {dag.py:3823} INFO - Setting next_dagrun for example_branch_dop_operator_v3 to 2024-02-10 17:50:00+00:00, run_after=2024-02-10 17:51:00+00:00
[2024-02-10T17:51:09.420+0000] {processor.py:183} INFO - Processing /home/airflow/.local/lib/python3.8/site-packages/airflow/example_dags/example_branch_python_dop_operator_3.py took 0.101 seconds
[2024-02-10T17:51:40.303+0000] {processor.py:161} INFO - Started process (PID=982) to work on /home/airflow/.local/lib/python3.8/site-packages/airflow/example_dags/example_branch_python_dop_operator_3.py
[2024-02-10T17:51:40.304+0000] {processor.py:830} INFO - Processing file /home/airflow/.local/lib/python3.8/site-packages/airflow/example_dags/example_branch_python_dop_operator_3.py for tasks to queue
[2024-02-10T17:51:40.306+0000] {logging_mixin.py:188} INFO - [2024-02-10T17:51:40.305+0000] {dagbag.py:538} INFO - Filling up the DagBag from /home/airflow/.local/lib/python3.8/site-packages/airflow/example_dags/example_branch_python_dop_operator_3.py
[2024-02-10T17:51:40.316+0000] {processor.py:840} INFO - DAG(s) 'example_branch_dop_operator_v3' retrieved from /home/airflow/.local/lib/python3.8/site-packages/airflow/example_dags/example_branch_python_dop_operator_3.py
[2024-02-10T17:51:40.341+0000] {logging_mixin.py:188} INFO - [2024-02-10T17:51:40.341+0000] {dag.py:3036} INFO - Sync 1 DAGs
[2024-02-10T17:51:40.373+0000] {logging_mixin.py:188} INFO - [2024-02-10T17:51:40.373+0000] {dag.py:3823} INFO - Setting next_dagrun for example_branch_dop_operator_v3 to 2024-02-10 17:50:00+00:00, run_after=2024-02-10 17:51:00+00:00
[2024-02-10T17:51:40.399+0000] {processor.py:183} INFO - Processing /home/airflow/.local/lib/python3.8/site-packages/airflow/example_dags/example_branch_python_dop_operator_3.py took 0.099 seconds
[2024-02-10T17:52:10.688+0000] {processor.py:161} INFO - Started process (PID=1037) to work on /home/airflow/.local/lib/python3.8/site-packages/airflow/example_dags/example_branch_python_dop_operator_3.py
[2024-02-10T17:52:10.689+0000] {processor.py:830} INFO - Processing file /home/airflow/.local/lib/python3.8/site-packages/airflow/example_dags/example_branch_python_dop_operator_3.py for tasks to queue
[2024-02-10T17:52:10.691+0000] {logging_mixin.py:188} INFO - [2024-02-10T17:52:10.691+0000] {dagbag.py:538} INFO - Filling up the DagBag from /home/airflow/.local/lib/python3.8/site-packages/airflow/example_dags/example_branch_python_dop_operator_3.py
[2024-02-10T17:52:10.701+0000] {processor.py:840} INFO - DAG(s) 'example_branch_dop_operator_v3' retrieved from /home/airflow/.local/lib/python3.8/site-packages/airflow/example_dags/example_branch_python_dop_operator_3.py
[2024-02-10T17:52:10.725+0000] {logging_mixin.py:188} INFO - [2024-02-10T17:52:10.725+0000] {dag.py:3036} INFO - Sync 1 DAGs
[2024-02-10T17:52:10.757+0000] {logging_mixin.py:188} INFO - [2024-02-10T17:52:10.757+0000] {dag.py:3823} INFO - Setting next_dagrun for example_branch_dop_operator_v3 to 2024-02-10 17:51:00+00:00, run_after=2024-02-10 17:52:00+00:00
[2024-02-10T17:52:10.806+0000] {processor.py:183} INFO - Processing /home/airflow/.local/lib/python3.8/site-packages/airflow/example_dags/example_branch_python_dop_operator_3.py took 0.121 seconds
[2024-02-10T17:52:40.877+0000] {processor.py:161} INFO - Started process (PID=1092) to work on /home/airflow/.local/lib/python3.8/site-packages/airflow/example_dags/example_branch_python_dop_operator_3.py
[2024-02-10T17:52:40.878+0000] {processor.py:830} INFO - Processing file /home/airflow/.local/lib/python3.8/site-packages/airflow/example_dags/example_branch_python_dop_operator_3.py for tasks to queue
[2024-02-10T17:52:40.880+0000] {logging_mixin.py:188} INFO - [2024-02-10T17:52:40.879+0000] {dagbag.py:538} INFO - Filling up the DagBag from /home/airflow/.local/lib/python3.8/site-packages/airflow/example_dags/example_branch_python_dop_operator_3.py
[2024-02-10T17:52:40.890+0000] {processor.py:840} INFO - DAG(s) 'example_branch_dop_operator_v3' retrieved from /home/airflow/.local/lib/python3.8/site-packages/airflow/example_dags/example_branch_python_dop_operator_3.py
[2024-02-10T17:52:40.913+0000] {logging_mixin.py:188} INFO - [2024-02-10T17:52:40.912+0000] {dag.py:3036} INFO - Sync 1 DAGs
[2024-02-10T17:52:40.946+0000] {logging_mixin.py:188} INFO - [2024-02-10T17:52:40.945+0000] {dag.py:3823} INFO - Setting next_dagrun for example_branch_dop_operator_v3 to 2024-02-10 17:51:00+00:00, run_after=2024-02-10 17:52:00+00:00
[2024-02-10T17:52:40.970+0000] {processor.py:183} INFO - Processing /home/airflow/.local/lib/python3.8/site-packages/airflow/example_dags/example_branch_python_dop_operator_3.py took 0.096 seconds
[2024-02-10T17:53:11.221+0000] {processor.py:161} INFO - Started process (PID=1147) to work on /home/airflow/.local/lib/python3.8/site-packages/airflow/example_dags/example_branch_python_dop_operator_3.py
[2024-02-10T17:53:11.221+0000] {processor.py:830} INFO - Processing file /home/airflow/.local/lib/python3.8/site-packages/airflow/example_dags/example_branch_python_dop_operator_3.py for tasks to queue
[2024-02-10T17:53:11.224+0000] {logging_mixin.py:188} INFO - [2024-02-10T17:53:11.223+0000] {dagbag.py:538} INFO - Filling up the DagBag from /home/airflow/.local/lib/python3.8/site-packages/airflow/example_dags/example_branch_python_dop_operator_3.py
[2024-02-10T17:53:11.234+0000] {processor.py:840} INFO - DAG(s) 'example_branch_dop_operator_v3' retrieved from /home/airflow/.local/lib/python3.8/site-packages/airflow/example_dags/example_branch_python_dop_operator_3.py
[2024-02-10T17:53:11.258+0000] {logging_mixin.py:188} INFO - [2024-02-10T17:53:11.258+0000] {dag.py:3036} INFO - Sync 1 DAGs
[2024-02-10T17:53:11.290+0000] {logging_mixin.py:188} INFO - [2024-02-10T17:53:11.290+0000] {dag.py:3823} INFO - Setting next_dagrun for example_branch_dop_operator_v3 to 2024-02-10 17:52:00+00:00, run_after=2024-02-10 17:53:00+00:00
[2024-02-10T17:53:11.313+0000] {processor.py:183} INFO - Processing /home/airflow/.local/lib/python3.8/site-packages/airflow/example_dags/example_branch_python_dop_operator_3.py took 0.096 seconds
[2024-02-10T17:53:41.690+0000] {processor.py:161} INFO - Started process (PID=1202) to work on /home/airflow/.local/lib/python3.8/site-packages/airflow/example_dags/example_branch_python_dop_operator_3.py
[2024-02-10T17:53:41.691+0000] {processor.py:830} INFO - Processing file /home/airflow/.local/lib/python3.8/site-packages/airflow/example_dags/example_branch_python_dop_operator_3.py for tasks to queue
[2024-02-10T17:53:41.693+0000] {logging_mixin.py:188} INFO - [2024-02-10T17:53:41.692+0000] {dagbag.py:538} INFO - Filling up the DagBag from /home/airflow/.local/lib/python3.8/site-packages/airflow/example_dags/example_branch_python_dop_operator_3.py
[2024-02-10T17:53:41.705+0000] {processor.py:840} INFO - DAG(s) 'example_branch_dop_operator_v3' retrieved from /home/airflow/.local/lib/python3.8/site-packages/airflow/example_dags/example_branch_python_dop_operator_3.py
[2024-02-10T17:53:41.727+0000] {logging_mixin.py:188} INFO - [2024-02-10T17:53:41.727+0000] {dag.py:3036} INFO - Sync 1 DAGs
[2024-02-10T17:53:41.760+0000] {logging_mixin.py:188} INFO - [2024-02-10T17:53:41.759+0000] {dag.py:3823} INFO - Setting next_dagrun for example_branch_dop_operator_v3 to 2024-02-10 17:52:00+00:00, run_after=2024-02-10 17:53:00+00:00
[2024-02-10T17:53:41.796+0000] {processor.py:183} INFO - Processing /home/airflow/.local/lib/python3.8/site-packages/airflow/example_dags/example_branch_python_dop_operator_3.py took 0.109 seconds
[2024-02-10T17:54:11.846+0000] {processor.py:161} INFO - Started process (PID=1258) to work on /home/airflow/.local/lib/python3.8/site-packages/airflow/example_dags/example_branch_python_dop_operator_3.py
[2024-02-10T17:54:11.847+0000] {processor.py:830} INFO - Processing file /home/airflow/.local/lib/python3.8/site-packages/airflow/example_dags/example_branch_python_dop_operator_3.py for tasks to queue
[2024-02-10T17:54:11.848+0000] {logging_mixin.py:188} INFO - [2024-02-10T17:54:11.848+0000] {dagbag.py:538} INFO - Filling up the DagBag from /home/airflow/.local/lib/python3.8/site-packages/airflow/example_dags/example_branch_python_dop_operator_3.py
[2024-02-10T17:54:11.855+0000] {processor.py:840} INFO - DAG(s) 'example_branch_dop_operator_v3' retrieved from /home/airflow/.local/lib/python3.8/site-packages/airflow/example_dags/example_branch_python_dop_operator_3.py
[2024-02-10T17:54:11.871+0000] {logging_mixin.py:188} INFO - [2024-02-10T17:54:11.871+0000] {dag.py:3036} INFO - Sync 1 DAGs
[2024-02-10T17:54:11.891+0000] {logging_mixin.py:188} INFO - [2024-02-10T17:54:11.891+0000] {dag.py:3823} INFO - Setting next_dagrun for example_branch_dop_operator_v3 to 2024-02-10 17:53:00+00:00, run_after=2024-02-10 17:54:00+00:00
[2024-02-10T17:54:11.911+0000] {processor.py:183} INFO - Processing /home/airflow/.local/lib/python3.8/site-packages/airflow/example_dags/example_branch_python_dop_operator_3.py took 0.068 seconds
[2024-02-10T17:54:42.342+0000] {processor.py:161} INFO - Started process (PID=1314) to work on /home/airflow/.local/lib/python3.8/site-packages/airflow/example_dags/example_branch_python_dop_operator_3.py
[2024-02-10T17:54:42.343+0000] {processor.py:830} INFO - Processing file /home/airflow/.local/lib/python3.8/site-packages/airflow/example_dags/example_branch_python_dop_operator_3.py for tasks to queue
[2024-02-10T17:54:42.345+0000] {logging_mixin.py:188} INFO - [2024-02-10T17:54:42.345+0000] {dagbag.py:538} INFO - Filling up the DagBag from /home/airflow/.local/lib/python3.8/site-packages/airflow/example_dags/example_branch_python_dop_operator_3.py
[2024-02-10T17:54:42.355+0000] {processor.py:840} INFO - DAG(s) 'example_branch_dop_operator_v3' retrieved from /home/airflow/.local/lib/python3.8/site-packages/airflow/example_dags/example_branch_python_dop_operator_3.py
[2024-02-10T17:54:42.378+0000] {logging_mixin.py:188} INFO - [2024-02-10T17:54:42.378+0000] {dag.py:3036} INFO - Sync 1 DAGs
[2024-02-10T17:54:42.411+0000] {logging_mixin.py:188} INFO - [2024-02-10T17:54:42.411+0000] {dag.py:3823} INFO - Setting next_dagrun for example_branch_dop_operator_v3 to 2024-02-10 17:53:00+00:00, run_after=2024-02-10 17:54:00+00:00
[2024-02-10T17:54:42.443+0000] {processor.py:183} INFO - Processing /home/airflow/.local/lib/python3.8/site-packages/airflow/example_dags/example_branch_python_dop_operator_3.py took 0.104 seconds
[2024-02-10T17:55:12.770+0000] {processor.py:161} INFO - Started process (PID=1369) to work on /home/airflow/.local/lib/python3.8/site-packages/airflow/example_dags/example_branch_python_dop_operator_3.py
[2024-02-10T17:55:12.771+0000] {processor.py:830} INFO - Processing file /home/airflow/.local/lib/python3.8/site-packages/airflow/example_dags/example_branch_python_dop_operator_3.py for tasks to queue
[2024-02-10T17:55:12.773+0000] {logging_mixin.py:188} INFO - [2024-02-10T17:55:12.773+0000] {dagbag.py:538} INFO - Filling up the DagBag from /home/airflow/.local/lib/python3.8/site-packages/airflow/example_dags/example_branch_python_dop_operator_3.py
[2024-02-10T17:55:12.784+0000] {processor.py:840} INFO - DAG(s) 'example_branch_dop_operator_v3' retrieved from /home/airflow/.local/lib/python3.8/site-packages/airflow/example_dags/example_branch_python_dop_operator_3.py
[2024-02-10T17:55:12.811+0000] {logging_mixin.py:188} INFO - [2024-02-10T17:55:12.811+0000] {dag.py:3036} INFO - Sync 1 DAGs
[2024-02-10T17:55:12.844+0000] {logging_mixin.py:188} INFO - [2024-02-10T17:55:12.844+0000] {dag.py:3823} INFO - Setting next_dagrun for example_branch_dop_operator_v3 to 2024-02-10 17:54:00+00:00, run_after=2024-02-10 17:55:00+00:00
[2024-02-10T17:55:12.868+0000] {processor.py:183} INFO - Processing /home/airflow/.local/lib/python3.8/site-packages/airflow/example_dags/example_branch_python_dop_operator_3.py took 0.101 seconds
[2024-02-10T17:55:42.928+0000] {processor.py:161} INFO - Started process (PID=1424) to work on /home/airflow/.local/lib/python3.8/site-packages/airflow/example_dags/example_branch_python_dop_operator_3.py
[2024-02-10T17:55:42.938+0000] {processor.py:830} INFO - Processing file /home/airflow/.local/lib/python3.8/site-packages/airflow/example_dags/example_branch_python_dop_operator_3.py for tasks to queue
[2024-02-10T17:55:42.940+0000] {logging_mixin.py:188} INFO - [2024-02-10T17:55:42.939+0000] {dagbag.py:538} INFO - Filling up the DagBag from /home/airflow/.local/lib/python3.8/site-packages/airflow/example_dags/example_branch_python_dop_operator_3.py
[2024-02-10T17:55:42.958+0000] {processor.py:840} INFO - DAG(s) 'example_branch_dop_operator_v3' retrieved from /home/airflow/.local/lib/python3.8/site-packages/airflow/example_dags/example_branch_python_dop_operator_3.py
[2024-02-10T17:55:43.007+0000] {logging_mixin.py:188} INFO - [2024-02-10T17:55:43.007+0000] {dag.py:3036} INFO - Sync 1 DAGs
[2024-02-10T17:55:43.042+0000] {logging_mixin.py:188} INFO - [2024-02-10T17:55:43.041+0000] {dag.py:3823} INFO - Setting next_dagrun for example_branch_dop_operator_v3 to 2024-02-10 17:54:00+00:00, run_after=2024-02-10 17:55:00+00:00
[2024-02-10T17:55:43.110+0000] {processor.py:183} INFO - Processing /home/airflow/.local/lib/python3.8/site-packages/airflow/example_dags/example_branch_python_dop_operator_3.py took 0.186 seconds
[2024-02-10T17:56:13.367+0000] {processor.py:161} INFO - Started process (PID=1480) to work on /home/airflow/.local/lib/python3.8/site-packages/airflow/example_dags/example_branch_python_dop_operator_3.py
[2024-02-10T17:56:13.368+0000] {processor.py:830} INFO - Processing file /home/airflow/.local/lib/python3.8/site-packages/airflow/example_dags/example_branch_python_dop_operator_3.py for tasks to queue
[2024-02-10T17:56:13.373+0000] {logging_mixin.py:188} INFO - [2024-02-10T17:56:13.370+0000] {dagbag.py:538} INFO - Filling up the DagBag from /home/airflow/.local/lib/python3.8/site-packages/airflow/example_dags/example_branch_python_dop_operator_3.py
[2024-02-10T17:56:13.385+0000] {processor.py:840} INFO - DAG(s) 'example_branch_dop_operator_v3' retrieved from /home/airflow/.local/lib/python3.8/site-packages/airflow/example_dags/example_branch_python_dop_operator_3.py
[2024-02-10T17:56:13.434+0000] {logging_mixin.py:188} INFO - [2024-02-10T17:56:13.434+0000] {dag.py:3036} INFO - Sync 1 DAGs
[2024-02-10T17:56:13.513+0000] {logging_mixin.py:188} INFO - [2024-02-10T17:56:13.513+0000] {dag.py:3823} INFO - Setting next_dagrun for example_branch_dop_operator_v3 to 2024-02-10 17:55:00+00:00, run_after=2024-02-10 17:56:00+00:00
[2024-02-10T17:56:13.554+0000] {processor.py:183} INFO - Processing /home/airflow/.local/lib/python3.8/site-packages/airflow/example_dags/example_branch_python_dop_operator_3.py took 0.191 seconds
[2024-02-10T17:56:43.655+0000] {processor.py:161} INFO - Started process (PID=1537) to work on /home/airflow/.local/lib/python3.8/site-packages/airflow/example_dags/example_branch_python_dop_operator_3.py
[2024-02-10T17:56:43.656+0000] {processor.py:830} INFO - Processing file /home/airflow/.local/lib/python3.8/site-packages/airflow/example_dags/example_branch_python_dop_operator_3.py for tasks to queue
[2024-02-10T17:56:43.658+0000] {logging_mixin.py:188} INFO - [2024-02-10T17:56:43.658+0000] {dagbag.py:538} INFO - Filling up the DagBag from /home/airflow/.local/lib/python3.8/site-packages/airflow/example_dags/example_branch_python_dop_operator_3.py
[2024-02-10T17:56:43.668+0000] {processor.py:840} INFO - DAG(s) 'example_branch_dop_operator_v3' retrieved from /home/airflow/.local/lib/python3.8/site-packages/airflow/example_dags/example_branch_python_dop_operator_3.py
[2024-02-10T17:56:43.690+0000] {logging_mixin.py:188} INFO - [2024-02-10T17:56:43.690+0000] {dag.py:3036} INFO - Sync 1 DAGs
[2024-02-10T17:56:43.723+0000] {logging_mixin.py:188} INFO - [2024-02-10T17:56:43.723+0000] {dag.py:3823} INFO - Setting next_dagrun for example_branch_dop_operator_v3 to 2024-02-10 17:55:00+00:00, run_after=2024-02-10 17:56:00+00:00
[2024-02-10T17:56:43.748+0000] {processor.py:183} INFO - Processing /home/airflow/.local/lib/python3.8/site-packages/airflow/example_dags/example_branch_python_dop_operator_3.py took 0.097 seconds
[2024-02-10T17:57:14.654+0000] {processor.py:161} INFO - Started process (PID=1592) to work on /home/airflow/.local/lib/python3.8/site-packages/airflow/example_dags/example_branch_python_dop_operator_3.py
[2024-02-10T17:57:14.655+0000] {processor.py:830} INFO - Processing file /home/airflow/.local/lib/python3.8/site-packages/airflow/example_dags/example_branch_python_dop_operator_3.py for tasks to queue
[2024-02-10T17:57:14.657+0000] {logging_mixin.py:188} INFO - [2024-02-10T17:57:14.657+0000] {dagbag.py:538} INFO - Filling up the DagBag from /home/airflow/.local/lib/python3.8/site-packages/airflow/example_dags/example_branch_python_dop_operator_3.py
[2024-02-10T17:57:14.669+0000] {processor.py:840} INFO - DAG(s) 'example_branch_dop_operator_v3' retrieved from /home/airflow/.local/lib/python3.8/site-packages/airflow/example_dags/example_branch_python_dop_operator_3.py
[2024-02-10T17:57:14.698+0000] {logging_mixin.py:188} INFO - [2024-02-10T17:57:14.698+0000] {dag.py:3036} INFO - Sync 1 DAGs
[2024-02-10T17:57:14.733+0000] {logging_mixin.py:188} INFO - [2024-02-10T17:57:14.733+0000] {dag.py:3823} INFO - Setting next_dagrun for example_branch_dop_operator_v3 to 2024-02-10 17:56:00+00:00, run_after=2024-02-10 17:57:00+00:00
[2024-02-10T17:57:14.792+0000] {processor.py:183} INFO - Processing /home/airflow/.local/lib/python3.8/site-packages/airflow/example_dags/example_branch_python_dop_operator_3.py took 0.147 seconds
[2024-02-10T17:57:45.017+0000] {processor.py:161} INFO - Started process (PID=1647) to work on /home/airflow/.local/lib/python3.8/site-packages/airflow/example_dags/example_branch_python_dop_operator_3.py
[2024-02-10T17:57:45.018+0000] {processor.py:830} INFO - Processing file /home/airflow/.local/lib/python3.8/site-packages/airflow/example_dags/example_branch_python_dop_operator_3.py for tasks to queue
[2024-02-10T17:57:45.020+0000] {logging_mixin.py:188} INFO - [2024-02-10T17:57:45.020+0000] {dagbag.py:538} INFO - Filling up the DagBag from /home/airflow/.local/lib/python3.8/site-packages/airflow/example_dags/example_branch_python_dop_operator_3.py
[2024-02-10T17:57:45.031+0000] {processor.py:840} INFO - DAG(s) 'example_branch_dop_operator_v3' retrieved from /home/airflow/.local/lib/python3.8/site-packages/airflow/example_dags/example_branch_python_dop_operator_3.py
[2024-02-10T17:57:45.061+0000] {logging_mixin.py:188} INFO - [2024-02-10T17:57:45.060+0000] {dag.py:3036} INFO - Sync 1 DAGs
[2024-02-10T17:57:45.106+0000] {logging_mixin.py:188} INFO - [2024-02-10T17:57:45.106+0000] {dag.py:3823} INFO - Setting next_dagrun for example_branch_dop_operator_v3 to 2024-02-10 17:56:00+00:00, run_after=2024-02-10 17:57:00+00:00
[2024-02-10T17:57:45.130+0000] {processor.py:183} INFO - Processing /home/airflow/.local/lib/python3.8/site-packages/airflow/example_dags/example_branch_python_dop_operator_3.py took 0.115 seconds
[2024-02-10T17:58:15.622+0000] {processor.py:161} INFO - Started process (PID=1702) to work on /home/airflow/.local/lib/python3.8/site-packages/airflow/example_dags/example_branch_python_dop_operator_3.py
[2024-02-10T17:58:15.623+0000] {processor.py:830} INFO - Processing file /home/airflow/.local/lib/python3.8/site-packages/airflow/example_dags/example_branch_python_dop_operator_3.py for tasks to queue
[2024-02-10T17:58:15.625+0000] {logging_mixin.py:188} INFO - [2024-02-10T17:58:15.625+0000] {dagbag.py:538} INFO - Filling up the DagBag from /home/airflow/.local/lib/python3.8/site-packages/airflow/example_dags/example_branch_python_dop_operator_3.py
[2024-02-10T17:58:15.635+0000] {processor.py:840} INFO - DAG(s) 'example_branch_dop_operator_v3' retrieved from /home/airflow/.local/lib/python3.8/site-packages/airflow/example_dags/example_branch_python_dop_operator_3.py
[2024-02-10T17:58:15.657+0000] {logging_mixin.py:188} INFO - [2024-02-10T17:58:15.657+0000] {dag.py:3036} INFO - Sync 1 DAGs
[2024-02-10T17:58:15.689+0000] {logging_mixin.py:188} INFO - [2024-02-10T17:58:15.689+0000] {dag.py:3823} INFO - Setting next_dagrun for example_branch_dop_operator_v3 to 2024-02-10 17:57:00+00:00, run_after=2024-02-10 17:58:00+00:00
[2024-02-10T17:58:15.711+0000] {processor.py:183} INFO - Processing /home/airflow/.local/lib/python3.8/site-packages/airflow/example_dags/example_branch_python_dop_operator_3.py took 0.093 seconds
[2024-02-10T17:58:45.971+0000] {processor.py:161} INFO - Started process (PID=1758) to work on /home/airflow/.local/lib/python3.8/site-packages/airflow/example_dags/example_branch_python_dop_operator_3.py
[2024-02-10T17:58:45.972+0000] {processor.py:830} INFO - Processing file /home/airflow/.local/lib/python3.8/site-packages/airflow/example_dags/example_branch_python_dop_operator_3.py for tasks to queue
[2024-02-10T17:58:45.974+0000] {logging_mixin.py:188} INFO - [2024-02-10T17:58:45.974+0000] {dagbag.py:538} INFO - Filling up the DagBag from /home/airflow/.local/lib/python3.8/site-packages/airflow/example_dags/example_branch_python_dop_operator_3.py
[2024-02-10T17:58:45.985+0000] {processor.py:840} INFO - DAG(s) 'example_branch_dop_operator_v3' retrieved from /home/airflow/.local/lib/python3.8/site-packages/airflow/example_dags/example_branch_python_dop_operator_3.py
[2024-02-10T17:58:46.015+0000] {logging_mixin.py:188} INFO - [2024-02-10T17:58:46.014+0000] {dag.py:3036} INFO - Sync 1 DAGs
[2024-02-10T17:58:46.047+0000] {logging_mixin.py:188} INFO - [2024-02-10T17:58:46.047+0000] {dag.py:3823} INFO - Setting next_dagrun for example_branch_dop_operator_v3 to 2024-02-10 17:57:00+00:00, run_after=2024-02-10 17:58:00+00:00
[2024-02-10T17:58:46.071+0000] {processor.py:183} INFO - Processing /home/airflow/.local/lib/python3.8/site-packages/airflow/example_dags/example_branch_python_dop_operator_3.py took 0.104 seconds
[2024-02-10T17:59:16.283+0000] {processor.py:161} INFO - Started process (PID=1813) to work on /home/airflow/.local/lib/python3.8/site-packages/airflow/example_dags/example_branch_python_dop_operator_3.py
[2024-02-10T17:59:16.284+0000] {processor.py:830} INFO - Processing file /home/airflow/.local/lib/python3.8/site-packages/airflow/example_dags/example_branch_python_dop_operator_3.py for tasks to queue
[2024-02-10T17:59:16.286+0000] {logging_mixin.py:188} INFO - [2024-02-10T17:59:16.285+0000] {dagbag.py:538} INFO - Filling up the DagBag from /home/airflow/.local/lib/python3.8/site-packages/airflow/example_dags/example_branch_python_dop_operator_3.py
[2024-02-10T17:59:16.296+0000] {processor.py:840} INFO - DAG(s) 'example_branch_dop_operator_v3' retrieved from /home/airflow/.local/lib/python3.8/site-packages/airflow/example_dags/example_branch_python_dop_operator_3.py
[2024-02-10T17:59:16.319+0000] {logging_mixin.py:188} INFO - [2024-02-10T17:59:16.318+0000] {dag.py:3036} INFO - Sync 1 DAGs
[2024-02-10T17:59:16.351+0000] {logging_mixin.py:188} INFO - [2024-02-10T17:59:16.351+0000] {dag.py:3823} INFO - Setting next_dagrun for example_branch_dop_operator_v3 to 2024-02-10 17:58:00+00:00, run_after=2024-02-10 17:59:00+00:00
[2024-02-10T17:59:16.375+0000] {processor.py:183} INFO - Processing /home/airflow/.local/lib/python3.8/site-packages/airflow/example_dags/example_branch_python_dop_operator_3.py took 0.095 seconds
[2024-02-10T17:59:46.487+0000] {processor.py:161} INFO - Started process (PID=1868) to work on /home/airflow/.local/lib/python3.8/site-packages/airflow/example_dags/example_branch_python_dop_operator_3.py
[2024-02-10T17:59:46.488+0000] {processor.py:830} INFO - Processing file /home/airflow/.local/lib/python3.8/site-packages/airflow/example_dags/example_branch_python_dop_operator_3.py for tasks to queue
[2024-02-10T17:59:46.490+0000] {logging_mixin.py:188} INFO - [2024-02-10T17:59:46.490+0000] {dagbag.py:538} INFO - Filling up the DagBag from /home/airflow/.local/lib/python3.8/site-packages/airflow/example_dags/example_branch_python_dop_operator_3.py
[2024-02-10T17:59:46.500+0000] {processor.py:840} INFO - DAG(s) 'example_branch_dop_operator_v3' retrieved from /home/airflow/.local/lib/python3.8/site-packages/airflow/example_dags/example_branch_python_dop_operator_3.py
[2024-02-10T17:59:46.522+0000] {logging_mixin.py:188} INFO - [2024-02-10T17:59:46.522+0000] {dag.py:3036} INFO - Sync 1 DAGs
[2024-02-10T17:59:46.553+0000] {logging_mixin.py:188} INFO - [2024-02-10T17:59:46.553+0000] {dag.py:3823} INFO - Setting next_dagrun for example_branch_dop_operator_v3 to 2024-02-10 17:58:00+00:00, run_after=2024-02-10 17:59:00+00:00
[2024-02-10T17:59:46.576+0000] {processor.py:183} INFO - Processing /home/airflow/.local/lib/python3.8/site-packages/airflow/example_dags/example_branch_python_dop_operator_3.py took 0.092 seconds
[2024-02-10T18:00:16.937+0000] {processor.py:161} INFO - Started process (PID=1923) to work on /home/airflow/.local/lib/python3.8/site-packages/airflow/example_dags/example_branch_python_dop_operator_3.py
[2024-02-10T18:00:16.938+0000] {processor.py:830} INFO - Processing file /home/airflow/.local/lib/python3.8/site-packages/airflow/example_dags/example_branch_python_dop_operator_3.py for tasks to queue
[2024-02-10T18:00:16.940+0000] {logging_mixin.py:188} INFO - [2024-02-10T18:00:16.939+0000] {dagbag.py:538} INFO - Filling up the DagBag from /home/airflow/.local/lib/python3.8/site-packages/airflow/example_dags/example_branch_python_dop_operator_3.py
[2024-02-10T18:00:16.951+0000] {processor.py:840} INFO - DAG(s) 'example_branch_dop_operator_v3' retrieved from /home/airflow/.local/lib/python3.8/site-packages/airflow/example_dags/example_branch_python_dop_operator_3.py
[2024-02-10T18:00:16.974+0000] {logging_mixin.py:188} INFO - [2024-02-10T18:00:16.974+0000] {dag.py:3036} INFO - Sync 1 DAGs
[2024-02-10T18:00:17.005+0000] {logging_mixin.py:188} INFO - [2024-02-10T18:00:17.005+0000] {dag.py:3823} INFO - Setting next_dagrun for example_branch_dop_operator_v3 to 2024-02-10 17:59:00+00:00, run_after=2024-02-10 18:00:00+00:00
[2024-02-10T18:00:17.028+0000] {processor.py:183} INFO - Processing /home/airflow/.local/lib/python3.8/site-packages/airflow/example_dags/example_branch_python_dop_operator_3.py took 0.095 seconds
[2024-02-10T18:00:47.247+0000] {processor.py:161} INFO - Started process (PID=1978) to work on /home/airflow/.local/lib/python3.8/site-packages/airflow/example_dags/example_branch_python_dop_operator_3.py
[2024-02-10T18:00:47.250+0000] {processor.py:830} INFO - Processing file /home/airflow/.local/lib/python3.8/site-packages/airflow/example_dags/example_branch_python_dop_operator_3.py for tasks to queue
[2024-02-10T18:00:47.252+0000] {logging_mixin.py:188} INFO - [2024-02-10T18:00:47.252+0000] {dagbag.py:538} INFO - Filling up the DagBag from /home/airflow/.local/lib/python3.8/site-packages/airflow/example_dags/example_branch_python_dop_operator_3.py
[2024-02-10T18:00:47.274+0000] {processor.py:840} INFO - DAG(s) 'example_branch_dop_operator_v3' retrieved from /home/airflow/.local/lib/python3.8/site-packages/airflow/example_dags/example_branch_python_dop_operator_3.py
[2024-02-10T18:00:47.301+0000] {logging_mixin.py:188} INFO - [2024-02-10T18:00:47.300+0000] {dag.py:3036} INFO - Sync 1 DAGs
[2024-02-10T18:00:47.330+0000] {logging_mixin.py:188} INFO - [2024-02-10T18:00:47.330+0000] {dag.py:3823} INFO - Setting next_dagrun for example_branch_dop_operator_v3 to 2024-02-10 17:59:00+00:00, run_after=2024-02-10 18:00:00+00:00
[2024-02-10T18:00:47.356+0000] {processor.py:183} INFO - Processing /home/airflow/.local/lib/python3.8/site-packages/airflow/example_dags/example_branch_python_dop_operator_3.py took 0.120 seconds
[2024-02-10T18:01:17.619+0000] {processor.py:161} INFO - Started process (PID=2033) to work on /home/airflow/.local/lib/python3.8/site-packages/airflow/example_dags/example_branch_python_dop_operator_3.py
[2024-02-10T18:01:17.620+0000] {processor.py:830} INFO - Processing file /home/airflow/.local/lib/python3.8/site-packages/airflow/example_dags/example_branch_python_dop_operator_3.py for tasks to queue
[2024-02-10T18:01:17.622+0000] {logging_mixin.py:188} INFO - [2024-02-10T18:01:17.621+0000] {dagbag.py:538} INFO - Filling up the DagBag from /home/airflow/.local/lib/python3.8/site-packages/airflow/example_dags/example_branch_python_dop_operator_3.py
[2024-02-10T18:01:17.632+0000] {processor.py:840} INFO - DAG(s) 'example_branch_dop_operator_v3' retrieved from /home/airflow/.local/lib/python3.8/site-packages/airflow/example_dags/example_branch_python_dop_operator_3.py
[2024-02-10T18:01:17.654+0000] {logging_mixin.py:188} INFO - [2024-02-10T18:01:17.654+0000] {dag.py:3036} INFO - Sync 1 DAGs
[2024-02-10T18:01:17.686+0000] {logging_mixin.py:188} INFO - [2024-02-10T18:01:17.686+0000] {dag.py:3823} INFO - Setting next_dagrun for example_branch_dop_operator_v3 to 2024-02-10 18:00:00+00:00, run_after=2024-02-10 18:01:00+00:00
[2024-02-10T18:01:17.708+0000] {processor.py:183} INFO - Processing /home/airflow/.local/lib/python3.8/site-packages/airflow/example_dags/example_branch_python_dop_operator_3.py took 0.092 seconds
[2024-02-10T18:01:47.860+0000] {processor.py:161} INFO - Started process (PID=2088) to work on /home/airflow/.local/lib/python3.8/site-packages/airflow/example_dags/example_branch_python_dop_operator_3.py
[2024-02-10T18:01:47.861+0000] {processor.py:830} INFO - Processing file /home/airflow/.local/lib/python3.8/site-packages/airflow/example_dags/example_branch_python_dop_operator_3.py for tasks to queue
[2024-02-10T18:01:47.863+0000] {logging_mixin.py:188} INFO - [2024-02-10T18:01:47.862+0000] {dagbag.py:538} INFO - Filling up the DagBag from /home/airflow/.local/lib/python3.8/site-packages/airflow/example_dags/example_branch_python_dop_operator_3.py
[2024-02-10T18:01:47.873+0000] {processor.py:840} INFO - DAG(s) 'example_branch_dop_operator_v3' retrieved from /home/airflow/.local/lib/python3.8/site-packages/airflow/example_dags/example_branch_python_dop_operator_3.py
[2024-02-10T18:01:47.896+0000] {logging_mixin.py:188} INFO - [2024-02-10T18:01:47.896+0000] {dag.py:3036} INFO - Sync 1 DAGs
[2024-02-10T18:01:47.929+0000] {logging_mixin.py:188} INFO - [2024-02-10T18:01:47.929+0000] {dag.py:3823} INFO - Setting next_dagrun for example_branch_dop_operator_v3 to 2024-02-10 18:00:00+00:00, run_after=2024-02-10 18:01:00+00:00
[2024-02-10T18:01:47.956+0000] {processor.py:183} INFO - Processing /home/airflow/.local/lib/python3.8/site-packages/airflow/example_dags/example_branch_python_dop_operator_3.py took 0.099 seconds
[2024-02-10T18:02:18.016+0000] {processor.py:161} INFO - Started process (PID=2143) to work on /home/airflow/.local/lib/python3.8/site-packages/airflow/example_dags/example_branch_python_dop_operator_3.py
[2024-02-10T18:02:18.017+0000] {processor.py:830} INFO - Processing file /home/airflow/.local/lib/python3.8/site-packages/airflow/example_dags/example_branch_python_dop_operator_3.py for tasks to queue
[2024-02-10T18:02:18.019+0000] {logging_mixin.py:188} INFO - [2024-02-10T18:02:18.018+0000] {dagbag.py:538} INFO - Filling up the DagBag from /home/airflow/.local/lib/python3.8/site-packages/airflow/example_dags/example_branch_python_dop_operator_3.py
[2024-02-10T18:02:18.029+0000] {processor.py:840} INFO - DAG(s) 'example_branch_dop_operator_v3' retrieved from /home/airflow/.local/lib/python3.8/site-packages/airflow/example_dags/example_branch_python_dop_operator_3.py
[2024-02-10T18:02:18.054+0000] {logging_mixin.py:188} INFO - [2024-02-10T18:02:18.054+0000] {dag.py:3036} INFO - Sync 1 DAGs
[2024-02-10T18:02:18.088+0000] {logging_mixin.py:188} INFO - [2024-02-10T18:02:18.087+0000] {dag.py:3823} INFO - Setting next_dagrun for example_branch_dop_operator_v3 to 2024-02-10 18:01:00+00:00, run_after=2024-02-10 18:02:00+00:00
[2024-02-10T18:02:18.127+0000] {processor.py:183} INFO - Processing /home/airflow/.local/lib/python3.8/site-packages/airflow/example_dags/example_branch_python_dop_operator_3.py took 0.114 seconds
[2024-02-10T18:02:48.317+0000] {processor.py:161} INFO - Started process (PID=2198) to work on /home/airflow/.local/lib/python3.8/site-packages/airflow/example_dags/example_branch_python_dop_operator_3.py
[2024-02-10T18:02:48.321+0000] {processor.py:830} INFO - Processing file /home/airflow/.local/lib/python3.8/site-packages/airflow/example_dags/example_branch_python_dop_operator_3.py for tasks to queue
[2024-02-10T18:02:48.325+0000] {logging_mixin.py:188} INFO - [2024-02-10T18:02:48.325+0000] {dagbag.py:538} INFO - Filling up the DagBag from /home/airflow/.local/lib/python3.8/site-packages/airflow/example_dags/example_branch_python_dop_operator_3.py
[2024-02-10T18:02:48.349+0000] {processor.py:840} INFO - DAG(s) 'example_branch_dop_operator_v3' retrieved from /home/airflow/.local/lib/python3.8/site-packages/airflow/example_dags/example_branch_python_dop_operator_3.py
[2024-02-10T18:02:48.380+0000] {logging_mixin.py:188} INFO - [2024-02-10T18:02:48.379+0000] {dag.py:3036} INFO - Sync 1 DAGs
[2024-02-10T18:02:48.455+0000] {logging_mixin.py:188} INFO - [2024-02-10T18:02:48.455+0000] {dag.py:3823} INFO - Setting next_dagrun for example_branch_dop_operator_v3 to 2024-02-10 18:01:00+00:00, run_after=2024-02-10 18:02:00+00:00
[2024-02-10T18:02:48.504+0000] {processor.py:183} INFO - Processing /home/airflow/.local/lib/python3.8/site-packages/airflow/example_dags/example_branch_python_dop_operator_3.py took 0.191 seconds
[2024-02-10T18:03:18.547+0000] {processor.py:161} INFO - Started process (PID=2254) to work on /home/airflow/.local/lib/python3.8/site-packages/airflow/example_dags/example_branch_python_dop_operator_3.py
[2024-02-10T18:03:18.548+0000] {processor.py:830} INFO - Processing file /home/airflow/.local/lib/python3.8/site-packages/airflow/example_dags/example_branch_python_dop_operator_3.py for tasks to queue
[2024-02-10T18:03:18.549+0000] {logging_mixin.py:188} INFO - [2024-02-10T18:03:18.549+0000] {dagbag.py:538} INFO - Filling up the DagBag from /home/airflow/.local/lib/python3.8/site-packages/airflow/example_dags/example_branch_python_dop_operator_3.py
[2024-02-10T18:03:18.577+0000] {processor.py:840} INFO - DAG(s) 'example_branch_dop_operator_v3' retrieved from /home/airflow/.local/lib/python3.8/site-packages/airflow/example_dags/example_branch_python_dop_operator_3.py
[2024-02-10T18:03:18.619+0000] {logging_mixin.py:188} INFO - [2024-02-10T18:03:18.618+0000] {dag.py:3036} INFO - Sync 1 DAGs
[2024-02-10T18:03:18.650+0000] {logging_mixin.py:188} INFO - [2024-02-10T18:03:18.650+0000] {dag.py:3823} INFO - Setting next_dagrun for example_branch_dop_operator_v3 to 2024-02-10 18:02:00+00:00, run_after=2024-02-10 18:03:00+00:00
[2024-02-10T18:03:18.679+0000] {processor.py:183} INFO - Processing /home/airflow/.local/lib/python3.8/site-packages/airflow/example_dags/example_branch_python_dop_operator_3.py took 0.135 seconds
[2024-02-10T18:03:48.902+0000] {processor.py:161} INFO - Started process (PID=2309) to work on /home/airflow/.local/lib/python3.8/site-packages/airflow/example_dags/example_branch_python_dop_operator_3.py
[2024-02-10T18:03:48.903+0000] {processor.py:830} INFO - Processing file /home/airflow/.local/lib/python3.8/site-packages/airflow/example_dags/example_branch_python_dop_operator_3.py for tasks to queue
[2024-02-10T18:03:48.905+0000] {logging_mixin.py:188} INFO - [2024-02-10T18:03:48.904+0000] {dagbag.py:538} INFO - Filling up the DagBag from /home/airflow/.local/lib/python3.8/site-packages/airflow/example_dags/example_branch_python_dop_operator_3.py
[2024-02-10T18:03:48.936+0000] {processor.py:840} INFO - DAG(s) 'example_branch_dop_operator_v3' retrieved from /home/airflow/.local/lib/python3.8/site-packages/airflow/example_dags/example_branch_python_dop_operator_3.py
[2024-02-10T18:03:48.967+0000] {logging_mixin.py:188} INFO - [2024-02-10T18:03:48.965+0000] {dag.py:3036} INFO - Sync 1 DAGs
[2024-02-10T18:03:49.036+0000] {logging_mixin.py:188} INFO - [2024-02-10T18:03:49.035+0000] {dag.py:3823} INFO - Setting next_dagrun for example_branch_dop_operator_v3 to 2024-02-10 18:02:00+00:00, run_after=2024-02-10 18:03:00+00:00
[2024-02-10T18:03:49.072+0000] {processor.py:183} INFO - Processing /home/airflow/.local/lib/python3.8/site-packages/airflow/example_dags/example_branch_python_dop_operator_3.py took 0.173 seconds
[2024-02-10T18:04:19.446+0000] {processor.py:161} INFO - Started process (PID=2363) to work on /home/airflow/.local/lib/python3.8/site-packages/airflow/example_dags/example_branch_python_dop_operator_3.py
[2024-02-10T18:04:19.447+0000] {processor.py:830} INFO - Processing file /home/airflow/.local/lib/python3.8/site-packages/airflow/example_dags/example_branch_python_dop_operator_3.py for tasks to queue
[2024-02-10T18:04:19.449+0000] {logging_mixin.py:188} INFO - [2024-02-10T18:04:19.449+0000] {dagbag.py:538} INFO - Filling up the DagBag from /home/airflow/.local/lib/python3.8/site-packages/airflow/example_dags/example_branch_python_dop_operator_3.py
[2024-02-10T18:04:19.459+0000] {processor.py:840} INFO - DAG(s) 'example_branch_dop_operator_v3' retrieved from /home/airflow/.local/lib/python3.8/site-packages/airflow/example_dags/example_branch_python_dop_operator_3.py
[2024-02-10T18:04:19.483+0000] {logging_mixin.py:188} INFO - [2024-02-10T18:04:19.482+0000] {dag.py:3036} INFO - Sync 1 DAGs
[2024-02-10T18:04:19.519+0000] {logging_mixin.py:188} INFO - [2024-02-10T18:04:19.518+0000] {dag.py:3823} INFO - Setting next_dagrun for example_branch_dop_operator_v3 to 2024-02-10 18:03:00+00:00, run_after=2024-02-10 18:04:00+00:00
[2024-02-10T18:04:19.543+0000] {processor.py:183} INFO - Processing /home/airflow/.local/lib/python3.8/site-packages/airflow/example_dags/example_branch_python_dop_operator_3.py took 0.099 seconds
[2024-02-10T18:04:50.154+0000] {processor.py:161} INFO - Started process (PID=2418) to work on /home/airflow/.local/lib/python3.8/site-packages/airflow/example_dags/example_branch_python_dop_operator_3.py
[2024-02-10T18:04:50.155+0000] {processor.py:830} INFO - Processing file /home/airflow/.local/lib/python3.8/site-packages/airflow/example_dags/example_branch_python_dop_operator_3.py for tasks to queue
[2024-02-10T18:04:50.157+0000] {logging_mixin.py:188} INFO - [2024-02-10T18:04:50.156+0000] {dagbag.py:538} INFO - Filling up the DagBag from /home/airflow/.local/lib/python3.8/site-packages/airflow/example_dags/example_branch_python_dop_operator_3.py
[2024-02-10T18:04:50.167+0000] {processor.py:840} INFO - DAG(s) 'example_branch_dop_operator_v3' retrieved from /home/airflow/.local/lib/python3.8/site-packages/airflow/example_dags/example_branch_python_dop_operator_3.py
[2024-02-10T18:04:50.195+0000] {logging_mixin.py:188} INFO - [2024-02-10T18:04:50.194+0000] {dag.py:3036} INFO - Sync 1 DAGs
[2024-02-10T18:04:50.227+0000] {logging_mixin.py:188} INFO - [2024-02-10T18:04:50.227+0000] {dag.py:3823} INFO - Setting next_dagrun for example_branch_dop_operator_v3 to 2024-02-10 18:03:00+00:00, run_after=2024-02-10 18:04:00+00:00
[2024-02-10T18:04:50.249+0000] {processor.py:183} INFO - Processing /home/airflow/.local/lib/python3.8/site-packages/airflow/example_dags/example_branch_python_dop_operator_3.py took 0.098 seconds
[2024-02-10T18:05:21.008+0000] {processor.py:161} INFO - Started process (PID=2478) to work on /home/airflow/.local/lib/python3.8/site-packages/airflow/example_dags/example_branch_python_dop_operator_3.py
[2024-02-10T18:05:21.009+0000] {processor.py:830} INFO - Processing file /home/airflow/.local/lib/python3.8/site-packages/airflow/example_dags/example_branch_python_dop_operator_3.py for tasks to queue
[2024-02-10T18:05:21.011+0000] {logging_mixin.py:188} INFO - [2024-02-10T18:05:21.010+0000] {dagbag.py:538} INFO - Filling up the DagBag from /home/airflow/.local/lib/python3.8/site-packages/airflow/example_dags/example_branch_python_dop_operator_3.py
[2024-02-10T18:05:21.021+0000] {processor.py:840} INFO - DAG(s) 'example_branch_dop_operator_v3' retrieved from /home/airflow/.local/lib/python3.8/site-packages/airflow/example_dags/example_branch_python_dop_operator_3.py
[2024-02-10T18:05:21.051+0000] {logging_mixin.py:188} INFO - [2024-02-10T18:05:21.050+0000] {dag.py:3036} INFO - Sync 1 DAGs
[2024-02-10T18:05:21.086+0000] {logging_mixin.py:188} INFO - [2024-02-10T18:05:21.086+0000] {dag.py:3823} INFO - Setting next_dagrun for example_branch_dop_operator_v3 to 2024-02-10 18:04:00+00:00, run_after=2024-02-10 18:05:00+00:00
[2024-02-10T18:05:21.111+0000] {processor.py:183} INFO - Processing /home/airflow/.local/lib/python3.8/site-packages/airflow/example_dags/example_branch_python_dop_operator_3.py took 0.106 seconds
[2024-02-10T18:05:51.434+0000] {processor.py:161} INFO - Started process (PID=2534) to work on /home/airflow/.local/lib/python3.8/site-packages/airflow/example_dags/example_branch_python_dop_operator_3.py
[2024-02-10T18:05:51.435+0000] {processor.py:830} INFO - Processing file /home/airflow/.local/lib/python3.8/site-packages/airflow/example_dags/example_branch_python_dop_operator_3.py for tasks to queue
[2024-02-10T18:05:51.437+0000] {logging_mixin.py:188} INFO - [2024-02-10T18:05:51.437+0000] {dagbag.py:538} INFO - Filling up the DagBag from /home/airflow/.local/lib/python3.8/site-packages/airflow/example_dags/example_branch_python_dop_operator_3.py
[2024-02-10T18:05:51.448+0000] {processor.py:840} INFO - DAG(s) 'example_branch_dop_operator_v3' retrieved from /home/airflow/.local/lib/python3.8/site-packages/airflow/example_dags/example_branch_python_dop_operator_3.py
[2024-02-10T18:05:51.471+0000] {logging_mixin.py:188} INFO - [2024-02-10T18:05:51.471+0000] {dag.py:3036} INFO - Sync 1 DAGs
[2024-02-10T18:05:51.687+0000] {logging_mixin.py:188} INFO - [2024-02-10T18:05:51.687+0000] {dag.py:3823} INFO - Setting next_dagrun for example_branch_dop_operator_v3 to 2024-02-10 18:04:00+00:00, run_after=2024-02-10 18:05:00+00:00
[2024-02-10T18:05:51.712+0000] {processor.py:183} INFO - Processing /home/airflow/.local/lib/python3.8/site-packages/airflow/example_dags/example_branch_python_dop_operator_3.py took 0.281 seconds
[2024-02-10T18:06:21.792+0000] {processor.py:161} INFO - Started process (PID=2589) to work on /home/airflow/.local/lib/python3.8/site-packages/airflow/example_dags/example_branch_python_dop_operator_3.py
[2024-02-10T18:06:21.793+0000] {processor.py:830} INFO - Processing file /home/airflow/.local/lib/python3.8/site-packages/airflow/example_dags/example_branch_python_dop_operator_3.py for tasks to queue
[2024-02-10T18:06:21.800+0000] {logging_mixin.py:188} INFO - [2024-02-10T18:06:21.800+0000] {dagbag.py:538} INFO - Filling up the DagBag from /home/airflow/.local/lib/python3.8/site-packages/airflow/example_dags/example_branch_python_dop_operator_3.py
[2024-02-10T18:06:21.813+0000] {processor.py:840} INFO - DAG(s) 'example_branch_dop_operator_v3' retrieved from /home/airflow/.local/lib/python3.8/site-packages/airflow/example_dags/example_branch_python_dop_operator_3.py
[2024-02-10T18:06:21.844+0000] {logging_mixin.py:188} INFO - [2024-02-10T18:06:21.844+0000] {dag.py:3036} INFO - Sync 1 DAGs
[2024-02-10T18:06:21.874+0000] {logging_mixin.py:188} INFO - [2024-02-10T18:06:21.874+0000] {dag.py:3823} INFO - Setting next_dagrun for example_branch_dop_operator_v3 to 2024-02-10 18:05:00+00:00, run_after=2024-02-10 18:06:00+00:00
[2024-02-10T18:06:22.115+0000] {processor.py:183} INFO - Processing /home/airflow/.local/lib/python3.8/site-packages/airflow/example_dags/example_branch_python_dop_operator_3.py took 0.326 seconds
[2024-02-10T18:06:52.481+0000] {processor.py:161} INFO - Started process (PID=2644) to work on /home/airflow/.local/lib/python3.8/site-packages/airflow/example_dags/example_branch_python_dop_operator_3.py
[2024-02-10T18:06:52.482+0000] {processor.py:830} INFO - Processing file /home/airflow/.local/lib/python3.8/site-packages/airflow/example_dags/example_branch_python_dop_operator_3.py for tasks to queue
[2024-02-10T18:06:52.484+0000] {logging_mixin.py:188} INFO - [2024-02-10T18:06:52.484+0000] {dagbag.py:538} INFO - Filling up the DagBag from /home/airflow/.local/lib/python3.8/site-packages/airflow/example_dags/example_branch_python_dop_operator_3.py
[2024-02-10T18:06:52.494+0000] {processor.py:840} INFO - DAG(s) 'example_branch_dop_operator_v3' retrieved from /home/airflow/.local/lib/python3.8/site-packages/airflow/example_dags/example_branch_python_dop_operator_3.py
[2024-02-10T18:06:52.517+0000] {logging_mixin.py:188} INFO - [2024-02-10T18:06:52.516+0000] {dag.py:3036} INFO - Sync 1 DAGs
[2024-02-10T18:06:52.548+0000] {logging_mixin.py:188} INFO - [2024-02-10T18:06:52.548+0000] {dag.py:3823} INFO - Setting next_dagrun for example_branch_dop_operator_v3 to 2024-02-10 18:05:00+00:00, run_after=2024-02-10 18:06:00+00:00
[2024-02-10T18:06:52.572+0000] {processor.py:183} INFO - Processing /home/airflow/.local/lib/python3.8/site-packages/airflow/example_dags/example_branch_python_dop_operator_3.py took 0.094 seconds
[2024-02-10T18:07:23.400+0000] {processor.py:161} INFO - Started process (PID=2698) to work on /home/airflow/.local/lib/python3.8/site-packages/airflow/example_dags/example_branch_python_dop_operator_3.py
[2024-02-10T18:07:23.401+0000] {processor.py:830} INFO - Processing file /home/airflow/.local/lib/python3.8/site-packages/airflow/example_dags/example_branch_python_dop_operator_3.py for tasks to queue
[2024-02-10T18:07:23.403+0000] {logging_mixin.py:188} INFO - [2024-02-10T18:07:23.403+0000] {dagbag.py:538} INFO - Filling up the DagBag from /home/airflow/.local/lib/python3.8/site-packages/airflow/example_dags/example_branch_python_dop_operator_3.py
[2024-02-10T18:07:23.413+0000] {processor.py:840} INFO - DAG(s) 'example_branch_dop_operator_v3' retrieved from /home/airflow/.local/lib/python3.8/site-packages/airflow/example_dags/example_branch_python_dop_operator_3.py
[2024-02-10T18:07:23.439+0000] {logging_mixin.py:188} INFO - [2024-02-10T18:07:23.439+0000] {dag.py:3036} INFO - Sync 1 DAGs
[2024-02-10T18:07:23.471+0000] {logging_mixin.py:188} INFO - [2024-02-10T18:07:23.471+0000] {dag.py:3823} INFO - Setting next_dagrun for example_branch_dop_operator_v3 to 2024-02-10 18:06:00+00:00, run_after=2024-02-10 18:07:00+00:00
[2024-02-10T18:07:23.497+0000] {processor.py:183} INFO - Processing /home/airflow/.local/lib/python3.8/site-packages/airflow/example_dags/example_branch_python_dop_operator_3.py took 0.100 seconds
[2024-02-10T18:07:53.823+0000] {processor.py:161} INFO - Started process (PID=2753) to work on /home/airflow/.local/lib/python3.8/site-packages/airflow/example_dags/example_branch_python_dop_operator_3.py
[2024-02-10T18:07:53.824+0000] {processor.py:830} INFO - Processing file /home/airflow/.local/lib/python3.8/site-packages/airflow/example_dags/example_branch_python_dop_operator_3.py for tasks to queue
[2024-02-10T18:07:53.825+0000] {logging_mixin.py:188} INFO - [2024-02-10T18:07:53.825+0000] {dagbag.py:538} INFO - Filling up the DagBag from /home/airflow/.local/lib/python3.8/site-packages/airflow/example_dags/example_branch_python_dop_operator_3.py
[2024-02-10T18:07:53.836+0000] {processor.py:840} INFO - DAG(s) 'example_branch_dop_operator_v3' retrieved from /home/airflow/.local/lib/python3.8/site-packages/airflow/example_dags/example_branch_python_dop_operator_3.py
[2024-02-10T18:07:53.859+0000] {logging_mixin.py:188} INFO - [2024-02-10T18:07:53.859+0000] {dag.py:3036} INFO - Sync 1 DAGs
[2024-02-10T18:07:53.895+0000] {logging_mixin.py:188} INFO - [2024-02-10T18:07:53.895+0000] {dag.py:3823} INFO - Setting next_dagrun for example_branch_dop_operator_v3 to 2024-02-10 18:06:00+00:00, run_after=2024-02-10 18:07:00+00:00
[2024-02-10T18:07:53.922+0000] {processor.py:183} INFO - Processing /home/airflow/.local/lib/python3.8/site-packages/airflow/example_dags/example_branch_python_dop_operator_3.py took 0.102 seconds
[2024-02-10T18:08:24.191+0000] {processor.py:161} INFO - Started process (PID=2809) to work on /home/airflow/.local/lib/python3.8/site-packages/airflow/example_dags/example_branch_python_dop_operator_3.py
[2024-02-10T18:08:24.192+0000] {processor.py:830} INFO - Processing file /home/airflow/.local/lib/python3.8/site-packages/airflow/example_dags/example_branch_python_dop_operator_3.py for tasks to queue
[2024-02-10T18:08:24.193+0000] {logging_mixin.py:188} INFO - [2024-02-10T18:08:24.193+0000] {dagbag.py:538} INFO - Filling up the DagBag from /home/airflow/.local/lib/python3.8/site-packages/airflow/example_dags/example_branch_python_dop_operator_3.py
[2024-02-10T18:08:24.205+0000] {processor.py:840} INFO - DAG(s) 'example_branch_dop_operator_v3' retrieved from /home/airflow/.local/lib/python3.8/site-packages/airflow/example_dags/example_branch_python_dop_operator_3.py
[2024-02-10T18:08:24.227+0000] {logging_mixin.py:188} INFO - [2024-02-10T18:08:24.227+0000] {dag.py:3036} INFO - Sync 1 DAGs
[2024-02-10T18:08:24.259+0000] {logging_mixin.py:188} INFO - [2024-02-10T18:08:24.258+0000] {dag.py:3823} INFO - Setting next_dagrun for example_branch_dop_operator_v3 to 2024-02-10 18:07:00+00:00, run_after=2024-02-10 18:08:00+00:00
[2024-02-10T18:08:24.285+0000] {processor.py:183} INFO - Processing /home/airflow/.local/lib/python3.8/site-packages/airflow/example_dags/example_branch_python_dop_operator_3.py took 0.098 seconds
[2024-02-10T18:08:54.798+0000] {processor.py:161} INFO - Started process (PID=2865) to work on /home/airflow/.local/lib/python3.8/site-packages/airflow/example_dags/example_branch_python_dop_operator_3.py
[2024-02-10T18:08:54.799+0000] {processor.py:830} INFO - Processing file /home/airflow/.local/lib/python3.8/site-packages/airflow/example_dags/example_branch_python_dop_operator_3.py for tasks to queue
[2024-02-10T18:08:54.800+0000] {logging_mixin.py:188} INFO - [2024-02-10T18:08:54.800+0000] {dagbag.py:538} INFO - Filling up the DagBag from /home/airflow/.local/lib/python3.8/site-packages/airflow/example_dags/example_branch_python_dop_operator_3.py
[2024-02-10T18:08:54.811+0000] {processor.py:840} INFO - DAG(s) 'example_branch_dop_operator_v3' retrieved from /home/airflow/.local/lib/python3.8/site-packages/airflow/example_dags/example_branch_python_dop_operator_3.py
[2024-02-10T18:08:54.833+0000] {logging_mixin.py:188} INFO - [2024-02-10T18:08:54.833+0000] {dag.py:3036} INFO - Sync 1 DAGs
[2024-02-10T18:08:54.865+0000] {logging_mixin.py:188} INFO - [2024-02-10T18:08:54.865+0000] {dag.py:3823} INFO - Setting next_dagrun for example_branch_dop_operator_v3 to 2024-02-10 18:07:00+00:00, run_after=2024-02-10 18:08:00+00:00
[2024-02-10T18:08:54.890+0000] {processor.py:183} INFO - Processing /home/airflow/.local/lib/python3.8/site-packages/airflow/example_dags/example_branch_python_dop_operator_3.py took 0.096 seconds
[2024-02-10T18:09:25.056+0000] {processor.py:161} INFO - Started process (PID=2921) to work on /home/airflow/.local/lib/python3.8/site-packages/airflow/example_dags/example_branch_python_dop_operator_3.py
[2024-02-10T18:09:25.057+0000] {processor.py:830} INFO - Processing file /home/airflow/.local/lib/python3.8/site-packages/airflow/example_dags/example_branch_python_dop_operator_3.py for tasks to queue
[2024-02-10T18:09:25.059+0000] {logging_mixin.py:188} INFO - [2024-02-10T18:09:25.059+0000] {dagbag.py:538} INFO - Filling up the DagBag from /home/airflow/.local/lib/python3.8/site-packages/airflow/example_dags/example_branch_python_dop_operator_3.py
[2024-02-10T18:09:25.070+0000] {processor.py:840} INFO - DAG(s) 'example_branch_dop_operator_v3' retrieved from /home/airflow/.local/lib/python3.8/site-packages/airflow/example_dags/example_branch_python_dop_operator_3.py
[2024-02-10T18:09:25.095+0000] {logging_mixin.py:188} INFO - [2024-02-10T18:09:25.095+0000] {dag.py:3036} INFO - Sync 1 DAGs
[2024-02-10T18:09:25.128+0000] {logging_mixin.py:188} INFO - [2024-02-10T18:09:25.127+0000] {dag.py:3823} INFO - Setting next_dagrun for example_branch_dop_operator_v3 to 2024-02-10 18:08:00+00:00, run_after=2024-02-10 18:09:00+00:00
[2024-02-10T18:09:25.151+0000] {processor.py:183} INFO - Processing /home/airflow/.local/lib/python3.8/site-packages/airflow/example_dags/example_branch_python_dop_operator_3.py took 0.099 seconds
[2024-02-10T18:09:55.379+0000] {processor.py:161} INFO - Started process (PID=2975) to work on /home/airflow/.local/lib/python3.8/site-packages/airflow/example_dags/example_branch_python_dop_operator_3.py
[2024-02-10T18:09:55.380+0000] {processor.py:830} INFO - Processing file /home/airflow/.local/lib/python3.8/site-packages/airflow/example_dags/example_branch_python_dop_operator_3.py for tasks to queue
[2024-02-10T18:09:55.382+0000] {logging_mixin.py:188} INFO - [2024-02-10T18:09:55.381+0000] {dagbag.py:538} INFO - Filling up the DagBag from /home/airflow/.local/lib/python3.8/site-packages/airflow/example_dags/example_branch_python_dop_operator_3.py
[2024-02-10T18:09:55.392+0000] {processor.py:840} INFO - DAG(s) 'example_branch_dop_operator_v3' retrieved from /home/airflow/.local/lib/python3.8/site-packages/airflow/example_dags/example_branch_python_dop_operator_3.py
[2024-02-10T18:09:55.416+0000] {logging_mixin.py:188} INFO - [2024-02-10T18:09:55.415+0000] {dag.py:3036} INFO - Sync 1 DAGs
[2024-02-10T18:09:55.473+0000] {logging_mixin.py:188} INFO - [2024-02-10T18:09:55.472+0000] {dag.py:3823} INFO - Setting next_dagrun for example_branch_dop_operator_v3 to 2024-02-10 18:08:00+00:00, run_after=2024-02-10 18:09:00+00:00
[2024-02-10T18:09:55.499+0000] {processor.py:183} INFO - Processing /home/airflow/.local/lib/python3.8/site-packages/airflow/example_dags/example_branch_python_dop_operator_3.py took 0.123 seconds
[2024-02-10T18:10:25.789+0000] {processor.py:161} INFO - Started process (PID=3030) to work on /home/airflow/.local/lib/python3.8/site-packages/airflow/example_dags/example_branch_python_dop_operator_3.py
[2024-02-10T18:10:25.790+0000] {processor.py:830} INFO - Processing file /home/airflow/.local/lib/python3.8/site-packages/airflow/example_dags/example_branch_python_dop_operator_3.py for tasks to queue
[2024-02-10T18:10:25.802+0000] {logging_mixin.py:188} INFO - [2024-02-10T18:10:25.802+0000] {dagbag.py:538} INFO - Filling up the DagBag from /home/airflow/.local/lib/python3.8/site-packages/airflow/example_dags/example_branch_python_dop_operator_3.py
[2024-02-10T18:10:25.821+0000] {processor.py:840} INFO - DAG(s) 'example_branch_dop_operator_v3' retrieved from /home/airflow/.local/lib/python3.8/site-packages/airflow/example_dags/example_branch_python_dop_operator_3.py
[2024-02-10T18:10:25.854+0000] {logging_mixin.py:188} INFO - [2024-02-10T18:10:25.854+0000] {dag.py:3036} INFO - Sync 1 DAGs
[2024-02-10T18:10:25.978+0000] {logging_mixin.py:188} INFO - [2024-02-10T18:10:25.978+0000] {dag.py:3823} INFO - Setting next_dagrun for example_branch_dop_operator_v3 to 2024-02-10 18:09:00+00:00, run_after=2024-02-10 18:10:00+00:00
[2024-02-10T18:10:26.027+0000] {processor.py:183} INFO - Processing /home/airflow/.local/lib/python3.8/site-packages/airflow/example_dags/example_branch_python_dop_operator_3.py took 0.241 seconds
[2024-02-10T18:10:56.079+0000] {processor.py:161} INFO - Started process (PID=3084) to work on /home/airflow/.local/lib/python3.8/site-packages/airflow/example_dags/example_branch_python_dop_operator_3.py
[2024-02-10T18:10:56.079+0000] {processor.py:830} INFO - Processing file /home/airflow/.local/lib/python3.8/site-packages/airflow/example_dags/example_branch_python_dop_operator_3.py for tasks to queue
[2024-02-10T18:10:56.081+0000] {logging_mixin.py:188} INFO - [2024-02-10T18:10:56.081+0000] {dagbag.py:538} INFO - Filling up the DagBag from /home/airflow/.local/lib/python3.8/site-packages/airflow/example_dags/example_branch_python_dop_operator_3.py
[2024-02-10T18:10:56.092+0000] {processor.py:840} INFO - DAG(s) 'example_branch_dop_operator_v3' retrieved from /home/airflow/.local/lib/python3.8/site-packages/airflow/example_dags/example_branch_python_dop_operator_3.py
[2024-02-10T18:10:56.115+0000] {logging_mixin.py:188} INFO - [2024-02-10T18:10:56.115+0000] {dag.py:3036} INFO - Sync 1 DAGs
[2024-02-10T18:10:56.151+0000] {logging_mixin.py:188} INFO - [2024-02-10T18:10:56.151+0000] {dag.py:3823} INFO - Setting next_dagrun for example_branch_dop_operator_v3 to 2024-02-10 18:09:00+00:00, run_after=2024-02-10 18:10:00+00:00
[2024-02-10T18:10:56.175+0000] {processor.py:183} INFO - Processing /home/airflow/.local/lib/python3.8/site-packages/airflow/example_dags/example_branch_python_dop_operator_3.py took 0.100 seconds
[2024-02-10T18:11:26.912+0000] {processor.py:161} INFO - Started process (PID=3140) to work on /home/airflow/.local/lib/python3.8/site-packages/airflow/example_dags/example_branch_python_dop_operator_3.py
[2024-02-10T18:11:26.913+0000] {processor.py:830} INFO - Processing file /home/airflow/.local/lib/python3.8/site-packages/airflow/example_dags/example_branch_python_dop_operator_3.py for tasks to queue
[2024-02-10T18:11:26.915+0000] {logging_mixin.py:188} INFO - [2024-02-10T18:11:26.914+0000] {dagbag.py:538} INFO - Filling up the DagBag from /home/airflow/.local/lib/python3.8/site-packages/airflow/example_dags/example_branch_python_dop_operator_3.py
[2024-02-10T18:11:26.927+0000] {processor.py:840} INFO - DAG(s) 'example_branch_dop_operator_v3' retrieved from /home/airflow/.local/lib/python3.8/site-packages/airflow/example_dags/example_branch_python_dop_operator_3.py
[2024-02-10T18:11:26.950+0000] {logging_mixin.py:188} INFO - [2024-02-10T18:11:26.950+0000] {dag.py:3036} INFO - Sync 1 DAGs
[2024-02-10T18:11:26.982+0000] {logging_mixin.py:188} INFO - [2024-02-10T18:11:26.982+0000] {dag.py:3823} INFO - Setting next_dagrun for example_branch_dop_operator_v3 to 2024-02-10 18:10:00+00:00, run_after=2024-02-10 18:11:00+00:00
[2024-02-10T18:11:27.007+0000] {processor.py:183} INFO - Processing /home/airflow/.local/lib/python3.8/site-packages/airflow/example_dags/example_branch_python_dop_operator_3.py took 0.098 seconds
[2024-02-10T18:11:58.002+0000] {processor.py:161} INFO - Started process (PID=3195) to work on /home/airflow/.local/lib/python3.8/site-packages/airflow/example_dags/example_branch_python_dop_operator_3.py
[2024-02-10T18:11:58.008+0000] {processor.py:830} INFO - Processing file /home/airflow/.local/lib/python3.8/site-packages/airflow/example_dags/example_branch_python_dop_operator_3.py for tasks to queue
[2024-02-10T18:11:58.011+0000] {logging_mixin.py:188} INFO - [2024-02-10T18:11:58.011+0000] {dagbag.py:538} INFO - Filling up the DagBag from /home/airflow/.local/lib/python3.8/site-packages/airflow/example_dags/example_branch_python_dop_operator_3.py
[2024-02-10T18:11:58.033+0000] {processor.py:840} INFO - DAG(s) 'example_branch_dop_operator_v3' retrieved from /home/airflow/.local/lib/python3.8/site-packages/airflow/example_dags/example_branch_python_dop_operator_3.py
[2024-02-10T18:11:58.065+0000] {logging_mixin.py:188} INFO - [2024-02-10T18:11:58.065+0000] {dag.py:3036} INFO - Sync 1 DAGs
[2024-02-10T18:11:58.097+0000] {logging_mixin.py:188} INFO - [2024-02-10T18:11:58.096+0000] {dag.py:3823} INFO - Setting next_dagrun for example_branch_dop_operator_v3 to 2024-02-10 18:10:00+00:00, run_after=2024-02-10 18:11:00+00:00
[2024-02-10T18:11:58.146+0000] {processor.py:183} INFO - Processing /home/airflow/.local/lib/python3.8/site-packages/airflow/example_dags/example_branch_python_dop_operator_3.py took 0.151 seconds
[2024-02-10T18:12:28.569+0000] {processor.py:161} INFO - Started process (PID=3251) to work on /home/airflow/.local/lib/python3.8/site-packages/airflow/example_dags/example_branch_python_dop_operator_3.py
[2024-02-10T18:12:28.569+0000] {processor.py:830} INFO - Processing file /home/airflow/.local/lib/python3.8/site-packages/airflow/example_dags/example_branch_python_dop_operator_3.py for tasks to queue
[2024-02-10T18:12:28.571+0000] {logging_mixin.py:188} INFO - [2024-02-10T18:12:28.571+0000] {dagbag.py:538} INFO - Filling up the DagBag from /home/airflow/.local/lib/python3.8/site-packages/airflow/example_dags/example_branch_python_dop_operator_3.py
[2024-02-10T18:12:28.582+0000] {processor.py:840} INFO - DAG(s) 'example_branch_dop_operator_v3' retrieved from /home/airflow/.local/lib/python3.8/site-packages/airflow/example_dags/example_branch_python_dop_operator_3.py
[2024-02-10T18:12:28.606+0000] {logging_mixin.py:188} INFO - [2024-02-10T18:12:28.606+0000] {dag.py:3036} INFO - Sync 1 DAGs
[2024-02-10T18:12:28.640+0000] {logging_mixin.py:188} INFO - [2024-02-10T18:12:28.640+0000] {dag.py:3823} INFO - Setting next_dagrun for example_branch_dop_operator_v3 to 2024-02-10 18:11:00+00:00, run_after=2024-02-10 18:12:00+00:00
[2024-02-10T18:12:28.665+0000] {processor.py:183} INFO - Processing /home/airflow/.local/lib/python3.8/site-packages/airflow/example_dags/example_branch_python_dop_operator_3.py took 0.100 seconds
[2024-02-10T18:12:58.832+0000] {processor.py:161} INFO - Started process (PID=3306) to work on /home/airflow/.local/lib/python3.8/site-packages/airflow/example_dags/example_branch_python_dop_operator_3.py
[2024-02-10T18:12:58.833+0000] {processor.py:830} INFO - Processing file /home/airflow/.local/lib/python3.8/site-packages/airflow/example_dags/example_branch_python_dop_operator_3.py for tasks to queue
[2024-02-10T18:12:58.835+0000] {logging_mixin.py:188} INFO - [2024-02-10T18:12:58.835+0000] {dagbag.py:538} INFO - Filling up the DagBag from /home/airflow/.local/lib/python3.8/site-packages/airflow/example_dags/example_branch_python_dop_operator_3.py
[2024-02-10T18:12:58.845+0000] {processor.py:840} INFO - DAG(s) 'example_branch_dop_operator_v3' retrieved from /home/airflow/.local/lib/python3.8/site-packages/airflow/example_dags/example_branch_python_dop_operator_3.py
[2024-02-10T18:12:58.869+0000] {logging_mixin.py:188} INFO - [2024-02-10T18:12:58.869+0000] {dag.py:3036} INFO - Sync 1 DAGs
[2024-02-10T18:12:58.903+0000] {logging_mixin.py:188} INFO - [2024-02-10T18:12:58.902+0000] {dag.py:3823} INFO - Setting next_dagrun for example_branch_dop_operator_v3 to 2024-02-10 18:11:00+00:00, run_after=2024-02-10 18:12:00+00:00
[2024-02-10T18:12:58.930+0000] {processor.py:183} INFO - Processing /home/airflow/.local/lib/python3.8/site-packages/airflow/example_dags/example_branch_python_dop_operator_3.py took 0.100 seconds
[2024-02-10T18:13:29.412+0000] {processor.py:161} INFO - Started process (PID=3362) to work on /home/airflow/.local/lib/python3.8/site-packages/airflow/example_dags/example_branch_python_dop_operator_3.py
[2024-02-10T18:13:29.413+0000] {processor.py:830} INFO - Processing file /home/airflow/.local/lib/python3.8/site-packages/airflow/example_dags/example_branch_python_dop_operator_3.py for tasks to queue
[2024-02-10T18:13:29.415+0000] {logging_mixin.py:188} INFO - [2024-02-10T18:13:29.415+0000] {dagbag.py:538} INFO - Filling up the DagBag from /home/airflow/.local/lib/python3.8/site-packages/airflow/example_dags/example_branch_python_dop_operator_3.py
[2024-02-10T18:13:29.426+0000] {processor.py:840} INFO - DAG(s) 'example_branch_dop_operator_v3' retrieved from /home/airflow/.local/lib/python3.8/site-packages/airflow/example_dags/example_branch_python_dop_operator_3.py
[2024-02-10T18:13:29.458+0000] {logging_mixin.py:188} INFO - [2024-02-10T18:13:29.458+0000] {dag.py:3036} INFO - Sync 1 DAGs
[2024-02-10T18:13:29.494+0000] {logging_mixin.py:188} INFO - [2024-02-10T18:13:29.494+0000] {dag.py:3823} INFO - Setting next_dagrun for example_branch_dop_operator_v3 to 2024-02-10 18:12:00+00:00, run_after=2024-02-10 18:13:00+00:00
[2024-02-10T18:13:29.519+0000] {processor.py:183} INFO - Processing /home/airflow/.local/lib/python3.8/site-packages/airflow/example_dags/example_branch_python_dop_operator_3.py took 0.110 seconds
[2024-02-10T18:14:00.048+0000] {processor.py:161} INFO - Started process (PID=3417) to work on /home/airflow/.local/lib/python3.8/site-packages/airflow/example_dags/example_branch_python_dop_operator_3.py
[2024-02-10T18:14:00.049+0000] {processor.py:830} INFO - Processing file /home/airflow/.local/lib/python3.8/site-packages/airflow/example_dags/example_branch_python_dop_operator_3.py for tasks to queue
[2024-02-10T18:14:00.050+0000] {logging_mixin.py:188} INFO - [2024-02-10T18:14:00.050+0000] {dagbag.py:538} INFO - Filling up the DagBag from /home/airflow/.local/lib/python3.8/site-packages/airflow/example_dags/example_branch_python_dop_operator_3.py
[2024-02-10T18:14:00.061+0000] {processor.py:840} INFO - DAG(s) 'example_branch_dop_operator_v3' retrieved from /home/airflow/.local/lib/python3.8/site-packages/airflow/example_dags/example_branch_python_dop_operator_3.py
[2024-02-10T18:14:00.086+0000] {logging_mixin.py:188} INFO - [2024-02-10T18:14:00.085+0000] {dag.py:3036} INFO - Sync 1 DAGs
[2024-02-10T18:14:00.117+0000] {logging_mixin.py:188} INFO - [2024-02-10T18:14:00.117+0000] {dag.py:3823} INFO - Setting next_dagrun for example_branch_dop_operator_v3 to 2024-02-10 18:13:00+00:00, run_after=2024-02-10 18:14:00+00:00
[2024-02-10T18:14:00.140+0000] {processor.py:183} INFO - Processing /home/airflow/.local/lib/python3.8/site-packages/airflow/example_dags/example_branch_python_dop_operator_3.py took 0.096 seconds
[2024-02-10T18:14:30.406+0000] {processor.py:161} INFO - Started process (PID=3472) to work on /home/airflow/.local/lib/python3.8/site-packages/airflow/example_dags/example_branch_python_dop_operator_3.py
[2024-02-10T18:14:30.407+0000] {processor.py:830} INFO - Processing file /home/airflow/.local/lib/python3.8/site-packages/airflow/example_dags/example_branch_python_dop_operator_3.py for tasks to queue
[2024-02-10T18:14:30.408+0000] {logging_mixin.py:188} INFO - [2024-02-10T18:14:30.408+0000] {dagbag.py:538} INFO - Filling up the DagBag from /home/airflow/.local/lib/python3.8/site-packages/airflow/example_dags/example_branch_python_dop_operator_3.py
[2024-02-10T18:14:30.419+0000] {processor.py:840} INFO - DAG(s) 'example_branch_dop_operator_v3' retrieved from /home/airflow/.local/lib/python3.8/site-packages/airflow/example_dags/example_branch_python_dop_operator_3.py
[2024-02-10T18:14:30.441+0000] {logging_mixin.py:188} INFO - [2024-02-10T18:14:30.441+0000] {dag.py:3036} INFO - Sync 1 DAGs
[2024-02-10T18:14:30.497+0000] {logging_mixin.py:188} INFO - [2024-02-10T18:14:30.496+0000] {dag.py:3823} INFO - Setting next_dagrun for example_branch_dop_operator_v3 to 2024-02-10 18:13:00+00:00, run_after=2024-02-10 18:14:00+00:00
[2024-02-10T18:14:30.518+0000] {processor.py:183} INFO - Processing /home/airflow/.local/lib/python3.8/site-packages/airflow/example_dags/example_branch_python_dop_operator_3.py took 0.115 seconds
[2024-02-10T18:15:00.627+0000] {processor.py:161} INFO - Started process (PID=3527) to work on /home/airflow/.local/lib/python3.8/site-packages/airflow/example_dags/example_branch_python_dop_operator_3.py
[2024-02-10T18:15:00.628+0000] {processor.py:830} INFO - Processing file /home/airflow/.local/lib/python3.8/site-packages/airflow/example_dags/example_branch_python_dop_operator_3.py for tasks to queue
[2024-02-10T18:15:00.629+0000] {logging_mixin.py:188} INFO - [2024-02-10T18:15:00.629+0000] {dagbag.py:538} INFO - Filling up the DagBag from /home/airflow/.local/lib/python3.8/site-packages/airflow/example_dags/example_branch_python_dop_operator_3.py
[2024-02-10T18:15:00.640+0000] {processor.py:840} INFO - DAG(s) 'example_branch_dop_operator_v3' retrieved from /home/airflow/.local/lib/python3.8/site-packages/airflow/example_dags/example_branch_python_dop_operator_3.py
[2024-02-10T18:15:00.664+0000] {logging_mixin.py:188} INFO - [2024-02-10T18:15:00.663+0000] {dag.py:3036} INFO - Sync 1 DAGs
[2024-02-10T18:15:00.696+0000] {logging_mixin.py:188} INFO - [2024-02-10T18:15:00.696+0000] {dag.py:3823} INFO - Setting next_dagrun for example_branch_dop_operator_v3 to 2024-02-10 18:14:00+00:00, run_after=2024-02-10 18:15:00+00:00
[2024-02-10T18:15:00.719+0000] {processor.py:183} INFO - Processing /home/airflow/.local/lib/python3.8/site-packages/airflow/example_dags/example_branch_python_dop_operator_3.py took 0.096 seconds
[2024-02-10T18:15:31.104+0000] {processor.py:161} INFO - Started process (PID=3582) to work on /home/airflow/.local/lib/python3.8/site-packages/airflow/example_dags/example_branch_python_dop_operator_3.py
[2024-02-10T18:15:31.105+0000] {processor.py:830} INFO - Processing file /home/airflow/.local/lib/python3.8/site-packages/airflow/example_dags/example_branch_python_dop_operator_3.py for tasks to queue
[2024-02-10T18:15:31.107+0000] {logging_mixin.py:188} INFO - [2024-02-10T18:15:31.107+0000] {dagbag.py:538} INFO - Filling up the DagBag from /home/airflow/.local/lib/python3.8/site-packages/airflow/example_dags/example_branch_python_dop_operator_3.py
[2024-02-10T18:15:31.120+0000] {processor.py:840} INFO - DAG(s) 'example_branch_dop_operator_v3' retrieved from /home/airflow/.local/lib/python3.8/site-packages/airflow/example_dags/example_branch_python_dop_operator_3.py
[2024-02-10T18:15:31.142+0000] {logging_mixin.py:188} INFO - [2024-02-10T18:15:31.142+0000] {dag.py:3036} INFO - Sync 1 DAGs
[2024-02-10T18:15:31.213+0000] {logging_mixin.py:188} INFO - [2024-02-10T18:15:31.211+0000] {dag.py:3823} INFO - Setting next_dagrun for example_branch_dop_operator_v3 to 2024-02-10 18:14:00+00:00, run_after=2024-02-10 18:15:00+00:00
[2024-02-10T18:15:31.255+0000] {processor.py:183} INFO - Processing /home/airflow/.local/lib/python3.8/site-packages/airflow/example_dags/example_branch_python_dop_operator_3.py took 0.154 seconds
[2024-02-10T18:16:01.486+0000] {processor.py:161} INFO - Started process (PID=3638) to work on /home/airflow/.local/lib/python3.8/site-packages/airflow/example_dags/example_branch_python_dop_operator_3.py
[2024-02-10T18:16:01.488+0000] {processor.py:830} INFO - Processing file /home/airflow/.local/lib/python3.8/site-packages/airflow/example_dags/example_branch_python_dop_operator_3.py for tasks to queue
[2024-02-10T18:16:01.490+0000] {logging_mixin.py:188} INFO - [2024-02-10T18:16:01.489+0000] {dagbag.py:538} INFO - Filling up the DagBag from /home/airflow/.local/lib/python3.8/site-packages/airflow/example_dags/example_branch_python_dop_operator_3.py
[2024-02-10T18:16:01.519+0000] {processor.py:840} INFO - DAG(s) 'example_branch_dop_operator_v3' retrieved from /home/airflow/.local/lib/python3.8/site-packages/airflow/example_dags/example_branch_python_dop_operator_3.py
[2024-02-10T18:16:01.602+0000] {logging_mixin.py:188} INFO - [2024-02-10T18:16:01.602+0000] {dag.py:3036} INFO - Sync 1 DAGs
[2024-02-10T18:16:01.670+0000] {logging_mixin.py:188} INFO - [2024-02-10T18:16:01.670+0000] {dag.py:3823} INFO - Setting next_dagrun for example_branch_dop_operator_v3 to 2024-02-10 18:15:00+00:00, run_after=2024-02-10 18:16:00+00:00
[2024-02-10T18:16:01.695+0000] {processor.py:183} INFO - Processing /home/airflow/.local/lib/python3.8/site-packages/airflow/example_dags/example_branch_python_dop_operator_3.py took 0.222 seconds
