[2024-02-10T17:43:09.871+0000] {processor.py:161} INFO - Started process (PID=70) to work on /home/airflow/.local/lib/python3.8/site-packages/airflow/example_dags/example_trigger_target_dag.py
[2024-02-10T17:43:09.872+0000] {processor.py:830} INFO - Processing file /home/airflow/.local/lib/python3.8/site-packages/airflow/example_dags/example_trigger_target_dag.py for tasks to queue
[2024-02-10T17:43:09.874+0000] {logging_mixin.py:188} INFO - [2024-02-10T17:43:09.873+0000] {dagbag.py:538} INFO - Filling up the DagBag from /home/airflow/.local/lib/python3.8/site-packages/airflow/example_dags/example_trigger_target_dag.py
[2024-02-10T17:43:09.909+0000] {processor.py:840} INFO - DAG(s) 'example_trigger_target_dag' retrieved from /home/airflow/.local/lib/python3.8/site-packages/airflow/example_dags/example_trigger_target_dag.py
[2024-02-10T17:43:10.221+0000] {logging_mixin.py:188} INFO - [2024-02-10T17:43:10.220+0000] {dag.py:3036} INFO - Sync 1 DAGs
[2024-02-10T17:43:10.232+0000] {logging_mixin.py:188} INFO - [2024-02-10T17:43:10.232+0000] {dag.py:3823} INFO - Setting next_dagrun for example_trigger_target_dag to None, run_after=None
[2024-02-10T17:43:10.257+0000] {processor.py:183} INFO - Processing /home/airflow/.local/lib/python3.8/site-packages/airflow/example_dags/example_trigger_target_dag.py took 0.399 seconds
[2024-02-10T17:43:40.916+0000] {processor.py:161} INFO - Started process (PID=125) to work on /home/airflow/.local/lib/python3.8/site-packages/airflow/example_dags/example_trigger_target_dag.py
[2024-02-10T17:43:40.917+0000] {processor.py:830} INFO - Processing file /home/airflow/.local/lib/python3.8/site-packages/airflow/example_dags/example_trigger_target_dag.py for tasks to queue
[2024-02-10T17:43:40.919+0000] {logging_mixin.py:188} INFO - [2024-02-10T17:43:40.918+0000] {dagbag.py:538} INFO - Filling up the DagBag from /home/airflow/.local/lib/python3.8/site-packages/airflow/example_dags/example_trigger_target_dag.py
[2024-02-10T17:43:40.925+0000] {processor.py:840} INFO - DAG(s) 'example_trigger_target_dag' retrieved from /home/airflow/.local/lib/python3.8/site-packages/airflow/example_dags/example_trigger_target_dag.py
[2024-02-10T17:43:40.955+0000] {logging_mixin.py:188} INFO - [2024-02-10T17:43:40.955+0000] {dag.py:3036} INFO - Sync 1 DAGs
[2024-02-10T17:43:40.969+0000] {logging_mixin.py:188} INFO - [2024-02-10T17:43:40.969+0000] {dag.py:3823} INFO - Setting next_dagrun for example_trigger_target_dag to None, run_after=None
[2024-02-10T17:43:40.999+0000] {processor.py:183} INFO - Processing /home/airflow/.local/lib/python3.8/site-packages/airflow/example_dags/example_trigger_target_dag.py took 0.087 seconds
[2024-02-10T17:44:11.373+0000] {processor.py:161} INFO - Started process (PID=180) to work on /home/airflow/.local/lib/python3.8/site-packages/airflow/example_dags/example_trigger_target_dag.py
[2024-02-10T17:44:11.374+0000] {processor.py:830} INFO - Processing file /home/airflow/.local/lib/python3.8/site-packages/airflow/example_dags/example_trigger_target_dag.py for tasks to queue
[2024-02-10T17:44:11.376+0000] {logging_mixin.py:188} INFO - [2024-02-10T17:44:11.375+0000] {dagbag.py:538} INFO - Filling up the DagBag from /home/airflow/.local/lib/python3.8/site-packages/airflow/example_dags/example_trigger_target_dag.py
[2024-02-10T17:44:11.383+0000] {processor.py:840} INFO - DAG(s) 'example_trigger_target_dag' retrieved from /home/airflow/.local/lib/python3.8/site-packages/airflow/example_dags/example_trigger_target_dag.py
[2024-02-10T17:44:11.404+0000] {logging_mixin.py:188} INFO - [2024-02-10T17:44:11.404+0000] {dag.py:3036} INFO - Sync 1 DAGs
[2024-02-10T17:44:11.450+0000] {logging_mixin.py:188} INFO - [2024-02-10T17:44:11.450+0000] {dag.py:3823} INFO - Setting next_dagrun for example_trigger_target_dag to None, run_after=None
[2024-02-10T17:44:11.477+0000] {processor.py:183} INFO - Processing /home/airflow/.local/lib/python3.8/site-packages/airflow/example_dags/example_trigger_target_dag.py took 0.117 seconds
[2024-02-10T17:44:41.988+0000] {processor.py:161} INFO - Started process (PID=235) to work on /home/airflow/.local/lib/python3.8/site-packages/airflow/example_dags/example_trigger_target_dag.py
[2024-02-10T17:44:41.988+0000] {processor.py:830} INFO - Processing file /home/airflow/.local/lib/python3.8/site-packages/airflow/example_dags/example_trigger_target_dag.py for tasks to queue
[2024-02-10T17:44:41.990+0000] {logging_mixin.py:188} INFO - [2024-02-10T17:44:41.990+0000] {dagbag.py:538} INFO - Filling up the DagBag from /home/airflow/.local/lib/python3.8/site-packages/airflow/example_dags/example_trigger_target_dag.py
[2024-02-10T17:44:41.997+0000] {processor.py:840} INFO - DAG(s) 'example_trigger_target_dag' retrieved from /home/airflow/.local/lib/python3.8/site-packages/airflow/example_dags/example_trigger_target_dag.py
[2024-02-10T17:44:42.036+0000] {logging_mixin.py:188} INFO - [2024-02-10T17:44:42.035+0000] {dag.py:3036} INFO - Sync 1 DAGs
[2024-02-10T17:44:42.053+0000] {logging_mixin.py:188} INFO - [2024-02-10T17:44:42.052+0000] {dag.py:3823} INFO - Setting next_dagrun for example_trigger_target_dag to None, run_after=None
[2024-02-10T17:44:42.076+0000] {processor.py:183} INFO - Processing /home/airflow/.local/lib/python3.8/site-packages/airflow/example_dags/example_trigger_target_dag.py took 0.092 seconds
[2024-02-10T17:45:12.636+0000] {processor.py:161} INFO - Started process (PID=290) to work on /home/airflow/.local/lib/python3.8/site-packages/airflow/example_dags/example_trigger_target_dag.py
[2024-02-10T17:45:12.637+0000] {processor.py:830} INFO - Processing file /home/airflow/.local/lib/python3.8/site-packages/airflow/example_dags/example_trigger_target_dag.py for tasks to queue
[2024-02-10T17:45:12.639+0000] {logging_mixin.py:188} INFO - [2024-02-10T17:45:12.639+0000] {dagbag.py:538} INFO - Filling up the DagBag from /home/airflow/.local/lib/python3.8/site-packages/airflow/example_dags/example_trigger_target_dag.py
[2024-02-10T17:45:12.646+0000] {processor.py:840} INFO - DAG(s) 'example_trigger_target_dag' retrieved from /home/airflow/.local/lib/python3.8/site-packages/airflow/example_dags/example_trigger_target_dag.py
[2024-02-10T17:45:12.670+0000] {logging_mixin.py:188} INFO - [2024-02-10T17:45:12.670+0000] {dag.py:3036} INFO - Sync 1 DAGs
[2024-02-10T17:45:12.684+0000] {logging_mixin.py:188} INFO - [2024-02-10T17:45:12.684+0000] {dag.py:3823} INFO - Setting next_dagrun for example_trigger_target_dag to None, run_after=None
[2024-02-10T17:45:12.713+0000] {processor.py:183} INFO - Processing /home/airflow/.local/lib/python3.8/site-packages/airflow/example_dags/example_trigger_target_dag.py took 0.081 seconds
[2024-02-10T17:45:42.869+0000] {processor.py:161} INFO - Started process (PID=344) to work on /home/airflow/.local/lib/python3.8/site-packages/airflow/example_dags/example_trigger_target_dag.py
[2024-02-10T17:45:42.870+0000] {processor.py:830} INFO - Processing file /home/airflow/.local/lib/python3.8/site-packages/airflow/example_dags/example_trigger_target_dag.py for tasks to queue
[2024-02-10T17:45:42.871+0000] {logging_mixin.py:188} INFO - [2024-02-10T17:45:42.871+0000] {dagbag.py:538} INFO - Filling up the DagBag from /home/airflow/.local/lib/python3.8/site-packages/airflow/example_dags/example_trigger_target_dag.py
[2024-02-10T17:45:42.878+0000] {processor.py:840} INFO - DAG(s) 'example_trigger_target_dag' retrieved from /home/airflow/.local/lib/python3.8/site-packages/airflow/example_dags/example_trigger_target_dag.py
[2024-02-10T17:45:42.898+0000] {logging_mixin.py:188} INFO - [2024-02-10T17:45:42.898+0000] {dag.py:3036} INFO - Sync 1 DAGs
[2024-02-10T17:45:42.916+0000] {logging_mixin.py:188} INFO - [2024-02-10T17:45:42.916+0000] {dag.py:3823} INFO - Setting next_dagrun for example_trigger_target_dag to None, run_after=None
[2024-02-10T17:45:42.939+0000] {processor.py:183} INFO - Processing /home/airflow/.local/lib/python3.8/site-packages/airflow/example_dags/example_trigger_target_dag.py took 0.074 seconds
[2024-02-10T17:46:13.284+0000] {processor.py:161} INFO - Started process (PID=400) to work on /home/airflow/.local/lib/python3.8/site-packages/airflow/example_dags/example_trigger_target_dag.py
[2024-02-10T17:46:13.285+0000] {processor.py:830} INFO - Processing file /home/airflow/.local/lib/python3.8/site-packages/airflow/example_dags/example_trigger_target_dag.py for tasks to queue
[2024-02-10T17:46:13.292+0000] {logging_mixin.py:188} INFO - [2024-02-10T17:46:13.292+0000] {dagbag.py:538} INFO - Filling up the DagBag from /home/airflow/.local/lib/python3.8/site-packages/airflow/example_dags/example_trigger_target_dag.py
[2024-02-10T17:46:13.303+0000] {processor.py:840} INFO - DAG(s) 'example_trigger_target_dag' retrieved from /home/airflow/.local/lib/python3.8/site-packages/airflow/example_dags/example_trigger_target_dag.py
[2024-02-10T17:46:13.358+0000] {logging_mixin.py:188} INFO - [2024-02-10T17:46:13.358+0000] {dag.py:3036} INFO - Sync 1 DAGs
[2024-02-10T17:46:13.388+0000] {logging_mixin.py:188} INFO - [2024-02-10T17:46:13.387+0000] {dag.py:3823} INFO - Setting next_dagrun for example_trigger_target_dag to None, run_after=None
[2024-02-10T17:46:13.430+0000] {processor.py:183} INFO - Processing /home/airflow/.local/lib/python3.8/site-packages/airflow/example_dags/example_trigger_target_dag.py took 0.158 seconds
[2024-02-10T17:46:44.006+0000] {processor.py:161} INFO - Started process (PID=456) to work on /home/airflow/.local/lib/python3.8/site-packages/airflow/example_dags/example_trigger_target_dag.py
[2024-02-10T17:46:44.007+0000] {processor.py:830} INFO - Processing file /home/airflow/.local/lib/python3.8/site-packages/airflow/example_dags/example_trigger_target_dag.py for tasks to queue
[2024-02-10T17:46:44.009+0000] {logging_mixin.py:188} INFO - [2024-02-10T17:46:44.008+0000] {dagbag.py:538} INFO - Filling up the DagBag from /home/airflow/.local/lib/python3.8/site-packages/airflow/example_dags/example_trigger_target_dag.py
[2024-02-10T17:46:44.023+0000] {processor.py:840} INFO - DAG(s) 'example_trigger_target_dag' retrieved from /home/airflow/.local/lib/python3.8/site-packages/airflow/example_dags/example_trigger_target_dag.py
[2024-02-10T17:46:44.076+0000] {logging_mixin.py:188} INFO - [2024-02-10T17:46:44.076+0000] {dag.py:3036} INFO - Sync 1 DAGs
[2024-02-10T17:46:44.102+0000] {logging_mixin.py:188} INFO - [2024-02-10T17:46:44.102+0000] {dag.py:3823} INFO - Setting next_dagrun for example_trigger_target_dag to None, run_after=None
[2024-02-10T17:46:44.140+0000] {processor.py:183} INFO - Processing /home/airflow/.local/lib/python3.8/site-packages/airflow/example_dags/example_trigger_target_dag.py took 0.143 seconds
[2024-02-10T17:47:14.613+0000] {processor.py:161} INFO - Started process (PID=512) to work on /home/airflow/.local/lib/python3.8/site-packages/airflow/example_dags/example_trigger_target_dag.py
[2024-02-10T17:47:14.614+0000] {processor.py:830} INFO - Processing file /home/airflow/.local/lib/python3.8/site-packages/airflow/example_dags/example_trigger_target_dag.py for tasks to queue
[2024-02-10T17:47:14.616+0000] {logging_mixin.py:188} INFO - [2024-02-10T17:47:14.616+0000] {dagbag.py:538} INFO - Filling up the DagBag from /home/airflow/.local/lib/python3.8/site-packages/airflow/example_dags/example_trigger_target_dag.py
[2024-02-10T17:47:14.633+0000] {processor.py:840} INFO - DAG(s) 'example_trigger_target_dag' retrieved from /home/airflow/.local/lib/python3.8/site-packages/airflow/example_dags/example_trigger_target_dag.py
[2024-02-10T17:47:14.701+0000] {logging_mixin.py:188} INFO - [2024-02-10T17:47:14.701+0000] {dag.py:3036} INFO - Sync 1 DAGs
[2024-02-10T17:47:14.717+0000] {logging_mixin.py:188} INFO - [2024-02-10T17:47:14.717+0000] {dag.py:3823} INFO - Setting next_dagrun for example_trigger_target_dag to None, run_after=None
[2024-02-10T17:47:14.754+0000] {processor.py:183} INFO - Processing /home/airflow/.local/lib/python3.8/site-packages/airflow/example_dags/example_trigger_target_dag.py took 0.144 seconds
[2024-02-10T17:47:44.880+0000] {processor.py:161} INFO - Started process (PID=567) to work on /home/airflow/.local/lib/python3.8/site-packages/airflow/example_dags/example_trigger_target_dag.py
[2024-02-10T17:47:44.881+0000] {processor.py:830} INFO - Processing file /home/airflow/.local/lib/python3.8/site-packages/airflow/example_dags/example_trigger_target_dag.py for tasks to queue
[2024-02-10T17:47:44.882+0000] {logging_mixin.py:188} INFO - [2024-02-10T17:47:44.882+0000] {dagbag.py:538} INFO - Filling up the DagBag from /home/airflow/.local/lib/python3.8/site-packages/airflow/example_dags/example_trigger_target_dag.py
[2024-02-10T17:47:44.887+0000] {processor.py:840} INFO - DAG(s) 'example_trigger_target_dag' retrieved from /home/airflow/.local/lib/python3.8/site-packages/airflow/example_dags/example_trigger_target_dag.py
[2024-02-10T17:47:44.902+0000] {logging_mixin.py:188} INFO - [2024-02-10T17:47:44.902+0000] {dag.py:3036} INFO - Sync 1 DAGs
[2024-02-10T17:47:44.912+0000] {logging_mixin.py:188} INFO - [2024-02-10T17:47:44.911+0000] {dag.py:3823} INFO - Setting next_dagrun for example_trigger_target_dag to None, run_after=None
[2024-02-10T17:47:44.935+0000] {processor.py:183} INFO - Processing /home/airflow/.local/lib/python3.8/site-packages/airflow/example_dags/example_trigger_target_dag.py took 0.057 seconds
[2024-02-10T17:48:15.067+0000] {processor.py:161} INFO - Started process (PID=624) to work on /home/airflow/.local/lib/python3.8/site-packages/airflow/example_dags/example_trigger_target_dag.py
[2024-02-10T17:48:15.070+0000] {processor.py:830} INFO - Processing file /home/airflow/.local/lib/python3.8/site-packages/airflow/example_dags/example_trigger_target_dag.py for tasks to queue
[2024-02-10T17:48:15.072+0000] {logging_mixin.py:188} INFO - [2024-02-10T17:48:15.072+0000] {dagbag.py:538} INFO - Filling up the DagBag from /home/airflow/.local/lib/python3.8/site-packages/airflow/example_dags/example_trigger_target_dag.py
[2024-02-10T17:48:15.078+0000] {processor.py:840} INFO - DAG(s) 'example_trigger_target_dag' retrieved from /home/airflow/.local/lib/python3.8/site-packages/airflow/example_dags/example_trigger_target_dag.py
[2024-02-10T17:48:15.099+0000] {logging_mixin.py:188} INFO - [2024-02-10T17:48:15.098+0000] {dag.py:3036} INFO - Sync 1 DAGs
[2024-02-10T17:48:15.113+0000] {logging_mixin.py:188} INFO - [2024-02-10T17:48:15.113+0000] {dag.py:3823} INFO - Setting next_dagrun for example_trigger_target_dag to None, run_after=None
[2024-02-10T17:48:15.153+0000] {processor.py:183} INFO - Processing /home/airflow/.local/lib/python3.8/site-packages/airflow/example_dags/example_trigger_target_dag.py took 0.090 seconds
[2024-02-10T17:48:45.875+0000] {processor.py:161} INFO - Started process (PID=681) to work on /home/airflow/.local/lib/python3.8/site-packages/airflow/example_dags/example_trigger_target_dag.py
[2024-02-10T17:48:45.875+0000] {processor.py:830} INFO - Processing file /home/airflow/.local/lib/python3.8/site-packages/airflow/example_dags/example_trigger_target_dag.py for tasks to queue
[2024-02-10T17:48:45.878+0000] {logging_mixin.py:188} INFO - [2024-02-10T17:48:45.877+0000] {dagbag.py:538} INFO - Filling up the DagBag from /home/airflow/.local/lib/python3.8/site-packages/airflow/example_dags/example_trigger_target_dag.py
[2024-02-10T17:48:45.885+0000] {processor.py:840} INFO - DAG(s) 'example_trigger_target_dag' retrieved from /home/airflow/.local/lib/python3.8/site-packages/airflow/example_dags/example_trigger_target_dag.py
[2024-02-10T17:48:45.909+0000] {logging_mixin.py:188} INFO - [2024-02-10T17:48:45.909+0000] {dag.py:3036} INFO - Sync 1 DAGs
[2024-02-10T17:48:45.925+0000] {logging_mixin.py:188} INFO - [2024-02-10T17:48:45.925+0000] {dag.py:3823} INFO - Setting next_dagrun for example_trigger_target_dag to None, run_after=None
[2024-02-10T17:48:45.966+0000] {processor.py:183} INFO - Processing /home/airflow/.local/lib/python3.8/site-packages/airflow/example_dags/example_trigger_target_dag.py took 0.095 seconds
[2024-02-10T17:49:16.508+0000] {processor.py:161} INFO - Started process (PID=742) to work on /home/airflow/.local/lib/python3.8/site-packages/airflow/example_dags/example_trigger_target_dag.py
[2024-02-10T17:49:16.509+0000] {processor.py:830} INFO - Processing file /home/airflow/.local/lib/python3.8/site-packages/airflow/example_dags/example_trigger_target_dag.py for tasks to queue
[2024-02-10T17:49:16.511+0000] {logging_mixin.py:188} INFO - [2024-02-10T17:49:16.511+0000] {dagbag.py:538} INFO - Filling up the DagBag from /home/airflow/.local/lib/python3.8/site-packages/airflow/example_dags/example_trigger_target_dag.py
[2024-02-10T17:49:16.517+0000] {processor.py:840} INFO - DAG(s) 'example_trigger_target_dag' retrieved from /home/airflow/.local/lib/python3.8/site-packages/airflow/example_dags/example_trigger_target_dag.py
[2024-02-10T17:49:16.538+0000] {logging_mixin.py:188} INFO - [2024-02-10T17:49:16.538+0000] {dag.py:3036} INFO - Sync 1 DAGs
[2024-02-10T17:49:16.552+0000] {logging_mixin.py:188} INFO - [2024-02-10T17:49:16.552+0000] {dag.py:3823} INFO - Setting next_dagrun for example_trigger_target_dag to None, run_after=None
[2024-02-10T17:49:16.575+0000] {processor.py:183} INFO - Processing /home/airflow/.local/lib/python3.8/site-packages/airflow/example_dags/example_trigger_target_dag.py took 0.070 seconds
[2024-02-10T17:49:46.826+0000] {processor.py:161} INFO - Started process (PID=797) to work on /home/airflow/.local/lib/python3.8/site-packages/airflow/example_dags/example_trigger_target_dag.py
[2024-02-10T17:49:46.827+0000] {processor.py:830} INFO - Processing file /home/airflow/.local/lib/python3.8/site-packages/airflow/example_dags/example_trigger_target_dag.py for tasks to queue
[2024-02-10T17:49:46.829+0000] {logging_mixin.py:188} INFO - [2024-02-10T17:49:46.829+0000] {dagbag.py:538} INFO - Filling up the DagBag from /home/airflow/.local/lib/python3.8/site-packages/airflow/example_dags/example_trigger_target_dag.py
[2024-02-10T17:49:46.836+0000] {processor.py:840} INFO - DAG(s) 'example_trigger_target_dag' retrieved from /home/airflow/.local/lib/python3.8/site-packages/airflow/example_dags/example_trigger_target_dag.py
[2024-02-10T17:49:46.908+0000] {logging_mixin.py:188} INFO - [2024-02-10T17:49:46.907+0000] {dag.py:3036} INFO - Sync 1 DAGs
[2024-02-10T17:49:46.923+0000] {logging_mixin.py:188} INFO - [2024-02-10T17:49:46.923+0000] {dag.py:3823} INFO - Setting next_dagrun for example_trigger_target_dag to None, run_after=None
[2024-02-10T17:49:46.948+0000] {processor.py:183} INFO - Processing /home/airflow/.local/lib/python3.8/site-packages/airflow/example_dags/example_trigger_target_dag.py took 0.131 seconds
[2024-02-10T17:50:17.636+0000] {processor.py:161} INFO - Started process (PID=852) to work on /home/airflow/.local/lib/python3.8/site-packages/airflow/example_dags/example_trigger_target_dag.py
[2024-02-10T17:50:17.637+0000] {processor.py:830} INFO - Processing file /home/airflow/.local/lib/python3.8/site-packages/airflow/example_dags/example_trigger_target_dag.py for tasks to queue
[2024-02-10T17:50:17.639+0000] {logging_mixin.py:188} INFO - [2024-02-10T17:50:17.639+0000] {dagbag.py:538} INFO - Filling up the DagBag from /home/airflow/.local/lib/python3.8/site-packages/airflow/example_dags/example_trigger_target_dag.py
[2024-02-10T17:50:17.645+0000] {processor.py:840} INFO - DAG(s) 'example_trigger_target_dag' retrieved from /home/airflow/.local/lib/python3.8/site-packages/airflow/example_dags/example_trigger_target_dag.py
[2024-02-10T17:50:17.666+0000] {logging_mixin.py:188} INFO - [2024-02-10T17:50:17.665+0000] {dag.py:3036} INFO - Sync 1 DAGs
[2024-02-10T17:50:17.679+0000] {logging_mixin.py:188} INFO - [2024-02-10T17:50:17.679+0000] {dag.py:3823} INFO - Setting next_dagrun for example_trigger_target_dag to None, run_after=None
[2024-02-10T17:50:17.702+0000] {processor.py:183} INFO - Processing /home/airflow/.local/lib/python3.8/site-packages/airflow/example_dags/example_trigger_target_dag.py took 0.069 seconds
[2024-02-10T17:50:48.073+0000] {processor.py:161} INFO - Started process (PID=907) to work on /home/airflow/.local/lib/python3.8/site-packages/airflow/example_dags/example_trigger_target_dag.py
[2024-02-10T17:50:48.074+0000] {processor.py:830} INFO - Processing file /home/airflow/.local/lib/python3.8/site-packages/airflow/example_dags/example_trigger_target_dag.py for tasks to queue
[2024-02-10T17:50:48.076+0000] {logging_mixin.py:188} INFO - [2024-02-10T17:50:48.076+0000] {dagbag.py:538} INFO - Filling up the DagBag from /home/airflow/.local/lib/python3.8/site-packages/airflow/example_dags/example_trigger_target_dag.py
[2024-02-10T17:50:48.082+0000] {processor.py:840} INFO - DAG(s) 'example_trigger_target_dag' retrieved from /home/airflow/.local/lib/python3.8/site-packages/airflow/example_dags/example_trigger_target_dag.py
[2024-02-10T17:50:48.106+0000] {logging_mixin.py:188} INFO - [2024-02-10T17:50:48.106+0000] {dag.py:3036} INFO - Sync 1 DAGs
[2024-02-10T17:50:48.118+0000] {logging_mixin.py:188} INFO - [2024-02-10T17:50:48.118+0000] {dag.py:3823} INFO - Setting next_dagrun for example_trigger_target_dag to None, run_after=None
[2024-02-10T17:50:48.143+0000] {processor.py:183} INFO - Processing /home/airflow/.local/lib/python3.8/site-packages/airflow/example_dags/example_trigger_target_dag.py took 0.073 seconds
[2024-02-10T17:51:18.271+0000] {processor.py:161} INFO - Started process (PID=962) to work on /home/airflow/.local/lib/python3.8/site-packages/airflow/example_dags/example_trigger_target_dag.py
[2024-02-10T17:51:18.272+0000] {processor.py:830} INFO - Processing file /home/airflow/.local/lib/python3.8/site-packages/airflow/example_dags/example_trigger_target_dag.py for tasks to queue
[2024-02-10T17:51:18.274+0000] {logging_mixin.py:188} INFO - [2024-02-10T17:51:18.273+0000] {dagbag.py:538} INFO - Filling up the DagBag from /home/airflow/.local/lib/python3.8/site-packages/airflow/example_dags/example_trigger_target_dag.py
[2024-02-10T17:51:18.280+0000] {processor.py:840} INFO - DAG(s) 'example_trigger_target_dag' retrieved from /home/airflow/.local/lib/python3.8/site-packages/airflow/example_dags/example_trigger_target_dag.py
[2024-02-10T17:51:18.304+0000] {logging_mixin.py:188} INFO - [2024-02-10T17:51:18.304+0000] {dag.py:3036} INFO - Sync 1 DAGs
[2024-02-10T17:51:18.318+0000] {logging_mixin.py:188} INFO - [2024-02-10T17:51:18.318+0000] {dag.py:3823} INFO - Setting next_dagrun for example_trigger_target_dag to None, run_after=None
[2024-02-10T17:51:18.341+0000] {processor.py:183} INFO - Processing /home/airflow/.local/lib/python3.8/site-packages/airflow/example_dags/example_trigger_target_dag.py took 0.074 seconds
[2024-02-10T17:51:49.210+0000] {processor.py:161} INFO - Started process (PID=1017) to work on /home/airflow/.local/lib/python3.8/site-packages/airflow/example_dags/example_trigger_target_dag.py
[2024-02-10T17:51:49.211+0000] {processor.py:830} INFO - Processing file /home/airflow/.local/lib/python3.8/site-packages/airflow/example_dags/example_trigger_target_dag.py for tasks to queue
[2024-02-10T17:51:49.213+0000] {logging_mixin.py:188} INFO - [2024-02-10T17:51:49.212+0000] {dagbag.py:538} INFO - Filling up the DagBag from /home/airflow/.local/lib/python3.8/site-packages/airflow/example_dags/example_trigger_target_dag.py
[2024-02-10T17:51:49.219+0000] {processor.py:840} INFO - DAG(s) 'example_trigger_target_dag' retrieved from /home/airflow/.local/lib/python3.8/site-packages/airflow/example_dags/example_trigger_target_dag.py
[2024-02-10T17:51:49.242+0000] {logging_mixin.py:188} INFO - [2024-02-10T17:51:49.241+0000] {dag.py:3036} INFO - Sync 1 DAGs
[2024-02-10T17:51:49.256+0000] {logging_mixin.py:188} INFO - [2024-02-10T17:51:49.255+0000] {dag.py:3823} INFO - Setting next_dagrun for example_trigger_target_dag to None, run_after=None
[2024-02-10T17:51:49.297+0000] {processor.py:183} INFO - Processing /home/airflow/.local/lib/python3.8/site-packages/airflow/example_dags/example_trigger_target_dag.py took 0.090 seconds
[2024-02-10T17:52:21.616+0000] {processor.py:161} INFO - Started process (PID=1072) to work on /home/airflow/.local/lib/python3.8/site-packages/airflow/example_dags/example_trigger_target_dag.py
[2024-02-10T17:52:21.630+0000] {processor.py:830} INFO - Processing file /home/airflow/.local/lib/python3.8/site-packages/airflow/example_dags/example_trigger_target_dag.py for tasks to queue
[2024-02-10T17:52:21.634+0000] {logging_mixin.py:188} INFO - [2024-02-10T17:52:21.633+0000] {dagbag.py:538} INFO - Filling up the DagBag from /home/airflow/.local/lib/python3.8/site-packages/airflow/example_dags/example_trigger_target_dag.py
[2024-02-10T17:52:21.648+0000] {processor.py:840} INFO - DAG(s) 'example_trigger_target_dag' retrieved from /home/airflow/.local/lib/python3.8/site-packages/airflow/example_dags/example_trigger_target_dag.py
[2024-02-10T17:52:21.883+0000] {logging_mixin.py:188} INFO - [2024-02-10T17:52:21.883+0000] {dag.py:3036} INFO - Sync 1 DAGs
[2024-02-10T17:52:21.957+0000] {logging_mixin.py:188} INFO - [2024-02-10T17:52:21.956+0000] {dag.py:3823} INFO - Setting next_dagrun for example_trigger_target_dag to None, run_after=None
[2024-02-10T17:52:22.028+0000] {processor.py:183} INFO - Processing /home/airflow/.local/lib/python3.8/site-packages/airflow/example_dags/example_trigger_target_dag.py took 0.428 seconds
[2024-02-10T17:52:52.757+0000] {processor.py:161} INFO - Started process (PID=1127) to work on /home/airflow/.local/lib/python3.8/site-packages/airflow/example_dags/example_trigger_target_dag.py
[2024-02-10T17:52:52.757+0000] {processor.py:830} INFO - Processing file /home/airflow/.local/lib/python3.8/site-packages/airflow/example_dags/example_trigger_target_dag.py for tasks to queue
[2024-02-10T17:52:52.759+0000] {logging_mixin.py:188} INFO - [2024-02-10T17:52:52.759+0000] {dagbag.py:538} INFO - Filling up the DagBag from /home/airflow/.local/lib/python3.8/site-packages/airflow/example_dags/example_trigger_target_dag.py
[2024-02-10T17:52:52.765+0000] {processor.py:840} INFO - DAG(s) 'example_trigger_target_dag' retrieved from /home/airflow/.local/lib/python3.8/site-packages/airflow/example_dags/example_trigger_target_dag.py
[2024-02-10T17:52:52.788+0000] {logging_mixin.py:188} INFO - [2024-02-10T17:52:52.788+0000] {dag.py:3036} INFO - Sync 1 DAGs
[2024-02-10T17:52:52.803+0000] {logging_mixin.py:188} INFO - [2024-02-10T17:52:52.803+0000] {dag.py:3823} INFO - Setting next_dagrun for example_trigger_target_dag to None, run_after=None
[2024-02-10T17:52:52.838+0000] {processor.py:183} INFO - Processing /home/airflow/.local/lib/python3.8/site-packages/airflow/example_dags/example_trigger_target_dag.py took 0.085 seconds
[2024-02-10T17:53:23.202+0000] {processor.py:161} INFO - Started process (PID=1182) to work on /home/airflow/.local/lib/python3.8/site-packages/airflow/example_dags/example_trigger_target_dag.py
[2024-02-10T17:53:23.203+0000] {processor.py:830} INFO - Processing file /home/airflow/.local/lib/python3.8/site-packages/airflow/example_dags/example_trigger_target_dag.py for tasks to queue
[2024-02-10T17:53:23.205+0000] {logging_mixin.py:188} INFO - [2024-02-10T17:53:23.205+0000] {dagbag.py:538} INFO - Filling up the DagBag from /home/airflow/.local/lib/python3.8/site-packages/airflow/example_dags/example_trigger_target_dag.py
[2024-02-10T17:53:23.211+0000] {processor.py:840} INFO - DAG(s) 'example_trigger_target_dag' retrieved from /home/airflow/.local/lib/python3.8/site-packages/airflow/example_dags/example_trigger_target_dag.py
[2024-02-10T17:53:23.234+0000] {logging_mixin.py:188} INFO - [2024-02-10T17:53:23.234+0000] {dag.py:3036} INFO - Sync 1 DAGs
[2024-02-10T17:53:23.249+0000] {logging_mixin.py:188} INFO - [2024-02-10T17:53:23.249+0000] {dag.py:3823} INFO - Setting next_dagrun for example_trigger_target_dag to None, run_after=None
[2024-02-10T17:53:23.274+0000] {processor.py:183} INFO - Processing /home/airflow/.local/lib/python3.8/site-packages/airflow/example_dags/example_trigger_target_dag.py took 0.076 seconds
[2024-02-10T17:53:53.909+0000] {processor.py:161} INFO - Started process (PID=1238) to work on /home/airflow/.local/lib/python3.8/site-packages/airflow/example_dags/example_trigger_target_dag.py
[2024-02-10T17:53:53.910+0000] {processor.py:830} INFO - Processing file /home/airflow/.local/lib/python3.8/site-packages/airflow/example_dags/example_trigger_target_dag.py for tasks to queue
[2024-02-10T17:53:53.912+0000] {logging_mixin.py:188} INFO - [2024-02-10T17:53:53.912+0000] {dagbag.py:538} INFO - Filling up the DagBag from /home/airflow/.local/lib/python3.8/site-packages/airflow/example_dags/example_trigger_target_dag.py
[2024-02-10T17:53:53.918+0000] {processor.py:840} INFO - DAG(s) 'example_trigger_target_dag' retrieved from /home/airflow/.local/lib/python3.8/site-packages/airflow/example_dags/example_trigger_target_dag.py
[2024-02-10T17:53:53.940+0000] {logging_mixin.py:188} INFO - [2024-02-10T17:53:53.939+0000] {dag.py:3036} INFO - Sync 1 DAGs
[2024-02-10T17:53:53.955+0000] {logging_mixin.py:188} INFO - [2024-02-10T17:53:53.954+0000] {dag.py:3823} INFO - Setting next_dagrun for example_trigger_target_dag to None, run_after=None
[2024-02-10T17:53:53.981+0000] {processor.py:183} INFO - Processing /home/airflow/.local/lib/python3.8/site-packages/airflow/example_dags/example_trigger_target_dag.py took 0.075 seconds
[2024-02-10T17:54:24.078+0000] {processor.py:161} INFO - Started process (PID=1294) to work on /home/airflow/.local/lib/python3.8/site-packages/airflow/example_dags/example_trigger_target_dag.py
[2024-02-10T17:54:24.078+0000] {processor.py:830} INFO - Processing file /home/airflow/.local/lib/python3.8/site-packages/airflow/example_dags/example_trigger_target_dag.py for tasks to queue
[2024-02-10T17:54:24.080+0000] {logging_mixin.py:188} INFO - [2024-02-10T17:54:24.080+0000] {dagbag.py:538} INFO - Filling up the DagBag from /home/airflow/.local/lib/python3.8/site-packages/airflow/example_dags/example_trigger_target_dag.py
[2024-02-10T17:54:24.086+0000] {processor.py:840} INFO - DAG(s) 'example_trigger_target_dag' retrieved from /home/airflow/.local/lib/python3.8/site-packages/airflow/example_dags/example_trigger_target_dag.py
[2024-02-10T17:54:24.109+0000] {logging_mixin.py:188} INFO - [2024-02-10T17:54:24.108+0000] {dag.py:3036} INFO - Sync 1 DAGs
[2024-02-10T17:54:24.129+0000] {logging_mixin.py:188} INFO - [2024-02-10T17:54:24.128+0000] {dag.py:3823} INFO - Setting next_dagrun for example_trigger_target_dag to None, run_after=None
[2024-02-10T17:54:24.158+0000] {processor.py:183} INFO - Processing /home/airflow/.local/lib/python3.8/site-packages/airflow/example_dags/example_trigger_target_dag.py took 0.084 seconds
[2024-02-10T17:54:54.372+0000] {processor.py:161} INFO - Started process (PID=1349) to work on /home/airflow/.local/lib/python3.8/site-packages/airflow/example_dags/example_trigger_target_dag.py
[2024-02-10T17:54:54.372+0000] {processor.py:830} INFO - Processing file /home/airflow/.local/lib/python3.8/site-packages/airflow/example_dags/example_trigger_target_dag.py for tasks to queue
[2024-02-10T17:54:54.375+0000] {logging_mixin.py:188} INFO - [2024-02-10T17:54:54.374+0000] {dagbag.py:538} INFO - Filling up the DagBag from /home/airflow/.local/lib/python3.8/site-packages/airflow/example_dags/example_trigger_target_dag.py
[2024-02-10T17:54:54.380+0000] {processor.py:840} INFO - DAG(s) 'example_trigger_target_dag' retrieved from /home/airflow/.local/lib/python3.8/site-packages/airflow/example_dags/example_trigger_target_dag.py
[2024-02-10T17:54:54.401+0000] {logging_mixin.py:188} INFO - [2024-02-10T17:54:54.401+0000] {dag.py:3036} INFO - Sync 1 DAGs
[2024-02-10T17:54:54.414+0000] {logging_mixin.py:188} INFO - [2024-02-10T17:54:54.414+0000] {dag.py:3823} INFO - Setting next_dagrun for example_trigger_target_dag to None, run_after=None
[2024-02-10T17:54:54.437+0000] {processor.py:183} INFO - Processing /home/airflow/.local/lib/python3.8/site-packages/airflow/example_dags/example_trigger_target_dag.py took 0.070 seconds
[2024-02-10T17:55:24.834+0000] {processor.py:161} INFO - Started process (PID=1404) to work on /home/airflow/.local/lib/python3.8/site-packages/airflow/example_dags/example_trigger_target_dag.py
[2024-02-10T17:55:24.835+0000] {processor.py:830} INFO - Processing file /home/airflow/.local/lib/python3.8/site-packages/airflow/example_dags/example_trigger_target_dag.py for tasks to queue
[2024-02-10T17:55:24.836+0000] {logging_mixin.py:188} INFO - [2024-02-10T17:55:24.836+0000] {dagbag.py:538} INFO - Filling up the DagBag from /home/airflow/.local/lib/python3.8/site-packages/airflow/example_dags/example_trigger_target_dag.py
[2024-02-10T17:55:24.842+0000] {processor.py:840} INFO - DAG(s) 'example_trigger_target_dag' retrieved from /home/airflow/.local/lib/python3.8/site-packages/airflow/example_dags/example_trigger_target_dag.py
[2024-02-10T17:55:24.864+0000] {logging_mixin.py:188} INFO - [2024-02-10T17:55:24.864+0000] {dag.py:3036} INFO - Sync 1 DAGs
[2024-02-10T17:55:24.878+0000] {logging_mixin.py:188} INFO - [2024-02-10T17:55:24.878+0000] {dag.py:3823} INFO - Setting next_dagrun for example_trigger_target_dag to None, run_after=None
[2024-02-10T17:55:24.903+0000] {processor.py:183} INFO - Processing /home/airflow/.local/lib/python3.8/site-packages/airflow/example_dags/example_trigger_target_dag.py took 0.072 seconds
[2024-02-10T17:55:55.203+0000] {processor.py:161} INFO - Started process (PID=1460) to work on /home/airflow/.local/lib/python3.8/site-packages/airflow/example_dags/example_trigger_target_dag.py
[2024-02-10T17:55:55.204+0000] {processor.py:830} INFO - Processing file /home/airflow/.local/lib/python3.8/site-packages/airflow/example_dags/example_trigger_target_dag.py for tasks to queue
[2024-02-10T17:55:55.205+0000] {logging_mixin.py:188} INFO - [2024-02-10T17:55:55.205+0000] {dagbag.py:538} INFO - Filling up the DagBag from /home/airflow/.local/lib/python3.8/site-packages/airflow/example_dags/example_trigger_target_dag.py
[2024-02-10T17:55:55.244+0000] {processor.py:840} INFO - DAG(s) 'example_trigger_target_dag' retrieved from /home/airflow/.local/lib/python3.8/site-packages/airflow/example_dags/example_trigger_target_dag.py
[2024-02-10T17:55:55.279+0000] {logging_mixin.py:188} INFO - [2024-02-10T17:55:55.279+0000] {dag.py:3036} INFO - Sync 1 DAGs
[2024-02-10T17:55:55.307+0000] {logging_mixin.py:188} INFO - [2024-02-10T17:55:55.306+0000] {dag.py:3823} INFO - Setting next_dagrun for example_trigger_target_dag to None, run_after=None
[2024-02-10T17:55:55.339+0000] {processor.py:183} INFO - Processing /home/airflow/.local/lib/python3.8/site-packages/airflow/example_dags/example_trigger_target_dag.py took 0.142 seconds
[2024-02-10T17:56:25.780+0000] {processor.py:161} INFO - Started process (PID=1516) to work on /home/airflow/.local/lib/python3.8/site-packages/airflow/example_dags/example_trigger_target_dag.py
[2024-02-10T17:56:25.781+0000] {processor.py:830} INFO - Processing file /home/airflow/.local/lib/python3.8/site-packages/airflow/example_dags/example_trigger_target_dag.py for tasks to queue
[2024-02-10T17:56:25.783+0000] {logging_mixin.py:188} INFO - [2024-02-10T17:56:25.783+0000] {dagbag.py:538} INFO - Filling up the DagBag from /home/airflow/.local/lib/python3.8/site-packages/airflow/example_dags/example_trigger_target_dag.py
[2024-02-10T17:56:25.789+0000] {processor.py:840} INFO - DAG(s) 'example_trigger_target_dag' retrieved from /home/airflow/.local/lib/python3.8/site-packages/airflow/example_dags/example_trigger_target_dag.py
[2024-02-10T17:56:25.811+0000] {logging_mixin.py:188} INFO - [2024-02-10T17:56:25.811+0000] {dag.py:3036} INFO - Sync 1 DAGs
[2024-02-10T17:56:25.825+0000] {logging_mixin.py:188} INFO - [2024-02-10T17:56:25.824+0000] {dag.py:3823} INFO - Setting next_dagrun for example_trigger_target_dag to None, run_after=None
[2024-02-10T17:56:25.849+0000] {processor.py:183} INFO - Processing /home/airflow/.local/lib/python3.8/site-packages/airflow/example_dags/example_trigger_target_dag.py took 0.073 seconds
[2024-02-10T17:56:56.444+0000] {processor.py:161} INFO - Started process (PID=1572) to work on /home/airflow/.local/lib/python3.8/site-packages/airflow/example_dags/example_trigger_target_dag.py
[2024-02-10T17:56:56.445+0000] {processor.py:830} INFO - Processing file /home/airflow/.local/lib/python3.8/site-packages/airflow/example_dags/example_trigger_target_dag.py for tasks to queue
[2024-02-10T17:56:56.446+0000] {logging_mixin.py:188} INFO - [2024-02-10T17:56:56.446+0000] {dagbag.py:538} INFO - Filling up the DagBag from /home/airflow/.local/lib/python3.8/site-packages/airflow/example_dags/example_trigger_target_dag.py
[2024-02-10T17:56:56.454+0000] {processor.py:840} INFO - DAG(s) 'example_trigger_target_dag' retrieved from /home/airflow/.local/lib/python3.8/site-packages/airflow/example_dags/example_trigger_target_dag.py
[2024-02-10T17:56:56.475+0000] {logging_mixin.py:188} INFO - [2024-02-10T17:56:56.474+0000] {dag.py:3036} INFO - Sync 1 DAGs
[2024-02-10T17:56:56.489+0000] {logging_mixin.py:188} INFO - [2024-02-10T17:56:56.489+0000] {dag.py:3823} INFO - Setting next_dagrun for example_trigger_target_dag to None, run_after=None
[2024-02-10T17:56:56.512+0000] {processor.py:183} INFO - Processing /home/airflow/.local/lib/python3.8/site-packages/airflow/example_dags/example_trigger_target_dag.py took 0.072 seconds
[2024-02-10T17:57:26.825+0000] {processor.py:161} INFO - Started process (PID=1627) to work on /home/airflow/.local/lib/python3.8/site-packages/airflow/example_dags/example_trigger_target_dag.py
[2024-02-10T17:57:26.826+0000] {processor.py:830} INFO - Processing file /home/airflow/.local/lib/python3.8/site-packages/airflow/example_dags/example_trigger_target_dag.py for tasks to queue
[2024-02-10T17:57:26.827+0000] {logging_mixin.py:188} INFO - [2024-02-10T17:57:26.827+0000] {dagbag.py:538} INFO - Filling up the DagBag from /home/airflow/.local/lib/python3.8/site-packages/airflow/example_dags/example_trigger_target_dag.py
[2024-02-10T17:57:26.832+0000] {processor.py:840} INFO - DAG(s) 'example_trigger_target_dag' retrieved from /home/airflow/.local/lib/python3.8/site-packages/airflow/example_dags/example_trigger_target_dag.py
[2024-02-10T17:57:26.847+0000] {logging_mixin.py:188} INFO - [2024-02-10T17:57:26.847+0000] {dag.py:3036} INFO - Sync 1 DAGs
[2024-02-10T17:57:26.857+0000] {logging_mixin.py:188} INFO - [2024-02-10T17:57:26.856+0000] {dag.py:3823} INFO - Setting next_dagrun for example_trigger_target_dag to None, run_after=None
[2024-02-10T17:57:26.877+0000] {processor.py:183} INFO - Processing /home/airflow/.local/lib/python3.8/site-packages/airflow/example_dags/example_trigger_target_dag.py took 0.054 seconds
[2024-02-10T17:57:57.395+0000] {processor.py:161} INFO - Started process (PID=1682) to work on /home/airflow/.local/lib/python3.8/site-packages/airflow/example_dags/example_trigger_target_dag.py
[2024-02-10T17:57:57.396+0000] {processor.py:830} INFO - Processing file /home/airflow/.local/lib/python3.8/site-packages/airflow/example_dags/example_trigger_target_dag.py for tasks to queue
[2024-02-10T17:57:57.398+0000] {logging_mixin.py:188} INFO - [2024-02-10T17:57:57.397+0000] {dagbag.py:538} INFO - Filling up the DagBag from /home/airflow/.local/lib/python3.8/site-packages/airflow/example_dags/example_trigger_target_dag.py
[2024-02-10T17:57:57.403+0000] {processor.py:840} INFO - DAG(s) 'example_trigger_target_dag' retrieved from /home/airflow/.local/lib/python3.8/site-packages/airflow/example_dags/example_trigger_target_dag.py
[2024-02-10T17:57:57.425+0000] {logging_mixin.py:188} INFO - [2024-02-10T17:57:57.425+0000] {dag.py:3036} INFO - Sync 1 DAGs
[2024-02-10T17:57:57.438+0000] {logging_mixin.py:188} INFO - [2024-02-10T17:57:57.438+0000] {dag.py:3823} INFO - Setting next_dagrun for example_trigger_target_dag to None, run_after=None
[2024-02-10T17:57:57.464+0000] {processor.py:183} INFO - Processing /home/airflow/.local/lib/python3.8/site-packages/airflow/example_dags/example_trigger_target_dag.py took 0.072 seconds
[2024-02-10T17:58:27.534+0000] {processor.py:161} INFO - Started process (PID=1738) to work on /home/airflow/.local/lib/python3.8/site-packages/airflow/example_dags/example_trigger_target_dag.py
[2024-02-10T17:58:27.535+0000] {processor.py:830} INFO - Processing file /home/airflow/.local/lib/python3.8/site-packages/airflow/example_dags/example_trigger_target_dag.py for tasks to queue
[2024-02-10T17:58:27.537+0000] {logging_mixin.py:188} INFO - [2024-02-10T17:58:27.536+0000] {dagbag.py:538} INFO - Filling up the DagBag from /home/airflow/.local/lib/python3.8/site-packages/airflow/example_dags/example_trigger_target_dag.py
[2024-02-10T17:58:27.543+0000] {processor.py:840} INFO - DAG(s) 'example_trigger_target_dag' retrieved from /home/airflow/.local/lib/python3.8/site-packages/airflow/example_dags/example_trigger_target_dag.py
[2024-02-10T17:58:27.563+0000] {logging_mixin.py:188} INFO - [2024-02-10T17:58:27.563+0000] {dag.py:3036} INFO - Sync 1 DAGs
[2024-02-10T17:58:27.578+0000] {logging_mixin.py:188} INFO - [2024-02-10T17:58:27.578+0000] {dag.py:3823} INFO - Setting next_dagrun for example_trigger_target_dag to None, run_after=None
[2024-02-10T17:58:27.611+0000] {processor.py:183} INFO - Processing /home/airflow/.local/lib/python3.8/site-packages/airflow/example_dags/example_trigger_target_dag.py took 0.081 seconds
[2024-02-10T17:58:58.131+0000] {processor.py:161} INFO - Started process (PID=1793) to work on /home/airflow/.local/lib/python3.8/site-packages/airflow/example_dags/example_trigger_target_dag.py
[2024-02-10T17:58:58.132+0000] {processor.py:830} INFO - Processing file /home/airflow/.local/lib/python3.8/site-packages/airflow/example_dags/example_trigger_target_dag.py for tasks to queue
[2024-02-10T17:58:58.133+0000] {logging_mixin.py:188} INFO - [2024-02-10T17:58:58.133+0000] {dagbag.py:538} INFO - Filling up the DagBag from /home/airflow/.local/lib/python3.8/site-packages/airflow/example_dags/example_trigger_target_dag.py
[2024-02-10T17:58:58.155+0000] {processor.py:840} INFO - DAG(s) 'example_trigger_target_dag' retrieved from /home/airflow/.local/lib/python3.8/site-packages/airflow/example_dags/example_trigger_target_dag.py
[2024-02-10T17:58:58.177+0000] {logging_mixin.py:188} INFO - [2024-02-10T17:58:58.177+0000] {dag.py:3036} INFO - Sync 1 DAGs
[2024-02-10T17:58:58.193+0000] {logging_mixin.py:188} INFO - [2024-02-10T17:58:58.193+0000] {dag.py:3823} INFO - Setting next_dagrun for example_trigger_target_dag to None, run_after=None
[2024-02-10T17:58:58.231+0000] {processor.py:183} INFO - Processing /home/airflow/.local/lib/python3.8/site-packages/airflow/example_dags/example_trigger_target_dag.py took 0.120 seconds
[2024-02-10T17:59:29.018+0000] {processor.py:161} INFO - Started process (PID=1848) to work on /home/airflow/.local/lib/python3.8/site-packages/airflow/example_dags/example_trigger_target_dag.py
[2024-02-10T17:59:29.021+0000] {processor.py:830} INFO - Processing file /home/airflow/.local/lib/python3.8/site-packages/airflow/example_dags/example_trigger_target_dag.py for tasks to queue
[2024-02-10T17:59:29.023+0000] {logging_mixin.py:188} INFO - [2024-02-10T17:59:29.023+0000] {dagbag.py:538} INFO - Filling up the DagBag from /home/airflow/.local/lib/python3.8/site-packages/airflow/example_dags/example_trigger_target_dag.py
[2024-02-10T17:59:29.033+0000] {processor.py:840} INFO - DAG(s) 'example_trigger_target_dag' retrieved from /home/airflow/.local/lib/python3.8/site-packages/airflow/example_dags/example_trigger_target_dag.py
[2024-02-10T17:59:29.075+0000] {logging_mixin.py:188} INFO - [2024-02-10T17:59:29.075+0000] {dag.py:3036} INFO - Sync 1 DAGs
[2024-02-10T17:59:29.100+0000] {logging_mixin.py:188} INFO - [2024-02-10T17:59:29.099+0000] {dag.py:3823} INFO - Setting next_dagrun for example_trigger_target_dag to None, run_after=None
[2024-02-10T17:59:29.128+0000] {processor.py:183} INFO - Processing /home/airflow/.local/lib/python3.8/site-packages/airflow/example_dags/example_trigger_target_dag.py took 0.113 seconds
[2024-02-10T17:59:59.620+0000] {processor.py:161} INFO - Started process (PID=1903) to work on /home/airflow/.local/lib/python3.8/site-packages/airflow/example_dags/example_trigger_target_dag.py
[2024-02-10T17:59:59.621+0000] {processor.py:830} INFO - Processing file /home/airflow/.local/lib/python3.8/site-packages/airflow/example_dags/example_trigger_target_dag.py for tasks to queue
[2024-02-10T17:59:59.623+0000] {logging_mixin.py:188} INFO - [2024-02-10T17:59:59.622+0000] {dagbag.py:538} INFO - Filling up the DagBag from /home/airflow/.local/lib/python3.8/site-packages/airflow/example_dags/example_trigger_target_dag.py
[2024-02-10T17:59:59.629+0000] {processor.py:840} INFO - DAG(s) 'example_trigger_target_dag' retrieved from /home/airflow/.local/lib/python3.8/site-packages/airflow/example_dags/example_trigger_target_dag.py
[2024-02-10T17:59:59.650+0000] {logging_mixin.py:188} INFO - [2024-02-10T17:59:59.650+0000] {dag.py:3036} INFO - Sync 1 DAGs
[2024-02-10T17:59:59.665+0000] {logging_mixin.py:188} INFO - [2024-02-10T17:59:59.665+0000] {dag.py:3823} INFO - Setting next_dagrun for example_trigger_target_dag to None, run_after=None
[2024-02-10T17:59:59.685+0000] {processor.py:183} INFO - Processing /home/airflow/.local/lib/python3.8/site-packages/airflow/example_dags/example_trigger_target_dag.py took 0.069 seconds
[2024-02-10T18:00:29.899+0000] {processor.py:161} INFO - Started process (PID=1958) to work on /home/airflow/.local/lib/python3.8/site-packages/airflow/example_dags/example_trigger_target_dag.py
[2024-02-10T18:00:29.900+0000] {processor.py:830} INFO - Processing file /home/airflow/.local/lib/python3.8/site-packages/airflow/example_dags/example_trigger_target_dag.py for tasks to queue
[2024-02-10T18:00:29.902+0000] {logging_mixin.py:188} INFO - [2024-02-10T18:00:29.902+0000] {dagbag.py:538} INFO - Filling up the DagBag from /home/airflow/.local/lib/python3.8/site-packages/airflow/example_dags/example_trigger_target_dag.py
[2024-02-10T18:00:29.912+0000] {processor.py:840} INFO - DAG(s) 'example_trigger_target_dag' retrieved from /home/airflow/.local/lib/python3.8/site-packages/airflow/example_dags/example_trigger_target_dag.py
[2024-02-10T18:00:29.946+0000] {logging_mixin.py:188} INFO - [2024-02-10T18:00:29.946+0000] {dag.py:3036} INFO - Sync 1 DAGs
[2024-02-10T18:00:29.960+0000] {logging_mixin.py:188} INFO - [2024-02-10T18:00:29.959+0000] {dag.py:3823} INFO - Setting next_dagrun for example_trigger_target_dag to None, run_after=None
[2024-02-10T18:00:29.983+0000] {processor.py:183} INFO - Processing /home/airflow/.local/lib/python3.8/site-packages/airflow/example_dags/example_trigger_target_dag.py took 0.087 seconds
[2024-02-10T18:01:01.083+0000] {processor.py:161} INFO - Started process (PID=2013) to work on /home/airflow/.local/lib/python3.8/site-packages/airflow/example_dags/example_trigger_target_dag.py
[2024-02-10T18:01:01.084+0000] {processor.py:830} INFO - Processing file /home/airflow/.local/lib/python3.8/site-packages/airflow/example_dags/example_trigger_target_dag.py for tasks to queue
[2024-02-10T18:01:01.085+0000] {logging_mixin.py:188} INFO - [2024-02-10T18:01:01.085+0000] {dagbag.py:538} INFO - Filling up the DagBag from /home/airflow/.local/lib/python3.8/site-packages/airflow/example_dags/example_trigger_target_dag.py
[2024-02-10T18:01:01.091+0000] {processor.py:840} INFO - DAG(s) 'example_trigger_target_dag' retrieved from /home/airflow/.local/lib/python3.8/site-packages/airflow/example_dags/example_trigger_target_dag.py
[2024-02-10T18:01:01.111+0000] {logging_mixin.py:188} INFO - [2024-02-10T18:01:01.111+0000] {dag.py:3036} INFO - Sync 1 DAGs
[2024-02-10T18:01:01.126+0000] {logging_mixin.py:188} INFO - [2024-02-10T18:01:01.126+0000] {dag.py:3823} INFO - Setting next_dagrun for example_trigger_target_dag to None, run_after=None
[2024-02-10T18:01:01.156+0000] {processor.py:183} INFO - Processing /home/airflow/.local/lib/python3.8/site-packages/airflow/example_dags/example_trigger_target_dag.py took 0.077 seconds
[2024-02-10T18:01:31.635+0000] {processor.py:161} INFO - Started process (PID=2068) to work on /home/airflow/.local/lib/python3.8/site-packages/airflow/example_dags/example_trigger_target_dag.py
[2024-02-10T18:01:31.636+0000] {processor.py:830} INFO - Processing file /home/airflow/.local/lib/python3.8/site-packages/airflow/example_dags/example_trigger_target_dag.py for tasks to queue
[2024-02-10T18:01:31.637+0000] {logging_mixin.py:188} INFO - [2024-02-10T18:01:31.637+0000] {dagbag.py:538} INFO - Filling up the DagBag from /home/airflow/.local/lib/python3.8/site-packages/airflow/example_dags/example_trigger_target_dag.py
[2024-02-10T18:01:31.644+0000] {processor.py:840} INFO - DAG(s) 'example_trigger_target_dag' retrieved from /home/airflow/.local/lib/python3.8/site-packages/airflow/example_dags/example_trigger_target_dag.py
[2024-02-10T18:01:31.662+0000] {logging_mixin.py:188} INFO - [2024-02-10T18:01:31.662+0000] {dag.py:3036} INFO - Sync 1 DAGs
[2024-02-10T18:01:31.675+0000] {logging_mixin.py:188} INFO - [2024-02-10T18:01:31.675+0000] {dag.py:3823} INFO - Setting next_dagrun for example_trigger_target_dag to None, run_after=None
[2024-02-10T18:01:31.697+0000] {processor.py:183} INFO - Processing /home/airflow/.local/lib/python3.8/site-packages/airflow/example_dags/example_trigger_target_dag.py took 0.066 seconds
[2024-02-10T18:02:01.743+0000] {processor.py:161} INFO - Started process (PID=2123) to work on /home/airflow/.local/lib/python3.8/site-packages/airflow/example_dags/example_trigger_target_dag.py
[2024-02-10T18:02:01.744+0000] {processor.py:830} INFO - Processing file /home/airflow/.local/lib/python3.8/site-packages/airflow/example_dags/example_trigger_target_dag.py for tasks to queue
[2024-02-10T18:02:01.746+0000] {logging_mixin.py:188} INFO - [2024-02-10T18:02:01.745+0000] {dagbag.py:538} INFO - Filling up the DagBag from /home/airflow/.local/lib/python3.8/site-packages/airflow/example_dags/example_trigger_target_dag.py
[2024-02-10T18:02:01.752+0000] {processor.py:840} INFO - DAG(s) 'example_trigger_target_dag' retrieved from /home/airflow/.local/lib/python3.8/site-packages/airflow/example_dags/example_trigger_target_dag.py
[2024-02-10T18:02:01.782+0000] {logging_mixin.py:188} INFO - [2024-02-10T18:02:01.782+0000] {dag.py:3036} INFO - Sync 1 DAGs
[2024-02-10T18:02:01.796+0000] {logging_mixin.py:188} INFO - [2024-02-10T18:02:01.796+0000] {dag.py:3823} INFO - Setting next_dagrun for example_trigger_target_dag to None, run_after=None
[2024-02-10T18:02:01.820+0000] {processor.py:183} INFO - Processing /home/airflow/.local/lib/python3.8/site-packages/airflow/example_dags/example_trigger_target_dag.py took 0.080 seconds
[2024-02-10T18:02:31.945+0000] {processor.py:161} INFO - Started process (PID=2177) to work on /home/airflow/.local/lib/python3.8/site-packages/airflow/example_dags/example_trigger_target_dag.py
[2024-02-10T18:02:31.946+0000] {processor.py:830} INFO - Processing file /home/airflow/.local/lib/python3.8/site-packages/airflow/example_dags/example_trigger_target_dag.py for tasks to queue
[2024-02-10T18:02:31.948+0000] {logging_mixin.py:188} INFO - [2024-02-10T18:02:31.947+0000] {dagbag.py:538} INFO - Filling up the DagBag from /home/airflow/.local/lib/python3.8/site-packages/airflow/example_dags/example_trigger_target_dag.py
[2024-02-10T18:02:31.954+0000] {processor.py:840} INFO - DAG(s) 'example_trigger_target_dag' retrieved from /home/airflow/.local/lib/python3.8/site-packages/airflow/example_dags/example_trigger_target_dag.py
[2024-02-10T18:02:31.975+0000] {logging_mixin.py:188} INFO - [2024-02-10T18:02:31.975+0000] {dag.py:3036} INFO - Sync 1 DAGs
[2024-02-10T18:02:31.990+0000] {logging_mixin.py:188} INFO - [2024-02-10T18:02:31.990+0000] {dag.py:3823} INFO - Setting next_dagrun for example_trigger_target_dag to None, run_after=None
[2024-02-10T18:02:32.013+0000] {processor.py:183} INFO - Processing /home/airflow/.local/lib/python3.8/site-packages/airflow/example_dags/example_trigger_target_dag.py took 0.072 seconds
[2024-02-10T18:03:02.545+0000] {processor.py:161} INFO - Started process (PID=2233) to work on /home/airflow/.local/lib/python3.8/site-packages/airflow/example_dags/example_trigger_target_dag.py
[2024-02-10T18:03:02.546+0000] {processor.py:830} INFO - Processing file /home/airflow/.local/lib/python3.8/site-packages/airflow/example_dags/example_trigger_target_dag.py for tasks to queue
[2024-02-10T18:03:02.548+0000] {logging_mixin.py:188} INFO - [2024-02-10T18:03:02.547+0000] {dagbag.py:538} INFO - Filling up the DagBag from /home/airflow/.local/lib/python3.8/site-packages/airflow/example_dags/example_trigger_target_dag.py
[2024-02-10T18:03:02.553+0000] {processor.py:840} INFO - DAG(s) 'example_trigger_target_dag' retrieved from /home/airflow/.local/lib/python3.8/site-packages/airflow/example_dags/example_trigger_target_dag.py
[2024-02-10T18:03:02.575+0000] {logging_mixin.py:188} INFO - [2024-02-10T18:03:02.575+0000] {dag.py:3036} INFO - Sync 1 DAGs
[2024-02-10T18:03:02.590+0000] {logging_mixin.py:188} INFO - [2024-02-10T18:03:02.590+0000] {dag.py:3823} INFO - Setting next_dagrun for example_trigger_target_dag to None, run_after=None
[2024-02-10T18:03:02.614+0000] {processor.py:183} INFO - Processing /home/airflow/.local/lib/python3.8/site-packages/airflow/example_dags/example_trigger_target_dag.py took 0.073 seconds
[2024-02-10T18:03:32.917+0000] {processor.py:161} INFO - Started process (PID=2288) to work on /home/airflow/.local/lib/python3.8/site-packages/airflow/example_dags/example_trigger_target_dag.py
[2024-02-10T18:03:32.918+0000] {processor.py:830} INFO - Processing file /home/airflow/.local/lib/python3.8/site-packages/airflow/example_dags/example_trigger_target_dag.py for tasks to queue
[2024-02-10T18:03:32.920+0000] {logging_mixin.py:188} INFO - [2024-02-10T18:03:32.919+0000] {dagbag.py:538} INFO - Filling up the DagBag from /home/airflow/.local/lib/python3.8/site-packages/airflow/example_dags/example_trigger_target_dag.py
[2024-02-10T18:03:32.926+0000] {processor.py:840} INFO - DAG(s) 'example_trigger_target_dag' retrieved from /home/airflow/.local/lib/python3.8/site-packages/airflow/example_dags/example_trigger_target_dag.py
[2024-02-10T18:03:32.947+0000] {logging_mixin.py:188} INFO - [2024-02-10T18:03:32.947+0000] {dag.py:3036} INFO - Sync 1 DAGs
[2024-02-10T18:03:32.961+0000] {logging_mixin.py:188} INFO - [2024-02-10T18:03:32.961+0000] {dag.py:3823} INFO - Setting next_dagrun for example_trigger_target_dag to None, run_after=None
[2024-02-10T18:03:32.985+0000] {processor.py:183} INFO - Processing /home/airflow/.local/lib/python3.8/site-packages/airflow/example_dags/example_trigger_target_dag.py took 0.073 seconds
[2024-02-10T18:04:03.259+0000] {processor.py:161} INFO - Started process (PID=2344) to work on /home/airflow/.local/lib/python3.8/site-packages/airflow/example_dags/example_trigger_target_dag.py
[2024-02-10T18:04:03.260+0000] {processor.py:830} INFO - Processing file /home/airflow/.local/lib/python3.8/site-packages/airflow/example_dags/example_trigger_target_dag.py for tasks to queue
[2024-02-10T18:04:03.262+0000] {logging_mixin.py:188} INFO - [2024-02-10T18:04:03.262+0000] {dagbag.py:538} INFO - Filling up the DagBag from /home/airflow/.local/lib/python3.8/site-packages/airflow/example_dags/example_trigger_target_dag.py
[2024-02-10T18:04:03.269+0000] {processor.py:840} INFO - DAG(s) 'example_trigger_target_dag' retrieved from /home/airflow/.local/lib/python3.8/site-packages/airflow/example_dags/example_trigger_target_dag.py
[2024-02-10T18:04:03.290+0000] {logging_mixin.py:188} INFO - [2024-02-10T18:04:03.290+0000] {dag.py:3036} INFO - Sync 1 DAGs
[2024-02-10T18:04:03.303+0000] {logging_mixin.py:188} INFO - [2024-02-10T18:04:03.303+0000] {dag.py:3823} INFO - Setting next_dagrun for example_trigger_target_dag to None, run_after=None
[2024-02-10T18:04:03.333+0000] {processor.py:183} INFO - Processing /home/airflow/.local/lib/python3.8/site-packages/airflow/example_dags/example_trigger_target_dag.py took 0.077 seconds
[2024-02-10T18:04:33.554+0000] {processor.py:161} INFO - Started process (PID=2399) to work on /home/airflow/.local/lib/python3.8/site-packages/airflow/example_dags/example_trigger_target_dag.py
[2024-02-10T18:04:33.555+0000] {processor.py:830} INFO - Processing file /home/airflow/.local/lib/python3.8/site-packages/airflow/example_dags/example_trigger_target_dag.py for tasks to queue
[2024-02-10T18:04:33.557+0000] {logging_mixin.py:188} INFO - [2024-02-10T18:04:33.557+0000] {dagbag.py:538} INFO - Filling up the DagBag from /home/airflow/.local/lib/python3.8/site-packages/airflow/example_dags/example_trigger_target_dag.py
[2024-02-10T18:04:33.563+0000] {processor.py:840} INFO - DAG(s) 'example_trigger_target_dag' retrieved from /home/airflow/.local/lib/python3.8/site-packages/airflow/example_dags/example_trigger_target_dag.py
[2024-02-10T18:04:33.584+0000] {logging_mixin.py:188} INFO - [2024-02-10T18:04:33.584+0000] {dag.py:3036} INFO - Sync 1 DAGs
[2024-02-10T18:04:33.598+0000] {logging_mixin.py:188} INFO - [2024-02-10T18:04:33.598+0000] {dag.py:3823} INFO - Setting next_dagrun for example_trigger_target_dag to None, run_after=None
[2024-02-10T18:04:33.622+0000] {processor.py:183} INFO - Processing /home/airflow/.local/lib/python3.8/site-packages/airflow/example_dags/example_trigger_target_dag.py took 0.071 seconds
[2024-02-10T18:05:04.464+0000] {processor.py:161} INFO - Started process (PID=2454) to work on /home/airflow/.local/lib/python3.8/site-packages/airflow/example_dags/example_trigger_target_dag.py
[2024-02-10T18:05:04.465+0000] {processor.py:830} INFO - Processing file /home/airflow/.local/lib/python3.8/site-packages/airflow/example_dags/example_trigger_target_dag.py for tasks to queue
[2024-02-10T18:05:04.467+0000] {logging_mixin.py:188} INFO - [2024-02-10T18:05:04.467+0000] {dagbag.py:538} INFO - Filling up the DagBag from /home/airflow/.local/lib/python3.8/site-packages/airflow/example_dags/example_trigger_target_dag.py
[2024-02-10T18:05:04.473+0000] {processor.py:840} INFO - DAG(s) 'example_trigger_target_dag' retrieved from /home/airflow/.local/lib/python3.8/site-packages/airflow/example_dags/example_trigger_target_dag.py
[2024-02-10T18:05:04.526+0000] {logging_mixin.py:188} INFO - [2024-02-10T18:05:04.525+0000] {dag.py:3036} INFO - Sync 1 DAGs
[2024-02-10T18:05:04.556+0000] {logging_mixin.py:188} INFO - [2024-02-10T18:05:04.556+0000] {dag.py:3823} INFO - Setting next_dagrun for example_trigger_target_dag to None, run_after=None
[2024-02-10T18:05:04.603+0000] {processor.py:183} INFO - Processing /home/airflow/.local/lib/python3.8/site-packages/airflow/example_dags/example_trigger_target_dag.py took 0.142 seconds
[2024-02-10T18:05:35.125+0000] {processor.py:161} INFO - Started process (PID=2508) to work on /home/airflow/.local/lib/python3.8/site-packages/airflow/example_dags/example_trigger_target_dag.py
[2024-02-10T18:05:35.126+0000] {processor.py:830} INFO - Processing file /home/airflow/.local/lib/python3.8/site-packages/airflow/example_dags/example_trigger_target_dag.py for tasks to queue
[2024-02-10T18:05:35.127+0000] {logging_mixin.py:188} INFO - [2024-02-10T18:05:35.127+0000] {dagbag.py:538} INFO - Filling up the DagBag from /home/airflow/.local/lib/python3.8/site-packages/airflow/example_dags/example_trigger_target_dag.py
[2024-02-10T18:05:35.134+0000] {processor.py:840} INFO - DAG(s) 'example_trigger_target_dag' retrieved from /home/airflow/.local/lib/python3.8/site-packages/airflow/example_dags/example_trigger_target_dag.py
[2024-02-10T18:05:35.155+0000] {logging_mixin.py:188} INFO - [2024-02-10T18:05:35.155+0000] {dag.py:3036} INFO - Sync 1 DAGs
[2024-02-10T18:05:35.185+0000] {logging_mixin.py:188} INFO - [2024-02-10T18:05:35.181+0000] {dag.py:3823} INFO - Setting next_dagrun for example_trigger_target_dag to None, run_after=None
[2024-02-10T18:05:35.236+0000] {processor.py:183} INFO - Processing /home/airflow/.local/lib/python3.8/site-packages/airflow/example_dags/example_trigger_target_dag.py took 0.115 seconds
[2024-02-10T18:06:06.019+0000] {processor.py:161} INFO - Started process (PID=2564) to work on /home/airflow/.local/lib/python3.8/site-packages/airflow/example_dags/example_trigger_target_dag.py
[2024-02-10T18:06:06.020+0000] {processor.py:830} INFO - Processing file /home/airflow/.local/lib/python3.8/site-packages/airflow/example_dags/example_trigger_target_dag.py for tasks to queue
[2024-02-10T18:06:06.022+0000] {logging_mixin.py:188} INFO - [2024-02-10T18:06:06.021+0000] {dagbag.py:538} INFO - Filling up the DagBag from /home/airflow/.local/lib/python3.8/site-packages/airflow/example_dags/example_trigger_target_dag.py
[2024-02-10T18:06:06.028+0000] {processor.py:840} INFO - DAG(s) 'example_trigger_target_dag' retrieved from /home/airflow/.local/lib/python3.8/site-packages/airflow/example_dags/example_trigger_target_dag.py
[2024-02-10T18:06:06.049+0000] {logging_mixin.py:188} INFO - [2024-02-10T18:06:06.049+0000] {dag.py:3036} INFO - Sync 1 DAGs
[2024-02-10T18:06:06.064+0000] {logging_mixin.py:188} INFO - [2024-02-10T18:06:06.064+0000] {dag.py:3823} INFO - Setting next_dagrun for example_trigger_target_dag to None, run_after=None
[2024-02-10T18:06:06.090+0000] {processor.py:183} INFO - Processing /home/airflow/.local/lib/python3.8/site-packages/airflow/example_dags/example_trigger_target_dag.py took 0.076 seconds
[2024-02-10T18:06:36.625+0000] {processor.py:161} INFO - Started process (PID=2619) to work on /home/airflow/.local/lib/python3.8/site-packages/airflow/example_dags/example_trigger_target_dag.py
[2024-02-10T18:06:36.633+0000] {processor.py:830} INFO - Processing file /home/airflow/.local/lib/python3.8/site-packages/airflow/example_dags/example_trigger_target_dag.py for tasks to queue
[2024-02-10T18:06:36.642+0000] {logging_mixin.py:188} INFO - [2024-02-10T18:06:36.637+0000] {dagbag.py:538} INFO - Filling up the DagBag from /home/airflow/.local/lib/python3.8/site-packages/airflow/example_dags/example_trigger_target_dag.py
[2024-02-10T18:06:36.661+0000] {processor.py:840} INFO - DAG(s) 'example_trigger_target_dag' retrieved from /home/airflow/.local/lib/python3.8/site-packages/airflow/example_dags/example_trigger_target_dag.py
[2024-02-10T18:06:36.694+0000] {logging_mixin.py:188} INFO - [2024-02-10T18:06:36.694+0000] {dag.py:3036} INFO - Sync 1 DAGs
[2024-02-10T18:06:36.727+0000] {logging_mixin.py:188} INFO - [2024-02-10T18:06:36.727+0000] {dag.py:3823} INFO - Setting next_dagrun for example_trigger_target_dag to None, run_after=None
[2024-02-10T18:06:36.782+0000] {processor.py:183} INFO - Processing /home/airflow/.local/lib/python3.8/site-packages/airflow/example_dags/example_trigger_target_dag.py took 0.161 seconds
[2024-02-10T18:07:07.095+0000] {processor.py:161} INFO - Started process (PID=2674) to work on /home/airflow/.local/lib/python3.8/site-packages/airflow/example_dags/example_trigger_target_dag.py
[2024-02-10T18:07:07.096+0000] {processor.py:830} INFO - Processing file /home/airflow/.local/lib/python3.8/site-packages/airflow/example_dags/example_trigger_target_dag.py for tasks to queue
[2024-02-10T18:07:07.098+0000] {logging_mixin.py:188} INFO - [2024-02-10T18:07:07.097+0000] {dagbag.py:538} INFO - Filling up the DagBag from /home/airflow/.local/lib/python3.8/site-packages/airflow/example_dags/example_trigger_target_dag.py
[2024-02-10T18:07:07.104+0000] {processor.py:840} INFO - DAG(s) 'example_trigger_target_dag' retrieved from /home/airflow/.local/lib/python3.8/site-packages/airflow/example_dags/example_trigger_target_dag.py
[2024-02-10T18:07:07.127+0000] {logging_mixin.py:188} INFO - [2024-02-10T18:07:07.126+0000] {dag.py:3036} INFO - Sync 1 DAGs
[2024-02-10T18:07:07.290+0000] {logging_mixin.py:188} INFO - [2024-02-10T18:07:07.289+0000] {dag.py:3823} INFO - Setting next_dagrun for example_trigger_target_dag to None, run_after=None
[2024-02-10T18:07:07.317+0000] {processor.py:183} INFO - Processing /home/airflow/.local/lib/python3.8/site-packages/airflow/example_dags/example_trigger_target_dag.py took 0.226 seconds
[2024-02-10T18:07:37.433+0000] {processor.py:161} INFO - Started process (PID=2728) to work on /home/airflow/.local/lib/python3.8/site-packages/airflow/example_dags/example_trigger_target_dag.py
[2024-02-10T18:07:37.436+0000] {processor.py:830} INFO - Processing file /home/airflow/.local/lib/python3.8/site-packages/airflow/example_dags/example_trigger_target_dag.py for tasks to queue
[2024-02-10T18:07:37.437+0000] {logging_mixin.py:188} INFO - [2024-02-10T18:07:37.437+0000] {dagbag.py:538} INFO - Filling up the DagBag from /home/airflow/.local/lib/python3.8/site-packages/airflow/example_dags/example_trigger_target_dag.py
[2024-02-10T18:07:37.452+0000] {processor.py:840} INFO - DAG(s) 'example_trigger_target_dag' retrieved from /home/airflow/.local/lib/python3.8/site-packages/airflow/example_dags/example_trigger_target_dag.py
[2024-02-10T18:07:37.582+0000] {logging_mixin.py:188} INFO - [2024-02-10T18:07:37.581+0000] {dag.py:3036} INFO - Sync 1 DAGs
[2024-02-10T18:07:37.601+0000] {logging_mixin.py:188} INFO - [2024-02-10T18:07:37.601+0000] {dag.py:3823} INFO - Setting next_dagrun for example_trigger_target_dag to None, run_after=None
[2024-02-10T18:07:37.660+0000] {processor.py:183} INFO - Processing /home/airflow/.local/lib/python3.8/site-packages/airflow/example_dags/example_trigger_target_dag.py took 0.247 seconds
[2024-02-10T18:08:08.520+0000] {processor.py:161} INFO - Started process (PID=2783) to work on /home/airflow/.local/lib/python3.8/site-packages/airflow/example_dags/example_trigger_target_dag.py
[2024-02-10T18:08:08.521+0000] {processor.py:830} INFO - Processing file /home/airflow/.local/lib/python3.8/site-packages/airflow/example_dags/example_trigger_target_dag.py for tasks to queue
[2024-02-10T18:08:08.528+0000] {logging_mixin.py:188} INFO - [2024-02-10T18:08:08.527+0000] {dagbag.py:538} INFO - Filling up the DagBag from /home/airflow/.local/lib/python3.8/site-packages/airflow/example_dags/example_trigger_target_dag.py
[2024-02-10T18:08:08.534+0000] {processor.py:840} INFO - DAG(s) 'example_trigger_target_dag' retrieved from /home/airflow/.local/lib/python3.8/site-packages/airflow/example_dags/example_trigger_target_dag.py
[2024-02-10T18:08:08.556+0000] {logging_mixin.py:188} INFO - [2024-02-10T18:08:08.556+0000] {dag.py:3036} INFO - Sync 1 DAGs
[2024-02-10T18:08:08.570+0000] {logging_mixin.py:188} INFO - [2024-02-10T18:08:08.570+0000] {dag.py:3823} INFO - Setting next_dagrun for example_trigger_target_dag to None, run_after=None
[2024-02-10T18:08:08.604+0000] {processor.py:183} INFO - Processing /home/airflow/.local/lib/python3.8/site-packages/airflow/example_dags/example_trigger_target_dag.py took 0.088 seconds
[2024-02-10T18:08:39.053+0000] {processor.py:161} INFO - Started process (PID=2839) to work on /home/airflow/.local/lib/python3.8/site-packages/airflow/example_dags/example_trigger_target_dag.py
[2024-02-10T18:08:39.056+0000] {processor.py:830} INFO - Processing file /home/airflow/.local/lib/python3.8/site-packages/airflow/example_dags/example_trigger_target_dag.py for tasks to queue
[2024-02-10T18:08:39.058+0000] {logging_mixin.py:188} INFO - [2024-02-10T18:08:39.057+0000] {dagbag.py:538} INFO - Filling up the DagBag from /home/airflow/.local/lib/python3.8/site-packages/airflow/example_dags/example_trigger_target_dag.py
[2024-02-10T18:08:39.065+0000] {processor.py:840} INFO - DAG(s) 'example_trigger_target_dag' retrieved from /home/airflow/.local/lib/python3.8/site-packages/airflow/example_dags/example_trigger_target_dag.py
[2024-02-10T18:08:39.087+0000] {logging_mixin.py:188} INFO - [2024-02-10T18:08:39.086+0000] {dag.py:3036} INFO - Sync 1 DAGs
[2024-02-10T18:08:39.101+0000] {logging_mixin.py:188} INFO - [2024-02-10T18:08:39.101+0000] {dag.py:3823} INFO - Setting next_dagrun for example_trigger_target_dag to None, run_after=None
[2024-02-10T18:08:39.133+0000] {processor.py:183} INFO - Processing /home/airflow/.local/lib/python3.8/site-packages/airflow/example_dags/example_trigger_target_dag.py took 0.088 seconds
[2024-02-10T18:09:09.496+0000] {processor.py:161} INFO - Started process (PID=2895) to work on /home/airflow/.local/lib/python3.8/site-packages/airflow/example_dags/example_trigger_target_dag.py
[2024-02-10T18:09:09.500+0000] {processor.py:830} INFO - Processing file /home/airflow/.local/lib/python3.8/site-packages/airflow/example_dags/example_trigger_target_dag.py for tasks to queue
[2024-02-10T18:09:09.502+0000] {logging_mixin.py:188} INFO - [2024-02-10T18:09:09.502+0000] {dagbag.py:538} INFO - Filling up the DagBag from /home/airflow/.local/lib/python3.8/site-packages/airflow/example_dags/example_trigger_target_dag.py
[2024-02-10T18:09:09.514+0000] {processor.py:840} INFO - DAG(s) 'example_trigger_target_dag' retrieved from /home/airflow/.local/lib/python3.8/site-packages/airflow/example_dags/example_trigger_target_dag.py
[2024-02-10T18:09:09.583+0000] {logging_mixin.py:188} INFO - [2024-02-10T18:09:09.582+0000] {dag.py:3036} INFO - Sync 1 DAGs
[2024-02-10T18:09:09.611+0000] {logging_mixin.py:188} INFO - [2024-02-10T18:09:09.611+0000] {dag.py:3823} INFO - Setting next_dagrun for example_trigger_target_dag to None, run_after=None
[2024-02-10T18:09:09.653+0000] {processor.py:183} INFO - Processing /home/airflow/.local/lib/python3.8/site-packages/airflow/example_dags/example_trigger_target_dag.py took 0.166 seconds
[2024-02-10T18:09:39.988+0000] {processor.py:161} INFO - Started process (PID=2951) to work on /home/airflow/.local/lib/python3.8/site-packages/airflow/example_dags/example_trigger_target_dag.py
[2024-02-10T18:09:39.989+0000] {processor.py:830} INFO - Processing file /home/airflow/.local/lib/python3.8/site-packages/airflow/example_dags/example_trigger_target_dag.py for tasks to queue
[2024-02-10T18:09:39.991+0000] {logging_mixin.py:188} INFO - [2024-02-10T18:09:39.990+0000] {dagbag.py:538} INFO - Filling up the DagBag from /home/airflow/.local/lib/python3.8/site-packages/airflow/example_dags/example_trigger_target_dag.py
[2024-02-10T18:09:39.997+0000] {processor.py:840} INFO - DAG(s) 'example_trigger_target_dag' retrieved from /home/airflow/.local/lib/python3.8/site-packages/airflow/example_dags/example_trigger_target_dag.py
[2024-02-10T18:09:40.019+0000] {logging_mixin.py:188} INFO - [2024-02-10T18:09:40.018+0000] {dag.py:3036} INFO - Sync 1 DAGs
[2024-02-10T18:09:40.033+0000] {logging_mixin.py:188} INFO - [2024-02-10T18:09:40.032+0000] {dag.py:3823} INFO - Setting next_dagrun for example_trigger_target_dag to None, run_after=None
[2024-02-10T18:09:40.056+0000] {processor.py:183} INFO - Processing /home/airflow/.local/lib/python3.8/site-packages/airflow/example_dags/example_trigger_target_dag.py took 0.071 seconds
[2024-02-10T18:10:10.606+0000] {processor.py:161} INFO - Started process (PID=3005) to work on /home/airflow/.local/lib/python3.8/site-packages/airflow/example_dags/example_trigger_target_dag.py
[2024-02-10T18:10:10.607+0000] {processor.py:830} INFO - Processing file /home/airflow/.local/lib/python3.8/site-packages/airflow/example_dags/example_trigger_target_dag.py for tasks to queue
[2024-02-10T18:10:10.609+0000] {logging_mixin.py:188} INFO - [2024-02-10T18:10:10.608+0000] {dagbag.py:538} INFO - Filling up the DagBag from /home/airflow/.local/lib/python3.8/site-packages/airflow/example_dags/example_trigger_target_dag.py
[2024-02-10T18:10:10.616+0000] {processor.py:840} INFO - DAG(s) 'example_trigger_target_dag' retrieved from /home/airflow/.local/lib/python3.8/site-packages/airflow/example_dags/example_trigger_target_dag.py
[2024-02-10T18:10:10.637+0000] {logging_mixin.py:188} INFO - [2024-02-10T18:10:10.636+0000] {dag.py:3036} INFO - Sync 1 DAGs
[2024-02-10T18:10:10.655+0000] {logging_mixin.py:188} INFO - [2024-02-10T18:10:10.654+0000] {dag.py:3823} INFO - Setting next_dagrun for example_trigger_target_dag to None, run_after=None
[2024-02-10T18:10:10.696+0000] {processor.py:183} INFO - Processing /home/airflow/.local/lib/python3.8/site-packages/airflow/example_dags/example_trigger_target_dag.py took 0.097 seconds
[2024-02-10T18:10:41.666+0000] {processor.py:161} INFO - Started process (PID=3060) to work on /home/airflow/.local/lib/python3.8/site-packages/airflow/example_dags/example_trigger_target_dag.py
[2024-02-10T18:10:41.667+0000] {processor.py:830} INFO - Processing file /home/airflow/.local/lib/python3.8/site-packages/airflow/example_dags/example_trigger_target_dag.py for tasks to queue
[2024-02-10T18:10:41.669+0000] {logging_mixin.py:188} INFO - [2024-02-10T18:10:41.668+0000] {dagbag.py:538} INFO - Filling up the DagBag from /home/airflow/.local/lib/python3.8/site-packages/airflow/example_dags/example_trigger_target_dag.py
[2024-02-10T18:10:41.692+0000] {processor.py:840} INFO - DAG(s) 'example_trigger_target_dag' retrieved from /home/airflow/.local/lib/python3.8/site-packages/airflow/example_dags/example_trigger_target_dag.py
[2024-02-10T18:10:41.736+0000] {logging_mixin.py:188} INFO - [2024-02-10T18:10:41.736+0000] {dag.py:3036} INFO - Sync 1 DAGs
[2024-02-10T18:10:41.767+0000] {logging_mixin.py:188} INFO - [2024-02-10T18:10:41.767+0000] {dag.py:3823} INFO - Setting next_dagrun for example_trigger_target_dag to None, run_after=None
[2024-02-10T18:10:41.796+0000] {processor.py:183} INFO - Processing /home/airflow/.local/lib/python3.8/site-packages/airflow/example_dags/example_trigger_target_dag.py took 0.132 seconds
[2024-02-10T18:11:12.323+0000] {processor.py:161} INFO - Started process (PID=3114) to work on /home/airflow/.local/lib/python3.8/site-packages/airflow/example_dags/example_trigger_target_dag.py
[2024-02-10T18:11:12.324+0000] {processor.py:830} INFO - Processing file /home/airflow/.local/lib/python3.8/site-packages/airflow/example_dags/example_trigger_target_dag.py for tasks to queue
[2024-02-10T18:11:12.326+0000] {logging_mixin.py:188} INFO - [2024-02-10T18:11:12.325+0000] {dagbag.py:538} INFO - Filling up the DagBag from /home/airflow/.local/lib/python3.8/site-packages/airflow/example_dags/example_trigger_target_dag.py
[2024-02-10T18:11:12.332+0000] {processor.py:840} INFO - DAG(s) 'example_trigger_target_dag' retrieved from /home/airflow/.local/lib/python3.8/site-packages/airflow/example_dags/example_trigger_target_dag.py
[2024-02-10T18:11:12.351+0000] {logging_mixin.py:188} INFO - [2024-02-10T18:11:12.351+0000] {dag.py:3036} INFO - Sync 1 DAGs
[2024-02-10T18:11:12.365+0000] {logging_mixin.py:188} INFO - [2024-02-10T18:11:12.365+0000] {dag.py:3823} INFO - Setting next_dagrun for example_trigger_target_dag to None, run_after=None
[2024-02-10T18:11:12.388+0000] {processor.py:183} INFO - Processing /home/airflow/.local/lib/python3.8/site-packages/airflow/example_dags/example_trigger_target_dag.py took 0.067 seconds
[2024-02-10T18:11:42.833+0000] {processor.py:161} INFO - Started process (PID=3170) to work on /home/airflow/.local/lib/python3.8/site-packages/airflow/example_dags/example_trigger_target_dag.py
[2024-02-10T18:11:42.835+0000] {processor.py:830} INFO - Processing file /home/airflow/.local/lib/python3.8/site-packages/airflow/example_dags/example_trigger_target_dag.py for tasks to queue
[2024-02-10T18:11:42.840+0000] {logging_mixin.py:188} INFO - [2024-02-10T18:11:42.840+0000] {dagbag.py:538} INFO - Filling up the DagBag from /home/airflow/.local/lib/python3.8/site-packages/airflow/example_dags/example_trigger_target_dag.py
[2024-02-10T18:11:42.863+0000] {processor.py:840} INFO - DAG(s) 'example_trigger_target_dag' retrieved from /home/airflow/.local/lib/python3.8/site-packages/airflow/example_dags/example_trigger_target_dag.py
[2024-02-10T18:11:42.889+0000] {logging_mixin.py:188} INFO - [2024-02-10T18:11:42.888+0000] {dag.py:3036} INFO - Sync 1 DAGs
[2024-02-10T18:11:42.904+0000] {logging_mixin.py:188} INFO - [2024-02-10T18:11:42.903+0000] {dag.py:3823} INFO - Setting next_dagrun for example_trigger_target_dag to None, run_after=None
[2024-02-10T18:11:42.930+0000] {processor.py:183} INFO - Processing /home/airflow/.local/lib/python3.8/site-packages/airflow/example_dags/example_trigger_target_dag.py took 0.100 seconds
[2024-02-10T18:12:13.464+0000] {processor.py:161} INFO - Started process (PID=3225) to work on /home/airflow/.local/lib/python3.8/site-packages/airflow/example_dags/example_trigger_target_dag.py
[2024-02-10T18:12:13.466+0000] {processor.py:830} INFO - Processing file /home/airflow/.local/lib/python3.8/site-packages/airflow/example_dags/example_trigger_target_dag.py for tasks to queue
[2024-02-10T18:12:13.468+0000] {logging_mixin.py:188} INFO - [2024-02-10T18:12:13.467+0000] {dagbag.py:538} INFO - Filling up the DagBag from /home/airflow/.local/lib/python3.8/site-packages/airflow/example_dags/example_trigger_target_dag.py
[2024-02-10T18:12:13.474+0000] {processor.py:840} INFO - DAG(s) 'example_trigger_target_dag' retrieved from /home/airflow/.local/lib/python3.8/site-packages/airflow/example_dags/example_trigger_target_dag.py
[2024-02-10T18:12:13.506+0000] {logging_mixin.py:188} INFO - [2024-02-10T18:12:13.506+0000] {dag.py:3036} INFO - Sync 1 DAGs
[2024-02-10T18:12:13.529+0000] {logging_mixin.py:188} INFO - [2024-02-10T18:12:13.529+0000] {dag.py:3823} INFO - Setting next_dagrun for example_trigger_target_dag to None, run_after=None
[2024-02-10T18:12:13.562+0000] {processor.py:183} INFO - Processing /home/airflow/.local/lib/python3.8/site-packages/airflow/example_dags/example_trigger_target_dag.py took 0.103 seconds
[2024-02-10T18:12:43.768+0000] {processor.py:161} INFO - Started process (PID=3281) to work on /home/airflow/.local/lib/python3.8/site-packages/airflow/example_dags/example_trigger_target_dag.py
[2024-02-10T18:12:43.768+0000] {processor.py:830} INFO - Processing file /home/airflow/.local/lib/python3.8/site-packages/airflow/example_dags/example_trigger_target_dag.py for tasks to queue
[2024-02-10T18:12:43.770+0000] {logging_mixin.py:188} INFO - [2024-02-10T18:12:43.770+0000] {dagbag.py:538} INFO - Filling up the DagBag from /home/airflow/.local/lib/python3.8/site-packages/airflow/example_dags/example_trigger_target_dag.py
[2024-02-10T18:12:43.777+0000] {processor.py:840} INFO - DAG(s) 'example_trigger_target_dag' retrieved from /home/airflow/.local/lib/python3.8/site-packages/airflow/example_dags/example_trigger_target_dag.py
[2024-02-10T18:12:43.798+0000] {logging_mixin.py:188} INFO - [2024-02-10T18:12:43.797+0000] {dag.py:3036} INFO - Sync 1 DAGs
[2024-02-10T18:12:43.819+0000] {logging_mixin.py:188} INFO - [2024-02-10T18:12:43.819+0000] {dag.py:3823} INFO - Setting next_dagrun for example_trigger_target_dag to None, run_after=None
[2024-02-10T18:12:43.843+0000] {processor.py:183} INFO - Processing /home/airflow/.local/lib/python3.8/site-packages/airflow/example_dags/example_trigger_target_dag.py took 0.080 seconds
[2024-02-10T18:13:14.360+0000] {processor.py:161} INFO - Started process (PID=3336) to work on /home/airflow/.local/lib/python3.8/site-packages/airflow/example_dags/example_trigger_target_dag.py
[2024-02-10T18:13:14.361+0000] {processor.py:830} INFO - Processing file /home/airflow/.local/lib/python3.8/site-packages/airflow/example_dags/example_trigger_target_dag.py for tasks to queue
[2024-02-10T18:13:14.363+0000] {logging_mixin.py:188} INFO - [2024-02-10T18:13:14.362+0000] {dagbag.py:538} INFO - Filling up the DagBag from /home/airflow/.local/lib/python3.8/site-packages/airflow/example_dags/example_trigger_target_dag.py
[2024-02-10T18:13:14.369+0000] {processor.py:840} INFO - DAG(s) 'example_trigger_target_dag' retrieved from /home/airflow/.local/lib/python3.8/site-packages/airflow/example_dags/example_trigger_target_dag.py
[2024-02-10T18:13:14.391+0000] {logging_mixin.py:188} INFO - [2024-02-10T18:13:14.390+0000] {dag.py:3036} INFO - Sync 1 DAGs
[2024-02-10T18:13:14.407+0000] {logging_mixin.py:188} INFO - [2024-02-10T18:13:14.407+0000] {dag.py:3823} INFO - Setting next_dagrun for example_trigger_target_dag to None, run_after=None
[2024-02-10T18:13:14.434+0000] {processor.py:183} INFO - Processing /home/airflow/.local/lib/python3.8/site-packages/airflow/example_dags/example_trigger_target_dag.py took 0.078 seconds
[2024-02-10T18:13:44.686+0000] {processor.py:161} INFO - Started process (PID=3392) to work on /home/airflow/.local/lib/python3.8/site-packages/airflow/example_dags/example_trigger_target_dag.py
[2024-02-10T18:13:44.687+0000] {processor.py:830} INFO - Processing file /home/airflow/.local/lib/python3.8/site-packages/airflow/example_dags/example_trigger_target_dag.py for tasks to queue
[2024-02-10T18:13:44.691+0000] {logging_mixin.py:188} INFO - [2024-02-10T18:13:44.690+0000] {dagbag.py:538} INFO - Filling up the DagBag from /home/airflow/.local/lib/python3.8/site-packages/airflow/example_dags/example_trigger_target_dag.py
[2024-02-10T18:13:44.710+0000] {processor.py:840} INFO - DAG(s) 'example_trigger_target_dag' retrieved from /home/airflow/.local/lib/python3.8/site-packages/airflow/example_dags/example_trigger_target_dag.py
[2024-02-10T18:13:44.754+0000] {logging_mixin.py:188} INFO - [2024-02-10T18:13:44.746+0000] {dag.py:3036} INFO - Sync 1 DAGs
[2024-02-10T18:13:44.789+0000] {logging_mixin.py:188} INFO - [2024-02-10T18:13:44.788+0000] {dag.py:3823} INFO - Setting next_dagrun for example_trigger_target_dag to None, run_after=None
[2024-02-10T18:13:44.824+0000] {processor.py:183} INFO - Processing /home/airflow/.local/lib/python3.8/site-packages/airflow/example_dags/example_trigger_target_dag.py took 0.142 seconds
[2024-02-10T18:14:15.758+0000] {processor.py:161} INFO - Started process (PID=3447) to work on /home/airflow/.local/lib/python3.8/site-packages/airflow/example_dags/example_trigger_target_dag.py
[2024-02-10T18:14:15.759+0000] {processor.py:830} INFO - Processing file /home/airflow/.local/lib/python3.8/site-packages/airflow/example_dags/example_trigger_target_dag.py for tasks to queue
[2024-02-10T18:14:15.761+0000] {logging_mixin.py:188} INFO - [2024-02-10T18:14:15.761+0000] {dagbag.py:538} INFO - Filling up the DagBag from /home/airflow/.local/lib/python3.8/site-packages/airflow/example_dags/example_trigger_target_dag.py
[2024-02-10T18:14:15.767+0000] {processor.py:840} INFO - DAG(s) 'example_trigger_target_dag' retrieved from /home/airflow/.local/lib/python3.8/site-packages/airflow/example_dags/example_trigger_target_dag.py
[2024-02-10T18:14:15.814+0000] {logging_mixin.py:188} INFO - [2024-02-10T18:14:15.814+0000] {dag.py:3036} INFO - Sync 1 DAGs
[2024-02-10T18:14:15.832+0000] {logging_mixin.py:188} INFO - [2024-02-10T18:14:15.832+0000] {dag.py:3823} INFO - Setting next_dagrun for example_trigger_target_dag to None, run_after=None
[2024-02-10T18:14:15.881+0000] {processor.py:183} INFO - Processing /home/airflow/.local/lib/python3.8/site-packages/airflow/example_dags/example_trigger_target_dag.py took 0.140 seconds
[2024-02-10T18:14:46.047+0000] {processor.py:161} INFO - Started process (PID=3502) to work on /home/airflow/.local/lib/python3.8/site-packages/airflow/example_dags/example_trigger_target_dag.py
[2024-02-10T18:14:46.048+0000] {processor.py:830} INFO - Processing file /home/airflow/.local/lib/python3.8/site-packages/airflow/example_dags/example_trigger_target_dag.py for tasks to queue
[2024-02-10T18:14:46.050+0000] {logging_mixin.py:188} INFO - [2024-02-10T18:14:46.050+0000] {dagbag.py:538} INFO - Filling up the DagBag from /home/airflow/.local/lib/python3.8/site-packages/airflow/example_dags/example_trigger_target_dag.py
[2024-02-10T18:14:46.064+0000] {processor.py:840} INFO - DAG(s) 'example_trigger_target_dag' retrieved from /home/airflow/.local/lib/python3.8/site-packages/airflow/example_dags/example_trigger_target_dag.py
[2024-02-10T18:14:46.089+0000] {logging_mixin.py:188} INFO - [2024-02-10T18:14:46.089+0000] {dag.py:3036} INFO - Sync 1 DAGs
[2024-02-10T18:14:46.104+0000] {logging_mixin.py:188} INFO - [2024-02-10T18:14:46.104+0000] {dag.py:3823} INFO - Setting next_dagrun for example_trigger_target_dag to None, run_after=None
[2024-02-10T18:14:46.132+0000] {processor.py:183} INFO - Processing /home/airflow/.local/lib/python3.8/site-packages/airflow/example_dags/example_trigger_target_dag.py took 0.088 seconds
[2024-02-10T18:15:16.508+0000] {processor.py:161} INFO - Started process (PID=3557) to work on /home/airflow/.local/lib/python3.8/site-packages/airflow/example_dags/example_trigger_target_dag.py
[2024-02-10T18:15:16.509+0000] {processor.py:830} INFO - Processing file /home/airflow/.local/lib/python3.8/site-packages/airflow/example_dags/example_trigger_target_dag.py for tasks to queue
[2024-02-10T18:15:16.510+0000] {logging_mixin.py:188} INFO - [2024-02-10T18:15:16.510+0000] {dagbag.py:538} INFO - Filling up the DagBag from /home/airflow/.local/lib/python3.8/site-packages/airflow/example_dags/example_trigger_target_dag.py
[2024-02-10T18:15:16.517+0000] {processor.py:840} INFO - DAG(s) 'example_trigger_target_dag' retrieved from /home/airflow/.local/lib/python3.8/site-packages/airflow/example_dags/example_trigger_target_dag.py
[2024-02-10T18:15:16.538+0000] {logging_mixin.py:188} INFO - [2024-02-10T18:15:16.538+0000] {dag.py:3036} INFO - Sync 1 DAGs
[2024-02-10T18:15:16.552+0000] {logging_mixin.py:188} INFO - [2024-02-10T18:15:16.552+0000] {dag.py:3823} INFO - Setting next_dagrun for example_trigger_target_dag to None, run_after=None
[2024-02-10T18:15:16.585+0000] {processor.py:183} INFO - Processing /home/airflow/.local/lib/python3.8/site-packages/airflow/example_dags/example_trigger_target_dag.py took 0.081 seconds
[2024-02-10T18:15:47.074+0000] {processor.py:161} INFO - Started process (PID=3612) to work on /home/airflow/.local/lib/python3.8/site-packages/airflow/example_dags/example_trigger_target_dag.py
[2024-02-10T18:15:47.080+0000] {processor.py:830} INFO - Processing file /home/airflow/.local/lib/python3.8/site-packages/airflow/example_dags/example_trigger_target_dag.py for tasks to queue
[2024-02-10T18:15:47.083+0000] {logging_mixin.py:188} INFO - [2024-02-10T18:15:47.082+0000] {dagbag.py:538} INFO - Filling up the DagBag from /home/airflow/.local/lib/python3.8/site-packages/airflow/example_dags/example_trigger_target_dag.py
[2024-02-10T18:15:47.094+0000] {processor.py:840} INFO - DAG(s) 'example_trigger_target_dag' retrieved from /home/airflow/.local/lib/python3.8/site-packages/airflow/example_dags/example_trigger_target_dag.py
[2024-02-10T18:15:47.147+0000] {logging_mixin.py:188} INFO - [2024-02-10T18:15:47.146+0000] {dag.py:3036} INFO - Sync 1 DAGs
[2024-02-10T18:15:47.171+0000] {logging_mixin.py:188} INFO - [2024-02-10T18:15:47.171+0000] {dag.py:3823} INFO - Setting next_dagrun for example_trigger_target_dag to None, run_after=None
[2024-02-10T18:15:47.214+0000] {processor.py:183} INFO - Processing /home/airflow/.local/lib/python3.8/site-packages/airflow/example_dags/example_trigger_target_dag.py took 0.146 seconds
