[2024-02-10T17:43:04.460+0000] {processor.py:161} INFO - Started process (PID=57) to work on /home/airflow/.local/lib/python3.8/site-packages/airflow/example_dags/example_latest_only_with_trigger.py
[2024-02-10T17:43:04.461+0000] {processor.py:830} INFO - Processing file /home/airflow/.local/lib/python3.8/site-packages/airflow/example_dags/example_latest_only_with_trigger.py for tasks to queue
[2024-02-10T17:43:04.470+0000] {logging_mixin.py:188} INFO - [2024-02-10T17:43:04.469+0000] {dagbag.py:538} INFO - Filling up the DagBag from /home/airflow/.local/lib/python3.8/site-packages/airflow/example_dags/example_latest_only_with_trigger.py
[2024-02-10T17:43:04.499+0000] {processor.py:840} INFO - DAG(s) 'latest_only_with_trigger' retrieved from /home/airflow/.local/lib/python3.8/site-packages/airflow/example_dags/example_latest_only_with_trigger.py
[2024-02-10T17:43:05.119+0000] {logging_mixin.py:188} INFO - [2024-02-10T17:43:05.118+0000] {dag.py:3036} INFO - Sync 1 DAGs
[2024-02-10T17:43:05.219+0000] {logging_mixin.py:188} INFO - [2024-02-10T17:43:05.219+0000] {dag.py:3823} INFO - Setting next_dagrun for latest_only_with_trigger to 2024-02-10 12:00:00+00:00, run_after=2024-02-10 16:00:00+00:00
[2024-02-10T17:43:05.337+0000] {processor.py:183} INFO - Processing /home/airflow/.local/lib/python3.8/site-packages/airflow/example_dags/example_latest_only_with_trigger.py took 0.881 seconds
[2024-02-10T17:43:36.038+0000] {processor.py:161} INFO - Started process (PID=112) to work on /home/airflow/.local/lib/python3.8/site-packages/airflow/example_dags/example_latest_only_with_trigger.py
[2024-02-10T17:43:36.039+0000] {processor.py:830} INFO - Processing file /home/airflow/.local/lib/python3.8/site-packages/airflow/example_dags/example_latest_only_with_trigger.py for tasks to queue
[2024-02-10T17:43:36.040+0000] {logging_mixin.py:188} INFO - [2024-02-10T17:43:36.040+0000] {dagbag.py:538} INFO - Filling up the DagBag from /home/airflow/.local/lib/python3.8/site-packages/airflow/example_dags/example_latest_only_with_trigger.py
[2024-02-10T17:43:36.048+0000] {processor.py:840} INFO - DAG(s) 'latest_only_with_trigger' retrieved from /home/airflow/.local/lib/python3.8/site-packages/airflow/example_dags/example_latest_only_with_trigger.py
[2024-02-10T17:43:36.070+0000] {logging_mixin.py:188} INFO - [2024-02-10T17:43:36.070+0000] {dag.py:3036} INFO - Sync 1 DAGs
[2024-02-10T17:43:36.093+0000] {logging_mixin.py:188} INFO - [2024-02-10T17:43:36.093+0000] {dag.py:3823} INFO - Setting next_dagrun for latest_only_with_trigger to 2024-02-10 12:00:00+00:00, run_after=2024-02-10 16:00:00+00:00
[2024-02-10T17:43:36.117+0000] {processor.py:183} INFO - Processing /home/airflow/.local/lib/python3.8/site-packages/airflow/example_dags/example_latest_only_with_trigger.py took 0.083 seconds
[2024-02-10T17:44:06.466+0000] {processor.py:161} INFO - Started process (PID=167) to work on /home/airflow/.local/lib/python3.8/site-packages/airflow/example_dags/example_latest_only_with_trigger.py
[2024-02-10T17:44:06.467+0000] {processor.py:830} INFO - Processing file /home/airflow/.local/lib/python3.8/site-packages/airflow/example_dags/example_latest_only_with_trigger.py for tasks to queue
[2024-02-10T17:44:06.468+0000] {logging_mixin.py:188} INFO - [2024-02-10T17:44:06.468+0000] {dagbag.py:538} INFO - Filling up the DagBag from /home/airflow/.local/lib/python3.8/site-packages/airflow/example_dags/example_latest_only_with_trigger.py
[2024-02-10T17:44:06.475+0000] {processor.py:840} INFO - DAG(s) 'latest_only_with_trigger' retrieved from /home/airflow/.local/lib/python3.8/site-packages/airflow/example_dags/example_latest_only_with_trigger.py
[2024-02-10T17:44:06.515+0000] {logging_mixin.py:188} INFO - [2024-02-10T17:44:06.514+0000] {dag.py:3036} INFO - Sync 1 DAGs
[2024-02-10T17:44:06.542+0000] {logging_mixin.py:188} INFO - [2024-02-10T17:44:06.542+0000] {dag.py:3823} INFO - Setting next_dagrun for latest_only_with_trigger to 2024-02-10 12:00:00+00:00, run_after=2024-02-10 16:00:00+00:00
[2024-02-10T17:44:06.566+0000] {processor.py:183} INFO - Processing /home/airflow/.local/lib/python3.8/site-packages/airflow/example_dags/example_latest_only_with_trigger.py took 0.108 seconds
[2024-02-10T17:44:37.034+0000] {processor.py:161} INFO - Started process (PID=222) to work on /home/airflow/.local/lib/python3.8/site-packages/airflow/example_dags/example_latest_only_with_trigger.py
[2024-02-10T17:44:37.035+0000] {processor.py:830} INFO - Processing file /home/airflow/.local/lib/python3.8/site-packages/airflow/example_dags/example_latest_only_with_trigger.py for tasks to queue
[2024-02-10T17:44:37.037+0000] {logging_mixin.py:188} INFO - [2024-02-10T17:44:37.036+0000] {dagbag.py:538} INFO - Filling up the DagBag from /home/airflow/.local/lib/python3.8/site-packages/airflow/example_dags/example_latest_only_with_trigger.py
[2024-02-10T17:44:37.043+0000] {processor.py:840} INFO - DAG(s) 'latest_only_with_trigger' retrieved from /home/airflow/.local/lib/python3.8/site-packages/airflow/example_dags/example_latest_only_with_trigger.py
[2024-02-10T17:44:37.068+0000] {logging_mixin.py:188} INFO - [2024-02-10T17:44:37.068+0000] {dag.py:3036} INFO - Sync 1 DAGs
[2024-02-10T17:44:37.134+0000] {logging_mixin.py:188} INFO - [2024-02-10T17:44:37.134+0000] {dag.py:3823} INFO - Setting next_dagrun for latest_only_with_trigger to 2024-02-10 12:00:00+00:00, run_after=2024-02-10 16:00:00+00:00
[2024-02-10T17:44:37.176+0000] {processor.py:183} INFO - Processing /home/airflow/.local/lib/python3.8/site-packages/airflow/example_dags/example_latest_only_with_trigger.py took 0.146 seconds
[2024-02-10T17:45:07.646+0000] {processor.py:161} INFO - Started process (PID=277) to work on /home/airflow/.local/lib/python3.8/site-packages/airflow/example_dags/example_latest_only_with_trigger.py
[2024-02-10T17:45:07.647+0000] {processor.py:830} INFO - Processing file /home/airflow/.local/lib/python3.8/site-packages/airflow/example_dags/example_latest_only_with_trigger.py for tasks to queue
[2024-02-10T17:45:07.649+0000] {logging_mixin.py:188} INFO - [2024-02-10T17:45:07.649+0000] {dagbag.py:538} INFO - Filling up the DagBag from /home/airflow/.local/lib/python3.8/site-packages/airflow/example_dags/example_latest_only_with_trigger.py
[2024-02-10T17:45:07.655+0000] {processor.py:840} INFO - DAG(s) 'latest_only_with_trigger' retrieved from /home/airflow/.local/lib/python3.8/site-packages/airflow/example_dags/example_latest_only_with_trigger.py
[2024-02-10T17:45:07.684+0000] {logging_mixin.py:188} INFO - [2024-02-10T17:45:07.684+0000] {dag.py:3036} INFO - Sync 1 DAGs
[2024-02-10T17:45:07.708+0000] {logging_mixin.py:188} INFO - [2024-02-10T17:45:07.707+0000] {dag.py:3823} INFO - Setting next_dagrun for latest_only_with_trigger to 2024-02-10 12:00:00+00:00, run_after=2024-02-10 16:00:00+00:00
[2024-02-10T17:45:07.733+0000] {processor.py:183} INFO - Processing /home/airflow/.local/lib/python3.8/site-packages/airflow/example_dags/example_latest_only_with_trigger.py took 0.090 seconds
[2024-02-10T17:45:38.675+0000] {processor.py:161} INFO - Started process (PID=331) to work on /home/airflow/.local/lib/python3.8/site-packages/airflow/example_dags/example_latest_only_with_trigger.py
[2024-02-10T17:45:38.678+0000] {processor.py:830} INFO - Processing file /home/airflow/.local/lib/python3.8/site-packages/airflow/example_dags/example_latest_only_with_trigger.py for tasks to queue
[2024-02-10T17:45:38.680+0000] {logging_mixin.py:188} INFO - [2024-02-10T17:45:38.679+0000] {dagbag.py:538} INFO - Filling up the DagBag from /home/airflow/.local/lib/python3.8/site-packages/airflow/example_dags/example_latest_only_with_trigger.py
[2024-02-10T17:45:38.695+0000] {processor.py:840} INFO - DAG(s) 'latest_only_with_trigger' retrieved from /home/airflow/.local/lib/python3.8/site-packages/airflow/example_dags/example_latest_only_with_trigger.py
[2024-02-10T17:45:38.787+0000] {logging_mixin.py:188} INFO - [2024-02-10T17:45:38.786+0000] {dag.py:3036} INFO - Sync 1 DAGs
[2024-02-10T17:45:38.836+0000] {logging_mixin.py:188} INFO - [2024-02-10T17:45:38.835+0000] {dag.py:3823} INFO - Setting next_dagrun for latest_only_with_trigger to 2024-02-10 12:00:00+00:00, run_after=2024-02-10 16:00:00+00:00
[2024-02-10T17:45:38.874+0000] {processor.py:183} INFO - Processing /home/airflow/.local/lib/python3.8/site-packages/airflow/example_dags/example_latest_only_with_trigger.py took 0.207 seconds
[2024-02-10T17:46:09.783+0000] {processor.py:161} INFO - Started process (PID=387) to work on /home/airflow/.local/lib/python3.8/site-packages/airflow/example_dags/example_latest_only_with_trigger.py
[2024-02-10T17:46:09.787+0000] {processor.py:830} INFO - Processing file /home/airflow/.local/lib/python3.8/site-packages/airflow/example_dags/example_latest_only_with_trigger.py for tasks to queue
[2024-02-10T17:46:09.789+0000] {logging_mixin.py:188} INFO - [2024-02-10T17:46:09.789+0000] {dagbag.py:538} INFO - Filling up the DagBag from /home/airflow/.local/lib/python3.8/site-packages/airflow/example_dags/example_latest_only_with_trigger.py
[2024-02-10T17:46:09.803+0000] {processor.py:840} INFO - DAG(s) 'latest_only_with_trigger' retrieved from /home/airflow/.local/lib/python3.8/site-packages/airflow/example_dags/example_latest_only_with_trigger.py
[2024-02-10T17:46:09.854+0000] {logging_mixin.py:188} INFO - [2024-02-10T17:46:09.854+0000] {dag.py:3036} INFO - Sync 1 DAGs
[2024-02-10T17:46:09.910+0000] {logging_mixin.py:188} INFO - [2024-02-10T17:46:09.910+0000] {dag.py:3823} INFO - Setting next_dagrun for latest_only_with_trigger to 2024-02-10 12:00:00+00:00, run_after=2024-02-10 16:00:00+00:00
[2024-02-10T17:46:09.971+0000] {processor.py:183} INFO - Processing /home/airflow/.local/lib/python3.8/site-packages/airflow/example_dags/example_latest_only_with_trigger.py took 0.221 seconds
[2024-02-10T17:46:40.954+0000] {processor.py:161} INFO - Started process (PID=443) to work on /home/airflow/.local/lib/python3.8/site-packages/airflow/example_dags/example_latest_only_with_trigger.py
[2024-02-10T17:46:40.955+0000] {processor.py:830} INFO - Processing file /home/airflow/.local/lib/python3.8/site-packages/airflow/example_dags/example_latest_only_with_trigger.py for tasks to queue
[2024-02-10T17:46:40.958+0000] {logging_mixin.py:188} INFO - [2024-02-10T17:46:40.957+0000] {dagbag.py:538} INFO - Filling up the DagBag from /home/airflow/.local/lib/python3.8/site-packages/airflow/example_dags/example_latest_only_with_trigger.py
[2024-02-10T17:46:40.971+0000] {processor.py:840} INFO - DAG(s) 'latest_only_with_trigger' retrieved from /home/airflow/.local/lib/python3.8/site-packages/airflow/example_dags/example_latest_only_with_trigger.py
[2024-02-10T17:46:41.018+0000] {logging_mixin.py:188} INFO - [2024-02-10T17:46:41.018+0000] {dag.py:3036} INFO - Sync 1 DAGs
[2024-02-10T17:46:41.059+0000] {logging_mixin.py:188} INFO - [2024-02-10T17:46:41.059+0000] {dag.py:3823} INFO - Setting next_dagrun for latest_only_with_trigger to 2024-02-10 12:00:00+00:00, run_after=2024-02-10 16:00:00+00:00
[2024-02-10T17:46:41.098+0000] {processor.py:183} INFO - Processing /home/airflow/.local/lib/python3.8/site-packages/airflow/example_dags/example_latest_only_with_trigger.py took 0.148 seconds
[2024-02-10T17:47:11.540+0000] {processor.py:161} INFO - Started process (PID=498) to work on /home/airflow/.local/lib/python3.8/site-packages/airflow/example_dags/example_latest_only_with_trigger.py
[2024-02-10T17:47:11.541+0000] {processor.py:830} INFO - Processing file /home/airflow/.local/lib/python3.8/site-packages/airflow/example_dags/example_latest_only_with_trigger.py for tasks to queue
[2024-02-10T17:47:11.543+0000] {logging_mixin.py:188} INFO - [2024-02-10T17:47:11.542+0000] {dagbag.py:538} INFO - Filling up the DagBag from /home/airflow/.local/lib/python3.8/site-packages/airflow/example_dags/example_latest_only_with_trigger.py
[2024-02-10T17:47:11.549+0000] {processor.py:840} INFO - DAG(s) 'latest_only_with_trigger' retrieved from /home/airflow/.local/lib/python3.8/site-packages/airflow/example_dags/example_latest_only_with_trigger.py
[2024-02-10T17:47:11.573+0000] {logging_mixin.py:188} INFO - [2024-02-10T17:47:11.573+0000] {dag.py:3036} INFO - Sync 1 DAGs
[2024-02-10T17:47:11.598+0000] {logging_mixin.py:188} INFO - [2024-02-10T17:47:11.598+0000] {dag.py:3823} INFO - Setting next_dagrun for latest_only_with_trigger to 2024-02-10 12:00:00+00:00, run_after=2024-02-10 16:00:00+00:00
[2024-02-10T17:47:11.624+0000] {processor.py:183} INFO - Processing /home/airflow/.local/lib/python3.8/site-packages/airflow/example_dags/example_latest_only_with_trigger.py took 0.087 seconds
[2024-02-10T17:47:41.890+0000] {processor.py:161} INFO - Started process (PID=553) to work on /home/airflow/.local/lib/python3.8/site-packages/airflow/example_dags/example_latest_only_with_trigger.py
[2024-02-10T17:47:41.891+0000] {processor.py:830} INFO - Processing file /home/airflow/.local/lib/python3.8/site-packages/airflow/example_dags/example_latest_only_with_trigger.py for tasks to queue
[2024-02-10T17:47:41.893+0000] {logging_mixin.py:188} INFO - [2024-02-10T17:47:41.893+0000] {dagbag.py:538} INFO - Filling up the DagBag from /home/airflow/.local/lib/python3.8/site-packages/airflow/example_dags/example_latest_only_with_trigger.py
[2024-02-10T17:47:41.899+0000] {processor.py:840} INFO - DAG(s) 'latest_only_with_trigger' retrieved from /home/airflow/.local/lib/python3.8/site-packages/airflow/example_dags/example_latest_only_with_trigger.py
[2024-02-10T17:47:41.924+0000] {logging_mixin.py:188} INFO - [2024-02-10T17:47:41.924+0000] {dag.py:3036} INFO - Sync 1 DAGs
[2024-02-10T17:47:41.949+0000] {logging_mixin.py:188} INFO - [2024-02-10T17:47:41.949+0000] {dag.py:3823} INFO - Setting next_dagrun for latest_only_with_trigger to 2024-02-10 12:00:00+00:00, run_after=2024-02-10 16:00:00+00:00
[2024-02-10T17:47:41.973+0000] {processor.py:183} INFO - Processing /home/airflow/.local/lib/python3.8/site-packages/airflow/example_dags/example_latest_only_with_trigger.py took 0.086 seconds
[2024-02-10T17:48:12.172+0000] {processor.py:161} INFO - Started process (PID=610) to work on /home/airflow/.local/lib/python3.8/site-packages/airflow/example_dags/example_latest_only_with_trigger.py
[2024-02-10T17:48:12.173+0000] {processor.py:830} INFO - Processing file /home/airflow/.local/lib/python3.8/site-packages/airflow/example_dags/example_latest_only_with_trigger.py for tasks to queue
[2024-02-10T17:48:12.174+0000] {logging_mixin.py:188} INFO - [2024-02-10T17:48:12.174+0000] {dagbag.py:538} INFO - Filling up the DagBag from /home/airflow/.local/lib/python3.8/site-packages/airflow/example_dags/example_latest_only_with_trigger.py
[2024-02-10T17:48:12.181+0000] {processor.py:840} INFO - DAG(s) 'latest_only_with_trigger' retrieved from /home/airflow/.local/lib/python3.8/site-packages/airflow/example_dags/example_latest_only_with_trigger.py
[2024-02-10T17:48:12.205+0000] {logging_mixin.py:188} INFO - [2024-02-10T17:48:12.205+0000] {dag.py:3036} INFO - Sync 1 DAGs
[2024-02-10T17:48:12.231+0000] {logging_mixin.py:188} INFO - [2024-02-10T17:48:12.230+0000] {dag.py:3823} INFO - Setting next_dagrun for latest_only_with_trigger to 2024-02-10 12:00:00+00:00, run_after=2024-02-10 16:00:00+00:00
[2024-02-10T17:48:12.254+0000] {processor.py:183} INFO - Processing /home/airflow/.local/lib/python3.8/site-packages/airflow/example_dags/example_latest_only_with_trigger.py took 0.086 seconds
[2024-02-10T17:48:43.000+0000] {processor.py:161} INFO - Started process (PID=668) to work on /home/airflow/.local/lib/python3.8/site-packages/airflow/example_dags/example_latest_only_with_trigger.py
[2024-02-10T17:48:43.001+0000] {processor.py:830} INFO - Processing file /home/airflow/.local/lib/python3.8/site-packages/airflow/example_dags/example_latest_only_with_trigger.py for tasks to queue
[2024-02-10T17:48:43.003+0000] {logging_mixin.py:188} INFO - [2024-02-10T17:48:43.003+0000] {dagbag.py:538} INFO - Filling up the DagBag from /home/airflow/.local/lib/python3.8/site-packages/airflow/example_dags/example_latest_only_with_trigger.py
[2024-02-10T17:48:43.014+0000] {processor.py:840} INFO - DAG(s) 'latest_only_with_trigger' retrieved from /home/airflow/.local/lib/python3.8/site-packages/airflow/example_dags/example_latest_only_with_trigger.py
[2024-02-10T17:48:43.064+0000] {logging_mixin.py:188} INFO - [2024-02-10T17:48:43.064+0000] {dag.py:3036} INFO - Sync 1 DAGs
[2024-02-10T17:48:43.088+0000] {logging_mixin.py:188} INFO - [2024-02-10T17:48:43.088+0000] {dag.py:3823} INFO - Setting next_dagrun for latest_only_with_trigger to 2024-02-10 12:00:00+00:00, run_after=2024-02-10 16:00:00+00:00
[2024-02-10T17:48:43.121+0000] {processor.py:183} INFO - Processing /home/airflow/.local/lib/python3.8/site-packages/airflow/example_dags/example_latest_only_with_trigger.py took 0.132 seconds
[2024-02-10T17:49:13.545+0000] {processor.py:161} INFO - Started process (PID=723) to work on /home/airflow/.local/lib/python3.8/site-packages/airflow/example_dags/example_latest_only_with_trigger.py
[2024-02-10T17:49:13.546+0000] {processor.py:830} INFO - Processing file /home/airflow/.local/lib/python3.8/site-packages/airflow/example_dags/example_latest_only_with_trigger.py for tasks to queue
[2024-02-10T17:49:13.548+0000] {logging_mixin.py:188} INFO - [2024-02-10T17:49:13.548+0000] {dagbag.py:538} INFO - Filling up the DagBag from /home/airflow/.local/lib/python3.8/site-packages/airflow/example_dags/example_latest_only_with_trigger.py
[2024-02-10T17:49:13.554+0000] {processor.py:840} INFO - DAG(s) 'latest_only_with_trigger' retrieved from /home/airflow/.local/lib/python3.8/site-packages/airflow/example_dags/example_latest_only_with_trigger.py
[2024-02-10T17:49:13.591+0000] {logging_mixin.py:188} INFO - [2024-02-10T17:49:13.591+0000] {dag.py:3036} INFO - Sync 1 DAGs
[2024-02-10T17:49:13.629+0000] {logging_mixin.py:188} INFO - [2024-02-10T17:49:13.629+0000] {dag.py:3823} INFO - Setting next_dagrun for latest_only_with_trigger to 2024-02-10 12:00:00+00:00, run_after=2024-02-10 16:00:00+00:00
[2024-02-10T17:49:13.655+0000] {processor.py:183} INFO - Processing /home/airflow/.local/lib/python3.8/site-packages/airflow/example_dags/example_latest_only_with_trigger.py took 0.114 seconds
[2024-02-10T17:49:43.869+0000] {processor.py:161} INFO - Started process (PID=777) to work on /home/airflow/.local/lib/python3.8/site-packages/airflow/example_dags/example_latest_only_with_trigger.py
[2024-02-10T17:49:43.870+0000] {processor.py:830} INFO - Processing file /home/airflow/.local/lib/python3.8/site-packages/airflow/example_dags/example_latest_only_with_trigger.py for tasks to queue
[2024-02-10T17:49:43.871+0000] {logging_mixin.py:188} INFO - [2024-02-10T17:49:43.871+0000] {dagbag.py:538} INFO - Filling up the DagBag from /home/airflow/.local/lib/python3.8/site-packages/airflow/example_dags/example_latest_only_with_trigger.py
[2024-02-10T17:49:43.877+0000] {processor.py:840} INFO - DAG(s) 'latest_only_with_trigger' retrieved from /home/airflow/.local/lib/python3.8/site-packages/airflow/example_dags/example_latest_only_with_trigger.py
[2024-02-10T17:49:43.906+0000] {logging_mixin.py:188} INFO - [2024-02-10T17:49:43.905+0000] {dag.py:3036} INFO - Sync 1 DAGs
[2024-02-10T17:49:43.933+0000] {logging_mixin.py:188} INFO - [2024-02-10T17:49:43.933+0000] {dag.py:3823} INFO - Setting next_dagrun for latest_only_with_trigger to 2024-02-10 12:00:00+00:00, run_after=2024-02-10 16:00:00+00:00
[2024-02-10T17:49:43.958+0000] {processor.py:183} INFO - Processing /home/airflow/.local/lib/python3.8/site-packages/airflow/example_dags/example_latest_only_with_trigger.py took 0.093 seconds
[2024-02-10T17:50:14.746+0000] {processor.py:161} INFO - Started process (PID=833) to work on /home/airflow/.local/lib/python3.8/site-packages/airflow/example_dags/example_latest_only_with_trigger.py
[2024-02-10T17:50:14.747+0000] {processor.py:830} INFO - Processing file /home/airflow/.local/lib/python3.8/site-packages/airflow/example_dags/example_latest_only_with_trigger.py for tasks to queue
[2024-02-10T17:50:14.749+0000] {logging_mixin.py:188} INFO - [2024-02-10T17:50:14.749+0000] {dagbag.py:538} INFO - Filling up the DagBag from /home/airflow/.local/lib/python3.8/site-packages/airflow/example_dags/example_latest_only_with_trigger.py
[2024-02-10T17:50:14.760+0000] {processor.py:840} INFO - DAG(s) 'latest_only_with_trigger' retrieved from /home/airflow/.local/lib/python3.8/site-packages/airflow/example_dags/example_latest_only_with_trigger.py
[2024-02-10T17:50:14.784+0000] {logging_mixin.py:188} INFO - [2024-02-10T17:50:14.784+0000] {dag.py:3036} INFO - Sync 1 DAGs
[2024-02-10T17:50:14.806+0000] {logging_mixin.py:188} INFO - [2024-02-10T17:50:14.806+0000] {dag.py:3823} INFO - Setting next_dagrun for latest_only_with_trigger to 2024-02-10 12:00:00+00:00, run_after=2024-02-10 16:00:00+00:00
[2024-02-10T17:50:14.830+0000] {processor.py:183} INFO - Processing /home/airflow/.local/lib/python3.8/site-packages/airflow/example_dags/example_latest_only_with_trigger.py took 0.087 seconds
[2024-02-10T17:50:44.900+0000] {processor.py:161} INFO - Started process (PID=887) to work on /home/airflow/.local/lib/python3.8/site-packages/airflow/example_dags/example_latest_only_with_trigger.py
[2024-02-10T17:50:44.901+0000] {processor.py:830} INFO - Processing file /home/airflow/.local/lib/python3.8/site-packages/airflow/example_dags/example_latest_only_with_trigger.py for tasks to queue
[2024-02-10T17:50:44.902+0000] {logging_mixin.py:188} INFO - [2024-02-10T17:50:44.902+0000] {dagbag.py:538} INFO - Filling up the DagBag from /home/airflow/.local/lib/python3.8/site-packages/airflow/example_dags/example_latest_only_with_trigger.py
[2024-02-10T17:50:44.907+0000] {processor.py:840} INFO - DAG(s) 'latest_only_with_trigger' retrieved from /home/airflow/.local/lib/python3.8/site-packages/airflow/example_dags/example_latest_only_with_trigger.py
[2024-02-10T17:50:44.928+0000] {logging_mixin.py:188} INFO - [2024-02-10T17:50:44.928+0000] {dag.py:3036} INFO - Sync 1 DAGs
[2024-02-10T17:50:44.945+0000] {logging_mixin.py:188} INFO - [2024-02-10T17:50:44.945+0000] {dag.py:3823} INFO - Setting next_dagrun for latest_only_with_trigger to 2024-02-10 12:00:00+00:00, run_after=2024-02-10 16:00:00+00:00
[2024-02-10T17:50:44.964+0000] {processor.py:183} INFO - Processing /home/airflow/.local/lib/python3.8/site-packages/airflow/example_dags/example_latest_only_with_trigger.py took 0.067 seconds
[2024-02-10T17:51:15.207+0000] {processor.py:161} INFO - Started process (PID=942) to work on /home/airflow/.local/lib/python3.8/site-packages/airflow/example_dags/example_latest_only_with_trigger.py
[2024-02-10T17:51:15.207+0000] {processor.py:830} INFO - Processing file /home/airflow/.local/lib/python3.8/site-packages/airflow/example_dags/example_latest_only_with_trigger.py for tasks to queue
[2024-02-10T17:51:15.209+0000] {logging_mixin.py:188} INFO - [2024-02-10T17:51:15.209+0000] {dagbag.py:538} INFO - Filling up the DagBag from /home/airflow/.local/lib/python3.8/site-packages/airflow/example_dags/example_latest_only_with_trigger.py
[2024-02-10T17:51:15.213+0000] {processor.py:840} INFO - DAG(s) 'latest_only_with_trigger' retrieved from /home/airflow/.local/lib/python3.8/site-packages/airflow/example_dags/example_latest_only_with_trigger.py
[2024-02-10T17:51:15.230+0000] {logging_mixin.py:188} INFO - [2024-02-10T17:51:15.230+0000] {dag.py:3036} INFO - Sync 1 DAGs
[2024-02-10T17:51:15.247+0000] {logging_mixin.py:188} INFO - [2024-02-10T17:51:15.247+0000] {dag.py:3823} INFO - Setting next_dagrun for latest_only_with_trigger to 2024-02-10 12:00:00+00:00, run_after=2024-02-10 16:00:00+00:00
[2024-02-10T17:51:15.267+0000] {processor.py:183} INFO - Processing /home/airflow/.local/lib/python3.8/site-packages/airflow/example_dags/example_latest_only_with_trigger.py took 0.063 seconds
[2024-02-10T17:51:45.422+0000] {processor.py:161} INFO - Started process (PID=997) to work on /home/airflow/.local/lib/python3.8/site-packages/airflow/example_dags/example_latest_only_with_trigger.py
[2024-02-10T17:51:45.423+0000] {processor.py:830} INFO - Processing file /home/airflow/.local/lib/python3.8/site-packages/airflow/example_dags/example_latest_only_with_trigger.py for tasks to queue
[2024-02-10T17:51:45.424+0000] {logging_mixin.py:188} INFO - [2024-02-10T17:51:45.424+0000] {dagbag.py:538} INFO - Filling up the DagBag from /home/airflow/.local/lib/python3.8/site-packages/airflow/example_dags/example_latest_only_with_trigger.py
[2024-02-10T17:51:45.439+0000] {processor.py:840} INFO - DAG(s) 'latest_only_with_trigger' retrieved from /home/airflow/.local/lib/python3.8/site-packages/airflow/example_dags/example_latest_only_with_trigger.py
[2024-02-10T17:51:45.491+0000] {logging_mixin.py:188} INFO - [2024-02-10T17:51:45.491+0000] {dag.py:3036} INFO - Sync 1 DAGs
[2024-02-10T17:51:45.538+0000] {logging_mixin.py:188} INFO - [2024-02-10T17:51:45.537+0000] {dag.py:3823} INFO - Setting next_dagrun for latest_only_with_trigger to 2024-02-10 12:00:00+00:00, run_after=2024-02-10 16:00:00+00:00
[2024-02-10T17:51:45.581+0000] {processor.py:183} INFO - Processing /home/airflow/.local/lib/python3.8/site-packages/airflow/example_dags/example_latest_only_with_trigger.py took 0.163 seconds
[2024-02-10T17:52:16.593+0000] {processor.py:161} INFO - Started process (PID=1052) to work on /home/airflow/.local/lib/python3.8/site-packages/airflow/example_dags/example_latest_only_with_trigger.py
[2024-02-10T17:52:16.594+0000] {processor.py:830} INFO - Processing file /home/airflow/.local/lib/python3.8/site-packages/airflow/example_dags/example_latest_only_with_trigger.py for tasks to queue
[2024-02-10T17:52:16.596+0000] {logging_mixin.py:188} INFO - [2024-02-10T17:52:16.595+0000] {dagbag.py:538} INFO - Filling up the DagBag from /home/airflow/.local/lib/python3.8/site-packages/airflow/example_dags/example_latest_only_with_trigger.py
[2024-02-10T17:52:16.602+0000] {processor.py:840} INFO - DAG(s) 'latest_only_with_trigger' retrieved from /home/airflow/.local/lib/python3.8/site-packages/airflow/example_dags/example_latest_only_with_trigger.py
[2024-02-10T17:52:16.622+0000] {logging_mixin.py:188} INFO - [2024-02-10T17:52:16.622+0000] {dag.py:3036} INFO - Sync 1 DAGs
[2024-02-10T17:52:16.639+0000] {logging_mixin.py:188} INFO - [2024-02-10T17:52:16.639+0000] {dag.py:3823} INFO - Setting next_dagrun for latest_only_with_trigger to 2024-02-10 12:00:00+00:00, run_after=2024-02-10 16:00:00+00:00
[2024-02-10T17:52:16.660+0000] {processor.py:183} INFO - Processing /home/airflow/.local/lib/python3.8/site-packages/airflow/example_dags/example_latest_only_with_trigger.py took 0.071 seconds
[2024-02-10T17:52:46.775+0000] {processor.py:161} INFO - Started process (PID=1107) to work on /home/airflow/.local/lib/python3.8/site-packages/airflow/example_dags/example_latest_only_with_trigger.py
[2024-02-10T17:52:46.775+0000] {processor.py:830} INFO - Processing file /home/airflow/.local/lib/python3.8/site-packages/airflow/example_dags/example_latest_only_with_trigger.py for tasks to queue
[2024-02-10T17:52:46.777+0000] {logging_mixin.py:188} INFO - [2024-02-10T17:52:46.776+0000] {dagbag.py:538} INFO - Filling up the DagBag from /home/airflow/.local/lib/python3.8/site-packages/airflow/example_dags/example_latest_only_with_trigger.py
[2024-02-10T17:52:46.781+0000] {processor.py:840} INFO - DAG(s) 'latest_only_with_trigger' retrieved from /home/airflow/.local/lib/python3.8/site-packages/airflow/example_dags/example_latest_only_with_trigger.py
[2024-02-10T17:52:46.798+0000] {logging_mixin.py:188} INFO - [2024-02-10T17:52:46.797+0000] {dag.py:3036} INFO - Sync 1 DAGs
[2024-02-10T17:52:46.816+0000] {logging_mixin.py:188} INFO - [2024-02-10T17:52:46.816+0000] {dag.py:3823} INFO - Setting next_dagrun for latest_only_with_trigger to 2024-02-10 12:00:00+00:00, run_after=2024-02-10 16:00:00+00:00
[2024-02-10T17:52:46.846+0000] {processor.py:183} INFO - Processing /home/airflow/.local/lib/python3.8/site-packages/airflow/example_dags/example_latest_only_with_trigger.py took 0.074 seconds
[2024-02-10T17:53:17.074+0000] {processor.py:161} INFO - Started process (PID=1162) to work on /home/airflow/.local/lib/python3.8/site-packages/airflow/example_dags/example_latest_only_with_trigger.py
[2024-02-10T17:53:17.074+0000] {processor.py:830} INFO - Processing file /home/airflow/.local/lib/python3.8/site-packages/airflow/example_dags/example_latest_only_with_trigger.py for tasks to queue
[2024-02-10T17:53:17.076+0000] {logging_mixin.py:188} INFO - [2024-02-10T17:53:17.075+0000] {dagbag.py:538} INFO - Filling up the DagBag from /home/airflow/.local/lib/python3.8/site-packages/airflow/example_dags/example_latest_only_with_trigger.py
[2024-02-10T17:53:17.080+0000] {processor.py:840} INFO - DAG(s) 'latest_only_with_trigger' retrieved from /home/airflow/.local/lib/python3.8/site-packages/airflow/example_dags/example_latest_only_with_trigger.py
[2024-02-10T17:53:17.096+0000] {logging_mixin.py:188} INFO - [2024-02-10T17:53:17.096+0000] {dag.py:3036} INFO - Sync 1 DAGs
[2024-02-10T17:53:17.113+0000] {logging_mixin.py:188} INFO - [2024-02-10T17:53:17.113+0000] {dag.py:3823} INFO - Setting next_dagrun for latest_only_with_trigger to 2024-02-10 12:00:00+00:00, run_after=2024-02-10 16:00:00+00:00
[2024-02-10T17:53:17.133+0000] {processor.py:183} INFO - Processing /home/airflow/.local/lib/python3.8/site-packages/airflow/example_dags/example_latest_only_with_trigger.py took 0.062 seconds
[2024-02-10T17:53:47.675+0000] {processor.py:161} INFO - Started process (PID=1224) to work on /home/airflow/.local/lib/python3.8/site-packages/airflow/example_dags/example_latest_only_with_trigger.py
[2024-02-10T17:53:47.675+0000] {processor.py:830} INFO - Processing file /home/airflow/.local/lib/python3.8/site-packages/airflow/example_dags/example_latest_only_with_trigger.py for tasks to queue
[2024-02-10T17:53:47.677+0000] {logging_mixin.py:188} INFO - [2024-02-10T17:53:47.676+0000] {dagbag.py:538} INFO - Filling up the DagBag from /home/airflow/.local/lib/python3.8/site-packages/airflow/example_dags/example_latest_only_with_trigger.py
[2024-02-10T17:53:47.681+0000] {processor.py:840} INFO - DAG(s) 'latest_only_with_trigger' retrieved from /home/airflow/.local/lib/python3.8/site-packages/airflow/example_dags/example_latest_only_with_trigger.py
[2024-02-10T17:53:47.699+0000] {logging_mixin.py:188} INFO - [2024-02-10T17:53:47.698+0000] {dag.py:3036} INFO - Sync 1 DAGs
[2024-02-10T17:53:47.729+0000] {logging_mixin.py:188} INFO - [2024-02-10T17:53:47.729+0000] {dag.py:3823} INFO - Setting next_dagrun for latest_only_with_trigger to 2024-02-10 12:00:00+00:00, run_after=2024-02-10 16:00:00+00:00
[2024-02-10T17:53:47.771+0000] {processor.py:183} INFO - Processing /home/airflow/.local/lib/python3.8/site-packages/airflow/example_dags/example_latest_only_with_trigger.py took 0.099 seconds
[2024-02-10T17:54:17.808+0000] {processor.py:161} INFO - Started process (PID=1280) to work on /home/airflow/.local/lib/python3.8/site-packages/airflow/example_dags/example_latest_only_with_trigger.py
[2024-02-10T17:54:17.809+0000] {processor.py:830} INFO - Processing file /home/airflow/.local/lib/python3.8/site-packages/airflow/example_dags/example_latest_only_with_trigger.py for tasks to queue
[2024-02-10T17:54:17.811+0000] {logging_mixin.py:188} INFO - [2024-02-10T17:54:17.810+0000] {dagbag.py:538} INFO - Filling up the DagBag from /home/airflow/.local/lib/python3.8/site-packages/airflow/example_dags/example_latest_only_with_trigger.py
[2024-02-10T17:54:17.817+0000] {processor.py:840} INFO - DAG(s) 'latest_only_with_trigger' retrieved from /home/airflow/.local/lib/python3.8/site-packages/airflow/example_dags/example_latest_only_with_trigger.py
[2024-02-10T17:54:17.841+0000] {logging_mixin.py:188} INFO - [2024-02-10T17:54:17.840+0000] {dag.py:3036} INFO - Sync 1 DAGs
[2024-02-10T17:54:17.861+0000] {logging_mixin.py:188} INFO - [2024-02-10T17:54:17.861+0000] {dag.py:3823} INFO - Setting next_dagrun for latest_only_with_trigger to 2024-02-10 12:00:00+00:00, run_after=2024-02-10 16:00:00+00:00
[2024-02-10T17:54:17.884+0000] {processor.py:183} INFO - Processing /home/airflow/.local/lib/python3.8/site-packages/airflow/example_dags/example_latest_only_with_trigger.py took 0.081 seconds
[2024-02-10T17:54:48.363+0000] {processor.py:161} INFO - Started process (PID=1335) to work on /home/airflow/.local/lib/python3.8/site-packages/airflow/example_dags/example_latest_only_with_trigger.py
[2024-02-10T17:54:48.364+0000] {processor.py:830} INFO - Processing file /home/airflow/.local/lib/python3.8/site-packages/airflow/example_dags/example_latest_only_with_trigger.py for tasks to queue
[2024-02-10T17:54:48.365+0000] {logging_mixin.py:188} INFO - [2024-02-10T17:54:48.365+0000] {dagbag.py:538} INFO - Filling up the DagBag from /home/airflow/.local/lib/python3.8/site-packages/airflow/example_dags/example_latest_only_with_trigger.py
[2024-02-10T17:54:48.371+0000] {processor.py:840} INFO - DAG(s) 'latest_only_with_trigger' retrieved from /home/airflow/.local/lib/python3.8/site-packages/airflow/example_dags/example_latest_only_with_trigger.py
[2024-02-10T17:54:48.394+0000] {logging_mixin.py:188} INFO - [2024-02-10T17:54:48.394+0000] {dag.py:3036} INFO - Sync 1 DAGs
[2024-02-10T17:54:48.419+0000] {logging_mixin.py:188} INFO - [2024-02-10T17:54:48.418+0000] {dag.py:3823} INFO - Setting next_dagrun for latest_only_with_trigger to 2024-02-10 12:00:00+00:00, run_after=2024-02-10 16:00:00+00:00
[2024-02-10T17:54:48.443+0000] {processor.py:183} INFO - Processing /home/airflow/.local/lib/python3.8/site-packages/airflow/example_dags/example_latest_only_with_trigger.py took 0.084 seconds
[2024-02-10T17:55:18.528+0000] {processor.py:161} INFO - Started process (PID=1390) to work on /home/airflow/.local/lib/python3.8/site-packages/airflow/example_dags/example_latest_only_with_trigger.py
[2024-02-10T17:55:18.528+0000] {processor.py:830} INFO - Processing file /home/airflow/.local/lib/python3.8/site-packages/airflow/example_dags/example_latest_only_with_trigger.py for tasks to queue
[2024-02-10T17:55:18.530+0000] {logging_mixin.py:188} INFO - [2024-02-10T17:55:18.530+0000] {dagbag.py:538} INFO - Filling up the DagBag from /home/airflow/.local/lib/python3.8/site-packages/airflow/example_dags/example_latest_only_with_trigger.py
[2024-02-10T17:55:18.536+0000] {processor.py:840} INFO - DAG(s) 'latest_only_with_trigger' retrieved from /home/airflow/.local/lib/python3.8/site-packages/airflow/example_dags/example_latest_only_with_trigger.py
[2024-02-10T17:55:18.558+0000] {logging_mixin.py:188} INFO - [2024-02-10T17:55:18.558+0000] {dag.py:3036} INFO - Sync 1 DAGs
[2024-02-10T17:55:18.583+0000] {logging_mixin.py:188} INFO - [2024-02-10T17:55:18.583+0000] {dag.py:3823} INFO - Setting next_dagrun for latest_only_with_trigger to 2024-02-10 12:00:00+00:00, run_after=2024-02-10 16:00:00+00:00
[2024-02-10T17:55:18.613+0000] {processor.py:183} INFO - Processing /home/airflow/.local/lib/python3.8/site-packages/airflow/example_dags/example_latest_only_with_trigger.py took 0.089 seconds
[2024-02-10T17:55:49.038+0000] {processor.py:161} INFO - Started process (PID=1446) to work on /home/airflow/.local/lib/python3.8/site-packages/airflow/example_dags/example_latest_only_with_trigger.py
[2024-02-10T17:55:49.039+0000] {processor.py:830} INFO - Processing file /home/airflow/.local/lib/python3.8/site-packages/airflow/example_dags/example_latest_only_with_trigger.py for tasks to queue
[2024-02-10T17:55:49.041+0000] {logging_mixin.py:188} INFO - [2024-02-10T17:55:49.040+0000] {dagbag.py:538} INFO - Filling up the DagBag from /home/airflow/.local/lib/python3.8/site-packages/airflow/example_dags/example_latest_only_with_trigger.py
[2024-02-10T17:55:49.047+0000] {processor.py:840} INFO - DAG(s) 'latest_only_with_trigger' retrieved from /home/airflow/.local/lib/python3.8/site-packages/airflow/example_dags/example_latest_only_with_trigger.py
[2024-02-10T17:55:49.074+0000] {logging_mixin.py:188} INFO - [2024-02-10T17:55:49.074+0000] {dag.py:3036} INFO - Sync 1 DAGs
[2024-02-10T17:55:49.101+0000] {logging_mixin.py:188} INFO - [2024-02-10T17:55:49.100+0000] {dag.py:3823} INFO - Setting next_dagrun for latest_only_with_trigger to 2024-02-10 12:00:00+00:00, run_after=2024-02-10 16:00:00+00:00
[2024-02-10T17:55:49.128+0000] {processor.py:183} INFO - Processing /home/airflow/.local/lib/python3.8/site-packages/airflow/example_dags/example_latest_only_with_trigger.py took 0.093 seconds
[2024-02-10T17:56:19.665+0000] {processor.py:161} INFO - Started process (PID=1502) to work on /home/airflow/.local/lib/python3.8/site-packages/airflow/example_dags/example_latest_only_with_trigger.py
[2024-02-10T17:56:19.666+0000] {processor.py:830} INFO - Processing file /home/airflow/.local/lib/python3.8/site-packages/airflow/example_dags/example_latest_only_with_trigger.py for tasks to queue
[2024-02-10T17:56:19.668+0000] {logging_mixin.py:188} INFO - [2024-02-10T17:56:19.668+0000] {dagbag.py:538} INFO - Filling up the DagBag from /home/airflow/.local/lib/python3.8/site-packages/airflow/example_dags/example_latest_only_with_trigger.py
[2024-02-10T17:56:19.674+0000] {processor.py:840} INFO - DAG(s) 'latest_only_with_trigger' retrieved from /home/airflow/.local/lib/python3.8/site-packages/airflow/example_dags/example_latest_only_with_trigger.py
[2024-02-10T17:56:19.701+0000] {logging_mixin.py:188} INFO - [2024-02-10T17:56:19.701+0000] {dag.py:3036} INFO - Sync 1 DAGs
[2024-02-10T17:56:19.726+0000] {logging_mixin.py:188} INFO - [2024-02-10T17:56:19.726+0000] {dag.py:3823} INFO - Setting next_dagrun for latest_only_with_trigger to 2024-02-10 12:00:00+00:00, run_after=2024-02-10 16:00:00+00:00
[2024-02-10T17:56:19.751+0000] {processor.py:183} INFO - Processing /home/airflow/.local/lib/python3.8/site-packages/airflow/example_dags/example_latest_only_with_trigger.py took 0.089 seconds
[2024-02-10T17:56:50.343+0000] {processor.py:161} INFO - Started process (PID=1558) to work on /home/airflow/.local/lib/python3.8/site-packages/airflow/example_dags/example_latest_only_with_trigger.py
[2024-02-10T17:56:50.343+0000] {processor.py:830} INFO - Processing file /home/airflow/.local/lib/python3.8/site-packages/airflow/example_dags/example_latest_only_with_trigger.py for tasks to queue
[2024-02-10T17:56:50.347+0000] {logging_mixin.py:188} INFO - [2024-02-10T17:56:50.347+0000] {dagbag.py:538} INFO - Filling up the DagBag from /home/airflow/.local/lib/python3.8/site-packages/airflow/example_dags/example_latest_only_with_trigger.py
[2024-02-10T17:56:50.354+0000] {processor.py:840} INFO - DAG(s) 'latest_only_with_trigger' retrieved from /home/airflow/.local/lib/python3.8/site-packages/airflow/example_dags/example_latest_only_with_trigger.py
[2024-02-10T17:56:50.376+0000] {logging_mixin.py:188} INFO - [2024-02-10T17:56:50.376+0000] {dag.py:3036} INFO - Sync 1 DAGs
[2024-02-10T17:56:50.400+0000] {logging_mixin.py:188} INFO - [2024-02-10T17:56:50.400+0000] {dag.py:3823} INFO - Setting next_dagrun for latest_only_with_trigger to 2024-02-10 12:00:00+00:00, run_after=2024-02-10 16:00:00+00:00
[2024-02-10T17:56:50.431+0000] {processor.py:183} INFO - Processing /home/airflow/.local/lib/python3.8/site-packages/airflow/example_dags/example_latest_only_with_trigger.py took 0.099 seconds
[2024-02-10T17:57:20.739+0000] {processor.py:161} INFO - Started process (PID=1613) to work on /home/airflow/.local/lib/python3.8/site-packages/airflow/example_dags/example_latest_only_with_trigger.py
[2024-02-10T17:57:20.743+0000] {processor.py:830} INFO - Processing file /home/airflow/.local/lib/python3.8/site-packages/airflow/example_dags/example_latest_only_with_trigger.py for tasks to queue
[2024-02-10T17:57:20.747+0000] {logging_mixin.py:188} INFO - [2024-02-10T17:57:20.747+0000] {dagbag.py:538} INFO - Filling up the DagBag from /home/airflow/.local/lib/python3.8/site-packages/airflow/example_dags/example_latest_only_with_trigger.py
[2024-02-10T17:57:20.753+0000] {processor.py:840} INFO - DAG(s) 'latest_only_with_trigger' retrieved from /home/airflow/.local/lib/python3.8/site-packages/airflow/example_dags/example_latest_only_with_trigger.py
[2024-02-10T17:57:20.798+0000] {logging_mixin.py:188} INFO - [2024-02-10T17:57:20.798+0000] {dag.py:3036} INFO - Sync 1 DAGs
[2024-02-10T17:57:20.850+0000] {logging_mixin.py:188} INFO - [2024-02-10T17:57:20.850+0000] {dag.py:3823} INFO - Setting next_dagrun for latest_only_with_trigger to 2024-02-10 12:00:00+00:00, run_after=2024-02-10 16:00:00+00:00
[2024-02-10T17:57:20.886+0000] {processor.py:183} INFO - Processing /home/airflow/.local/lib/python3.8/site-packages/airflow/example_dags/example_latest_only_with_trigger.py took 0.153 seconds
[2024-02-10T17:57:51.001+0000] {processor.py:161} INFO - Started process (PID=1667) to work on /home/airflow/.local/lib/python3.8/site-packages/airflow/example_dags/example_latest_only_with_trigger.py
[2024-02-10T17:57:51.010+0000] {processor.py:830} INFO - Processing file /home/airflow/.local/lib/python3.8/site-packages/airflow/example_dags/example_latest_only_with_trigger.py for tasks to queue
[2024-02-10T17:57:51.022+0000] {logging_mixin.py:188} INFO - [2024-02-10T17:57:51.022+0000] {dagbag.py:538} INFO - Filling up the DagBag from /home/airflow/.local/lib/python3.8/site-packages/airflow/example_dags/example_latest_only_with_trigger.py
[2024-02-10T17:57:51.028+0000] {processor.py:840} INFO - DAG(s) 'latest_only_with_trigger' retrieved from /home/airflow/.local/lib/python3.8/site-packages/airflow/example_dags/example_latest_only_with_trigger.py
[2024-02-10T17:57:51.064+0000] {logging_mixin.py:188} INFO - [2024-02-10T17:57:51.064+0000] {dag.py:3036} INFO - Sync 1 DAGs
[2024-02-10T17:57:51.090+0000] {logging_mixin.py:188} INFO - [2024-02-10T17:57:51.090+0000] {dag.py:3823} INFO - Setting next_dagrun for latest_only_with_trigger to 2024-02-10 12:00:00+00:00, run_after=2024-02-10 16:00:00+00:00
[2024-02-10T17:57:51.126+0000] {processor.py:183} INFO - Processing /home/airflow/.local/lib/python3.8/site-packages/airflow/example_dags/example_latest_only_with_trigger.py took 0.130 seconds
[2024-02-10T17:58:21.426+0000] {processor.py:161} INFO - Started process (PID=1724) to work on /home/airflow/.local/lib/python3.8/site-packages/airflow/example_dags/example_latest_only_with_trigger.py
[2024-02-10T17:58:21.436+0000] {processor.py:830} INFO - Processing file /home/airflow/.local/lib/python3.8/site-packages/airflow/example_dags/example_latest_only_with_trigger.py for tasks to queue
[2024-02-10T17:58:21.438+0000] {logging_mixin.py:188} INFO - [2024-02-10T17:58:21.438+0000] {dagbag.py:538} INFO - Filling up the DagBag from /home/airflow/.local/lib/python3.8/site-packages/airflow/example_dags/example_latest_only_with_trigger.py
[2024-02-10T17:58:21.454+0000] {processor.py:840} INFO - DAG(s) 'latest_only_with_trigger' retrieved from /home/airflow/.local/lib/python3.8/site-packages/airflow/example_dags/example_latest_only_with_trigger.py
[2024-02-10T17:58:21.534+0000] {logging_mixin.py:188} INFO - [2024-02-10T17:58:21.533+0000] {dag.py:3036} INFO - Sync 1 DAGs
[2024-02-10T17:58:21.627+0000] {logging_mixin.py:188} INFO - [2024-02-10T17:58:21.627+0000] {dag.py:3823} INFO - Setting next_dagrun for latest_only_with_trigger to 2024-02-10 12:00:00+00:00, run_after=2024-02-10 16:00:00+00:00
[2024-02-10T17:58:21.670+0000] {processor.py:183} INFO - Processing /home/airflow/.local/lib/python3.8/site-packages/airflow/example_dags/example_latest_only_with_trigger.py took 0.248 seconds
[2024-02-10T17:58:51.735+0000] {processor.py:161} INFO - Started process (PID=1778) to work on /home/airflow/.local/lib/python3.8/site-packages/airflow/example_dags/example_latest_only_with_trigger.py
[2024-02-10T17:58:51.736+0000] {processor.py:830} INFO - Processing file /home/airflow/.local/lib/python3.8/site-packages/airflow/example_dags/example_latest_only_with_trigger.py for tasks to queue
[2024-02-10T17:58:51.737+0000] {logging_mixin.py:188} INFO - [2024-02-10T17:58:51.737+0000] {dagbag.py:538} INFO - Filling up the DagBag from /home/airflow/.local/lib/python3.8/site-packages/airflow/example_dags/example_latest_only_with_trigger.py
[2024-02-10T17:58:51.741+0000] {processor.py:840} INFO - DAG(s) 'latest_only_with_trigger' retrieved from /home/airflow/.local/lib/python3.8/site-packages/airflow/example_dags/example_latest_only_with_trigger.py
[2024-02-10T17:58:51.765+0000] {logging_mixin.py:188} INFO - [2024-02-10T17:58:51.765+0000] {dag.py:3036} INFO - Sync 1 DAGs
[2024-02-10T17:58:51.783+0000] {logging_mixin.py:188} INFO - [2024-02-10T17:58:51.783+0000] {dag.py:3823} INFO - Setting next_dagrun for latest_only_with_trigger to 2024-02-10 12:00:00+00:00, run_after=2024-02-10 16:00:00+00:00
[2024-02-10T17:58:51.803+0000] {processor.py:183} INFO - Processing /home/airflow/.local/lib/python3.8/site-packages/airflow/example_dags/example_latest_only_with_trigger.py took 0.070 seconds
[2024-02-10T17:59:22.255+0000] {processor.py:161} INFO - Started process (PID=1833) to work on /home/airflow/.local/lib/python3.8/site-packages/airflow/example_dags/example_latest_only_with_trigger.py
[2024-02-10T17:59:22.256+0000] {processor.py:830} INFO - Processing file /home/airflow/.local/lib/python3.8/site-packages/airflow/example_dags/example_latest_only_with_trigger.py for tasks to queue
[2024-02-10T17:59:22.258+0000] {logging_mixin.py:188} INFO - [2024-02-10T17:59:22.258+0000] {dagbag.py:538} INFO - Filling up the DagBag from /home/airflow/.local/lib/python3.8/site-packages/airflow/example_dags/example_latest_only_with_trigger.py
[2024-02-10T17:59:22.264+0000] {processor.py:840} INFO - DAG(s) 'latest_only_with_trigger' retrieved from /home/airflow/.local/lib/python3.8/site-packages/airflow/example_dags/example_latest_only_with_trigger.py
[2024-02-10T17:59:22.285+0000] {logging_mixin.py:188} INFO - [2024-02-10T17:59:22.284+0000] {dag.py:3036} INFO - Sync 1 DAGs
[2024-02-10T17:59:22.319+0000] {logging_mixin.py:188} INFO - [2024-02-10T17:59:22.319+0000] {dag.py:3823} INFO - Setting next_dagrun for latest_only_with_trigger to 2024-02-10 12:00:00+00:00, run_after=2024-02-10 16:00:00+00:00
[2024-02-10T17:59:22.346+0000] {processor.py:183} INFO - Processing /home/airflow/.local/lib/python3.8/site-packages/airflow/example_dags/example_latest_only_with_trigger.py took 0.094 seconds
[2024-02-10T17:59:52.527+0000] {processor.py:161} INFO - Started process (PID=1888) to work on /home/airflow/.local/lib/python3.8/site-packages/airflow/example_dags/example_latest_only_with_trigger.py
[2024-02-10T17:59:52.527+0000] {processor.py:830} INFO - Processing file /home/airflow/.local/lib/python3.8/site-packages/airflow/example_dags/example_latest_only_with_trigger.py for tasks to queue
[2024-02-10T17:59:52.529+0000] {logging_mixin.py:188} INFO - [2024-02-10T17:59:52.529+0000] {dagbag.py:538} INFO - Filling up the DagBag from /home/airflow/.local/lib/python3.8/site-packages/airflow/example_dags/example_latest_only_with_trigger.py
[2024-02-10T17:59:52.535+0000] {processor.py:840} INFO - DAG(s) 'latest_only_with_trigger' retrieved from /home/airflow/.local/lib/python3.8/site-packages/airflow/example_dags/example_latest_only_with_trigger.py
[2024-02-10T17:59:52.550+0000] {logging_mixin.py:188} INFO - [2024-02-10T17:59:52.550+0000] {dag.py:3036} INFO - Sync 1 DAGs
[2024-02-10T17:59:52.567+0000] {logging_mixin.py:188} INFO - [2024-02-10T17:59:52.567+0000] {dag.py:3823} INFO - Setting next_dagrun for latest_only_with_trigger to 2024-02-10 12:00:00+00:00, run_after=2024-02-10 16:00:00+00:00
[2024-02-10T17:59:52.586+0000] {processor.py:183} INFO - Processing /home/airflow/.local/lib/python3.8/site-packages/airflow/example_dags/example_latest_only_with_trigger.py took 0.062 seconds
[2024-02-10T18:00:22.707+0000] {processor.py:161} INFO - Started process (PID=1943) to work on /home/airflow/.local/lib/python3.8/site-packages/airflow/example_dags/example_latest_only_with_trigger.py
[2024-02-10T18:00:22.707+0000] {processor.py:830} INFO - Processing file /home/airflow/.local/lib/python3.8/site-packages/airflow/example_dags/example_latest_only_with_trigger.py for tasks to queue
[2024-02-10T18:00:22.709+0000] {logging_mixin.py:188} INFO - [2024-02-10T18:00:22.708+0000] {dagbag.py:538} INFO - Filling up the DagBag from /home/airflow/.local/lib/python3.8/site-packages/airflow/example_dags/example_latest_only_with_trigger.py
[2024-02-10T18:00:22.713+0000] {processor.py:840} INFO - DAG(s) 'latest_only_with_trigger' retrieved from /home/airflow/.local/lib/python3.8/site-packages/airflow/example_dags/example_latest_only_with_trigger.py
[2024-02-10T18:00:22.730+0000] {logging_mixin.py:188} INFO - [2024-02-10T18:00:22.730+0000] {dag.py:3036} INFO - Sync 1 DAGs
[2024-02-10T18:00:22.747+0000] {logging_mixin.py:188} INFO - [2024-02-10T18:00:22.747+0000] {dag.py:3823} INFO - Setting next_dagrun for latest_only_with_trigger to 2024-02-10 12:00:00+00:00, run_after=2024-02-10 16:00:00+00:00
[2024-02-10T18:00:22.767+0000] {processor.py:183} INFO - Processing /home/airflow/.local/lib/python3.8/site-packages/airflow/example_dags/example_latest_only_with_trigger.py took 0.064 seconds
[2024-02-10T18:00:53.023+0000] {processor.py:161} INFO - Started process (PID=1998) to work on /home/airflow/.local/lib/python3.8/site-packages/airflow/example_dags/example_latest_only_with_trigger.py
[2024-02-10T18:00:53.023+0000] {processor.py:830} INFO - Processing file /home/airflow/.local/lib/python3.8/site-packages/airflow/example_dags/example_latest_only_with_trigger.py for tasks to queue
[2024-02-10T18:00:53.025+0000] {logging_mixin.py:188} INFO - [2024-02-10T18:00:53.025+0000] {dagbag.py:538} INFO - Filling up the DagBag from /home/airflow/.local/lib/python3.8/site-packages/airflow/example_dags/example_latest_only_with_trigger.py
[2024-02-10T18:00:53.031+0000] {processor.py:840} INFO - DAG(s) 'latest_only_with_trigger' retrieved from /home/airflow/.local/lib/python3.8/site-packages/airflow/example_dags/example_latest_only_with_trigger.py
[2024-02-10T18:00:53.048+0000] {logging_mixin.py:188} INFO - [2024-02-10T18:00:53.048+0000] {dag.py:3036} INFO - Sync 1 DAGs
[2024-02-10T18:00:53.066+0000] {logging_mixin.py:188} INFO - [2024-02-10T18:00:53.065+0000] {dag.py:3823} INFO - Setting next_dagrun for latest_only_with_trigger to 2024-02-10 12:00:00+00:00, run_after=2024-02-10 16:00:00+00:00
[2024-02-10T18:00:53.085+0000] {processor.py:183} INFO - Processing /home/airflow/.local/lib/python3.8/site-packages/airflow/example_dags/example_latest_only_with_trigger.py took 0.065 seconds
[2024-02-10T18:01:23.534+0000] {processor.py:161} INFO - Started process (PID=2053) to work on /home/airflow/.local/lib/python3.8/site-packages/airflow/example_dags/example_latest_only_with_trigger.py
[2024-02-10T18:01:23.535+0000] {processor.py:830} INFO - Processing file /home/airflow/.local/lib/python3.8/site-packages/airflow/example_dags/example_latest_only_with_trigger.py for tasks to queue
[2024-02-10T18:01:23.536+0000] {logging_mixin.py:188} INFO - [2024-02-10T18:01:23.536+0000] {dagbag.py:538} INFO - Filling up the DagBag from /home/airflow/.local/lib/python3.8/site-packages/airflow/example_dags/example_latest_only_with_trigger.py
[2024-02-10T18:01:23.542+0000] {processor.py:840} INFO - DAG(s) 'latest_only_with_trigger' retrieved from /home/airflow/.local/lib/python3.8/site-packages/airflow/example_dags/example_latest_only_with_trigger.py
[2024-02-10T18:01:23.559+0000] {logging_mixin.py:188} INFO - [2024-02-10T18:01:23.559+0000] {dag.py:3036} INFO - Sync 1 DAGs
[2024-02-10T18:01:23.576+0000] {logging_mixin.py:188} INFO - [2024-02-10T18:01:23.576+0000] {dag.py:3823} INFO - Setting next_dagrun for latest_only_with_trigger to 2024-02-10 12:00:00+00:00, run_after=2024-02-10 16:00:00+00:00
[2024-02-10T18:01:23.597+0000] {processor.py:183} INFO - Processing /home/airflow/.local/lib/python3.8/site-packages/airflow/example_dags/example_latest_only_with_trigger.py took 0.066 seconds
[2024-02-10T18:01:53.744+0000] {processor.py:161} INFO - Started process (PID=2108) to work on /home/airflow/.local/lib/python3.8/site-packages/airflow/example_dags/example_latest_only_with_trigger.py
[2024-02-10T18:01:53.744+0000] {processor.py:830} INFO - Processing file /home/airflow/.local/lib/python3.8/site-packages/airflow/example_dags/example_latest_only_with_trigger.py for tasks to queue
[2024-02-10T18:01:53.746+0000] {logging_mixin.py:188} INFO - [2024-02-10T18:01:53.745+0000] {dagbag.py:538} INFO - Filling up the DagBag from /home/airflow/.local/lib/python3.8/site-packages/airflow/example_dags/example_latest_only_with_trigger.py
[2024-02-10T18:01:53.751+0000] {processor.py:840} INFO - DAG(s) 'latest_only_with_trigger' retrieved from /home/airflow/.local/lib/python3.8/site-packages/airflow/example_dags/example_latest_only_with_trigger.py
[2024-02-10T18:01:53.767+0000] {logging_mixin.py:188} INFO - [2024-02-10T18:01:53.767+0000] {dag.py:3036} INFO - Sync 1 DAGs
[2024-02-10T18:01:53.784+0000] {logging_mixin.py:188} INFO - [2024-02-10T18:01:53.784+0000] {dag.py:3823} INFO - Setting next_dagrun for latest_only_with_trigger to 2024-02-10 12:00:00+00:00, run_after=2024-02-10 16:00:00+00:00
[2024-02-10T18:01:53.804+0000] {processor.py:183} INFO - Processing /home/airflow/.local/lib/python3.8/site-packages/airflow/example_dags/example_latest_only_with_trigger.py took 0.063 seconds
[2024-02-10T18:02:24.086+0000] {processor.py:161} INFO - Started process (PID=2163) to work on /home/airflow/.local/lib/python3.8/site-packages/airflow/example_dags/example_latest_only_with_trigger.py
[2024-02-10T18:02:24.087+0000] {processor.py:830} INFO - Processing file /home/airflow/.local/lib/python3.8/site-packages/airflow/example_dags/example_latest_only_with_trigger.py for tasks to queue
[2024-02-10T18:02:24.088+0000] {logging_mixin.py:188} INFO - [2024-02-10T18:02:24.088+0000] {dagbag.py:538} INFO - Filling up the DagBag from /home/airflow/.local/lib/python3.8/site-packages/airflow/example_dags/example_latest_only_with_trigger.py
[2024-02-10T18:02:24.093+0000] {processor.py:840} INFO - DAG(s) 'latest_only_with_trigger' retrieved from /home/airflow/.local/lib/python3.8/site-packages/airflow/example_dags/example_latest_only_with_trigger.py
[2024-02-10T18:02:24.110+0000] {logging_mixin.py:188} INFO - [2024-02-10T18:02:24.109+0000] {dag.py:3036} INFO - Sync 1 DAGs
[2024-02-10T18:02:24.128+0000] {logging_mixin.py:188} INFO - [2024-02-10T18:02:24.128+0000] {dag.py:3823} INFO - Setting next_dagrun for latest_only_with_trigger to 2024-02-10 12:00:00+00:00, run_after=2024-02-10 16:00:00+00:00
[2024-02-10T18:02:24.153+0000] {processor.py:183} INFO - Processing /home/airflow/.local/lib/python3.8/site-packages/airflow/example_dags/example_latest_only_with_trigger.py took 0.070 seconds
[2024-02-10T18:02:54.523+0000] {processor.py:161} INFO - Started process (PID=2219) to work on /home/airflow/.local/lib/python3.8/site-packages/airflow/example_dags/example_latest_only_with_trigger.py
[2024-02-10T18:02:54.524+0000] {processor.py:830} INFO - Processing file /home/airflow/.local/lib/python3.8/site-packages/airflow/example_dags/example_latest_only_with_trigger.py for tasks to queue
[2024-02-10T18:02:54.526+0000] {logging_mixin.py:188} INFO - [2024-02-10T18:02:54.526+0000] {dagbag.py:538} INFO - Filling up the DagBag from /home/airflow/.local/lib/python3.8/site-packages/airflow/example_dags/example_latest_only_with_trigger.py
[2024-02-10T18:02:54.533+0000] {processor.py:840} INFO - DAG(s) 'latest_only_with_trigger' retrieved from /home/airflow/.local/lib/python3.8/site-packages/airflow/example_dags/example_latest_only_with_trigger.py
[2024-02-10T18:02:54.552+0000] {logging_mixin.py:188} INFO - [2024-02-10T18:02:54.552+0000] {dag.py:3036} INFO - Sync 1 DAGs
[2024-02-10T18:02:54.571+0000] {logging_mixin.py:188} INFO - [2024-02-10T18:02:54.571+0000] {dag.py:3823} INFO - Setting next_dagrun for latest_only_with_trigger to 2024-02-10 12:00:00+00:00, run_after=2024-02-10 16:00:00+00:00
[2024-02-10T18:02:54.591+0000] {processor.py:183} INFO - Processing /home/airflow/.local/lib/python3.8/site-packages/airflow/example_dags/example_latest_only_with_trigger.py took 0.075 seconds
[2024-02-10T18:03:25.201+0000] {processor.py:161} INFO - Started process (PID=2274) to work on /home/airflow/.local/lib/python3.8/site-packages/airflow/example_dags/example_latest_only_with_trigger.py
[2024-02-10T18:03:25.202+0000] {processor.py:830} INFO - Processing file /home/airflow/.local/lib/python3.8/site-packages/airflow/example_dags/example_latest_only_with_trigger.py for tasks to queue
[2024-02-10T18:03:25.204+0000] {logging_mixin.py:188} INFO - [2024-02-10T18:03:25.204+0000] {dagbag.py:538} INFO - Filling up the DagBag from /home/airflow/.local/lib/python3.8/site-packages/airflow/example_dags/example_latest_only_with_trigger.py
[2024-02-10T18:03:25.209+0000] {processor.py:840} INFO - DAG(s) 'latest_only_with_trigger' retrieved from /home/airflow/.local/lib/python3.8/site-packages/airflow/example_dags/example_latest_only_with_trigger.py
[2024-02-10T18:03:25.226+0000] {logging_mixin.py:188} INFO - [2024-02-10T18:03:25.226+0000] {dag.py:3036} INFO - Sync 1 DAGs
[2024-02-10T18:03:25.245+0000] {logging_mixin.py:188} INFO - [2024-02-10T18:03:25.244+0000] {dag.py:3823} INFO - Setting next_dagrun for latest_only_with_trigger to 2024-02-10 12:00:00+00:00, run_after=2024-02-10 16:00:00+00:00
[2024-02-10T18:03:25.264+0000] {processor.py:183} INFO - Processing /home/airflow/.local/lib/python3.8/site-packages/airflow/example_dags/example_latest_only_with_trigger.py took 0.066 seconds
[2024-02-10T18:03:55.365+0000] {processor.py:161} INFO - Started process (PID=2330) to work on /home/airflow/.local/lib/python3.8/site-packages/airflow/example_dags/example_latest_only_with_trigger.py
[2024-02-10T18:03:55.366+0000] {processor.py:830} INFO - Processing file /home/airflow/.local/lib/python3.8/site-packages/airflow/example_dags/example_latest_only_with_trigger.py for tasks to queue
[2024-02-10T18:03:55.367+0000] {logging_mixin.py:188} INFO - [2024-02-10T18:03:55.367+0000] {dagbag.py:538} INFO - Filling up the DagBag from /home/airflow/.local/lib/python3.8/site-packages/airflow/example_dags/example_latest_only_with_trigger.py
[2024-02-10T18:03:55.372+0000] {processor.py:840} INFO - DAG(s) 'latest_only_with_trigger' retrieved from /home/airflow/.local/lib/python3.8/site-packages/airflow/example_dags/example_latest_only_with_trigger.py
[2024-02-10T18:03:55.391+0000] {logging_mixin.py:188} INFO - [2024-02-10T18:03:55.391+0000] {dag.py:3036} INFO - Sync 1 DAGs
[2024-02-10T18:03:55.408+0000] {logging_mixin.py:188} INFO - [2024-02-10T18:03:55.408+0000] {dag.py:3823} INFO - Setting next_dagrun for latest_only_with_trigger to 2024-02-10 12:00:00+00:00, run_after=2024-02-10 16:00:00+00:00
[2024-02-10T18:03:55.536+0000] {processor.py:183} INFO - Processing /home/airflow/.local/lib/python3.8/site-packages/airflow/example_dags/example_latest_only_with_trigger.py took 0.173 seconds
[2024-02-10T18:04:25.627+0000] {processor.py:161} INFO - Started process (PID=2385) to work on /home/airflow/.local/lib/python3.8/site-packages/airflow/example_dags/example_latest_only_with_trigger.py
[2024-02-10T18:04:25.628+0000] {processor.py:830} INFO - Processing file /home/airflow/.local/lib/python3.8/site-packages/airflow/example_dags/example_latest_only_with_trigger.py for tasks to queue
[2024-02-10T18:04:25.630+0000] {logging_mixin.py:188} INFO - [2024-02-10T18:04:25.629+0000] {dagbag.py:538} INFO - Filling up the DagBag from /home/airflow/.local/lib/python3.8/site-packages/airflow/example_dags/example_latest_only_with_trigger.py
[2024-02-10T18:04:25.636+0000] {processor.py:840} INFO - DAG(s) 'latest_only_with_trigger' retrieved from /home/airflow/.local/lib/python3.8/site-packages/airflow/example_dags/example_latest_only_with_trigger.py
[2024-02-10T18:04:25.660+0000] {logging_mixin.py:188} INFO - [2024-02-10T18:04:25.660+0000] {dag.py:3036} INFO - Sync 1 DAGs
[2024-02-10T18:04:25.684+0000] {logging_mixin.py:188} INFO - [2024-02-10T18:04:25.684+0000] {dag.py:3823} INFO - Setting next_dagrun for latest_only_with_trigger to 2024-02-10 12:00:00+00:00, run_after=2024-02-10 16:00:00+00:00
[2024-02-10T18:04:25.708+0000] {processor.py:183} INFO - Processing /home/airflow/.local/lib/python3.8/site-packages/airflow/example_dags/example_latest_only_with_trigger.py took 0.085 seconds
[2024-02-10T18:04:56.288+0000] {processor.py:161} INFO - Started process (PID=2440) to work on /home/airflow/.local/lib/python3.8/site-packages/airflow/example_dags/example_latest_only_with_trigger.py
[2024-02-10T18:04:56.289+0000] {processor.py:830} INFO - Processing file /home/airflow/.local/lib/python3.8/site-packages/airflow/example_dags/example_latest_only_with_trigger.py for tasks to queue
[2024-02-10T18:04:56.290+0000] {logging_mixin.py:188} INFO - [2024-02-10T18:04:56.290+0000] {dagbag.py:538} INFO - Filling up the DagBag from /home/airflow/.local/lib/python3.8/site-packages/airflow/example_dags/example_latest_only_with_trigger.py
[2024-02-10T18:04:56.295+0000] {processor.py:840} INFO - DAG(s) 'latest_only_with_trigger' retrieved from /home/airflow/.local/lib/python3.8/site-packages/airflow/example_dags/example_latest_only_with_trigger.py
[2024-02-10T18:04:56.311+0000] {logging_mixin.py:188} INFO - [2024-02-10T18:04:56.311+0000] {dag.py:3036} INFO - Sync 1 DAGs
[2024-02-10T18:04:56.328+0000] {logging_mixin.py:188} INFO - [2024-02-10T18:04:56.328+0000] {dag.py:3823} INFO - Setting next_dagrun for latest_only_with_trigger to 2024-02-10 12:00:00+00:00, run_after=2024-02-10 16:00:00+00:00
[2024-02-10T18:04:56.348+0000] {processor.py:183} INFO - Processing /home/airflow/.local/lib/python3.8/site-packages/airflow/example_dags/example_latest_only_with_trigger.py took 0.063 seconds
[2024-02-10T18:05:26.442+0000] {processor.py:161} INFO - Started process (PID=2494) to work on /home/airflow/.local/lib/python3.8/site-packages/airflow/example_dags/example_latest_only_with_trigger.py
[2024-02-10T18:05:26.443+0000] {processor.py:830} INFO - Processing file /home/airflow/.local/lib/python3.8/site-packages/airflow/example_dags/example_latest_only_with_trigger.py for tasks to queue
[2024-02-10T18:05:26.445+0000] {logging_mixin.py:188} INFO - [2024-02-10T18:05:26.445+0000] {dagbag.py:538} INFO - Filling up the DagBag from /home/airflow/.local/lib/python3.8/site-packages/airflow/example_dags/example_latest_only_with_trigger.py
[2024-02-10T18:05:26.451+0000] {processor.py:840} INFO - DAG(s) 'latest_only_with_trigger' retrieved from /home/airflow/.local/lib/python3.8/site-packages/airflow/example_dags/example_latest_only_with_trigger.py
[2024-02-10T18:05:26.474+0000] {logging_mixin.py:188} INFO - [2024-02-10T18:05:26.474+0000] {dag.py:3036} INFO - Sync 1 DAGs
[2024-02-10T18:05:26.499+0000] {logging_mixin.py:188} INFO - [2024-02-10T18:05:26.498+0000] {dag.py:3823} INFO - Setting next_dagrun for latest_only_with_trigger to 2024-02-10 12:00:00+00:00, run_after=2024-02-10 16:00:00+00:00
[2024-02-10T18:05:26.524+0000] {processor.py:183} INFO - Processing /home/airflow/.local/lib/python3.8/site-packages/airflow/example_dags/example_latest_only_with_trigger.py took 0.086 seconds
[2024-02-10T18:05:56.664+0000] {processor.py:161} INFO - Started process (PID=2550) to work on /home/airflow/.local/lib/python3.8/site-packages/airflow/example_dags/example_latest_only_with_trigger.py
[2024-02-10T18:05:56.664+0000] {processor.py:830} INFO - Processing file /home/airflow/.local/lib/python3.8/site-packages/airflow/example_dags/example_latest_only_with_trigger.py for tasks to queue
[2024-02-10T18:05:56.666+0000] {logging_mixin.py:188} INFO - [2024-02-10T18:05:56.666+0000] {dagbag.py:538} INFO - Filling up the DagBag from /home/airflow/.local/lib/python3.8/site-packages/airflow/example_dags/example_latest_only_with_trigger.py
[2024-02-10T18:05:56.671+0000] {processor.py:840} INFO - DAG(s) 'latest_only_with_trigger' retrieved from /home/airflow/.local/lib/python3.8/site-packages/airflow/example_dags/example_latest_only_with_trigger.py
[2024-02-10T18:05:56.687+0000] {logging_mixin.py:188} INFO - [2024-02-10T18:05:56.687+0000] {dag.py:3036} INFO - Sync 1 DAGs
[2024-02-10T18:05:56.819+0000] {logging_mixin.py:188} INFO - [2024-02-10T18:05:56.819+0000] {dag.py:3823} INFO - Setting next_dagrun for latest_only_with_trigger to 2024-02-10 12:00:00+00:00, run_after=2024-02-10 16:00:00+00:00
[2024-02-10T18:05:56.838+0000] {processor.py:183} INFO - Processing /home/airflow/.local/lib/python3.8/site-packages/airflow/example_dags/example_latest_only_with_trigger.py took 0.177 seconds
[2024-02-10T18:06:27.291+0000] {processor.py:161} INFO - Started process (PID=2605) to work on /home/airflow/.local/lib/python3.8/site-packages/airflow/example_dags/example_latest_only_with_trigger.py
[2024-02-10T18:06:27.292+0000] {processor.py:830} INFO - Processing file /home/airflow/.local/lib/python3.8/site-packages/airflow/example_dags/example_latest_only_with_trigger.py for tasks to queue
[2024-02-10T18:06:27.294+0000] {logging_mixin.py:188} INFO - [2024-02-10T18:06:27.293+0000] {dagbag.py:538} INFO - Filling up the DagBag from /home/airflow/.local/lib/python3.8/site-packages/airflow/example_dags/example_latest_only_with_trigger.py
[2024-02-10T18:06:27.300+0000] {processor.py:840} INFO - DAG(s) 'latest_only_with_trigger' retrieved from /home/airflow/.local/lib/python3.8/site-packages/airflow/example_dags/example_latest_only_with_trigger.py
[2024-02-10T18:06:27.321+0000] {logging_mixin.py:188} INFO - [2024-02-10T18:06:27.320+0000] {dag.py:3036} INFO - Sync 1 DAGs
[2024-02-10T18:06:27.491+0000] {logging_mixin.py:188} INFO - [2024-02-10T18:06:27.491+0000] {dag.py:3823} INFO - Setting next_dagrun for latest_only_with_trigger to 2024-02-10 12:00:00+00:00, run_after=2024-02-10 16:00:00+00:00
[2024-02-10T18:06:27.516+0000] {processor.py:183} INFO - Processing /home/airflow/.local/lib/python3.8/site-packages/airflow/example_dags/example_latest_only_with_trigger.py took 0.230 seconds
[2024-02-10T18:06:58.350+0000] {processor.py:161} INFO - Started process (PID=2660) to work on /home/airflow/.local/lib/python3.8/site-packages/airflow/example_dags/example_latest_only_with_trigger.py
[2024-02-10T18:06:58.353+0000] {processor.py:830} INFO - Processing file /home/airflow/.local/lib/python3.8/site-packages/airflow/example_dags/example_latest_only_with_trigger.py for tasks to queue
[2024-02-10T18:06:58.355+0000] {logging_mixin.py:188} INFO - [2024-02-10T18:06:58.355+0000] {dagbag.py:538} INFO - Filling up the DagBag from /home/airflow/.local/lib/python3.8/site-packages/airflow/example_dags/example_latest_only_with_trigger.py
[2024-02-10T18:06:58.360+0000] {processor.py:840} INFO - DAG(s) 'latest_only_with_trigger' retrieved from /home/airflow/.local/lib/python3.8/site-packages/airflow/example_dags/example_latest_only_with_trigger.py
[2024-02-10T18:06:58.412+0000] {logging_mixin.py:188} INFO - [2024-02-10T18:06:58.411+0000] {dag.py:3036} INFO - Sync 1 DAGs
[2024-02-10T18:06:58.463+0000] {logging_mixin.py:188} INFO - [2024-02-10T18:06:58.463+0000] {dag.py:3823} INFO - Setting next_dagrun for latest_only_with_trigger to 2024-02-10 12:00:00+00:00, run_after=2024-02-10 16:00:00+00:00
[2024-02-10T18:06:58.511+0000] {processor.py:183} INFO - Processing /home/airflow/.local/lib/python3.8/site-packages/airflow/example_dags/example_latest_only_with_trigger.py took 0.171 seconds
[2024-02-10T18:07:29.236+0000] {processor.py:161} INFO - Started process (PID=2714) to work on /home/airflow/.local/lib/python3.8/site-packages/airflow/example_dags/example_latest_only_with_trigger.py
[2024-02-10T18:07:29.237+0000] {processor.py:830} INFO - Processing file /home/airflow/.local/lib/python3.8/site-packages/airflow/example_dags/example_latest_only_with_trigger.py for tasks to queue
[2024-02-10T18:07:29.241+0000] {logging_mixin.py:188} INFO - [2024-02-10T18:07:29.240+0000] {dagbag.py:538} INFO - Filling up the DagBag from /home/airflow/.local/lib/python3.8/site-packages/airflow/example_dags/example_latest_only_with_trigger.py
[2024-02-10T18:07:29.247+0000] {processor.py:840} INFO - DAG(s) 'latest_only_with_trigger' retrieved from /home/airflow/.local/lib/python3.8/site-packages/airflow/example_dags/example_latest_only_with_trigger.py
[2024-02-10T18:07:29.268+0000] {logging_mixin.py:188} INFO - [2024-02-10T18:07:29.268+0000] {dag.py:3036} INFO - Sync 1 DAGs
[2024-02-10T18:07:29.293+0000] {logging_mixin.py:188} INFO - [2024-02-10T18:07:29.293+0000] {dag.py:3823} INFO - Setting next_dagrun for latest_only_with_trigger to 2024-02-10 12:00:00+00:00, run_after=2024-02-10 16:00:00+00:00
[2024-02-10T18:07:29.344+0000] {processor.py:183} INFO - Processing /home/airflow/.local/lib/python3.8/site-packages/airflow/example_dags/example_latest_only_with_trigger.py took 0.111 seconds
[2024-02-10T18:07:59.593+0000] {processor.py:161} INFO - Started process (PID=2769) to work on /home/airflow/.local/lib/python3.8/site-packages/airflow/example_dags/example_latest_only_with_trigger.py
[2024-02-10T18:07:59.594+0000] {processor.py:830} INFO - Processing file /home/airflow/.local/lib/python3.8/site-packages/airflow/example_dags/example_latest_only_with_trigger.py for tasks to queue
[2024-02-10T18:07:59.596+0000] {logging_mixin.py:188} INFO - [2024-02-10T18:07:59.595+0000] {dagbag.py:538} INFO - Filling up the DagBag from /home/airflow/.local/lib/python3.8/site-packages/airflow/example_dags/example_latest_only_with_trigger.py
[2024-02-10T18:07:59.603+0000] {processor.py:840} INFO - DAG(s) 'latest_only_with_trigger' retrieved from /home/airflow/.local/lib/python3.8/site-packages/airflow/example_dags/example_latest_only_with_trigger.py
[2024-02-10T18:07:59.624+0000] {logging_mixin.py:188} INFO - [2024-02-10T18:07:59.624+0000] {dag.py:3036} INFO - Sync 1 DAGs
[2024-02-10T18:07:59.649+0000] {logging_mixin.py:188} INFO - [2024-02-10T18:07:59.649+0000] {dag.py:3823} INFO - Setting next_dagrun for latest_only_with_trigger to 2024-02-10 12:00:00+00:00, run_after=2024-02-10 16:00:00+00:00
[2024-02-10T18:07:59.680+0000] {processor.py:183} INFO - Processing /home/airflow/.local/lib/python3.8/site-packages/airflow/example_dags/example_latest_only_with_trigger.py took 0.090 seconds
[2024-02-10T18:08:30.094+0000] {processor.py:161} INFO - Started process (PID=2825) to work on /home/airflow/.local/lib/python3.8/site-packages/airflow/example_dags/example_latest_only_with_trigger.py
[2024-02-10T18:08:30.095+0000] {processor.py:830} INFO - Processing file /home/airflow/.local/lib/python3.8/site-packages/airflow/example_dags/example_latest_only_with_trigger.py for tasks to queue
[2024-02-10T18:08:30.097+0000] {logging_mixin.py:188} INFO - [2024-02-10T18:08:30.097+0000] {dagbag.py:538} INFO - Filling up the DagBag from /home/airflow/.local/lib/python3.8/site-packages/airflow/example_dags/example_latest_only_with_trigger.py
[2024-02-10T18:08:30.103+0000] {processor.py:840} INFO - DAG(s) 'latest_only_with_trigger' retrieved from /home/airflow/.local/lib/python3.8/site-packages/airflow/example_dags/example_latest_only_with_trigger.py
[2024-02-10T18:08:30.126+0000] {logging_mixin.py:188} INFO - [2024-02-10T18:08:30.126+0000] {dag.py:3036} INFO - Sync 1 DAGs
[2024-02-10T18:08:30.151+0000] {logging_mixin.py:188} INFO - [2024-02-10T18:08:30.151+0000] {dag.py:3823} INFO - Setting next_dagrun for latest_only_with_trigger to 2024-02-10 12:00:00+00:00, run_after=2024-02-10 16:00:00+00:00
[2024-02-10T18:08:30.177+0000] {processor.py:183} INFO - Processing /home/airflow/.local/lib/python3.8/site-packages/airflow/example_dags/example_latest_only_with_trigger.py took 0.086 seconds
[2024-02-10T18:09:00.764+0000] {processor.py:161} INFO - Started process (PID=2881) to work on /home/airflow/.local/lib/python3.8/site-packages/airflow/example_dags/example_latest_only_with_trigger.py
[2024-02-10T18:09:00.765+0000] {processor.py:830} INFO - Processing file /home/airflow/.local/lib/python3.8/site-packages/airflow/example_dags/example_latest_only_with_trigger.py for tasks to queue
[2024-02-10T18:09:00.767+0000] {logging_mixin.py:188} INFO - [2024-02-10T18:09:00.767+0000] {dagbag.py:538} INFO - Filling up the DagBag from /home/airflow/.local/lib/python3.8/site-packages/airflow/example_dags/example_latest_only_with_trigger.py
[2024-02-10T18:09:00.774+0000] {processor.py:840} INFO - DAG(s) 'latest_only_with_trigger' retrieved from /home/airflow/.local/lib/python3.8/site-packages/airflow/example_dags/example_latest_only_with_trigger.py
[2024-02-10T18:09:00.796+0000] {logging_mixin.py:188} INFO - [2024-02-10T18:09:00.796+0000] {dag.py:3036} INFO - Sync 1 DAGs
[2024-02-10T18:09:00.821+0000] {logging_mixin.py:188} INFO - [2024-02-10T18:09:00.821+0000] {dag.py:3823} INFO - Setting next_dagrun for latest_only_with_trigger to 2024-02-10 12:00:00+00:00, run_after=2024-02-10 16:00:00+00:00
[2024-02-10T18:09:00.845+0000] {processor.py:183} INFO - Processing /home/airflow/.local/lib/python3.8/site-packages/airflow/example_dags/example_latest_only_with_trigger.py took 0.084 seconds
[2024-02-10T18:09:31.174+0000] {processor.py:161} INFO - Started process (PID=2937) to work on /home/airflow/.local/lib/python3.8/site-packages/airflow/example_dags/example_latest_only_with_trigger.py
[2024-02-10T18:09:31.175+0000] {processor.py:830} INFO - Processing file /home/airflow/.local/lib/python3.8/site-packages/airflow/example_dags/example_latest_only_with_trigger.py for tasks to queue
[2024-02-10T18:09:31.177+0000] {logging_mixin.py:188} INFO - [2024-02-10T18:09:31.176+0000] {dagbag.py:538} INFO - Filling up the DagBag from /home/airflow/.local/lib/python3.8/site-packages/airflow/example_dags/example_latest_only_with_trigger.py
[2024-02-10T18:09:31.184+0000] {processor.py:840} INFO - DAG(s) 'latest_only_with_trigger' retrieved from /home/airflow/.local/lib/python3.8/site-packages/airflow/example_dags/example_latest_only_with_trigger.py
[2024-02-10T18:09:31.206+0000] {logging_mixin.py:188} INFO - [2024-02-10T18:09:31.206+0000] {dag.py:3036} INFO - Sync 1 DAGs
[2024-02-10T18:09:31.231+0000] {logging_mixin.py:188} INFO - [2024-02-10T18:09:31.230+0000] {dag.py:3823} INFO - Setting next_dagrun for latest_only_with_trigger to 2024-02-10 12:00:00+00:00, run_after=2024-02-10 16:00:00+00:00
[2024-02-10T18:09:31.255+0000] {processor.py:183} INFO - Processing /home/airflow/.local/lib/python3.8/site-packages/airflow/example_dags/example_latest_only_with_trigger.py took 0.085 seconds
[2024-02-10T18:10:01.454+0000] {processor.py:161} INFO - Started process (PID=2991) to work on /home/airflow/.local/lib/python3.8/site-packages/airflow/example_dags/example_latest_only_with_trigger.py
[2024-02-10T18:10:01.459+0000] {processor.py:830} INFO - Processing file /home/airflow/.local/lib/python3.8/site-packages/airflow/example_dags/example_latest_only_with_trigger.py for tasks to queue
[2024-02-10T18:10:01.461+0000] {logging_mixin.py:188} INFO - [2024-02-10T18:10:01.460+0000] {dagbag.py:538} INFO - Filling up the DagBag from /home/airflow/.local/lib/python3.8/site-packages/airflow/example_dags/example_latest_only_with_trigger.py
[2024-02-10T18:10:01.468+0000] {processor.py:840} INFO - DAG(s) 'latest_only_with_trigger' retrieved from /home/airflow/.local/lib/python3.8/site-packages/airflow/example_dags/example_latest_only_with_trigger.py
[2024-02-10T18:10:01.492+0000] {logging_mixin.py:188} INFO - [2024-02-10T18:10:01.492+0000] {dag.py:3036} INFO - Sync 1 DAGs
[2024-02-10T18:10:01.520+0000] {logging_mixin.py:188} INFO - [2024-02-10T18:10:01.520+0000] {dag.py:3823} INFO - Setting next_dagrun for latest_only_with_trigger to 2024-02-10 12:00:00+00:00, run_after=2024-02-10 16:00:00+00:00
[2024-02-10T18:10:01.553+0000] {processor.py:183} INFO - Processing /home/airflow/.local/lib/python3.8/site-packages/airflow/example_dags/example_latest_only_with_trigger.py took 0.107 seconds
[2024-02-10T18:10:31.793+0000] {processor.py:161} INFO - Started process (PID=3046) to work on /home/airflow/.local/lib/python3.8/site-packages/airflow/example_dags/example_latest_only_with_trigger.py
[2024-02-10T18:10:31.794+0000] {processor.py:830} INFO - Processing file /home/airflow/.local/lib/python3.8/site-packages/airflow/example_dags/example_latest_only_with_trigger.py for tasks to queue
[2024-02-10T18:10:31.796+0000] {logging_mixin.py:188} INFO - [2024-02-10T18:10:31.796+0000] {dagbag.py:538} INFO - Filling up the DagBag from /home/airflow/.local/lib/python3.8/site-packages/airflow/example_dags/example_latest_only_with_trigger.py
[2024-02-10T18:10:31.803+0000] {processor.py:840} INFO - DAG(s) 'latest_only_with_trigger' retrieved from /home/airflow/.local/lib/python3.8/site-packages/airflow/example_dags/example_latest_only_with_trigger.py
[2024-02-10T18:10:31.826+0000] {logging_mixin.py:188} INFO - [2024-02-10T18:10:31.826+0000] {dag.py:3036} INFO - Sync 1 DAGs
[2024-02-10T18:10:31.850+0000] {logging_mixin.py:188} INFO - [2024-02-10T18:10:31.850+0000] {dag.py:3823} INFO - Setting next_dagrun for latest_only_with_trigger to 2024-02-10 12:00:00+00:00, run_after=2024-02-10 16:00:00+00:00
[2024-02-10T18:10:31.876+0000] {processor.py:183} INFO - Processing /home/airflow/.local/lib/python3.8/site-packages/airflow/example_dags/example_latest_only_with_trigger.py took 0.086 seconds
[2024-02-10T18:11:02.405+0000] {processor.py:161} INFO - Started process (PID=3100) to work on /home/airflow/.local/lib/python3.8/site-packages/airflow/example_dags/example_latest_only_with_trigger.py
[2024-02-10T18:11:02.406+0000] {processor.py:830} INFO - Processing file /home/airflow/.local/lib/python3.8/site-packages/airflow/example_dags/example_latest_only_with_trigger.py for tasks to queue
[2024-02-10T18:11:02.408+0000] {logging_mixin.py:188} INFO - [2024-02-10T18:11:02.407+0000] {dagbag.py:538} INFO - Filling up the DagBag from /home/airflow/.local/lib/python3.8/site-packages/airflow/example_dags/example_latest_only_with_trigger.py
[2024-02-10T18:11:02.414+0000] {processor.py:840} INFO - DAG(s) 'latest_only_with_trigger' retrieved from /home/airflow/.local/lib/python3.8/site-packages/airflow/example_dags/example_latest_only_with_trigger.py
[2024-02-10T18:11:02.438+0000] {logging_mixin.py:188} INFO - [2024-02-10T18:11:02.438+0000] {dag.py:3036} INFO - Sync 1 DAGs
[2024-02-10T18:11:02.463+0000] {logging_mixin.py:188} INFO - [2024-02-10T18:11:02.463+0000] {dag.py:3823} INFO - Setting next_dagrun for latest_only_with_trigger to 2024-02-10 12:00:00+00:00, run_after=2024-02-10 16:00:00+00:00
[2024-02-10T18:11:02.486+0000] {processor.py:183} INFO - Processing /home/airflow/.local/lib/python3.8/site-packages/airflow/example_dags/example_latest_only_with_trigger.py took 0.085 seconds
[2024-02-10T18:11:32.844+0000] {processor.py:161} INFO - Started process (PID=3156) to work on /home/airflow/.local/lib/python3.8/site-packages/airflow/example_dags/example_latest_only_with_trigger.py
[2024-02-10T18:11:32.850+0000] {processor.py:830} INFO - Processing file /home/airflow/.local/lib/python3.8/site-packages/airflow/example_dags/example_latest_only_with_trigger.py for tasks to queue
[2024-02-10T18:11:32.851+0000] {logging_mixin.py:188} INFO - [2024-02-10T18:11:32.851+0000] {dagbag.py:538} INFO - Filling up the DagBag from /home/airflow/.local/lib/python3.8/site-packages/airflow/example_dags/example_latest_only_with_trigger.py
[2024-02-10T18:11:32.859+0000] {processor.py:840} INFO - DAG(s) 'latest_only_with_trigger' retrieved from /home/airflow/.local/lib/python3.8/site-packages/airflow/example_dags/example_latest_only_with_trigger.py
[2024-02-10T18:11:32.912+0000] {logging_mixin.py:188} INFO - [2024-02-10T18:11:32.912+0000] {dag.py:3036} INFO - Sync 1 DAGs
[2024-02-10T18:11:32.970+0000] {logging_mixin.py:188} INFO - [2024-02-10T18:11:32.970+0000] {dag.py:3823} INFO - Setting next_dagrun for latest_only_with_trigger to 2024-02-10 12:00:00+00:00, run_after=2024-02-10 16:00:00+00:00
[2024-02-10T18:11:33.010+0000] {processor.py:183} INFO - Processing /home/airflow/.local/lib/python3.8/site-packages/airflow/example_dags/example_latest_only_with_trigger.py took 0.173 seconds
[2024-02-10T18:12:03.120+0000] {processor.py:161} INFO - Started process (PID=3211) to work on /home/airflow/.local/lib/python3.8/site-packages/airflow/example_dags/example_latest_only_with_trigger.py
[2024-02-10T18:12:03.122+0000] {processor.py:830} INFO - Processing file /home/airflow/.local/lib/python3.8/site-packages/airflow/example_dags/example_latest_only_with_trigger.py for tasks to queue
[2024-02-10T18:12:03.124+0000] {logging_mixin.py:188} INFO - [2024-02-10T18:12:03.123+0000] {dagbag.py:538} INFO - Filling up the DagBag from /home/airflow/.local/lib/python3.8/site-packages/airflow/example_dags/example_latest_only_with_trigger.py
[2024-02-10T18:12:03.130+0000] {processor.py:840} INFO - DAG(s) 'latest_only_with_trigger' retrieved from /home/airflow/.local/lib/python3.8/site-packages/airflow/example_dags/example_latest_only_with_trigger.py
[2024-02-10T18:12:03.151+0000] {logging_mixin.py:188} INFO - [2024-02-10T18:12:03.151+0000] {dag.py:3036} INFO - Sync 1 DAGs
[2024-02-10T18:12:03.176+0000] {logging_mixin.py:188} INFO - [2024-02-10T18:12:03.176+0000] {dag.py:3823} INFO - Setting next_dagrun for latest_only_with_trigger to 2024-02-10 12:00:00+00:00, run_after=2024-02-10 16:00:00+00:00
[2024-02-10T18:12:03.205+0000] {processor.py:183} INFO - Processing /home/airflow/.local/lib/python3.8/site-packages/airflow/example_dags/example_latest_only_with_trigger.py took 0.092 seconds
[2024-02-10T18:12:33.788+0000] {processor.py:161} INFO - Started process (PID=3267) to work on /home/airflow/.local/lib/python3.8/site-packages/airflow/example_dags/example_latest_only_with_trigger.py
[2024-02-10T18:12:33.789+0000] {processor.py:830} INFO - Processing file /home/airflow/.local/lib/python3.8/site-packages/airflow/example_dags/example_latest_only_with_trigger.py for tasks to queue
[2024-02-10T18:12:33.791+0000] {logging_mixin.py:188} INFO - [2024-02-10T18:12:33.791+0000] {dagbag.py:538} INFO - Filling up the DagBag from /home/airflow/.local/lib/python3.8/site-packages/airflow/example_dags/example_latest_only_with_trigger.py
[2024-02-10T18:12:33.798+0000] {processor.py:840} INFO - DAG(s) 'latest_only_with_trigger' retrieved from /home/airflow/.local/lib/python3.8/site-packages/airflow/example_dags/example_latest_only_with_trigger.py
[2024-02-10T18:12:33.825+0000] {logging_mixin.py:188} INFO - [2024-02-10T18:12:33.825+0000] {dag.py:3036} INFO - Sync 1 DAGs
[2024-02-10T18:12:33.848+0000] {logging_mixin.py:188} INFO - [2024-02-10T18:12:33.848+0000] {dag.py:3823} INFO - Setting next_dagrun for latest_only_with_trigger to 2024-02-10 12:00:00+00:00, run_after=2024-02-10 16:00:00+00:00
[2024-02-10T18:12:33.884+0000] {processor.py:183} INFO - Processing /home/airflow/.local/lib/python3.8/site-packages/airflow/example_dags/example_latest_only_with_trigger.py took 0.100 seconds
[2024-02-10T18:13:04.046+0000] {processor.py:161} INFO - Started process (PID=3322) to work on /home/airflow/.local/lib/python3.8/site-packages/airflow/example_dags/example_latest_only_with_trigger.py
[2024-02-10T18:13:04.053+0000] {processor.py:830} INFO - Processing file /home/airflow/.local/lib/python3.8/site-packages/airflow/example_dags/example_latest_only_with_trigger.py for tasks to queue
[2024-02-10T18:13:04.055+0000] {logging_mixin.py:188} INFO - [2024-02-10T18:13:04.055+0000] {dagbag.py:538} INFO - Filling up the DagBag from /home/airflow/.local/lib/python3.8/site-packages/airflow/example_dags/example_latest_only_with_trigger.py
[2024-02-10T18:13:04.067+0000] {processor.py:840} INFO - DAG(s) 'latest_only_with_trigger' retrieved from /home/airflow/.local/lib/python3.8/site-packages/airflow/example_dags/example_latest_only_with_trigger.py
[2024-02-10T18:13:04.114+0000] {logging_mixin.py:188} INFO - [2024-02-10T18:13:04.114+0000] {dag.py:3036} INFO - Sync 1 DAGs
[2024-02-10T18:13:04.168+0000] {logging_mixin.py:188} INFO - [2024-02-10T18:13:04.168+0000] {dag.py:3823} INFO - Setting next_dagrun for latest_only_with_trigger to 2024-02-10 12:00:00+00:00, run_after=2024-02-10 16:00:00+00:00
[2024-02-10T18:13:04.215+0000] {processor.py:183} INFO - Processing /home/airflow/.local/lib/python3.8/site-packages/airflow/example_dags/example_latest_only_with_trigger.py took 0.176 seconds
[2024-02-10T18:13:34.287+0000] {processor.py:161} INFO - Started process (PID=3376) to work on /home/airflow/.local/lib/python3.8/site-packages/airflow/example_dags/example_latest_only_with_trigger.py
[2024-02-10T18:13:34.288+0000] {processor.py:830} INFO - Processing file /home/airflow/.local/lib/python3.8/site-packages/airflow/example_dags/example_latest_only_with_trigger.py for tasks to queue
[2024-02-10T18:13:34.290+0000] {logging_mixin.py:188} INFO - [2024-02-10T18:13:34.290+0000] {dagbag.py:538} INFO - Filling up the DagBag from /home/airflow/.local/lib/python3.8/site-packages/airflow/example_dags/example_latest_only_with_trigger.py
[2024-02-10T18:13:34.301+0000] {processor.py:840} INFO - DAG(s) 'latest_only_with_trigger' retrieved from /home/airflow/.local/lib/python3.8/site-packages/airflow/example_dags/example_latest_only_with_trigger.py
[2024-02-10T18:13:34.326+0000] {logging_mixin.py:188} INFO - [2024-02-10T18:13:34.326+0000] {dag.py:3036} INFO - Sync 1 DAGs
[2024-02-10T18:13:34.351+0000] {logging_mixin.py:188} INFO - [2024-02-10T18:13:34.351+0000] {dag.py:3823} INFO - Setting next_dagrun for latest_only_with_trigger to 2024-02-10 12:00:00+00:00, run_after=2024-02-10 16:00:00+00:00
[2024-02-10T18:13:34.375+0000] {processor.py:183} INFO - Processing /home/airflow/.local/lib/python3.8/site-packages/airflow/example_dags/example_latest_only_with_trigger.py took 0.091 seconds
[2024-02-10T18:14:04.793+0000] {processor.py:161} INFO - Started process (PID=3431) to work on /home/airflow/.local/lib/python3.8/site-packages/airflow/example_dags/example_latest_only_with_trigger.py
[2024-02-10T18:14:04.797+0000] {processor.py:830} INFO - Processing file /home/airflow/.local/lib/python3.8/site-packages/airflow/example_dags/example_latest_only_with_trigger.py for tasks to queue
[2024-02-10T18:14:04.805+0000] {logging_mixin.py:188} INFO - [2024-02-10T18:14:04.804+0000] {dagbag.py:538} INFO - Filling up the DagBag from /home/airflow/.local/lib/python3.8/site-packages/airflow/example_dags/example_latest_only_with_trigger.py
[2024-02-10T18:14:04.814+0000] {processor.py:840} INFO - DAG(s) 'latest_only_with_trigger' retrieved from /home/airflow/.local/lib/python3.8/site-packages/airflow/example_dags/example_latest_only_with_trigger.py
[2024-02-10T18:14:04.837+0000] {logging_mixin.py:188} INFO - [2024-02-10T18:14:04.837+0000] {dag.py:3036} INFO - Sync 1 DAGs
[2024-02-10T18:14:04.868+0000] {logging_mixin.py:188} INFO - [2024-02-10T18:14:04.868+0000] {dag.py:3823} INFO - Setting next_dagrun for latest_only_with_trigger to 2024-02-10 12:00:00+00:00, run_after=2024-02-10 16:00:00+00:00
[2024-02-10T18:14:04.890+0000] {processor.py:183} INFO - Processing /home/airflow/.local/lib/python3.8/site-packages/airflow/example_dags/example_latest_only_with_trigger.py took 0.104 seconds
[2024-02-10T18:14:35.151+0000] {processor.py:161} INFO - Started process (PID=3486) to work on /home/airflow/.local/lib/python3.8/site-packages/airflow/example_dags/example_latest_only_with_trigger.py
[2024-02-10T18:14:35.152+0000] {processor.py:830} INFO - Processing file /home/airflow/.local/lib/python3.8/site-packages/airflow/example_dags/example_latest_only_with_trigger.py for tasks to queue
[2024-02-10T18:14:35.154+0000] {logging_mixin.py:188} INFO - [2024-02-10T18:14:35.154+0000] {dagbag.py:538} INFO - Filling up the DagBag from /home/airflow/.local/lib/python3.8/site-packages/airflow/example_dags/example_latest_only_with_trigger.py
[2024-02-10T18:14:35.161+0000] {processor.py:840} INFO - DAG(s) 'latest_only_with_trigger' retrieved from /home/airflow/.local/lib/python3.8/site-packages/airflow/example_dags/example_latest_only_with_trigger.py
[2024-02-10T18:14:35.186+0000] {logging_mixin.py:188} INFO - [2024-02-10T18:14:35.185+0000] {dag.py:3036} INFO - Sync 1 DAGs
[2024-02-10T18:14:35.217+0000] {logging_mixin.py:188} INFO - [2024-02-10T18:14:35.217+0000] {dag.py:3823} INFO - Setting next_dagrun for latest_only_with_trigger to 2024-02-10 12:00:00+00:00, run_after=2024-02-10 16:00:00+00:00
[2024-02-10T18:14:35.240+0000] {processor.py:183} INFO - Processing /home/airflow/.local/lib/python3.8/site-packages/airflow/example_dags/example_latest_only_with_trigger.py took 0.092 seconds
[2024-02-10T18:15:05.369+0000] {processor.py:161} INFO - Started process (PID=3541) to work on /home/airflow/.local/lib/python3.8/site-packages/airflow/example_dags/example_latest_only_with_trigger.py
[2024-02-10T18:15:05.381+0000] {processor.py:830} INFO - Processing file /home/airflow/.local/lib/python3.8/site-packages/airflow/example_dags/example_latest_only_with_trigger.py for tasks to queue
[2024-02-10T18:15:05.383+0000] {logging_mixin.py:188} INFO - [2024-02-10T18:15:05.382+0000] {dagbag.py:538} INFO - Filling up the DagBag from /home/airflow/.local/lib/python3.8/site-packages/airflow/example_dags/example_latest_only_with_trigger.py
[2024-02-10T18:15:05.406+0000] {processor.py:840} INFO - DAG(s) 'latest_only_with_trigger' retrieved from /home/airflow/.local/lib/python3.8/site-packages/airflow/example_dags/example_latest_only_with_trigger.py
[2024-02-10T18:15:05.478+0000] {logging_mixin.py:188} INFO - [2024-02-10T18:15:05.478+0000] {dag.py:3036} INFO - Sync 1 DAGs
[2024-02-10T18:15:05.529+0000] {logging_mixin.py:188} INFO - [2024-02-10T18:15:05.529+0000] {dag.py:3823} INFO - Setting next_dagrun for latest_only_with_trigger to 2024-02-10 12:00:00+00:00, run_after=2024-02-10 16:00:00+00:00
[2024-02-10T18:15:05.564+0000] {processor.py:183} INFO - Processing /home/airflow/.local/lib/python3.8/site-packages/airflow/example_dags/example_latest_only_with_trigger.py took 0.199 seconds
[2024-02-10T18:15:36.019+0000] {processor.py:161} INFO - Started process (PID=3596) to work on /home/airflow/.local/lib/python3.8/site-packages/airflow/example_dags/example_latest_only_with_trigger.py
[2024-02-10T18:15:36.019+0000] {processor.py:830} INFO - Processing file /home/airflow/.local/lib/python3.8/site-packages/airflow/example_dags/example_latest_only_with_trigger.py for tasks to queue
[2024-02-10T18:15:36.021+0000] {logging_mixin.py:188} INFO - [2024-02-10T18:15:36.021+0000] {dagbag.py:538} INFO - Filling up the DagBag from /home/airflow/.local/lib/python3.8/site-packages/airflow/example_dags/example_latest_only_with_trigger.py
[2024-02-10T18:15:36.028+0000] {processor.py:840} INFO - DAG(s) 'latest_only_with_trigger' retrieved from /home/airflow/.local/lib/python3.8/site-packages/airflow/example_dags/example_latest_only_with_trigger.py
[2024-02-10T18:15:36.049+0000] {logging_mixin.py:188} INFO - [2024-02-10T18:15:36.049+0000] {dag.py:3036} INFO - Sync 1 DAGs
[2024-02-10T18:15:36.072+0000] {logging_mixin.py:188} INFO - [2024-02-10T18:15:36.072+0000] {dag.py:3823} INFO - Setting next_dagrun for latest_only_with_trigger to 2024-02-10 12:00:00+00:00, run_after=2024-02-10 16:00:00+00:00
[2024-02-10T18:15:36.096+0000] {processor.py:183} INFO - Processing /home/airflow/.local/lib/python3.8/site-packages/airflow/example_dags/example_latest_only_with_trigger.py took 0.081 seconds
[2024-02-10T18:16:06.313+0000] {processor.py:161} INFO - Started process (PID=3652) to work on /home/airflow/.local/lib/python3.8/site-packages/airflow/example_dags/example_latest_only_with_trigger.py
[2024-02-10T18:16:06.314+0000] {processor.py:830} INFO - Processing file /home/airflow/.local/lib/python3.8/site-packages/airflow/example_dags/example_latest_only_with_trigger.py for tasks to queue
[2024-02-10T18:16:06.316+0000] {logging_mixin.py:188} INFO - [2024-02-10T18:16:06.315+0000] {dagbag.py:538} INFO - Filling up the DagBag from /home/airflow/.local/lib/python3.8/site-packages/airflow/example_dags/example_latest_only_with_trigger.py
[2024-02-10T18:16:06.322+0000] {processor.py:840} INFO - DAG(s) 'latest_only_with_trigger' retrieved from /home/airflow/.local/lib/python3.8/site-packages/airflow/example_dags/example_latest_only_with_trigger.py
[2024-02-10T18:16:06.344+0000] {logging_mixin.py:188} INFO - [2024-02-10T18:16:06.344+0000] {dag.py:3036} INFO - Sync 1 DAGs
[2024-02-10T18:16:06.373+0000] {logging_mixin.py:188} INFO - [2024-02-10T18:16:06.373+0000] {dag.py:3823} INFO - Setting next_dagrun for latest_only_with_trigger to 2024-02-10 12:00:00+00:00, run_after=2024-02-10 16:00:00+00:00
[2024-02-10T18:16:06.403+0000] {processor.py:183} INFO - Processing /home/airflow/.local/lib/python3.8/site-packages/airflow/example_dags/example_latest_only_with_trigger.py took 0.094 seconds
