[2024-02-10T17:43:07.355+0000] {processor.py:161} INFO - Started process (PID=63) to work on /home/airflow/.local/lib/python3.8/site-packages/airflow/example_dags/example_sensors.py
[2024-02-10T17:43:07.355+0000] {processor.py:830} INFO - Processing file /home/airflow/.local/lib/python3.8/site-packages/airflow/example_dags/example_sensors.py for tasks to queue
[2024-02-10T17:43:07.357+0000] {logging_mixin.py:188} INFO - [2024-02-10T17:43:07.357+0000] {dagbag.py:538} INFO - Filling up the DagBag from /home/airflow/.local/lib/python3.8/site-packages/airflow/example_dags/example_sensors.py
[2024-02-10T17:43:07.425+0000] {processor.py:840} INFO - DAG(s) 'example_sensors' retrieved from /home/airflow/.local/lib/python3.8/site-packages/airflow/example_dags/example_sensors.py
[2024-02-10T17:43:07.894+0000] {logging_mixin.py:188} INFO - [2024-02-10T17:43:07.893+0000] {dag.py:3036} INFO - Sync 1 DAGs
[2024-02-10T17:43:07.921+0000] {logging_mixin.py:188} INFO - [2024-02-10T17:43:07.921+0000] {dag.py:3823} INFO - Setting next_dagrun for example_sensors to None, run_after=None
[2024-02-10T17:43:07.991+0000] {processor.py:183} INFO - Processing /home/airflow/.local/lib/python3.8/site-packages/airflow/example_dags/example_sensors.py took 0.663 seconds
[2024-02-10T17:43:38.598+0000] {processor.py:161} INFO - Started process (PID=118) to work on /home/airflow/.local/lib/python3.8/site-packages/airflow/example_dags/example_sensors.py
[2024-02-10T17:43:38.599+0000] {processor.py:830} INFO - Processing file /home/airflow/.local/lib/python3.8/site-packages/airflow/example_dags/example_sensors.py for tasks to queue
[2024-02-10T17:43:38.601+0000] {logging_mixin.py:188} INFO - [2024-02-10T17:43:38.600+0000] {dagbag.py:538} INFO - Filling up the DagBag from /home/airflow/.local/lib/python3.8/site-packages/airflow/example_dags/example_sensors.py
[2024-02-10T17:43:38.620+0000] {processor.py:840} INFO - DAG(s) 'example_sensors' retrieved from /home/airflow/.local/lib/python3.8/site-packages/airflow/example_dags/example_sensors.py
[2024-02-10T17:43:38.660+0000] {logging_mixin.py:188} INFO - [2024-02-10T17:43:38.660+0000] {dag.py:3036} INFO - Sync 1 DAGs
[2024-02-10T17:43:38.671+0000] {logging_mixin.py:188} INFO - [2024-02-10T17:43:38.671+0000] {dag.py:3823} INFO - Setting next_dagrun for example_sensors to None, run_after=None
[2024-02-10T17:43:38.695+0000] {processor.py:183} INFO - Processing /home/airflow/.local/lib/python3.8/site-packages/airflow/example_dags/example_sensors.py took 0.101 seconds
[2024-02-10T17:44:08.962+0000] {processor.py:161} INFO - Started process (PID=173) to work on /home/airflow/.local/lib/python3.8/site-packages/airflow/example_dags/example_sensors.py
[2024-02-10T17:44:08.963+0000] {processor.py:830} INFO - Processing file /home/airflow/.local/lib/python3.8/site-packages/airflow/example_dags/example_sensors.py for tasks to queue
[2024-02-10T17:44:08.965+0000] {logging_mixin.py:188} INFO - [2024-02-10T17:44:08.965+0000] {dagbag.py:538} INFO - Filling up the DagBag from /home/airflow/.local/lib/python3.8/site-packages/airflow/example_dags/example_sensors.py
[2024-02-10T17:44:08.977+0000] {processor.py:840} INFO - DAG(s) 'example_sensors' retrieved from /home/airflow/.local/lib/python3.8/site-packages/airflow/example_dags/example_sensors.py
[2024-02-10T17:44:09.007+0000] {logging_mixin.py:188} INFO - [2024-02-10T17:44:09.007+0000] {dag.py:3036} INFO - Sync 1 DAGs
[2024-02-10T17:44:09.022+0000] {logging_mixin.py:188} INFO - [2024-02-10T17:44:09.021+0000] {dag.py:3823} INFO - Setting next_dagrun for example_sensors to None, run_after=None
[2024-02-10T17:44:09.046+0000] {processor.py:183} INFO - Processing /home/airflow/.local/lib/python3.8/site-packages/airflow/example_dags/example_sensors.py took 0.087 seconds
[2024-02-10T17:44:39.587+0000] {processor.py:161} INFO - Started process (PID=228) to work on /home/airflow/.local/lib/python3.8/site-packages/airflow/example_dags/example_sensors.py
[2024-02-10T17:44:39.587+0000] {processor.py:830} INFO - Processing file /home/airflow/.local/lib/python3.8/site-packages/airflow/example_dags/example_sensors.py for tasks to queue
[2024-02-10T17:44:39.589+0000] {logging_mixin.py:188} INFO - [2024-02-10T17:44:39.589+0000] {dagbag.py:538} INFO - Filling up the DagBag from /home/airflow/.local/lib/python3.8/site-packages/airflow/example_dags/example_sensors.py
[2024-02-10T17:44:39.600+0000] {processor.py:840} INFO - DAG(s) 'example_sensors' retrieved from /home/airflow/.local/lib/python3.8/site-packages/airflow/example_dags/example_sensors.py
[2024-02-10T17:44:39.633+0000] {logging_mixin.py:188} INFO - [2024-02-10T17:44:39.633+0000] {dag.py:3036} INFO - Sync 1 DAGs
[2024-02-10T17:44:39.645+0000] {logging_mixin.py:188} INFO - [2024-02-10T17:44:39.645+0000] {dag.py:3823} INFO - Setting next_dagrun for example_sensors to None, run_after=None
[2024-02-10T17:44:39.673+0000] {processor.py:183} INFO - Processing /home/airflow/.local/lib/python3.8/site-packages/airflow/example_dags/example_sensors.py took 0.090 seconds
[2024-02-10T17:45:10.071+0000] {processor.py:161} INFO - Started process (PID=283) to work on /home/airflow/.local/lib/python3.8/site-packages/airflow/example_dags/example_sensors.py
[2024-02-10T17:45:10.072+0000] {processor.py:830} INFO - Processing file /home/airflow/.local/lib/python3.8/site-packages/airflow/example_dags/example_sensors.py for tasks to queue
[2024-02-10T17:45:10.074+0000] {logging_mixin.py:188} INFO - [2024-02-10T17:45:10.073+0000] {dagbag.py:538} INFO - Filling up the DagBag from /home/airflow/.local/lib/python3.8/site-packages/airflow/example_dags/example_sensors.py
[2024-02-10T17:45:10.085+0000] {processor.py:840} INFO - DAG(s) 'example_sensors' retrieved from /home/airflow/.local/lib/python3.8/site-packages/airflow/example_dags/example_sensors.py
[2024-02-10T17:45:10.119+0000] {logging_mixin.py:188} INFO - [2024-02-10T17:45:10.118+0000] {dag.py:3036} INFO - Sync 1 DAGs
[2024-02-10T17:45:10.133+0000] {logging_mixin.py:188} INFO - [2024-02-10T17:45:10.132+0000] {dag.py:3823} INFO - Setting next_dagrun for example_sensors to None, run_after=None
[2024-02-10T17:45:10.157+0000] {processor.py:183} INFO - Processing /home/airflow/.local/lib/python3.8/site-packages/airflow/example_dags/example_sensors.py took 0.089 seconds
[2024-02-10T17:45:40.474+0000] {processor.py:161} INFO - Started process (PID=337) to work on /home/airflow/.local/lib/python3.8/site-packages/airflow/example_dags/example_sensors.py
[2024-02-10T17:45:40.475+0000] {processor.py:830} INFO - Processing file /home/airflow/.local/lib/python3.8/site-packages/airflow/example_dags/example_sensors.py for tasks to queue
[2024-02-10T17:45:40.476+0000] {logging_mixin.py:188} INFO - [2024-02-10T17:45:40.476+0000] {dagbag.py:538} INFO - Filling up the DagBag from /home/airflow/.local/lib/python3.8/site-packages/airflow/example_dags/example_sensors.py
[2024-02-10T17:45:40.488+0000] {processor.py:840} INFO - DAG(s) 'example_sensors' retrieved from /home/airflow/.local/lib/python3.8/site-packages/airflow/example_dags/example_sensors.py
[2024-02-10T17:45:40.521+0000] {logging_mixin.py:188} INFO - [2024-02-10T17:45:40.521+0000] {dag.py:3036} INFO - Sync 1 DAGs
[2024-02-10T17:45:40.533+0000] {logging_mixin.py:188} INFO - [2024-02-10T17:45:40.533+0000] {dag.py:3823} INFO - Setting next_dagrun for example_sensors to None, run_after=None
[2024-02-10T17:45:40.554+0000] {processor.py:183} INFO - Processing /home/airflow/.local/lib/python3.8/site-packages/airflow/example_dags/example_sensors.py took 0.084 seconds
[2024-02-10T17:46:10.623+0000] {processor.py:161} INFO - Started process (PID=393) to work on /home/airflow/.local/lib/python3.8/site-packages/airflow/example_dags/example_sensors.py
[2024-02-10T17:46:10.624+0000] {processor.py:830} INFO - Processing file /home/airflow/.local/lib/python3.8/site-packages/airflow/example_dags/example_sensors.py for tasks to queue
[2024-02-10T17:46:10.625+0000] {logging_mixin.py:188} INFO - [2024-02-10T17:46:10.625+0000] {dagbag.py:538} INFO - Filling up the DagBag from /home/airflow/.local/lib/python3.8/site-packages/airflow/example_dags/example_sensors.py
[2024-02-10T17:46:10.660+0000] {processor.py:840} INFO - DAG(s) 'example_sensors' retrieved from /home/airflow/.local/lib/python3.8/site-packages/airflow/example_dags/example_sensors.py
[2024-02-10T17:46:10.742+0000] {logging_mixin.py:188} INFO - [2024-02-10T17:46:10.742+0000] {dag.py:3036} INFO - Sync 1 DAGs
[2024-02-10T17:46:10.767+0000] {logging_mixin.py:188} INFO - [2024-02-10T17:46:10.766+0000] {dag.py:3823} INFO - Setting next_dagrun for example_sensors to None, run_after=None
[2024-02-10T17:46:10.803+0000] {processor.py:183} INFO - Processing /home/airflow/.local/lib/python3.8/site-packages/airflow/example_dags/example_sensors.py took 0.192 seconds
[2024-02-10T17:46:41.913+0000] {processor.py:161} INFO - Started process (PID=449) to work on /home/airflow/.local/lib/python3.8/site-packages/airflow/example_dags/example_sensors.py
[2024-02-10T17:46:41.914+0000] {processor.py:830} INFO - Processing file /home/airflow/.local/lib/python3.8/site-packages/airflow/example_dags/example_sensors.py for tasks to queue
[2024-02-10T17:46:41.916+0000] {logging_mixin.py:188} INFO - [2024-02-10T17:46:41.916+0000] {dagbag.py:538} INFO - Filling up the DagBag from /home/airflow/.local/lib/python3.8/site-packages/airflow/example_dags/example_sensors.py
[2024-02-10T17:46:41.929+0000] {processor.py:840} INFO - DAG(s) 'example_sensors' retrieved from /home/airflow/.local/lib/python3.8/site-packages/airflow/example_dags/example_sensors.py
[2024-02-10T17:46:42.011+0000] {logging_mixin.py:188} INFO - [2024-02-10T17:46:42.011+0000] {dag.py:3036} INFO - Sync 1 DAGs
[2024-02-10T17:46:42.049+0000] {logging_mixin.py:188} INFO - [2024-02-10T17:46:42.049+0000] {dag.py:3823} INFO - Setting next_dagrun for example_sensors to None, run_after=None
[2024-02-10T17:46:42.102+0000] {processor.py:183} INFO - Processing /home/airflow/.local/lib/python3.8/site-packages/airflow/example_dags/example_sensors.py took 0.193 seconds
[2024-02-10T17:47:12.159+0000] {processor.py:161} INFO - Started process (PID=505) to work on /home/airflow/.local/lib/python3.8/site-packages/airflow/example_dags/example_sensors.py
[2024-02-10T17:47:12.160+0000] {processor.py:830} INFO - Processing file /home/airflow/.local/lib/python3.8/site-packages/airflow/example_dags/example_sensors.py for tasks to queue
[2024-02-10T17:47:12.161+0000] {logging_mixin.py:188} INFO - [2024-02-10T17:47:12.161+0000] {dagbag.py:538} INFO - Filling up the DagBag from /home/airflow/.local/lib/python3.8/site-packages/airflow/example_dags/example_sensors.py
[2024-02-10T17:47:12.172+0000] {processor.py:840} INFO - DAG(s) 'example_sensors' retrieved from /home/airflow/.local/lib/python3.8/site-packages/airflow/example_dags/example_sensors.py
[2024-02-10T17:47:12.195+0000] {logging_mixin.py:188} INFO - [2024-02-10T17:47:12.195+0000] {dag.py:3036} INFO - Sync 1 DAGs
[2024-02-10T17:47:12.204+0000] {logging_mixin.py:188} INFO - [2024-02-10T17:47:12.204+0000] {dag.py:3823} INFO - Setting next_dagrun for example_sensors to None, run_after=None
[2024-02-10T17:47:12.224+0000] {processor.py:183} INFO - Processing /home/airflow/.local/lib/python3.8/site-packages/airflow/example_dags/example_sensors.py took 0.069 seconds
[2024-02-10T17:47:42.438+0000] {processor.py:161} INFO - Started process (PID=560) to work on /home/airflow/.local/lib/python3.8/site-packages/airflow/example_dags/example_sensors.py
[2024-02-10T17:47:42.438+0000] {processor.py:830} INFO - Processing file /home/airflow/.local/lib/python3.8/site-packages/airflow/example_dags/example_sensors.py for tasks to queue
[2024-02-10T17:47:42.440+0000] {logging_mixin.py:188} INFO - [2024-02-10T17:47:42.440+0000] {dagbag.py:538} INFO - Filling up the DagBag from /home/airflow/.local/lib/python3.8/site-packages/airflow/example_dags/example_sensors.py
[2024-02-10T17:47:42.450+0000] {processor.py:840} INFO - DAG(s) 'example_sensors' retrieved from /home/airflow/.local/lib/python3.8/site-packages/airflow/example_dags/example_sensors.py
[2024-02-10T17:47:42.479+0000] {logging_mixin.py:188} INFO - [2024-02-10T17:47:42.478+0000] {dag.py:3036} INFO - Sync 1 DAGs
[2024-02-10T17:47:42.493+0000] {logging_mixin.py:188} INFO - [2024-02-10T17:47:42.493+0000] {dag.py:3823} INFO - Setting next_dagrun for example_sensors to None, run_after=None
[2024-02-10T17:47:42.517+0000] {processor.py:183} INFO - Processing /home/airflow/.local/lib/python3.8/site-packages/airflow/example_dags/example_sensors.py took 0.083 seconds
[2024-02-10T17:48:12.744+0000] {processor.py:161} INFO - Started process (PID=617) to work on /home/airflow/.local/lib/python3.8/site-packages/airflow/example_dags/example_sensors.py
[2024-02-10T17:48:12.745+0000] {processor.py:830} INFO - Processing file /home/airflow/.local/lib/python3.8/site-packages/airflow/example_dags/example_sensors.py for tasks to queue
[2024-02-10T17:48:12.747+0000] {logging_mixin.py:188} INFO - [2024-02-10T17:48:12.746+0000] {dagbag.py:538} INFO - Filling up the DagBag from /home/airflow/.local/lib/python3.8/site-packages/airflow/example_dags/example_sensors.py
[2024-02-10T17:48:12.757+0000] {processor.py:840} INFO - DAG(s) 'example_sensors' retrieved from /home/airflow/.local/lib/python3.8/site-packages/airflow/example_dags/example_sensors.py
[2024-02-10T17:48:12.777+0000] {logging_mixin.py:188} INFO - [2024-02-10T17:48:12.777+0000] {dag.py:3036} INFO - Sync 1 DAGs
[2024-02-10T17:48:12.787+0000] {logging_mixin.py:188} INFO - [2024-02-10T17:48:12.787+0000] {dag.py:3823} INFO - Setting next_dagrun for example_sensors to None, run_after=None
[2024-02-10T17:48:12.808+0000] {processor.py:183} INFO - Processing /home/airflow/.local/lib/python3.8/site-packages/airflow/example_dags/example_sensors.py took 0.068 seconds
[2024-02-10T17:48:43.529+0000] {processor.py:161} INFO - Started process (PID=674) to work on /home/airflow/.local/lib/python3.8/site-packages/airflow/example_dags/example_sensors.py
[2024-02-10T17:48:43.530+0000] {processor.py:830} INFO - Processing file /home/airflow/.local/lib/python3.8/site-packages/airflow/example_dags/example_sensors.py for tasks to queue
[2024-02-10T17:48:43.532+0000] {logging_mixin.py:188} INFO - [2024-02-10T17:48:43.531+0000] {dagbag.py:538} INFO - Filling up the DagBag from /home/airflow/.local/lib/python3.8/site-packages/airflow/example_dags/example_sensors.py
[2024-02-10T17:48:43.542+0000] {processor.py:840} INFO - DAG(s) 'example_sensors' retrieved from /home/airflow/.local/lib/python3.8/site-packages/airflow/example_dags/example_sensors.py
[2024-02-10T17:48:43.571+0000] {logging_mixin.py:188} INFO - [2024-02-10T17:48:43.570+0000] {dag.py:3036} INFO - Sync 1 DAGs
[2024-02-10T17:48:43.583+0000] {logging_mixin.py:188} INFO - [2024-02-10T17:48:43.583+0000] {dag.py:3823} INFO - Setting next_dagrun for example_sensors to None, run_after=None
[2024-02-10T17:48:43.605+0000] {processor.py:183} INFO - Processing /home/airflow/.local/lib/python3.8/site-packages/airflow/example_dags/example_sensors.py took 0.080 seconds
[2024-02-10T17:49:14.145+0000] {processor.py:161} INFO - Started process (PID=729) to work on /home/airflow/.local/lib/python3.8/site-packages/airflow/example_dags/example_sensors.py
[2024-02-10T17:49:14.146+0000] {processor.py:830} INFO - Processing file /home/airflow/.local/lib/python3.8/site-packages/airflow/example_dags/example_sensors.py for tasks to queue
[2024-02-10T17:49:14.148+0000] {logging_mixin.py:188} INFO - [2024-02-10T17:49:14.147+0000] {dagbag.py:538} INFO - Filling up the DagBag from /home/airflow/.local/lib/python3.8/site-packages/airflow/example_dags/example_sensors.py
[2024-02-10T17:49:14.158+0000] {processor.py:840} INFO - DAG(s) 'example_sensors' retrieved from /home/airflow/.local/lib/python3.8/site-packages/airflow/example_dags/example_sensors.py
[2024-02-10T17:49:14.188+0000] {logging_mixin.py:188} INFO - [2024-02-10T17:49:14.188+0000] {dag.py:3036} INFO - Sync 1 DAGs
[2024-02-10T17:49:14.203+0000] {logging_mixin.py:188} INFO - [2024-02-10T17:49:14.203+0000] {dag.py:3823} INFO - Setting next_dagrun for example_sensors to None, run_after=None
[2024-02-10T17:49:14.228+0000] {processor.py:183} INFO - Processing /home/airflow/.local/lib/python3.8/site-packages/airflow/example_dags/example_sensors.py took 0.087 seconds
[2024-02-10T17:49:44.461+0000] {processor.py:161} INFO - Started process (PID=784) to work on /home/airflow/.local/lib/python3.8/site-packages/airflow/example_dags/example_sensors.py
[2024-02-10T17:49:44.461+0000] {processor.py:830} INFO - Processing file /home/airflow/.local/lib/python3.8/site-packages/airflow/example_dags/example_sensors.py for tasks to queue
[2024-02-10T17:49:44.464+0000] {logging_mixin.py:188} INFO - [2024-02-10T17:49:44.464+0000] {dagbag.py:538} INFO - Filling up the DagBag from /home/airflow/.local/lib/python3.8/site-packages/airflow/example_dags/example_sensors.py
[2024-02-10T17:49:44.474+0000] {processor.py:840} INFO - DAG(s) 'example_sensors' retrieved from /home/airflow/.local/lib/python3.8/site-packages/airflow/example_dags/example_sensors.py
[2024-02-10T17:49:44.503+0000] {logging_mixin.py:188} INFO - [2024-02-10T17:49:44.502+0000] {dag.py:3036} INFO - Sync 1 DAGs
[2024-02-10T17:49:44.516+0000] {logging_mixin.py:188} INFO - [2024-02-10T17:49:44.516+0000] {dag.py:3823} INFO - Setting next_dagrun for example_sensors to None, run_after=None
[2024-02-10T17:49:44.544+0000] {processor.py:183} INFO - Processing /home/airflow/.local/lib/python3.8/site-packages/airflow/example_dags/example_sensors.py took 0.087 seconds
[2024-02-10T17:50:15.238+0000] {processor.py:161} INFO - Started process (PID=839) to work on /home/airflow/.local/lib/python3.8/site-packages/airflow/example_dags/example_sensors.py
[2024-02-10T17:50:15.239+0000] {processor.py:830} INFO - Processing file /home/airflow/.local/lib/python3.8/site-packages/airflow/example_dags/example_sensors.py for tasks to queue
[2024-02-10T17:50:15.241+0000] {logging_mixin.py:188} INFO - [2024-02-10T17:50:15.240+0000] {dagbag.py:538} INFO - Filling up the DagBag from /home/airflow/.local/lib/python3.8/site-packages/airflow/example_dags/example_sensors.py
[2024-02-10T17:50:15.252+0000] {processor.py:840} INFO - DAG(s) 'example_sensors' retrieved from /home/airflow/.local/lib/python3.8/site-packages/airflow/example_dags/example_sensors.py
[2024-02-10T17:50:15.275+0000] {logging_mixin.py:188} INFO - [2024-02-10T17:50:15.275+0000] {dag.py:3036} INFO - Sync 1 DAGs
[2024-02-10T17:50:15.290+0000] {logging_mixin.py:188} INFO - [2024-02-10T17:50:15.289+0000] {dag.py:3823} INFO - Setting next_dagrun for example_sensors to None, run_after=None
[2024-02-10T17:50:15.313+0000] {processor.py:183} INFO - Processing /home/airflow/.local/lib/python3.8/site-packages/airflow/example_dags/example_sensors.py took 0.079 seconds
[2024-02-10T17:50:46.474+0000] {processor.py:161} INFO - Started process (PID=894) to work on /home/airflow/.local/lib/python3.8/site-packages/airflow/example_dags/example_sensors.py
[2024-02-10T17:50:46.475+0000] {processor.py:830} INFO - Processing file /home/airflow/.local/lib/python3.8/site-packages/airflow/example_dags/example_sensors.py for tasks to queue
[2024-02-10T17:50:46.477+0000] {logging_mixin.py:188} INFO - [2024-02-10T17:50:46.476+0000] {dagbag.py:538} INFO - Filling up the DagBag from /home/airflow/.local/lib/python3.8/site-packages/airflow/example_dags/example_sensors.py
[2024-02-10T17:50:46.486+0000] {processor.py:840} INFO - DAG(s) 'example_sensors' retrieved from /home/airflow/.local/lib/python3.8/site-packages/airflow/example_dags/example_sensors.py
[2024-02-10T17:50:46.515+0000] {logging_mixin.py:188} INFO - [2024-02-10T17:50:46.515+0000] {dag.py:3036} INFO - Sync 1 DAGs
[2024-02-10T17:50:46.529+0000] {logging_mixin.py:188} INFO - [2024-02-10T17:50:46.529+0000] {dag.py:3823} INFO - Setting next_dagrun for example_sensors to None, run_after=None
[2024-02-10T17:50:46.553+0000] {processor.py:183} INFO - Processing /home/airflow/.local/lib/python3.8/site-packages/airflow/example_dags/example_sensors.py took 0.082 seconds
[2024-02-10T17:51:16.756+0000] {processor.py:161} INFO - Started process (PID=949) to work on /home/airflow/.local/lib/python3.8/site-packages/airflow/example_dags/example_sensors.py
[2024-02-10T17:51:16.757+0000] {processor.py:830} INFO - Processing file /home/airflow/.local/lib/python3.8/site-packages/airflow/example_dags/example_sensors.py for tasks to queue
[2024-02-10T17:51:16.759+0000] {logging_mixin.py:188} INFO - [2024-02-10T17:51:16.759+0000] {dagbag.py:538} INFO - Filling up the DagBag from /home/airflow/.local/lib/python3.8/site-packages/airflow/example_dags/example_sensors.py
[2024-02-10T17:51:16.769+0000] {processor.py:840} INFO - DAG(s) 'example_sensors' retrieved from /home/airflow/.local/lib/python3.8/site-packages/airflow/example_dags/example_sensors.py
[2024-02-10T17:51:16.798+0000] {logging_mixin.py:188} INFO - [2024-02-10T17:51:16.798+0000] {dag.py:3036} INFO - Sync 1 DAGs
[2024-02-10T17:51:16.813+0000] {logging_mixin.py:188} INFO - [2024-02-10T17:51:16.813+0000] {dag.py:3823} INFO - Setting next_dagrun for example_sensors to None, run_after=None
[2024-02-10T17:51:16.845+0000] {processor.py:183} INFO - Processing /home/airflow/.local/lib/python3.8/site-packages/airflow/example_dags/example_sensors.py took 0.092 seconds
[2024-02-10T17:51:48.399+0000] {processor.py:161} INFO - Started process (PID=1010) to work on /home/airflow/.local/lib/python3.8/site-packages/airflow/example_dags/example_sensors.py
[2024-02-10T17:51:48.406+0000] {processor.py:830} INFO - Processing file /home/airflow/.local/lib/python3.8/site-packages/airflow/example_dags/example_sensors.py for tasks to queue
[2024-02-10T17:51:48.419+0000] {logging_mixin.py:188} INFO - [2024-02-10T17:51:48.419+0000] {dagbag.py:538} INFO - Filling up the DagBag from /home/airflow/.local/lib/python3.8/site-packages/airflow/example_dags/example_sensors.py
[2024-02-10T17:51:48.441+0000] {processor.py:840} INFO - DAG(s) 'example_sensors' retrieved from /home/airflow/.local/lib/python3.8/site-packages/airflow/example_dags/example_sensors.py
[2024-02-10T17:51:48.517+0000] {logging_mixin.py:188} INFO - [2024-02-10T17:51:48.516+0000] {dag.py:3036} INFO - Sync 1 DAGs
[2024-02-10T17:51:48.548+0000] {logging_mixin.py:188} INFO - [2024-02-10T17:51:48.548+0000] {dag.py:3823} INFO - Setting next_dagrun for example_sensors to None, run_after=None
[2024-02-10T17:51:48.591+0000] {processor.py:183} INFO - Processing /home/airflow/.local/lib/python3.8/site-packages/airflow/example_dags/example_sensors.py took 0.196 seconds
[2024-02-10T17:52:19.621+0000] {processor.py:161} INFO - Started process (PID=1065) to work on /home/airflow/.local/lib/python3.8/site-packages/airflow/example_dags/example_sensors.py
[2024-02-10T17:52:19.630+0000] {processor.py:830} INFO - Processing file /home/airflow/.local/lib/python3.8/site-packages/airflow/example_dags/example_sensors.py for tasks to queue
[2024-02-10T17:52:19.632+0000] {logging_mixin.py:188} INFO - [2024-02-10T17:52:19.632+0000] {dagbag.py:538} INFO - Filling up the DagBag from /home/airflow/.local/lib/python3.8/site-packages/airflow/example_dags/example_sensors.py
[2024-02-10T17:52:19.685+0000] {processor.py:840} INFO - DAG(s) 'example_sensors' retrieved from /home/airflow/.local/lib/python3.8/site-packages/airflow/example_dags/example_sensors.py
[2024-02-10T17:52:19.862+0000] {logging_mixin.py:188} INFO - [2024-02-10T17:52:19.862+0000] {dag.py:3036} INFO - Sync 1 DAGs
[2024-02-10T17:52:19.917+0000] {logging_mixin.py:188} INFO - [2024-02-10T17:52:19.916+0000] {dag.py:3823} INFO - Setting next_dagrun for example_sensors to None, run_after=None
[2024-02-10T17:52:20.003+0000] {processor.py:183} INFO - Processing /home/airflow/.local/lib/python3.8/site-packages/airflow/example_dags/example_sensors.py took 0.392 seconds
[2024-02-10T17:52:50.330+0000] {processor.py:161} INFO - Started process (PID=1120) to work on /home/airflow/.local/lib/python3.8/site-packages/airflow/example_dags/example_sensors.py
[2024-02-10T17:52:50.340+0000] {processor.py:830} INFO - Processing file /home/airflow/.local/lib/python3.8/site-packages/airflow/example_dags/example_sensors.py for tasks to queue
[2024-02-10T17:52:50.341+0000] {logging_mixin.py:188} INFO - [2024-02-10T17:52:50.341+0000] {dagbag.py:538} INFO - Filling up the DagBag from /home/airflow/.local/lib/python3.8/site-packages/airflow/example_dags/example_sensors.py
[2024-02-10T17:52:50.352+0000] {processor.py:840} INFO - DAG(s) 'example_sensors' retrieved from /home/airflow/.local/lib/python3.8/site-packages/airflow/example_dags/example_sensors.py
[2024-02-10T17:52:50.385+0000] {logging_mixin.py:188} INFO - [2024-02-10T17:52:50.385+0000] {dag.py:3036} INFO - Sync 1 DAGs
[2024-02-10T17:52:50.399+0000] {logging_mixin.py:188} INFO - [2024-02-10T17:52:50.399+0000] {dag.py:3823} INFO - Setting next_dagrun for example_sensors to None, run_after=None
[2024-02-10T17:52:50.425+0000] {processor.py:183} INFO - Processing /home/airflow/.local/lib/python3.8/site-packages/airflow/example_dags/example_sensors.py took 0.099 seconds
[2024-02-10T17:53:20.587+0000] {processor.py:161} INFO - Started process (PID=1175) to work on /home/airflow/.local/lib/python3.8/site-packages/airflow/example_dags/example_sensors.py
[2024-02-10T17:53:20.588+0000] {processor.py:830} INFO - Processing file /home/airflow/.local/lib/python3.8/site-packages/airflow/example_dags/example_sensors.py for tasks to queue
[2024-02-10T17:53:20.590+0000] {logging_mixin.py:188} INFO - [2024-02-10T17:53:20.589+0000] {dagbag.py:538} INFO - Filling up the DagBag from /home/airflow/.local/lib/python3.8/site-packages/airflow/example_dags/example_sensors.py
[2024-02-10T17:53:20.600+0000] {processor.py:840} INFO - DAG(s) 'example_sensors' retrieved from /home/airflow/.local/lib/python3.8/site-packages/airflow/example_dags/example_sensors.py
[2024-02-10T17:53:20.631+0000] {logging_mixin.py:188} INFO - [2024-02-10T17:53:20.631+0000] {dag.py:3036} INFO - Sync 1 DAGs
[2024-02-10T17:53:20.644+0000] {logging_mixin.py:188} INFO - [2024-02-10T17:53:20.644+0000] {dag.py:3823} INFO - Setting next_dagrun for example_sensors to None, run_after=None
[2024-02-10T17:53:20.677+0000] {processor.py:183} INFO - Processing /home/airflow/.local/lib/python3.8/site-packages/airflow/example_dags/example_sensors.py took 0.094 seconds
[2024-02-10T17:53:51.235+0000] {processor.py:161} INFO - Started process (PID=1231) to work on /home/airflow/.local/lib/python3.8/site-packages/airflow/example_dags/example_sensors.py
[2024-02-10T17:53:51.236+0000] {processor.py:830} INFO - Processing file /home/airflow/.local/lib/python3.8/site-packages/airflow/example_dags/example_sensors.py for tasks to queue
[2024-02-10T17:53:51.238+0000] {logging_mixin.py:188} INFO - [2024-02-10T17:53:51.238+0000] {dagbag.py:538} INFO - Filling up the DagBag from /home/airflow/.local/lib/python3.8/site-packages/airflow/example_dags/example_sensors.py
[2024-02-10T17:53:51.249+0000] {processor.py:840} INFO - DAG(s) 'example_sensors' retrieved from /home/airflow/.local/lib/python3.8/site-packages/airflow/example_dags/example_sensors.py
[2024-02-10T17:53:51.278+0000] {logging_mixin.py:188} INFO - [2024-02-10T17:53:51.278+0000] {dag.py:3036} INFO - Sync 1 DAGs
[2024-02-10T17:53:51.289+0000] {logging_mixin.py:188} INFO - [2024-02-10T17:53:51.289+0000] {dag.py:3823} INFO - Setting next_dagrun for example_sensors to None, run_after=None
[2024-02-10T17:53:51.312+0000] {processor.py:183} INFO - Processing /home/airflow/.local/lib/python3.8/site-packages/airflow/example_dags/example_sensors.py took 0.081 seconds
[2024-02-10T17:54:21.533+0000] {processor.py:161} INFO - Started process (PID=1287) to work on /home/airflow/.local/lib/python3.8/site-packages/airflow/example_dags/example_sensors.py
[2024-02-10T17:54:21.534+0000] {processor.py:830} INFO - Processing file /home/airflow/.local/lib/python3.8/site-packages/airflow/example_dags/example_sensors.py for tasks to queue
[2024-02-10T17:54:21.536+0000] {logging_mixin.py:188} INFO - [2024-02-10T17:54:21.536+0000] {dagbag.py:538} INFO - Filling up the DagBag from /home/airflow/.local/lib/python3.8/site-packages/airflow/example_dags/example_sensors.py
[2024-02-10T17:54:21.546+0000] {processor.py:840} INFO - DAG(s) 'example_sensors' retrieved from /home/airflow/.local/lib/python3.8/site-packages/airflow/example_dags/example_sensors.py
[2024-02-10T17:54:21.574+0000] {logging_mixin.py:188} INFO - [2024-02-10T17:54:21.574+0000] {dag.py:3036} INFO - Sync 1 DAGs
[2024-02-10T17:54:21.587+0000] {logging_mixin.py:188} INFO - [2024-02-10T17:54:21.587+0000] {dag.py:3823} INFO - Setting next_dagrun for example_sensors to None, run_after=None
[2024-02-10T17:54:21.612+0000] {processor.py:183} INFO - Processing /home/airflow/.local/lib/python3.8/site-packages/airflow/example_dags/example_sensors.py took 0.083 seconds
[2024-02-10T17:54:51.987+0000] {processor.py:161} INFO - Started process (PID=1342) to work on /home/airflow/.local/lib/python3.8/site-packages/airflow/example_dags/example_sensors.py
[2024-02-10T17:54:51.988+0000] {processor.py:830} INFO - Processing file /home/airflow/.local/lib/python3.8/site-packages/airflow/example_dags/example_sensors.py for tasks to queue
[2024-02-10T17:54:51.990+0000] {logging_mixin.py:188} INFO - [2024-02-10T17:54:51.990+0000] {dagbag.py:538} INFO - Filling up the DagBag from /home/airflow/.local/lib/python3.8/site-packages/airflow/example_dags/example_sensors.py
[2024-02-10T17:54:52.000+0000] {processor.py:840} INFO - DAG(s) 'example_sensors' retrieved from /home/airflow/.local/lib/python3.8/site-packages/airflow/example_dags/example_sensors.py
[2024-02-10T17:54:52.028+0000] {logging_mixin.py:188} INFO - [2024-02-10T17:54:52.028+0000] {dag.py:3036} INFO - Sync 1 DAGs
[2024-02-10T17:54:52.041+0000] {logging_mixin.py:188} INFO - [2024-02-10T17:54:52.041+0000] {dag.py:3823} INFO - Setting next_dagrun for example_sensors to None, run_after=None
[2024-02-10T17:54:52.066+0000] {processor.py:183} INFO - Processing /home/airflow/.local/lib/python3.8/site-packages/airflow/example_dags/example_sensors.py took 0.083 seconds
[2024-02-10T17:55:22.355+0000] {processor.py:161} INFO - Started process (PID=1397) to work on /home/airflow/.local/lib/python3.8/site-packages/airflow/example_dags/example_sensors.py
[2024-02-10T17:55:22.355+0000] {processor.py:830} INFO - Processing file /home/airflow/.local/lib/python3.8/site-packages/airflow/example_dags/example_sensors.py for tasks to queue
[2024-02-10T17:55:22.357+0000] {logging_mixin.py:188} INFO - [2024-02-10T17:55:22.357+0000] {dagbag.py:538} INFO - Filling up the DagBag from /home/airflow/.local/lib/python3.8/site-packages/airflow/example_dags/example_sensors.py
[2024-02-10T17:55:22.368+0000] {processor.py:840} INFO - DAG(s) 'example_sensors' retrieved from /home/airflow/.local/lib/python3.8/site-packages/airflow/example_dags/example_sensors.py
[2024-02-10T17:55:22.397+0000] {logging_mixin.py:188} INFO - [2024-02-10T17:55:22.397+0000] {dag.py:3036} INFO - Sync 1 DAGs
[2024-02-10T17:55:22.411+0000] {logging_mixin.py:188} INFO - [2024-02-10T17:55:22.411+0000] {dag.py:3823} INFO - Setting next_dagrun for example_sensors to None, run_after=None
[2024-02-10T17:55:22.434+0000] {processor.py:183} INFO - Processing /home/airflow/.local/lib/python3.8/site-packages/airflow/example_dags/example_sensors.py took 0.083 seconds
[2024-02-10T17:55:52.784+0000] {processor.py:161} INFO - Started process (PID=1453) to work on /home/airflow/.local/lib/python3.8/site-packages/airflow/example_dags/example_sensors.py
[2024-02-10T17:55:52.785+0000] {processor.py:830} INFO - Processing file /home/airflow/.local/lib/python3.8/site-packages/airflow/example_dags/example_sensors.py for tasks to queue
[2024-02-10T17:55:52.787+0000] {logging_mixin.py:188} INFO - [2024-02-10T17:55:52.786+0000] {dagbag.py:538} INFO - Filling up the DagBag from /home/airflow/.local/lib/python3.8/site-packages/airflow/example_dags/example_sensors.py
[2024-02-10T17:55:52.797+0000] {processor.py:840} INFO - DAG(s) 'example_sensors' retrieved from /home/airflow/.local/lib/python3.8/site-packages/airflow/example_dags/example_sensors.py
[2024-02-10T17:55:52.824+0000] {logging_mixin.py:188} INFO - [2024-02-10T17:55:52.824+0000] {dag.py:3036} INFO - Sync 1 DAGs
[2024-02-10T17:55:52.838+0000] {logging_mixin.py:188} INFO - [2024-02-10T17:55:52.838+0000] {dag.py:3823} INFO - Setting next_dagrun for example_sensors to None, run_after=None
[2024-02-10T17:55:52.861+0000] {processor.py:183} INFO - Processing /home/airflow/.local/lib/python3.8/site-packages/airflow/example_dags/example_sensors.py took 0.081 seconds
[2024-02-10T17:56:23.338+0000] {processor.py:161} INFO - Started process (PID=1509) to work on /home/airflow/.local/lib/python3.8/site-packages/airflow/example_dags/example_sensors.py
[2024-02-10T17:56:23.338+0000] {processor.py:830} INFO - Processing file /home/airflow/.local/lib/python3.8/site-packages/airflow/example_dags/example_sensors.py for tasks to queue
[2024-02-10T17:56:23.339+0000] {logging_mixin.py:188} INFO - [2024-02-10T17:56:23.339+0000] {dagbag.py:538} INFO - Filling up the DagBag from /home/airflow/.local/lib/python3.8/site-packages/airflow/example_dags/example_sensors.py
[2024-02-10T17:56:23.347+0000] {processor.py:840} INFO - DAG(s) 'example_sensors' retrieved from /home/airflow/.local/lib/python3.8/site-packages/airflow/example_dags/example_sensors.py
[2024-02-10T17:56:23.367+0000] {logging_mixin.py:188} INFO - [2024-02-10T17:56:23.367+0000] {dag.py:3036} INFO - Sync 1 DAGs
[2024-02-10T17:56:23.376+0000] {logging_mixin.py:188} INFO - [2024-02-10T17:56:23.376+0000] {dag.py:3823} INFO - Setting next_dagrun for example_sensors to None, run_after=None
[2024-02-10T17:56:23.396+0000] {processor.py:183} INFO - Processing /home/airflow/.local/lib/python3.8/site-packages/airflow/example_dags/example_sensors.py took 0.061 seconds
[2024-02-10T17:56:54.017+0000] {processor.py:161} INFO - Started process (PID=1565) to work on /home/airflow/.local/lib/python3.8/site-packages/airflow/example_dags/example_sensors.py
[2024-02-10T17:56:54.018+0000] {processor.py:830} INFO - Processing file /home/airflow/.local/lib/python3.8/site-packages/airflow/example_dags/example_sensors.py for tasks to queue
[2024-02-10T17:56:54.019+0000] {logging_mixin.py:188} INFO - [2024-02-10T17:56:54.019+0000] {dagbag.py:538} INFO - Filling up the DagBag from /home/airflow/.local/lib/python3.8/site-packages/airflow/example_dags/example_sensors.py
[2024-02-10T17:56:54.029+0000] {processor.py:840} INFO - DAG(s) 'example_sensors' retrieved from /home/airflow/.local/lib/python3.8/site-packages/airflow/example_dags/example_sensors.py
[2024-02-10T17:56:54.060+0000] {logging_mixin.py:188} INFO - [2024-02-10T17:56:54.060+0000] {dag.py:3036} INFO - Sync 1 DAGs
[2024-02-10T17:56:54.075+0000] {logging_mixin.py:188} INFO - [2024-02-10T17:56:54.075+0000] {dag.py:3823} INFO - Setting next_dagrun for example_sensors to None, run_after=None
[2024-02-10T17:56:54.111+0000] {processor.py:183} INFO - Processing /home/airflow/.local/lib/python3.8/site-packages/airflow/example_dags/example_sensors.py took 0.097 seconds
[2024-02-10T17:57:24.394+0000] {processor.py:161} INFO - Started process (PID=1620) to work on /home/airflow/.local/lib/python3.8/site-packages/airflow/example_dags/example_sensors.py
[2024-02-10T17:57:24.395+0000] {processor.py:830} INFO - Processing file /home/airflow/.local/lib/python3.8/site-packages/airflow/example_dags/example_sensors.py for tasks to queue
[2024-02-10T17:57:24.397+0000] {logging_mixin.py:188} INFO - [2024-02-10T17:57:24.397+0000] {dagbag.py:538} INFO - Filling up the DagBag from /home/airflow/.local/lib/python3.8/site-packages/airflow/example_dags/example_sensors.py
[2024-02-10T17:57:24.408+0000] {processor.py:840} INFO - DAG(s) 'example_sensors' retrieved from /home/airflow/.local/lib/python3.8/site-packages/airflow/example_dags/example_sensors.py
[2024-02-10T17:57:24.439+0000] {logging_mixin.py:188} INFO - [2024-02-10T17:57:24.439+0000] {dag.py:3036} INFO - Sync 1 DAGs
[2024-02-10T17:57:24.451+0000] {logging_mixin.py:188} INFO - [2024-02-10T17:57:24.451+0000] {dag.py:3823} INFO - Setting next_dagrun for example_sensors to None, run_after=None
[2024-02-10T17:57:24.472+0000] {processor.py:183} INFO - Processing /home/airflow/.local/lib/python3.8/site-packages/airflow/example_dags/example_sensors.py took 0.082 seconds
[2024-02-10T17:57:54.835+0000] {processor.py:161} INFO - Started process (PID=1675) to work on /home/airflow/.local/lib/python3.8/site-packages/airflow/example_dags/example_sensors.py
[2024-02-10T17:57:54.836+0000] {processor.py:830} INFO - Processing file /home/airflow/.local/lib/python3.8/site-packages/airflow/example_dags/example_sensors.py for tasks to queue
[2024-02-10T17:57:54.838+0000] {logging_mixin.py:188} INFO - [2024-02-10T17:57:54.838+0000] {dagbag.py:538} INFO - Filling up the DagBag from /home/airflow/.local/lib/python3.8/site-packages/airflow/example_dags/example_sensors.py
[2024-02-10T17:57:54.847+0000] {processor.py:840} INFO - DAG(s) 'example_sensors' retrieved from /home/airflow/.local/lib/python3.8/site-packages/airflow/example_dags/example_sensors.py
[2024-02-10T17:57:54.874+0000] {logging_mixin.py:188} INFO - [2024-02-10T17:57:54.874+0000] {dag.py:3036} INFO - Sync 1 DAGs
[2024-02-10T17:57:54.887+0000] {logging_mixin.py:188} INFO - [2024-02-10T17:57:54.887+0000] {dag.py:3823} INFO - Setting next_dagrun for example_sensors to None, run_after=None
[2024-02-10T17:57:54.913+0000] {processor.py:183} INFO - Processing /home/airflow/.local/lib/python3.8/site-packages/airflow/example_dags/example_sensors.py took 0.081 seconds
[2024-02-10T17:58:25.837+0000] {processor.py:161} INFO - Started process (PID=1731) to work on /home/airflow/.local/lib/python3.8/site-packages/airflow/example_dags/example_sensors.py
[2024-02-10T17:58:25.838+0000] {processor.py:830} INFO - Processing file /home/airflow/.local/lib/python3.8/site-packages/airflow/example_dags/example_sensors.py for tasks to queue
[2024-02-10T17:58:25.839+0000] {logging_mixin.py:188} INFO - [2024-02-10T17:58:25.839+0000] {dagbag.py:538} INFO - Filling up the DagBag from /home/airflow/.local/lib/python3.8/site-packages/airflow/example_dags/example_sensors.py
[2024-02-10T17:58:25.876+0000] {processor.py:840} INFO - DAG(s) 'example_sensors' retrieved from /home/airflow/.local/lib/python3.8/site-packages/airflow/example_dags/example_sensors.py
[2024-02-10T17:58:25.934+0000] {logging_mixin.py:188} INFO - [2024-02-10T17:58:25.934+0000] {dag.py:3036} INFO - Sync 1 DAGs
[2024-02-10T17:58:25.960+0000] {logging_mixin.py:188} INFO - [2024-02-10T17:58:25.960+0000] {dag.py:3823} INFO - Setting next_dagrun for example_sensors to None, run_after=None
[2024-02-10T17:58:26.015+0000] {processor.py:183} INFO - Processing /home/airflow/.local/lib/python3.8/site-packages/airflow/example_dags/example_sensors.py took 0.192 seconds
[2024-02-10T17:58:56.344+0000] {processor.py:161} INFO - Started process (PID=1786) to work on /home/airflow/.local/lib/python3.8/site-packages/airflow/example_dags/example_sensors.py
[2024-02-10T17:58:56.344+0000] {processor.py:830} INFO - Processing file /home/airflow/.local/lib/python3.8/site-packages/airflow/example_dags/example_sensors.py for tasks to queue
[2024-02-10T17:58:56.348+0000] {logging_mixin.py:188} INFO - [2024-02-10T17:58:56.348+0000] {dagbag.py:538} INFO - Filling up the DagBag from /home/airflow/.local/lib/python3.8/site-packages/airflow/example_dags/example_sensors.py
[2024-02-10T17:58:56.368+0000] {processor.py:840} INFO - DAG(s) 'example_sensors' retrieved from /home/airflow/.local/lib/python3.8/site-packages/airflow/example_dags/example_sensors.py
[2024-02-10T17:58:56.470+0000] {logging_mixin.py:188} INFO - [2024-02-10T17:58:56.470+0000] {dag.py:3036} INFO - Sync 1 DAGs
[2024-02-10T17:58:56.508+0000] {logging_mixin.py:188} INFO - [2024-02-10T17:58:56.508+0000] {dag.py:3823} INFO - Setting next_dagrun for example_sensors to None, run_after=None
[2024-02-10T17:58:56.541+0000] {processor.py:183} INFO - Processing /home/airflow/.local/lib/python3.8/site-packages/airflow/example_dags/example_sensors.py took 0.201 seconds
[2024-02-10T17:59:26.722+0000] {processor.py:161} INFO - Started process (PID=1840) to work on /home/airflow/.local/lib/python3.8/site-packages/airflow/example_dags/example_sensors.py
[2024-02-10T17:59:26.754+0000] {processor.py:830} INFO - Processing file /home/airflow/.local/lib/python3.8/site-packages/airflow/example_dags/example_sensors.py for tasks to queue
[2024-02-10T17:59:26.756+0000] {logging_mixin.py:188} INFO - [2024-02-10T17:59:26.756+0000] {dagbag.py:538} INFO - Filling up the DagBag from /home/airflow/.local/lib/python3.8/site-packages/airflow/example_dags/example_sensors.py
[2024-02-10T17:59:26.774+0000] {processor.py:840} INFO - DAG(s) 'example_sensors' retrieved from /home/airflow/.local/lib/python3.8/site-packages/airflow/example_dags/example_sensors.py
[2024-02-10T17:59:26.826+0000] {logging_mixin.py:188} INFO - [2024-02-10T17:59:26.825+0000] {dag.py:3036} INFO - Sync 1 DAGs
[2024-02-10T17:59:26.840+0000] {logging_mixin.py:188} INFO - [2024-02-10T17:59:26.840+0000] {dag.py:3823} INFO - Setting next_dagrun for example_sensors to None, run_after=None
[2024-02-10T17:59:26.874+0000] {processor.py:183} INFO - Processing /home/airflow/.local/lib/python3.8/site-packages/airflow/example_dags/example_sensors.py took 0.158 seconds
[2024-02-10T17:59:57.895+0000] {processor.py:161} INFO - Started process (PID=1895) to work on /home/airflow/.local/lib/python3.8/site-packages/airflow/example_dags/example_sensors.py
[2024-02-10T17:59:57.896+0000] {processor.py:830} INFO - Processing file /home/airflow/.local/lib/python3.8/site-packages/airflow/example_dags/example_sensors.py for tasks to queue
[2024-02-10T17:59:57.898+0000] {logging_mixin.py:188} INFO - [2024-02-10T17:59:57.897+0000] {dagbag.py:538} INFO - Filling up the DagBag from /home/airflow/.local/lib/python3.8/site-packages/airflow/example_dags/example_sensors.py
[2024-02-10T17:59:57.908+0000] {processor.py:840} INFO - DAG(s) 'example_sensors' retrieved from /home/airflow/.local/lib/python3.8/site-packages/airflow/example_dags/example_sensors.py
[2024-02-10T17:59:57.938+0000] {logging_mixin.py:188} INFO - [2024-02-10T17:59:57.938+0000] {dag.py:3036} INFO - Sync 1 DAGs
[2024-02-10T17:59:57.949+0000] {logging_mixin.py:188} INFO - [2024-02-10T17:59:57.949+0000] {dag.py:3823} INFO - Setting next_dagrun for example_sensors to None, run_after=None
[2024-02-10T17:59:57.972+0000] {processor.py:183} INFO - Processing /home/airflow/.local/lib/python3.8/site-packages/airflow/example_dags/example_sensors.py took 0.081 seconds
[2024-02-10T18:00:28.094+0000] {processor.py:161} INFO - Started process (PID=1950) to work on /home/airflow/.local/lib/python3.8/site-packages/airflow/example_dags/example_sensors.py
[2024-02-10T18:00:28.095+0000] {processor.py:830} INFO - Processing file /home/airflow/.local/lib/python3.8/site-packages/airflow/example_dags/example_sensors.py for tasks to queue
[2024-02-10T18:00:28.097+0000] {logging_mixin.py:188} INFO - [2024-02-10T18:00:28.096+0000] {dagbag.py:538} INFO - Filling up the DagBag from /home/airflow/.local/lib/python3.8/site-packages/airflow/example_dags/example_sensors.py
[2024-02-10T18:00:28.107+0000] {processor.py:840} INFO - DAG(s) 'example_sensors' retrieved from /home/airflow/.local/lib/python3.8/site-packages/airflow/example_dags/example_sensors.py
[2024-02-10T18:00:28.136+0000] {logging_mixin.py:188} INFO - [2024-02-10T18:00:28.135+0000] {dag.py:3036} INFO - Sync 1 DAGs
[2024-02-10T18:00:28.147+0000] {logging_mixin.py:188} INFO - [2024-02-10T18:00:28.147+0000] {dag.py:3823} INFO - Setting next_dagrun for example_sensors to None, run_after=None
[2024-02-10T18:00:28.170+0000] {processor.py:183} INFO - Processing /home/airflow/.local/lib/python3.8/site-packages/airflow/example_dags/example_sensors.py took 0.080 seconds
[2024-02-10T18:00:58.358+0000] {processor.py:161} INFO - Started process (PID=2005) to work on /home/airflow/.local/lib/python3.8/site-packages/airflow/example_dags/example_sensors.py
[2024-02-10T18:00:58.358+0000] {processor.py:830} INFO - Processing file /home/airflow/.local/lib/python3.8/site-packages/airflow/example_dags/example_sensors.py for tasks to queue
[2024-02-10T18:00:58.360+0000] {logging_mixin.py:188} INFO - [2024-02-10T18:00:58.360+0000] {dagbag.py:538} INFO - Filling up the DagBag from /home/airflow/.local/lib/python3.8/site-packages/airflow/example_dags/example_sensors.py
[2024-02-10T18:00:58.370+0000] {processor.py:840} INFO - DAG(s) 'example_sensors' retrieved from /home/airflow/.local/lib/python3.8/site-packages/airflow/example_dags/example_sensors.py
[2024-02-10T18:00:58.401+0000] {logging_mixin.py:188} INFO - [2024-02-10T18:00:58.401+0000] {dag.py:3036} INFO - Sync 1 DAGs
[2024-02-10T18:00:58.412+0000] {logging_mixin.py:188} INFO - [2024-02-10T18:00:58.412+0000] {dag.py:3823} INFO - Setting next_dagrun for example_sensors to None, run_after=None
[2024-02-10T18:00:58.439+0000] {processor.py:183} INFO - Processing /home/airflow/.local/lib/python3.8/site-packages/airflow/example_dags/example_sensors.py took 0.084 seconds
[2024-02-10T18:01:28.926+0000] {processor.py:161} INFO - Started process (PID=2060) to work on /home/airflow/.local/lib/python3.8/site-packages/airflow/example_dags/example_sensors.py
[2024-02-10T18:01:28.927+0000] {processor.py:830} INFO - Processing file /home/airflow/.local/lib/python3.8/site-packages/airflow/example_dags/example_sensors.py for tasks to queue
[2024-02-10T18:01:28.929+0000] {logging_mixin.py:188} INFO - [2024-02-10T18:01:28.928+0000] {dagbag.py:538} INFO - Filling up the DagBag from /home/airflow/.local/lib/python3.8/site-packages/airflow/example_dags/example_sensors.py
[2024-02-10T18:01:28.940+0000] {processor.py:840} INFO - DAG(s) 'example_sensors' retrieved from /home/airflow/.local/lib/python3.8/site-packages/airflow/example_dags/example_sensors.py
[2024-02-10T18:01:28.969+0000] {logging_mixin.py:188} INFO - [2024-02-10T18:01:28.969+0000] {dag.py:3036} INFO - Sync 1 DAGs
[2024-02-10T18:01:28.995+0000] {logging_mixin.py:188} INFO - [2024-02-10T18:01:28.995+0000] {dag.py:3823} INFO - Setting next_dagrun for example_sensors to None, run_after=None
[2024-02-10T18:01:29.020+0000] {processor.py:183} INFO - Processing /home/airflow/.local/lib/python3.8/site-packages/airflow/example_dags/example_sensors.py took 0.099 seconds
[2024-02-10T18:01:59.113+0000] {processor.py:161} INFO - Started process (PID=2115) to work on /home/airflow/.local/lib/python3.8/site-packages/airflow/example_dags/example_sensors.py
[2024-02-10T18:01:59.114+0000] {processor.py:830} INFO - Processing file /home/airflow/.local/lib/python3.8/site-packages/airflow/example_dags/example_sensors.py for tasks to queue
[2024-02-10T18:01:59.115+0000] {logging_mixin.py:188} INFO - [2024-02-10T18:01:59.115+0000] {dagbag.py:538} INFO - Filling up the DagBag from /home/airflow/.local/lib/python3.8/site-packages/airflow/example_dags/example_sensors.py
[2024-02-10T18:01:59.126+0000] {processor.py:840} INFO - DAG(s) 'example_sensors' retrieved from /home/airflow/.local/lib/python3.8/site-packages/airflow/example_dags/example_sensors.py
[2024-02-10T18:01:59.154+0000] {logging_mixin.py:188} INFO - [2024-02-10T18:01:59.154+0000] {dag.py:3036} INFO - Sync 1 DAGs
[2024-02-10T18:01:59.166+0000] {logging_mixin.py:188} INFO - [2024-02-10T18:01:59.166+0000] {dag.py:3823} INFO - Setting next_dagrun for example_sensors to None, run_after=None
[2024-02-10T18:01:59.189+0000] {processor.py:183} INFO - Processing /home/airflow/.local/lib/python3.8/site-packages/airflow/example_dags/example_sensors.py took 0.082 seconds
[2024-02-10T18:02:29.552+0000] {processor.py:161} INFO - Started process (PID=2170) to work on /home/airflow/.local/lib/python3.8/site-packages/airflow/example_dags/example_sensors.py
[2024-02-10T18:02:29.552+0000] {processor.py:830} INFO - Processing file /home/airflow/.local/lib/python3.8/site-packages/airflow/example_dags/example_sensors.py for tasks to queue
[2024-02-10T18:02:29.555+0000] {logging_mixin.py:188} INFO - [2024-02-10T18:02:29.554+0000] {dagbag.py:538} INFO - Filling up the DagBag from /home/airflow/.local/lib/python3.8/site-packages/airflow/example_dags/example_sensors.py
[2024-02-10T18:02:29.565+0000] {processor.py:840} INFO - DAG(s) 'example_sensors' retrieved from /home/airflow/.local/lib/python3.8/site-packages/airflow/example_dags/example_sensors.py
[2024-02-10T18:02:29.593+0000] {logging_mixin.py:188} INFO - [2024-02-10T18:02:29.593+0000] {dag.py:3036} INFO - Sync 1 DAGs
[2024-02-10T18:02:29.606+0000] {logging_mixin.py:188} INFO - [2024-02-10T18:02:29.606+0000] {dag.py:3823} INFO - Setting next_dagrun for example_sensors to None, run_after=None
[2024-02-10T18:02:29.628+0000] {processor.py:183} INFO - Processing /home/airflow/.local/lib/python3.8/site-packages/airflow/example_dags/example_sensors.py took 0.079 seconds
[2024-02-10T18:02:59.996+0000] {processor.py:161} INFO - Started process (PID=2226) to work on /home/airflow/.local/lib/python3.8/site-packages/airflow/example_dags/example_sensors.py
[2024-02-10T18:02:59.999+0000] {processor.py:830} INFO - Processing file /home/airflow/.local/lib/python3.8/site-packages/airflow/example_dags/example_sensors.py for tasks to queue
[2024-02-10T18:03:00.001+0000] {logging_mixin.py:188} INFO - [2024-02-10T18:03:00.001+0000] {dagbag.py:538} INFO - Filling up the DagBag from /home/airflow/.local/lib/python3.8/site-packages/airflow/example_dags/example_sensors.py
[2024-02-10T18:03:00.025+0000] {processor.py:840} INFO - DAG(s) 'example_sensors' retrieved from /home/airflow/.local/lib/python3.8/site-packages/airflow/example_dags/example_sensors.py
[2024-02-10T18:03:00.090+0000] {logging_mixin.py:188} INFO - [2024-02-10T18:03:00.090+0000] {dag.py:3036} INFO - Sync 1 DAGs
[2024-02-10T18:03:00.116+0000] {logging_mixin.py:188} INFO - [2024-02-10T18:03:00.116+0000] {dag.py:3823} INFO - Setting next_dagrun for example_sensors to None, run_after=None
[2024-02-10T18:03:00.143+0000] {processor.py:183} INFO - Processing /home/airflow/.local/lib/python3.8/site-packages/airflow/example_dags/example_sensors.py took 0.155 seconds
[2024-02-10T18:03:30.628+0000] {processor.py:161} INFO - Started process (PID=2281) to work on /home/airflow/.local/lib/python3.8/site-packages/airflow/example_dags/example_sensors.py
[2024-02-10T18:03:30.629+0000] {processor.py:830} INFO - Processing file /home/airflow/.local/lib/python3.8/site-packages/airflow/example_dags/example_sensors.py for tasks to queue
[2024-02-10T18:03:30.631+0000] {logging_mixin.py:188} INFO - [2024-02-10T18:03:30.631+0000] {dagbag.py:538} INFO - Filling up the DagBag from /home/airflow/.local/lib/python3.8/site-packages/airflow/example_dags/example_sensors.py
[2024-02-10T18:03:30.641+0000] {processor.py:840} INFO - DAG(s) 'example_sensors' retrieved from /home/airflow/.local/lib/python3.8/site-packages/airflow/example_dags/example_sensors.py
[2024-02-10T18:03:30.670+0000] {logging_mixin.py:188} INFO - [2024-02-10T18:03:30.670+0000] {dag.py:3036} INFO - Sync 1 DAGs
[2024-02-10T18:03:30.682+0000] {logging_mixin.py:188} INFO - [2024-02-10T18:03:30.682+0000] {dag.py:3823} INFO - Setting next_dagrun for example_sensors to None, run_after=None
[2024-02-10T18:03:30.703+0000] {processor.py:183} INFO - Processing /home/airflow/.local/lib/python3.8/site-packages/airflow/example_dags/example_sensors.py took 0.078 seconds
[2024-02-10T18:04:00.870+0000] {processor.py:161} INFO - Started process (PID=2337) to work on /home/airflow/.local/lib/python3.8/site-packages/airflow/example_dags/example_sensors.py
[2024-02-10T18:04:00.871+0000] {processor.py:830} INFO - Processing file /home/airflow/.local/lib/python3.8/site-packages/airflow/example_dags/example_sensors.py for tasks to queue
[2024-02-10T18:04:00.873+0000] {logging_mixin.py:188} INFO - [2024-02-10T18:04:00.873+0000] {dagbag.py:538} INFO - Filling up the DagBag from /home/airflow/.local/lib/python3.8/site-packages/airflow/example_dags/example_sensors.py
[2024-02-10T18:04:00.884+0000] {processor.py:840} INFO - DAG(s) 'example_sensors' retrieved from /home/airflow/.local/lib/python3.8/site-packages/airflow/example_dags/example_sensors.py
[2024-02-10T18:04:00.913+0000] {logging_mixin.py:188} INFO - [2024-02-10T18:04:00.912+0000] {dag.py:3036} INFO - Sync 1 DAGs
[2024-02-10T18:04:00.924+0000] {logging_mixin.py:188} INFO - [2024-02-10T18:04:00.924+0000] {dag.py:3823} INFO - Setting next_dagrun for example_sensors to None, run_after=None
[2024-02-10T18:04:00.950+0000] {processor.py:183} INFO - Processing /home/airflow/.local/lib/python3.8/site-packages/airflow/example_dags/example_sensors.py took 0.083 seconds
[2024-02-10T18:04:31.128+0000] {processor.py:161} INFO - Started process (PID=2392) to work on /home/airflow/.local/lib/python3.8/site-packages/airflow/example_dags/example_sensors.py
[2024-02-10T18:04:31.128+0000] {processor.py:830} INFO - Processing file /home/airflow/.local/lib/python3.8/site-packages/airflow/example_dags/example_sensors.py for tasks to queue
[2024-02-10T18:04:31.131+0000] {logging_mixin.py:188} INFO - [2024-02-10T18:04:31.131+0000] {dagbag.py:538} INFO - Filling up the DagBag from /home/airflow/.local/lib/python3.8/site-packages/airflow/example_dags/example_sensors.py
[2024-02-10T18:04:31.142+0000] {processor.py:840} INFO - DAG(s) 'example_sensors' retrieved from /home/airflow/.local/lib/python3.8/site-packages/airflow/example_dags/example_sensors.py
[2024-02-10T18:04:31.171+0000] {logging_mixin.py:188} INFO - [2024-02-10T18:04:31.171+0000] {dag.py:3036} INFO - Sync 1 DAGs
[2024-02-10T18:04:31.185+0000] {logging_mixin.py:188} INFO - [2024-02-10T18:04:31.184+0000] {dag.py:3823} INFO - Setting next_dagrun for example_sensors to None, run_after=None
[2024-02-10T18:04:31.207+0000] {processor.py:183} INFO - Processing /home/airflow/.local/lib/python3.8/site-packages/airflow/example_dags/example_sensors.py took 0.083 seconds
[2024-02-10T18:05:01.781+0000] {processor.py:161} INFO - Started process (PID=2447) to work on /home/airflow/.local/lib/python3.8/site-packages/airflow/example_dags/example_sensors.py
[2024-02-10T18:05:01.783+0000] {processor.py:830} INFO - Processing file /home/airflow/.local/lib/python3.8/site-packages/airflow/example_dags/example_sensors.py for tasks to queue
[2024-02-10T18:05:01.785+0000] {logging_mixin.py:188} INFO - [2024-02-10T18:05:01.785+0000] {dagbag.py:538} INFO - Filling up the DagBag from /home/airflow/.local/lib/python3.8/site-packages/airflow/example_dags/example_sensors.py
[2024-02-10T18:05:01.796+0000] {processor.py:840} INFO - DAG(s) 'example_sensors' retrieved from /home/airflow/.local/lib/python3.8/site-packages/airflow/example_dags/example_sensors.py
[2024-02-10T18:05:01.844+0000] {logging_mixin.py:188} INFO - [2024-02-10T18:05:01.844+0000] {dag.py:3036} INFO - Sync 1 DAGs
[2024-02-10T18:05:01.877+0000] {logging_mixin.py:188} INFO - [2024-02-10T18:05:01.876+0000] {dag.py:3823} INFO - Setting next_dagrun for example_sensors to None, run_after=None
[2024-02-10T18:05:01.958+0000] {processor.py:183} INFO - Processing /home/airflow/.local/lib/python3.8/site-packages/airflow/example_dags/example_sensors.py took 0.180 seconds
[2024-02-10T18:05:32.064+0000] {processor.py:161} INFO - Started process (PID=2501) to work on /home/airflow/.local/lib/python3.8/site-packages/airflow/example_dags/example_sensors.py
[2024-02-10T18:05:32.078+0000] {processor.py:830} INFO - Processing file /home/airflow/.local/lib/python3.8/site-packages/airflow/example_dags/example_sensors.py for tasks to queue
[2024-02-10T18:05:32.080+0000] {logging_mixin.py:188} INFO - [2024-02-10T18:05:32.079+0000] {dagbag.py:538} INFO - Filling up the DagBag from /home/airflow/.local/lib/python3.8/site-packages/airflow/example_dags/example_sensors.py
[2024-02-10T18:05:32.097+0000] {processor.py:840} INFO - DAG(s) 'example_sensors' retrieved from /home/airflow/.local/lib/python3.8/site-packages/airflow/example_dags/example_sensors.py
[2024-02-10T18:05:32.163+0000] {logging_mixin.py:188} INFO - [2024-02-10T18:05:32.163+0000] {dag.py:3036} INFO - Sync 1 DAGs
[2024-02-10T18:05:32.206+0000] {logging_mixin.py:188} INFO - [2024-02-10T18:05:32.206+0000] {dag.py:3823} INFO - Setting next_dagrun for example_sensors to None, run_after=None
[2024-02-10T18:05:32.298+0000] {processor.py:183} INFO - Processing /home/airflow/.local/lib/python3.8/site-packages/airflow/example_dags/example_sensors.py took 0.237 seconds
[2024-02-10T18:06:03.279+0000] {processor.py:161} INFO - Started process (PID=2557) to work on /home/airflow/.local/lib/python3.8/site-packages/airflow/example_dags/example_sensors.py
[2024-02-10T18:06:03.280+0000] {processor.py:830} INFO - Processing file /home/airflow/.local/lib/python3.8/site-packages/airflow/example_dags/example_sensors.py for tasks to queue
[2024-02-10T18:06:03.281+0000] {logging_mixin.py:188} INFO - [2024-02-10T18:06:03.281+0000] {dagbag.py:538} INFO - Filling up the DagBag from /home/airflow/.local/lib/python3.8/site-packages/airflow/example_dags/example_sensors.py
[2024-02-10T18:06:03.316+0000] {processor.py:840} INFO - DAG(s) 'example_sensors' retrieved from /home/airflow/.local/lib/python3.8/site-packages/airflow/example_dags/example_sensors.py
[2024-02-10T18:06:03.380+0000] {logging_mixin.py:188} INFO - [2024-02-10T18:06:03.380+0000] {dag.py:3036} INFO - Sync 1 DAGs
[2024-02-10T18:06:03.412+0000] {logging_mixin.py:188} INFO - [2024-02-10T18:06:03.411+0000] {dag.py:3823} INFO - Setting next_dagrun for example_sensors to None, run_after=None
[2024-02-10T18:06:03.458+0000] {processor.py:183} INFO - Processing /home/airflow/.local/lib/python3.8/site-packages/airflow/example_dags/example_sensors.py took 0.182 seconds
[2024-02-10T18:06:33.677+0000] {processor.py:161} INFO - Started process (PID=2612) to work on /home/airflow/.local/lib/python3.8/site-packages/airflow/example_dags/example_sensors.py
[2024-02-10T18:06:33.688+0000] {processor.py:830} INFO - Processing file /home/airflow/.local/lib/python3.8/site-packages/airflow/example_dags/example_sensors.py for tasks to queue
[2024-02-10T18:06:33.690+0000] {logging_mixin.py:188} INFO - [2024-02-10T18:06:33.690+0000] {dagbag.py:538} INFO - Filling up the DagBag from /home/airflow/.local/lib/python3.8/site-packages/airflow/example_dags/example_sensors.py
[2024-02-10T18:06:33.706+0000] {processor.py:840} INFO - DAG(s) 'example_sensors' retrieved from /home/airflow/.local/lib/python3.8/site-packages/airflow/example_dags/example_sensors.py
[2024-02-10T18:06:33.905+0000] {logging_mixin.py:188} INFO - [2024-02-10T18:06:33.905+0000] {dag.py:3036} INFO - Sync 1 DAGs
[2024-02-10T18:06:33.917+0000] {logging_mixin.py:188} INFO - [2024-02-10T18:06:33.917+0000] {dag.py:3823} INFO - Setting next_dagrun for example_sensors to None, run_after=None
[2024-02-10T18:06:33.942+0000] {processor.py:183} INFO - Processing /home/airflow/.local/lib/python3.8/site-packages/airflow/example_dags/example_sensors.py took 0.271 seconds
[2024-02-10T18:07:04.352+0000] {processor.py:161} INFO - Started process (PID=2667) to work on /home/airflow/.local/lib/python3.8/site-packages/airflow/example_dags/example_sensors.py
[2024-02-10T18:07:04.353+0000] {processor.py:830} INFO - Processing file /home/airflow/.local/lib/python3.8/site-packages/airflow/example_dags/example_sensors.py for tasks to queue
[2024-02-10T18:07:04.355+0000] {logging_mixin.py:188} INFO - [2024-02-10T18:07:04.354+0000] {dagbag.py:538} INFO - Filling up the DagBag from /home/airflow/.local/lib/python3.8/site-packages/airflow/example_dags/example_sensors.py
[2024-02-10T18:07:04.365+0000] {processor.py:840} INFO - DAG(s) 'example_sensors' retrieved from /home/airflow/.local/lib/python3.8/site-packages/airflow/example_dags/example_sensors.py
[2024-02-10T18:07:04.436+0000] {logging_mixin.py:188} INFO - [2024-02-10T18:07:04.436+0000] {dag.py:3036} INFO - Sync 1 DAGs
[2024-02-10T18:07:04.831+0000] {logging_mixin.py:188} INFO - [2024-02-10T18:07:04.830+0000] {dag.py:3823} INFO - Setting next_dagrun for example_sensors to None, run_after=None
[2024-02-10T18:07:04.921+0000] {processor.py:183} INFO - Processing /home/airflow/.local/lib/python3.8/site-packages/airflow/example_dags/example_sensors.py took 0.572 seconds
[2024-02-10T18:07:35.723+0000] {processor.py:161} INFO - Started process (PID=2721) to work on /home/airflow/.local/lib/python3.8/site-packages/airflow/example_dags/example_sensors.py
[2024-02-10T18:07:35.723+0000] {processor.py:830} INFO - Processing file /home/airflow/.local/lib/python3.8/site-packages/airflow/example_dags/example_sensors.py for tasks to queue
[2024-02-10T18:07:35.725+0000] {logging_mixin.py:188} INFO - [2024-02-10T18:07:35.725+0000] {dagbag.py:538} INFO - Filling up the DagBag from /home/airflow/.local/lib/python3.8/site-packages/airflow/example_dags/example_sensors.py
[2024-02-10T18:07:35.736+0000] {processor.py:840} INFO - DAG(s) 'example_sensors' retrieved from /home/airflow/.local/lib/python3.8/site-packages/airflow/example_dags/example_sensors.py
[2024-02-10T18:07:35.780+0000] {logging_mixin.py:188} INFO - [2024-02-10T18:07:35.780+0000] {dag.py:3036} INFO - Sync 1 DAGs
[2024-02-10T18:07:35.794+0000] {logging_mixin.py:188} INFO - [2024-02-10T18:07:35.794+0000] {dag.py:3823} INFO - Setting next_dagrun for example_sensors to None, run_after=None
[2024-02-10T18:07:35.822+0000] {processor.py:183} INFO - Processing /home/airflow/.local/lib/python3.8/site-packages/airflow/example_dags/example_sensors.py took 0.104 seconds
[2024-02-10T18:08:06.023+0000] {processor.py:161} INFO - Started process (PID=2776) to work on /home/airflow/.local/lib/python3.8/site-packages/airflow/example_dags/example_sensors.py
[2024-02-10T18:08:06.026+0000] {processor.py:830} INFO - Processing file /home/airflow/.local/lib/python3.8/site-packages/airflow/example_dags/example_sensors.py for tasks to queue
[2024-02-10T18:08:06.029+0000] {logging_mixin.py:188} INFO - [2024-02-10T18:08:06.029+0000] {dagbag.py:538} INFO - Filling up the DagBag from /home/airflow/.local/lib/python3.8/site-packages/airflow/example_dags/example_sensors.py
[2024-02-10T18:08:06.049+0000] {processor.py:840} INFO - DAG(s) 'example_sensors' retrieved from /home/airflow/.local/lib/python3.8/site-packages/airflow/example_dags/example_sensors.py
[2024-02-10T18:08:06.084+0000] {logging_mixin.py:188} INFO - [2024-02-10T18:08:06.083+0000] {dag.py:3036} INFO - Sync 1 DAGs
[2024-02-10T18:08:06.095+0000] {logging_mixin.py:188} INFO - [2024-02-10T18:08:06.095+0000] {dag.py:3823} INFO - Setting next_dagrun for example_sensors to None, run_after=None
[2024-02-10T18:08:06.121+0000] {processor.py:183} INFO - Processing /home/airflow/.local/lib/python3.8/site-packages/airflow/example_dags/example_sensors.py took 0.104 seconds
[2024-02-10T18:08:36.500+0000] {processor.py:161} INFO - Started process (PID=2832) to work on /home/airflow/.local/lib/python3.8/site-packages/airflow/example_dags/example_sensors.py
[2024-02-10T18:08:36.500+0000] {processor.py:830} INFO - Processing file /home/airflow/.local/lib/python3.8/site-packages/airflow/example_dags/example_sensors.py for tasks to queue
[2024-02-10T18:08:36.502+0000] {logging_mixin.py:188} INFO - [2024-02-10T18:08:36.502+0000] {dagbag.py:538} INFO - Filling up the DagBag from /home/airflow/.local/lib/python3.8/site-packages/airflow/example_dags/example_sensors.py
[2024-02-10T18:08:36.512+0000] {processor.py:840} INFO - DAG(s) 'example_sensors' retrieved from /home/airflow/.local/lib/python3.8/site-packages/airflow/example_dags/example_sensors.py
[2024-02-10T18:08:36.542+0000] {logging_mixin.py:188} INFO - [2024-02-10T18:08:36.542+0000] {dag.py:3036} INFO - Sync 1 DAGs
[2024-02-10T18:08:36.555+0000] {logging_mixin.py:188} INFO - [2024-02-10T18:08:36.555+0000] {dag.py:3823} INFO - Setting next_dagrun for example_sensors to None, run_after=None
[2024-02-10T18:08:36.578+0000] {processor.py:183} INFO - Processing /home/airflow/.local/lib/python3.8/site-packages/airflow/example_dags/example_sensors.py took 0.082 seconds
[2024-02-10T18:09:07.084+0000] {processor.py:161} INFO - Started process (PID=2888) to work on /home/airflow/.local/lib/python3.8/site-packages/airflow/example_dags/example_sensors.py
[2024-02-10T18:09:07.085+0000] {processor.py:830} INFO - Processing file /home/airflow/.local/lib/python3.8/site-packages/airflow/example_dags/example_sensors.py for tasks to queue
[2024-02-10T18:09:07.087+0000] {logging_mixin.py:188} INFO - [2024-02-10T18:09:07.087+0000] {dagbag.py:538} INFO - Filling up the DagBag from /home/airflow/.local/lib/python3.8/site-packages/airflow/example_dags/example_sensors.py
[2024-02-10T18:09:07.098+0000] {processor.py:840} INFO - DAG(s) 'example_sensors' retrieved from /home/airflow/.local/lib/python3.8/site-packages/airflow/example_dags/example_sensors.py
[2024-02-10T18:09:07.129+0000] {logging_mixin.py:188} INFO - [2024-02-10T18:09:07.129+0000] {dag.py:3036} INFO - Sync 1 DAGs
[2024-02-10T18:09:07.142+0000] {logging_mixin.py:188} INFO - [2024-02-10T18:09:07.142+0000] {dag.py:3823} INFO - Setting next_dagrun for example_sensors to None, run_after=None
[2024-02-10T18:09:07.165+0000] {processor.py:183} INFO - Processing /home/airflow/.local/lib/python3.8/site-packages/airflow/example_dags/example_sensors.py took 0.085 seconds
[2024-02-10T18:09:37.583+0000] {processor.py:161} INFO - Started process (PID=2944) to work on /home/airflow/.local/lib/python3.8/site-packages/airflow/example_dags/example_sensors.py
[2024-02-10T18:09:37.584+0000] {processor.py:830} INFO - Processing file /home/airflow/.local/lib/python3.8/site-packages/airflow/example_dags/example_sensors.py for tasks to queue
[2024-02-10T18:09:37.586+0000] {logging_mixin.py:188} INFO - [2024-02-10T18:09:37.586+0000] {dagbag.py:538} INFO - Filling up the DagBag from /home/airflow/.local/lib/python3.8/site-packages/airflow/example_dags/example_sensors.py
[2024-02-10T18:09:37.597+0000] {processor.py:840} INFO - DAG(s) 'example_sensors' retrieved from /home/airflow/.local/lib/python3.8/site-packages/airflow/example_dags/example_sensors.py
[2024-02-10T18:09:37.626+0000] {logging_mixin.py:188} INFO - [2024-02-10T18:09:37.625+0000] {dag.py:3036} INFO - Sync 1 DAGs
[2024-02-10T18:09:37.637+0000] {logging_mixin.py:188} INFO - [2024-02-10T18:09:37.637+0000] {dag.py:3823} INFO - Setting next_dagrun for example_sensors to None, run_after=None
[2024-02-10T18:09:37.665+0000] {processor.py:183} INFO - Processing /home/airflow/.local/lib/python3.8/site-packages/airflow/example_dags/example_sensors.py took 0.087 seconds
[2024-02-10T18:10:08.118+0000] {processor.py:161} INFO - Started process (PID=2998) to work on /home/airflow/.local/lib/python3.8/site-packages/airflow/example_dags/example_sensors.py
[2024-02-10T18:10:08.118+0000] {processor.py:830} INFO - Processing file /home/airflow/.local/lib/python3.8/site-packages/airflow/example_dags/example_sensors.py for tasks to queue
[2024-02-10T18:10:08.121+0000] {logging_mixin.py:188} INFO - [2024-02-10T18:10:08.121+0000] {dagbag.py:538} INFO - Filling up the DagBag from /home/airflow/.local/lib/python3.8/site-packages/airflow/example_dags/example_sensors.py
[2024-02-10T18:10:08.132+0000] {processor.py:840} INFO - DAG(s) 'example_sensors' retrieved from /home/airflow/.local/lib/python3.8/site-packages/airflow/example_dags/example_sensors.py
[2024-02-10T18:10:08.161+0000] {logging_mixin.py:188} INFO - [2024-02-10T18:10:08.161+0000] {dag.py:3036} INFO - Sync 1 DAGs
[2024-02-10T18:10:08.173+0000] {logging_mixin.py:188} INFO - [2024-02-10T18:10:08.172+0000] {dag.py:3823} INFO - Setting next_dagrun for example_sensors to None, run_after=None
[2024-02-10T18:10:08.197+0000] {processor.py:183} INFO - Processing /home/airflow/.local/lib/python3.8/site-packages/airflow/example_dags/example_sensors.py took 0.085 seconds
[2024-02-10T18:10:38.264+0000] {processor.py:161} INFO - Started process (PID=3053) to work on /home/airflow/.local/lib/python3.8/site-packages/airflow/example_dags/example_sensors.py
[2024-02-10T18:10:38.265+0000] {processor.py:830} INFO - Processing file /home/airflow/.local/lib/python3.8/site-packages/airflow/example_dags/example_sensors.py for tasks to queue
[2024-02-10T18:10:38.266+0000] {logging_mixin.py:188} INFO - [2024-02-10T18:10:38.266+0000] {dagbag.py:538} INFO - Filling up the DagBag from /home/airflow/.local/lib/python3.8/site-packages/airflow/example_dags/example_sensors.py
[2024-02-10T18:10:38.277+0000] {processor.py:840} INFO - DAG(s) 'example_sensors' retrieved from /home/airflow/.local/lib/python3.8/site-packages/airflow/example_dags/example_sensors.py
[2024-02-10T18:10:38.305+0000] {logging_mixin.py:188} INFO - [2024-02-10T18:10:38.305+0000] {dag.py:3036} INFO - Sync 1 DAGs
[2024-02-10T18:10:38.316+0000] {logging_mixin.py:188} INFO - [2024-02-10T18:10:38.316+0000] {dag.py:3823} INFO - Setting next_dagrun for example_sensors to None, run_after=None
[2024-02-10T18:10:38.339+0000] {processor.py:183} INFO - Processing /home/airflow/.local/lib/python3.8/site-packages/airflow/example_dags/example_sensors.py took 0.078 seconds
[2024-02-10T18:11:08.839+0000] {processor.py:161} INFO - Started process (PID=3107) to work on /home/airflow/.local/lib/python3.8/site-packages/airflow/example_dags/example_sensors.py
[2024-02-10T18:11:08.840+0000] {processor.py:830} INFO - Processing file /home/airflow/.local/lib/python3.8/site-packages/airflow/example_dags/example_sensors.py for tasks to queue
[2024-02-10T18:11:08.842+0000] {logging_mixin.py:188} INFO - [2024-02-10T18:11:08.841+0000] {dagbag.py:538} INFO - Filling up the DagBag from /home/airflow/.local/lib/python3.8/site-packages/airflow/example_dags/example_sensors.py
[2024-02-10T18:11:08.853+0000] {processor.py:840} INFO - DAG(s) 'example_sensors' retrieved from /home/airflow/.local/lib/python3.8/site-packages/airflow/example_dags/example_sensors.py
[2024-02-10T18:11:08.881+0000] {logging_mixin.py:188} INFO - [2024-02-10T18:11:08.881+0000] {dag.py:3036} INFO - Sync 1 DAGs
[2024-02-10T18:11:08.892+0000] {logging_mixin.py:188} INFO - [2024-02-10T18:11:08.892+0000] {dag.py:3823} INFO - Setting next_dagrun for example_sensors to None, run_after=None
[2024-02-10T18:11:08.916+0000] {processor.py:183} INFO - Processing /home/airflow/.local/lib/python3.8/site-packages/airflow/example_dags/example_sensors.py took 0.082 seconds
[2024-02-10T18:11:39.353+0000] {processor.py:161} INFO - Started process (PID=3163) to work on /home/airflow/.local/lib/python3.8/site-packages/airflow/example_dags/example_sensors.py
[2024-02-10T18:11:39.353+0000] {processor.py:830} INFO - Processing file /home/airflow/.local/lib/python3.8/site-packages/airflow/example_dags/example_sensors.py for tasks to queue
[2024-02-10T18:11:39.355+0000] {logging_mixin.py:188} INFO - [2024-02-10T18:11:39.355+0000] {dagbag.py:538} INFO - Filling up the DagBag from /home/airflow/.local/lib/python3.8/site-packages/airflow/example_dags/example_sensors.py
[2024-02-10T18:11:39.370+0000] {processor.py:840} INFO - DAG(s) 'example_sensors' retrieved from /home/airflow/.local/lib/python3.8/site-packages/airflow/example_dags/example_sensors.py
[2024-02-10T18:11:39.400+0000] {logging_mixin.py:188} INFO - [2024-02-10T18:11:39.400+0000] {dag.py:3036} INFO - Sync 1 DAGs
[2024-02-10T18:11:39.412+0000] {logging_mixin.py:188} INFO - [2024-02-10T18:11:39.412+0000] {dag.py:3823} INFO - Setting next_dagrun for example_sensors to None, run_after=None
[2024-02-10T18:11:39.474+0000] {processor.py:183} INFO - Processing /home/airflow/.local/lib/python3.8/site-packages/airflow/example_dags/example_sensors.py took 0.125 seconds
[2024-02-10T18:12:09.843+0000] {processor.py:161} INFO - Started process (PID=3218) to work on /home/airflow/.local/lib/python3.8/site-packages/airflow/example_dags/example_sensors.py
[2024-02-10T18:12:09.846+0000] {processor.py:830} INFO - Processing file /home/airflow/.local/lib/python3.8/site-packages/airflow/example_dags/example_sensors.py for tasks to queue
[2024-02-10T18:12:09.848+0000] {logging_mixin.py:188} INFO - [2024-02-10T18:12:09.848+0000] {dagbag.py:538} INFO - Filling up the DagBag from /home/airflow/.local/lib/python3.8/site-packages/airflow/example_dags/example_sensors.py
[2024-02-10T18:12:09.880+0000] {processor.py:840} INFO - DAG(s) 'example_sensors' retrieved from /home/airflow/.local/lib/python3.8/site-packages/airflow/example_dags/example_sensors.py
[2024-02-10T18:12:10.009+0000] {logging_mixin.py:188} INFO - [2024-02-10T18:12:10.005+0000] {dag.py:3036} INFO - Sync 1 DAGs
[2024-02-10T18:12:10.052+0000] {logging_mixin.py:188} INFO - [2024-02-10T18:12:10.052+0000] {dag.py:3823} INFO - Setting next_dagrun for example_sensors to None, run_after=None
[2024-02-10T18:12:10.097+0000] {processor.py:183} INFO - Processing /home/airflow/.local/lib/python3.8/site-packages/airflow/example_dags/example_sensors.py took 0.262 seconds
[2024-02-10T18:12:40.296+0000] {processor.py:161} INFO - Started process (PID=3274) to work on /home/airflow/.local/lib/python3.8/site-packages/airflow/example_dags/example_sensors.py
[2024-02-10T18:12:40.297+0000] {processor.py:830} INFO - Processing file /home/airflow/.local/lib/python3.8/site-packages/airflow/example_dags/example_sensors.py for tasks to queue
[2024-02-10T18:12:40.299+0000] {logging_mixin.py:188} INFO - [2024-02-10T18:12:40.298+0000] {dagbag.py:538} INFO - Filling up the DagBag from /home/airflow/.local/lib/python3.8/site-packages/airflow/example_dags/example_sensors.py
[2024-02-10T18:12:40.314+0000] {processor.py:840} INFO - DAG(s) 'example_sensors' retrieved from /home/airflow/.local/lib/python3.8/site-packages/airflow/example_dags/example_sensors.py
[2024-02-10T18:12:40.346+0000] {logging_mixin.py:188} INFO - [2024-02-10T18:12:40.346+0000] {dag.py:3036} INFO - Sync 1 DAGs
[2024-02-10T18:12:40.361+0000] {logging_mixin.py:188} INFO - [2024-02-10T18:12:40.361+0000] {dag.py:3823} INFO - Setting next_dagrun for example_sensors to None, run_after=None
[2024-02-10T18:12:40.384+0000] {processor.py:183} INFO - Processing /home/airflow/.local/lib/python3.8/site-packages/airflow/example_dags/example_sensors.py took 0.091 seconds
[2024-02-10T18:13:10.645+0000] {processor.py:161} INFO - Started process (PID=3329) to work on /home/airflow/.local/lib/python3.8/site-packages/airflow/example_dags/example_sensors.py
[2024-02-10T18:13:10.652+0000] {processor.py:830} INFO - Processing file /home/airflow/.local/lib/python3.8/site-packages/airflow/example_dags/example_sensors.py for tasks to queue
[2024-02-10T18:13:10.654+0000] {logging_mixin.py:188} INFO - [2024-02-10T18:13:10.653+0000] {dagbag.py:538} INFO - Filling up the DagBag from /home/airflow/.local/lib/python3.8/site-packages/airflow/example_dags/example_sensors.py
[2024-02-10T18:13:10.680+0000] {processor.py:840} INFO - DAG(s) 'example_sensors' retrieved from /home/airflow/.local/lib/python3.8/site-packages/airflow/example_dags/example_sensors.py
[2024-02-10T18:13:10.725+0000] {logging_mixin.py:188} INFO - [2024-02-10T18:13:10.725+0000] {dag.py:3036} INFO - Sync 1 DAGs
[2024-02-10T18:13:10.741+0000] {logging_mixin.py:188} INFO - [2024-02-10T18:13:10.741+0000] {dag.py:3823} INFO - Setting next_dagrun for example_sensors to None, run_after=None
[2024-02-10T18:13:10.786+0000] {processor.py:183} INFO - Processing /home/airflow/.local/lib/python3.8/site-packages/airflow/example_dags/example_sensors.py took 0.144 seconds
[2024-02-10T18:13:41.021+0000] {processor.py:161} INFO - Started process (PID=3385) to work on /home/airflow/.local/lib/python3.8/site-packages/airflow/example_dags/example_sensors.py
[2024-02-10T18:13:41.022+0000] {processor.py:830} INFO - Processing file /home/airflow/.local/lib/python3.8/site-packages/airflow/example_dags/example_sensors.py for tasks to queue
[2024-02-10T18:13:41.024+0000] {logging_mixin.py:188} INFO - [2024-02-10T18:13:41.023+0000] {dagbag.py:538} INFO - Filling up the DagBag from /home/airflow/.local/lib/python3.8/site-packages/airflow/example_dags/example_sensors.py
[2024-02-10T18:13:41.034+0000] {processor.py:840} INFO - DAG(s) 'example_sensors' retrieved from /home/airflow/.local/lib/python3.8/site-packages/airflow/example_dags/example_sensors.py
[2024-02-10T18:13:41.066+0000] {logging_mixin.py:188} INFO - [2024-02-10T18:13:41.066+0000] {dag.py:3036} INFO - Sync 1 DAGs
[2024-02-10T18:13:41.078+0000] {logging_mixin.py:188} INFO - [2024-02-10T18:13:41.078+0000] {dag.py:3823} INFO - Setting next_dagrun for example_sensors to None, run_after=None
[2024-02-10T18:13:41.105+0000] {processor.py:183} INFO - Processing /home/airflow/.local/lib/python3.8/site-packages/airflow/example_dags/example_sensors.py took 0.087 seconds
[2024-02-10T18:14:11.409+0000] {processor.py:161} INFO - Started process (PID=3440) to work on /home/airflow/.local/lib/python3.8/site-packages/airflow/example_dags/example_sensors.py
[2024-02-10T18:14:11.410+0000] {processor.py:830} INFO - Processing file /home/airflow/.local/lib/python3.8/site-packages/airflow/example_dags/example_sensors.py for tasks to queue
[2024-02-10T18:14:11.412+0000] {logging_mixin.py:188} INFO - [2024-02-10T18:14:11.411+0000] {dagbag.py:538} INFO - Filling up the DagBag from /home/airflow/.local/lib/python3.8/site-packages/airflow/example_dags/example_sensors.py
[2024-02-10T18:14:11.422+0000] {processor.py:840} INFO - DAG(s) 'example_sensors' retrieved from /home/airflow/.local/lib/python3.8/site-packages/airflow/example_dags/example_sensors.py
[2024-02-10T18:14:11.453+0000] {logging_mixin.py:188} INFO - [2024-02-10T18:14:11.453+0000] {dag.py:3036} INFO - Sync 1 DAGs
[2024-02-10T18:14:11.467+0000] {logging_mixin.py:188} INFO - [2024-02-10T18:14:11.467+0000] {dag.py:3823} INFO - Setting next_dagrun for example_sensors to None, run_after=None
[2024-02-10T18:14:11.492+0000] {processor.py:183} INFO - Processing /home/airflow/.local/lib/python3.8/site-packages/airflow/example_dags/example_sensors.py took 0.089 seconds
[2024-02-10T18:14:41.547+0000] {processor.py:161} INFO - Started process (PID=3495) to work on /home/airflow/.local/lib/python3.8/site-packages/airflow/example_dags/example_sensors.py
[2024-02-10T18:14:41.548+0000] {processor.py:830} INFO - Processing file /home/airflow/.local/lib/python3.8/site-packages/airflow/example_dags/example_sensors.py for tasks to queue
[2024-02-10T18:14:41.552+0000] {logging_mixin.py:188} INFO - [2024-02-10T18:14:41.549+0000] {dagbag.py:538} INFO - Filling up the DagBag from /home/airflow/.local/lib/python3.8/site-packages/airflow/example_dags/example_sensors.py
[2024-02-10T18:14:41.580+0000] {processor.py:840} INFO - DAG(s) 'example_sensors' retrieved from /home/airflow/.local/lib/python3.8/site-packages/airflow/example_dags/example_sensors.py
[2024-02-10T18:14:41.650+0000] {logging_mixin.py:188} INFO - [2024-02-10T18:14:41.650+0000] {dag.py:3036} INFO - Sync 1 DAGs
[2024-02-10T18:14:41.692+0000] {logging_mixin.py:188} INFO - [2024-02-10T18:14:41.691+0000] {dag.py:3823} INFO - Setting next_dagrun for example_sensors to None, run_after=None
[2024-02-10T18:14:41.719+0000] {processor.py:183} INFO - Processing /home/airflow/.local/lib/python3.8/site-packages/airflow/example_dags/example_sensors.py took 0.176 seconds
[2024-02-10T18:15:11.974+0000] {processor.py:161} INFO - Started process (PID=3550) to work on /home/airflow/.local/lib/python3.8/site-packages/airflow/example_dags/example_sensors.py
[2024-02-10T18:15:11.975+0000] {processor.py:830} INFO - Processing file /home/airflow/.local/lib/python3.8/site-packages/airflow/example_dags/example_sensors.py for tasks to queue
[2024-02-10T18:15:11.977+0000] {logging_mixin.py:188} INFO - [2024-02-10T18:15:11.977+0000] {dagbag.py:538} INFO - Filling up the DagBag from /home/airflow/.local/lib/python3.8/site-packages/airflow/example_dags/example_sensors.py
[2024-02-10T18:15:11.989+0000] {processor.py:840} INFO - DAG(s) 'example_sensors' retrieved from /home/airflow/.local/lib/python3.8/site-packages/airflow/example_dags/example_sensors.py
[2024-02-10T18:15:12.020+0000] {logging_mixin.py:188} INFO - [2024-02-10T18:15:12.020+0000] {dag.py:3036} INFO - Sync 1 DAGs
[2024-02-10T18:15:12.033+0000] {logging_mixin.py:188} INFO - [2024-02-10T18:15:12.032+0000] {dag.py:3823} INFO - Setting next_dagrun for example_sensors to None, run_after=None
[2024-02-10T18:15:12.057+0000] {processor.py:183} INFO - Processing /home/airflow/.local/lib/python3.8/site-packages/airflow/example_dags/example_sensors.py took 0.089 seconds
[2024-02-10T18:15:42.451+0000] {processor.py:161} INFO - Started process (PID=3605) to work on /home/airflow/.local/lib/python3.8/site-packages/airflow/example_dags/example_sensors.py
[2024-02-10T18:15:42.452+0000] {processor.py:830} INFO - Processing file /home/airflow/.local/lib/python3.8/site-packages/airflow/example_dags/example_sensors.py for tasks to queue
[2024-02-10T18:15:42.459+0000] {logging_mixin.py:188} INFO - [2024-02-10T18:15:42.459+0000] {dagbag.py:538} INFO - Filling up the DagBag from /home/airflow/.local/lib/python3.8/site-packages/airflow/example_dags/example_sensors.py
[2024-02-10T18:15:42.470+0000] {processor.py:840} INFO - DAG(s) 'example_sensors' retrieved from /home/airflow/.local/lib/python3.8/site-packages/airflow/example_dags/example_sensors.py
[2024-02-10T18:15:42.501+0000] {logging_mixin.py:188} INFO - [2024-02-10T18:15:42.500+0000] {dag.py:3036} INFO - Sync 1 DAGs
[2024-02-10T18:15:42.512+0000] {logging_mixin.py:188} INFO - [2024-02-10T18:15:42.512+0000] {dag.py:3823} INFO - Setting next_dagrun for example_sensors to None, run_after=None
[2024-02-10T18:15:42.538+0000] {processor.py:183} INFO - Processing /home/airflow/.local/lib/python3.8/site-packages/airflow/example_dags/example_sensors.py took 0.091 seconds
[2024-02-10T18:16:12.851+0000] {processor.py:161} INFO - Started process (PID=3661) to work on /home/airflow/.local/lib/python3.8/site-packages/airflow/example_dags/example_sensors.py
[2024-02-10T18:16:12.852+0000] {processor.py:830} INFO - Processing file /home/airflow/.local/lib/python3.8/site-packages/airflow/example_dags/example_sensors.py for tasks to queue
[2024-02-10T18:16:12.854+0000] {logging_mixin.py:188} INFO - [2024-02-10T18:16:12.853+0000] {dagbag.py:538} INFO - Filling up the DagBag from /home/airflow/.local/lib/python3.8/site-packages/airflow/example_dags/example_sensors.py
[2024-02-10T18:16:12.866+0000] {processor.py:840} INFO - DAG(s) 'example_sensors' retrieved from /home/airflow/.local/lib/python3.8/site-packages/airflow/example_dags/example_sensors.py
[2024-02-10T18:16:12.899+0000] {logging_mixin.py:188} INFO - [2024-02-10T18:16:12.899+0000] {dag.py:3036} INFO - Sync 1 DAGs
[2024-02-10T18:16:12.912+0000] {logging_mixin.py:188} INFO - [2024-02-10T18:16:12.912+0000] {dag.py:3823} INFO - Setting next_dagrun for example_sensors to None, run_after=None
[2024-02-10T18:16:12.937+0000] {processor.py:183} INFO - Processing /home/airflow/.local/lib/python3.8/site-packages/airflow/example_dags/example_sensors.py took 0.089 seconds
