[2024-02-10T17:42:57.954+0000] {processor.py:161} INFO - Started process (PID=40) to work on /home/airflow/.local/lib/python3.8/site-packages/airflow/example_dags/example_time_delta_sensor_async.py
[2024-02-10T17:42:57.955+0000] {processor.py:830} INFO - Processing file /home/airflow/.local/lib/python3.8/site-packages/airflow/example_dags/example_time_delta_sensor_async.py for tasks to queue
[2024-02-10T17:42:57.957+0000] {logging_mixin.py:188} INFO - [2024-02-10T17:42:57.956+0000] {dagbag.py:538} INFO - Filling up the DagBag from /home/airflow/.local/lib/python3.8/site-packages/airflow/example_dags/example_time_delta_sensor_async.py
[2024-02-10T17:42:57.994+0000] {processor.py:840} INFO - DAG(s) 'example_time_delta_sensor_async' retrieved from /home/airflow/.local/lib/python3.8/site-packages/airflow/example_dags/example_time_delta_sensor_async.py
[2024-02-10T17:42:58.481+0000] {logging_mixin.py:188} INFO - [2024-02-10T17:42:58.481+0000] {dag.py:3036} INFO - Sync 1 DAGs
[2024-02-10T17:42:58.528+0000] {logging_mixin.py:188} INFO - [2024-02-10T17:42:58.527+0000] {dag.py:3823} INFO - Setting next_dagrun for example_time_delta_sensor_async to None, run_after=None
[2024-02-10T17:42:58.610+0000] {processor.py:183} INFO - Processing /home/airflow/.local/lib/python3.8/site-packages/airflow/example_dags/example_time_delta_sensor_async.py took 0.682 seconds
[2024-02-10T17:43:29.083+0000] {processor.py:161} INFO - Started process (PID=95) to work on /home/airflow/.local/lib/python3.8/site-packages/airflow/example_dags/example_time_delta_sensor_async.py
[2024-02-10T17:43:29.084+0000] {processor.py:830} INFO - Processing file /home/airflow/.local/lib/python3.8/site-packages/airflow/example_dags/example_time_delta_sensor_async.py for tasks to queue
[2024-02-10T17:43:29.085+0000] {logging_mixin.py:188} INFO - [2024-02-10T17:43:29.085+0000] {dagbag.py:538} INFO - Filling up the DagBag from /home/airflow/.local/lib/python3.8/site-packages/airflow/example_dags/example_time_delta_sensor_async.py
[2024-02-10T17:43:29.090+0000] {processor.py:840} INFO - DAG(s) 'example_time_delta_sensor_async' retrieved from /home/airflow/.local/lib/python3.8/site-packages/airflow/example_dags/example_time_delta_sensor_async.py
[2024-02-10T17:43:29.115+0000] {logging_mixin.py:188} INFO - [2024-02-10T17:43:29.115+0000] {dag.py:3036} INFO - Sync 1 DAGs
[2024-02-10T17:43:29.129+0000] {logging_mixin.py:188} INFO - [2024-02-10T17:43:29.129+0000] {dag.py:3823} INFO - Setting next_dagrun for example_time_delta_sensor_async to None, run_after=None
[2024-02-10T17:43:29.154+0000] {processor.py:183} INFO - Processing /home/airflow/.local/lib/python3.8/site-packages/airflow/example_dags/example_time_delta_sensor_async.py took 0.075 seconds
[2024-02-10T17:43:59.387+0000] {processor.py:161} INFO - Started process (PID=150) to work on /home/airflow/.local/lib/python3.8/site-packages/airflow/example_dags/example_time_delta_sensor_async.py
[2024-02-10T17:43:59.388+0000] {processor.py:830} INFO - Processing file /home/airflow/.local/lib/python3.8/site-packages/airflow/example_dags/example_time_delta_sensor_async.py for tasks to queue
[2024-02-10T17:43:59.390+0000] {logging_mixin.py:188} INFO - [2024-02-10T17:43:59.389+0000] {dagbag.py:538} INFO - Filling up the DagBag from /home/airflow/.local/lib/python3.8/site-packages/airflow/example_dags/example_time_delta_sensor_async.py
[2024-02-10T17:43:59.400+0000] {processor.py:840} INFO - DAG(s) 'example_time_delta_sensor_async' retrieved from /home/airflow/.local/lib/python3.8/site-packages/airflow/example_dags/example_time_delta_sensor_async.py
[2024-02-10T17:43:59.460+0000] {logging_mixin.py:188} INFO - [2024-02-10T17:43:59.459+0000] {dag.py:3036} INFO - Sync 1 DAGs
[2024-02-10T17:43:59.485+0000] {logging_mixin.py:188} INFO - [2024-02-10T17:43:59.484+0000] {dag.py:3823} INFO - Setting next_dagrun for example_time_delta_sensor_async to None, run_after=None
[2024-02-10T17:43:59.524+0000] {processor.py:183} INFO - Processing /home/airflow/.local/lib/python3.8/site-packages/airflow/example_dags/example_time_delta_sensor_async.py took 0.150 seconds
[2024-02-10T17:44:29.564+0000] {processor.py:161} INFO - Started process (PID=204) to work on /home/airflow/.local/lib/python3.8/site-packages/airflow/example_dags/example_time_delta_sensor_async.py
[2024-02-10T17:44:29.565+0000] {processor.py:830} INFO - Processing file /home/airflow/.local/lib/python3.8/site-packages/airflow/example_dags/example_time_delta_sensor_async.py for tasks to queue
[2024-02-10T17:44:29.566+0000] {logging_mixin.py:188} INFO - [2024-02-10T17:44:29.566+0000] {dagbag.py:538} INFO - Filling up the DagBag from /home/airflow/.local/lib/python3.8/site-packages/airflow/example_dags/example_time_delta_sensor_async.py
[2024-02-10T17:44:29.571+0000] {processor.py:840} INFO - DAG(s) 'example_time_delta_sensor_async' retrieved from /home/airflow/.local/lib/python3.8/site-packages/airflow/example_dags/example_time_delta_sensor_async.py
[2024-02-10T17:44:29.592+0000] {logging_mixin.py:188} INFO - [2024-02-10T17:44:29.592+0000] {dag.py:3036} INFO - Sync 1 DAGs
[2024-02-10T17:44:29.606+0000] {logging_mixin.py:188} INFO - [2024-02-10T17:44:29.605+0000] {dag.py:3823} INFO - Setting next_dagrun for example_time_delta_sensor_async to None, run_after=None
[2024-02-10T17:44:29.630+0000] {processor.py:183} INFO - Processing /home/airflow/.local/lib/python3.8/site-packages/airflow/example_dags/example_time_delta_sensor_async.py took 0.069 seconds
[2024-02-10T17:44:59.905+0000] {processor.py:161} INFO - Started process (PID=260) to work on /home/airflow/.local/lib/python3.8/site-packages/airflow/example_dags/example_time_delta_sensor_async.py
[2024-02-10T17:44:59.906+0000] {processor.py:830} INFO - Processing file /home/airflow/.local/lib/python3.8/site-packages/airflow/example_dags/example_time_delta_sensor_async.py for tasks to queue
[2024-02-10T17:44:59.908+0000] {logging_mixin.py:188} INFO - [2024-02-10T17:44:59.908+0000] {dagbag.py:538} INFO - Filling up the DagBag from /home/airflow/.local/lib/python3.8/site-packages/airflow/example_dags/example_time_delta_sensor_async.py
[2024-02-10T17:44:59.913+0000] {processor.py:840} INFO - DAG(s) 'example_time_delta_sensor_async' retrieved from /home/airflow/.local/lib/python3.8/site-packages/airflow/example_dags/example_time_delta_sensor_async.py
[2024-02-10T17:44:59.934+0000] {logging_mixin.py:188} INFO - [2024-02-10T17:44:59.934+0000] {dag.py:3036} INFO - Sync 1 DAGs
[2024-02-10T17:44:59.948+0000] {logging_mixin.py:188} INFO - [2024-02-10T17:44:59.948+0000] {dag.py:3823} INFO - Setting next_dagrun for example_time_delta_sensor_async to None, run_after=None
[2024-02-10T17:44:59.973+0000] {processor.py:183} INFO - Processing /home/airflow/.local/lib/python3.8/site-packages/airflow/example_dags/example_time_delta_sensor_async.py took 0.071 seconds
[2024-02-10T17:45:30.116+0000] {processor.py:161} INFO - Started process (PID=314) to work on /home/airflow/.local/lib/python3.8/site-packages/airflow/example_dags/example_time_delta_sensor_async.py
[2024-02-10T17:45:30.117+0000] {processor.py:830} INFO - Processing file /home/airflow/.local/lib/python3.8/site-packages/airflow/example_dags/example_time_delta_sensor_async.py for tasks to queue
[2024-02-10T17:45:30.120+0000] {logging_mixin.py:188} INFO - [2024-02-10T17:45:30.119+0000] {dagbag.py:538} INFO - Filling up the DagBag from /home/airflow/.local/lib/python3.8/site-packages/airflow/example_dags/example_time_delta_sensor_async.py
[2024-02-10T17:45:30.125+0000] {processor.py:840} INFO - DAG(s) 'example_time_delta_sensor_async' retrieved from /home/airflow/.local/lib/python3.8/site-packages/airflow/example_dags/example_time_delta_sensor_async.py
[2024-02-10T17:45:30.158+0000] {logging_mixin.py:188} INFO - [2024-02-10T17:45:30.158+0000] {dag.py:3036} INFO - Sync 1 DAGs
[2024-02-10T17:45:30.171+0000] {logging_mixin.py:188} INFO - [2024-02-10T17:45:30.171+0000] {dag.py:3823} INFO - Setting next_dagrun for example_time_delta_sensor_async to None, run_after=None
[2024-02-10T17:45:30.194+0000] {processor.py:183} INFO - Processing /home/airflow/.local/lib/python3.8/site-packages/airflow/example_dags/example_time_delta_sensor_async.py took 0.082 seconds
[2024-02-10T17:46:00.441+0000] {processor.py:161} INFO - Started process (PID=370) to work on /home/airflow/.local/lib/python3.8/site-packages/airflow/example_dags/example_time_delta_sensor_async.py
[2024-02-10T17:46:00.442+0000] {processor.py:830} INFO - Processing file /home/airflow/.local/lib/python3.8/site-packages/airflow/example_dags/example_time_delta_sensor_async.py for tasks to queue
[2024-02-10T17:46:00.444+0000] {logging_mixin.py:188} INFO - [2024-02-10T17:46:00.443+0000] {dagbag.py:538} INFO - Filling up the DagBag from /home/airflow/.local/lib/python3.8/site-packages/airflow/example_dags/example_time_delta_sensor_async.py
[2024-02-10T17:46:00.449+0000] {processor.py:840} INFO - DAG(s) 'example_time_delta_sensor_async' retrieved from /home/airflow/.local/lib/python3.8/site-packages/airflow/example_dags/example_time_delta_sensor_async.py
[2024-02-10T17:46:00.488+0000] {logging_mixin.py:188} INFO - [2024-02-10T17:46:00.488+0000] {dag.py:3036} INFO - Sync 1 DAGs
[2024-02-10T17:46:00.505+0000] {logging_mixin.py:188} INFO - [2024-02-10T17:46:00.505+0000] {dag.py:3823} INFO - Setting next_dagrun for example_time_delta_sensor_async to None, run_after=None
[2024-02-10T17:46:00.529+0000] {processor.py:183} INFO - Processing /home/airflow/.local/lib/python3.8/site-packages/airflow/example_dags/example_time_delta_sensor_async.py took 0.091 seconds
[2024-02-10T17:46:30.642+0000] {processor.py:161} INFO - Started process (PID=426) to work on /home/airflow/.local/lib/python3.8/site-packages/airflow/example_dags/example_time_delta_sensor_async.py
[2024-02-10T17:46:30.643+0000] {processor.py:830} INFO - Processing file /home/airflow/.local/lib/python3.8/site-packages/airflow/example_dags/example_time_delta_sensor_async.py for tasks to queue
[2024-02-10T17:46:30.645+0000] {logging_mixin.py:188} INFO - [2024-02-10T17:46:30.644+0000] {dagbag.py:538} INFO - Filling up the DagBag from /home/airflow/.local/lib/python3.8/site-packages/airflow/example_dags/example_time_delta_sensor_async.py
[2024-02-10T17:46:30.650+0000] {processor.py:840} INFO - DAG(s) 'example_time_delta_sensor_async' retrieved from /home/airflow/.local/lib/python3.8/site-packages/airflow/example_dags/example_time_delta_sensor_async.py
[2024-02-10T17:46:30.671+0000] {logging_mixin.py:188} INFO - [2024-02-10T17:46:30.670+0000] {dag.py:3036} INFO - Sync 1 DAGs
[2024-02-10T17:46:30.684+0000] {logging_mixin.py:188} INFO - [2024-02-10T17:46:30.684+0000] {dag.py:3823} INFO - Setting next_dagrun for example_time_delta_sensor_async to None, run_after=None
[2024-02-10T17:46:30.707+0000] {processor.py:183} INFO - Processing /home/airflow/.local/lib/python3.8/site-packages/airflow/example_dags/example_time_delta_sensor_async.py took 0.069 seconds
[2024-02-10T17:47:01.319+0000] {processor.py:161} INFO - Started process (PID=482) to work on /home/airflow/.local/lib/python3.8/site-packages/airflow/example_dags/example_time_delta_sensor_async.py
[2024-02-10T17:47:01.320+0000] {processor.py:830} INFO - Processing file /home/airflow/.local/lib/python3.8/site-packages/airflow/example_dags/example_time_delta_sensor_async.py for tasks to queue
[2024-02-10T17:47:01.324+0000] {logging_mixin.py:188} INFO - [2024-02-10T17:47:01.323+0000] {dagbag.py:538} INFO - Filling up the DagBag from /home/airflow/.local/lib/python3.8/site-packages/airflow/example_dags/example_time_delta_sensor_async.py
[2024-02-10T17:47:01.333+0000] {processor.py:840} INFO - DAG(s) 'example_time_delta_sensor_async' retrieved from /home/airflow/.local/lib/python3.8/site-packages/airflow/example_dags/example_time_delta_sensor_async.py
[2024-02-10T17:47:01.366+0000] {logging_mixin.py:188} INFO - [2024-02-10T17:47:01.366+0000] {dag.py:3036} INFO - Sync 1 DAGs
[2024-02-10T17:47:01.389+0000] {logging_mixin.py:188} INFO - [2024-02-10T17:47:01.389+0000] {dag.py:3823} INFO - Setting next_dagrun for example_time_delta_sensor_async to None, run_after=None
[2024-02-10T17:47:01.417+0000] {processor.py:183} INFO - Processing /home/airflow/.local/lib/python3.8/site-packages/airflow/example_dags/example_time_delta_sensor_async.py took 0.104 seconds
[2024-02-10T17:47:31.755+0000] {processor.py:161} INFO - Started process (PID=537) to work on /home/airflow/.local/lib/python3.8/site-packages/airflow/example_dags/example_time_delta_sensor_async.py
[2024-02-10T17:47:31.756+0000] {processor.py:830} INFO - Processing file /home/airflow/.local/lib/python3.8/site-packages/airflow/example_dags/example_time_delta_sensor_async.py for tasks to queue
[2024-02-10T17:47:31.758+0000] {logging_mixin.py:188} INFO - [2024-02-10T17:47:31.758+0000] {dagbag.py:538} INFO - Filling up the DagBag from /home/airflow/.local/lib/python3.8/site-packages/airflow/example_dags/example_time_delta_sensor_async.py
[2024-02-10T17:47:31.763+0000] {processor.py:840} INFO - DAG(s) 'example_time_delta_sensor_async' retrieved from /home/airflow/.local/lib/python3.8/site-packages/airflow/example_dags/example_time_delta_sensor_async.py
[2024-02-10T17:47:31.785+0000] {logging_mixin.py:188} INFO - [2024-02-10T17:47:31.785+0000] {dag.py:3036} INFO - Sync 1 DAGs
[2024-02-10T17:47:31.799+0000] {logging_mixin.py:188} INFO - [2024-02-10T17:47:31.799+0000] {dag.py:3823} INFO - Setting next_dagrun for example_time_delta_sensor_async to None, run_after=None
[2024-02-10T17:47:31.823+0000] {processor.py:183} INFO - Processing /home/airflow/.local/lib/python3.8/site-packages/airflow/example_dags/example_time_delta_sensor_async.py took 0.071 seconds
[2024-02-10T17:48:02.180+0000] {processor.py:161} INFO - Started process (PID=594) to work on /home/airflow/.local/lib/python3.8/site-packages/airflow/example_dags/example_time_delta_sensor_async.py
[2024-02-10T17:48:02.181+0000] {processor.py:830} INFO - Processing file /home/airflow/.local/lib/python3.8/site-packages/airflow/example_dags/example_time_delta_sensor_async.py for tasks to queue
[2024-02-10T17:48:02.182+0000] {logging_mixin.py:188} INFO - [2024-02-10T17:48:02.182+0000] {dagbag.py:538} INFO - Filling up the DagBag from /home/airflow/.local/lib/python3.8/site-packages/airflow/example_dags/example_time_delta_sensor_async.py
[2024-02-10T17:48:02.187+0000] {processor.py:840} INFO - DAG(s) 'example_time_delta_sensor_async' retrieved from /home/airflow/.local/lib/python3.8/site-packages/airflow/example_dags/example_time_delta_sensor_async.py
[2024-02-10T17:48:02.219+0000] {logging_mixin.py:188} INFO - [2024-02-10T17:48:02.219+0000] {dag.py:3036} INFO - Sync 1 DAGs
[2024-02-10T17:48:02.248+0000] {logging_mixin.py:188} INFO - [2024-02-10T17:48:02.248+0000] {dag.py:3823} INFO - Setting next_dagrun for example_time_delta_sensor_async to None, run_after=None
[2024-02-10T17:48:02.279+0000] {processor.py:183} INFO - Processing /home/airflow/.local/lib/python3.8/site-packages/airflow/example_dags/example_time_delta_sensor_async.py took 0.115 seconds
[2024-02-10T17:48:32.988+0000] {processor.py:161} INFO - Started process (PID=651) to work on /home/airflow/.local/lib/python3.8/site-packages/airflow/example_dags/example_time_delta_sensor_async.py
[2024-02-10T17:48:32.994+0000] {processor.py:830} INFO - Processing file /home/airflow/.local/lib/python3.8/site-packages/airflow/example_dags/example_time_delta_sensor_async.py for tasks to queue
[2024-02-10T17:48:32.996+0000] {logging_mixin.py:188} INFO - [2024-02-10T17:48:32.996+0000] {dagbag.py:538} INFO - Filling up the DagBag from /home/airflow/.local/lib/python3.8/site-packages/airflow/example_dags/example_time_delta_sensor_async.py
[2024-02-10T17:48:33.007+0000] {processor.py:840} INFO - DAG(s) 'example_time_delta_sensor_async' retrieved from /home/airflow/.local/lib/python3.8/site-packages/airflow/example_dags/example_time_delta_sensor_async.py
[2024-02-10T17:48:33.044+0000] {logging_mixin.py:188} INFO - [2024-02-10T17:48:33.044+0000] {dag.py:3036} INFO - Sync 1 DAGs
[2024-02-10T17:48:33.057+0000] {logging_mixin.py:188} INFO - [2024-02-10T17:48:33.056+0000] {dag.py:3823} INFO - Setting next_dagrun for example_time_delta_sensor_async to None, run_after=None
[2024-02-10T17:48:33.089+0000] {processor.py:183} INFO - Processing /home/airflow/.local/lib/python3.8/site-packages/airflow/example_dags/example_time_delta_sensor_async.py took 0.104 seconds
[2024-02-10T17:49:03.441+0000] {processor.py:161} INFO - Started process (PID=706) to work on /home/airflow/.local/lib/python3.8/site-packages/airflow/example_dags/example_time_delta_sensor_async.py
[2024-02-10T17:49:03.442+0000] {processor.py:830} INFO - Processing file /home/airflow/.local/lib/python3.8/site-packages/airflow/example_dags/example_time_delta_sensor_async.py for tasks to queue
[2024-02-10T17:49:03.443+0000] {logging_mixin.py:188} INFO - [2024-02-10T17:49:03.443+0000] {dagbag.py:538} INFO - Filling up the DagBag from /home/airflow/.local/lib/python3.8/site-packages/airflow/example_dags/example_time_delta_sensor_async.py
[2024-02-10T17:49:03.448+0000] {processor.py:840} INFO - DAG(s) 'example_time_delta_sensor_async' retrieved from /home/airflow/.local/lib/python3.8/site-packages/airflow/example_dags/example_time_delta_sensor_async.py
[2024-02-10T17:49:03.469+0000] {logging_mixin.py:188} INFO - [2024-02-10T17:49:03.469+0000] {dag.py:3036} INFO - Sync 1 DAGs
[2024-02-10T17:49:03.483+0000] {logging_mixin.py:188} INFO - [2024-02-10T17:49:03.483+0000] {dag.py:3823} INFO - Setting next_dagrun for example_time_delta_sensor_async to None, run_after=None
[2024-02-10T17:49:03.509+0000] {processor.py:183} INFO - Processing /home/airflow/.local/lib/python3.8/site-packages/airflow/example_dags/example_time_delta_sensor_async.py took 0.072 seconds
[2024-02-10T17:49:33.925+0000] {processor.py:161} INFO - Started process (PID=761) to work on /home/airflow/.local/lib/python3.8/site-packages/airflow/example_dags/example_time_delta_sensor_async.py
[2024-02-10T17:49:33.926+0000] {processor.py:830} INFO - Processing file /home/airflow/.local/lib/python3.8/site-packages/airflow/example_dags/example_time_delta_sensor_async.py for tasks to queue
[2024-02-10T17:49:33.928+0000] {logging_mixin.py:188} INFO - [2024-02-10T17:49:33.927+0000] {dagbag.py:538} INFO - Filling up the DagBag from /home/airflow/.local/lib/python3.8/site-packages/airflow/example_dags/example_time_delta_sensor_async.py
[2024-02-10T17:49:33.934+0000] {processor.py:840} INFO - DAG(s) 'example_time_delta_sensor_async' retrieved from /home/airflow/.local/lib/python3.8/site-packages/airflow/example_dags/example_time_delta_sensor_async.py
[2024-02-10T17:49:33.955+0000] {logging_mixin.py:188} INFO - [2024-02-10T17:49:33.955+0000] {dag.py:3036} INFO - Sync 1 DAGs
[2024-02-10T17:49:33.969+0000] {logging_mixin.py:188} INFO - [2024-02-10T17:49:33.969+0000] {dag.py:3823} INFO - Setting next_dagrun for example_time_delta_sensor_async to None, run_after=None
[2024-02-10T17:49:33.996+0000] {processor.py:183} INFO - Processing /home/airflow/.local/lib/python3.8/site-packages/airflow/example_dags/example_time_delta_sensor_async.py took 0.074 seconds
[2024-02-10T17:50:04.469+0000] {processor.py:161} INFO - Started process (PID=816) to work on /home/airflow/.local/lib/python3.8/site-packages/airflow/example_dags/example_time_delta_sensor_async.py
[2024-02-10T17:50:04.516+0000] {processor.py:830} INFO - Processing file /home/airflow/.local/lib/python3.8/site-packages/airflow/example_dags/example_time_delta_sensor_async.py for tasks to queue
[2024-02-10T17:50:04.529+0000] {logging_mixin.py:188} INFO - [2024-02-10T17:50:04.529+0000] {dagbag.py:538} INFO - Filling up the DagBag from /home/airflow/.local/lib/python3.8/site-packages/airflow/example_dags/example_time_delta_sensor_async.py
[2024-02-10T17:50:04.541+0000] {processor.py:840} INFO - DAG(s) 'example_time_delta_sensor_async' retrieved from /home/airflow/.local/lib/python3.8/site-packages/airflow/example_dags/example_time_delta_sensor_async.py
[2024-02-10T17:50:04.570+0000] {logging_mixin.py:188} INFO - [2024-02-10T17:50:04.570+0000] {dag.py:3036} INFO - Sync 1 DAGs
[2024-02-10T17:50:04.586+0000] {logging_mixin.py:188} INFO - [2024-02-10T17:50:04.586+0000] {dag.py:3823} INFO - Setting next_dagrun for example_time_delta_sensor_async to None, run_after=None
[2024-02-10T17:50:04.651+0000] {processor.py:183} INFO - Processing /home/airflow/.local/lib/python3.8/site-packages/airflow/example_dags/example_time_delta_sensor_async.py took 0.194 seconds
[2024-02-10T17:50:35.444+0000] {processor.py:161} INFO - Started process (PID=871) to work on /home/airflow/.local/lib/python3.8/site-packages/airflow/example_dags/example_time_delta_sensor_async.py
[2024-02-10T17:50:35.454+0000] {processor.py:830} INFO - Processing file /home/airflow/.local/lib/python3.8/site-packages/airflow/example_dags/example_time_delta_sensor_async.py for tasks to queue
[2024-02-10T17:50:35.456+0000] {logging_mixin.py:188} INFO - [2024-02-10T17:50:35.455+0000] {dagbag.py:538} INFO - Filling up the DagBag from /home/airflow/.local/lib/python3.8/site-packages/airflow/example_dags/example_time_delta_sensor_async.py
[2024-02-10T17:50:35.461+0000] {processor.py:840} INFO - DAG(s) 'example_time_delta_sensor_async' retrieved from /home/airflow/.local/lib/python3.8/site-packages/airflow/example_dags/example_time_delta_sensor_async.py
[2024-02-10T17:50:35.522+0000] {logging_mixin.py:188} INFO - [2024-02-10T17:50:35.518+0000] {dag.py:3036} INFO - Sync 1 DAGs
[2024-02-10T17:50:35.556+0000] {logging_mixin.py:188} INFO - [2024-02-10T17:50:35.556+0000] {dag.py:3823} INFO - Setting next_dagrun for example_time_delta_sensor_async to None, run_after=None
[2024-02-10T17:50:35.655+0000] {processor.py:183} INFO - Processing /home/airflow/.local/lib/python3.8/site-packages/airflow/example_dags/example_time_delta_sensor_async.py took 0.214 seconds
[2024-02-10T17:51:06.147+0000] {processor.py:161} INFO - Started process (PID=926) to work on /home/airflow/.local/lib/python3.8/site-packages/airflow/example_dags/example_time_delta_sensor_async.py
[2024-02-10T17:51:06.152+0000] {processor.py:830} INFO - Processing file /home/airflow/.local/lib/python3.8/site-packages/airflow/example_dags/example_time_delta_sensor_async.py for tasks to queue
[2024-02-10T17:51:06.161+0000] {logging_mixin.py:188} INFO - [2024-02-10T17:51:06.160+0000] {dagbag.py:538} INFO - Filling up the DagBag from /home/airflow/.local/lib/python3.8/site-packages/airflow/example_dags/example_time_delta_sensor_async.py
[2024-02-10T17:51:06.166+0000] {processor.py:840} INFO - DAG(s) 'example_time_delta_sensor_async' retrieved from /home/airflow/.local/lib/python3.8/site-packages/airflow/example_dags/example_time_delta_sensor_async.py
[2024-02-10T17:51:06.233+0000] {logging_mixin.py:188} INFO - [2024-02-10T17:51:06.232+0000] {dag.py:3036} INFO - Sync 1 DAGs
[2024-02-10T17:51:06.259+0000] {logging_mixin.py:188} INFO - [2024-02-10T17:51:06.259+0000] {dag.py:3823} INFO - Setting next_dagrun for example_time_delta_sensor_async to None, run_after=None
[2024-02-10T17:51:06.283+0000] {processor.py:183} INFO - Processing /home/airflow/.local/lib/python3.8/site-packages/airflow/example_dags/example_time_delta_sensor_async.py took 0.140 seconds
[2024-02-10T17:51:37.286+0000] {processor.py:161} INFO - Started process (PID=981) to work on /home/airflow/.local/lib/python3.8/site-packages/airflow/example_dags/example_time_delta_sensor_async.py
[2024-02-10T17:51:37.286+0000] {processor.py:830} INFO - Processing file /home/airflow/.local/lib/python3.8/site-packages/airflow/example_dags/example_time_delta_sensor_async.py for tasks to queue
[2024-02-10T17:51:37.288+0000] {logging_mixin.py:188} INFO - [2024-02-10T17:51:37.288+0000] {dagbag.py:538} INFO - Filling up the DagBag from /home/airflow/.local/lib/python3.8/site-packages/airflow/example_dags/example_time_delta_sensor_async.py
[2024-02-10T17:51:37.293+0000] {processor.py:840} INFO - DAG(s) 'example_time_delta_sensor_async' retrieved from /home/airflow/.local/lib/python3.8/site-packages/airflow/example_dags/example_time_delta_sensor_async.py
[2024-02-10T17:51:37.313+0000] {logging_mixin.py:188} INFO - [2024-02-10T17:51:37.313+0000] {dag.py:3036} INFO - Sync 1 DAGs
[2024-02-10T17:51:37.328+0000] {logging_mixin.py:188} INFO - [2024-02-10T17:51:37.328+0000] {dag.py:3823} INFO - Setting next_dagrun for example_time_delta_sensor_async to None, run_after=None
[2024-02-10T17:51:37.370+0000] {processor.py:183} INFO - Processing /home/airflow/.local/lib/python3.8/site-packages/airflow/example_dags/example_time_delta_sensor_async.py took 0.087 seconds
[2024-02-10T17:52:07.579+0000] {processor.py:161} INFO - Started process (PID=1036) to work on /home/airflow/.local/lib/python3.8/site-packages/airflow/example_dags/example_time_delta_sensor_async.py
[2024-02-10T17:52:07.580+0000] {processor.py:830} INFO - Processing file /home/airflow/.local/lib/python3.8/site-packages/airflow/example_dags/example_time_delta_sensor_async.py for tasks to queue
[2024-02-10T17:52:07.582+0000] {logging_mixin.py:188} INFO - [2024-02-10T17:52:07.581+0000] {dagbag.py:538} INFO - Filling up the DagBag from /home/airflow/.local/lib/python3.8/site-packages/airflow/example_dags/example_time_delta_sensor_async.py
[2024-02-10T17:52:07.587+0000] {processor.py:840} INFO - DAG(s) 'example_time_delta_sensor_async' retrieved from /home/airflow/.local/lib/python3.8/site-packages/airflow/example_dags/example_time_delta_sensor_async.py
[2024-02-10T17:52:07.607+0000] {logging_mixin.py:188} INFO - [2024-02-10T17:52:07.607+0000] {dag.py:3036} INFO - Sync 1 DAGs
[2024-02-10T17:52:07.620+0000] {logging_mixin.py:188} INFO - [2024-02-10T17:52:07.620+0000] {dag.py:3823} INFO - Setting next_dagrun for example_time_delta_sensor_async to None, run_after=None
[2024-02-10T17:52:07.650+0000] {processor.py:183} INFO - Processing /home/airflow/.local/lib/python3.8/site-packages/airflow/example_dags/example_time_delta_sensor_async.py took 0.075 seconds
[2024-02-10T17:52:37.772+0000] {processor.py:161} INFO - Started process (PID=1091) to work on /home/airflow/.local/lib/python3.8/site-packages/airflow/example_dags/example_time_delta_sensor_async.py
[2024-02-10T17:52:37.773+0000] {processor.py:830} INFO - Processing file /home/airflow/.local/lib/python3.8/site-packages/airflow/example_dags/example_time_delta_sensor_async.py for tasks to queue
[2024-02-10T17:52:37.775+0000] {logging_mixin.py:188} INFO - [2024-02-10T17:52:37.774+0000] {dagbag.py:538} INFO - Filling up the DagBag from /home/airflow/.local/lib/python3.8/site-packages/airflow/example_dags/example_time_delta_sensor_async.py
[2024-02-10T17:52:37.781+0000] {processor.py:840} INFO - DAG(s) 'example_time_delta_sensor_async' retrieved from /home/airflow/.local/lib/python3.8/site-packages/airflow/example_dags/example_time_delta_sensor_async.py
[2024-02-10T17:52:37.802+0000] {logging_mixin.py:188} INFO - [2024-02-10T17:52:37.802+0000] {dag.py:3036} INFO - Sync 1 DAGs
[2024-02-10T17:52:37.816+0000] {logging_mixin.py:188} INFO - [2024-02-10T17:52:37.816+0000] {dag.py:3823} INFO - Setting next_dagrun for example_time_delta_sensor_async to None, run_after=None
[2024-02-10T17:52:37.840+0000] {processor.py:183} INFO - Processing /home/airflow/.local/lib/python3.8/site-packages/airflow/example_dags/example_time_delta_sensor_async.py took 0.072 seconds
[2024-02-10T17:53:08.111+0000] {processor.py:161} INFO - Started process (PID=1146) to work on /home/airflow/.local/lib/python3.8/site-packages/airflow/example_dags/example_time_delta_sensor_async.py
[2024-02-10T17:53:08.112+0000] {processor.py:830} INFO - Processing file /home/airflow/.local/lib/python3.8/site-packages/airflow/example_dags/example_time_delta_sensor_async.py for tasks to queue
[2024-02-10T17:53:08.114+0000] {logging_mixin.py:188} INFO - [2024-02-10T17:53:08.114+0000] {dagbag.py:538} INFO - Filling up the DagBag from /home/airflow/.local/lib/python3.8/site-packages/airflow/example_dags/example_time_delta_sensor_async.py
[2024-02-10T17:53:08.121+0000] {processor.py:840} INFO - DAG(s) 'example_time_delta_sensor_async' retrieved from /home/airflow/.local/lib/python3.8/site-packages/airflow/example_dags/example_time_delta_sensor_async.py
[2024-02-10T17:53:08.141+0000] {logging_mixin.py:188} INFO - [2024-02-10T17:53:08.141+0000] {dag.py:3036} INFO - Sync 1 DAGs
[2024-02-10T17:53:08.155+0000] {logging_mixin.py:188} INFO - [2024-02-10T17:53:08.155+0000] {dag.py:3823} INFO - Setting next_dagrun for example_time_delta_sensor_async to None, run_after=None
[2024-02-10T17:53:08.178+0000] {processor.py:183} INFO - Processing /home/airflow/.local/lib/python3.8/site-packages/airflow/example_dags/example_time_delta_sensor_async.py took 0.070 seconds
[2024-02-10T17:53:38.582+0000] {processor.py:161} INFO - Started process (PID=1201) to work on /home/airflow/.local/lib/python3.8/site-packages/airflow/example_dags/example_time_delta_sensor_async.py
[2024-02-10T17:53:38.583+0000] {processor.py:830} INFO - Processing file /home/airflow/.local/lib/python3.8/site-packages/airflow/example_dags/example_time_delta_sensor_async.py for tasks to queue
[2024-02-10T17:53:38.584+0000] {logging_mixin.py:188} INFO - [2024-02-10T17:53:38.584+0000] {dagbag.py:538} INFO - Filling up the DagBag from /home/airflow/.local/lib/python3.8/site-packages/airflow/example_dags/example_time_delta_sensor_async.py
[2024-02-10T17:53:38.590+0000] {processor.py:840} INFO - DAG(s) 'example_time_delta_sensor_async' retrieved from /home/airflow/.local/lib/python3.8/site-packages/airflow/example_dags/example_time_delta_sensor_async.py
[2024-02-10T17:53:38.611+0000] {logging_mixin.py:188} INFO - [2024-02-10T17:53:38.610+0000] {dag.py:3036} INFO - Sync 1 DAGs
[2024-02-10T17:53:38.624+0000] {logging_mixin.py:188} INFO - [2024-02-10T17:53:38.624+0000] {dag.py:3823} INFO - Setting next_dagrun for example_time_delta_sensor_async to None, run_after=None
[2024-02-10T17:53:38.651+0000] {processor.py:183} INFO - Processing /home/airflow/.local/lib/python3.8/site-packages/airflow/example_dags/example_time_delta_sensor_async.py took 0.074 seconds
[2024-02-10T17:54:08.739+0000] {processor.py:161} INFO - Started process (PID=1257) to work on /home/airflow/.local/lib/python3.8/site-packages/airflow/example_dags/example_time_delta_sensor_async.py
[2024-02-10T17:54:08.740+0000] {processor.py:830} INFO - Processing file /home/airflow/.local/lib/python3.8/site-packages/airflow/example_dags/example_time_delta_sensor_async.py for tasks to queue
[2024-02-10T17:54:08.742+0000] {logging_mixin.py:188} INFO - [2024-02-10T17:54:08.742+0000] {dagbag.py:538} INFO - Filling up the DagBag from /home/airflow/.local/lib/python3.8/site-packages/airflow/example_dags/example_time_delta_sensor_async.py
[2024-02-10T17:54:08.748+0000] {processor.py:840} INFO - DAG(s) 'example_time_delta_sensor_async' retrieved from /home/airflow/.local/lib/python3.8/site-packages/airflow/example_dags/example_time_delta_sensor_async.py
[2024-02-10T17:54:08.768+0000] {logging_mixin.py:188} INFO - [2024-02-10T17:54:08.768+0000] {dag.py:3036} INFO - Sync 1 DAGs
[2024-02-10T17:54:08.784+0000] {logging_mixin.py:188} INFO - [2024-02-10T17:54:08.784+0000] {dag.py:3823} INFO - Setting next_dagrun for example_time_delta_sensor_async to None, run_after=None
[2024-02-10T17:54:08.807+0000] {processor.py:183} INFO - Processing /home/airflow/.local/lib/python3.8/site-packages/airflow/example_dags/example_time_delta_sensor_async.py took 0.071 seconds
[2024-02-10T17:54:39.218+0000] {processor.py:161} INFO - Started process (PID=1313) to work on /home/airflow/.local/lib/python3.8/site-packages/airflow/example_dags/example_time_delta_sensor_async.py
[2024-02-10T17:54:39.219+0000] {processor.py:830} INFO - Processing file /home/airflow/.local/lib/python3.8/site-packages/airflow/example_dags/example_time_delta_sensor_async.py for tasks to queue
[2024-02-10T17:54:39.221+0000] {logging_mixin.py:188} INFO - [2024-02-10T17:54:39.221+0000] {dagbag.py:538} INFO - Filling up the DagBag from /home/airflow/.local/lib/python3.8/site-packages/airflow/example_dags/example_time_delta_sensor_async.py
[2024-02-10T17:54:39.227+0000] {processor.py:840} INFO - DAG(s) 'example_time_delta_sensor_async' retrieved from /home/airflow/.local/lib/python3.8/site-packages/airflow/example_dags/example_time_delta_sensor_async.py
[2024-02-10T17:54:39.260+0000] {logging_mixin.py:188} INFO - [2024-02-10T17:54:39.260+0000] {dag.py:3036} INFO - Sync 1 DAGs
[2024-02-10T17:54:39.274+0000] {logging_mixin.py:188} INFO - [2024-02-10T17:54:39.274+0000] {dag.py:3823} INFO - Setting next_dagrun for example_time_delta_sensor_async to None, run_after=None
[2024-02-10T17:54:39.300+0000] {processor.py:183} INFO - Processing /home/airflow/.local/lib/python3.8/site-packages/airflow/example_dags/example_time_delta_sensor_async.py took 0.093 seconds
[2024-02-10T17:55:09.581+0000] {processor.py:161} INFO - Started process (PID=1368) to work on /home/airflow/.local/lib/python3.8/site-packages/airflow/example_dags/example_time_delta_sensor_async.py
[2024-02-10T17:55:09.582+0000] {processor.py:830} INFO - Processing file /home/airflow/.local/lib/python3.8/site-packages/airflow/example_dags/example_time_delta_sensor_async.py for tasks to queue
[2024-02-10T17:55:09.587+0000] {logging_mixin.py:188} INFO - [2024-02-10T17:55:09.586+0000] {dagbag.py:538} INFO - Filling up the DagBag from /home/airflow/.local/lib/python3.8/site-packages/airflow/example_dags/example_time_delta_sensor_async.py
[2024-02-10T17:55:09.603+0000] {processor.py:840} INFO - DAG(s) 'example_time_delta_sensor_async' retrieved from /home/airflow/.local/lib/python3.8/site-packages/airflow/example_dags/example_time_delta_sensor_async.py
[2024-02-10T17:55:09.665+0000] {logging_mixin.py:188} INFO - [2024-02-10T17:55:09.665+0000] {dag.py:3036} INFO - Sync 1 DAGs
[2024-02-10T17:55:09.681+0000] {logging_mixin.py:188} INFO - [2024-02-10T17:55:09.680+0000] {dag.py:3823} INFO - Setting next_dagrun for example_time_delta_sensor_async to None, run_after=None
[2024-02-10T17:55:09.724+0000] {processor.py:183} INFO - Processing /home/airflow/.local/lib/python3.8/site-packages/airflow/example_dags/example_time_delta_sensor_async.py took 0.158 seconds
[2024-02-10T17:55:39.765+0000] {processor.py:161} INFO - Started process (PID=1422) to work on /home/airflow/.local/lib/python3.8/site-packages/airflow/example_dags/example_time_delta_sensor_async.py
[2024-02-10T17:55:39.766+0000] {processor.py:830} INFO - Processing file /home/airflow/.local/lib/python3.8/site-packages/airflow/example_dags/example_time_delta_sensor_async.py for tasks to queue
[2024-02-10T17:55:39.768+0000] {logging_mixin.py:188} INFO - [2024-02-10T17:55:39.767+0000] {dagbag.py:538} INFO - Filling up the DagBag from /home/airflow/.local/lib/python3.8/site-packages/airflow/example_dags/example_time_delta_sensor_async.py
[2024-02-10T17:55:39.773+0000] {processor.py:840} INFO - DAG(s) 'example_time_delta_sensor_async' retrieved from /home/airflow/.local/lib/python3.8/site-packages/airflow/example_dags/example_time_delta_sensor_async.py
[2024-02-10T17:55:39.796+0000] {logging_mixin.py:188} INFO - [2024-02-10T17:55:39.796+0000] {dag.py:3036} INFO - Sync 1 DAGs
[2024-02-10T17:55:39.811+0000] {logging_mixin.py:188} INFO - [2024-02-10T17:55:39.811+0000] {dag.py:3823} INFO - Setting next_dagrun for example_time_delta_sensor_async to None, run_after=None
[2024-02-10T17:55:39.862+0000] {processor.py:183} INFO - Processing /home/airflow/.local/lib/python3.8/site-packages/airflow/example_dags/example_time_delta_sensor_async.py took 0.101 seconds
[2024-02-10T17:56:10.241+0000] {processor.py:161} INFO - Started process (PID=1479) to work on /home/airflow/.local/lib/python3.8/site-packages/airflow/example_dags/example_time_delta_sensor_async.py
[2024-02-10T17:56:10.242+0000] {processor.py:830} INFO - Processing file /home/airflow/.local/lib/python3.8/site-packages/airflow/example_dags/example_time_delta_sensor_async.py for tasks to queue
[2024-02-10T17:56:10.244+0000] {logging_mixin.py:188} INFO - [2024-02-10T17:56:10.243+0000] {dagbag.py:538} INFO - Filling up the DagBag from /home/airflow/.local/lib/python3.8/site-packages/airflow/example_dags/example_time_delta_sensor_async.py
[2024-02-10T17:56:10.249+0000] {processor.py:840} INFO - DAG(s) 'example_time_delta_sensor_async' retrieved from /home/airflow/.local/lib/python3.8/site-packages/airflow/example_dags/example_time_delta_sensor_async.py
[2024-02-10T17:56:10.275+0000] {logging_mixin.py:188} INFO - [2024-02-10T17:56:10.274+0000] {dag.py:3036} INFO - Sync 1 DAGs
[2024-02-10T17:56:10.289+0000] {logging_mixin.py:188} INFO - [2024-02-10T17:56:10.288+0000] {dag.py:3823} INFO - Setting next_dagrun for example_time_delta_sensor_async to None, run_after=None
[2024-02-10T17:56:10.314+0000] {processor.py:183} INFO - Processing /home/airflow/.local/lib/python3.8/site-packages/airflow/example_dags/example_time_delta_sensor_async.py took 0.081 seconds
[2024-02-10T17:56:40.395+0000] {processor.py:161} INFO - Started process (PID=1535) to work on /home/airflow/.local/lib/python3.8/site-packages/airflow/example_dags/example_time_delta_sensor_async.py
[2024-02-10T17:56:40.402+0000] {processor.py:830} INFO - Processing file /home/airflow/.local/lib/python3.8/site-packages/airflow/example_dags/example_time_delta_sensor_async.py for tasks to queue
[2024-02-10T17:56:40.404+0000] {logging_mixin.py:188} INFO - [2024-02-10T17:56:40.403+0000] {dagbag.py:538} INFO - Filling up the DagBag from /home/airflow/.local/lib/python3.8/site-packages/airflow/example_dags/example_time_delta_sensor_async.py
[2024-02-10T17:56:40.411+0000] {processor.py:840} INFO - DAG(s) 'example_time_delta_sensor_async' retrieved from /home/airflow/.local/lib/python3.8/site-packages/airflow/example_dags/example_time_delta_sensor_async.py
[2024-02-10T17:56:40.447+0000] {logging_mixin.py:188} INFO - [2024-02-10T17:56:40.447+0000] {dag.py:3036} INFO - Sync 1 DAGs
[2024-02-10T17:56:40.461+0000] {logging_mixin.py:188} INFO - [2024-02-10T17:56:40.461+0000] {dag.py:3823} INFO - Setting next_dagrun for example_time_delta_sensor_async to None, run_after=None
[2024-02-10T17:56:40.483+0000] {processor.py:183} INFO - Processing /home/airflow/.local/lib/python3.8/site-packages/airflow/example_dags/example_time_delta_sensor_async.py took 0.094 seconds
[2024-02-10T17:57:10.529+0000] {processor.py:161} INFO - Started process (PID=1591) to work on /home/airflow/.local/lib/python3.8/site-packages/airflow/example_dags/example_time_delta_sensor_async.py
[2024-02-10T17:57:10.530+0000] {processor.py:830} INFO - Processing file /home/airflow/.local/lib/python3.8/site-packages/airflow/example_dags/example_time_delta_sensor_async.py for tasks to queue
[2024-02-10T17:57:10.532+0000] {logging_mixin.py:188} INFO - [2024-02-10T17:57:10.531+0000] {dagbag.py:538} INFO - Filling up the DagBag from /home/airflow/.local/lib/python3.8/site-packages/airflow/example_dags/example_time_delta_sensor_async.py
[2024-02-10T17:57:10.537+0000] {processor.py:840} INFO - DAG(s) 'example_time_delta_sensor_async' retrieved from /home/airflow/.local/lib/python3.8/site-packages/airflow/example_dags/example_time_delta_sensor_async.py
[2024-02-10T17:57:10.557+0000] {logging_mixin.py:188} INFO - [2024-02-10T17:57:10.557+0000] {dag.py:3036} INFO - Sync 1 DAGs
[2024-02-10T17:57:10.571+0000] {logging_mixin.py:188} INFO - [2024-02-10T17:57:10.571+0000] {dag.py:3823} INFO - Setting next_dagrun for example_time_delta_sensor_async to None, run_after=None
[2024-02-10T17:57:10.595+0000] {processor.py:183} INFO - Processing /home/airflow/.local/lib/python3.8/site-packages/airflow/example_dags/example_time_delta_sensor_async.py took 0.069 seconds
[2024-02-10T17:57:40.907+0000] {processor.py:161} INFO - Started process (PID=1646) to work on /home/airflow/.local/lib/python3.8/site-packages/airflow/example_dags/example_time_delta_sensor_async.py
[2024-02-10T17:57:40.908+0000] {processor.py:830} INFO - Processing file /home/airflow/.local/lib/python3.8/site-packages/airflow/example_dags/example_time_delta_sensor_async.py for tasks to queue
[2024-02-10T17:57:40.910+0000] {logging_mixin.py:188} INFO - [2024-02-10T17:57:40.910+0000] {dagbag.py:538} INFO - Filling up the DagBag from /home/airflow/.local/lib/python3.8/site-packages/airflow/example_dags/example_time_delta_sensor_async.py
[2024-02-10T17:57:40.916+0000] {processor.py:840} INFO - DAG(s) 'example_time_delta_sensor_async' retrieved from /home/airflow/.local/lib/python3.8/site-packages/airflow/example_dags/example_time_delta_sensor_async.py
[2024-02-10T17:57:40.937+0000] {logging_mixin.py:188} INFO - [2024-02-10T17:57:40.937+0000] {dag.py:3036} INFO - Sync 1 DAGs
[2024-02-10T17:57:40.952+0000] {logging_mixin.py:188} INFO - [2024-02-10T17:57:40.952+0000] {dag.py:3823} INFO - Setting next_dagrun for example_time_delta_sensor_async to None, run_after=None
[2024-02-10T17:57:40.975+0000] {processor.py:183} INFO - Processing /home/airflow/.local/lib/python3.8/site-packages/airflow/example_dags/example_time_delta_sensor_async.py took 0.071 seconds
[2024-02-10T17:58:11.512+0000] {processor.py:161} INFO - Started process (PID=1701) to work on /home/airflow/.local/lib/python3.8/site-packages/airflow/example_dags/example_time_delta_sensor_async.py
[2024-02-10T17:58:11.513+0000] {processor.py:830} INFO - Processing file /home/airflow/.local/lib/python3.8/site-packages/airflow/example_dags/example_time_delta_sensor_async.py for tasks to queue
[2024-02-10T17:58:11.514+0000] {logging_mixin.py:188} INFO - [2024-02-10T17:58:11.514+0000] {dagbag.py:538} INFO - Filling up the DagBag from /home/airflow/.local/lib/python3.8/site-packages/airflow/example_dags/example_time_delta_sensor_async.py
[2024-02-10T17:58:11.521+0000] {processor.py:840} INFO - DAG(s) 'example_time_delta_sensor_async' retrieved from /home/airflow/.local/lib/python3.8/site-packages/airflow/example_dags/example_time_delta_sensor_async.py
[2024-02-10T17:58:11.542+0000] {logging_mixin.py:188} INFO - [2024-02-10T17:58:11.542+0000] {dag.py:3036} INFO - Sync 1 DAGs
[2024-02-10T17:58:11.556+0000] {logging_mixin.py:188} INFO - [2024-02-10T17:58:11.556+0000] {dag.py:3823} INFO - Setting next_dagrun for example_time_delta_sensor_async to None, run_after=None
[2024-02-10T17:58:11.579+0000] {processor.py:183} INFO - Processing /home/airflow/.local/lib/python3.8/site-packages/airflow/example_dags/example_time_delta_sensor_async.py took 0.071 seconds
[2024-02-10T17:58:41.853+0000] {processor.py:161} INFO - Started process (PID=1757) to work on /home/airflow/.local/lib/python3.8/site-packages/airflow/example_dags/example_time_delta_sensor_async.py
[2024-02-10T17:58:41.855+0000] {processor.py:830} INFO - Processing file /home/airflow/.local/lib/python3.8/site-packages/airflow/example_dags/example_time_delta_sensor_async.py for tasks to queue
[2024-02-10T17:58:41.857+0000] {logging_mixin.py:188} INFO - [2024-02-10T17:58:41.857+0000] {dagbag.py:538} INFO - Filling up the DagBag from /home/airflow/.local/lib/python3.8/site-packages/airflow/example_dags/example_time_delta_sensor_async.py
[2024-02-10T17:58:41.862+0000] {processor.py:840} INFO - DAG(s) 'example_time_delta_sensor_async' retrieved from /home/airflow/.local/lib/python3.8/site-packages/airflow/example_dags/example_time_delta_sensor_async.py
[2024-02-10T17:58:41.884+0000] {logging_mixin.py:188} INFO - [2024-02-10T17:58:41.884+0000] {dag.py:3036} INFO - Sync 1 DAGs
[2024-02-10T17:58:41.897+0000] {logging_mixin.py:188} INFO - [2024-02-10T17:58:41.897+0000] {dag.py:3823} INFO - Setting next_dagrun for example_time_delta_sensor_async to None, run_after=None
[2024-02-10T17:58:41.929+0000] {processor.py:183} INFO - Processing /home/airflow/.local/lib/python3.8/site-packages/airflow/example_dags/example_time_delta_sensor_async.py took 0.079 seconds
[2024-02-10T17:59:12.154+0000] {processor.py:161} INFO - Started process (PID=1812) to work on /home/airflow/.local/lib/python3.8/site-packages/airflow/example_dags/example_time_delta_sensor_async.py
[2024-02-10T17:59:12.155+0000] {processor.py:830} INFO - Processing file /home/airflow/.local/lib/python3.8/site-packages/airflow/example_dags/example_time_delta_sensor_async.py for tasks to queue
[2024-02-10T17:59:12.156+0000] {logging_mixin.py:188} INFO - [2024-02-10T17:59:12.156+0000] {dagbag.py:538} INFO - Filling up the DagBag from /home/airflow/.local/lib/python3.8/site-packages/airflow/example_dags/example_time_delta_sensor_async.py
[2024-02-10T17:59:12.167+0000] {processor.py:840} INFO - DAG(s) 'example_time_delta_sensor_async' retrieved from /home/airflow/.local/lib/python3.8/site-packages/airflow/example_dags/example_time_delta_sensor_async.py
[2024-02-10T17:59:12.201+0000] {logging_mixin.py:188} INFO - [2024-02-10T17:59:12.200+0000] {dag.py:3036} INFO - Sync 1 DAGs
[2024-02-10T17:59:12.214+0000] {logging_mixin.py:188} INFO - [2024-02-10T17:59:12.214+0000] {dag.py:3823} INFO - Setting next_dagrun for example_time_delta_sensor_async to None, run_after=None
[2024-02-10T17:59:12.240+0000] {processor.py:183} INFO - Processing /home/airflow/.local/lib/python3.8/site-packages/airflow/example_dags/example_time_delta_sensor_async.py took 0.090 seconds
[2024-02-10T17:59:42.364+0000] {processor.py:161} INFO - Started process (PID=1867) to work on /home/airflow/.local/lib/python3.8/site-packages/airflow/example_dags/example_time_delta_sensor_async.py
[2024-02-10T17:59:42.365+0000] {processor.py:830} INFO - Processing file /home/airflow/.local/lib/python3.8/site-packages/airflow/example_dags/example_time_delta_sensor_async.py for tasks to queue
[2024-02-10T17:59:42.367+0000] {logging_mixin.py:188} INFO - [2024-02-10T17:59:42.367+0000] {dagbag.py:538} INFO - Filling up the DagBag from /home/airflow/.local/lib/python3.8/site-packages/airflow/example_dags/example_time_delta_sensor_async.py
[2024-02-10T17:59:42.373+0000] {processor.py:840} INFO - DAG(s) 'example_time_delta_sensor_async' retrieved from /home/airflow/.local/lib/python3.8/site-packages/airflow/example_dags/example_time_delta_sensor_async.py
[2024-02-10T17:59:42.394+0000] {logging_mixin.py:188} INFO - [2024-02-10T17:59:42.394+0000] {dag.py:3036} INFO - Sync 1 DAGs
[2024-02-10T17:59:42.409+0000] {logging_mixin.py:188} INFO - [2024-02-10T17:59:42.408+0000] {dag.py:3823} INFO - Setting next_dagrun for example_time_delta_sensor_async to None, run_after=None
[2024-02-10T17:59:42.462+0000] {processor.py:183} INFO - Processing /home/airflow/.local/lib/python3.8/site-packages/airflow/example_dags/example_time_delta_sensor_async.py took 0.106 seconds
[2024-02-10T18:00:12.827+0000] {processor.py:161} INFO - Started process (PID=1922) to work on /home/airflow/.local/lib/python3.8/site-packages/airflow/example_dags/example_time_delta_sensor_async.py
[2024-02-10T18:00:12.828+0000] {processor.py:830} INFO - Processing file /home/airflow/.local/lib/python3.8/site-packages/airflow/example_dags/example_time_delta_sensor_async.py for tasks to queue
[2024-02-10T18:00:12.830+0000] {logging_mixin.py:188} INFO - [2024-02-10T18:00:12.829+0000] {dagbag.py:538} INFO - Filling up the DagBag from /home/airflow/.local/lib/python3.8/site-packages/airflow/example_dags/example_time_delta_sensor_async.py
[2024-02-10T18:00:12.835+0000] {processor.py:840} INFO - DAG(s) 'example_time_delta_sensor_async' retrieved from /home/airflow/.local/lib/python3.8/site-packages/airflow/example_dags/example_time_delta_sensor_async.py
[2024-02-10T18:00:12.856+0000] {logging_mixin.py:188} INFO - [2024-02-10T18:00:12.856+0000] {dag.py:3036} INFO - Sync 1 DAGs
[2024-02-10T18:00:12.871+0000] {logging_mixin.py:188} INFO - [2024-02-10T18:00:12.871+0000] {dag.py:3823} INFO - Setting next_dagrun for example_time_delta_sensor_async to None, run_after=None
[2024-02-10T18:00:12.895+0000] {processor.py:183} INFO - Processing /home/airflow/.local/lib/python3.8/site-packages/airflow/example_dags/example_time_delta_sensor_async.py took 0.072 seconds
[2024-02-10T18:00:43.108+0000] {processor.py:161} INFO - Started process (PID=1977) to work on /home/airflow/.local/lib/python3.8/site-packages/airflow/example_dags/example_time_delta_sensor_async.py
[2024-02-10T18:00:43.109+0000] {processor.py:830} INFO - Processing file /home/airflow/.local/lib/python3.8/site-packages/airflow/example_dags/example_time_delta_sensor_async.py for tasks to queue
[2024-02-10T18:00:43.111+0000] {logging_mixin.py:188} INFO - [2024-02-10T18:00:43.111+0000] {dagbag.py:538} INFO - Filling up the DagBag from /home/airflow/.local/lib/python3.8/site-packages/airflow/example_dags/example_time_delta_sensor_async.py
[2024-02-10T18:00:43.116+0000] {processor.py:840} INFO - DAG(s) 'example_time_delta_sensor_async' retrieved from /home/airflow/.local/lib/python3.8/site-packages/airflow/example_dags/example_time_delta_sensor_async.py
[2024-02-10T18:00:43.136+0000] {logging_mixin.py:188} INFO - [2024-02-10T18:00:43.136+0000] {dag.py:3036} INFO - Sync 1 DAGs
[2024-02-10T18:00:43.147+0000] {logging_mixin.py:188} INFO - [2024-02-10T18:00:43.147+0000] {dag.py:3823} INFO - Setting next_dagrun for example_time_delta_sensor_async to None, run_after=None
[2024-02-10T18:00:43.195+0000] {processor.py:183} INFO - Processing /home/airflow/.local/lib/python3.8/site-packages/airflow/example_dags/example_time_delta_sensor_async.py took 0.090 seconds
[2024-02-10T18:01:14.123+0000] {processor.py:161} INFO - Started process (PID=2030) to work on /home/airflow/.local/lib/python3.8/site-packages/airflow/example_dags/example_time_delta_sensor_async.py
[2024-02-10T18:01:14.124+0000] {processor.py:830} INFO - Processing file /home/airflow/.local/lib/python3.8/site-packages/airflow/example_dags/example_time_delta_sensor_async.py for tasks to queue
[2024-02-10T18:01:14.126+0000] {logging_mixin.py:188} INFO - [2024-02-10T18:01:14.125+0000] {dagbag.py:538} INFO - Filling up the DagBag from /home/airflow/.local/lib/python3.8/site-packages/airflow/example_dags/example_time_delta_sensor_async.py
[2024-02-10T18:01:14.130+0000] {processor.py:840} INFO - DAG(s) 'example_time_delta_sensor_async' retrieved from /home/airflow/.local/lib/python3.8/site-packages/airflow/example_dags/example_time_delta_sensor_async.py
[2024-02-10T18:01:14.152+0000] {logging_mixin.py:188} INFO - [2024-02-10T18:01:14.152+0000] {dag.py:3036} INFO - Sync 1 DAGs
[2024-02-10T18:01:14.166+0000] {logging_mixin.py:188} INFO - [2024-02-10T18:01:14.166+0000] {dag.py:3823} INFO - Setting next_dagrun for example_time_delta_sensor_async to None, run_after=None
[2024-02-10T18:01:14.191+0000] {processor.py:183} INFO - Processing /home/airflow/.local/lib/python3.8/site-packages/airflow/example_dags/example_time_delta_sensor_async.py took 0.071 seconds
[2024-02-10T18:01:44.753+0000] {processor.py:161} INFO - Started process (PID=2085) to work on /home/airflow/.local/lib/python3.8/site-packages/airflow/example_dags/example_time_delta_sensor_async.py
[2024-02-10T18:01:44.754+0000] {processor.py:830} INFO - Processing file /home/airflow/.local/lib/python3.8/site-packages/airflow/example_dags/example_time_delta_sensor_async.py for tasks to queue
[2024-02-10T18:01:44.755+0000] {logging_mixin.py:188} INFO - [2024-02-10T18:01:44.755+0000] {dagbag.py:538} INFO - Filling up the DagBag from /home/airflow/.local/lib/python3.8/site-packages/airflow/example_dags/example_time_delta_sensor_async.py
[2024-02-10T18:01:44.760+0000] {processor.py:840} INFO - DAG(s) 'example_time_delta_sensor_async' retrieved from /home/airflow/.local/lib/python3.8/site-packages/airflow/example_dags/example_time_delta_sensor_async.py
[2024-02-10T18:01:44.783+0000] {logging_mixin.py:188} INFO - [2024-02-10T18:01:44.783+0000] {dag.py:3036} INFO - Sync 1 DAGs
[2024-02-10T18:01:44.797+0000] {logging_mixin.py:188} INFO - [2024-02-10T18:01:44.797+0000] {dag.py:3823} INFO - Setting next_dagrun for example_time_delta_sensor_async to None, run_after=None
[2024-02-10T18:01:44.822+0000] {processor.py:183} INFO - Processing /home/airflow/.local/lib/python3.8/site-packages/airflow/example_dags/example_time_delta_sensor_async.py took 0.073 seconds
[2024-02-10T18:02:15.355+0000] {processor.py:161} INFO - Started process (PID=2140) to work on /home/airflow/.local/lib/python3.8/site-packages/airflow/example_dags/example_time_delta_sensor_async.py
[2024-02-10T18:02:15.356+0000] {processor.py:830} INFO - Processing file /home/airflow/.local/lib/python3.8/site-packages/airflow/example_dags/example_time_delta_sensor_async.py for tasks to queue
[2024-02-10T18:02:15.357+0000] {logging_mixin.py:188} INFO - [2024-02-10T18:02:15.357+0000] {dagbag.py:538} INFO - Filling up the DagBag from /home/airflow/.local/lib/python3.8/site-packages/airflow/example_dags/example_time_delta_sensor_async.py
[2024-02-10T18:02:15.362+0000] {processor.py:840} INFO - DAG(s) 'example_time_delta_sensor_async' retrieved from /home/airflow/.local/lib/python3.8/site-packages/airflow/example_dags/example_time_delta_sensor_async.py
[2024-02-10T18:02:15.384+0000] {logging_mixin.py:188} INFO - [2024-02-10T18:02:15.384+0000] {dag.py:3036} INFO - Sync 1 DAGs
[2024-02-10T18:02:15.416+0000] {logging_mixin.py:188} INFO - [2024-02-10T18:02:15.416+0000] {dag.py:3823} INFO - Setting next_dagrun for example_time_delta_sensor_async to None, run_after=None
[2024-02-10T18:02:15.455+0000] {processor.py:183} INFO - Processing /home/airflow/.local/lib/python3.8/site-packages/airflow/example_dags/example_time_delta_sensor_async.py took 0.104 seconds
[2024-02-10T18:02:46.201+0000] {processor.py:161} INFO - Started process (PID=2195) to work on /home/airflow/.local/lib/python3.8/site-packages/airflow/example_dags/example_time_delta_sensor_async.py
[2024-02-10T18:02:46.201+0000] {processor.py:830} INFO - Processing file /home/airflow/.local/lib/python3.8/site-packages/airflow/example_dags/example_time_delta_sensor_async.py for tasks to queue
[2024-02-10T18:02:46.203+0000] {logging_mixin.py:188} INFO - [2024-02-10T18:02:46.203+0000] {dagbag.py:538} INFO - Filling up the DagBag from /home/airflow/.local/lib/python3.8/site-packages/airflow/example_dags/example_time_delta_sensor_async.py
[2024-02-10T18:02:46.208+0000] {processor.py:840} INFO - DAG(s) 'example_time_delta_sensor_async' retrieved from /home/airflow/.local/lib/python3.8/site-packages/airflow/example_dags/example_time_delta_sensor_async.py
[2024-02-10T18:02:46.229+0000] {logging_mixin.py:188} INFO - [2024-02-10T18:02:46.229+0000] {dag.py:3036} INFO - Sync 1 DAGs
[2024-02-10T18:02:46.243+0000] {logging_mixin.py:188} INFO - [2024-02-10T18:02:46.243+0000] {dag.py:3823} INFO - Setting next_dagrun for example_time_delta_sensor_async to None, run_after=None
[2024-02-10T18:02:46.268+0000] {processor.py:183} INFO - Processing /home/airflow/.local/lib/python3.8/site-packages/airflow/example_dags/example_time_delta_sensor_async.py took 0.071 seconds
[2024-02-10T18:03:16.891+0000] {processor.py:161} INFO - Started process (PID=2251) to work on /home/airflow/.local/lib/python3.8/site-packages/airflow/example_dags/example_time_delta_sensor_async.py
[2024-02-10T18:03:16.902+0000] {processor.py:830} INFO - Processing file /home/airflow/.local/lib/python3.8/site-packages/airflow/example_dags/example_time_delta_sensor_async.py for tasks to queue
[2024-02-10T18:03:16.904+0000] {logging_mixin.py:188} INFO - [2024-02-10T18:03:16.903+0000] {dagbag.py:538} INFO - Filling up the DagBag from /home/airflow/.local/lib/python3.8/site-packages/airflow/example_dags/example_time_delta_sensor_async.py
[2024-02-10T18:03:16.908+0000] {processor.py:840} INFO - DAG(s) 'example_time_delta_sensor_async' retrieved from /home/airflow/.local/lib/python3.8/site-packages/airflow/example_dags/example_time_delta_sensor_async.py
[2024-02-10T18:03:16.951+0000] {logging_mixin.py:188} INFO - [2024-02-10T18:03:16.951+0000] {dag.py:3036} INFO - Sync 1 DAGs
[2024-02-10T18:03:16.965+0000] {logging_mixin.py:188} INFO - [2024-02-10T18:03:16.965+0000] {dag.py:3823} INFO - Setting next_dagrun for example_time_delta_sensor_async to None, run_after=None
[2024-02-10T18:03:16.990+0000] {processor.py:183} INFO - Processing /home/airflow/.local/lib/python3.8/site-packages/airflow/example_dags/example_time_delta_sensor_async.py took 0.103 seconds
[2024-02-10T18:03:47.220+0000] {processor.py:161} INFO - Started process (PID=2306) to work on /home/airflow/.local/lib/python3.8/site-packages/airflow/example_dags/example_time_delta_sensor_async.py
[2024-02-10T18:03:47.221+0000] {processor.py:830} INFO - Processing file /home/airflow/.local/lib/python3.8/site-packages/airflow/example_dags/example_time_delta_sensor_async.py for tasks to queue
[2024-02-10T18:03:47.223+0000] {logging_mixin.py:188} INFO - [2024-02-10T18:03:47.223+0000] {dagbag.py:538} INFO - Filling up the DagBag from /home/airflow/.local/lib/python3.8/site-packages/airflow/example_dags/example_time_delta_sensor_async.py
[2024-02-10T18:03:47.230+0000] {processor.py:840} INFO - DAG(s) 'example_time_delta_sensor_async' retrieved from /home/airflow/.local/lib/python3.8/site-packages/airflow/example_dags/example_time_delta_sensor_async.py
[2024-02-10T18:03:47.249+0000] {logging_mixin.py:188} INFO - [2024-02-10T18:03:47.248+0000] {dag.py:3036} INFO - Sync 1 DAGs
[2024-02-10T18:03:47.258+0000] {logging_mixin.py:188} INFO - [2024-02-10T18:03:47.258+0000] {dag.py:3823} INFO - Setting next_dagrun for example_time_delta_sensor_async to None, run_after=None
[2024-02-10T18:03:47.278+0000] {processor.py:183} INFO - Processing /home/airflow/.local/lib/python3.8/site-packages/airflow/example_dags/example_time_delta_sensor_async.py took 0.061 seconds
[2024-02-10T18:04:17.423+0000] {processor.py:161} INFO - Started process (PID=2362) to work on /home/airflow/.local/lib/python3.8/site-packages/airflow/example_dags/example_time_delta_sensor_async.py
[2024-02-10T18:04:17.424+0000] {processor.py:830} INFO - Processing file /home/airflow/.local/lib/python3.8/site-packages/airflow/example_dags/example_time_delta_sensor_async.py for tasks to queue
[2024-02-10T18:04:17.426+0000] {logging_mixin.py:188} INFO - [2024-02-10T18:04:17.425+0000] {dagbag.py:538} INFO - Filling up the DagBag from /home/airflow/.local/lib/python3.8/site-packages/airflow/example_dags/example_time_delta_sensor_async.py
[2024-02-10T18:04:17.430+0000] {processor.py:840} INFO - DAG(s) 'example_time_delta_sensor_async' retrieved from /home/airflow/.local/lib/python3.8/site-packages/airflow/example_dags/example_time_delta_sensor_async.py
[2024-02-10T18:04:17.445+0000] {logging_mixin.py:188} INFO - [2024-02-10T18:04:17.445+0000] {dag.py:3036} INFO - Sync 1 DAGs
[2024-02-10T18:04:17.455+0000] {logging_mixin.py:188} INFO - [2024-02-10T18:04:17.455+0000] {dag.py:3823} INFO - Setting next_dagrun for example_time_delta_sensor_async to None, run_after=None
[2024-02-10T18:04:17.474+0000] {processor.py:183} INFO - Processing /home/airflow/.local/lib/python3.8/site-packages/airflow/example_dags/example_time_delta_sensor_async.py took 0.054 seconds
[2024-02-10T18:04:48.117+0000] {processor.py:161} INFO - Started process (PID=2417) to work on /home/airflow/.local/lib/python3.8/site-packages/airflow/example_dags/example_time_delta_sensor_async.py
[2024-02-10T18:04:48.118+0000] {processor.py:830} INFO - Processing file /home/airflow/.local/lib/python3.8/site-packages/airflow/example_dags/example_time_delta_sensor_async.py for tasks to queue
[2024-02-10T18:04:48.119+0000] {logging_mixin.py:188} INFO - [2024-02-10T18:04:48.119+0000] {dagbag.py:538} INFO - Filling up the DagBag from /home/airflow/.local/lib/python3.8/site-packages/airflow/example_dags/example_time_delta_sensor_async.py
[2024-02-10T18:04:48.124+0000] {processor.py:840} INFO - DAG(s) 'example_time_delta_sensor_async' retrieved from /home/airflow/.local/lib/python3.8/site-packages/airflow/example_dags/example_time_delta_sensor_async.py
[2024-02-10T18:04:48.141+0000] {logging_mixin.py:188} INFO - [2024-02-10T18:04:48.140+0000] {dag.py:3036} INFO - Sync 1 DAGs
[2024-02-10T18:04:48.152+0000] {logging_mixin.py:188} INFO - [2024-02-10T18:04:48.152+0000] {dag.py:3823} INFO - Setting next_dagrun for example_time_delta_sensor_async to None, run_after=None
[2024-02-10T18:04:48.173+0000] {processor.py:183} INFO - Processing /home/airflow/.local/lib/python3.8/site-packages/airflow/example_dags/example_time_delta_sensor_async.py took 0.058 seconds
[2024-02-10T18:05:18.969+0000] {processor.py:161} INFO - Started process (PID=2472) to work on /home/airflow/.local/lib/python3.8/site-packages/airflow/example_dags/example_time_delta_sensor_async.py
[2024-02-10T18:05:18.970+0000] {processor.py:830} INFO - Processing file /home/airflow/.local/lib/python3.8/site-packages/airflow/example_dags/example_time_delta_sensor_async.py for tasks to queue
[2024-02-10T18:05:18.972+0000] {logging_mixin.py:188} INFO - [2024-02-10T18:05:18.972+0000] {dagbag.py:538} INFO - Filling up the DagBag from /home/airflow/.local/lib/python3.8/site-packages/airflow/example_dags/example_time_delta_sensor_async.py
[2024-02-10T18:05:18.979+0000] {processor.py:840} INFO - DAG(s) 'example_time_delta_sensor_async' retrieved from /home/airflow/.local/lib/python3.8/site-packages/airflow/example_dags/example_time_delta_sensor_async.py
[2024-02-10T18:05:19.001+0000] {logging_mixin.py:188} INFO - [2024-02-10T18:05:19.001+0000] {dag.py:3036} INFO - Sync 1 DAGs
[2024-02-10T18:05:19.010+0000] {logging_mixin.py:188} INFO - [2024-02-10T18:05:19.010+0000] {dag.py:3823} INFO - Setting next_dagrun for example_time_delta_sensor_async to None, run_after=None
[2024-02-10T18:05:19.030+0000] {processor.py:183} INFO - Processing /home/airflow/.local/lib/python3.8/site-packages/airflow/example_dags/example_time_delta_sensor_async.py took 0.065 seconds
[2024-02-10T18:05:49.415+0000] {processor.py:161} INFO - Started process (PID=2526) to work on /home/airflow/.local/lib/python3.8/site-packages/airflow/example_dags/example_time_delta_sensor_async.py
[2024-02-10T18:05:49.415+0000] {processor.py:830} INFO - Processing file /home/airflow/.local/lib/python3.8/site-packages/airflow/example_dags/example_time_delta_sensor_async.py for tasks to queue
[2024-02-10T18:05:49.417+0000] {logging_mixin.py:188} INFO - [2024-02-10T18:05:49.417+0000] {dagbag.py:538} INFO - Filling up the DagBag from /home/airflow/.local/lib/python3.8/site-packages/airflow/example_dags/example_time_delta_sensor_async.py
[2024-02-10T18:05:49.420+0000] {processor.py:840} INFO - DAG(s) 'example_time_delta_sensor_async' retrieved from /home/airflow/.local/lib/python3.8/site-packages/airflow/example_dags/example_time_delta_sensor_async.py
[2024-02-10T18:05:49.438+0000] {logging_mixin.py:188} INFO - [2024-02-10T18:05:49.438+0000] {dag.py:3036} INFO - Sync 1 DAGs
[2024-02-10T18:05:49.448+0000] {logging_mixin.py:188} INFO - [2024-02-10T18:05:49.448+0000] {dag.py:3823} INFO - Setting next_dagrun for example_time_delta_sensor_async to None, run_after=None
[2024-02-10T18:05:49.582+0000] {processor.py:183} INFO - Processing /home/airflow/.local/lib/python3.8/site-packages/airflow/example_dags/example_time_delta_sensor_async.py took 0.171 seconds
[2024-02-10T18:06:19.704+0000] {processor.py:161} INFO - Started process (PID=2582) to work on /home/airflow/.local/lib/python3.8/site-packages/airflow/example_dags/example_time_delta_sensor_async.py
[2024-02-10T18:06:19.705+0000] {processor.py:830} INFO - Processing file /home/airflow/.local/lib/python3.8/site-packages/airflow/example_dags/example_time_delta_sensor_async.py for tasks to queue
[2024-02-10T18:06:19.706+0000] {logging_mixin.py:188} INFO - [2024-02-10T18:06:19.706+0000] {dagbag.py:538} INFO - Filling up the DagBag from /home/airflow/.local/lib/python3.8/site-packages/airflow/example_dags/example_time_delta_sensor_async.py
[2024-02-10T18:06:19.711+0000] {processor.py:840} INFO - DAG(s) 'example_time_delta_sensor_async' retrieved from /home/airflow/.local/lib/python3.8/site-packages/airflow/example_dags/example_time_delta_sensor_async.py
[2024-02-10T18:06:19.737+0000] {logging_mixin.py:188} INFO - [2024-02-10T18:06:19.736+0000] {dag.py:3036} INFO - Sync 1 DAGs
[2024-02-10T18:06:19.748+0000] {logging_mixin.py:188} INFO - [2024-02-10T18:06:19.747+0000] {dag.py:3823} INFO - Setting next_dagrun for example_time_delta_sensor_async to None, run_after=None
[2024-02-10T18:06:19.772+0000] {processor.py:183} INFO - Processing /home/airflow/.local/lib/python3.8/site-packages/airflow/example_dags/example_time_delta_sensor_async.py took 0.072 seconds
[2024-02-10T18:06:50.323+0000] {processor.py:161} INFO - Started process (PID=2637) to work on /home/airflow/.local/lib/python3.8/site-packages/airflow/example_dags/example_time_delta_sensor_async.py
[2024-02-10T18:06:50.328+0000] {processor.py:830} INFO - Processing file /home/airflow/.local/lib/python3.8/site-packages/airflow/example_dags/example_time_delta_sensor_async.py for tasks to queue
[2024-02-10T18:06:50.330+0000] {logging_mixin.py:188} INFO - [2024-02-10T18:06:50.330+0000] {dagbag.py:538} INFO - Filling up the DagBag from /home/airflow/.local/lib/python3.8/site-packages/airflow/example_dags/example_time_delta_sensor_async.py
[2024-02-10T18:06:50.335+0000] {processor.py:840} INFO - DAG(s) 'example_time_delta_sensor_async' retrieved from /home/airflow/.local/lib/python3.8/site-packages/airflow/example_dags/example_time_delta_sensor_async.py
[2024-02-10T18:06:50.390+0000] {logging_mixin.py:188} INFO - [2024-02-10T18:06:50.389+0000] {dag.py:3036} INFO - Sync 1 DAGs
[2024-02-10T18:06:50.417+0000] {logging_mixin.py:188} INFO - [2024-02-10T18:06:50.417+0000] {dag.py:3823} INFO - Setting next_dagrun for example_time_delta_sensor_async to None, run_after=None
[2024-02-10T18:06:50.449+0000] {processor.py:183} INFO - Processing /home/airflow/.local/lib/python3.8/site-packages/airflow/example_dags/example_time_delta_sensor_async.py took 0.131 seconds
[2024-02-10T18:07:21.249+0000] {processor.py:161} INFO - Started process (PID=2697) to work on /home/airflow/.local/lib/python3.8/site-packages/airflow/example_dags/example_time_delta_sensor_async.py
[2024-02-10T18:07:21.255+0000] {processor.py:830} INFO - Processing file /home/airflow/.local/lib/python3.8/site-packages/airflow/example_dags/example_time_delta_sensor_async.py for tasks to queue
[2024-02-10T18:07:21.256+0000] {logging_mixin.py:188} INFO - [2024-02-10T18:07:21.256+0000] {dagbag.py:538} INFO - Filling up the DagBag from /home/airflow/.local/lib/python3.8/site-packages/airflow/example_dags/example_time_delta_sensor_async.py
[2024-02-10T18:07:21.271+0000] {processor.py:840} INFO - DAG(s) 'example_time_delta_sensor_async' retrieved from /home/airflow/.local/lib/python3.8/site-packages/airflow/example_dags/example_time_delta_sensor_async.py
[2024-02-10T18:07:21.293+0000] {logging_mixin.py:188} INFO - [2024-02-10T18:07:21.293+0000] {dag.py:3036} INFO - Sync 1 DAGs
[2024-02-10T18:07:21.307+0000] {logging_mixin.py:188} INFO - [2024-02-10T18:07:21.307+0000] {dag.py:3823} INFO - Setting next_dagrun for example_time_delta_sensor_async to None, run_after=None
[2024-02-10T18:07:21.355+0000] {processor.py:183} INFO - Processing /home/airflow/.local/lib/python3.8/site-packages/airflow/example_dags/example_time_delta_sensor_async.py took 0.118 seconds
[2024-02-10T18:07:51.795+0000] {processor.py:161} INFO - Started process (PID=2752) to work on /home/airflow/.local/lib/python3.8/site-packages/airflow/example_dags/example_time_delta_sensor_async.py
[2024-02-10T18:07:51.795+0000] {processor.py:830} INFO - Processing file /home/airflow/.local/lib/python3.8/site-packages/airflow/example_dags/example_time_delta_sensor_async.py for tasks to queue
[2024-02-10T18:07:51.797+0000] {logging_mixin.py:188} INFO - [2024-02-10T18:07:51.797+0000] {dagbag.py:538} INFO - Filling up the DagBag from /home/airflow/.local/lib/python3.8/site-packages/airflow/example_dags/example_time_delta_sensor_async.py
[2024-02-10T18:07:51.802+0000] {processor.py:840} INFO - DAG(s) 'example_time_delta_sensor_async' retrieved from /home/airflow/.local/lib/python3.8/site-packages/airflow/example_dags/example_time_delta_sensor_async.py
[2024-02-10T18:07:51.819+0000] {logging_mixin.py:188} INFO - [2024-02-10T18:07:51.819+0000] {dag.py:3036} INFO - Sync 1 DAGs
[2024-02-10T18:07:51.828+0000] {logging_mixin.py:188} INFO - [2024-02-10T18:07:51.828+0000] {dag.py:3823} INFO - Setting next_dagrun for example_time_delta_sensor_async to None, run_after=None
[2024-02-10T18:07:51.848+0000] {processor.py:183} INFO - Processing /home/airflow/.local/lib/python3.8/site-packages/airflow/example_dags/example_time_delta_sensor_async.py took 0.056 seconds
[2024-02-10T18:08:22.087+0000] {processor.py:161} INFO - Started process (PID=2808) to work on /home/airflow/.local/lib/python3.8/site-packages/airflow/example_dags/example_time_delta_sensor_async.py
[2024-02-10T18:08:22.088+0000] {processor.py:830} INFO - Processing file /home/airflow/.local/lib/python3.8/site-packages/airflow/example_dags/example_time_delta_sensor_async.py for tasks to queue
[2024-02-10T18:08:22.089+0000] {logging_mixin.py:188} INFO - [2024-02-10T18:08:22.089+0000] {dagbag.py:538} INFO - Filling up the DagBag from /home/airflow/.local/lib/python3.8/site-packages/airflow/example_dags/example_time_delta_sensor_async.py
[2024-02-10T18:08:22.095+0000] {processor.py:840} INFO - DAG(s) 'example_time_delta_sensor_async' retrieved from /home/airflow/.local/lib/python3.8/site-packages/airflow/example_dags/example_time_delta_sensor_async.py
[2024-02-10T18:08:22.117+0000] {logging_mixin.py:188} INFO - [2024-02-10T18:08:22.116+0000] {dag.py:3036} INFO - Sync 1 DAGs
[2024-02-10T18:08:22.131+0000] {logging_mixin.py:188} INFO - [2024-02-10T18:08:22.131+0000] {dag.py:3823} INFO - Setting next_dagrun for example_time_delta_sensor_async to None, run_after=None
[2024-02-10T18:08:22.156+0000] {processor.py:183} INFO - Processing /home/airflow/.local/lib/python3.8/site-packages/airflow/example_dags/example_time_delta_sensor_async.py took 0.072 seconds
[2024-02-10T18:08:52.783+0000] {processor.py:161} INFO - Started process (PID=2864) to work on /home/airflow/.local/lib/python3.8/site-packages/airflow/example_dags/example_time_delta_sensor_async.py
[2024-02-10T18:08:52.785+0000] {processor.py:830} INFO - Processing file /home/airflow/.local/lib/python3.8/site-packages/airflow/example_dags/example_time_delta_sensor_async.py for tasks to queue
[2024-02-10T18:08:52.787+0000] {logging_mixin.py:188} INFO - [2024-02-10T18:08:52.787+0000] {dagbag.py:538} INFO - Filling up the DagBag from /home/airflow/.local/lib/python3.8/site-packages/airflow/example_dags/example_time_delta_sensor_async.py
[2024-02-10T18:08:52.792+0000] {processor.py:840} INFO - DAG(s) 'example_time_delta_sensor_async' retrieved from /home/airflow/.local/lib/python3.8/site-packages/airflow/example_dags/example_time_delta_sensor_async.py
[2024-02-10T18:08:52.814+0000] {logging_mixin.py:188} INFO - [2024-02-10T18:08:52.813+0000] {dag.py:3036} INFO - Sync 1 DAGs
[2024-02-10T18:08:52.824+0000] {logging_mixin.py:188} INFO - [2024-02-10T18:08:52.823+0000] {dag.py:3823} INFO - Setting next_dagrun for example_time_delta_sensor_async to None, run_after=None
[2024-02-10T18:08:52.844+0000] {processor.py:183} INFO - Processing /home/airflow/.local/lib/python3.8/site-packages/airflow/example_dags/example_time_delta_sensor_async.py took 0.064 seconds
[2024-02-10T18:09:22.960+0000] {processor.py:161} INFO - Started process (PID=2920) to work on /home/airflow/.local/lib/python3.8/site-packages/airflow/example_dags/example_time_delta_sensor_async.py
[2024-02-10T18:09:22.970+0000] {processor.py:830} INFO - Processing file /home/airflow/.local/lib/python3.8/site-packages/airflow/example_dags/example_time_delta_sensor_async.py for tasks to queue
[2024-02-10T18:09:22.972+0000] {logging_mixin.py:188} INFO - [2024-02-10T18:09:22.971+0000] {dagbag.py:538} INFO - Filling up the DagBag from /home/airflow/.local/lib/python3.8/site-packages/airflow/example_dags/example_time_delta_sensor_async.py
[2024-02-10T18:09:22.980+0000] {processor.py:840} INFO - DAG(s) 'example_time_delta_sensor_async' retrieved from /home/airflow/.local/lib/python3.8/site-packages/airflow/example_dags/example_time_delta_sensor_async.py
[2024-02-10T18:09:23.010+0000] {logging_mixin.py:188} INFO - [2024-02-10T18:09:23.010+0000] {dag.py:3036} INFO - Sync 1 DAGs
[2024-02-10T18:09:23.023+0000] {logging_mixin.py:188} INFO - [2024-02-10T18:09:23.023+0000] {dag.py:3823} INFO - Setting next_dagrun for example_time_delta_sensor_async to None, run_after=None
[2024-02-10T18:09:23.045+0000] {processor.py:183} INFO - Processing /home/airflow/.local/lib/python3.8/site-packages/airflow/example_dags/example_time_delta_sensor_async.py took 0.088 seconds
[2024-02-10T18:09:53.261+0000] {processor.py:161} INFO - Started process (PID=2974) to work on /home/airflow/.local/lib/python3.8/site-packages/airflow/example_dags/example_time_delta_sensor_async.py
[2024-02-10T18:09:53.261+0000] {processor.py:830} INFO - Processing file /home/airflow/.local/lib/python3.8/site-packages/airflow/example_dags/example_time_delta_sensor_async.py for tasks to queue
[2024-02-10T18:09:53.264+0000] {logging_mixin.py:188} INFO - [2024-02-10T18:09:53.264+0000] {dagbag.py:538} INFO - Filling up the DagBag from /home/airflow/.local/lib/python3.8/site-packages/airflow/example_dags/example_time_delta_sensor_async.py
[2024-02-10T18:09:53.269+0000] {processor.py:840} INFO - DAG(s) 'example_time_delta_sensor_async' retrieved from /home/airflow/.local/lib/python3.8/site-packages/airflow/example_dags/example_time_delta_sensor_async.py
[2024-02-10T18:09:53.298+0000] {logging_mixin.py:188} INFO - [2024-02-10T18:09:53.297+0000] {dag.py:3036} INFO - Sync 1 DAGs
[2024-02-10T18:09:53.313+0000] {logging_mixin.py:188} INFO - [2024-02-10T18:09:53.313+0000] {dag.py:3823} INFO - Setting next_dagrun for example_time_delta_sensor_async to None, run_after=None
[2024-02-10T18:09:53.339+0000] {processor.py:183} INFO - Processing /home/airflow/.local/lib/python3.8/site-packages/airflow/example_dags/example_time_delta_sensor_async.py took 0.082 seconds
[2024-02-10T18:10:23.674+0000] {processor.py:161} INFO - Started process (PID=3028) to work on /home/airflow/.local/lib/python3.8/site-packages/airflow/example_dags/example_time_delta_sensor_async.py
[2024-02-10T18:10:23.674+0000] {processor.py:830} INFO - Processing file /home/airflow/.local/lib/python3.8/site-packages/airflow/example_dags/example_time_delta_sensor_async.py for tasks to queue
[2024-02-10T18:10:23.676+0000] {logging_mixin.py:188} INFO - [2024-02-10T18:10:23.675+0000] {dagbag.py:538} INFO - Filling up the DagBag from /home/airflow/.local/lib/python3.8/site-packages/airflow/example_dags/example_time_delta_sensor_async.py
[2024-02-10T18:10:23.679+0000] {processor.py:840} INFO - DAG(s) 'example_time_delta_sensor_async' retrieved from /home/airflow/.local/lib/python3.8/site-packages/airflow/example_dags/example_time_delta_sensor_async.py
[2024-02-10T18:10:23.696+0000] {logging_mixin.py:188} INFO - [2024-02-10T18:10:23.695+0000] {dag.py:3036} INFO - Sync 1 DAGs
[2024-02-10T18:10:23.706+0000] {logging_mixin.py:188} INFO - [2024-02-10T18:10:23.705+0000] {dag.py:3823} INFO - Setting next_dagrun for example_time_delta_sensor_async to None, run_after=None
[2024-02-10T18:10:23.727+0000] {processor.py:183} INFO - Processing /home/airflow/.local/lib/python3.8/site-packages/airflow/example_dags/example_time_delta_sensor_async.py took 0.056 seconds
[2024-02-10T18:10:53.992+0000] {processor.py:161} INFO - Started process (PID=3082) to work on /home/airflow/.local/lib/python3.8/site-packages/airflow/example_dags/example_time_delta_sensor_async.py
[2024-02-10T18:10:53.993+0000] {processor.py:830} INFO - Processing file /home/airflow/.local/lib/python3.8/site-packages/airflow/example_dags/example_time_delta_sensor_async.py for tasks to queue
[2024-02-10T18:10:53.994+0000] {logging_mixin.py:188} INFO - [2024-02-10T18:10:53.994+0000] {dagbag.py:538} INFO - Filling up the DagBag from /home/airflow/.local/lib/python3.8/site-packages/airflow/example_dags/example_time_delta_sensor_async.py
[2024-02-10T18:10:53.997+0000] {processor.py:840} INFO - DAG(s) 'example_time_delta_sensor_async' retrieved from /home/airflow/.local/lib/python3.8/site-packages/airflow/example_dags/example_time_delta_sensor_async.py
[2024-02-10T18:10:54.014+0000] {logging_mixin.py:188} INFO - [2024-02-10T18:10:54.014+0000] {dag.py:3036} INFO - Sync 1 DAGs
[2024-02-10T18:10:54.024+0000] {logging_mixin.py:188} INFO - [2024-02-10T18:10:54.023+0000] {dag.py:3823} INFO - Setting next_dagrun for example_time_delta_sensor_async to None, run_after=None
[2024-02-10T18:10:54.044+0000] {processor.py:183} INFO - Processing /home/airflow/.local/lib/python3.8/site-packages/airflow/example_dags/example_time_delta_sensor_async.py took 0.054 seconds
[2024-02-10T18:11:24.768+0000] {processor.py:161} INFO - Started process (PID=3139) to work on /home/airflow/.local/lib/python3.8/site-packages/airflow/example_dags/example_time_delta_sensor_async.py
[2024-02-10T18:11:24.769+0000] {processor.py:830} INFO - Processing file /home/airflow/.local/lib/python3.8/site-packages/airflow/example_dags/example_time_delta_sensor_async.py for tasks to queue
[2024-02-10T18:11:24.778+0000] {logging_mixin.py:188} INFO - [2024-02-10T18:11:24.777+0000] {dagbag.py:538} INFO - Filling up the DagBag from /home/airflow/.local/lib/python3.8/site-packages/airflow/example_dags/example_time_delta_sensor_async.py
[2024-02-10T18:11:24.796+0000] {processor.py:840} INFO - DAG(s) 'example_time_delta_sensor_async' retrieved from /home/airflow/.local/lib/python3.8/site-packages/airflow/example_dags/example_time_delta_sensor_async.py
[2024-02-10T18:11:24.823+0000] {logging_mixin.py:188} INFO - [2024-02-10T18:11:24.823+0000] {dag.py:3036} INFO - Sync 1 DAGs
[2024-02-10T18:11:24.837+0000] {logging_mixin.py:188} INFO - [2024-02-10T18:11:24.837+0000] {dag.py:3823} INFO - Setting next_dagrun for example_time_delta_sensor_async to None, run_after=None
[2024-02-10T18:11:24.872+0000] {processor.py:183} INFO - Processing /home/airflow/.local/lib/python3.8/site-packages/airflow/example_dags/example_time_delta_sensor_async.py took 0.118 seconds
[2024-02-10T18:11:55.865+0000] {processor.py:161} INFO - Started process (PID=3194) to work on /home/airflow/.local/lib/python3.8/site-packages/airflow/example_dags/example_time_delta_sensor_async.py
[2024-02-10T18:11:55.868+0000] {processor.py:830} INFO - Processing file /home/airflow/.local/lib/python3.8/site-packages/airflow/example_dags/example_time_delta_sensor_async.py for tasks to queue
[2024-02-10T18:11:55.870+0000] {logging_mixin.py:188} INFO - [2024-02-10T18:11:55.870+0000] {dagbag.py:538} INFO - Filling up the DagBag from /home/airflow/.local/lib/python3.8/site-packages/airflow/example_dags/example_time_delta_sensor_async.py
[2024-02-10T18:11:55.875+0000] {processor.py:840} INFO - DAG(s) 'example_time_delta_sensor_async' retrieved from /home/airflow/.local/lib/python3.8/site-packages/airflow/example_dags/example_time_delta_sensor_async.py
[2024-02-10T18:11:55.909+0000] {logging_mixin.py:188} INFO - [2024-02-10T18:11:55.909+0000] {dag.py:3036} INFO - Sync 1 DAGs
[2024-02-10T18:11:55.923+0000] {logging_mixin.py:188} INFO - [2024-02-10T18:11:55.923+0000] {dag.py:3823} INFO - Setting next_dagrun for example_time_delta_sensor_async to None, run_after=None
[2024-02-10T18:11:55.946+0000] {processor.py:183} INFO - Processing /home/airflow/.local/lib/python3.8/site-packages/airflow/example_dags/example_time_delta_sensor_async.py took 0.088 seconds
[2024-02-10T18:12:26.496+0000] {processor.py:161} INFO - Started process (PID=3250) to work on /home/airflow/.local/lib/python3.8/site-packages/airflow/example_dags/example_time_delta_sensor_async.py
[2024-02-10T18:12:26.496+0000] {processor.py:830} INFO - Processing file /home/airflow/.local/lib/python3.8/site-packages/airflow/example_dags/example_time_delta_sensor_async.py for tasks to queue
[2024-02-10T18:12:26.498+0000] {logging_mixin.py:188} INFO - [2024-02-10T18:12:26.498+0000] {dagbag.py:538} INFO - Filling up the DagBag from /home/airflow/.local/lib/python3.8/site-packages/airflow/example_dags/example_time_delta_sensor_async.py
[2024-02-10T18:12:26.503+0000] {processor.py:840} INFO - DAG(s) 'example_time_delta_sensor_async' retrieved from /home/airflow/.local/lib/python3.8/site-packages/airflow/example_dags/example_time_delta_sensor_async.py
[2024-02-10T18:12:26.541+0000] {logging_mixin.py:188} INFO - [2024-02-10T18:12:26.541+0000] {dag.py:3036} INFO - Sync 1 DAGs
[2024-02-10T18:12:26.566+0000] {logging_mixin.py:188} INFO - [2024-02-10T18:12:26.565+0000] {dag.py:3823} INFO - Setting next_dagrun for example_time_delta_sensor_async to None, run_after=None
[2024-02-10T18:12:26.607+0000] {processor.py:183} INFO - Processing /home/airflow/.local/lib/python3.8/site-packages/airflow/example_dags/example_time_delta_sensor_async.py took 0.115 seconds
[2024-02-10T18:12:56.679+0000] {processor.py:161} INFO - Started process (PID=3305) to work on /home/airflow/.local/lib/python3.8/site-packages/airflow/example_dags/example_time_delta_sensor_async.py
[2024-02-10T18:12:56.680+0000] {processor.py:830} INFO - Processing file /home/airflow/.local/lib/python3.8/site-packages/airflow/example_dags/example_time_delta_sensor_async.py for tasks to queue
[2024-02-10T18:12:56.682+0000] {logging_mixin.py:188} INFO - [2024-02-10T18:12:56.681+0000] {dagbag.py:538} INFO - Filling up the DagBag from /home/airflow/.local/lib/python3.8/site-packages/airflow/example_dags/example_time_delta_sensor_async.py
[2024-02-10T18:12:56.687+0000] {processor.py:840} INFO - DAG(s) 'example_time_delta_sensor_async' retrieved from /home/airflow/.local/lib/python3.8/site-packages/airflow/example_dags/example_time_delta_sensor_async.py
[2024-02-10T18:12:56.715+0000] {logging_mixin.py:188} INFO - [2024-02-10T18:12:56.715+0000] {dag.py:3036} INFO - Sync 1 DAGs
[2024-02-10T18:12:56.734+0000] {logging_mixin.py:188} INFO - [2024-02-10T18:12:56.734+0000] {dag.py:3823} INFO - Setting next_dagrun for example_time_delta_sensor_async to None, run_after=None
[2024-02-10T18:12:56.767+0000] {processor.py:183} INFO - Processing /home/airflow/.local/lib/python3.8/site-packages/airflow/example_dags/example_time_delta_sensor_async.py took 0.091 seconds
[2024-02-10T18:13:27.256+0000] {processor.py:161} INFO - Started process (PID=3361) to work on /home/airflow/.local/lib/python3.8/site-packages/airflow/example_dags/example_time_delta_sensor_async.py
[2024-02-10T18:13:27.257+0000] {processor.py:830} INFO - Processing file /home/airflow/.local/lib/python3.8/site-packages/airflow/example_dags/example_time_delta_sensor_async.py for tasks to queue
[2024-02-10T18:13:27.259+0000] {logging_mixin.py:188} INFO - [2024-02-10T18:13:27.258+0000] {dagbag.py:538} INFO - Filling up the DagBag from /home/airflow/.local/lib/python3.8/site-packages/airflow/example_dags/example_time_delta_sensor_async.py
[2024-02-10T18:13:27.264+0000] {processor.py:840} INFO - DAG(s) 'example_time_delta_sensor_async' retrieved from /home/airflow/.local/lib/python3.8/site-packages/airflow/example_dags/example_time_delta_sensor_async.py
[2024-02-10T18:13:27.301+0000] {logging_mixin.py:188} INFO - [2024-02-10T18:13:27.301+0000] {dag.py:3036} INFO - Sync 1 DAGs
[2024-02-10T18:13:27.344+0000] {logging_mixin.py:188} INFO - [2024-02-10T18:13:27.344+0000] {dag.py:3823} INFO - Setting next_dagrun for example_time_delta_sensor_async to None, run_after=None
[2024-02-10T18:13:27.392+0000] {processor.py:183} INFO - Processing /home/airflow/.local/lib/python3.8/site-packages/airflow/example_dags/example_time_delta_sensor_async.py took 0.139 seconds
[2024-02-10T18:13:57.940+0000] {processor.py:161} INFO - Started process (PID=3416) to work on /home/airflow/.local/lib/python3.8/site-packages/airflow/example_dags/example_time_delta_sensor_async.py
[2024-02-10T18:13:57.941+0000] {processor.py:830} INFO - Processing file /home/airflow/.local/lib/python3.8/site-packages/airflow/example_dags/example_time_delta_sensor_async.py for tasks to queue
[2024-02-10T18:13:57.942+0000] {logging_mixin.py:188} INFO - [2024-02-10T18:13:57.942+0000] {dagbag.py:538} INFO - Filling up the DagBag from /home/airflow/.local/lib/python3.8/site-packages/airflow/example_dags/example_time_delta_sensor_async.py
[2024-02-10T18:13:57.948+0000] {processor.py:840} INFO - DAG(s) 'example_time_delta_sensor_async' retrieved from /home/airflow/.local/lib/python3.8/site-packages/airflow/example_dags/example_time_delta_sensor_async.py
[2024-02-10T18:13:57.970+0000] {logging_mixin.py:188} INFO - [2024-02-10T18:13:57.970+0000] {dag.py:3036} INFO - Sync 1 DAGs
[2024-02-10T18:13:57.987+0000] {logging_mixin.py:188} INFO - [2024-02-10T18:13:57.987+0000] {dag.py:3823} INFO - Setting next_dagrun for example_time_delta_sensor_async to None, run_after=None
[2024-02-10T18:13:58.014+0000] {processor.py:183} INFO - Processing /home/airflow/.local/lib/python3.8/site-packages/airflow/example_dags/example_time_delta_sensor_async.py took 0.078 seconds
[2024-02-10T18:14:28.306+0000] {processor.py:161} INFO - Started process (PID=3471) to work on /home/airflow/.local/lib/python3.8/site-packages/airflow/example_dags/example_time_delta_sensor_async.py
[2024-02-10T18:14:28.307+0000] {processor.py:830} INFO - Processing file /home/airflow/.local/lib/python3.8/site-packages/airflow/example_dags/example_time_delta_sensor_async.py for tasks to queue
[2024-02-10T18:14:28.308+0000] {logging_mixin.py:188} INFO - [2024-02-10T18:14:28.308+0000] {dagbag.py:538} INFO - Filling up the DagBag from /home/airflow/.local/lib/python3.8/site-packages/airflow/example_dags/example_time_delta_sensor_async.py
[2024-02-10T18:14:28.314+0000] {processor.py:840} INFO - DAG(s) 'example_time_delta_sensor_async' retrieved from /home/airflow/.local/lib/python3.8/site-packages/airflow/example_dags/example_time_delta_sensor_async.py
[2024-02-10T18:14:28.334+0000] {logging_mixin.py:188} INFO - [2024-02-10T18:14:28.334+0000] {dag.py:3036} INFO - Sync 1 DAGs
[2024-02-10T18:14:28.349+0000] {logging_mixin.py:188} INFO - [2024-02-10T18:14:28.348+0000] {dag.py:3823} INFO - Setting next_dagrun for example_time_delta_sensor_async to None, run_after=None
[2024-02-10T18:14:28.374+0000] {processor.py:183} INFO - Processing /home/airflow/.local/lib/python3.8/site-packages/airflow/example_dags/example_time_delta_sensor_async.py took 0.071 seconds
[2024-02-10T18:14:58.496+0000] {processor.py:161} INFO - Started process (PID=3526) to work on /home/airflow/.local/lib/python3.8/site-packages/airflow/example_dags/example_time_delta_sensor_async.py
[2024-02-10T18:14:58.497+0000] {processor.py:830} INFO - Processing file /home/airflow/.local/lib/python3.8/site-packages/airflow/example_dags/example_time_delta_sensor_async.py for tasks to queue
[2024-02-10T18:14:58.498+0000] {logging_mixin.py:188} INFO - [2024-02-10T18:14:58.498+0000] {dagbag.py:538} INFO - Filling up the DagBag from /home/airflow/.local/lib/python3.8/site-packages/airflow/example_dags/example_time_delta_sensor_async.py
[2024-02-10T18:14:58.504+0000] {processor.py:840} INFO - DAG(s) 'example_time_delta_sensor_async' retrieved from /home/airflow/.local/lib/python3.8/site-packages/airflow/example_dags/example_time_delta_sensor_async.py
[2024-02-10T18:14:58.529+0000] {logging_mixin.py:188} INFO - [2024-02-10T18:14:58.528+0000] {dag.py:3036} INFO - Sync 1 DAGs
[2024-02-10T18:14:58.543+0000] {logging_mixin.py:188} INFO - [2024-02-10T18:14:58.543+0000] {dag.py:3823} INFO - Setting next_dagrun for example_time_delta_sensor_async to None, run_after=None
[2024-02-10T18:14:58.587+0000] {processor.py:183} INFO - Processing /home/airflow/.local/lib/python3.8/site-packages/airflow/example_dags/example_time_delta_sensor_async.py took 0.095 seconds
[2024-02-10T18:15:28.942+0000] {processor.py:161} INFO - Started process (PID=3581) to work on /home/airflow/.local/lib/python3.8/site-packages/airflow/example_dags/example_time_delta_sensor_async.py
[2024-02-10T18:15:28.943+0000] {processor.py:830} INFO - Processing file /home/airflow/.local/lib/python3.8/site-packages/airflow/example_dags/example_time_delta_sensor_async.py for tasks to queue
[2024-02-10T18:15:28.945+0000] {logging_mixin.py:188} INFO - [2024-02-10T18:15:28.945+0000] {dagbag.py:538} INFO - Filling up the DagBag from /home/airflow/.local/lib/python3.8/site-packages/airflow/example_dags/example_time_delta_sensor_async.py
[2024-02-10T18:15:28.950+0000] {processor.py:840} INFO - DAG(s) 'example_time_delta_sensor_async' retrieved from /home/airflow/.local/lib/python3.8/site-packages/airflow/example_dags/example_time_delta_sensor_async.py
[2024-02-10T18:15:28.972+0000] {logging_mixin.py:188} INFO - [2024-02-10T18:15:28.972+0000] {dag.py:3036} INFO - Sync 1 DAGs
[2024-02-10T18:15:28.988+0000] {logging_mixin.py:188} INFO - [2024-02-10T18:15:28.988+0000] {dag.py:3823} INFO - Setting next_dagrun for example_time_delta_sensor_async to None, run_after=None
[2024-02-10T18:15:29.045+0000] {processor.py:183} INFO - Processing /home/airflow/.local/lib/python3.8/site-packages/airflow/example_dags/example_time_delta_sensor_async.py took 0.106 seconds
[2024-02-10T18:15:59.342+0000] {processor.py:161} INFO - Started process (PID=3637) to work on /home/airflow/.local/lib/python3.8/site-packages/airflow/example_dags/example_time_delta_sensor_async.py
[2024-02-10T18:15:59.346+0000] {processor.py:830} INFO - Processing file /home/airflow/.local/lib/python3.8/site-packages/airflow/example_dags/example_time_delta_sensor_async.py for tasks to queue
[2024-02-10T18:15:59.347+0000] {logging_mixin.py:188} INFO - [2024-02-10T18:15:59.347+0000] {dagbag.py:538} INFO - Filling up the DagBag from /home/airflow/.local/lib/python3.8/site-packages/airflow/example_dags/example_time_delta_sensor_async.py
[2024-02-10T18:15:59.352+0000] {processor.py:840} INFO - DAG(s) 'example_time_delta_sensor_async' retrieved from /home/airflow/.local/lib/python3.8/site-packages/airflow/example_dags/example_time_delta_sensor_async.py
[2024-02-10T18:15:59.374+0000] {logging_mixin.py:188} INFO - [2024-02-10T18:15:59.374+0000] {dag.py:3036} INFO - Sync 1 DAGs
[2024-02-10T18:15:59.398+0000] {logging_mixin.py:188} INFO - [2024-02-10T18:15:59.398+0000] {dag.py:3823} INFO - Setting next_dagrun for example_time_delta_sensor_async to None, run_after=None
[2024-02-10T18:15:59.431+0000] {processor.py:183} INFO - Processing /home/airflow/.local/lib/python3.8/site-packages/airflow/example_dags/example_time_delta_sensor_async.py took 0.101 seconds
