[2024-02-10T17:43:11.317+0000] {processor.py:161} INFO - Started process (PID=75) to work on /home/airflow/.local/lib/python3.8/site-packages/airflow/example_dags/example_bash_operator.py
[2024-02-10T17:43:11.330+0000] {processor.py:830} INFO - Processing file /home/airflow/.local/lib/python3.8/site-packages/airflow/example_dags/example_bash_operator.py for tasks to queue
[2024-02-10T17:43:11.332+0000] {logging_mixin.py:188} INFO - [2024-02-10T17:43:11.331+0000] {dagbag.py:538} INFO - Filling up the DagBag from /home/airflow/.local/lib/python3.8/site-packages/airflow/example_dags/example_bash_operator.py
[2024-02-10T17:43:11.358+0000] {processor.py:840} INFO - DAG(s) 'example_bash_operator' retrieved from /home/airflow/.local/lib/python3.8/site-packages/airflow/example_dags/example_bash_operator.py
[2024-02-10T17:43:11.742+0000] {logging_mixin.py:188} INFO - [2024-02-10T17:43:11.742+0000] {dag.py:3036} INFO - Sync 1 DAGs
[2024-02-10T17:43:11.783+0000] {logging_mixin.py:188} INFO - [2024-02-10T17:43:11.782+0000] {dag.py:3823} INFO - Setting next_dagrun for example_bash_operator to 2024-02-09 00:00:00+00:00, run_after=2024-02-10 00:00:00+00:00
[2024-02-10T17:43:11.824+0000] {processor.py:183} INFO - Processing /home/airflow/.local/lib/python3.8/site-packages/airflow/example_dags/example_bash_operator.py took 0.511 seconds
[2024-02-10T17:43:42.174+0000] {processor.py:161} INFO - Started process (PID=130) to work on /home/airflow/.local/lib/python3.8/site-packages/airflow/example_dags/example_bash_operator.py
[2024-02-10T17:43:42.175+0000] {processor.py:830} INFO - Processing file /home/airflow/.local/lib/python3.8/site-packages/airflow/example_dags/example_bash_operator.py for tasks to queue
[2024-02-10T17:43:42.177+0000] {logging_mixin.py:188} INFO - [2024-02-10T17:43:42.176+0000] {dagbag.py:538} INFO - Filling up the DagBag from /home/airflow/.local/lib/python3.8/site-packages/airflow/example_dags/example_bash_operator.py
[2024-02-10T17:43:42.192+0000] {processor.py:840} INFO - DAG(s) 'example_bash_operator' retrieved from /home/airflow/.local/lib/python3.8/site-packages/airflow/example_dags/example_bash_operator.py
[2024-02-10T17:43:42.226+0000] {logging_mixin.py:188} INFO - [2024-02-10T17:43:42.226+0000] {dag.py:3036} INFO - Sync 1 DAGs
[2024-02-10T17:43:42.253+0000] {logging_mixin.py:188} INFO - [2024-02-10T17:43:42.253+0000] {dag.py:3823} INFO - Setting next_dagrun for example_bash_operator to 2024-02-09 00:00:00+00:00, run_after=2024-02-10 00:00:00+00:00
[2024-02-10T17:43:42.278+0000] {processor.py:183} INFO - Processing /home/airflow/.local/lib/python3.8/site-packages/airflow/example_dags/example_bash_operator.py took 0.108 seconds
[2024-02-10T17:44:12.796+0000] {processor.py:161} INFO - Started process (PID=185) to work on /home/airflow/.local/lib/python3.8/site-packages/airflow/example_dags/example_bash_operator.py
[2024-02-10T17:44:12.797+0000] {processor.py:830} INFO - Processing file /home/airflow/.local/lib/python3.8/site-packages/airflow/example_dags/example_bash_operator.py for tasks to queue
[2024-02-10T17:44:12.799+0000] {logging_mixin.py:188} INFO - [2024-02-10T17:44:12.798+0000] {dagbag.py:538} INFO - Filling up the DagBag from /home/airflow/.local/lib/python3.8/site-packages/airflow/example_dags/example_bash_operator.py
[2024-02-10T17:44:12.812+0000] {processor.py:840} INFO - DAG(s) 'example_bash_operator' retrieved from /home/airflow/.local/lib/python3.8/site-packages/airflow/example_dags/example_bash_operator.py
[2024-02-10T17:44:12.844+0000] {logging_mixin.py:188} INFO - [2024-02-10T17:44:12.844+0000] {dag.py:3036} INFO - Sync 1 DAGs
[2024-02-10T17:44:12.869+0000] {logging_mixin.py:188} INFO - [2024-02-10T17:44:12.869+0000] {dag.py:3823} INFO - Setting next_dagrun for example_bash_operator to 2024-02-09 00:00:00+00:00, run_after=2024-02-10 00:00:00+00:00
[2024-02-10T17:44:12.896+0000] {processor.py:183} INFO - Processing /home/airflow/.local/lib/python3.8/site-packages/airflow/example_dags/example_bash_operator.py took 0.104 seconds
[2024-02-10T17:44:43.251+0000] {processor.py:161} INFO - Started process (PID=240) to work on /home/airflow/.local/lib/python3.8/site-packages/airflow/example_dags/example_bash_operator.py
[2024-02-10T17:44:43.252+0000] {processor.py:830} INFO - Processing file /home/airflow/.local/lib/python3.8/site-packages/airflow/example_dags/example_bash_operator.py for tasks to queue
[2024-02-10T17:44:43.253+0000] {logging_mixin.py:188} INFO - [2024-02-10T17:44:43.253+0000] {dagbag.py:538} INFO - Filling up the DagBag from /home/airflow/.local/lib/python3.8/site-packages/airflow/example_dags/example_bash_operator.py
[2024-02-10T17:44:43.268+0000] {processor.py:840} INFO - DAG(s) 'example_bash_operator' retrieved from /home/airflow/.local/lib/python3.8/site-packages/airflow/example_dags/example_bash_operator.py
[2024-02-10T17:44:43.301+0000] {logging_mixin.py:188} INFO - [2024-02-10T17:44:43.301+0000] {dag.py:3036} INFO - Sync 1 DAGs
[2024-02-10T17:44:43.332+0000] {logging_mixin.py:188} INFO - [2024-02-10T17:44:43.332+0000] {dag.py:3823} INFO - Setting next_dagrun for example_bash_operator to 2024-02-09 00:00:00+00:00, run_after=2024-02-10 00:00:00+00:00
[2024-02-10T17:44:43.359+0000] {processor.py:183} INFO - Processing /home/airflow/.local/lib/python3.8/site-packages/airflow/example_dags/example_bash_operator.py took 0.112 seconds
[2024-02-10T17:45:13.926+0000] {processor.py:161} INFO - Started process (PID=295) to work on /home/airflow/.local/lib/python3.8/site-packages/airflow/example_dags/example_bash_operator.py
[2024-02-10T17:45:13.927+0000] {processor.py:830} INFO - Processing file /home/airflow/.local/lib/python3.8/site-packages/airflow/example_dags/example_bash_operator.py for tasks to queue
[2024-02-10T17:45:13.928+0000] {logging_mixin.py:188} INFO - [2024-02-10T17:45:13.928+0000] {dagbag.py:538} INFO - Filling up the DagBag from /home/airflow/.local/lib/python3.8/site-packages/airflow/example_dags/example_bash_operator.py
[2024-02-10T17:45:13.942+0000] {processor.py:840} INFO - DAG(s) 'example_bash_operator' retrieved from /home/airflow/.local/lib/python3.8/site-packages/airflow/example_dags/example_bash_operator.py
[2024-02-10T17:45:13.976+0000] {logging_mixin.py:188} INFO - [2024-02-10T17:45:13.976+0000] {dag.py:3036} INFO - Sync 1 DAGs
[2024-02-10T17:45:14.005+0000] {logging_mixin.py:188} INFO - [2024-02-10T17:45:14.004+0000] {dag.py:3823} INFO - Setting next_dagrun for example_bash_operator to 2024-02-09 00:00:00+00:00, run_after=2024-02-10 00:00:00+00:00
[2024-02-10T17:45:14.030+0000] {processor.py:183} INFO - Processing /home/airflow/.local/lib/python3.8/site-packages/airflow/example_dags/example_bash_operator.py took 0.107 seconds
[2024-02-10T17:45:44.243+0000] {processor.py:161} INFO - Started process (PID=349) to work on /home/airflow/.local/lib/python3.8/site-packages/airflow/example_dags/example_bash_operator.py
[2024-02-10T17:45:44.243+0000] {processor.py:830} INFO - Processing file /home/airflow/.local/lib/python3.8/site-packages/airflow/example_dags/example_bash_operator.py for tasks to queue
[2024-02-10T17:45:44.245+0000] {logging_mixin.py:188} INFO - [2024-02-10T17:45:44.245+0000] {dagbag.py:538} INFO - Filling up the DagBag from /home/airflow/.local/lib/python3.8/site-packages/airflow/example_dags/example_bash_operator.py
[2024-02-10T17:45:44.260+0000] {processor.py:840} INFO - DAG(s) 'example_bash_operator' retrieved from /home/airflow/.local/lib/python3.8/site-packages/airflow/example_dags/example_bash_operator.py
[2024-02-10T17:45:44.301+0000] {logging_mixin.py:188} INFO - [2024-02-10T17:45:44.301+0000] {dag.py:3036} INFO - Sync 1 DAGs
[2024-02-10T17:45:44.342+0000] {logging_mixin.py:188} INFO - [2024-02-10T17:45:44.342+0000] {dag.py:3823} INFO - Setting next_dagrun for example_bash_operator to 2024-02-09 00:00:00+00:00, run_after=2024-02-10 00:00:00+00:00
[2024-02-10T17:45:44.366+0000] {processor.py:183} INFO - Processing /home/airflow/.local/lib/python3.8/site-packages/airflow/example_dags/example_bash_operator.py took 0.126 seconds
[2024-02-10T17:46:14.619+0000] {processor.py:161} INFO - Started process (PID=405) to work on /home/airflow/.local/lib/python3.8/site-packages/airflow/example_dags/example_bash_operator.py
[2024-02-10T17:46:14.620+0000] {processor.py:830} INFO - Processing file /home/airflow/.local/lib/python3.8/site-packages/airflow/example_dags/example_bash_operator.py for tasks to queue
[2024-02-10T17:46:14.622+0000] {logging_mixin.py:188} INFO - [2024-02-10T17:46:14.621+0000] {dagbag.py:538} INFO - Filling up the DagBag from /home/airflow/.local/lib/python3.8/site-packages/airflow/example_dags/example_bash_operator.py
[2024-02-10T17:46:14.636+0000] {processor.py:840} INFO - DAG(s) 'example_bash_operator' retrieved from /home/airflow/.local/lib/python3.8/site-packages/airflow/example_dags/example_bash_operator.py
[2024-02-10T17:46:14.671+0000] {logging_mixin.py:188} INFO - [2024-02-10T17:46:14.671+0000] {dag.py:3036} INFO - Sync 1 DAGs
[2024-02-10T17:46:14.697+0000] {logging_mixin.py:188} INFO - [2024-02-10T17:46:14.696+0000] {dag.py:3823} INFO - Setting next_dagrun for example_bash_operator to 2024-02-09 00:00:00+00:00, run_after=2024-02-10 00:00:00+00:00
[2024-02-10T17:46:14.723+0000] {processor.py:183} INFO - Processing /home/airflow/.local/lib/python3.8/site-packages/airflow/example_dags/example_bash_operator.py took 0.107 seconds
[2024-02-10T17:46:45.545+0000] {processor.py:161} INFO - Started process (PID=461) to work on /home/airflow/.local/lib/python3.8/site-packages/airflow/example_dags/example_bash_operator.py
[2024-02-10T17:46:45.553+0000] {processor.py:830} INFO - Processing file /home/airflow/.local/lib/python3.8/site-packages/airflow/example_dags/example_bash_operator.py for tasks to queue
[2024-02-10T17:46:45.564+0000] {logging_mixin.py:188} INFO - [2024-02-10T17:46:45.557+0000] {dagbag.py:538} INFO - Filling up the DagBag from /home/airflow/.local/lib/python3.8/site-packages/airflow/example_dags/example_bash_operator.py
[2024-02-10T17:46:45.592+0000] {processor.py:840} INFO - DAG(s) 'example_bash_operator' retrieved from /home/airflow/.local/lib/python3.8/site-packages/airflow/example_dags/example_bash_operator.py
[2024-02-10T17:46:45.639+0000] {logging_mixin.py:188} INFO - [2024-02-10T17:46:45.639+0000] {dag.py:3036} INFO - Sync 1 DAGs
[2024-02-10T17:46:45.683+0000] {logging_mixin.py:188} INFO - [2024-02-10T17:46:45.683+0000] {dag.py:3823} INFO - Setting next_dagrun for example_bash_operator to 2024-02-09 00:00:00+00:00, run_after=2024-02-10 00:00:00+00:00
[2024-02-10T17:46:45.713+0000] {processor.py:183} INFO - Processing /home/airflow/.local/lib/python3.8/site-packages/airflow/example_dags/example_bash_operator.py took 0.181 seconds
[2024-02-10T17:47:16.134+0000] {processor.py:161} INFO - Started process (PID=523) to work on /home/airflow/.local/lib/python3.8/site-packages/airflow/example_dags/example_bash_operator.py
[2024-02-10T17:47:16.135+0000] {processor.py:830} INFO - Processing file /home/airflow/.local/lib/python3.8/site-packages/airflow/example_dags/example_bash_operator.py for tasks to queue
[2024-02-10T17:47:16.164+0000] {logging_mixin.py:188} INFO - [2024-02-10T17:47:16.164+0000] {dagbag.py:538} INFO - Filling up the DagBag from /home/airflow/.local/lib/python3.8/site-packages/airflow/example_dags/example_bash_operator.py
[2024-02-10T17:47:16.182+0000] {processor.py:840} INFO - DAG(s) 'example_bash_operator' retrieved from /home/airflow/.local/lib/python3.8/site-packages/airflow/example_dags/example_bash_operator.py
[2024-02-10T17:47:16.306+0000] {logging_mixin.py:188} INFO - [2024-02-10T17:47:16.306+0000] {dag.py:3036} INFO - Sync 1 DAGs
[2024-02-10T17:47:16.389+0000] {logging_mixin.py:188} INFO - [2024-02-10T17:47:16.389+0000] {dag.py:3823} INFO - Setting next_dagrun for example_bash_operator to 2024-02-09 00:00:00+00:00, run_after=2024-02-10 00:00:00+00:00
[2024-02-10T17:47:16.473+0000] {processor.py:183} INFO - Processing /home/airflow/.local/lib/python3.8/site-packages/airflow/example_dags/example_bash_operator.py took 0.351 seconds
[2024-02-10T17:47:47.218+0000] {processor.py:161} INFO - Started process (PID=580) to work on /home/airflow/.local/lib/python3.8/site-packages/airflow/example_dags/example_bash_operator.py
[2024-02-10T17:47:47.218+0000] {processor.py:830} INFO - Processing file /home/airflow/.local/lib/python3.8/site-packages/airflow/example_dags/example_bash_operator.py for tasks to queue
[2024-02-10T17:47:47.220+0000] {logging_mixin.py:188} INFO - [2024-02-10T17:47:47.220+0000] {dagbag.py:538} INFO - Filling up the DagBag from /home/airflow/.local/lib/python3.8/site-packages/airflow/example_dags/example_bash_operator.py
[2024-02-10T17:47:47.266+0000] {processor.py:840} INFO - DAG(s) 'example_bash_operator' retrieved from /home/airflow/.local/lib/python3.8/site-packages/airflow/example_dags/example_bash_operator.py
[2024-02-10T17:47:47.432+0000] {logging_mixin.py:188} INFO - [2024-02-10T17:47:47.429+0000] {dag.py:3036} INFO - Sync 1 DAGs
[2024-02-10T17:47:47.548+0000] {logging_mixin.py:188} INFO - [2024-02-10T17:47:47.548+0000] {dag.py:3823} INFO - Setting next_dagrun for example_bash_operator to 2024-02-09 00:00:00+00:00, run_after=2024-02-10 00:00:00+00:00
[2024-02-10T17:47:47.646+0000] {processor.py:183} INFO - Processing /home/airflow/.local/lib/python3.8/site-packages/airflow/example_dags/example_bash_operator.py took 0.445 seconds
[2024-02-10T17:48:18.623+0000] {processor.py:161} INFO - Started process (PID=637) to work on /home/airflow/.local/lib/python3.8/site-packages/airflow/example_dags/example_bash_operator.py
[2024-02-10T17:48:18.625+0000] {processor.py:830} INFO - Processing file /home/airflow/.local/lib/python3.8/site-packages/airflow/example_dags/example_bash_operator.py for tasks to queue
[2024-02-10T17:48:18.628+0000] {logging_mixin.py:188} INFO - [2024-02-10T17:48:18.627+0000] {dagbag.py:538} INFO - Filling up the DagBag from /home/airflow/.local/lib/python3.8/site-packages/airflow/example_dags/example_bash_operator.py
[2024-02-10T17:48:18.648+0000] {processor.py:840} INFO - DAG(s) 'example_bash_operator' retrieved from /home/airflow/.local/lib/python3.8/site-packages/airflow/example_dags/example_bash_operator.py
[2024-02-10T17:48:18.687+0000] {logging_mixin.py:188} INFO - [2024-02-10T17:48:18.687+0000] {dag.py:3036} INFO - Sync 1 DAGs
[2024-02-10T17:48:18.710+0000] {logging_mixin.py:188} INFO - [2024-02-10T17:48:18.710+0000] {dag.py:3823} INFO - Setting next_dagrun for example_bash_operator to 2024-02-09 00:00:00+00:00, run_after=2024-02-10 00:00:00+00:00
[2024-02-10T17:48:18.734+0000] {processor.py:183} INFO - Processing /home/airflow/.local/lib/python3.8/site-packages/airflow/example_dags/example_bash_operator.py took 0.125 seconds
[2024-02-10T17:48:49.405+0000] {processor.py:161} INFO - Started process (PID=692) to work on /home/airflow/.local/lib/python3.8/site-packages/airflow/example_dags/example_bash_operator.py
[2024-02-10T17:48:49.406+0000] {processor.py:830} INFO - Processing file /home/airflow/.local/lib/python3.8/site-packages/airflow/example_dags/example_bash_operator.py for tasks to queue
[2024-02-10T17:48:49.408+0000] {logging_mixin.py:188} INFO - [2024-02-10T17:48:49.408+0000] {dagbag.py:538} INFO - Filling up the DagBag from /home/airflow/.local/lib/python3.8/site-packages/airflow/example_dags/example_bash_operator.py
[2024-02-10T17:48:49.422+0000] {processor.py:840} INFO - DAG(s) 'example_bash_operator' retrieved from /home/airflow/.local/lib/python3.8/site-packages/airflow/example_dags/example_bash_operator.py
[2024-02-10T17:48:49.457+0000] {logging_mixin.py:188} INFO - [2024-02-10T17:48:49.457+0000] {dag.py:3036} INFO - Sync 1 DAGs
[2024-02-10T17:48:49.492+0000] {logging_mixin.py:188} INFO - [2024-02-10T17:48:49.491+0000] {dag.py:3823} INFO - Setting next_dagrun for example_bash_operator to 2024-02-09 00:00:00+00:00, run_after=2024-02-10 00:00:00+00:00
[2024-02-10T17:48:49.515+0000] {processor.py:183} INFO - Processing /home/airflow/.local/lib/python3.8/site-packages/airflow/example_dags/example_bash_operator.py took 0.114 seconds
[2024-02-10T17:49:19.903+0000] {processor.py:161} INFO - Started process (PID=747) to work on /home/airflow/.local/lib/python3.8/site-packages/airflow/example_dags/example_bash_operator.py
[2024-02-10T17:49:19.906+0000] {processor.py:830} INFO - Processing file /home/airflow/.local/lib/python3.8/site-packages/airflow/example_dags/example_bash_operator.py for tasks to queue
[2024-02-10T17:49:19.908+0000] {logging_mixin.py:188} INFO - [2024-02-10T17:49:19.907+0000] {dagbag.py:538} INFO - Filling up the DagBag from /home/airflow/.local/lib/python3.8/site-packages/airflow/example_dags/example_bash_operator.py
[2024-02-10T17:49:19.923+0000] {processor.py:840} INFO - DAG(s) 'example_bash_operator' retrieved from /home/airflow/.local/lib/python3.8/site-packages/airflow/example_dags/example_bash_operator.py
[2024-02-10T17:49:19.960+0000] {logging_mixin.py:188} INFO - [2024-02-10T17:49:19.960+0000] {dag.py:3036} INFO - Sync 1 DAGs
[2024-02-10T17:49:19.986+0000] {logging_mixin.py:188} INFO - [2024-02-10T17:49:19.986+0000] {dag.py:3823} INFO - Setting next_dagrun for example_bash_operator to 2024-02-09 00:00:00+00:00, run_after=2024-02-10 00:00:00+00:00
[2024-02-10T17:49:20.008+0000] {processor.py:183} INFO - Processing /home/airflow/.local/lib/python3.8/site-packages/airflow/example_dags/example_bash_operator.py took 0.108 seconds
[2024-02-10T17:49:50.112+0000] {processor.py:161} INFO - Started process (PID=802) to work on /home/airflow/.local/lib/python3.8/site-packages/airflow/example_dags/example_bash_operator.py
[2024-02-10T17:49:50.112+0000] {processor.py:830} INFO - Processing file /home/airflow/.local/lib/python3.8/site-packages/airflow/example_dags/example_bash_operator.py for tasks to queue
[2024-02-10T17:49:50.114+0000] {logging_mixin.py:188} INFO - [2024-02-10T17:49:50.114+0000] {dagbag.py:538} INFO - Filling up the DagBag from /home/airflow/.local/lib/python3.8/site-packages/airflow/example_dags/example_bash_operator.py
[2024-02-10T17:49:50.128+0000] {processor.py:840} INFO - DAG(s) 'example_bash_operator' retrieved from /home/airflow/.local/lib/python3.8/site-packages/airflow/example_dags/example_bash_operator.py
[2024-02-10T17:49:50.175+0000] {logging_mixin.py:188} INFO - [2024-02-10T17:49:50.175+0000] {dag.py:3036} INFO - Sync 1 DAGs
[2024-02-10T17:49:50.206+0000] {logging_mixin.py:188} INFO - [2024-02-10T17:49:50.206+0000] {dag.py:3823} INFO - Setting next_dagrun for example_bash_operator to 2024-02-09 00:00:00+00:00, run_after=2024-02-10 00:00:00+00:00
[2024-02-10T17:49:50.235+0000] {processor.py:183} INFO - Processing /home/airflow/.local/lib/python3.8/site-packages/airflow/example_dags/example_bash_operator.py took 0.128 seconds
[2024-02-10T17:50:20.883+0000] {processor.py:161} INFO - Started process (PID=857) to work on /home/airflow/.local/lib/python3.8/site-packages/airflow/example_dags/example_bash_operator.py
[2024-02-10T17:50:20.884+0000] {processor.py:830} INFO - Processing file /home/airflow/.local/lib/python3.8/site-packages/airflow/example_dags/example_bash_operator.py for tasks to queue
[2024-02-10T17:50:20.886+0000] {logging_mixin.py:188} INFO - [2024-02-10T17:50:20.885+0000] {dagbag.py:538} INFO - Filling up the DagBag from /home/airflow/.local/lib/python3.8/site-packages/airflow/example_dags/example_bash_operator.py
[2024-02-10T17:50:20.900+0000] {processor.py:840} INFO - DAG(s) 'example_bash_operator' retrieved from /home/airflow/.local/lib/python3.8/site-packages/airflow/example_dags/example_bash_operator.py
[2024-02-10T17:50:20.967+0000] {logging_mixin.py:188} INFO - [2024-02-10T17:50:20.967+0000] {dag.py:3036} INFO - Sync 1 DAGs
[2024-02-10T17:50:21.028+0000] {logging_mixin.py:188} INFO - [2024-02-10T17:50:21.028+0000] {dag.py:3823} INFO - Setting next_dagrun for example_bash_operator to 2024-02-09 00:00:00+00:00, run_after=2024-02-10 00:00:00+00:00
[2024-02-10T17:50:21.080+0000] {processor.py:183} INFO - Processing /home/airflow/.local/lib/python3.8/site-packages/airflow/example_dags/example_bash_operator.py took 0.200 seconds
[2024-02-10T17:50:51.415+0000] {processor.py:161} INFO - Started process (PID=912) to work on /home/airflow/.local/lib/python3.8/site-packages/airflow/example_dags/example_bash_operator.py
[2024-02-10T17:50:51.416+0000] {processor.py:830} INFO - Processing file /home/airflow/.local/lib/python3.8/site-packages/airflow/example_dags/example_bash_operator.py for tasks to queue
[2024-02-10T17:50:51.418+0000] {logging_mixin.py:188} INFO - [2024-02-10T17:50:51.418+0000] {dagbag.py:538} INFO - Filling up the DagBag from /home/airflow/.local/lib/python3.8/site-packages/airflow/example_dags/example_bash_operator.py
[2024-02-10T17:50:51.436+0000] {processor.py:840} INFO - DAG(s) 'example_bash_operator' retrieved from /home/airflow/.local/lib/python3.8/site-packages/airflow/example_dags/example_bash_operator.py
[2024-02-10T17:50:51.471+0000] {logging_mixin.py:188} INFO - [2024-02-10T17:50:51.471+0000] {dag.py:3036} INFO - Sync 1 DAGs
[2024-02-10T17:50:51.499+0000] {logging_mixin.py:188} INFO - [2024-02-10T17:50:51.499+0000] {dag.py:3823} INFO - Setting next_dagrun for example_bash_operator to 2024-02-09 00:00:00+00:00, run_after=2024-02-10 00:00:00+00:00
[2024-02-10T17:50:51.544+0000] {processor.py:183} INFO - Processing /home/airflow/.local/lib/python3.8/site-packages/airflow/example_dags/example_bash_operator.py took 0.132 seconds
[2024-02-10T17:51:21.620+0000] {processor.py:161} INFO - Started process (PID=967) to work on /home/airflow/.local/lib/python3.8/site-packages/airflow/example_dags/example_bash_operator.py
[2024-02-10T17:51:21.621+0000] {processor.py:830} INFO - Processing file /home/airflow/.local/lib/python3.8/site-packages/airflow/example_dags/example_bash_operator.py for tasks to queue
[2024-02-10T17:51:21.622+0000] {logging_mixin.py:188} INFO - [2024-02-10T17:51:21.622+0000] {dagbag.py:538} INFO - Filling up the DagBag from /home/airflow/.local/lib/python3.8/site-packages/airflow/example_dags/example_bash_operator.py
[2024-02-10T17:51:21.637+0000] {processor.py:840} INFO - DAG(s) 'example_bash_operator' retrieved from /home/airflow/.local/lib/python3.8/site-packages/airflow/example_dags/example_bash_operator.py
[2024-02-10T17:51:21.694+0000] {logging_mixin.py:188} INFO - [2024-02-10T17:51:21.694+0000] {dag.py:3036} INFO - Sync 1 DAGs
[2024-02-10T17:51:21.727+0000] {logging_mixin.py:188} INFO - [2024-02-10T17:51:21.727+0000] {dag.py:3823} INFO - Setting next_dagrun for example_bash_operator to 2024-02-09 00:00:00+00:00, run_after=2024-02-10 00:00:00+00:00
[2024-02-10T17:51:21.751+0000] {processor.py:183} INFO - Processing /home/airflow/.local/lib/python3.8/site-packages/airflow/example_dags/example_bash_operator.py took 0.135 seconds
[2024-02-10T17:51:52.649+0000] {processor.py:161} INFO - Started process (PID=1022) to work on /home/airflow/.local/lib/python3.8/site-packages/airflow/example_dags/example_bash_operator.py
[2024-02-10T17:51:52.650+0000] {processor.py:830} INFO - Processing file /home/airflow/.local/lib/python3.8/site-packages/airflow/example_dags/example_bash_operator.py for tasks to queue
[2024-02-10T17:51:52.652+0000] {logging_mixin.py:188} INFO - [2024-02-10T17:51:52.652+0000] {dagbag.py:538} INFO - Filling up the DagBag from /home/airflow/.local/lib/python3.8/site-packages/airflow/example_dags/example_bash_operator.py
[2024-02-10T17:51:52.667+0000] {processor.py:840} INFO - DAG(s) 'example_bash_operator' retrieved from /home/airflow/.local/lib/python3.8/site-packages/airflow/example_dags/example_bash_operator.py
[2024-02-10T17:51:52.702+0000] {logging_mixin.py:188} INFO - [2024-02-10T17:51:52.702+0000] {dag.py:3036} INFO - Sync 1 DAGs
[2024-02-10T17:51:52.728+0000] {logging_mixin.py:188} INFO - [2024-02-10T17:51:52.728+0000] {dag.py:3823} INFO - Setting next_dagrun for example_bash_operator to 2024-02-09 00:00:00+00:00, run_after=2024-02-10 00:00:00+00:00
[2024-02-10T17:51:52.751+0000] {processor.py:183} INFO - Processing /home/airflow/.local/lib/python3.8/site-packages/airflow/example_dags/example_bash_operator.py took 0.104 seconds
[2024-02-10T17:52:23.637+0000] {processor.py:161} INFO - Started process (PID=1077) to work on /home/airflow/.local/lib/python3.8/site-packages/airflow/example_dags/example_bash_operator.py
[2024-02-10T17:52:23.642+0000] {processor.py:830} INFO - Processing file /home/airflow/.local/lib/python3.8/site-packages/airflow/example_dags/example_bash_operator.py for tasks to queue
[2024-02-10T17:52:23.646+0000] {logging_mixin.py:188} INFO - [2024-02-10T17:52:23.646+0000] {dagbag.py:538} INFO - Filling up the DagBag from /home/airflow/.local/lib/python3.8/site-packages/airflow/example_dags/example_bash_operator.py
[2024-02-10T17:52:23.661+0000] {processor.py:840} INFO - DAG(s) 'example_bash_operator' retrieved from /home/airflow/.local/lib/python3.8/site-packages/airflow/example_dags/example_bash_operator.py
[2024-02-10T17:52:23.704+0000] {logging_mixin.py:188} INFO - [2024-02-10T17:52:23.703+0000] {dag.py:3036} INFO - Sync 1 DAGs
[2024-02-10T17:52:23.732+0000] {logging_mixin.py:188} INFO - [2024-02-10T17:52:23.732+0000] {dag.py:3823} INFO - Setting next_dagrun for example_bash_operator to 2024-02-09 00:00:00+00:00, run_after=2024-02-10 00:00:00+00:00
[2024-02-10T17:52:23.771+0000] {processor.py:183} INFO - Processing /home/airflow/.local/lib/python3.8/site-packages/airflow/example_dags/example_bash_operator.py took 0.138 seconds
[2024-02-10T17:52:54.126+0000] {processor.py:161} INFO - Started process (PID=1132) to work on /home/airflow/.local/lib/python3.8/site-packages/airflow/example_dags/example_bash_operator.py
[2024-02-10T17:52:54.127+0000] {processor.py:830} INFO - Processing file /home/airflow/.local/lib/python3.8/site-packages/airflow/example_dags/example_bash_operator.py for tasks to queue
[2024-02-10T17:52:54.129+0000] {logging_mixin.py:188} INFO - [2024-02-10T17:52:54.128+0000] {dagbag.py:538} INFO - Filling up the DagBag from /home/airflow/.local/lib/python3.8/site-packages/airflow/example_dags/example_bash_operator.py
[2024-02-10T17:52:54.159+0000] {processor.py:840} INFO - DAG(s) 'example_bash_operator' retrieved from /home/airflow/.local/lib/python3.8/site-packages/airflow/example_dags/example_bash_operator.py
[2024-02-10T17:52:54.238+0000] {logging_mixin.py:188} INFO - [2024-02-10T17:52:54.238+0000] {dag.py:3036} INFO - Sync 1 DAGs
[2024-02-10T17:52:54.310+0000] {logging_mixin.py:188} INFO - [2024-02-10T17:52:54.309+0000] {dag.py:3823} INFO - Setting next_dagrun for example_bash_operator to 2024-02-09 00:00:00+00:00, run_after=2024-02-10 00:00:00+00:00
[2024-02-10T17:52:54.340+0000] {processor.py:183} INFO - Processing /home/airflow/.local/lib/python3.8/site-packages/airflow/example_dags/example_bash_operator.py took 0.224 seconds
[2024-02-10T17:53:24.471+0000] {processor.py:161} INFO - Started process (PID=1187) to work on /home/airflow/.local/lib/python3.8/site-packages/airflow/example_dags/example_bash_operator.py
[2024-02-10T17:53:24.472+0000] {processor.py:830} INFO - Processing file /home/airflow/.local/lib/python3.8/site-packages/airflow/example_dags/example_bash_operator.py for tasks to queue
[2024-02-10T17:53:24.473+0000] {logging_mixin.py:188} INFO - [2024-02-10T17:53:24.473+0000] {dagbag.py:538} INFO - Filling up the DagBag from /home/airflow/.local/lib/python3.8/site-packages/airflow/example_dags/example_bash_operator.py
[2024-02-10T17:53:24.487+0000] {processor.py:840} INFO - DAG(s) 'example_bash_operator' retrieved from /home/airflow/.local/lib/python3.8/site-packages/airflow/example_dags/example_bash_operator.py
[2024-02-10T17:53:24.529+0000] {logging_mixin.py:188} INFO - [2024-02-10T17:53:24.529+0000] {dag.py:3036} INFO - Sync 1 DAGs
[2024-02-10T17:53:24.553+0000] {logging_mixin.py:188} INFO - [2024-02-10T17:53:24.553+0000] {dag.py:3823} INFO - Setting next_dagrun for example_bash_operator to 2024-02-09 00:00:00+00:00, run_after=2024-02-10 00:00:00+00:00
[2024-02-10T17:53:24.577+0000] {processor.py:183} INFO - Processing /home/airflow/.local/lib/python3.8/site-packages/airflow/example_dags/example_bash_operator.py took 0.109 seconds
[2024-02-10T17:53:55.198+0000] {processor.py:161} INFO - Started process (PID=1243) to work on /home/airflow/.local/lib/python3.8/site-packages/airflow/example_dags/example_bash_operator.py
[2024-02-10T17:53:55.199+0000] {processor.py:830} INFO - Processing file /home/airflow/.local/lib/python3.8/site-packages/airflow/example_dags/example_bash_operator.py for tasks to queue
[2024-02-10T17:53:55.201+0000] {logging_mixin.py:188} INFO - [2024-02-10T17:53:55.200+0000] {dagbag.py:538} INFO - Filling up the DagBag from /home/airflow/.local/lib/python3.8/site-packages/airflow/example_dags/example_bash_operator.py
[2024-02-10T17:53:55.215+0000] {processor.py:840} INFO - DAG(s) 'example_bash_operator' retrieved from /home/airflow/.local/lib/python3.8/site-packages/airflow/example_dags/example_bash_operator.py
[2024-02-10T17:53:55.251+0000] {logging_mixin.py:188} INFO - [2024-02-10T17:53:55.251+0000] {dag.py:3036} INFO - Sync 1 DAGs
[2024-02-10T17:53:55.277+0000] {logging_mixin.py:188} INFO - [2024-02-10T17:53:55.277+0000] {dag.py:3823} INFO - Setting next_dagrun for example_bash_operator to 2024-02-09 00:00:00+00:00, run_after=2024-02-10 00:00:00+00:00
[2024-02-10T17:53:55.298+0000] {processor.py:183} INFO - Processing /home/airflow/.local/lib/python3.8/site-packages/airflow/example_dags/example_bash_operator.py took 0.104 seconds
[2024-02-10T17:54:25.503+0000] {processor.py:161} INFO - Started process (PID=1299) to work on /home/airflow/.local/lib/python3.8/site-packages/airflow/example_dags/example_bash_operator.py
[2024-02-10T17:54:25.504+0000] {processor.py:830} INFO - Processing file /home/airflow/.local/lib/python3.8/site-packages/airflow/example_dags/example_bash_operator.py for tasks to queue
[2024-02-10T17:54:25.506+0000] {logging_mixin.py:188} INFO - [2024-02-10T17:54:25.506+0000] {dagbag.py:538} INFO - Filling up the DagBag from /home/airflow/.local/lib/python3.8/site-packages/airflow/example_dags/example_bash_operator.py
[2024-02-10T17:54:25.528+0000] {processor.py:840} INFO - DAG(s) 'example_bash_operator' retrieved from /home/airflow/.local/lib/python3.8/site-packages/airflow/example_dags/example_bash_operator.py
[2024-02-10T17:54:25.567+0000] {logging_mixin.py:188} INFO - [2024-02-10T17:54:25.567+0000] {dag.py:3036} INFO - Sync 1 DAGs
[2024-02-10T17:54:25.606+0000] {logging_mixin.py:188} INFO - [2024-02-10T17:54:25.606+0000] {dag.py:3823} INFO - Setting next_dagrun for example_bash_operator to 2024-02-09 00:00:00+00:00, run_after=2024-02-10 00:00:00+00:00
[2024-02-10T17:54:25.647+0000] {processor.py:183} INFO - Processing /home/airflow/.local/lib/python3.8/site-packages/airflow/example_dags/example_bash_operator.py took 0.147 seconds
[2024-02-10T17:54:55.836+0000] {processor.py:161} INFO - Started process (PID=1354) to work on /home/airflow/.local/lib/python3.8/site-packages/airflow/example_dags/example_bash_operator.py
[2024-02-10T17:54:55.837+0000] {processor.py:830} INFO - Processing file /home/airflow/.local/lib/python3.8/site-packages/airflow/example_dags/example_bash_operator.py for tasks to queue
[2024-02-10T17:54:55.839+0000] {logging_mixin.py:188} INFO - [2024-02-10T17:54:55.839+0000] {dagbag.py:538} INFO - Filling up the DagBag from /home/airflow/.local/lib/python3.8/site-packages/airflow/example_dags/example_bash_operator.py
[2024-02-10T17:54:55.853+0000] {processor.py:840} INFO - DAG(s) 'example_bash_operator' retrieved from /home/airflow/.local/lib/python3.8/site-packages/airflow/example_dags/example_bash_operator.py
[2024-02-10T17:54:55.890+0000] {logging_mixin.py:188} INFO - [2024-02-10T17:54:55.889+0000] {dag.py:3036} INFO - Sync 1 DAGs
[2024-02-10T17:54:55.917+0000] {logging_mixin.py:188} INFO - [2024-02-10T17:54:55.917+0000] {dag.py:3823} INFO - Setting next_dagrun for example_bash_operator to 2024-02-09 00:00:00+00:00, run_after=2024-02-10 00:00:00+00:00
[2024-02-10T17:54:55.939+0000] {processor.py:183} INFO - Processing /home/airflow/.local/lib/python3.8/site-packages/airflow/example_dags/example_bash_operator.py took 0.106 seconds
[2024-02-10T17:55:26.104+0000] {processor.py:161} INFO - Started process (PID=1409) to work on /home/airflow/.local/lib/python3.8/site-packages/airflow/example_dags/example_bash_operator.py
[2024-02-10T17:55:26.105+0000] {processor.py:830} INFO - Processing file /home/airflow/.local/lib/python3.8/site-packages/airflow/example_dags/example_bash_operator.py for tasks to queue
[2024-02-10T17:55:26.106+0000] {logging_mixin.py:188} INFO - [2024-02-10T17:55:26.106+0000] {dagbag.py:538} INFO - Filling up the DagBag from /home/airflow/.local/lib/python3.8/site-packages/airflow/example_dags/example_bash_operator.py
[2024-02-10T17:55:26.121+0000] {processor.py:840} INFO - DAG(s) 'example_bash_operator' retrieved from /home/airflow/.local/lib/python3.8/site-packages/airflow/example_dags/example_bash_operator.py
[2024-02-10T17:55:26.170+0000] {logging_mixin.py:188} INFO - [2024-02-10T17:55:26.170+0000] {dag.py:3036} INFO - Sync 1 DAGs
[2024-02-10T17:55:26.209+0000] {logging_mixin.py:188} INFO - [2024-02-10T17:55:26.209+0000] {dag.py:3823} INFO - Setting next_dagrun for example_bash_operator to 2024-02-09 00:00:00+00:00, run_after=2024-02-10 00:00:00+00:00
[2024-02-10T17:55:26.237+0000] {processor.py:183} INFO - Processing /home/airflow/.local/lib/python3.8/site-packages/airflow/example_dags/example_bash_operator.py took 0.137 seconds
[2024-02-10T17:55:56.606+0000] {processor.py:161} INFO - Started process (PID=1465) to work on /home/airflow/.local/lib/python3.8/site-packages/airflow/example_dags/example_bash_operator.py
[2024-02-10T17:55:56.607+0000] {processor.py:830} INFO - Processing file /home/airflow/.local/lib/python3.8/site-packages/airflow/example_dags/example_bash_operator.py for tasks to queue
[2024-02-10T17:55:56.609+0000] {logging_mixin.py:188} INFO - [2024-02-10T17:55:56.608+0000] {dagbag.py:538} INFO - Filling up the DagBag from /home/airflow/.local/lib/python3.8/site-packages/airflow/example_dags/example_bash_operator.py
[2024-02-10T17:55:56.623+0000] {processor.py:840} INFO - DAG(s) 'example_bash_operator' retrieved from /home/airflow/.local/lib/python3.8/site-packages/airflow/example_dags/example_bash_operator.py
[2024-02-10T17:55:56.659+0000] {logging_mixin.py:188} INFO - [2024-02-10T17:55:56.658+0000] {dag.py:3036} INFO - Sync 1 DAGs
[2024-02-10T17:55:56.685+0000] {logging_mixin.py:188} INFO - [2024-02-10T17:55:56.685+0000] {dag.py:3823} INFO - Setting next_dagrun for example_bash_operator to 2024-02-09 00:00:00+00:00, run_after=2024-02-10 00:00:00+00:00
[2024-02-10T17:55:56.707+0000] {processor.py:183} INFO - Processing /home/airflow/.local/lib/python3.8/site-packages/airflow/example_dags/example_bash_operator.py took 0.108 seconds
[2024-02-10T17:56:27.048+0000] {processor.py:161} INFO - Started process (PID=1521) to work on /home/airflow/.local/lib/python3.8/site-packages/airflow/example_dags/example_bash_operator.py
[2024-02-10T17:56:27.049+0000] {processor.py:830} INFO - Processing file /home/airflow/.local/lib/python3.8/site-packages/airflow/example_dags/example_bash_operator.py for tasks to queue
[2024-02-10T17:56:27.050+0000] {logging_mixin.py:188} INFO - [2024-02-10T17:56:27.050+0000] {dagbag.py:538} INFO - Filling up the DagBag from /home/airflow/.local/lib/python3.8/site-packages/airflow/example_dags/example_bash_operator.py
[2024-02-10T17:56:27.064+0000] {processor.py:840} INFO - DAG(s) 'example_bash_operator' retrieved from /home/airflow/.local/lib/python3.8/site-packages/airflow/example_dags/example_bash_operator.py
[2024-02-10T17:56:27.101+0000] {logging_mixin.py:188} INFO - [2024-02-10T17:56:27.100+0000] {dag.py:3036} INFO - Sync 1 DAGs
[2024-02-10T17:56:27.128+0000] {logging_mixin.py:188} INFO - [2024-02-10T17:56:27.128+0000] {dag.py:3823} INFO - Setting next_dagrun for example_bash_operator to 2024-02-09 00:00:00+00:00, run_after=2024-02-10 00:00:00+00:00
[2024-02-10T17:56:27.151+0000] {processor.py:183} INFO - Processing /home/airflow/.local/lib/python3.8/site-packages/airflow/example_dags/example_bash_operator.py took 0.106 seconds
[2024-02-10T17:56:57.785+0000] {processor.py:161} INFO - Started process (PID=1577) to work on /home/airflow/.local/lib/python3.8/site-packages/airflow/example_dags/example_bash_operator.py
[2024-02-10T17:56:57.785+0000] {processor.py:830} INFO - Processing file /home/airflow/.local/lib/python3.8/site-packages/airflow/example_dags/example_bash_operator.py for tasks to queue
[2024-02-10T17:56:57.787+0000] {logging_mixin.py:188} INFO - [2024-02-10T17:56:57.787+0000] {dagbag.py:538} INFO - Filling up the DagBag from /home/airflow/.local/lib/python3.8/site-packages/airflow/example_dags/example_bash_operator.py
[2024-02-10T17:56:57.801+0000] {processor.py:840} INFO - DAG(s) 'example_bash_operator' retrieved from /home/airflow/.local/lib/python3.8/site-packages/airflow/example_dags/example_bash_operator.py
[2024-02-10T17:56:57.838+0000] {logging_mixin.py:188} INFO - [2024-02-10T17:56:57.838+0000] {dag.py:3036} INFO - Sync 1 DAGs
[2024-02-10T17:56:57.863+0000] {logging_mixin.py:188} INFO - [2024-02-10T17:56:57.863+0000] {dag.py:3823} INFO - Setting next_dagrun for example_bash_operator to 2024-02-09 00:00:00+00:00, run_after=2024-02-10 00:00:00+00:00
[2024-02-10T17:56:57.884+0000] {processor.py:183} INFO - Processing /home/airflow/.local/lib/python3.8/site-packages/airflow/example_dags/example_bash_operator.py took 0.104 seconds
[2024-02-10T17:57:28.189+0000] {processor.py:161} INFO - Started process (PID=1632) to work on /home/airflow/.local/lib/python3.8/site-packages/airflow/example_dags/example_bash_operator.py
[2024-02-10T17:57:28.190+0000] {processor.py:830} INFO - Processing file /home/airflow/.local/lib/python3.8/site-packages/airflow/example_dags/example_bash_operator.py for tasks to queue
[2024-02-10T17:57:28.192+0000] {logging_mixin.py:188} INFO - [2024-02-10T17:57:28.191+0000] {dagbag.py:538} INFO - Filling up the DagBag from /home/airflow/.local/lib/python3.8/site-packages/airflow/example_dags/example_bash_operator.py
[2024-02-10T17:57:28.205+0000] {processor.py:840} INFO - DAG(s) 'example_bash_operator' retrieved from /home/airflow/.local/lib/python3.8/site-packages/airflow/example_dags/example_bash_operator.py
[2024-02-10T17:57:28.242+0000] {logging_mixin.py:188} INFO - [2024-02-10T17:57:28.241+0000] {dag.py:3036} INFO - Sync 1 DAGs
[2024-02-10T17:57:28.267+0000] {logging_mixin.py:188} INFO - [2024-02-10T17:57:28.267+0000] {dag.py:3823} INFO - Setting next_dagrun for example_bash_operator to 2024-02-09 00:00:00+00:00, run_after=2024-02-10 00:00:00+00:00
[2024-02-10T17:57:28.289+0000] {processor.py:183} INFO - Processing /home/airflow/.local/lib/python3.8/site-packages/airflow/example_dags/example_bash_operator.py took 0.103 seconds
[2024-02-10T17:57:58.837+0000] {processor.py:161} INFO - Started process (PID=1687) to work on /home/airflow/.local/lib/python3.8/site-packages/airflow/example_dags/example_bash_operator.py
[2024-02-10T17:57:58.838+0000] {processor.py:830} INFO - Processing file /home/airflow/.local/lib/python3.8/site-packages/airflow/example_dags/example_bash_operator.py for tasks to queue
[2024-02-10T17:57:58.839+0000] {logging_mixin.py:188} INFO - [2024-02-10T17:57:58.839+0000] {dagbag.py:538} INFO - Filling up the DagBag from /home/airflow/.local/lib/python3.8/site-packages/airflow/example_dags/example_bash_operator.py
[2024-02-10T17:57:58.854+0000] {processor.py:840} INFO - DAG(s) 'example_bash_operator' retrieved from /home/airflow/.local/lib/python3.8/site-packages/airflow/example_dags/example_bash_operator.py
[2024-02-10T17:57:58.890+0000] {logging_mixin.py:188} INFO - [2024-02-10T17:57:58.890+0000] {dag.py:3036} INFO - Sync 1 DAGs
[2024-02-10T17:57:58.916+0000] {logging_mixin.py:188} INFO - [2024-02-10T17:57:58.916+0000] {dag.py:3823} INFO - Setting next_dagrun for example_bash_operator to 2024-02-09 00:00:00+00:00, run_after=2024-02-10 00:00:00+00:00
[2024-02-10T17:57:58.938+0000] {processor.py:183} INFO - Processing /home/airflow/.local/lib/python3.8/site-packages/airflow/example_dags/example_bash_operator.py took 0.104 seconds
[2024-02-10T17:58:29.102+0000] {processor.py:161} INFO - Started process (PID=1743) to work on /home/airflow/.local/lib/python3.8/site-packages/airflow/example_dags/example_bash_operator.py
[2024-02-10T17:58:29.103+0000] {processor.py:830} INFO - Processing file /home/airflow/.local/lib/python3.8/site-packages/airflow/example_dags/example_bash_operator.py for tasks to queue
[2024-02-10T17:58:29.105+0000] {logging_mixin.py:188} INFO - [2024-02-10T17:58:29.104+0000] {dagbag.py:538} INFO - Filling up the DagBag from /home/airflow/.local/lib/python3.8/site-packages/airflow/example_dags/example_bash_operator.py
[2024-02-10T17:58:29.128+0000] {processor.py:840} INFO - DAG(s) 'example_bash_operator' retrieved from /home/airflow/.local/lib/python3.8/site-packages/airflow/example_dags/example_bash_operator.py
[2024-02-10T17:58:29.178+0000] {logging_mixin.py:188} INFO - [2024-02-10T17:58:29.178+0000] {dag.py:3036} INFO - Sync 1 DAGs
[2024-02-10T17:58:29.241+0000] {logging_mixin.py:188} INFO - [2024-02-10T17:58:29.241+0000] {dag.py:3823} INFO - Setting next_dagrun for example_bash_operator to 2024-02-09 00:00:00+00:00, run_after=2024-02-10 00:00:00+00:00
[2024-02-10T17:58:29.283+0000] {processor.py:183} INFO - Processing /home/airflow/.local/lib/python3.8/site-packages/airflow/example_dags/example_bash_operator.py took 0.184 seconds
[2024-02-10T17:58:59.652+0000] {processor.py:161} INFO - Started process (PID=1798) to work on /home/airflow/.local/lib/python3.8/site-packages/airflow/example_dags/example_bash_operator.py
[2024-02-10T17:58:59.662+0000] {processor.py:830} INFO - Processing file /home/airflow/.local/lib/python3.8/site-packages/airflow/example_dags/example_bash_operator.py for tasks to queue
[2024-02-10T17:58:59.664+0000] {logging_mixin.py:188} INFO - [2024-02-10T17:58:59.664+0000] {dagbag.py:538} INFO - Filling up the DagBag from /home/airflow/.local/lib/python3.8/site-packages/airflow/example_dags/example_bash_operator.py
[2024-02-10T17:58:59.685+0000] {processor.py:840} INFO - DAG(s) 'example_bash_operator' retrieved from /home/airflow/.local/lib/python3.8/site-packages/airflow/example_dags/example_bash_operator.py
[2024-02-10T17:58:59.924+0000] {logging_mixin.py:188} INFO - [2024-02-10T17:58:59.924+0000] {dag.py:3036} INFO - Sync 1 DAGs
[2024-02-10T17:59:00.001+0000] {logging_mixin.py:188} INFO - [2024-02-10T17:59:00.001+0000] {dag.py:3823} INFO - Setting next_dagrun for example_bash_operator to 2024-02-09 00:00:00+00:00, run_after=2024-02-10 00:00:00+00:00
[2024-02-10T17:59:00.082+0000] {processor.py:183} INFO - Processing /home/airflow/.local/lib/python3.8/site-packages/airflow/example_dags/example_bash_operator.py took 0.434 seconds
[2024-02-10T17:59:30.575+0000] {processor.py:161} INFO - Started process (PID=1853) to work on /home/airflow/.local/lib/python3.8/site-packages/airflow/example_dags/example_bash_operator.py
[2024-02-10T17:59:30.578+0000] {processor.py:830} INFO - Processing file /home/airflow/.local/lib/python3.8/site-packages/airflow/example_dags/example_bash_operator.py for tasks to queue
[2024-02-10T17:59:30.580+0000] {logging_mixin.py:188} INFO - [2024-02-10T17:59:30.580+0000] {dagbag.py:538} INFO - Filling up the DagBag from /home/airflow/.local/lib/python3.8/site-packages/airflow/example_dags/example_bash_operator.py
[2024-02-10T17:59:30.599+0000] {processor.py:840} INFO - DAG(s) 'example_bash_operator' retrieved from /home/airflow/.local/lib/python3.8/site-packages/airflow/example_dags/example_bash_operator.py
[2024-02-10T17:59:30.638+0000] {logging_mixin.py:188} INFO - [2024-02-10T17:59:30.637+0000] {dag.py:3036} INFO - Sync 1 DAGs
[2024-02-10T17:59:30.662+0000] {logging_mixin.py:188} INFO - [2024-02-10T17:59:30.662+0000] {dag.py:3823} INFO - Setting next_dagrun for example_bash_operator to 2024-02-09 00:00:00+00:00, run_after=2024-02-10 00:00:00+00:00
[2024-02-10T17:59:30.684+0000] {processor.py:183} INFO - Processing /home/airflow/.local/lib/python3.8/site-packages/airflow/example_dags/example_bash_operator.py took 0.116 seconds
[2024-02-10T18:00:00.957+0000] {processor.py:161} INFO - Started process (PID=1908) to work on /home/airflow/.local/lib/python3.8/site-packages/airflow/example_dags/example_bash_operator.py
[2024-02-10T18:00:00.964+0000] {processor.py:830} INFO - Processing file /home/airflow/.local/lib/python3.8/site-packages/airflow/example_dags/example_bash_operator.py for tasks to queue
[2024-02-10T18:00:00.968+0000] {logging_mixin.py:188} INFO - [2024-02-10T18:00:00.965+0000] {dagbag.py:538} INFO - Filling up the DagBag from /home/airflow/.local/lib/python3.8/site-packages/airflow/example_dags/example_bash_operator.py
[2024-02-10T18:00:01.044+0000] {processor.py:840} INFO - DAG(s) 'example_bash_operator' retrieved from /home/airflow/.local/lib/python3.8/site-packages/airflow/example_dags/example_bash_operator.py
[2024-02-10T18:00:01.202+0000] {logging_mixin.py:188} INFO - [2024-02-10T18:00:01.202+0000] {dag.py:3036} INFO - Sync 1 DAGs
[2024-02-10T18:00:01.311+0000] {logging_mixin.py:188} INFO - [2024-02-10T18:00:01.310+0000] {dag.py:3823} INFO - Setting next_dagrun for example_bash_operator to 2024-02-09 00:00:00+00:00, run_after=2024-02-10 00:00:00+00:00
[2024-02-10T18:00:01.355+0000] {processor.py:183} INFO - Processing /home/airflow/.local/lib/python3.8/site-packages/airflow/example_dags/example_bash_operator.py took 0.402 seconds
[2024-02-10T18:00:31.405+0000] {processor.py:161} INFO - Started process (PID=1964) to work on /home/airflow/.local/lib/python3.8/site-packages/airflow/example_dags/example_bash_operator.py
[2024-02-10T18:00:31.405+0000] {processor.py:830} INFO - Processing file /home/airflow/.local/lib/python3.8/site-packages/airflow/example_dags/example_bash_operator.py for tasks to queue
[2024-02-10T18:00:31.407+0000] {logging_mixin.py:188} INFO - [2024-02-10T18:00:31.407+0000] {dagbag.py:538} INFO - Filling up the DagBag from /home/airflow/.local/lib/python3.8/site-packages/airflow/example_dags/example_bash_operator.py
[2024-02-10T18:00:31.416+0000] {processor.py:840} INFO - DAG(s) 'example_bash_operator' retrieved from /home/airflow/.local/lib/python3.8/site-packages/airflow/example_dags/example_bash_operator.py
[2024-02-10T18:00:31.439+0000] {logging_mixin.py:188} INFO - [2024-02-10T18:00:31.439+0000] {dag.py:3036} INFO - Sync 1 DAGs
[2024-02-10T18:00:31.457+0000] {logging_mixin.py:188} INFO - [2024-02-10T18:00:31.457+0000] {dag.py:3823} INFO - Setting next_dagrun for example_bash_operator to 2024-02-09 00:00:00+00:00, run_after=2024-02-10 00:00:00+00:00
[2024-02-10T18:00:31.476+0000] {processor.py:183} INFO - Processing /home/airflow/.local/lib/python3.8/site-packages/airflow/example_dags/example_bash_operator.py took 0.074 seconds
[2024-02-10T18:01:01.547+0000] {processor.py:161} INFO - Started process (PID=2019) to work on /home/airflow/.local/lib/python3.8/site-packages/airflow/example_dags/example_bash_operator.py
[2024-02-10T18:01:01.547+0000] {processor.py:830} INFO - Processing file /home/airflow/.local/lib/python3.8/site-packages/airflow/example_dags/example_bash_operator.py for tasks to queue
[2024-02-10T18:01:01.549+0000] {logging_mixin.py:188} INFO - [2024-02-10T18:01:01.548+0000] {dagbag.py:538} INFO - Filling up the DagBag from /home/airflow/.local/lib/python3.8/site-packages/airflow/example_dags/example_bash_operator.py
[2024-02-10T18:01:01.558+0000] {processor.py:840} INFO - DAG(s) 'example_bash_operator' retrieved from /home/airflow/.local/lib/python3.8/site-packages/airflow/example_dags/example_bash_operator.py
[2024-02-10T18:01:01.610+0000] {logging_mixin.py:188} INFO - [2024-02-10T18:01:01.609+0000] {dag.py:3036} INFO - Sync 1 DAGs
[2024-02-10T18:01:01.664+0000] {logging_mixin.py:188} INFO - [2024-02-10T18:01:01.663+0000] {dag.py:3823} INFO - Setting next_dagrun for example_bash_operator to 2024-02-09 00:00:00+00:00, run_after=2024-02-10 00:00:00+00:00
[2024-02-10T18:01:01.719+0000] {processor.py:183} INFO - Processing /home/airflow/.local/lib/python3.8/site-packages/airflow/example_dags/example_bash_operator.py took 0.175 seconds
[2024-02-10T18:01:32.202+0000] {processor.py:161} INFO - Started process (PID=2074) to work on /home/airflow/.local/lib/python3.8/site-packages/airflow/example_dags/example_bash_operator.py
[2024-02-10T18:01:32.203+0000] {processor.py:830} INFO - Processing file /home/airflow/.local/lib/python3.8/site-packages/airflow/example_dags/example_bash_operator.py for tasks to queue
[2024-02-10T18:01:32.204+0000] {logging_mixin.py:188} INFO - [2024-02-10T18:01:32.204+0000] {dagbag.py:538} INFO - Filling up the DagBag from /home/airflow/.local/lib/python3.8/site-packages/airflow/example_dags/example_bash_operator.py
[2024-02-10T18:01:32.214+0000] {processor.py:840} INFO - DAG(s) 'example_bash_operator' retrieved from /home/airflow/.local/lib/python3.8/site-packages/airflow/example_dags/example_bash_operator.py
[2024-02-10T18:01:32.246+0000] {logging_mixin.py:188} INFO - [2024-02-10T18:01:32.245+0000] {dag.py:3036} INFO - Sync 1 DAGs
[2024-02-10T18:01:32.265+0000] {logging_mixin.py:188} INFO - [2024-02-10T18:01:32.264+0000] {dag.py:3823} INFO - Setting next_dagrun for example_bash_operator to 2024-02-09 00:00:00+00:00, run_after=2024-02-10 00:00:00+00:00
[2024-02-10T18:01:32.284+0000] {processor.py:183} INFO - Processing /home/airflow/.local/lib/python3.8/site-packages/airflow/example_dags/example_bash_operator.py took 0.085 seconds
[2024-02-10T18:02:02.468+0000] {processor.py:161} INFO - Started process (PID=2128) to work on /home/airflow/.local/lib/python3.8/site-packages/airflow/example_dags/example_bash_operator.py
[2024-02-10T18:02:02.469+0000] {processor.py:830} INFO - Processing file /home/airflow/.local/lib/python3.8/site-packages/airflow/example_dags/example_bash_operator.py for tasks to queue
[2024-02-10T18:02:02.471+0000] {logging_mixin.py:188} INFO - [2024-02-10T18:02:02.471+0000] {dagbag.py:538} INFO - Filling up the DagBag from /home/airflow/.local/lib/python3.8/site-packages/airflow/example_dags/example_bash_operator.py
[2024-02-10T18:02:02.483+0000] {processor.py:840} INFO - DAG(s) 'example_bash_operator' retrieved from /home/airflow/.local/lib/python3.8/site-packages/airflow/example_dags/example_bash_operator.py
[2024-02-10T18:02:02.521+0000] {logging_mixin.py:188} INFO - [2024-02-10T18:02:02.521+0000] {dag.py:3036} INFO - Sync 1 DAGs
[2024-02-10T18:02:02.553+0000] {logging_mixin.py:188} INFO - [2024-02-10T18:02:02.553+0000] {dag.py:3823} INFO - Setting next_dagrun for example_bash_operator to 2024-02-09 00:00:00+00:00, run_after=2024-02-10 00:00:00+00:00
[2024-02-10T18:02:02.601+0000] {processor.py:183} INFO - Processing /home/airflow/.local/lib/python3.8/site-packages/airflow/example_dags/example_bash_operator.py took 0.137 seconds
[2024-02-10T18:02:33.445+0000] {processor.py:161} INFO - Started process (PID=2183) to work on /home/airflow/.local/lib/python3.8/site-packages/airflow/example_dags/example_bash_operator.py
[2024-02-10T18:02:33.445+0000] {processor.py:830} INFO - Processing file /home/airflow/.local/lib/python3.8/site-packages/airflow/example_dags/example_bash_operator.py for tasks to queue
[2024-02-10T18:02:33.447+0000] {logging_mixin.py:188} INFO - [2024-02-10T18:02:33.447+0000] {dagbag.py:538} INFO - Filling up the DagBag from /home/airflow/.local/lib/python3.8/site-packages/airflow/example_dags/example_bash_operator.py
[2024-02-10T18:02:33.462+0000] {processor.py:840} INFO - DAG(s) 'example_bash_operator' retrieved from /home/airflow/.local/lib/python3.8/site-packages/airflow/example_dags/example_bash_operator.py
[2024-02-10T18:02:33.495+0000] {logging_mixin.py:188} INFO - [2024-02-10T18:02:33.495+0000] {dag.py:3036} INFO - Sync 1 DAGs
[2024-02-10T18:02:33.522+0000] {logging_mixin.py:188} INFO - [2024-02-10T18:02:33.522+0000] {dag.py:3823} INFO - Setting next_dagrun for example_bash_operator to 2024-02-09 00:00:00+00:00, run_after=2024-02-10 00:00:00+00:00
[2024-02-10T18:02:33.582+0000] {processor.py:183} INFO - Processing /home/airflow/.local/lib/python3.8/site-packages/airflow/example_dags/example_bash_operator.py took 0.141 seconds
[2024-02-10T18:03:04.068+0000] {processor.py:161} INFO - Started process (PID=2239) to work on /home/airflow/.local/lib/python3.8/site-packages/airflow/example_dags/example_bash_operator.py
[2024-02-10T18:03:04.068+0000] {processor.py:830} INFO - Processing file /home/airflow/.local/lib/python3.8/site-packages/airflow/example_dags/example_bash_operator.py for tasks to queue
[2024-02-10T18:03:04.070+0000] {logging_mixin.py:188} INFO - [2024-02-10T18:03:04.069+0000] {dagbag.py:538} INFO - Filling up the DagBag from /home/airflow/.local/lib/python3.8/site-packages/airflow/example_dags/example_bash_operator.py
[2024-02-10T18:03:04.082+0000] {processor.py:840} INFO - DAG(s) 'example_bash_operator' retrieved from /home/airflow/.local/lib/python3.8/site-packages/airflow/example_dags/example_bash_operator.py
[2024-02-10T18:03:04.109+0000] {logging_mixin.py:188} INFO - [2024-02-10T18:03:04.109+0000] {dag.py:3036} INFO - Sync 1 DAGs
[2024-02-10T18:03:04.128+0000] {logging_mixin.py:188} INFO - [2024-02-10T18:03:04.128+0000] {dag.py:3823} INFO - Setting next_dagrun for example_bash_operator to 2024-02-09 00:00:00+00:00, run_after=2024-02-10 00:00:00+00:00
[2024-02-10T18:03:04.148+0000] {processor.py:183} INFO - Processing /home/airflow/.local/lib/python3.8/site-packages/airflow/example_dags/example_bash_operator.py took 0.082 seconds
[2024-02-10T18:03:34.304+0000] {processor.py:161} INFO - Started process (PID=2294) to work on /home/airflow/.local/lib/python3.8/site-packages/airflow/example_dags/example_bash_operator.py
[2024-02-10T18:03:34.305+0000] {processor.py:830} INFO - Processing file /home/airflow/.local/lib/python3.8/site-packages/airflow/example_dags/example_bash_operator.py for tasks to queue
[2024-02-10T18:03:34.306+0000] {logging_mixin.py:188} INFO - [2024-02-10T18:03:34.306+0000] {dagbag.py:538} INFO - Filling up the DagBag from /home/airflow/.local/lib/python3.8/site-packages/airflow/example_dags/example_bash_operator.py
[2024-02-10T18:03:34.323+0000] {processor.py:840} INFO - DAG(s) 'example_bash_operator' retrieved from /home/airflow/.local/lib/python3.8/site-packages/airflow/example_dags/example_bash_operator.py
[2024-02-10T18:03:34.361+0000] {logging_mixin.py:188} INFO - [2024-02-10T18:03:34.360+0000] {dag.py:3036} INFO - Sync 1 DAGs
[2024-02-10T18:03:34.388+0000] {logging_mixin.py:188} INFO - [2024-02-10T18:03:34.388+0000] {dag.py:3823} INFO - Setting next_dagrun for example_bash_operator to 2024-02-09 00:00:00+00:00, run_after=2024-02-10 00:00:00+00:00
[2024-02-10T18:03:34.424+0000] {processor.py:183} INFO - Processing /home/airflow/.local/lib/python3.8/site-packages/airflow/example_dags/example_bash_operator.py took 0.124 seconds
[2024-02-10T18:04:04.681+0000] {processor.py:161} INFO - Started process (PID=2349) to work on /home/airflow/.local/lib/python3.8/site-packages/airflow/example_dags/example_bash_operator.py
[2024-02-10T18:04:04.681+0000] {processor.py:830} INFO - Processing file /home/airflow/.local/lib/python3.8/site-packages/airflow/example_dags/example_bash_operator.py for tasks to queue
[2024-02-10T18:04:04.683+0000] {logging_mixin.py:188} INFO - [2024-02-10T18:04:04.683+0000] {dagbag.py:538} INFO - Filling up the DagBag from /home/airflow/.local/lib/python3.8/site-packages/airflow/example_dags/example_bash_operator.py
[2024-02-10T18:04:04.705+0000] {processor.py:840} INFO - DAG(s) 'example_bash_operator' retrieved from /home/airflow/.local/lib/python3.8/site-packages/airflow/example_dags/example_bash_operator.py
[2024-02-10T18:04:04.744+0000] {logging_mixin.py:188} INFO - [2024-02-10T18:04:04.743+0000] {dag.py:3036} INFO - Sync 1 DAGs
[2024-02-10T18:04:04.768+0000] {logging_mixin.py:188} INFO - [2024-02-10T18:04:04.768+0000] {dag.py:3823} INFO - Setting next_dagrun for example_bash_operator to 2024-02-09 00:00:00+00:00, run_after=2024-02-10 00:00:00+00:00
[2024-02-10T18:04:04.790+0000] {processor.py:183} INFO - Processing /home/airflow/.local/lib/python3.8/site-packages/airflow/example_dags/example_bash_operator.py took 0.118 seconds
[2024-02-10T18:04:34.892+0000] {processor.py:161} INFO - Started process (PID=2405) to work on /home/airflow/.local/lib/python3.8/site-packages/airflow/example_dags/example_bash_operator.py
[2024-02-10T18:04:34.892+0000] {processor.py:830} INFO - Processing file /home/airflow/.local/lib/python3.8/site-packages/airflow/example_dags/example_bash_operator.py for tasks to queue
[2024-02-10T18:04:34.894+0000] {logging_mixin.py:188} INFO - [2024-02-10T18:04:34.894+0000] {dagbag.py:538} INFO - Filling up the DagBag from /home/airflow/.local/lib/python3.8/site-packages/airflow/example_dags/example_bash_operator.py
[2024-02-10T18:04:34.916+0000] {processor.py:840} INFO - DAG(s) 'example_bash_operator' retrieved from /home/airflow/.local/lib/python3.8/site-packages/airflow/example_dags/example_bash_operator.py
[2024-02-10T18:04:34.982+0000] {logging_mixin.py:188} INFO - [2024-02-10T18:04:34.981+0000] {dag.py:3036} INFO - Sync 1 DAGs
[2024-02-10T18:04:35.015+0000] {logging_mixin.py:188} INFO - [2024-02-10T18:04:35.015+0000] {dag.py:3823} INFO - Setting next_dagrun for example_bash_operator to 2024-02-09 00:00:00+00:00, run_after=2024-02-10 00:00:00+00:00
[2024-02-10T18:04:35.038+0000] {processor.py:183} INFO - Processing /home/airflow/.local/lib/python3.8/site-packages/airflow/example_dags/example_bash_operator.py took 0.150 seconds
[2024-02-10T18:05:05.190+0000] {processor.py:161} INFO - Started process (PID=2459) to work on /home/airflow/.local/lib/python3.8/site-packages/airflow/example_dags/example_bash_operator.py
[2024-02-10T18:05:05.191+0000] {processor.py:830} INFO - Processing file /home/airflow/.local/lib/python3.8/site-packages/airflow/example_dags/example_bash_operator.py for tasks to queue
[2024-02-10T18:05:05.193+0000] {logging_mixin.py:188} INFO - [2024-02-10T18:05:05.192+0000] {dagbag.py:538} INFO - Filling up the DagBag from /home/airflow/.local/lib/python3.8/site-packages/airflow/example_dags/example_bash_operator.py
[2024-02-10T18:05:05.207+0000] {processor.py:840} INFO - DAG(s) 'example_bash_operator' retrieved from /home/airflow/.local/lib/python3.8/site-packages/airflow/example_dags/example_bash_operator.py
[2024-02-10T18:05:05.243+0000] {logging_mixin.py:188} INFO - [2024-02-10T18:05:05.242+0000] {dag.py:3036} INFO - Sync 1 DAGs
[2024-02-10T18:05:05.472+0000] {logging_mixin.py:188} INFO - [2024-02-10T18:05:05.472+0000] {dag.py:3823} INFO - Setting next_dagrun for example_bash_operator to 2024-02-09 00:00:00+00:00, run_after=2024-02-10 00:00:00+00:00
[2024-02-10T18:05:05.498+0000] {processor.py:183} INFO - Processing /home/airflow/.local/lib/python3.8/site-packages/airflow/example_dags/example_bash_operator.py took 0.311 seconds
[2024-02-10T18:05:35.756+0000] {processor.py:161} INFO - Started process (PID=2513) to work on /home/airflow/.local/lib/python3.8/site-packages/airflow/example_dags/example_bash_operator.py
[2024-02-10T18:05:35.757+0000] {processor.py:830} INFO - Processing file /home/airflow/.local/lib/python3.8/site-packages/airflow/example_dags/example_bash_operator.py for tasks to queue
[2024-02-10T18:05:35.759+0000] {logging_mixin.py:188} INFO - [2024-02-10T18:05:35.759+0000] {dagbag.py:538} INFO - Filling up the DagBag from /home/airflow/.local/lib/python3.8/site-packages/airflow/example_dags/example_bash_operator.py
[2024-02-10T18:05:35.773+0000] {processor.py:840} INFO - DAG(s) 'example_bash_operator' retrieved from /home/airflow/.local/lib/python3.8/site-packages/airflow/example_dags/example_bash_operator.py
[2024-02-10T18:05:35.815+0000] {logging_mixin.py:188} INFO - [2024-02-10T18:05:35.815+0000] {dag.py:3036} INFO - Sync 1 DAGs
[2024-02-10T18:05:35.840+0000] {logging_mixin.py:188} INFO - [2024-02-10T18:05:35.839+0000] {dag.py:3823} INFO - Setting next_dagrun for example_bash_operator to 2024-02-09 00:00:00+00:00, run_after=2024-02-10 00:00:00+00:00
[2024-02-10T18:05:35.862+0000] {processor.py:183} INFO - Processing /home/airflow/.local/lib/python3.8/site-packages/airflow/example_dags/example_bash_operator.py took 0.109 seconds
[2024-02-10T18:06:06.348+0000] {processor.py:161} INFO - Started process (PID=2569) to work on /home/airflow/.local/lib/python3.8/site-packages/airflow/example_dags/example_bash_operator.py
[2024-02-10T18:06:06.349+0000] {processor.py:830} INFO - Processing file /home/airflow/.local/lib/python3.8/site-packages/airflow/example_dags/example_bash_operator.py for tasks to queue
[2024-02-10T18:06:06.351+0000] {logging_mixin.py:188} INFO - [2024-02-10T18:06:06.351+0000] {dagbag.py:538} INFO - Filling up the DagBag from /home/airflow/.local/lib/python3.8/site-packages/airflow/example_dags/example_bash_operator.py
[2024-02-10T18:06:06.365+0000] {processor.py:840} INFO - DAG(s) 'example_bash_operator' retrieved from /home/airflow/.local/lib/python3.8/site-packages/airflow/example_dags/example_bash_operator.py
[2024-02-10T18:06:06.402+0000] {logging_mixin.py:188} INFO - [2024-02-10T18:06:06.402+0000] {dag.py:3036} INFO - Sync 1 DAGs
[2024-02-10T18:06:06.425+0000] {logging_mixin.py:188} INFO - [2024-02-10T18:06:06.425+0000] {dag.py:3823} INFO - Setting next_dagrun for example_bash_operator to 2024-02-09 00:00:00+00:00, run_after=2024-02-10 00:00:00+00:00
[2024-02-10T18:06:06.454+0000] {processor.py:183} INFO - Processing /home/airflow/.local/lib/python3.8/site-packages/airflow/example_dags/example_bash_operator.py took 0.109 seconds
[2024-02-10T18:06:37.324+0000] {processor.py:161} INFO - Started process (PID=2624) to work on /home/airflow/.local/lib/python3.8/site-packages/airflow/example_dags/example_bash_operator.py
[2024-02-10T18:06:37.325+0000] {processor.py:830} INFO - Processing file /home/airflow/.local/lib/python3.8/site-packages/airflow/example_dags/example_bash_operator.py for tasks to queue
[2024-02-10T18:06:37.326+0000] {logging_mixin.py:188} INFO - [2024-02-10T18:06:37.326+0000] {dagbag.py:538} INFO - Filling up the DagBag from /home/airflow/.local/lib/python3.8/site-packages/airflow/example_dags/example_bash_operator.py
[2024-02-10T18:06:37.341+0000] {processor.py:840} INFO - DAG(s) 'example_bash_operator' retrieved from /home/airflow/.local/lib/python3.8/site-packages/airflow/example_dags/example_bash_operator.py
[2024-02-10T18:06:37.377+0000] {logging_mixin.py:188} INFO - [2024-02-10T18:06:37.376+0000] {dag.py:3036} INFO - Sync 1 DAGs
[2024-02-10T18:06:37.403+0000] {logging_mixin.py:188} INFO - [2024-02-10T18:06:37.403+0000] {dag.py:3823} INFO - Setting next_dagrun for example_bash_operator to 2024-02-09 00:00:00+00:00, run_after=2024-02-10 00:00:00+00:00
[2024-02-10T18:06:37.429+0000] {processor.py:183} INFO - Processing /home/airflow/.local/lib/python3.8/site-packages/airflow/example_dags/example_bash_operator.py took 0.110 seconds
[2024-02-10T18:07:08.090+0000] {processor.py:161} INFO - Started process (PID=2679) to work on /home/airflow/.local/lib/python3.8/site-packages/airflow/example_dags/example_bash_operator.py
[2024-02-10T18:07:08.091+0000] {processor.py:830} INFO - Processing file /home/airflow/.local/lib/python3.8/site-packages/airflow/example_dags/example_bash_operator.py for tasks to queue
[2024-02-10T18:07:08.092+0000] {logging_mixin.py:188} INFO - [2024-02-10T18:07:08.092+0000] {dagbag.py:538} INFO - Filling up the DagBag from /home/airflow/.local/lib/python3.8/site-packages/airflow/example_dags/example_bash_operator.py
[2024-02-10T18:07:08.105+0000] {processor.py:840} INFO - DAG(s) 'example_bash_operator' retrieved from /home/airflow/.local/lib/python3.8/site-packages/airflow/example_dags/example_bash_operator.py
[2024-02-10T18:07:08.299+0000] {logging_mixin.py:188} INFO - [2024-02-10T18:07:08.299+0000] {dag.py:3036} INFO - Sync 1 DAGs
[2024-02-10T18:07:08.330+0000] {logging_mixin.py:188} INFO - [2024-02-10T18:07:08.329+0000] {dag.py:3823} INFO - Setting next_dagrun for example_bash_operator to 2024-02-09 00:00:00+00:00, run_after=2024-02-10 00:00:00+00:00
[2024-02-10T18:07:08.360+0000] {processor.py:183} INFO - Processing /home/airflow/.local/lib/python3.8/site-packages/airflow/example_dags/example_bash_operator.py took 0.273 seconds
[2024-02-10T18:07:38.857+0000] {processor.py:161} INFO - Started process (PID=2733) to work on /home/airflow/.local/lib/python3.8/site-packages/airflow/example_dags/example_bash_operator.py
[2024-02-10T18:07:38.858+0000] {processor.py:830} INFO - Processing file /home/airflow/.local/lib/python3.8/site-packages/airflow/example_dags/example_bash_operator.py for tasks to queue
[2024-02-10T18:07:38.860+0000] {logging_mixin.py:188} INFO - [2024-02-10T18:07:38.859+0000] {dagbag.py:538} INFO - Filling up the DagBag from /home/airflow/.local/lib/python3.8/site-packages/airflow/example_dags/example_bash_operator.py
[2024-02-10T18:07:38.874+0000] {processor.py:840} INFO - DAG(s) 'example_bash_operator' retrieved from /home/airflow/.local/lib/python3.8/site-packages/airflow/example_dags/example_bash_operator.py
[2024-02-10T18:07:38.913+0000] {logging_mixin.py:188} INFO - [2024-02-10T18:07:38.913+0000] {dag.py:3036} INFO - Sync 1 DAGs
[2024-02-10T18:07:38.939+0000] {logging_mixin.py:188} INFO - [2024-02-10T18:07:38.939+0000] {dag.py:3823} INFO - Setting next_dagrun for example_bash_operator to 2024-02-09 00:00:00+00:00, run_after=2024-02-10 00:00:00+00:00
[2024-02-10T18:07:38.985+0000] {processor.py:183} INFO - Processing /home/airflow/.local/lib/python3.8/site-packages/airflow/example_dags/example_bash_operator.py took 0.132 seconds
[2024-02-10T18:08:10.046+0000] {processor.py:161} INFO - Started process (PID=2788) to work on /home/airflow/.local/lib/python3.8/site-packages/airflow/example_dags/example_bash_operator.py
[2024-02-10T18:08:10.048+0000] {processor.py:830} INFO - Processing file /home/airflow/.local/lib/python3.8/site-packages/airflow/example_dags/example_bash_operator.py for tasks to queue
[2024-02-10T18:08:10.055+0000] {logging_mixin.py:188} INFO - [2024-02-10T18:08:10.055+0000] {dagbag.py:538} INFO - Filling up the DagBag from /home/airflow/.local/lib/python3.8/site-packages/airflow/example_dags/example_bash_operator.py
[2024-02-10T18:08:10.086+0000] {processor.py:840} INFO - DAG(s) 'example_bash_operator' retrieved from /home/airflow/.local/lib/python3.8/site-packages/airflow/example_dags/example_bash_operator.py
[2024-02-10T18:08:10.150+0000] {logging_mixin.py:188} INFO - [2024-02-10T18:08:10.149+0000] {dag.py:3036} INFO - Sync 1 DAGs
[2024-02-10T18:08:10.206+0000] {logging_mixin.py:188} INFO - [2024-02-10T18:08:10.205+0000] {dag.py:3823} INFO - Setting next_dagrun for example_bash_operator to 2024-02-09 00:00:00+00:00, run_after=2024-02-10 00:00:00+00:00
[2024-02-10T18:08:10.253+0000] {processor.py:183} INFO - Processing /home/airflow/.local/lib/python3.8/site-packages/airflow/example_dags/example_bash_operator.py took 0.217 seconds
[2024-02-10T18:08:40.328+0000] {processor.py:161} INFO - Started process (PID=2844) to work on /home/airflow/.local/lib/python3.8/site-packages/airflow/example_dags/example_bash_operator.py
[2024-02-10T18:08:40.328+0000] {processor.py:830} INFO - Processing file /home/airflow/.local/lib/python3.8/site-packages/airflow/example_dags/example_bash_operator.py for tasks to queue
[2024-02-10T18:08:40.330+0000] {logging_mixin.py:188} INFO - [2024-02-10T18:08:40.330+0000] {dagbag.py:538} INFO - Filling up the DagBag from /home/airflow/.local/lib/python3.8/site-packages/airflow/example_dags/example_bash_operator.py
[2024-02-10T18:08:40.344+0000] {processor.py:840} INFO - DAG(s) 'example_bash_operator' retrieved from /home/airflow/.local/lib/python3.8/site-packages/airflow/example_dags/example_bash_operator.py
[2024-02-10T18:08:40.376+0000] {logging_mixin.py:188} INFO - [2024-02-10T18:08:40.375+0000] {dag.py:3036} INFO - Sync 1 DAGs
[2024-02-10T18:08:40.407+0000] {logging_mixin.py:188} INFO - [2024-02-10T18:08:40.406+0000] {dag.py:3823} INFO - Setting next_dagrun for example_bash_operator to 2024-02-09 00:00:00+00:00, run_after=2024-02-10 00:00:00+00:00
[2024-02-10T18:08:40.433+0000] {processor.py:183} INFO - Processing /home/airflow/.local/lib/python3.8/site-packages/airflow/example_dags/example_bash_operator.py took 0.109 seconds
[2024-02-10T18:09:10.863+0000] {processor.py:161} INFO - Started process (PID=2900) to work on /home/airflow/.local/lib/python3.8/site-packages/airflow/example_dags/example_bash_operator.py
[2024-02-10T18:09:10.864+0000] {processor.py:830} INFO - Processing file /home/airflow/.local/lib/python3.8/site-packages/airflow/example_dags/example_bash_operator.py for tasks to queue
[2024-02-10T18:09:10.866+0000] {logging_mixin.py:188} INFO - [2024-02-10T18:09:10.865+0000] {dagbag.py:538} INFO - Filling up the DagBag from /home/airflow/.local/lib/python3.8/site-packages/airflow/example_dags/example_bash_operator.py
[2024-02-10T18:09:10.880+0000] {processor.py:840} INFO - DAG(s) 'example_bash_operator' retrieved from /home/airflow/.local/lib/python3.8/site-packages/airflow/example_dags/example_bash_operator.py
[2024-02-10T18:09:10.912+0000] {logging_mixin.py:188} INFO - [2024-02-10T18:09:10.912+0000] {dag.py:3036} INFO - Sync 1 DAGs
[2024-02-10T18:09:10.937+0000] {logging_mixin.py:188} INFO - [2024-02-10T18:09:10.937+0000] {dag.py:3823} INFO - Setting next_dagrun for example_bash_operator to 2024-02-09 00:00:00+00:00, run_after=2024-02-10 00:00:00+00:00
[2024-02-10T18:09:10.961+0000] {processor.py:183} INFO - Processing /home/airflow/.local/lib/python3.8/site-packages/airflow/example_dags/example_bash_operator.py took 0.102 seconds
[2024-02-10T18:09:41.290+0000] {processor.py:161} INFO - Started process (PID=2956) to work on /home/airflow/.local/lib/python3.8/site-packages/airflow/example_dags/example_bash_operator.py
[2024-02-10T18:09:41.291+0000] {processor.py:830} INFO - Processing file /home/airflow/.local/lib/python3.8/site-packages/airflow/example_dags/example_bash_operator.py for tasks to queue
[2024-02-10T18:09:41.293+0000] {logging_mixin.py:188} INFO - [2024-02-10T18:09:41.293+0000] {dagbag.py:538} INFO - Filling up the DagBag from /home/airflow/.local/lib/python3.8/site-packages/airflow/example_dags/example_bash_operator.py
[2024-02-10T18:09:41.306+0000] {processor.py:840} INFO - DAG(s) 'example_bash_operator' retrieved from /home/airflow/.local/lib/python3.8/site-packages/airflow/example_dags/example_bash_operator.py
[2024-02-10T18:09:41.341+0000] {logging_mixin.py:188} INFO - [2024-02-10T18:09:41.340+0000] {dag.py:3036} INFO - Sync 1 DAGs
[2024-02-10T18:09:41.372+0000] {logging_mixin.py:188} INFO - [2024-02-10T18:09:41.372+0000] {dag.py:3823} INFO - Setting next_dagrun for example_bash_operator to 2024-02-09 00:00:00+00:00, run_after=2024-02-10 00:00:00+00:00
[2024-02-10T18:09:41.406+0000] {processor.py:183} INFO - Processing /home/airflow/.local/lib/python3.8/site-packages/airflow/example_dags/example_bash_operator.py took 0.119 seconds
[2024-02-10T18:10:12.013+0000] {processor.py:161} INFO - Started process (PID=3010) to work on /home/airflow/.local/lib/python3.8/site-packages/airflow/example_dags/example_bash_operator.py
[2024-02-10T18:10:12.013+0000] {processor.py:830} INFO - Processing file /home/airflow/.local/lib/python3.8/site-packages/airflow/example_dags/example_bash_operator.py for tasks to queue
[2024-02-10T18:10:12.015+0000] {logging_mixin.py:188} INFO - [2024-02-10T18:10:12.015+0000] {dagbag.py:538} INFO - Filling up the DagBag from /home/airflow/.local/lib/python3.8/site-packages/airflow/example_dags/example_bash_operator.py
[2024-02-10T18:10:12.029+0000] {processor.py:840} INFO - DAG(s) 'example_bash_operator' retrieved from /home/airflow/.local/lib/python3.8/site-packages/airflow/example_dags/example_bash_operator.py
[2024-02-10T18:10:12.064+0000] {logging_mixin.py:188} INFO - [2024-02-10T18:10:12.064+0000] {dag.py:3036} INFO - Sync 1 DAGs
[2024-02-10T18:10:12.089+0000] {logging_mixin.py:188} INFO - [2024-02-10T18:10:12.089+0000] {dag.py:3823} INFO - Setting next_dagrun for example_bash_operator to 2024-02-09 00:00:00+00:00, run_after=2024-02-10 00:00:00+00:00
[2024-02-10T18:10:12.112+0000] {processor.py:183} INFO - Processing /home/airflow/.local/lib/python3.8/site-packages/airflow/example_dags/example_bash_operator.py took 0.103 seconds
[2024-02-10T18:10:43.003+0000] {processor.py:161} INFO - Started process (PID=3065) to work on /home/airflow/.local/lib/python3.8/site-packages/airflow/example_dags/example_bash_operator.py
[2024-02-10T18:10:43.004+0000] {processor.py:830} INFO - Processing file /home/airflow/.local/lib/python3.8/site-packages/airflow/example_dags/example_bash_operator.py for tasks to queue
[2024-02-10T18:10:43.006+0000] {logging_mixin.py:188} INFO - [2024-02-10T18:10:43.006+0000] {dagbag.py:538} INFO - Filling up the DagBag from /home/airflow/.local/lib/python3.8/site-packages/airflow/example_dags/example_bash_operator.py
[2024-02-10T18:10:43.022+0000] {processor.py:840} INFO - DAG(s) 'example_bash_operator' retrieved from /home/airflow/.local/lib/python3.8/site-packages/airflow/example_dags/example_bash_operator.py
[2024-02-10T18:10:43.055+0000] {logging_mixin.py:188} INFO - [2024-02-10T18:10:43.055+0000] {dag.py:3036} INFO - Sync 1 DAGs
[2024-02-10T18:10:43.082+0000] {logging_mixin.py:188} INFO - [2024-02-10T18:10:43.082+0000] {dag.py:3823} INFO - Setting next_dagrun for example_bash_operator to 2024-02-09 00:00:00+00:00, run_after=2024-02-10 00:00:00+00:00
[2024-02-10T18:10:43.108+0000] {processor.py:183} INFO - Processing /home/airflow/.local/lib/python3.8/site-packages/airflow/example_dags/example_bash_operator.py took 0.108 seconds
[2024-02-10T18:11:13.586+0000] {processor.py:161} INFO - Started process (PID=3119) to work on /home/airflow/.local/lib/python3.8/site-packages/airflow/example_dags/example_bash_operator.py
[2024-02-10T18:11:13.586+0000] {processor.py:830} INFO - Processing file /home/airflow/.local/lib/python3.8/site-packages/airflow/example_dags/example_bash_operator.py for tasks to queue
[2024-02-10T18:11:13.588+0000] {logging_mixin.py:188} INFO - [2024-02-10T18:11:13.588+0000] {dagbag.py:538} INFO - Filling up the DagBag from /home/airflow/.local/lib/python3.8/site-packages/airflow/example_dags/example_bash_operator.py
[2024-02-10T18:11:13.602+0000] {processor.py:840} INFO - DAG(s) 'example_bash_operator' retrieved from /home/airflow/.local/lib/python3.8/site-packages/airflow/example_dags/example_bash_operator.py
[2024-02-10T18:11:13.635+0000] {logging_mixin.py:188} INFO - [2024-02-10T18:11:13.635+0000] {dag.py:3036} INFO - Sync 1 DAGs
[2024-02-10T18:11:13.663+0000] {logging_mixin.py:188} INFO - [2024-02-10T18:11:13.663+0000] {dag.py:3823} INFO - Setting next_dagrun for example_bash_operator to 2024-02-09 00:00:00+00:00, run_after=2024-02-10 00:00:00+00:00
[2024-02-10T18:11:13.689+0000] {processor.py:183} INFO - Processing /home/airflow/.local/lib/python3.8/site-packages/airflow/example_dags/example_bash_operator.py took 0.107 seconds
[2024-02-10T18:11:44.151+0000] {processor.py:161} INFO - Started process (PID=3175) to work on /home/airflow/.local/lib/python3.8/site-packages/airflow/example_dags/example_bash_operator.py
[2024-02-10T18:11:44.152+0000] {processor.py:830} INFO - Processing file /home/airflow/.local/lib/python3.8/site-packages/airflow/example_dags/example_bash_operator.py for tasks to queue
[2024-02-10T18:11:44.154+0000] {logging_mixin.py:188} INFO - [2024-02-10T18:11:44.154+0000] {dagbag.py:538} INFO - Filling up the DagBag from /home/airflow/.local/lib/python3.8/site-packages/airflow/example_dags/example_bash_operator.py
[2024-02-10T18:11:44.168+0000] {processor.py:840} INFO - DAG(s) 'example_bash_operator' retrieved from /home/airflow/.local/lib/python3.8/site-packages/airflow/example_dags/example_bash_operator.py
[2024-02-10T18:11:44.199+0000] {logging_mixin.py:188} INFO - [2024-02-10T18:11:44.199+0000] {dag.py:3036} INFO - Sync 1 DAGs
[2024-02-10T18:11:44.223+0000] {logging_mixin.py:188} INFO - [2024-02-10T18:11:44.223+0000] {dag.py:3823} INFO - Setting next_dagrun for example_bash_operator to 2024-02-09 00:00:00+00:00, run_after=2024-02-10 00:00:00+00:00
[2024-02-10T18:11:44.251+0000] {processor.py:183} INFO - Processing /home/airflow/.local/lib/python3.8/site-packages/airflow/example_dags/example_bash_operator.py took 0.104 seconds
[2024-02-10T18:12:14.783+0000] {processor.py:161} INFO - Started process (PID=3230) to work on /home/airflow/.local/lib/python3.8/site-packages/airflow/example_dags/example_bash_operator.py
[2024-02-10T18:12:14.784+0000] {processor.py:830} INFO - Processing file /home/airflow/.local/lib/python3.8/site-packages/airflow/example_dags/example_bash_operator.py for tasks to queue
[2024-02-10T18:12:14.785+0000] {logging_mixin.py:188} INFO - [2024-02-10T18:12:14.785+0000] {dagbag.py:538} INFO - Filling up the DagBag from /home/airflow/.local/lib/python3.8/site-packages/airflow/example_dags/example_bash_operator.py
[2024-02-10T18:12:14.800+0000] {processor.py:840} INFO - DAG(s) 'example_bash_operator' retrieved from /home/airflow/.local/lib/python3.8/site-packages/airflow/example_dags/example_bash_operator.py
[2024-02-10T18:12:14.833+0000] {logging_mixin.py:188} INFO - [2024-02-10T18:12:14.833+0000] {dag.py:3036} INFO - Sync 1 DAGs
[2024-02-10T18:12:14.860+0000] {logging_mixin.py:188} INFO - [2024-02-10T18:12:14.860+0000] {dag.py:3823} INFO - Setting next_dagrun for example_bash_operator to 2024-02-09 00:00:00+00:00, run_after=2024-02-10 00:00:00+00:00
[2024-02-10T18:12:14.885+0000] {processor.py:183} INFO - Processing /home/airflow/.local/lib/python3.8/site-packages/airflow/example_dags/example_bash_operator.py took 0.107 seconds
[2024-02-10T18:12:45.065+0000] {processor.py:161} INFO - Started process (PID=3286) to work on /home/airflow/.local/lib/python3.8/site-packages/airflow/example_dags/example_bash_operator.py
[2024-02-10T18:12:45.066+0000] {processor.py:830} INFO - Processing file /home/airflow/.local/lib/python3.8/site-packages/airflow/example_dags/example_bash_operator.py for tasks to queue
[2024-02-10T18:12:45.068+0000] {logging_mixin.py:188} INFO - [2024-02-10T18:12:45.067+0000] {dagbag.py:538} INFO - Filling up the DagBag from /home/airflow/.local/lib/python3.8/site-packages/airflow/example_dags/example_bash_operator.py
[2024-02-10T18:12:45.082+0000] {processor.py:840} INFO - DAG(s) 'example_bash_operator' retrieved from /home/airflow/.local/lib/python3.8/site-packages/airflow/example_dags/example_bash_operator.py
[2024-02-10T18:12:45.114+0000] {logging_mixin.py:188} INFO - [2024-02-10T18:12:45.114+0000] {dag.py:3036} INFO - Sync 1 DAGs
[2024-02-10T18:12:45.141+0000] {logging_mixin.py:188} INFO - [2024-02-10T18:12:45.141+0000] {dag.py:3823} INFO - Setting next_dagrun for example_bash_operator to 2024-02-09 00:00:00+00:00, run_after=2024-02-10 00:00:00+00:00
[2024-02-10T18:12:45.166+0000] {processor.py:183} INFO - Processing /home/airflow/.local/lib/python3.8/site-packages/airflow/example_dags/example_bash_operator.py took 0.104 seconds
[2024-02-10T18:13:15.646+0000] {processor.py:161} INFO - Started process (PID=3341) to work on /home/airflow/.local/lib/python3.8/site-packages/airflow/example_dags/example_bash_operator.py
[2024-02-10T18:13:15.647+0000] {processor.py:830} INFO - Processing file /home/airflow/.local/lib/python3.8/site-packages/airflow/example_dags/example_bash_operator.py for tasks to queue
[2024-02-10T18:13:15.649+0000] {logging_mixin.py:188} INFO - [2024-02-10T18:13:15.649+0000] {dagbag.py:538} INFO - Filling up the DagBag from /home/airflow/.local/lib/python3.8/site-packages/airflow/example_dags/example_bash_operator.py
[2024-02-10T18:13:15.664+0000] {processor.py:840} INFO - DAG(s) 'example_bash_operator' retrieved from /home/airflow/.local/lib/python3.8/site-packages/airflow/example_dags/example_bash_operator.py
[2024-02-10T18:13:15.696+0000] {logging_mixin.py:188} INFO - [2024-02-10T18:13:15.695+0000] {dag.py:3036} INFO - Sync 1 DAGs
[2024-02-10T18:13:15.722+0000] {logging_mixin.py:188} INFO - [2024-02-10T18:13:15.721+0000] {dag.py:3823} INFO - Setting next_dagrun for example_bash_operator to 2024-02-09 00:00:00+00:00, run_after=2024-02-10 00:00:00+00:00
[2024-02-10T18:13:15.746+0000] {processor.py:183} INFO - Processing /home/airflow/.local/lib/python3.8/site-packages/airflow/example_dags/example_bash_operator.py took 0.104 seconds
[2024-02-10T18:13:46.050+0000] {processor.py:161} INFO - Started process (PID=3397) to work on /home/airflow/.local/lib/python3.8/site-packages/airflow/example_dags/example_bash_operator.py
[2024-02-10T18:13:46.051+0000] {processor.py:830} INFO - Processing file /home/airflow/.local/lib/python3.8/site-packages/airflow/example_dags/example_bash_operator.py for tasks to queue
[2024-02-10T18:13:46.054+0000] {logging_mixin.py:188} INFO - [2024-02-10T18:13:46.053+0000] {dagbag.py:538} INFO - Filling up the DagBag from /home/airflow/.local/lib/python3.8/site-packages/airflow/example_dags/example_bash_operator.py
[2024-02-10T18:13:46.067+0000] {processor.py:840} INFO - DAG(s) 'example_bash_operator' retrieved from /home/airflow/.local/lib/python3.8/site-packages/airflow/example_dags/example_bash_operator.py
[2024-02-10T18:13:46.099+0000] {logging_mixin.py:188} INFO - [2024-02-10T18:13:46.099+0000] {dag.py:3036} INFO - Sync 1 DAGs
[2024-02-10T18:13:46.127+0000] {logging_mixin.py:188} INFO - [2024-02-10T18:13:46.126+0000] {dag.py:3823} INFO - Setting next_dagrun for example_bash_operator to 2024-02-09 00:00:00+00:00, run_after=2024-02-10 00:00:00+00:00
[2024-02-10T18:13:46.155+0000] {processor.py:183} INFO - Processing /home/airflow/.local/lib/python3.8/site-packages/airflow/example_dags/example_bash_operator.py took 0.108 seconds
[2024-02-10T18:14:16.443+0000] {processor.py:161} INFO - Started process (PID=3452) to work on /home/airflow/.local/lib/python3.8/site-packages/airflow/example_dags/example_bash_operator.py
[2024-02-10T18:14:16.452+0000] {processor.py:830} INFO - Processing file /home/airflow/.local/lib/python3.8/site-packages/airflow/example_dags/example_bash_operator.py for tasks to queue
[2024-02-10T18:14:16.465+0000] {logging_mixin.py:188} INFO - [2024-02-10T18:14:16.463+0000] {dagbag.py:538} INFO - Filling up the DagBag from /home/airflow/.local/lib/python3.8/site-packages/airflow/example_dags/example_bash_operator.py
[2024-02-10T18:14:16.507+0000] {processor.py:840} INFO - DAG(s) 'example_bash_operator' retrieved from /home/airflow/.local/lib/python3.8/site-packages/airflow/example_dags/example_bash_operator.py
[2024-02-10T18:14:16.559+0000] {logging_mixin.py:188} INFO - [2024-02-10T18:14:16.559+0000] {dag.py:3036} INFO - Sync 1 DAGs
[2024-02-10T18:14:16.610+0000] {logging_mixin.py:188} INFO - [2024-02-10T18:14:16.610+0000] {dag.py:3823} INFO - Setting next_dagrun for example_bash_operator to 2024-02-09 00:00:00+00:00, run_after=2024-02-10 00:00:00+00:00
[2024-02-10T18:14:16.652+0000] {processor.py:183} INFO - Processing /home/airflow/.local/lib/python3.8/site-packages/airflow/example_dags/example_bash_operator.py took 0.214 seconds
[2024-02-10T18:14:47.335+0000] {processor.py:161} INFO - Started process (PID=3507) to work on /home/airflow/.local/lib/python3.8/site-packages/airflow/example_dags/example_bash_operator.py
[2024-02-10T18:14:47.335+0000] {processor.py:830} INFO - Processing file /home/airflow/.local/lib/python3.8/site-packages/airflow/example_dags/example_bash_operator.py for tasks to queue
[2024-02-10T18:14:47.337+0000] {logging_mixin.py:188} INFO - [2024-02-10T18:14:47.337+0000] {dagbag.py:538} INFO - Filling up the DagBag from /home/airflow/.local/lib/python3.8/site-packages/airflow/example_dags/example_bash_operator.py
[2024-02-10T18:14:47.352+0000] {processor.py:840} INFO - DAG(s) 'example_bash_operator' retrieved from /home/airflow/.local/lib/python3.8/site-packages/airflow/example_dags/example_bash_operator.py
[2024-02-10T18:14:47.412+0000] {logging_mixin.py:188} INFO - [2024-02-10T18:14:47.412+0000] {dag.py:3036} INFO - Sync 1 DAGs
[2024-02-10T18:14:47.453+0000] {logging_mixin.py:188} INFO - [2024-02-10T18:14:47.452+0000] {dag.py:3823} INFO - Setting next_dagrun for example_bash_operator to 2024-02-09 00:00:00+00:00, run_after=2024-02-10 00:00:00+00:00
[2024-02-10T18:14:47.491+0000] {processor.py:183} INFO - Processing /home/airflow/.local/lib/python3.8/site-packages/airflow/example_dags/example_bash_operator.py took 0.160 seconds
[2024-02-10T18:15:17.782+0000] {processor.py:161} INFO - Started process (PID=3562) to work on /home/airflow/.local/lib/python3.8/site-packages/airflow/example_dags/example_bash_operator.py
[2024-02-10T18:15:17.783+0000] {processor.py:830} INFO - Processing file /home/airflow/.local/lib/python3.8/site-packages/airflow/example_dags/example_bash_operator.py for tasks to queue
[2024-02-10T18:15:17.784+0000] {logging_mixin.py:188} INFO - [2024-02-10T18:15:17.784+0000] {dagbag.py:538} INFO - Filling up the DagBag from /home/airflow/.local/lib/python3.8/site-packages/airflow/example_dags/example_bash_operator.py
[2024-02-10T18:15:17.799+0000] {processor.py:840} INFO - DAG(s) 'example_bash_operator' retrieved from /home/airflow/.local/lib/python3.8/site-packages/airflow/example_dags/example_bash_operator.py
[2024-02-10T18:15:17.831+0000] {logging_mixin.py:188} INFO - [2024-02-10T18:15:17.831+0000] {dag.py:3036} INFO - Sync 1 DAGs
[2024-02-10T18:15:17.862+0000] {logging_mixin.py:188} INFO - [2024-02-10T18:15:17.862+0000] {dag.py:3823} INFO - Setting next_dagrun for example_bash_operator to 2024-02-09 00:00:00+00:00, run_after=2024-02-10 00:00:00+00:00
[2024-02-10T18:15:17.905+0000] {processor.py:183} INFO - Processing /home/airflow/.local/lib/python3.8/site-packages/airflow/example_dags/example_bash_operator.py took 0.127 seconds
[2024-02-10T18:15:48.524+0000] {processor.py:161} INFO - Started process (PID=3617) to work on /home/airflow/.local/lib/python3.8/site-packages/airflow/example_dags/example_bash_operator.py
[2024-02-10T18:15:48.525+0000] {processor.py:830} INFO - Processing file /home/airflow/.local/lib/python3.8/site-packages/airflow/example_dags/example_bash_operator.py for tasks to queue
[2024-02-10T18:15:48.531+0000] {logging_mixin.py:188} INFO - [2024-02-10T18:15:48.531+0000] {dagbag.py:538} INFO - Filling up the DagBag from /home/airflow/.local/lib/python3.8/site-packages/airflow/example_dags/example_bash_operator.py
[2024-02-10T18:15:48.567+0000] {processor.py:840} INFO - DAG(s) 'example_bash_operator' retrieved from /home/airflow/.local/lib/python3.8/site-packages/airflow/example_dags/example_bash_operator.py
[2024-02-10T18:15:48.623+0000] {logging_mixin.py:188} INFO - [2024-02-10T18:15:48.622+0000] {dag.py:3036} INFO - Sync 1 DAGs
[2024-02-10T18:15:48.649+0000] {logging_mixin.py:188} INFO - [2024-02-10T18:15:48.649+0000] {dag.py:3823} INFO - Setting next_dagrun for example_bash_operator to 2024-02-09 00:00:00+00:00, run_after=2024-02-10 00:00:00+00:00
[2024-02-10T18:15:48.674+0000] {processor.py:183} INFO - Processing /home/airflow/.local/lib/python3.8/site-packages/airflow/example_dags/example_bash_operator.py took 0.170 seconds
