[2024-02-10T17:43:06.536+0000] {processor.py:161} INFO - Started process (PID=61) to work on /home/airflow/.local/lib/python3.8/site-packages/airflow/example_dags/tutorial_dag.py
[2024-02-10T17:43:06.537+0000] {processor.py:830} INFO - Processing file /home/airflow/.local/lib/python3.8/site-packages/airflow/example_dags/tutorial_dag.py for tasks to queue
[2024-02-10T17:43:06.538+0000] {logging_mixin.py:188} INFO - [2024-02-10T17:43:06.538+0000] {dagbag.py:538} INFO - Filling up the DagBag from /home/airflow/.local/lib/python3.8/site-packages/airflow/example_dags/tutorial_dag.py
[2024-02-10T17:43:06.545+0000] {processor.py:840} INFO - DAG(s) 'tutorial_dag' retrieved from /home/airflow/.local/lib/python3.8/site-packages/airflow/example_dags/tutorial_dag.py
[2024-02-10T17:43:07.094+0000] {logging_mixin.py:188} INFO - [2024-02-10T17:43:07.094+0000] {dag.py:3036} INFO - Sync 1 DAGs
[2024-02-10T17:43:07.144+0000] {logging_mixin.py:188} INFO - [2024-02-10T17:43:07.144+0000] {dag.py:3823} INFO - Setting next_dagrun for tutorial_dag to None, run_after=None
[2024-02-10T17:43:07.224+0000] {processor.py:183} INFO - Processing /home/airflow/.local/lib/python3.8/site-packages/airflow/example_dags/tutorial_dag.py took 0.693 seconds
[2024-02-10T17:43:37.550+0000] {processor.py:161} INFO - Started process (PID=116) to work on /home/airflow/.local/lib/python3.8/site-packages/airflow/example_dags/tutorial_dag.py
[2024-02-10T17:43:37.552+0000] {processor.py:830} INFO - Processing file /home/airflow/.local/lib/python3.8/site-packages/airflow/example_dags/tutorial_dag.py for tasks to queue
[2024-02-10T17:43:37.557+0000] {logging_mixin.py:188} INFO - [2024-02-10T17:43:37.557+0000] {dagbag.py:538} INFO - Filling up the DagBag from /home/airflow/.local/lib/python3.8/site-packages/airflow/example_dags/tutorial_dag.py
[2024-02-10T17:43:37.564+0000] {processor.py:840} INFO - DAG(s) 'tutorial_dag' retrieved from /home/airflow/.local/lib/python3.8/site-packages/airflow/example_dags/tutorial_dag.py
[2024-02-10T17:43:37.586+0000] {logging_mixin.py:188} INFO - [2024-02-10T17:43:37.585+0000] {dag.py:3036} INFO - Sync 1 DAGs
[2024-02-10T17:43:37.597+0000] {logging_mixin.py:188} INFO - [2024-02-10T17:43:37.597+0000] {dag.py:3823} INFO - Setting next_dagrun for tutorial_dag to None, run_after=None
[2024-02-10T17:43:37.619+0000] {processor.py:183} INFO - Processing /home/airflow/.local/lib/python3.8/site-packages/airflow/example_dags/tutorial_dag.py took 0.077 seconds
[2024-02-10T17:44:07.903+0000] {processor.py:161} INFO - Started process (PID=171) to work on /home/airflow/.local/lib/python3.8/site-packages/airflow/example_dags/tutorial_dag.py
[2024-02-10T17:44:07.905+0000] {processor.py:830} INFO - Processing file /home/airflow/.local/lib/python3.8/site-packages/airflow/example_dags/tutorial_dag.py for tasks to queue
[2024-02-10T17:44:07.907+0000] {logging_mixin.py:188} INFO - [2024-02-10T17:44:07.907+0000] {dagbag.py:538} INFO - Filling up the DagBag from /home/airflow/.local/lib/python3.8/site-packages/airflow/example_dags/tutorial_dag.py
[2024-02-10T17:44:07.913+0000] {processor.py:840} INFO - DAG(s) 'tutorial_dag' retrieved from /home/airflow/.local/lib/python3.8/site-packages/airflow/example_dags/tutorial_dag.py
[2024-02-10T17:44:07.945+0000] {logging_mixin.py:188} INFO - [2024-02-10T17:44:07.945+0000] {dag.py:3036} INFO - Sync 1 DAGs
[2024-02-10T17:44:07.954+0000] {logging_mixin.py:188} INFO - [2024-02-10T17:44:07.954+0000] {dag.py:3823} INFO - Setting next_dagrun for tutorial_dag to None, run_after=None
[2024-02-10T17:44:07.975+0000] {processor.py:183} INFO - Processing /home/airflow/.local/lib/python3.8/site-packages/airflow/example_dags/tutorial_dag.py took 0.075 seconds
[2024-02-10T17:44:38.560+0000] {processor.py:161} INFO - Started process (PID=226) to work on /home/airflow/.local/lib/python3.8/site-packages/airflow/example_dags/tutorial_dag.py
[2024-02-10T17:44:38.561+0000] {processor.py:830} INFO - Processing file /home/airflow/.local/lib/python3.8/site-packages/airflow/example_dags/tutorial_dag.py for tasks to queue
[2024-02-10T17:44:38.562+0000] {logging_mixin.py:188} INFO - [2024-02-10T17:44:38.562+0000] {dagbag.py:538} INFO - Filling up the DagBag from /home/airflow/.local/lib/python3.8/site-packages/airflow/example_dags/tutorial_dag.py
[2024-02-10T17:44:38.567+0000] {processor.py:840} INFO - DAG(s) 'tutorial_dag' retrieved from /home/airflow/.local/lib/python3.8/site-packages/airflow/example_dags/tutorial_dag.py
[2024-02-10T17:44:38.583+0000] {logging_mixin.py:188} INFO - [2024-02-10T17:44:38.583+0000] {dag.py:3036} INFO - Sync 1 DAGs
[2024-02-10T17:44:38.593+0000] {logging_mixin.py:188} INFO - [2024-02-10T17:44:38.592+0000] {dag.py:3823} INFO - Setting next_dagrun for tutorial_dag to None, run_after=None
[2024-02-10T17:44:38.612+0000] {processor.py:183} INFO - Processing /home/airflow/.local/lib/python3.8/site-packages/airflow/example_dags/tutorial_dag.py took 0.054 seconds
[2024-02-10T17:45:09.048+0000] {processor.py:161} INFO - Started process (PID=281) to work on /home/airflow/.local/lib/python3.8/site-packages/airflow/example_dags/tutorial_dag.py
[2024-02-10T17:45:09.049+0000] {processor.py:830} INFO - Processing file /home/airflow/.local/lib/python3.8/site-packages/airflow/example_dags/tutorial_dag.py for tasks to queue
[2024-02-10T17:45:09.051+0000] {logging_mixin.py:188} INFO - [2024-02-10T17:45:09.050+0000] {dagbag.py:538} INFO - Filling up the DagBag from /home/airflow/.local/lib/python3.8/site-packages/airflow/example_dags/tutorial_dag.py
[2024-02-10T17:45:09.055+0000] {processor.py:840} INFO - DAG(s) 'tutorial_dag' retrieved from /home/airflow/.local/lib/python3.8/site-packages/airflow/example_dags/tutorial_dag.py
[2024-02-10T17:45:09.072+0000] {logging_mixin.py:188} INFO - [2024-02-10T17:45:09.072+0000] {dag.py:3036} INFO - Sync 1 DAGs
[2024-02-10T17:45:09.081+0000] {logging_mixin.py:188} INFO - [2024-02-10T17:45:09.081+0000] {dag.py:3823} INFO - Setting next_dagrun for tutorial_dag to None, run_after=None
[2024-02-10T17:45:09.102+0000] {processor.py:183} INFO - Processing /home/airflow/.local/lib/python3.8/site-packages/airflow/example_dags/tutorial_dag.py took 0.056 seconds
[2024-02-10T17:45:39.419+0000] {processor.py:161} INFO - Started process (PID=335) to work on /home/airflow/.local/lib/python3.8/site-packages/airflow/example_dags/tutorial_dag.py
[2024-02-10T17:45:39.420+0000] {processor.py:830} INFO - Processing file /home/airflow/.local/lib/python3.8/site-packages/airflow/example_dags/tutorial_dag.py for tasks to queue
[2024-02-10T17:45:39.422+0000] {logging_mixin.py:188} INFO - [2024-02-10T17:45:39.421+0000] {dagbag.py:538} INFO - Filling up the DagBag from /home/airflow/.local/lib/python3.8/site-packages/airflow/example_dags/tutorial_dag.py
[2024-02-10T17:45:39.428+0000] {processor.py:840} INFO - DAG(s) 'tutorial_dag' retrieved from /home/airflow/.local/lib/python3.8/site-packages/airflow/example_dags/tutorial_dag.py
[2024-02-10T17:45:39.449+0000] {logging_mixin.py:188} INFO - [2024-02-10T17:45:39.449+0000] {dag.py:3036} INFO - Sync 1 DAGs
[2024-02-10T17:45:39.459+0000] {logging_mixin.py:188} INFO - [2024-02-10T17:45:39.459+0000] {dag.py:3823} INFO - Setting next_dagrun for tutorial_dag to None, run_after=None
[2024-02-10T17:45:39.479+0000] {processor.py:183} INFO - Processing /home/airflow/.local/lib/python3.8/site-packages/airflow/example_dags/tutorial_dag.py took 0.062 seconds
[2024-02-10T17:46:10.472+0000] {processor.py:161} INFO - Started process (PID=391) to work on /home/airflow/.local/lib/python3.8/site-packages/airflow/example_dags/tutorial_dag.py
[2024-02-10T17:46:10.473+0000] {processor.py:830} INFO - Processing file /home/airflow/.local/lib/python3.8/site-packages/airflow/example_dags/tutorial_dag.py for tasks to queue
[2024-02-10T17:46:10.475+0000] {logging_mixin.py:188} INFO - [2024-02-10T17:46:10.475+0000] {dagbag.py:538} INFO - Filling up the DagBag from /home/airflow/.local/lib/python3.8/site-packages/airflow/example_dags/tutorial_dag.py
[2024-02-10T17:46:10.497+0000] {processor.py:840} INFO - DAG(s) 'tutorial_dag' retrieved from /home/airflow/.local/lib/python3.8/site-packages/airflow/example_dags/tutorial_dag.py
[2024-02-10T17:46:10.523+0000] {logging_mixin.py:188} INFO - [2024-02-10T17:46:10.523+0000] {dag.py:3036} INFO - Sync 1 DAGs
[2024-02-10T17:46:10.538+0000] {logging_mixin.py:188} INFO - [2024-02-10T17:46:10.537+0000] {dag.py:3823} INFO - Setting next_dagrun for tutorial_dag to None, run_after=None
[2024-02-10T17:46:10.563+0000] {processor.py:183} INFO - Processing /home/airflow/.local/lib/python3.8/site-packages/airflow/example_dags/tutorial_dag.py took 0.099 seconds
[2024-02-10T17:46:41.736+0000] {processor.py:161} INFO - Started process (PID=447) to work on /home/airflow/.local/lib/python3.8/site-packages/airflow/example_dags/tutorial_dag.py
[2024-02-10T17:46:41.751+0000] {processor.py:830} INFO - Processing file /home/airflow/.local/lib/python3.8/site-packages/airflow/example_dags/tutorial_dag.py for tasks to queue
[2024-02-10T17:46:41.759+0000] {logging_mixin.py:188} INFO - [2024-02-10T17:46:41.759+0000] {dagbag.py:538} INFO - Filling up the DagBag from /home/airflow/.local/lib/python3.8/site-packages/airflow/example_dags/tutorial_dag.py
[2024-02-10T17:46:41.776+0000] {processor.py:840} INFO - DAG(s) 'tutorial_dag' retrieved from /home/airflow/.local/lib/python3.8/site-packages/airflow/example_dags/tutorial_dag.py
[2024-02-10T17:46:41.803+0000] {logging_mixin.py:188} INFO - [2024-02-10T17:46:41.803+0000] {dag.py:3036} INFO - Sync 1 DAGs
[2024-02-10T17:46:41.816+0000] {logging_mixin.py:188} INFO - [2024-02-10T17:46:41.816+0000] {dag.py:3823} INFO - Setting next_dagrun for tutorial_dag to None, run_after=None
[2024-02-10T17:46:41.878+0000] {processor.py:183} INFO - Processing /home/airflow/.local/lib/python3.8/site-packages/airflow/example_dags/tutorial_dag.py took 0.150 seconds
[2024-02-10T17:47:12.055+0000] {processor.py:161} INFO - Started process (PID=503) to work on /home/airflow/.local/lib/python3.8/site-packages/airflow/example_dags/tutorial_dag.py
[2024-02-10T17:47:12.056+0000] {processor.py:830} INFO - Processing file /home/airflow/.local/lib/python3.8/site-packages/airflow/example_dags/tutorial_dag.py for tasks to queue
[2024-02-10T17:47:12.058+0000] {logging_mixin.py:188} INFO - [2024-02-10T17:47:12.058+0000] {dagbag.py:538} INFO - Filling up the DagBag from /home/airflow/.local/lib/python3.8/site-packages/airflow/example_dags/tutorial_dag.py
[2024-02-10T17:47:12.068+0000] {processor.py:840} INFO - DAG(s) 'tutorial_dag' retrieved from /home/airflow/.local/lib/python3.8/site-packages/airflow/example_dags/tutorial_dag.py
[2024-02-10T17:47:12.088+0000] {logging_mixin.py:188} INFO - [2024-02-10T17:47:12.088+0000] {dag.py:3036} INFO - Sync 1 DAGs
[2024-02-10T17:47:12.102+0000] {logging_mixin.py:188} INFO - [2024-02-10T17:47:12.102+0000] {dag.py:3823} INFO - Setting next_dagrun for tutorial_dag to None, run_after=None
[2024-02-10T17:47:12.127+0000] {processor.py:183} INFO - Processing /home/airflow/.local/lib/python3.8/site-packages/airflow/example_dags/tutorial_dag.py took 0.076 seconds
[2024-02-10T17:47:42.338+0000] {processor.py:161} INFO - Started process (PID=558) to work on /home/airflow/.local/lib/python3.8/site-packages/airflow/example_dags/tutorial_dag.py
[2024-02-10T17:47:42.338+0000] {processor.py:830} INFO - Processing file /home/airflow/.local/lib/python3.8/site-packages/airflow/example_dags/tutorial_dag.py for tasks to queue
[2024-02-10T17:47:42.340+0000] {logging_mixin.py:188} INFO - [2024-02-10T17:47:42.340+0000] {dagbag.py:538} INFO - Filling up the DagBag from /home/airflow/.local/lib/python3.8/site-packages/airflow/example_dags/tutorial_dag.py
[2024-02-10T17:47:42.346+0000] {processor.py:840} INFO - DAG(s) 'tutorial_dag' retrieved from /home/airflow/.local/lib/python3.8/site-packages/airflow/example_dags/tutorial_dag.py
[2024-02-10T17:47:42.367+0000] {logging_mixin.py:188} INFO - [2024-02-10T17:47:42.367+0000] {dag.py:3036} INFO - Sync 1 DAGs
[2024-02-10T17:47:42.383+0000] {logging_mixin.py:188} INFO - [2024-02-10T17:47:42.383+0000] {dag.py:3823} INFO - Setting next_dagrun for tutorial_dag to None, run_after=None
[2024-02-10T17:47:42.407+0000] {processor.py:183} INFO - Processing /home/airflow/.local/lib/python3.8/site-packages/airflow/example_dags/tutorial_dag.py took 0.073 seconds
[2024-02-10T17:48:12.559+0000] {processor.py:161} INFO - Started process (PID=615) to work on /home/airflow/.local/lib/python3.8/site-packages/airflow/example_dags/tutorial_dag.py
[2024-02-10T17:48:12.560+0000] {processor.py:830} INFO - Processing file /home/airflow/.local/lib/python3.8/site-packages/airflow/example_dags/tutorial_dag.py for tasks to queue
[2024-02-10T17:48:12.561+0000] {logging_mixin.py:188} INFO - [2024-02-10T17:48:12.561+0000] {dagbag.py:538} INFO - Filling up the DagBag from /home/airflow/.local/lib/python3.8/site-packages/airflow/example_dags/tutorial_dag.py
[2024-02-10T17:48:12.568+0000] {processor.py:840} INFO - DAG(s) 'tutorial_dag' retrieved from /home/airflow/.local/lib/python3.8/site-packages/airflow/example_dags/tutorial_dag.py
[2024-02-10T17:48:12.591+0000] {logging_mixin.py:188} INFO - [2024-02-10T17:48:12.591+0000] {dag.py:3036} INFO - Sync 1 DAGs
[2024-02-10T17:48:12.604+0000] {logging_mixin.py:188} INFO - [2024-02-10T17:48:12.604+0000] {dag.py:3823} INFO - Setting next_dagrun for tutorial_dag to None, run_after=None
[2024-02-10T17:48:12.627+0000] {processor.py:183} INFO - Processing /home/airflow/.local/lib/python3.8/site-packages/airflow/example_dags/tutorial_dag.py took 0.072 seconds
[2024-02-10T17:48:43.432+0000] {processor.py:161} INFO - Started process (PID=672) to work on /home/airflow/.local/lib/python3.8/site-packages/airflow/example_dags/tutorial_dag.py
[2024-02-10T17:48:43.432+0000] {processor.py:830} INFO - Processing file /home/airflow/.local/lib/python3.8/site-packages/airflow/example_dags/tutorial_dag.py for tasks to queue
[2024-02-10T17:48:43.434+0000] {logging_mixin.py:188} INFO - [2024-02-10T17:48:43.434+0000] {dagbag.py:538} INFO - Filling up the DagBag from /home/airflow/.local/lib/python3.8/site-packages/airflow/example_dags/tutorial_dag.py
[2024-02-10T17:48:43.440+0000] {processor.py:840} INFO - DAG(s) 'tutorial_dag' retrieved from /home/airflow/.local/lib/python3.8/site-packages/airflow/example_dags/tutorial_dag.py
[2024-02-10T17:48:43.459+0000] {logging_mixin.py:188} INFO - [2024-02-10T17:48:43.459+0000] {dag.py:3036} INFO - Sync 1 DAGs
[2024-02-10T17:48:43.475+0000] {logging_mixin.py:188} INFO - [2024-02-10T17:48:43.474+0000] {dag.py:3823} INFO - Setting next_dagrun for tutorial_dag to None, run_after=None
[2024-02-10T17:48:43.497+0000] {processor.py:183} INFO - Processing /home/airflow/.local/lib/python3.8/site-packages/airflow/example_dags/tutorial_dag.py took 0.069 seconds
[2024-02-10T17:49:14.035+0000] {processor.py:161} INFO - Started process (PID=727) to work on /home/airflow/.local/lib/python3.8/site-packages/airflow/example_dags/tutorial_dag.py
[2024-02-10T17:49:14.037+0000] {processor.py:830} INFO - Processing file /home/airflow/.local/lib/python3.8/site-packages/airflow/example_dags/tutorial_dag.py for tasks to queue
[2024-02-10T17:49:14.039+0000] {logging_mixin.py:188} INFO - [2024-02-10T17:49:14.038+0000] {dagbag.py:538} INFO - Filling up the DagBag from /home/airflow/.local/lib/python3.8/site-packages/airflow/example_dags/tutorial_dag.py
[2024-02-10T17:49:14.045+0000] {processor.py:840} INFO - DAG(s) 'tutorial_dag' retrieved from /home/airflow/.local/lib/python3.8/site-packages/airflow/example_dags/tutorial_dag.py
[2024-02-10T17:49:14.067+0000] {logging_mixin.py:188} INFO - [2024-02-10T17:49:14.066+0000] {dag.py:3036} INFO - Sync 1 DAGs
[2024-02-10T17:49:14.082+0000] {logging_mixin.py:188} INFO - [2024-02-10T17:49:14.081+0000] {dag.py:3823} INFO - Setting next_dagrun for tutorial_dag to None, run_after=None
[2024-02-10T17:49:14.114+0000] {processor.py:183} INFO - Processing /home/airflow/.local/lib/python3.8/site-packages/airflow/example_dags/tutorial_dag.py took 0.082 seconds
[2024-02-10T17:49:44.357+0000] {processor.py:161} INFO - Started process (PID=782) to work on /home/airflow/.local/lib/python3.8/site-packages/airflow/example_dags/tutorial_dag.py
[2024-02-10T17:49:44.358+0000] {processor.py:830} INFO - Processing file /home/airflow/.local/lib/python3.8/site-packages/airflow/example_dags/tutorial_dag.py for tasks to queue
[2024-02-10T17:49:44.359+0000] {logging_mixin.py:188} INFO - [2024-02-10T17:49:44.359+0000] {dagbag.py:538} INFO - Filling up the DagBag from /home/airflow/.local/lib/python3.8/site-packages/airflow/example_dags/tutorial_dag.py
[2024-02-10T17:49:44.365+0000] {processor.py:840} INFO - DAG(s) 'tutorial_dag' retrieved from /home/airflow/.local/lib/python3.8/site-packages/airflow/example_dags/tutorial_dag.py
[2024-02-10T17:49:44.392+0000] {logging_mixin.py:188} INFO - [2024-02-10T17:49:44.391+0000] {dag.py:3036} INFO - Sync 1 DAGs
[2024-02-10T17:49:44.406+0000] {logging_mixin.py:188} INFO - [2024-02-10T17:49:44.406+0000] {dag.py:3823} INFO - Setting next_dagrun for tutorial_dag to None, run_after=None
[2024-02-10T17:49:44.431+0000] {processor.py:183} INFO - Processing /home/airflow/.local/lib/python3.8/site-packages/airflow/example_dags/tutorial_dag.py took 0.078 seconds
[2024-02-10T17:50:15.137+0000] {processor.py:161} INFO - Started process (PID=837) to work on /home/airflow/.local/lib/python3.8/site-packages/airflow/example_dags/tutorial_dag.py
[2024-02-10T17:50:15.138+0000] {processor.py:830} INFO - Processing file /home/airflow/.local/lib/python3.8/site-packages/airflow/example_dags/tutorial_dag.py for tasks to queue
[2024-02-10T17:50:15.140+0000] {logging_mixin.py:188} INFO - [2024-02-10T17:50:15.140+0000] {dagbag.py:538} INFO - Filling up the DagBag from /home/airflow/.local/lib/python3.8/site-packages/airflow/example_dags/tutorial_dag.py
[2024-02-10T17:50:15.146+0000] {processor.py:840} INFO - DAG(s) 'tutorial_dag' retrieved from /home/airflow/.local/lib/python3.8/site-packages/airflow/example_dags/tutorial_dag.py
[2024-02-10T17:50:15.169+0000] {logging_mixin.py:188} INFO - [2024-02-10T17:50:15.169+0000] {dag.py:3036} INFO - Sync 1 DAGs
[2024-02-10T17:50:15.183+0000] {logging_mixin.py:188} INFO - [2024-02-10T17:50:15.183+0000] {dag.py:3823} INFO - Setting next_dagrun for tutorial_dag to None, run_after=None
[2024-02-10T17:50:15.206+0000] {processor.py:183} INFO - Processing /home/airflow/.local/lib/python3.8/site-packages/airflow/example_dags/tutorial_dag.py took 0.073 seconds
[2024-02-10T17:50:46.366+0000] {processor.py:161} INFO - Started process (PID=892) to work on /home/airflow/.local/lib/python3.8/site-packages/airflow/example_dags/tutorial_dag.py
[2024-02-10T17:50:46.367+0000] {processor.py:830} INFO - Processing file /home/airflow/.local/lib/python3.8/site-packages/airflow/example_dags/tutorial_dag.py for tasks to queue
[2024-02-10T17:50:46.369+0000] {logging_mixin.py:188} INFO - [2024-02-10T17:50:46.368+0000] {dagbag.py:538} INFO - Filling up the DagBag from /home/airflow/.local/lib/python3.8/site-packages/airflow/example_dags/tutorial_dag.py
[2024-02-10T17:50:46.374+0000] {processor.py:840} INFO - DAG(s) 'tutorial_dag' retrieved from /home/airflow/.local/lib/python3.8/site-packages/airflow/example_dags/tutorial_dag.py
[2024-02-10T17:50:46.397+0000] {logging_mixin.py:188} INFO - [2024-02-10T17:50:46.397+0000] {dag.py:3036} INFO - Sync 1 DAGs
[2024-02-10T17:50:46.422+0000] {logging_mixin.py:188} INFO - [2024-02-10T17:50:46.419+0000] {dag.py:3823} INFO - Setting next_dagrun for tutorial_dag to None, run_after=None
[2024-02-10T17:50:46.446+0000] {processor.py:183} INFO - Processing /home/airflow/.local/lib/python3.8/site-packages/airflow/example_dags/tutorial_dag.py took 0.083 seconds
[2024-02-10T17:51:16.656+0000] {processor.py:161} INFO - Started process (PID=947) to work on /home/airflow/.local/lib/python3.8/site-packages/airflow/example_dags/tutorial_dag.py
[2024-02-10T17:51:16.657+0000] {processor.py:830} INFO - Processing file /home/airflow/.local/lib/python3.8/site-packages/airflow/example_dags/tutorial_dag.py for tasks to queue
[2024-02-10T17:51:16.659+0000] {logging_mixin.py:188} INFO - [2024-02-10T17:51:16.659+0000] {dagbag.py:538} INFO - Filling up the DagBag from /home/airflow/.local/lib/python3.8/site-packages/airflow/example_dags/tutorial_dag.py
[2024-02-10T17:51:16.665+0000] {processor.py:840} INFO - DAG(s) 'tutorial_dag' retrieved from /home/airflow/.local/lib/python3.8/site-packages/airflow/example_dags/tutorial_dag.py
[2024-02-10T17:51:16.686+0000] {logging_mixin.py:188} INFO - [2024-02-10T17:51:16.685+0000] {dag.py:3036} INFO - Sync 1 DAGs
[2024-02-10T17:51:16.700+0000] {logging_mixin.py:188} INFO - [2024-02-10T17:51:16.700+0000] {dag.py:3823} INFO - Setting next_dagrun for tutorial_dag to None, run_after=None
[2024-02-10T17:51:16.727+0000] {processor.py:183} INFO - Processing /home/airflow/.local/lib/python3.8/site-packages/airflow/example_dags/tutorial_dag.py took 0.073 seconds
[2024-02-10T17:51:47.925+0000] {processor.py:161} INFO - Started process (PID=1008) to work on /home/airflow/.local/lib/python3.8/site-packages/airflow/example_dags/tutorial_dag.py
[2024-02-10T17:51:47.938+0000] {processor.py:830} INFO - Processing file /home/airflow/.local/lib/python3.8/site-packages/airflow/example_dags/tutorial_dag.py for tasks to queue
[2024-02-10T17:51:47.940+0000] {logging_mixin.py:188} INFO - [2024-02-10T17:51:47.940+0000] {dagbag.py:538} INFO - Filling up the DagBag from /home/airflow/.local/lib/python3.8/site-packages/airflow/example_dags/tutorial_dag.py
[2024-02-10T17:51:47.961+0000] {processor.py:840} INFO - DAG(s) 'tutorial_dag' retrieved from /home/airflow/.local/lib/python3.8/site-packages/airflow/example_dags/tutorial_dag.py
[2024-02-10T17:51:48.023+0000] {logging_mixin.py:188} INFO - [2024-02-10T17:51:48.023+0000] {dag.py:3036} INFO - Sync 1 DAGs
[2024-02-10T17:51:48.059+0000] {logging_mixin.py:188} INFO - [2024-02-10T17:51:48.059+0000] {dag.py:3823} INFO - Setting next_dagrun for tutorial_dag to None, run_after=None
[2024-02-10T17:51:48.119+0000] {processor.py:183} INFO - Processing /home/airflow/.local/lib/python3.8/site-packages/airflow/example_dags/tutorial_dag.py took 0.198 seconds
[2024-02-10T17:52:19.207+0000] {processor.py:161} INFO - Started process (PID=1063) to work on /home/airflow/.local/lib/python3.8/site-packages/airflow/example_dags/tutorial_dag.py
[2024-02-10T17:52:19.214+0000] {processor.py:830} INFO - Processing file /home/airflow/.local/lib/python3.8/site-packages/airflow/example_dags/tutorial_dag.py for tasks to queue
[2024-02-10T17:52:19.216+0000] {logging_mixin.py:188} INFO - [2024-02-10T17:52:19.215+0000] {dagbag.py:538} INFO - Filling up the DagBag from /home/airflow/.local/lib/python3.8/site-packages/airflow/example_dags/tutorial_dag.py
[2024-02-10T17:52:19.224+0000] {processor.py:840} INFO - DAG(s) 'tutorial_dag' retrieved from /home/airflow/.local/lib/python3.8/site-packages/airflow/example_dags/tutorial_dag.py
[2024-02-10T17:52:19.264+0000] {logging_mixin.py:188} INFO - [2024-02-10T17:52:19.264+0000] {dag.py:3036} INFO - Sync 1 DAGs
[2024-02-10T17:52:19.291+0000] {logging_mixin.py:188} INFO - [2024-02-10T17:52:19.290+0000] {dag.py:3823} INFO - Setting next_dagrun for tutorial_dag to None, run_after=None
[2024-02-10T17:52:19.331+0000] {processor.py:183} INFO - Processing /home/airflow/.local/lib/python3.8/site-packages/airflow/example_dags/tutorial_dag.py took 0.144 seconds
[2024-02-10T17:52:50.155+0000] {processor.py:161} INFO - Started process (PID=1118) to work on /home/airflow/.local/lib/python3.8/site-packages/airflow/example_dags/tutorial_dag.py
[2024-02-10T17:52:50.156+0000] {processor.py:830} INFO - Processing file /home/airflow/.local/lib/python3.8/site-packages/airflow/example_dags/tutorial_dag.py for tasks to queue
[2024-02-10T17:52:50.158+0000] {logging_mixin.py:188} INFO - [2024-02-10T17:52:50.157+0000] {dagbag.py:538} INFO - Filling up the DagBag from /home/airflow/.local/lib/python3.8/site-packages/airflow/example_dags/tutorial_dag.py
[2024-02-10T17:52:50.169+0000] {processor.py:840} INFO - DAG(s) 'tutorial_dag' retrieved from /home/airflow/.local/lib/python3.8/site-packages/airflow/example_dags/tutorial_dag.py
[2024-02-10T17:52:50.195+0000] {logging_mixin.py:188} INFO - [2024-02-10T17:52:50.195+0000] {dag.py:3036} INFO - Sync 1 DAGs
[2024-02-10T17:52:50.210+0000] {logging_mixin.py:188} INFO - [2024-02-10T17:52:50.209+0000] {dag.py:3823} INFO - Setting next_dagrun for tutorial_dag to None, run_after=None
[2024-02-10T17:52:50.234+0000] {processor.py:183} INFO - Processing /home/airflow/.local/lib/python3.8/site-packages/airflow/example_dags/tutorial_dag.py took 0.083 seconds
[2024-02-10T17:53:20.347+0000] {processor.py:161} INFO - Started process (PID=1173) to work on /home/airflow/.local/lib/python3.8/site-packages/airflow/example_dags/tutorial_dag.py
[2024-02-10T17:53:20.350+0000] {processor.py:830} INFO - Processing file /home/airflow/.local/lib/python3.8/site-packages/airflow/example_dags/tutorial_dag.py for tasks to queue
[2024-02-10T17:53:20.351+0000] {logging_mixin.py:188} INFO - [2024-02-10T17:53:20.351+0000] {dagbag.py:538} INFO - Filling up the DagBag from /home/airflow/.local/lib/python3.8/site-packages/airflow/example_dags/tutorial_dag.py
[2024-02-10T17:53:20.357+0000] {processor.py:840} INFO - DAG(s) 'tutorial_dag' retrieved from /home/airflow/.local/lib/python3.8/site-packages/airflow/example_dags/tutorial_dag.py
[2024-02-10T17:53:20.386+0000] {logging_mixin.py:188} INFO - [2024-02-10T17:53:20.386+0000] {dag.py:3036} INFO - Sync 1 DAGs
[2024-02-10T17:53:20.410+0000] {logging_mixin.py:188} INFO - [2024-02-10T17:53:20.409+0000] {dag.py:3823} INFO - Setting next_dagrun for tutorial_dag to None, run_after=None
[2024-02-10T17:53:20.442+0000] {processor.py:183} INFO - Processing /home/airflow/.local/lib/python3.8/site-packages/airflow/example_dags/tutorial_dag.py took 0.098 seconds
[2024-02-10T17:53:51.028+0000] {processor.py:161} INFO - Started process (PID=1229) to work on /home/airflow/.local/lib/python3.8/site-packages/airflow/example_dags/tutorial_dag.py
[2024-02-10T17:53:51.029+0000] {processor.py:830} INFO - Processing file /home/airflow/.local/lib/python3.8/site-packages/airflow/example_dags/tutorial_dag.py for tasks to queue
[2024-02-10T17:53:51.031+0000] {logging_mixin.py:188} INFO - [2024-02-10T17:53:51.031+0000] {dagbag.py:538} INFO - Filling up the DagBag from /home/airflow/.local/lib/python3.8/site-packages/airflow/example_dags/tutorial_dag.py
[2024-02-10T17:53:51.045+0000] {processor.py:840} INFO - DAG(s) 'tutorial_dag' retrieved from /home/airflow/.local/lib/python3.8/site-packages/airflow/example_dags/tutorial_dag.py
[2024-02-10T17:53:51.142+0000] {logging_mixin.py:188} INFO - [2024-02-10T17:53:51.142+0000] {dag.py:3036} INFO - Sync 1 DAGs
[2024-02-10T17:53:51.164+0000] {logging_mixin.py:188} INFO - [2024-02-10T17:53:51.164+0000] {dag.py:3823} INFO - Setting next_dagrun for tutorial_dag to None, run_after=None
[2024-02-10T17:53:51.188+0000] {processor.py:183} INFO - Processing /home/airflow/.local/lib/python3.8/site-packages/airflow/example_dags/tutorial_dag.py took 0.173 seconds
[2024-02-10T17:54:21.259+0000] {processor.py:161} INFO - Started process (PID=1285) to work on /home/airflow/.local/lib/python3.8/site-packages/airflow/example_dags/tutorial_dag.py
[2024-02-10T17:54:21.260+0000] {processor.py:830} INFO - Processing file /home/airflow/.local/lib/python3.8/site-packages/airflow/example_dags/tutorial_dag.py for tasks to queue
[2024-02-10T17:54:21.261+0000] {logging_mixin.py:188} INFO - [2024-02-10T17:54:21.261+0000] {dagbag.py:538} INFO - Filling up the DagBag from /home/airflow/.local/lib/python3.8/site-packages/airflow/example_dags/tutorial_dag.py
[2024-02-10T17:54:21.291+0000] {processor.py:840} INFO - DAG(s) 'tutorial_dag' retrieved from /home/airflow/.local/lib/python3.8/site-packages/airflow/example_dags/tutorial_dag.py
[2024-02-10T17:54:21.338+0000] {logging_mixin.py:188} INFO - [2024-02-10T17:54:21.338+0000] {dag.py:3036} INFO - Sync 1 DAGs
[2024-02-10T17:54:21.361+0000] {logging_mixin.py:188} INFO - [2024-02-10T17:54:21.361+0000] {dag.py:3823} INFO - Setting next_dagrun for tutorial_dag to None, run_after=None
[2024-02-10T17:54:21.387+0000] {processor.py:183} INFO - Processing /home/airflow/.local/lib/python3.8/site-packages/airflow/example_dags/tutorial_dag.py took 0.138 seconds
[2024-02-10T17:54:51.823+0000] {processor.py:161} INFO - Started process (PID=1340) to work on /home/airflow/.local/lib/python3.8/site-packages/airflow/example_dags/tutorial_dag.py
[2024-02-10T17:54:51.824+0000] {processor.py:830} INFO - Processing file /home/airflow/.local/lib/python3.8/site-packages/airflow/example_dags/tutorial_dag.py for tasks to queue
[2024-02-10T17:54:51.826+0000] {logging_mixin.py:188} INFO - [2024-02-10T17:54:51.826+0000] {dagbag.py:538} INFO - Filling up the DagBag from /home/airflow/.local/lib/python3.8/site-packages/airflow/example_dags/tutorial_dag.py
[2024-02-10T17:54:51.832+0000] {processor.py:840} INFO - DAG(s) 'tutorial_dag' retrieved from /home/airflow/.local/lib/python3.8/site-packages/airflow/example_dags/tutorial_dag.py
[2024-02-10T17:54:51.854+0000] {logging_mixin.py:188} INFO - [2024-02-10T17:54:51.854+0000] {dag.py:3036} INFO - Sync 1 DAGs
[2024-02-10T17:54:51.869+0000] {logging_mixin.py:188} INFO - [2024-02-10T17:54:51.869+0000] {dag.py:3823} INFO - Setting next_dagrun for tutorial_dag to None, run_after=None
[2024-02-10T17:54:51.897+0000] {processor.py:183} INFO - Processing /home/airflow/.local/lib/python3.8/site-packages/airflow/example_dags/tutorial_dag.py took 0.077 seconds
[2024-02-10T17:55:21.936+0000] {processor.py:161} INFO - Started process (PID=1394) to work on /home/airflow/.local/lib/python3.8/site-packages/airflow/example_dags/tutorial_dag.py
[2024-02-10T17:55:21.936+0000] {processor.py:830} INFO - Processing file /home/airflow/.local/lib/python3.8/site-packages/airflow/example_dags/tutorial_dag.py for tasks to queue
[2024-02-10T17:55:21.938+0000] {logging_mixin.py:188} INFO - [2024-02-10T17:55:21.937+0000] {dagbag.py:538} INFO - Filling up the DagBag from /home/airflow/.local/lib/python3.8/site-packages/airflow/example_dags/tutorial_dag.py
[2024-02-10T17:55:21.942+0000] {processor.py:840} INFO - DAG(s) 'tutorial_dag' retrieved from /home/airflow/.local/lib/python3.8/site-packages/airflow/example_dags/tutorial_dag.py
[2024-02-10T17:55:21.958+0000] {logging_mixin.py:188} INFO - [2024-02-10T17:55:21.958+0000] {dag.py:3036} INFO - Sync 1 DAGs
[2024-02-10T17:55:21.967+0000] {logging_mixin.py:188} INFO - [2024-02-10T17:55:21.967+0000] {dag.py:3823} INFO - Setting next_dagrun for tutorial_dag to None, run_after=None
[2024-02-10T17:55:21.987+0000] {processor.py:183} INFO - Processing /home/airflow/.local/lib/python3.8/site-packages/airflow/example_dags/tutorial_dag.py took 0.054 seconds
[2024-02-10T17:55:52.320+0000] {processor.py:161} INFO - Started process (PID=1450) to work on /home/airflow/.local/lib/python3.8/site-packages/airflow/example_dags/tutorial_dag.py
[2024-02-10T17:55:52.321+0000] {processor.py:830} INFO - Processing file /home/airflow/.local/lib/python3.8/site-packages/airflow/example_dags/tutorial_dag.py for tasks to queue
[2024-02-10T17:55:52.323+0000] {logging_mixin.py:188} INFO - [2024-02-10T17:55:52.322+0000] {dagbag.py:538} INFO - Filling up the DagBag from /home/airflow/.local/lib/python3.8/site-packages/airflow/example_dags/tutorial_dag.py
[2024-02-10T17:55:52.328+0000] {processor.py:840} INFO - DAG(s) 'tutorial_dag' retrieved from /home/airflow/.local/lib/python3.8/site-packages/airflow/example_dags/tutorial_dag.py
[2024-02-10T17:55:52.349+0000] {logging_mixin.py:188} INFO - [2024-02-10T17:55:52.349+0000] {dag.py:3036} INFO - Sync 1 DAGs
[2024-02-10T17:55:52.364+0000] {logging_mixin.py:188} INFO - [2024-02-10T17:55:52.363+0000] {dag.py:3823} INFO - Setting next_dagrun for tutorial_dag to None, run_after=None
[2024-02-10T17:55:52.388+0000] {processor.py:183} INFO - Processing /home/airflow/.local/lib/python3.8/site-packages/airflow/example_dags/tutorial_dag.py took 0.072 seconds
[2024-02-10T17:56:22.968+0000] {processor.py:161} INFO - Started process (PID=1507) to work on /home/airflow/.local/lib/python3.8/site-packages/airflow/example_dags/tutorial_dag.py
[2024-02-10T17:56:22.969+0000] {processor.py:830} INFO - Processing file /home/airflow/.local/lib/python3.8/site-packages/airflow/example_dags/tutorial_dag.py for tasks to queue
[2024-02-10T17:56:22.971+0000] {logging_mixin.py:188} INFO - [2024-02-10T17:56:22.971+0000] {dagbag.py:538} INFO - Filling up the DagBag from /home/airflow/.local/lib/python3.8/site-packages/airflow/example_dags/tutorial_dag.py
[2024-02-10T17:56:22.977+0000] {processor.py:840} INFO - DAG(s) 'tutorial_dag' retrieved from /home/airflow/.local/lib/python3.8/site-packages/airflow/example_dags/tutorial_dag.py
[2024-02-10T17:56:23.000+0000] {logging_mixin.py:188} INFO - [2024-02-10T17:56:23.000+0000] {dag.py:3036} INFO - Sync 1 DAGs
[2024-02-10T17:56:23.014+0000] {logging_mixin.py:188} INFO - [2024-02-10T17:56:23.014+0000] {dag.py:3823} INFO - Setting next_dagrun for tutorial_dag to None, run_after=None
[2024-02-10T17:56:23.038+0000] {processor.py:183} INFO - Processing /home/airflow/.local/lib/python3.8/site-packages/airflow/example_dags/tutorial_dag.py took 0.073 seconds
[2024-02-10T17:56:53.762+0000] {processor.py:161} INFO - Started process (PID=1563) to work on /home/airflow/.local/lib/python3.8/site-packages/airflow/example_dags/tutorial_dag.py
[2024-02-10T17:56:53.763+0000] {processor.py:830} INFO - Processing file /home/airflow/.local/lib/python3.8/site-packages/airflow/example_dags/tutorial_dag.py for tasks to queue
[2024-02-10T17:56:53.765+0000] {logging_mixin.py:188} INFO - [2024-02-10T17:56:53.765+0000] {dagbag.py:538} INFO - Filling up the DagBag from /home/airflow/.local/lib/python3.8/site-packages/airflow/example_dags/tutorial_dag.py
[2024-02-10T17:56:53.772+0000] {processor.py:840} INFO - DAG(s) 'tutorial_dag' retrieved from /home/airflow/.local/lib/python3.8/site-packages/airflow/example_dags/tutorial_dag.py
[2024-02-10T17:56:53.795+0000] {logging_mixin.py:188} INFO - [2024-02-10T17:56:53.794+0000] {dag.py:3036} INFO - Sync 1 DAGs
[2024-02-10T17:56:53.823+0000] {logging_mixin.py:188} INFO - [2024-02-10T17:56:53.822+0000] {dag.py:3823} INFO - Setting next_dagrun for tutorial_dag to None, run_after=None
[2024-02-10T17:56:53.870+0000] {processor.py:183} INFO - Processing /home/airflow/.local/lib/python3.8/site-packages/airflow/example_dags/tutorial_dag.py took 0.111 seconds
[2024-02-10T17:57:24.289+0000] {processor.py:161} INFO - Started process (PID=1618) to work on /home/airflow/.local/lib/python3.8/site-packages/airflow/example_dags/tutorial_dag.py
[2024-02-10T17:57:24.290+0000] {processor.py:830} INFO - Processing file /home/airflow/.local/lib/python3.8/site-packages/airflow/example_dags/tutorial_dag.py for tasks to queue
[2024-02-10T17:57:24.292+0000] {logging_mixin.py:188} INFO - [2024-02-10T17:57:24.291+0000] {dagbag.py:538} INFO - Filling up the DagBag from /home/airflow/.local/lib/python3.8/site-packages/airflow/example_dags/tutorial_dag.py
[2024-02-10T17:57:24.298+0000] {processor.py:840} INFO - DAG(s) 'tutorial_dag' retrieved from /home/airflow/.local/lib/python3.8/site-packages/airflow/example_dags/tutorial_dag.py
[2024-02-10T17:57:24.324+0000] {logging_mixin.py:188} INFO - [2024-02-10T17:57:24.324+0000] {dag.py:3036} INFO - Sync 1 DAGs
[2024-02-10T17:57:24.337+0000] {logging_mixin.py:188} INFO - [2024-02-10T17:57:24.337+0000] {dag.py:3823} INFO - Setting next_dagrun for tutorial_dag to None, run_after=None
[2024-02-10T17:57:24.362+0000] {processor.py:183} INFO - Processing /home/airflow/.local/lib/python3.8/site-packages/airflow/example_dags/tutorial_dag.py took 0.078 seconds
[2024-02-10T17:57:54.597+0000] {processor.py:161} INFO - Started process (PID=1673) to work on /home/airflow/.local/lib/python3.8/site-packages/airflow/example_dags/tutorial_dag.py
[2024-02-10T17:57:54.598+0000] {processor.py:830} INFO - Processing file /home/airflow/.local/lib/python3.8/site-packages/airflow/example_dags/tutorial_dag.py for tasks to queue
[2024-02-10T17:57:54.600+0000] {logging_mixin.py:188} INFO - [2024-02-10T17:57:54.600+0000] {dagbag.py:538} INFO - Filling up the DagBag from /home/airflow/.local/lib/python3.8/site-packages/airflow/example_dags/tutorial_dag.py
[2024-02-10T17:57:54.606+0000] {processor.py:840} INFO - DAG(s) 'tutorial_dag' retrieved from /home/airflow/.local/lib/python3.8/site-packages/airflow/example_dags/tutorial_dag.py
[2024-02-10T17:57:54.627+0000] {logging_mixin.py:188} INFO - [2024-02-10T17:57:54.627+0000] {dag.py:3036} INFO - Sync 1 DAGs
[2024-02-10T17:57:54.641+0000] {logging_mixin.py:188} INFO - [2024-02-10T17:57:54.641+0000] {dag.py:3823} INFO - Setting next_dagrun for tutorial_dag to None, run_after=None
[2024-02-10T17:57:54.666+0000] {processor.py:183} INFO - Processing /home/airflow/.local/lib/python3.8/site-packages/airflow/example_dags/tutorial_dag.py took 0.072 seconds
[2024-02-10T17:58:25.285+0000] {processor.py:161} INFO - Started process (PID=1729) to work on /home/airflow/.local/lib/python3.8/site-packages/airflow/example_dags/tutorial_dag.py
[2024-02-10T17:58:25.291+0000] {processor.py:830} INFO - Processing file /home/airflow/.local/lib/python3.8/site-packages/airflow/example_dags/tutorial_dag.py for tasks to queue
[2024-02-10T17:58:25.294+0000] {logging_mixin.py:188} INFO - [2024-02-10T17:58:25.294+0000] {dagbag.py:538} INFO - Filling up the DagBag from /home/airflow/.local/lib/python3.8/site-packages/airflow/example_dags/tutorial_dag.py
[2024-02-10T17:58:25.311+0000] {processor.py:840} INFO - DAG(s) 'tutorial_dag' retrieved from /home/airflow/.local/lib/python3.8/site-packages/airflow/example_dags/tutorial_dag.py
[2024-02-10T17:58:25.354+0000] {logging_mixin.py:188} INFO - [2024-02-10T17:58:25.354+0000] {dag.py:3036} INFO - Sync 1 DAGs
[2024-02-10T17:58:25.381+0000] {logging_mixin.py:188} INFO - [2024-02-10T17:58:25.381+0000] {dag.py:3823} INFO - Setting next_dagrun for tutorial_dag to None, run_after=None
[2024-02-10T17:58:25.427+0000] {processor.py:183} INFO - Processing /home/airflow/.local/lib/python3.8/site-packages/airflow/example_dags/tutorial_dag.py took 0.145 seconds
[2024-02-10T17:58:55.947+0000] {processor.py:161} INFO - Started process (PID=1783) to work on /home/airflow/.local/lib/python3.8/site-packages/airflow/example_dags/tutorial_dag.py
[2024-02-10T17:58:55.948+0000] {processor.py:830} INFO - Processing file /home/airflow/.local/lib/python3.8/site-packages/airflow/example_dags/tutorial_dag.py for tasks to queue
[2024-02-10T17:58:55.950+0000] {logging_mixin.py:188} INFO - [2024-02-10T17:58:55.950+0000] {dagbag.py:538} INFO - Filling up the DagBag from /home/airflow/.local/lib/python3.8/site-packages/airflow/example_dags/tutorial_dag.py
[2024-02-10T17:58:55.962+0000] {processor.py:840} INFO - DAG(s) 'tutorial_dag' retrieved from /home/airflow/.local/lib/python3.8/site-packages/airflow/example_dags/tutorial_dag.py
[2024-02-10T17:58:55.998+0000] {logging_mixin.py:188} INFO - [2024-02-10T17:58:55.998+0000] {dag.py:3036} INFO - Sync 1 DAGs
[2024-02-10T17:58:56.013+0000] {logging_mixin.py:188} INFO - [2024-02-10T17:58:56.012+0000] {dag.py:3823} INFO - Setting next_dagrun for tutorial_dag to None, run_after=None
[2024-02-10T17:58:56.042+0000] {processor.py:183} INFO - Processing /home/airflow/.local/lib/python3.8/site-packages/airflow/example_dags/tutorial_dag.py took 0.106 seconds
[2024-02-10T17:59:26.539+0000] {processor.py:161} INFO - Started process (PID=1838) to work on /home/airflow/.local/lib/python3.8/site-packages/airflow/example_dags/tutorial_dag.py
[2024-02-10T17:59:26.540+0000] {processor.py:830} INFO - Processing file /home/airflow/.local/lib/python3.8/site-packages/airflow/example_dags/tutorial_dag.py for tasks to queue
[2024-02-10T17:59:26.542+0000] {logging_mixin.py:188} INFO - [2024-02-10T17:59:26.542+0000] {dagbag.py:538} INFO - Filling up the DagBag from /home/airflow/.local/lib/python3.8/site-packages/airflow/example_dags/tutorial_dag.py
[2024-02-10T17:59:26.548+0000] {processor.py:840} INFO - DAG(s) 'tutorial_dag' retrieved from /home/airflow/.local/lib/python3.8/site-packages/airflow/example_dags/tutorial_dag.py
[2024-02-10T17:59:26.588+0000] {logging_mixin.py:188} INFO - [2024-02-10T17:59:26.588+0000] {dag.py:3036} INFO - Sync 1 DAGs
[2024-02-10T17:59:26.602+0000] {logging_mixin.py:188} INFO - [2024-02-10T17:59:26.602+0000] {dag.py:3823} INFO - Setting next_dagrun for tutorial_dag to None, run_after=None
[2024-02-10T17:59:26.641+0000] {processor.py:183} INFO - Processing /home/airflow/.local/lib/python3.8/site-packages/airflow/example_dags/tutorial_dag.py took 0.104 seconds
[2024-02-10T17:59:56.781+0000] {processor.py:161} INFO - Started process (PID=1893) to work on /home/airflow/.local/lib/python3.8/site-packages/airflow/example_dags/tutorial_dag.py
[2024-02-10T17:59:56.782+0000] {processor.py:830} INFO - Processing file /home/airflow/.local/lib/python3.8/site-packages/airflow/example_dags/tutorial_dag.py for tasks to queue
[2024-02-10T17:59:56.783+0000] {logging_mixin.py:188} INFO - [2024-02-10T17:59:56.783+0000] {dagbag.py:538} INFO - Filling up the DagBag from /home/airflow/.local/lib/python3.8/site-packages/airflow/example_dags/tutorial_dag.py
[2024-02-10T17:59:56.789+0000] {processor.py:840} INFO - DAG(s) 'tutorial_dag' retrieved from /home/airflow/.local/lib/python3.8/site-packages/airflow/example_dags/tutorial_dag.py
[2024-02-10T17:59:56.810+0000] {logging_mixin.py:188} INFO - [2024-02-10T17:59:56.810+0000] {dag.py:3036} INFO - Sync 1 DAGs
[2024-02-10T17:59:56.824+0000] {logging_mixin.py:188} INFO - [2024-02-10T17:59:56.824+0000] {dag.py:3823} INFO - Setting next_dagrun for tutorial_dag to None, run_after=None
[2024-02-10T17:59:56.848+0000] {processor.py:183} INFO - Processing /home/airflow/.local/lib/python3.8/site-packages/airflow/example_dags/tutorial_dag.py took 0.070 seconds
[2024-02-10T18:00:26.980+0000] {processor.py:161} INFO - Started process (PID=1948) to work on /home/airflow/.local/lib/python3.8/site-packages/airflow/example_dags/tutorial_dag.py
[2024-02-10T18:00:26.981+0000] {processor.py:830} INFO - Processing file /home/airflow/.local/lib/python3.8/site-packages/airflow/example_dags/tutorial_dag.py for tasks to queue
[2024-02-10T18:00:26.983+0000] {logging_mixin.py:188} INFO - [2024-02-10T18:00:26.983+0000] {dagbag.py:538} INFO - Filling up the DagBag from /home/airflow/.local/lib/python3.8/site-packages/airflow/example_dags/tutorial_dag.py
[2024-02-10T18:00:26.989+0000] {processor.py:840} INFO - DAG(s) 'tutorial_dag' retrieved from /home/airflow/.local/lib/python3.8/site-packages/airflow/example_dags/tutorial_dag.py
[2024-02-10T18:00:27.010+0000] {logging_mixin.py:188} INFO - [2024-02-10T18:00:27.010+0000] {dag.py:3036} INFO - Sync 1 DAGs
[2024-02-10T18:00:27.024+0000] {logging_mixin.py:188} INFO - [2024-02-10T18:00:27.024+0000] {dag.py:3823} INFO - Setting next_dagrun for tutorial_dag to None, run_after=None
[2024-02-10T18:00:27.049+0000] {processor.py:183} INFO - Processing /home/airflow/.local/lib/python3.8/site-packages/airflow/example_dags/tutorial_dag.py took 0.072 seconds
[2024-02-10T18:00:57.222+0000] {processor.py:161} INFO - Started process (PID=2003) to work on /home/airflow/.local/lib/python3.8/site-packages/airflow/example_dags/tutorial_dag.py
[2024-02-10T18:00:57.223+0000] {processor.py:830} INFO - Processing file /home/airflow/.local/lib/python3.8/site-packages/airflow/example_dags/tutorial_dag.py for tasks to queue
[2024-02-10T18:00:57.225+0000] {logging_mixin.py:188} INFO - [2024-02-10T18:00:57.225+0000] {dagbag.py:538} INFO - Filling up the DagBag from /home/airflow/.local/lib/python3.8/site-packages/airflow/example_dags/tutorial_dag.py
[2024-02-10T18:00:57.232+0000] {processor.py:840} INFO - DAG(s) 'tutorial_dag' retrieved from /home/airflow/.local/lib/python3.8/site-packages/airflow/example_dags/tutorial_dag.py
[2024-02-10T18:00:57.254+0000] {logging_mixin.py:188} INFO - [2024-02-10T18:00:57.253+0000] {dag.py:3036} INFO - Sync 1 DAGs
[2024-02-10T18:00:57.267+0000] {logging_mixin.py:188} INFO - [2024-02-10T18:00:57.267+0000] {dag.py:3823} INFO - Setting next_dagrun for tutorial_dag to None, run_after=None
[2024-02-10T18:00:57.311+0000] {processor.py:183} INFO - Processing /home/airflow/.local/lib/python3.8/site-packages/airflow/example_dags/tutorial_dag.py took 0.092 seconds
[2024-02-10T18:01:27.792+0000] {processor.py:161} INFO - Started process (PID=2058) to work on /home/airflow/.local/lib/python3.8/site-packages/airflow/example_dags/tutorial_dag.py
[2024-02-10T18:01:27.793+0000] {processor.py:830} INFO - Processing file /home/airflow/.local/lib/python3.8/site-packages/airflow/example_dags/tutorial_dag.py for tasks to queue
[2024-02-10T18:01:27.795+0000] {logging_mixin.py:188} INFO - [2024-02-10T18:01:27.795+0000] {dagbag.py:538} INFO - Filling up the DagBag from /home/airflow/.local/lib/python3.8/site-packages/airflow/example_dags/tutorial_dag.py
[2024-02-10T18:01:27.801+0000] {processor.py:840} INFO - DAG(s) 'tutorial_dag' retrieved from /home/airflow/.local/lib/python3.8/site-packages/airflow/example_dags/tutorial_dag.py
[2024-02-10T18:01:27.823+0000] {logging_mixin.py:188} INFO - [2024-02-10T18:01:27.822+0000] {dag.py:3036} INFO - Sync 1 DAGs
[2024-02-10T18:01:27.837+0000] {logging_mixin.py:188} INFO - [2024-02-10T18:01:27.837+0000] {dag.py:3823} INFO - Setting next_dagrun for tutorial_dag to None, run_after=None
[2024-02-10T18:01:27.862+0000] {processor.py:183} INFO - Processing /home/airflow/.local/lib/python3.8/site-packages/airflow/example_dags/tutorial_dag.py took 0.074 seconds
[2024-02-10T18:01:57.997+0000] {processor.py:161} INFO - Started process (PID=2113) to work on /home/airflow/.local/lib/python3.8/site-packages/airflow/example_dags/tutorial_dag.py
[2024-02-10T18:01:57.998+0000] {processor.py:830} INFO - Processing file /home/airflow/.local/lib/python3.8/site-packages/airflow/example_dags/tutorial_dag.py for tasks to queue
[2024-02-10T18:01:58.000+0000] {logging_mixin.py:188} INFO - [2024-02-10T18:01:57.999+0000] {dagbag.py:538} INFO - Filling up the DagBag from /home/airflow/.local/lib/python3.8/site-packages/airflow/example_dags/tutorial_dag.py
[2024-02-10T18:01:58.005+0000] {processor.py:840} INFO - DAG(s) 'tutorial_dag' retrieved from /home/airflow/.local/lib/python3.8/site-packages/airflow/example_dags/tutorial_dag.py
[2024-02-10T18:01:58.026+0000] {logging_mixin.py:188} INFO - [2024-02-10T18:01:58.026+0000] {dag.py:3036} INFO - Sync 1 DAGs
[2024-02-10T18:01:58.040+0000] {logging_mixin.py:188} INFO - [2024-02-10T18:01:58.040+0000] {dag.py:3823} INFO - Setting next_dagrun for tutorial_dag to None, run_after=None
[2024-02-10T18:01:58.066+0000] {processor.py:183} INFO - Processing /home/airflow/.local/lib/python3.8/site-packages/airflow/example_dags/tutorial_dag.py took 0.073 seconds
[2024-02-10T18:02:28.353+0000] {processor.py:161} INFO - Started process (PID=2168) to work on /home/airflow/.local/lib/python3.8/site-packages/airflow/example_dags/tutorial_dag.py
[2024-02-10T18:02:28.362+0000] {processor.py:830} INFO - Processing file /home/airflow/.local/lib/python3.8/site-packages/airflow/example_dags/tutorial_dag.py for tasks to queue
[2024-02-10T18:02:28.364+0000] {logging_mixin.py:188} INFO - [2024-02-10T18:02:28.363+0000] {dagbag.py:538} INFO - Filling up the DagBag from /home/airflow/.local/lib/python3.8/site-packages/airflow/example_dags/tutorial_dag.py
[2024-02-10T18:02:28.369+0000] {processor.py:840} INFO - DAG(s) 'tutorial_dag' retrieved from /home/airflow/.local/lib/python3.8/site-packages/airflow/example_dags/tutorial_dag.py
[2024-02-10T18:02:28.418+0000] {logging_mixin.py:188} INFO - [2024-02-10T18:02:28.418+0000] {dag.py:3036} INFO - Sync 1 DAGs
[2024-02-10T18:02:28.448+0000] {logging_mixin.py:188} INFO - [2024-02-10T18:02:28.447+0000] {dag.py:3823} INFO - Setting next_dagrun for tutorial_dag to None, run_after=None
[2024-02-10T18:02:28.499+0000] {processor.py:183} INFO - Processing /home/airflow/.local/lib/python3.8/site-packages/airflow/example_dags/tutorial_dag.py took 0.148 seconds
[2024-02-10T18:02:58.861+0000] {processor.py:161} INFO - Started process (PID=2224) to work on /home/airflow/.local/lib/python3.8/site-packages/airflow/example_dags/tutorial_dag.py
[2024-02-10T18:02:58.863+0000] {processor.py:830} INFO - Processing file /home/airflow/.local/lib/python3.8/site-packages/airflow/example_dags/tutorial_dag.py for tasks to queue
[2024-02-10T18:02:58.865+0000] {logging_mixin.py:188} INFO - [2024-02-10T18:02:58.865+0000] {dagbag.py:538} INFO - Filling up the DagBag from /home/airflow/.local/lib/python3.8/site-packages/airflow/example_dags/tutorial_dag.py
[2024-02-10T18:02:58.875+0000] {processor.py:840} INFO - DAG(s) 'tutorial_dag' retrieved from /home/airflow/.local/lib/python3.8/site-packages/airflow/example_dags/tutorial_dag.py
[2024-02-10T18:02:58.896+0000] {logging_mixin.py:188} INFO - [2024-02-10T18:02:58.896+0000] {dag.py:3036} INFO - Sync 1 DAGs
[2024-02-10T18:02:58.911+0000] {logging_mixin.py:188} INFO - [2024-02-10T18:02:58.911+0000] {dag.py:3823} INFO - Setting next_dagrun for tutorial_dag to None, run_after=None
[2024-02-10T18:02:58.945+0000] {processor.py:183} INFO - Processing /home/airflow/.local/lib/python3.8/site-packages/airflow/example_dags/tutorial_dag.py took 0.086 seconds
[2024-02-10T18:03:29.481+0000] {processor.py:161} INFO - Started process (PID=2279) to work on /home/airflow/.local/lib/python3.8/site-packages/airflow/example_dags/tutorial_dag.py
[2024-02-10T18:03:29.487+0000] {processor.py:830} INFO - Processing file /home/airflow/.local/lib/python3.8/site-packages/airflow/example_dags/tutorial_dag.py for tasks to queue
[2024-02-10T18:03:29.488+0000] {logging_mixin.py:188} INFO - [2024-02-10T18:03:29.488+0000] {dagbag.py:538} INFO - Filling up the DagBag from /home/airflow/.local/lib/python3.8/site-packages/airflow/example_dags/tutorial_dag.py
[2024-02-10T18:03:29.511+0000] {processor.py:840} INFO - DAG(s) 'tutorial_dag' retrieved from /home/airflow/.local/lib/python3.8/site-packages/airflow/example_dags/tutorial_dag.py
[2024-02-10T18:03:29.543+0000] {logging_mixin.py:188} INFO - [2024-02-10T18:03:29.542+0000] {dag.py:3036} INFO - Sync 1 DAGs
[2024-02-10T18:03:29.559+0000] {logging_mixin.py:188} INFO - [2024-02-10T18:03:29.559+0000] {dag.py:3823} INFO - Setting next_dagrun for tutorial_dag to None, run_after=None
[2024-02-10T18:03:29.583+0000] {processor.py:183} INFO - Processing /home/airflow/.local/lib/python3.8/site-packages/airflow/example_dags/tutorial_dag.py took 0.109 seconds
[2024-02-10T18:03:59.736+0000] {processor.py:161} INFO - Started process (PID=2335) to work on /home/airflow/.local/lib/python3.8/site-packages/airflow/example_dags/tutorial_dag.py
[2024-02-10T18:03:59.737+0000] {processor.py:830} INFO - Processing file /home/airflow/.local/lib/python3.8/site-packages/airflow/example_dags/tutorial_dag.py for tasks to queue
[2024-02-10T18:03:59.740+0000] {logging_mixin.py:188} INFO - [2024-02-10T18:03:59.740+0000] {dagbag.py:538} INFO - Filling up the DagBag from /home/airflow/.local/lib/python3.8/site-packages/airflow/example_dags/tutorial_dag.py
[2024-02-10T18:03:59.746+0000] {processor.py:840} INFO - DAG(s) 'tutorial_dag' retrieved from /home/airflow/.local/lib/python3.8/site-packages/airflow/example_dags/tutorial_dag.py
[2024-02-10T18:03:59.767+0000] {logging_mixin.py:188} INFO - [2024-02-10T18:03:59.766+0000] {dag.py:3036} INFO - Sync 1 DAGs
[2024-02-10T18:03:59.781+0000] {logging_mixin.py:188} INFO - [2024-02-10T18:03:59.780+0000] {dag.py:3823} INFO - Setting next_dagrun for tutorial_dag to None, run_after=None
[2024-02-10T18:03:59.816+0000] {processor.py:183} INFO - Processing /home/airflow/.local/lib/python3.8/site-packages/airflow/example_dags/tutorial_dag.py took 0.083 seconds
[2024-02-10T18:04:30.013+0000] {processor.py:161} INFO - Started process (PID=2390) to work on /home/airflow/.local/lib/python3.8/site-packages/airflow/example_dags/tutorial_dag.py
[2024-02-10T18:04:30.014+0000] {processor.py:830} INFO - Processing file /home/airflow/.local/lib/python3.8/site-packages/airflow/example_dags/tutorial_dag.py for tasks to queue
[2024-02-10T18:04:30.016+0000] {logging_mixin.py:188} INFO - [2024-02-10T18:04:30.016+0000] {dagbag.py:538} INFO - Filling up the DagBag from /home/airflow/.local/lib/python3.8/site-packages/airflow/example_dags/tutorial_dag.py
[2024-02-10T18:04:30.022+0000] {processor.py:840} INFO - DAG(s) 'tutorial_dag' retrieved from /home/airflow/.local/lib/python3.8/site-packages/airflow/example_dags/tutorial_dag.py
[2024-02-10T18:04:30.047+0000] {logging_mixin.py:188} INFO - [2024-02-10T18:04:30.047+0000] {dag.py:3036} INFO - Sync 1 DAGs
[2024-02-10T18:04:30.061+0000] {logging_mixin.py:188} INFO - [2024-02-10T18:04:30.061+0000] {dag.py:3823} INFO - Setting next_dagrun for tutorial_dag to None, run_after=None
[2024-02-10T18:04:30.085+0000] {processor.py:183} INFO - Processing /home/airflow/.local/lib/python3.8/site-packages/airflow/example_dags/tutorial_dag.py took 0.075 seconds
[2024-02-10T18:05:00.657+0000] {processor.py:161} INFO - Started process (PID=2445) to work on /home/airflow/.local/lib/python3.8/site-packages/airflow/example_dags/tutorial_dag.py
[2024-02-10T18:05:00.658+0000] {processor.py:830} INFO - Processing file /home/airflow/.local/lib/python3.8/site-packages/airflow/example_dags/tutorial_dag.py for tasks to queue
[2024-02-10T18:05:00.660+0000] {logging_mixin.py:188} INFO - [2024-02-10T18:05:00.659+0000] {dagbag.py:538} INFO - Filling up the DagBag from /home/airflow/.local/lib/python3.8/site-packages/airflow/example_dags/tutorial_dag.py
[2024-02-10T18:05:00.665+0000] {processor.py:840} INFO - DAG(s) 'tutorial_dag' retrieved from /home/airflow/.local/lib/python3.8/site-packages/airflow/example_dags/tutorial_dag.py
[2024-02-10T18:05:00.686+0000] {logging_mixin.py:188} INFO - [2024-02-10T18:05:00.685+0000] {dag.py:3036} INFO - Sync 1 DAGs
[2024-02-10T18:05:00.710+0000] {logging_mixin.py:188} INFO - [2024-02-10T18:05:00.710+0000] {dag.py:3823} INFO - Setting next_dagrun for tutorial_dag to None, run_after=None
[2024-02-10T18:05:00.739+0000] {processor.py:183} INFO - Processing /home/airflow/.local/lib/python3.8/site-packages/airflow/example_dags/tutorial_dag.py took 0.086 seconds
[2024-02-10T18:05:30.885+0000] {processor.py:161} INFO - Started process (PID=2499) to work on /home/airflow/.local/lib/python3.8/site-packages/airflow/example_dags/tutorial_dag.py
[2024-02-10T18:05:30.888+0000] {processor.py:830} INFO - Processing file /home/airflow/.local/lib/python3.8/site-packages/airflow/example_dags/tutorial_dag.py for tasks to queue
[2024-02-10T18:05:30.891+0000] {logging_mixin.py:188} INFO - [2024-02-10T18:05:30.890+0000] {dagbag.py:538} INFO - Filling up the DagBag from /home/airflow/.local/lib/python3.8/site-packages/airflow/example_dags/tutorial_dag.py
[2024-02-10T18:05:30.897+0000] {processor.py:840} INFO - DAG(s) 'tutorial_dag' retrieved from /home/airflow/.local/lib/python3.8/site-packages/airflow/example_dags/tutorial_dag.py
[2024-02-10T18:05:30.937+0000] {logging_mixin.py:188} INFO - [2024-02-10T18:05:30.937+0000] {dag.py:3036} INFO - Sync 1 DAGs
[2024-02-10T18:05:30.956+0000] {logging_mixin.py:188} INFO - [2024-02-10T18:05:30.956+0000] {dag.py:3823} INFO - Setting next_dagrun for tutorial_dag to None, run_after=None
[2024-02-10T18:05:31.012+0000] {processor.py:183} INFO - Processing /home/airflow/.local/lib/python3.8/site-packages/airflow/example_dags/tutorial_dag.py took 0.142 seconds
[2024-02-10T18:06:01.107+0000] {processor.py:161} INFO - Started process (PID=2555) to work on /home/airflow/.local/lib/python3.8/site-packages/airflow/example_dags/tutorial_dag.py
[2024-02-10T18:06:01.108+0000] {processor.py:830} INFO - Processing file /home/airflow/.local/lib/python3.8/site-packages/airflow/example_dags/tutorial_dag.py for tasks to queue
[2024-02-10T18:06:01.110+0000] {logging_mixin.py:188} INFO - [2024-02-10T18:06:01.110+0000] {dagbag.py:538} INFO - Filling up the DagBag from /home/airflow/.local/lib/python3.8/site-packages/airflow/example_dags/tutorial_dag.py
[2024-02-10T18:06:01.116+0000] {processor.py:840} INFO - DAG(s) 'tutorial_dag' retrieved from /home/airflow/.local/lib/python3.8/site-packages/airflow/example_dags/tutorial_dag.py
[2024-02-10T18:06:01.137+0000] {logging_mixin.py:188} INFO - [2024-02-10T18:06:01.137+0000] {dag.py:3036} INFO - Sync 1 DAGs
[2024-02-10T18:06:01.151+0000] {logging_mixin.py:188} INFO - [2024-02-10T18:06:01.151+0000] {dag.py:3823} INFO - Setting next_dagrun for tutorial_dag to None, run_after=None
[2024-02-10T18:06:01.176+0000] {processor.py:183} INFO - Processing /home/airflow/.local/lib/python3.8/site-packages/airflow/example_dags/tutorial_dag.py took 0.072 seconds
[2024-02-10T18:06:32.128+0000] {processor.py:161} INFO - Started process (PID=2610) to work on /home/airflow/.local/lib/python3.8/site-packages/airflow/example_dags/tutorial_dag.py
[2024-02-10T18:06:32.144+0000] {processor.py:830} INFO - Processing file /home/airflow/.local/lib/python3.8/site-packages/airflow/example_dags/tutorial_dag.py for tasks to queue
[2024-02-10T18:06:32.145+0000] {logging_mixin.py:188} INFO - [2024-02-10T18:06:32.145+0000] {dagbag.py:538} INFO - Filling up the DagBag from /home/airflow/.local/lib/python3.8/site-packages/airflow/example_dags/tutorial_dag.py
[2024-02-10T18:06:32.153+0000] {processor.py:840} INFO - DAG(s) 'tutorial_dag' retrieved from /home/airflow/.local/lib/python3.8/site-packages/airflow/example_dags/tutorial_dag.py
[2024-02-10T18:06:32.198+0000] {logging_mixin.py:188} INFO - [2024-02-10T18:06:32.198+0000] {dag.py:3036} INFO - Sync 1 DAGs
[2024-02-10T18:06:32.621+0000] {logging_mixin.py:188} INFO - [2024-02-10T18:06:32.621+0000] {dag.py:3823} INFO - Setting next_dagrun for tutorial_dag to None, run_after=None
[2024-02-10T18:06:32.653+0000] {processor.py:183} INFO - Processing /home/airflow/.local/lib/python3.8/site-packages/airflow/example_dags/tutorial_dag.py took 0.528 seconds
[2024-02-10T18:07:03.096+0000] {processor.py:161} INFO - Started process (PID=2665) to work on /home/airflow/.local/lib/python3.8/site-packages/airflow/example_dags/tutorial_dag.py
[2024-02-10T18:07:03.110+0000] {processor.py:830} INFO - Processing file /home/airflow/.local/lib/python3.8/site-packages/airflow/example_dags/tutorial_dag.py for tasks to queue
[2024-02-10T18:07:03.118+0000] {logging_mixin.py:188} INFO - [2024-02-10T18:07:03.117+0000] {dagbag.py:538} INFO - Filling up the DagBag from /home/airflow/.local/lib/python3.8/site-packages/airflow/example_dags/tutorial_dag.py
[2024-02-10T18:07:03.129+0000] {processor.py:840} INFO - DAG(s) 'tutorial_dag' retrieved from /home/airflow/.local/lib/python3.8/site-packages/airflow/example_dags/tutorial_dag.py
[2024-02-10T18:07:03.197+0000] {logging_mixin.py:188} INFO - [2024-02-10T18:07:03.197+0000] {dag.py:3036} INFO - Sync 1 DAGs
[2024-02-10T18:07:03.225+0000] {logging_mixin.py:188} INFO - [2024-02-10T18:07:03.225+0000] {dag.py:3823} INFO - Setting next_dagrun for tutorial_dag to None, run_after=None
[2024-02-10T18:07:03.275+0000] {processor.py:183} INFO - Processing /home/airflow/.local/lib/python3.8/site-packages/airflow/example_dags/tutorial_dag.py took 0.186 seconds
[2024-02-10T18:07:33.592+0000] {processor.py:161} INFO - Started process (PID=2719) to work on /home/airflow/.local/lib/python3.8/site-packages/airflow/example_dags/tutorial_dag.py
[2024-02-10T18:07:33.596+0000] {processor.py:830} INFO - Processing file /home/airflow/.local/lib/python3.8/site-packages/airflow/example_dags/tutorial_dag.py for tasks to queue
[2024-02-10T18:07:33.598+0000] {logging_mixin.py:188} INFO - [2024-02-10T18:07:33.597+0000] {dagbag.py:538} INFO - Filling up the DagBag from /home/airflow/.local/lib/python3.8/site-packages/airflow/example_dags/tutorial_dag.py
[2024-02-10T18:07:33.604+0000] {processor.py:840} INFO - DAG(s) 'tutorial_dag' retrieved from /home/airflow/.local/lib/python3.8/site-packages/airflow/example_dags/tutorial_dag.py
[2024-02-10T18:07:33.624+0000] {logging_mixin.py:188} INFO - [2024-02-10T18:07:33.624+0000] {dag.py:3036} INFO - Sync 1 DAGs
[2024-02-10T18:07:33.638+0000] {logging_mixin.py:188} INFO - [2024-02-10T18:07:33.638+0000] {dag.py:3823} INFO - Setting next_dagrun for tutorial_dag to None, run_after=None
[2024-02-10T18:07:33.663+0000] {processor.py:183} INFO - Processing /home/airflow/.local/lib/python3.8/site-packages/airflow/example_dags/tutorial_dag.py took 0.077 seconds
[2024-02-10T18:08:03.877+0000] {processor.py:161} INFO - Started process (PID=2774) to work on /home/airflow/.local/lib/python3.8/site-packages/airflow/example_dags/tutorial_dag.py
[2024-02-10T18:08:03.878+0000] {processor.py:830} INFO - Processing file /home/airflow/.local/lib/python3.8/site-packages/airflow/example_dags/tutorial_dag.py for tasks to queue
[2024-02-10T18:08:03.880+0000] {logging_mixin.py:188} INFO - [2024-02-10T18:08:03.879+0000] {dagbag.py:538} INFO - Filling up the DagBag from /home/airflow/.local/lib/python3.8/site-packages/airflow/example_dags/tutorial_dag.py
[2024-02-10T18:08:03.886+0000] {processor.py:840} INFO - DAG(s) 'tutorial_dag' retrieved from /home/airflow/.local/lib/python3.8/site-packages/airflow/example_dags/tutorial_dag.py
[2024-02-10T18:08:03.906+0000] {logging_mixin.py:188} INFO - [2024-02-10T18:08:03.906+0000] {dag.py:3036} INFO - Sync 1 DAGs
[2024-02-10T18:08:03.921+0000] {logging_mixin.py:188} INFO - [2024-02-10T18:08:03.921+0000] {dag.py:3823} INFO - Setting next_dagrun for tutorial_dag to None, run_after=None
[2024-02-10T18:08:03.956+0000] {processor.py:183} INFO - Processing /home/airflow/.local/lib/python3.8/site-packages/airflow/example_dags/tutorial_dag.py took 0.081 seconds
[2024-02-10T18:08:34.382+0000] {processor.py:161} INFO - Started process (PID=2830) to work on /home/airflow/.local/lib/python3.8/site-packages/airflow/example_dags/tutorial_dag.py
[2024-02-10T18:08:34.383+0000] {processor.py:830} INFO - Processing file /home/airflow/.local/lib/python3.8/site-packages/airflow/example_dags/tutorial_dag.py for tasks to queue
[2024-02-10T18:08:34.385+0000] {logging_mixin.py:188} INFO - [2024-02-10T18:08:34.384+0000] {dagbag.py:538} INFO - Filling up the DagBag from /home/airflow/.local/lib/python3.8/site-packages/airflow/example_dags/tutorial_dag.py
[2024-02-10T18:08:34.391+0000] {processor.py:840} INFO - DAG(s) 'tutorial_dag' retrieved from /home/airflow/.local/lib/python3.8/site-packages/airflow/example_dags/tutorial_dag.py
[2024-02-10T18:08:34.411+0000] {logging_mixin.py:188} INFO - [2024-02-10T18:08:34.411+0000] {dag.py:3036} INFO - Sync 1 DAGs
[2024-02-10T18:08:34.424+0000] {logging_mixin.py:188} INFO - [2024-02-10T18:08:34.424+0000] {dag.py:3823} INFO - Setting next_dagrun for tutorial_dag to None, run_after=None
[2024-02-10T18:08:34.450+0000] {processor.py:183} INFO - Processing /home/airflow/.local/lib/python3.8/site-packages/airflow/example_dags/tutorial_dag.py took 0.076 seconds
[2024-02-10T18:09:05.055+0000] {processor.py:161} INFO - Started process (PID=2886) to work on /home/airflow/.local/lib/python3.8/site-packages/airflow/example_dags/tutorial_dag.py
[2024-02-10T18:09:05.056+0000] {processor.py:830} INFO - Processing file /home/airflow/.local/lib/python3.8/site-packages/airflow/example_dags/tutorial_dag.py for tasks to queue
[2024-02-10T18:09:05.058+0000] {logging_mixin.py:188} INFO - [2024-02-10T18:09:05.058+0000] {dagbag.py:538} INFO - Filling up the DagBag from /home/airflow/.local/lib/python3.8/site-packages/airflow/example_dags/tutorial_dag.py
[2024-02-10T18:09:05.072+0000] {processor.py:840} INFO - DAG(s) 'tutorial_dag' retrieved from /home/airflow/.local/lib/python3.8/site-packages/airflow/example_dags/tutorial_dag.py
[2024-02-10T18:09:05.121+0000] {logging_mixin.py:188} INFO - [2024-02-10T18:09:05.121+0000] {dag.py:3036} INFO - Sync 1 DAGs
[2024-02-10T18:09:05.153+0000] {logging_mixin.py:188} INFO - [2024-02-10T18:09:05.153+0000] {dag.py:3823} INFO - Setting next_dagrun for tutorial_dag to None, run_after=None
[2024-02-10T18:09:05.190+0000] {processor.py:183} INFO - Processing /home/airflow/.local/lib/python3.8/site-packages/airflow/example_dags/tutorial_dag.py took 0.140 seconds
[2024-02-10T18:09:35.464+0000] {processor.py:161} INFO - Started process (PID=2942) to work on /home/airflow/.local/lib/python3.8/site-packages/airflow/example_dags/tutorial_dag.py
[2024-02-10T18:09:35.465+0000] {processor.py:830} INFO - Processing file /home/airflow/.local/lib/python3.8/site-packages/airflow/example_dags/tutorial_dag.py for tasks to queue
[2024-02-10T18:09:35.467+0000] {logging_mixin.py:188} INFO - [2024-02-10T18:09:35.466+0000] {dagbag.py:538} INFO - Filling up the DagBag from /home/airflow/.local/lib/python3.8/site-packages/airflow/example_dags/tutorial_dag.py
[2024-02-10T18:09:35.472+0000] {processor.py:840} INFO - DAG(s) 'tutorial_dag' retrieved from /home/airflow/.local/lib/python3.8/site-packages/airflow/example_dags/tutorial_dag.py
[2024-02-10T18:09:35.493+0000] {logging_mixin.py:188} INFO - [2024-02-10T18:09:35.493+0000] {dag.py:3036} INFO - Sync 1 DAGs
[2024-02-10T18:09:35.506+0000] {logging_mixin.py:188} INFO - [2024-02-10T18:09:35.506+0000] {dag.py:3823} INFO - Setting next_dagrun for tutorial_dag to None, run_after=None
[2024-02-10T18:09:35.531+0000] {processor.py:183} INFO - Processing /home/airflow/.local/lib/python3.8/site-packages/airflow/example_dags/tutorial_dag.py took 0.070 seconds
[2024-02-10T18:10:05.909+0000] {processor.py:161} INFO - Started process (PID=2996) to work on /home/airflow/.local/lib/python3.8/site-packages/airflow/example_dags/tutorial_dag.py
[2024-02-10T18:10:05.910+0000] {processor.py:830} INFO - Processing file /home/airflow/.local/lib/python3.8/site-packages/airflow/example_dags/tutorial_dag.py for tasks to queue
[2024-02-10T18:10:05.911+0000] {logging_mixin.py:188} INFO - [2024-02-10T18:10:05.911+0000] {dagbag.py:538} INFO - Filling up the DagBag from /home/airflow/.local/lib/python3.8/site-packages/airflow/example_dags/tutorial_dag.py
[2024-02-10T18:10:05.917+0000] {processor.py:840} INFO - DAG(s) 'tutorial_dag' retrieved from /home/airflow/.local/lib/python3.8/site-packages/airflow/example_dags/tutorial_dag.py
[2024-02-10T18:10:05.975+0000] {logging_mixin.py:188} INFO - [2024-02-10T18:10:05.975+0000] {dag.py:3036} INFO - Sync 1 DAGs
[2024-02-10T18:10:06.005+0000] {logging_mixin.py:188} INFO - [2024-02-10T18:10:06.005+0000] {dag.py:3823} INFO - Setting next_dagrun for tutorial_dag to None, run_after=None
[2024-02-10T18:10:06.074+0000] {processor.py:183} INFO - Processing /home/airflow/.local/lib/python3.8/site-packages/airflow/example_dags/tutorial_dag.py took 0.181 seconds
[2024-02-10T18:10:37.088+0000] {processor.py:161} INFO - Started process (PID=3051) to work on /home/airflow/.local/lib/python3.8/site-packages/airflow/example_dags/tutorial_dag.py
[2024-02-10T18:10:37.094+0000] {processor.py:830} INFO - Processing file /home/airflow/.local/lib/python3.8/site-packages/airflow/example_dags/tutorial_dag.py for tasks to queue
[2024-02-10T18:10:37.096+0000] {logging_mixin.py:188} INFO - [2024-02-10T18:10:37.096+0000] {dagbag.py:538} INFO - Filling up the DagBag from /home/airflow/.local/lib/python3.8/site-packages/airflow/example_dags/tutorial_dag.py
[2024-02-10T18:10:37.117+0000] {processor.py:840} INFO - DAG(s) 'tutorial_dag' retrieved from /home/airflow/.local/lib/python3.8/site-packages/airflow/example_dags/tutorial_dag.py
[2024-02-10T18:10:37.162+0000] {logging_mixin.py:188} INFO - [2024-02-10T18:10:37.162+0000] {dag.py:3036} INFO - Sync 1 DAGs
[2024-02-10T18:10:37.187+0000] {logging_mixin.py:188} INFO - [2024-02-10T18:10:37.186+0000] {dag.py:3823} INFO - Setting next_dagrun for tutorial_dag to None, run_after=None
[2024-02-10T18:10:37.217+0000] {processor.py:183} INFO - Processing /home/airflow/.local/lib/python3.8/site-packages/airflow/example_dags/tutorial_dag.py took 0.132 seconds
[2024-02-10T18:11:07.717+0000] {processor.py:161} INFO - Started process (PID=3105) to work on /home/airflow/.local/lib/python3.8/site-packages/airflow/example_dags/tutorial_dag.py
[2024-02-10T18:11:07.718+0000] {processor.py:830} INFO - Processing file /home/airflow/.local/lib/python3.8/site-packages/airflow/example_dags/tutorial_dag.py for tasks to queue
[2024-02-10T18:11:07.721+0000] {logging_mixin.py:188} INFO - [2024-02-10T18:11:07.720+0000] {dagbag.py:538} INFO - Filling up the DagBag from /home/airflow/.local/lib/python3.8/site-packages/airflow/example_dags/tutorial_dag.py
[2024-02-10T18:11:07.727+0000] {processor.py:840} INFO - DAG(s) 'tutorial_dag' retrieved from /home/airflow/.local/lib/python3.8/site-packages/airflow/example_dags/tutorial_dag.py
[2024-02-10T18:11:07.750+0000] {logging_mixin.py:188} INFO - [2024-02-10T18:11:07.750+0000] {dag.py:3036} INFO - Sync 1 DAGs
[2024-02-10T18:11:07.764+0000] {logging_mixin.py:188} INFO - [2024-02-10T18:11:07.764+0000] {dag.py:3823} INFO - Setting next_dagrun for tutorial_dag to None, run_after=None
[2024-02-10T18:11:07.792+0000] {processor.py:183} INFO - Processing /home/airflow/.local/lib/python3.8/site-packages/airflow/example_dags/tutorial_dag.py took 0.081 seconds
[2024-02-10T18:11:38.238+0000] {processor.py:161} INFO - Started process (PID=3161) to work on /home/airflow/.local/lib/python3.8/site-packages/airflow/example_dags/tutorial_dag.py
[2024-02-10T18:11:38.238+0000] {processor.py:830} INFO - Processing file /home/airflow/.local/lib/python3.8/site-packages/airflow/example_dags/tutorial_dag.py for tasks to queue
[2024-02-10T18:11:38.240+0000] {logging_mixin.py:188} INFO - [2024-02-10T18:11:38.240+0000] {dagbag.py:538} INFO - Filling up the DagBag from /home/airflow/.local/lib/python3.8/site-packages/airflow/example_dags/tutorial_dag.py
[2024-02-10T18:11:38.246+0000] {processor.py:840} INFO - DAG(s) 'tutorial_dag' retrieved from /home/airflow/.local/lib/python3.8/site-packages/airflow/example_dags/tutorial_dag.py
[2024-02-10T18:11:38.268+0000] {logging_mixin.py:188} INFO - [2024-02-10T18:11:38.268+0000] {dag.py:3036} INFO - Sync 1 DAGs
[2024-02-10T18:11:38.283+0000] {logging_mixin.py:188} INFO - [2024-02-10T18:11:38.283+0000] {dag.py:3823} INFO - Setting next_dagrun for tutorial_dag to None, run_after=None
[2024-02-10T18:11:38.308+0000] {processor.py:183} INFO - Processing /home/airflow/.local/lib/python3.8/site-packages/airflow/example_dags/tutorial_dag.py took 0.074 seconds
[2024-02-10T18:12:08.676+0000] {processor.py:161} INFO - Started process (PID=3216) to work on /home/airflow/.local/lib/python3.8/site-packages/airflow/example_dags/tutorial_dag.py
[2024-02-10T18:12:08.677+0000] {processor.py:830} INFO - Processing file /home/airflow/.local/lib/python3.8/site-packages/airflow/example_dags/tutorial_dag.py for tasks to queue
[2024-02-10T18:12:08.679+0000] {logging_mixin.py:188} INFO - [2024-02-10T18:12:08.679+0000] {dagbag.py:538} INFO - Filling up the DagBag from /home/airflow/.local/lib/python3.8/site-packages/airflow/example_dags/tutorial_dag.py
[2024-02-10T18:12:08.690+0000] {processor.py:840} INFO - DAG(s) 'tutorial_dag' retrieved from /home/airflow/.local/lib/python3.8/site-packages/airflow/example_dags/tutorial_dag.py
[2024-02-10T18:12:08.717+0000] {logging_mixin.py:188} INFO - [2024-02-10T18:12:08.716+0000] {dag.py:3036} INFO - Sync 1 DAGs
[2024-02-10T18:12:08.733+0000] {logging_mixin.py:188} INFO - [2024-02-10T18:12:08.733+0000] {dag.py:3823} INFO - Setting next_dagrun for tutorial_dag to None, run_after=None
[2024-02-10T18:12:08.758+0000] {processor.py:183} INFO - Processing /home/airflow/.local/lib/python3.8/site-packages/airflow/example_dags/tutorial_dag.py took 0.086 seconds
[2024-02-10T18:12:39.100+0000] {processor.py:161} INFO - Started process (PID=3272) to work on /home/airflow/.local/lib/python3.8/site-packages/airflow/example_dags/tutorial_dag.py
[2024-02-10T18:12:39.108+0000] {processor.py:830} INFO - Processing file /home/airflow/.local/lib/python3.8/site-packages/airflow/example_dags/tutorial_dag.py for tasks to queue
[2024-02-10T18:12:39.114+0000] {logging_mixin.py:188} INFO - [2024-02-10T18:12:39.114+0000] {dagbag.py:538} INFO - Filling up the DagBag from /home/airflow/.local/lib/python3.8/site-packages/airflow/example_dags/tutorial_dag.py
[2024-02-10T18:12:39.125+0000] {processor.py:840} INFO - DAG(s) 'tutorial_dag' retrieved from /home/airflow/.local/lib/python3.8/site-packages/airflow/example_dags/tutorial_dag.py
[2024-02-10T18:12:39.182+0000] {logging_mixin.py:188} INFO - [2024-02-10T18:12:39.182+0000] {dag.py:3036} INFO - Sync 1 DAGs
[2024-02-10T18:12:39.208+0000] {logging_mixin.py:188} INFO - [2024-02-10T18:12:39.207+0000] {dag.py:3823} INFO - Setting next_dagrun for tutorial_dag to None, run_after=None
[2024-02-10T18:12:39.251+0000] {processor.py:183} INFO - Processing /home/airflow/.local/lib/python3.8/site-packages/airflow/example_dags/tutorial_dag.py took 0.152 seconds
[2024-02-10T18:13:09.499+0000] {processor.py:161} INFO - Started process (PID=3327) to work on /home/airflow/.local/lib/python3.8/site-packages/airflow/example_dags/tutorial_dag.py
[2024-02-10T18:13:09.500+0000] {processor.py:830} INFO - Processing file /home/airflow/.local/lib/python3.8/site-packages/airflow/example_dags/tutorial_dag.py for tasks to queue
[2024-02-10T18:13:09.502+0000] {logging_mixin.py:188} INFO - [2024-02-10T18:13:09.501+0000] {dagbag.py:538} INFO - Filling up the DagBag from /home/airflow/.local/lib/python3.8/site-packages/airflow/example_dags/tutorial_dag.py
[2024-02-10T18:13:09.508+0000] {processor.py:840} INFO - DAG(s) 'tutorial_dag' retrieved from /home/airflow/.local/lib/python3.8/site-packages/airflow/example_dags/tutorial_dag.py
[2024-02-10T18:13:09.529+0000] {logging_mixin.py:188} INFO - [2024-02-10T18:13:09.529+0000] {dag.py:3036} INFO - Sync 1 DAGs
[2024-02-10T18:13:09.543+0000] {logging_mixin.py:188} INFO - [2024-02-10T18:13:09.543+0000] {dag.py:3823} INFO - Setting next_dagrun for tutorial_dag to None, run_after=None
[2024-02-10T18:13:09.569+0000] {processor.py:183} INFO - Processing /home/airflow/.local/lib/python3.8/site-packages/airflow/example_dags/tutorial_dag.py took 0.073 seconds
[2024-02-10T18:13:39.896+0000] {processor.py:161} INFO - Started process (PID=3383) to work on /home/airflow/.local/lib/python3.8/site-packages/airflow/example_dags/tutorial_dag.py
[2024-02-10T18:13:39.897+0000] {processor.py:830} INFO - Processing file /home/airflow/.local/lib/python3.8/site-packages/airflow/example_dags/tutorial_dag.py for tasks to queue
[2024-02-10T18:13:39.899+0000] {logging_mixin.py:188} INFO - [2024-02-10T18:13:39.899+0000] {dagbag.py:538} INFO - Filling up the DagBag from /home/airflow/.local/lib/python3.8/site-packages/airflow/example_dags/tutorial_dag.py
[2024-02-10T18:13:39.906+0000] {processor.py:840} INFO - DAG(s) 'tutorial_dag' retrieved from /home/airflow/.local/lib/python3.8/site-packages/airflow/example_dags/tutorial_dag.py
[2024-02-10T18:13:39.928+0000] {logging_mixin.py:188} INFO - [2024-02-10T18:13:39.927+0000] {dag.py:3036} INFO - Sync 1 DAGs
[2024-02-10T18:13:39.942+0000] {logging_mixin.py:188} INFO - [2024-02-10T18:13:39.942+0000] {dag.py:3823} INFO - Setting next_dagrun for tutorial_dag to None, run_after=None
[2024-02-10T18:13:39.968+0000] {processor.py:183} INFO - Processing /home/airflow/.local/lib/python3.8/site-packages/airflow/example_dags/tutorial_dag.py took 0.075 seconds
[2024-02-10T18:14:10.277+0000] {processor.py:161} INFO - Started process (PID=3438) to work on /home/airflow/.local/lib/python3.8/site-packages/airflow/example_dags/tutorial_dag.py
[2024-02-10T18:14:10.278+0000] {processor.py:830} INFO - Processing file /home/airflow/.local/lib/python3.8/site-packages/airflow/example_dags/tutorial_dag.py for tasks to queue
[2024-02-10T18:14:10.279+0000] {logging_mixin.py:188} INFO - [2024-02-10T18:14:10.279+0000] {dagbag.py:538} INFO - Filling up the DagBag from /home/airflow/.local/lib/python3.8/site-packages/airflow/example_dags/tutorial_dag.py
[2024-02-10T18:14:10.286+0000] {processor.py:840} INFO - DAG(s) 'tutorial_dag' retrieved from /home/airflow/.local/lib/python3.8/site-packages/airflow/example_dags/tutorial_dag.py
[2024-02-10T18:14:10.307+0000] {logging_mixin.py:188} INFO - [2024-02-10T18:14:10.306+0000] {dag.py:3036} INFO - Sync 1 DAGs
[2024-02-10T18:14:10.321+0000] {logging_mixin.py:188} INFO - [2024-02-10T18:14:10.320+0000] {dag.py:3823} INFO - Setting next_dagrun for tutorial_dag to None, run_after=None
[2024-02-10T18:14:10.346+0000] {processor.py:183} INFO - Processing /home/airflow/.local/lib/python3.8/site-packages/airflow/example_dags/tutorial_dag.py took 0.072 seconds
[2024-02-10T18:14:40.509+0000] {processor.py:161} INFO - Started process (PID=3493) to work on /home/airflow/.local/lib/python3.8/site-packages/airflow/example_dags/tutorial_dag.py
[2024-02-10T18:14:40.526+0000] {processor.py:830} INFO - Processing file /home/airflow/.local/lib/python3.8/site-packages/airflow/example_dags/tutorial_dag.py for tasks to queue
[2024-02-10T18:14:40.529+0000] {logging_mixin.py:188} INFO - [2024-02-10T18:14:40.528+0000] {dagbag.py:538} INFO - Filling up the DagBag from /home/airflow/.local/lib/python3.8/site-packages/airflow/example_dags/tutorial_dag.py
[2024-02-10T18:14:40.553+0000] {processor.py:840} INFO - DAG(s) 'tutorial_dag' retrieved from /home/airflow/.local/lib/python3.8/site-packages/airflow/example_dags/tutorial_dag.py
[2024-02-10T18:14:40.609+0000] {logging_mixin.py:188} INFO - [2024-02-10T18:14:40.609+0000] {dag.py:3036} INFO - Sync 1 DAGs
[2024-02-10T18:14:40.662+0000] {logging_mixin.py:188} INFO - [2024-02-10T18:14:40.662+0000] {dag.py:3823} INFO - Setting next_dagrun for tutorial_dag to None, run_after=None
[2024-02-10T18:14:40.713+0000] {processor.py:183} INFO - Processing /home/airflow/.local/lib/python3.8/site-packages/airflow/example_dags/tutorial_dag.py took 0.220 seconds
[2024-02-10T18:15:10.855+0000] {processor.py:161} INFO - Started process (PID=3548) to work on /home/airflow/.local/lib/python3.8/site-packages/airflow/example_dags/tutorial_dag.py
[2024-02-10T18:15:10.856+0000] {processor.py:830} INFO - Processing file /home/airflow/.local/lib/python3.8/site-packages/airflow/example_dags/tutorial_dag.py for tasks to queue
[2024-02-10T18:15:10.858+0000] {logging_mixin.py:188} INFO - [2024-02-10T18:15:10.857+0000] {dagbag.py:538} INFO - Filling up the DagBag from /home/airflow/.local/lib/python3.8/site-packages/airflow/example_dags/tutorial_dag.py
[2024-02-10T18:15:10.864+0000] {processor.py:840} INFO - DAG(s) 'tutorial_dag' retrieved from /home/airflow/.local/lib/python3.8/site-packages/airflow/example_dags/tutorial_dag.py
[2024-02-10T18:15:10.885+0000] {logging_mixin.py:188} INFO - [2024-02-10T18:15:10.885+0000] {dag.py:3036} INFO - Sync 1 DAGs
[2024-02-10T18:15:10.899+0000] {logging_mixin.py:188} INFO - [2024-02-10T18:15:10.899+0000] {dag.py:3823} INFO - Setting next_dagrun for tutorial_dag to None, run_after=None
[2024-02-10T18:15:10.924+0000] {processor.py:183} INFO - Processing /home/airflow/.local/lib/python3.8/site-packages/airflow/example_dags/tutorial_dag.py took 0.073 seconds
[2024-02-10T18:15:41.335+0000] {processor.py:161} INFO - Started process (PID=3603) to work on /home/airflow/.local/lib/python3.8/site-packages/airflow/example_dags/tutorial_dag.py
[2024-02-10T18:15:41.336+0000] {processor.py:830} INFO - Processing file /home/airflow/.local/lib/python3.8/site-packages/airflow/example_dags/tutorial_dag.py for tasks to queue
[2024-02-10T18:15:41.338+0000] {logging_mixin.py:188} INFO - [2024-02-10T18:15:41.337+0000] {dagbag.py:538} INFO - Filling up the DagBag from /home/airflow/.local/lib/python3.8/site-packages/airflow/example_dags/tutorial_dag.py
[2024-02-10T18:15:41.344+0000] {processor.py:840} INFO - DAG(s) 'tutorial_dag' retrieved from /home/airflow/.local/lib/python3.8/site-packages/airflow/example_dags/tutorial_dag.py
[2024-02-10T18:15:41.366+0000] {logging_mixin.py:188} INFO - [2024-02-10T18:15:41.365+0000] {dag.py:3036} INFO - Sync 1 DAGs
[2024-02-10T18:15:41.378+0000] {logging_mixin.py:188} INFO - [2024-02-10T18:15:41.378+0000] {dag.py:3823} INFO - Setting next_dagrun for tutorial_dag to None, run_after=None
[2024-02-10T18:15:41.405+0000] {processor.py:183} INFO - Processing /home/airflow/.local/lib/python3.8/site-packages/airflow/example_dags/tutorial_dag.py took 0.077 seconds
[2024-02-10T18:16:11.685+0000] {processor.py:161} INFO - Started process (PID=3659) to work on /home/airflow/.local/lib/python3.8/site-packages/airflow/example_dags/tutorial_dag.py
[2024-02-10T18:16:11.687+0000] {processor.py:830} INFO - Processing file /home/airflow/.local/lib/python3.8/site-packages/airflow/example_dags/tutorial_dag.py for tasks to queue
[2024-02-10T18:16:11.689+0000] {logging_mixin.py:188} INFO - [2024-02-10T18:16:11.689+0000] {dagbag.py:538} INFO - Filling up the DagBag from /home/airflow/.local/lib/python3.8/site-packages/airflow/example_dags/tutorial_dag.py
[2024-02-10T18:16:11.696+0000] {processor.py:840} INFO - DAG(s) 'tutorial_dag' retrieved from /home/airflow/.local/lib/python3.8/site-packages/airflow/example_dags/tutorial_dag.py
[2024-02-10T18:16:11.742+0000] {logging_mixin.py:188} INFO - [2024-02-10T18:16:11.741+0000] {dag.py:3036} INFO - Sync 1 DAGs
[2024-02-10T18:16:11.767+0000] {logging_mixin.py:188} INFO - [2024-02-10T18:16:11.767+0000] {dag.py:3823} INFO - Setting next_dagrun for tutorial_dag to None, run_after=None
[2024-02-10T18:16:11.796+0000] {processor.py:183} INFO - Processing /home/airflow/.local/lib/python3.8/site-packages/airflow/example_dags/tutorial_dag.py took 0.115 seconds
