[2024-02-10T17:42:59.268+0000] {processor.py:161} INFO - Started process (PID=43) to work on /home/airflow/.local/lib/python3.8/site-packages/airflow/example_dags/tutorial.py
[2024-02-10T17:42:59.269+0000] {processor.py:830} INFO - Processing file /home/airflow/.local/lib/python3.8/site-packages/airflow/example_dags/tutorial.py for tasks to queue
[2024-02-10T17:42:59.281+0000] {logging_mixin.py:188} INFO - [2024-02-10T17:42:59.280+0000] {dagbag.py:538} INFO - Filling up the DagBag from /home/airflow/.local/lib/python3.8/site-packages/airflow/example_dags/tutorial.py
[2024-02-10T17:42:59.306+0000] {processor.py:840} INFO - DAG(s) 'tutorial' retrieved from /home/airflow/.local/lib/python3.8/site-packages/airflow/example_dags/tutorial.py
[2024-02-10T17:42:59.863+0000] {logging_mixin.py:188} INFO - [2024-02-10T17:42:59.862+0000] {dag.py:3036} INFO - Sync 1 DAGs
[2024-02-10T17:42:59.951+0000] {logging_mixin.py:188} INFO - [2024-02-10T17:42:59.951+0000] {dag.py:3823} INFO - Setting next_dagrun for tutorial to 2024-02-09 00:00:00+00:00, run_after=2024-02-10 00:00:00+00:00
[2024-02-10T17:43:00.031+0000] {processor.py:183} INFO - Processing /home/airflow/.local/lib/python3.8/site-packages/airflow/example_dags/tutorial.py took 0.772 seconds
[2024-02-10T17:43:30.299+0000] {processor.py:161} INFO - Started process (PID=98) to work on /home/airflow/.local/lib/python3.8/site-packages/airflow/example_dags/tutorial.py
[2024-02-10T17:43:30.300+0000] {processor.py:830} INFO - Processing file /home/airflow/.local/lib/python3.8/site-packages/airflow/example_dags/tutorial.py for tasks to queue
[2024-02-10T17:43:30.301+0000] {logging_mixin.py:188} INFO - [2024-02-10T17:43:30.301+0000] {dagbag.py:538} INFO - Filling up the DagBag from /home/airflow/.local/lib/python3.8/site-packages/airflow/example_dags/tutorial.py
[2024-02-10T17:43:30.306+0000] {processor.py:840} INFO - DAG(s) 'tutorial' retrieved from /home/airflow/.local/lib/python3.8/site-packages/airflow/example_dags/tutorial.py
[2024-02-10T17:43:30.324+0000] {logging_mixin.py:188} INFO - [2024-02-10T17:43:30.324+0000] {dag.py:3036} INFO - Sync 1 DAGs
[2024-02-10T17:43:30.353+0000] {logging_mixin.py:188} INFO - [2024-02-10T17:43:30.353+0000] {dag.py:3823} INFO - Setting next_dagrun for tutorial to 2024-02-09 00:00:00+00:00, run_after=2024-02-10 00:00:00+00:00
[2024-02-10T17:43:30.378+0000] {processor.py:183} INFO - Processing /home/airflow/.local/lib/python3.8/site-packages/airflow/example_dags/tutorial.py took 0.082 seconds
[2024-02-10T17:44:00.680+0000] {processor.py:161} INFO - Started process (PID=153) to work on /home/airflow/.local/lib/python3.8/site-packages/airflow/example_dags/tutorial.py
[2024-02-10T17:44:00.681+0000] {processor.py:830} INFO - Processing file /home/airflow/.local/lib/python3.8/site-packages/airflow/example_dags/tutorial.py for tasks to queue
[2024-02-10T17:44:00.683+0000] {logging_mixin.py:188} INFO - [2024-02-10T17:44:00.683+0000] {dagbag.py:538} INFO - Filling up the DagBag from /home/airflow/.local/lib/python3.8/site-packages/airflow/example_dags/tutorial.py
[2024-02-10T17:44:00.689+0000] {processor.py:840} INFO - DAG(s) 'tutorial' retrieved from /home/airflow/.local/lib/python3.8/site-packages/airflow/example_dags/tutorial.py
[2024-02-10T17:44:00.711+0000] {logging_mixin.py:188} INFO - [2024-02-10T17:44:00.711+0000] {dag.py:3036} INFO - Sync 1 DAGs
[2024-02-10T17:44:00.737+0000] {logging_mixin.py:188} INFO - [2024-02-10T17:44:00.737+0000] {dag.py:3823} INFO - Setting next_dagrun for tutorial to 2024-02-09 00:00:00+00:00, run_after=2024-02-10 00:00:00+00:00
[2024-02-10T17:44:00.761+0000] {processor.py:183} INFO - Processing /home/airflow/.local/lib/python3.8/site-packages/airflow/example_dags/tutorial.py took 0.084 seconds
[2024-02-10T17:44:31.139+0000] {processor.py:161} INFO - Started process (PID=208) to work on /home/airflow/.local/lib/python3.8/site-packages/airflow/example_dags/tutorial.py
[2024-02-10T17:44:31.150+0000] {processor.py:830} INFO - Processing file /home/airflow/.local/lib/python3.8/site-packages/airflow/example_dags/tutorial.py for tasks to queue
[2024-02-10T17:44:31.155+0000] {logging_mixin.py:188} INFO - [2024-02-10T17:44:31.155+0000] {dagbag.py:538} INFO - Filling up the DagBag from /home/airflow/.local/lib/python3.8/site-packages/airflow/example_dags/tutorial.py
[2024-02-10T17:44:31.178+0000] {processor.py:840} INFO - DAG(s) 'tutorial' retrieved from /home/airflow/.local/lib/python3.8/site-packages/airflow/example_dags/tutorial.py
[2024-02-10T17:44:31.220+0000] {logging_mixin.py:188} INFO - [2024-02-10T17:44:31.220+0000] {dag.py:3036} INFO - Sync 1 DAGs
[2024-02-10T17:44:31.263+0000] {logging_mixin.py:188} INFO - [2024-02-10T17:44:31.263+0000] {dag.py:3823} INFO - Setting next_dagrun for tutorial to 2024-02-09 00:00:00+00:00, run_after=2024-02-10 00:00:00+00:00
[2024-02-10T17:44:31.302+0000] {processor.py:183} INFO - Processing /home/airflow/.local/lib/python3.8/site-packages/airflow/example_dags/tutorial.py took 0.191 seconds
[2024-02-10T17:45:02.334+0000] {processor.py:161} INFO - Started process (PID=263) to work on /home/airflow/.local/lib/python3.8/site-packages/airflow/example_dags/tutorial.py
[2024-02-10T17:45:02.344+0000] {processor.py:830} INFO - Processing file /home/airflow/.local/lib/python3.8/site-packages/airflow/example_dags/tutorial.py for tasks to queue
[2024-02-10T17:45:02.353+0000] {logging_mixin.py:188} INFO - [2024-02-10T17:45:02.349+0000] {dagbag.py:538} INFO - Filling up the DagBag from /home/airflow/.local/lib/python3.8/site-packages/airflow/example_dags/tutorial.py
[2024-02-10T17:45:02.378+0000] {processor.py:840} INFO - DAG(s) 'tutorial' retrieved from /home/airflow/.local/lib/python3.8/site-packages/airflow/example_dags/tutorial.py
[2024-02-10T17:45:02.452+0000] {logging_mixin.py:188} INFO - [2024-02-10T17:45:02.452+0000] {dag.py:3036} INFO - Sync 1 DAGs
[2024-02-10T17:45:02.485+0000] {logging_mixin.py:188} INFO - [2024-02-10T17:45:02.485+0000] {dag.py:3823} INFO - Setting next_dagrun for tutorial to 2024-02-09 00:00:00+00:00, run_after=2024-02-10 00:00:00+00:00
[2024-02-10T17:45:02.535+0000] {processor.py:183} INFO - Processing /home/airflow/.local/lib/python3.8/site-packages/airflow/example_dags/tutorial.py took 0.205 seconds
[2024-02-10T17:45:33.331+0000] {processor.py:161} INFO - Started process (PID=317) to work on /home/airflow/.local/lib/python3.8/site-packages/airflow/example_dags/tutorial.py
[2024-02-10T17:45:33.334+0000] {processor.py:830} INFO - Processing file /home/airflow/.local/lib/python3.8/site-packages/airflow/example_dags/tutorial.py for tasks to queue
[2024-02-10T17:45:33.336+0000] {logging_mixin.py:188} INFO - [2024-02-10T17:45:33.336+0000] {dagbag.py:538} INFO - Filling up the DagBag from /home/airflow/.local/lib/python3.8/site-packages/airflow/example_dags/tutorial.py
[2024-02-10T17:45:33.342+0000] {processor.py:840} INFO - DAG(s) 'tutorial' retrieved from /home/airflow/.local/lib/python3.8/site-packages/airflow/example_dags/tutorial.py
[2024-02-10T17:45:33.386+0000] {logging_mixin.py:188} INFO - [2024-02-10T17:45:33.385+0000] {dag.py:3036} INFO - Sync 1 DAGs
[2024-02-10T17:45:33.436+0000] {logging_mixin.py:188} INFO - [2024-02-10T17:45:33.435+0000] {dag.py:3823} INFO - Setting next_dagrun for tutorial to 2024-02-09 00:00:00+00:00, run_after=2024-02-10 00:00:00+00:00
[2024-02-10T17:45:33.480+0000] {processor.py:183} INFO - Processing /home/airflow/.local/lib/python3.8/site-packages/airflow/example_dags/tutorial.py took 0.163 seconds
[2024-02-10T17:46:03.682+0000] {processor.py:161} INFO - Started process (PID=373) to work on /home/airflow/.local/lib/python3.8/site-packages/airflow/example_dags/tutorial.py
[2024-02-10T17:46:03.682+0000] {processor.py:830} INFO - Processing file /home/airflow/.local/lib/python3.8/site-packages/airflow/example_dags/tutorial.py for tasks to queue
[2024-02-10T17:46:03.684+0000] {logging_mixin.py:188} INFO - [2024-02-10T17:46:03.683+0000] {dagbag.py:538} INFO - Filling up the DagBag from /home/airflow/.local/lib/python3.8/site-packages/airflow/example_dags/tutorial.py
[2024-02-10T17:46:03.688+0000] {processor.py:840} INFO - DAG(s) 'tutorial' retrieved from /home/airflow/.local/lib/python3.8/site-packages/airflow/example_dags/tutorial.py
[2024-02-10T17:46:03.704+0000] {logging_mixin.py:188} INFO - [2024-02-10T17:46:03.704+0000] {dag.py:3036} INFO - Sync 1 DAGs
[2024-02-10T17:46:03.724+0000] {logging_mixin.py:188} INFO - [2024-02-10T17:46:03.724+0000] {dag.py:3823} INFO - Setting next_dagrun for tutorial to 2024-02-09 00:00:00+00:00, run_after=2024-02-10 00:00:00+00:00
[2024-02-10T17:46:03.743+0000] {processor.py:183} INFO - Processing /home/airflow/.local/lib/python3.8/site-packages/airflow/example_dags/tutorial.py took 0.065 seconds
[2024-02-10T17:46:33.883+0000] {processor.py:161} INFO - Started process (PID=429) to work on /home/airflow/.local/lib/python3.8/site-packages/airflow/example_dags/tutorial.py
[2024-02-10T17:46:33.884+0000] {processor.py:830} INFO - Processing file /home/airflow/.local/lib/python3.8/site-packages/airflow/example_dags/tutorial.py for tasks to queue
[2024-02-10T17:46:33.886+0000] {logging_mixin.py:188} INFO - [2024-02-10T17:46:33.886+0000] {dagbag.py:538} INFO - Filling up the DagBag from /home/airflow/.local/lib/python3.8/site-packages/airflow/example_dags/tutorial.py
[2024-02-10T17:46:33.893+0000] {processor.py:840} INFO - DAG(s) 'tutorial' retrieved from /home/airflow/.local/lib/python3.8/site-packages/airflow/example_dags/tutorial.py
[2024-02-10T17:46:33.909+0000] {logging_mixin.py:188} INFO - [2024-02-10T17:46:33.909+0000] {dag.py:3036} INFO - Sync 1 DAGs
[2024-02-10T17:46:33.927+0000] {logging_mixin.py:188} INFO - [2024-02-10T17:46:33.927+0000] {dag.py:3823} INFO - Setting next_dagrun for tutorial to 2024-02-09 00:00:00+00:00, run_after=2024-02-10 00:00:00+00:00
[2024-02-10T17:46:33.946+0000] {processor.py:183} INFO - Processing /home/airflow/.local/lib/python3.8/site-packages/airflow/example_dags/tutorial.py took 0.067 seconds
[2024-02-10T17:47:04.600+0000] {processor.py:161} INFO - Started process (PID=485) to work on /home/airflow/.local/lib/python3.8/site-packages/airflow/example_dags/tutorial.py
[2024-02-10T17:47:04.601+0000] {processor.py:830} INFO - Processing file /home/airflow/.local/lib/python3.8/site-packages/airflow/example_dags/tutorial.py for tasks to queue
[2024-02-10T17:47:04.603+0000] {logging_mixin.py:188} INFO - [2024-02-10T17:47:04.603+0000] {dagbag.py:538} INFO - Filling up the DagBag from /home/airflow/.local/lib/python3.8/site-packages/airflow/example_dags/tutorial.py
[2024-02-10T17:47:04.610+0000] {processor.py:840} INFO - DAG(s) 'tutorial' retrieved from /home/airflow/.local/lib/python3.8/site-packages/airflow/example_dags/tutorial.py
[2024-02-10T17:47:04.635+0000] {logging_mixin.py:188} INFO - [2024-02-10T17:47:04.635+0000] {dag.py:3036} INFO - Sync 1 DAGs
[2024-02-10T17:47:04.662+0000] {logging_mixin.py:188} INFO - [2024-02-10T17:47:04.662+0000] {dag.py:3823} INFO - Setting next_dagrun for tutorial to 2024-02-09 00:00:00+00:00, run_after=2024-02-10 00:00:00+00:00
[2024-02-10T17:47:04.689+0000] {processor.py:183} INFO - Processing /home/airflow/.local/lib/python3.8/site-packages/airflow/example_dags/tutorial.py took 0.093 seconds
[2024-02-10T17:47:34.983+0000] {processor.py:161} INFO - Started process (PID=540) to work on /home/airflow/.local/lib/python3.8/site-packages/airflow/example_dags/tutorial.py
[2024-02-10T17:47:34.984+0000] {processor.py:830} INFO - Processing file /home/airflow/.local/lib/python3.8/site-packages/airflow/example_dags/tutorial.py for tasks to queue
[2024-02-10T17:47:34.986+0000] {logging_mixin.py:188} INFO - [2024-02-10T17:47:34.986+0000] {dagbag.py:538} INFO - Filling up the DagBag from /home/airflow/.local/lib/python3.8/site-packages/airflow/example_dags/tutorial.py
[2024-02-10T17:47:34.992+0000] {processor.py:840} INFO - DAG(s) 'tutorial' retrieved from /home/airflow/.local/lib/python3.8/site-packages/airflow/example_dags/tutorial.py
[2024-02-10T17:47:35.013+0000] {logging_mixin.py:188} INFO - [2024-02-10T17:47:35.013+0000] {dag.py:3036} INFO - Sync 1 DAGs
[2024-02-10T17:47:35.039+0000] {logging_mixin.py:188} INFO - [2024-02-10T17:47:35.039+0000] {dag.py:3823} INFO - Setting next_dagrun for tutorial to 2024-02-09 00:00:00+00:00, run_after=2024-02-10 00:00:00+00:00
[2024-02-10T17:47:35.062+0000] {processor.py:183} INFO - Processing /home/airflow/.local/lib/python3.8/site-packages/airflow/example_dags/tutorial.py took 0.082 seconds
[2024-02-10T17:48:05.436+0000] {processor.py:161} INFO - Started process (PID=597) to work on /home/airflow/.local/lib/python3.8/site-packages/airflow/example_dags/tutorial.py
[2024-02-10T17:48:05.437+0000] {processor.py:830} INFO - Processing file /home/airflow/.local/lib/python3.8/site-packages/airflow/example_dags/tutorial.py for tasks to queue
[2024-02-10T17:48:05.438+0000] {logging_mixin.py:188} INFO - [2024-02-10T17:48:05.438+0000] {dagbag.py:538} INFO - Filling up the DagBag from /home/airflow/.local/lib/python3.8/site-packages/airflow/example_dags/tutorial.py
[2024-02-10T17:48:05.443+0000] {processor.py:840} INFO - DAG(s) 'tutorial' retrieved from /home/airflow/.local/lib/python3.8/site-packages/airflow/example_dags/tutorial.py
[2024-02-10T17:48:05.459+0000] {logging_mixin.py:188} INFO - [2024-02-10T17:48:05.458+0000] {dag.py:3036} INFO - Sync 1 DAGs
[2024-02-10T17:48:05.475+0000] {logging_mixin.py:188} INFO - [2024-02-10T17:48:05.475+0000] {dag.py:3823} INFO - Setting next_dagrun for tutorial to 2024-02-09 00:00:00+00:00, run_after=2024-02-10 00:00:00+00:00
[2024-02-10T17:48:05.494+0000] {processor.py:183} INFO - Processing /home/airflow/.local/lib/python3.8/site-packages/airflow/example_dags/tutorial.py took 0.061 seconds
[2024-02-10T17:48:36.249+0000] {processor.py:161} INFO - Started process (PID=654) to work on /home/airflow/.local/lib/python3.8/site-packages/airflow/example_dags/tutorial.py
[2024-02-10T17:48:36.250+0000] {processor.py:830} INFO - Processing file /home/airflow/.local/lib/python3.8/site-packages/airflow/example_dags/tutorial.py for tasks to queue
[2024-02-10T17:48:36.251+0000] {logging_mixin.py:188} INFO - [2024-02-10T17:48:36.251+0000] {dagbag.py:538} INFO - Filling up the DagBag from /home/airflow/.local/lib/python3.8/site-packages/airflow/example_dags/tutorial.py
[2024-02-10T17:48:36.256+0000] {processor.py:840} INFO - DAG(s) 'tutorial' retrieved from /home/airflow/.local/lib/python3.8/site-packages/airflow/example_dags/tutorial.py
[2024-02-10T17:48:36.272+0000] {logging_mixin.py:188} INFO - [2024-02-10T17:48:36.272+0000] {dag.py:3036} INFO - Sync 1 DAGs
[2024-02-10T17:48:36.289+0000] {logging_mixin.py:188} INFO - [2024-02-10T17:48:36.288+0000] {dag.py:3823} INFO - Setting next_dagrun for tutorial to 2024-02-09 00:00:00+00:00, run_after=2024-02-10 00:00:00+00:00
[2024-02-10T17:48:36.308+0000] {processor.py:183} INFO - Processing /home/airflow/.local/lib/python3.8/site-packages/airflow/example_dags/tutorial.py took 0.061 seconds
[2024-02-10T17:49:06.774+0000] {processor.py:161} INFO - Started process (PID=709) to work on /home/airflow/.local/lib/python3.8/site-packages/airflow/example_dags/tutorial.py
[2024-02-10T17:49:06.775+0000] {processor.py:830} INFO - Processing file /home/airflow/.local/lib/python3.8/site-packages/airflow/example_dags/tutorial.py for tasks to queue
[2024-02-10T17:49:06.776+0000] {logging_mixin.py:188} INFO - [2024-02-10T17:49:06.776+0000] {dagbag.py:538} INFO - Filling up the DagBag from /home/airflow/.local/lib/python3.8/site-packages/airflow/example_dags/tutorial.py
[2024-02-10T17:49:06.782+0000] {processor.py:840} INFO - DAG(s) 'tutorial' retrieved from /home/airflow/.local/lib/python3.8/site-packages/airflow/example_dags/tutorial.py
[2024-02-10T17:49:06.807+0000] {logging_mixin.py:188} INFO - [2024-02-10T17:49:06.806+0000] {dag.py:3036} INFO - Sync 1 DAGs
[2024-02-10T17:49:06.831+0000] {logging_mixin.py:188} INFO - [2024-02-10T17:49:06.831+0000] {dag.py:3823} INFO - Setting next_dagrun for tutorial to 2024-02-09 00:00:00+00:00, run_after=2024-02-10 00:00:00+00:00
[2024-02-10T17:49:06.870+0000] {processor.py:183} INFO - Processing /home/airflow/.local/lib/python3.8/site-packages/airflow/example_dags/tutorial.py took 0.099 seconds
[2024-02-10T17:49:37.154+0000] {processor.py:161} INFO - Started process (PID=764) to work on /home/airflow/.local/lib/python3.8/site-packages/airflow/example_dags/tutorial.py
[2024-02-10T17:49:37.155+0000] {processor.py:830} INFO - Processing file /home/airflow/.local/lib/python3.8/site-packages/airflow/example_dags/tutorial.py for tasks to queue
[2024-02-10T17:49:37.157+0000] {logging_mixin.py:188} INFO - [2024-02-10T17:49:37.157+0000] {dagbag.py:538} INFO - Filling up the DagBag from /home/airflow/.local/lib/python3.8/site-packages/airflow/example_dags/tutorial.py
[2024-02-10T17:49:37.165+0000] {processor.py:840} INFO - DAG(s) 'tutorial' retrieved from /home/airflow/.local/lib/python3.8/site-packages/airflow/example_dags/tutorial.py
[2024-02-10T17:49:37.188+0000] {logging_mixin.py:188} INFO - [2024-02-10T17:49:37.188+0000] {dag.py:3036} INFO - Sync 1 DAGs
[2024-02-10T17:49:37.213+0000] {logging_mixin.py:188} INFO - [2024-02-10T17:49:37.213+0000] {dag.py:3823} INFO - Setting next_dagrun for tutorial to 2024-02-09 00:00:00+00:00, run_after=2024-02-10 00:00:00+00:00
[2024-02-10T17:49:37.236+0000] {processor.py:183} INFO - Processing /home/airflow/.local/lib/python3.8/site-packages/airflow/example_dags/tutorial.py took 0.085 seconds
[2024-02-10T17:50:07.782+0000] {processor.py:161} INFO - Started process (PID=819) to work on /home/airflow/.local/lib/python3.8/site-packages/airflow/example_dags/tutorial.py
[2024-02-10T17:50:07.783+0000] {processor.py:830} INFO - Processing file /home/airflow/.local/lib/python3.8/site-packages/airflow/example_dags/tutorial.py for tasks to queue
[2024-02-10T17:50:07.785+0000] {logging_mixin.py:188} INFO - [2024-02-10T17:50:07.785+0000] {dagbag.py:538} INFO - Filling up the DagBag from /home/airflow/.local/lib/python3.8/site-packages/airflow/example_dags/tutorial.py
[2024-02-10T17:50:07.790+0000] {processor.py:840} INFO - DAG(s) 'tutorial' retrieved from /home/airflow/.local/lib/python3.8/site-packages/airflow/example_dags/tutorial.py
[2024-02-10T17:50:07.813+0000] {logging_mixin.py:188} INFO - [2024-02-10T17:50:07.812+0000] {dag.py:3036} INFO - Sync 1 DAGs
[2024-02-10T17:50:07.838+0000] {logging_mixin.py:188} INFO - [2024-02-10T17:50:07.838+0000] {dag.py:3823} INFO - Setting next_dagrun for tutorial to 2024-02-09 00:00:00+00:00, run_after=2024-02-10 00:00:00+00:00
[2024-02-10T17:50:07.861+0000] {processor.py:183} INFO - Processing /home/airflow/.local/lib/python3.8/site-packages/airflow/example_dags/tutorial.py took 0.082 seconds
[2024-02-10T17:50:38.381+0000] {processor.py:161} INFO - Started process (PID=874) to work on /home/airflow/.local/lib/python3.8/site-packages/airflow/example_dags/tutorial.py
[2024-02-10T17:50:38.395+0000] {processor.py:830} INFO - Processing file /home/airflow/.local/lib/python3.8/site-packages/airflow/example_dags/tutorial.py for tasks to queue
[2024-02-10T17:50:38.397+0000] {logging_mixin.py:188} INFO - [2024-02-10T17:50:38.397+0000] {dagbag.py:538} INFO - Filling up the DagBag from /home/airflow/.local/lib/python3.8/site-packages/airflow/example_dags/tutorial.py
[2024-02-10T17:50:38.426+0000] {processor.py:840} INFO - DAG(s) 'tutorial' retrieved from /home/airflow/.local/lib/python3.8/site-packages/airflow/example_dags/tutorial.py
[2024-02-10T17:50:38.480+0000] {logging_mixin.py:188} INFO - [2024-02-10T17:50:38.479+0000] {dag.py:3036} INFO - Sync 1 DAGs
[2024-02-10T17:50:38.591+0000] {logging_mixin.py:188} INFO - [2024-02-10T17:50:38.590+0000] {dag.py:3823} INFO - Setting next_dagrun for tutorial to 2024-02-09 00:00:00+00:00, run_after=2024-02-10 00:00:00+00:00
[2024-02-10T17:50:38.689+0000] {processor.py:183} INFO - Processing /home/airflow/.local/lib/python3.8/site-packages/airflow/example_dags/tutorial.py took 0.318 seconds
[2024-02-10T17:51:09.449+0000] {processor.py:161} INFO - Started process (PID=929) to work on /home/airflow/.local/lib/python3.8/site-packages/airflow/example_dags/tutorial.py
[2024-02-10T17:51:09.449+0000] {processor.py:830} INFO - Processing file /home/airflow/.local/lib/python3.8/site-packages/airflow/example_dags/tutorial.py for tasks to queue
[2024-02-10T17:51:09.452+0000] {logging_mixin.py:188} INFO - [2024-02-10T17:51:09.451+0000] {dagbag.py:538} INFO - Filling up the DagBag from /home/airflow/.local/lib/python3.8/site-packages/airflow/example_dags/tutorial.py
[2024-02-10T17:51:09.457+0000] {processor.py:840} INFO - DAG(s) 'tutorial' retrieved from /home/airflow/.local/lib/python3.8/site-packages/airflow/example_dags/tutorial.py
[2024-02-10T17:51:09.479+0000] {logging_mixin.py:188} INFO - [2024-02-10T17:51:09.479+0000] {dag.py:3036} INFO - Sync 1 DAGs
[2024-02-10T17:51:09.504+0000] {logging_mixin.py:188} INFO - [2024-02-10T17:51:09.504+0000] {dag.py:3823} INFO - Setting next_dagrun for tutorial to 2024-02-09 00:00:00+00:00, run_after=2024-02-10 00:00:00+00:00
[2024-02-10T17:51:09.529+0000] {processor.py:183} INFO - Processing /home/airflow/.local/lib/python3.8/site-packages/airflow/example_dags/tutorial.py took 0.084 seconds
[2024-02-10T17:51:40.424+0000] {processor.py:161} INFO - Started process (PID=984) to work on /home/airflow/.local/lib/python3.8/site-packages/airflow/example_dags/tutorial.py
[2024-02-10T17:51:40.425+0000] {processor.py:830} INFO - Processing file /home/airflow/.local/lib/python3.8/site-packages/airflow/example_dags/tutorial.py for tasks to queue
[2024-02-10T17:51:40.426+0000] {logging_mixin.py:188} INFO - [2024-02-10T17:51:40.426+0000] {dagbag.py:538} INFO - Filling up the DagBag from /home/airflow/.local/lib/python3.8/site-packages/airflow/example_dags/tutorial.py
[2024-02-10T17:51:40.431+0000] {processor.py:840} INFO - DAG(s) 'tutorial' retrieved from /home/airflow/.local/lib/python3.8/site-packages/airflow/example_dags/tutorial.py
[2024-02-10T17:51:40.447+0000] {logging_mixin.py:188} INFO - [2024-02-10T17:51:40.447+0000] {dag.py:3036} INFO - Sync 1 DAGs
[2024-02-10T17:51:40.481+0000] {logging_mixin.py:188} INFO - [2024-02-10T17:51:40.480+0000] {dag.py:3823} INFO - Setting next_dagrun for tutorial to 2024-02-09 00:00:00+00:00, run_after=2024-02-10 00:00:00+00:00
[2024-02-10T17:51:40.510+0000] {processor.py:183} INFO - Processing /home/airflow/.local/lib/python3.8/site-packages/airflow/example_dags/tutorial.py took 0.089 seconds
[2024-02-10T17:52:10.813+0000] {processor.py:161} INFO - Started process (PID=1039) to work on /home/airflow/.local/lib/python3.8/site-packages/airflow/example_dags/tutorial.py
[2024-02-10T17:52:10.813+0000] {processor.py:830} INFO - Processing file /home/airflow/.local/lib/python3.8/site-packages/airflow/example_dags/tutorial.py for tasks to queue
[2024-02-10T17:52:10.815+0000] {logging_mixin.py:188} INFO - [2024-02-10T17:52:10.815+0000] {dagbag.py:538} INFO - Filling up the DagBag from /home/airflow/.local/lib/python3.8/site-packages/airflow/example_dags/tutorial.py
[2024-02-10T17:52:10.821+0000] {processor.py:840} INFO - DAG(s) 'tutorial' retrieved from /home/airflow/.local/lib/python3.8/site-packages/airflow/example_dags/tutorial.py
[2024-02-10T17:52:10.842+0000] {logging_mixin.py:188} INFO - [2024-02-10T17:52:10.842+0000] {dag.py:3036} INFO - Sync 1 DAGs
[2024-02-10T17:52:10.867+0000] {logging_mixin.py:188} INFO - [2024-02-10T17:52:10.867+0000] {dag.py:3823} INFO - Setting next_dagrun for tutorial to 2024-02-09 00:00:00+00:00, run_after=2024-02-10 00:00:00+00:00
[2024-02-10T17:52:10.890+0000] {processor.py:183} INFO - Processing /home/airflow/.local/lib/python3.8/site-packages/airflow/example_dags/tutorial.py took 0.081 seconds
[2024-02-10T17:52:41.000+0000] {processor.py:161} INFO - Started process (PID=1094) to work on /home/airflow/.local/lib/python3.8/site-packages/airflow/example_dags/tutorial.py
[2024-02-10T17:52:41.000+0000] {processor.py:830} INFO - Processing file /home/airflow/.local/lib/python3.8/site-packages/airflow/example_dags/tutorial.py for tasks to queue
[2024-02-10T17:52:41.002+0000] {logging_mixin.py:188} INFO - [2024-02-10T17:52:41.002+0000] {dagbag.py:538} INFO - Filling up the DagBag from /home/airflow/.local/lib/python3.8/site-packages/airflow/example_dags/tutorial.py
[2024-02-10T17:52:41.006+0000] {processor.py:840} INFO - DAG(s) 'tutorial' retrieved from /home/airflow/.local/lib/python3.8/site-packages/airflow/example_dags/tutorial.py
[2024-02-10T17:52:41.022+0000] {logging_mixin.py:188} INFO - [2024-02-10T17:52:41.022+0000] {dag.py:3036} INFO - Sync 1 DAGs
[2024-02-10T17:52:41.039+0000] {logging_mixin.py:188} INFO - [2024-02-10T17:52:41.039+0000] {dag.py:3823} INFO - Setting next_dagrun for tutorial to 2024-02-09 00:00:00+00:00, run_after=2024-02-10 00:00:00+00:00
[2024-02-10T17:52:41.059+0000] {processor.py:183} INFO - Processing /home/airflow/.local/lib/python3.8/site-packages/airflow/example_dags/tutorial.py took 0.062 seconds
[2024-02-10T17:53:11.339+0000] {processor.py:161} INFO - Started process (PID=1149) to work on /home/airflow/.local/lib/python3.8/site-packages/airflow/example_dags/tutorial.py
[2024-02-10T17:53:11.340+0000] {processor.py:830} INFO - Processing file /home/airflow/.local/lib/python3.8/site-packages/airflow/example_dags/tutorial.py for tasks to queue
[2024-02-10T17:53:11.342+0000] {logging_mixin.py:188} INFO - [2024-02-10T17:53:11.341+0000] {dagbag.py:538} INFO - Filling up the DagBag from /home/airflow/.local/lib/python3.8/site-packages/airflow/example_dags/tutorial.py
[2024-02-10T17:53:11.346+0000] {processor.py:840} INFO - DAG(s) 'tutorial' retrieved from /home/airflow/.local/lib/python3.8/site-packages/airflow/example_dags/tutorial.py
[2024-02-10T17:53:11.362+0000] {logging_mixin.py:188} INFO - [2024-02-10T17:53:11.362+0000] {dag.py:3036} INFO - Sync 1 DAGs
[2024-02-10T17:53:11.381+0000] {logging_mixin.py:188} INFO - [2024-02-10T17:53:11.380+0000] {dag.py:3823} INFO - Setting next_dagrun for tutorial to 2024-02-09 00:00:00+00:00, run_after=2024-02-10 00:00:00+00:00
[2024-02-10T17:53:11.400+0000] {processor.py:183} INFO - Processing /home/airflow/.local/lib/python3.8/site-packages/airflow/example_dags/tutorial.py took 0.064 seconds
[2024-02-10T17:53:41.853+0000] {processor.py:161} INFO - Started process (PID=1204) to work on /home/airflow/.local/lib/python3.8/site-packages/airflow/example_dags/tutorial.py
[2024-02-10T17:53:41.854+0000] {processor.py:830} INFO - Processing file /home/airflow/.local/lib/python3.8/site-packages/airflow/example_dags/tutorial.py for tasks to queue
[2024-02-10T17:53:41.856+0000] {logging_mixin.py:188} INFO - [2024-02-10T17:53:41.855+0000] {dagbag.py:538} INFO - Filling up the DagBag from /home/airflow/.local/lib/python3.8/site-packages/airflow/example_dags/tutorial.py
[2024-02-10T17:53:41.861+0000] {processor.py:840} INFO - DAG(s) 'tutorial' retrieved from /home/airflow/.local/lib/python3.8/site-packages/airflow/example_dags/tutorial.py
[2024-02-10T17:53:41.881+0000] {logging_mixin.py:188} INFO - [2024-02-10T17:53:41.881+0000] {dag.py:3036} INFO - Sync 1 DAGs
[2024-02-10T17:53:41.898+0000] {logging_mixin.py:188} INFO - [2024-02-10T17:53:41.897+0000] {dag.py:3823} INFO - Setting next_dagrun for tutorial to 2024-02-09 00:00:00+00:00, run_after=2024-02-10 00:00:00+00:00
[2024-02-10T17:53:41.917+0000] {processor.py:183} INFO - Processing /home/airflow/.local/lib/python3.8/site-packages/airflow/example_dags/tutorial.py took 0.067 seconds
[2024-02-10T17:54:11.947+0000] {processor.py:161} INFO - Started process (PID=1260) to work on /home/airflow/.local/lib/python3.8/site-packages/airflow/example_dags/tutorial.py
[2024-02-10T17:54:11.948+0000] {processor.py:830} INFO - Processing file /home/airflow/.local/lib/python3.8/site-packages/airflow/example_dags/tutorial.py for tasks to queue
[2024-02-10T17:54:11.949+0000] {logging_mixin.py:188} INFO - [2024-02-10T17:54:11.949+0000] {dagbag.py:538} INFO - Filling up the DagBag from /home/airflow/.local/lib/python3.8/site-packages/airflow/example_dags/tutorial.py
[2024-02-10T17:54:11.955+0000] {processor.py:840} INFO - DAG(s) 'tutorial' retrieved from /home/airflow/.local/lib/python3.8/site-packages/airflow/example_dags/tutorial.py
[2024-02-10T17:54:11.977+0000] {logging_mixin.py:188} INFO - [2024-02-10T17:54:11.977+0000] {dag.py:3036} INFO - Sync 1 DAGs
[2024-02-10T17:54:12.002+0000] {logging_mixin.py:188} INFO - [2024-02-10T17:54:12.002+0000] {dag.py:3823} INFO - Setting next_dagrun for tutorial to 2024-02-09 00:00:00+00:00, run_after=2024-02-10 00:00:00+00:00
[2024-02-10T17:54:12.025+0000] {processor.py:183} INFO - Processing /home/airflow/.local/lib/python3.8/site-packages/airflow/example_dags/tutorial.py took 0.082 seconds
[2024-02-10T17:54:42.497+0000] {processor.py:161} INFO - Started process (PID=1316) to work on /home/airflow/.local/lib/python3.8/site-packages/airflow/example_dags/tutorial.py
[2024-02-10T17:54:42.498+0000] {processor.py:830} INFO - Processing file /home/airflow/.local/lib/python3.8/site-packages/airflow/example_dags/tutorial.py for tasks to queue
[2024-02-10T17:54:42.500+0000] {logging_mixin.py:188} INFO - [2024-02-10T17:54:42.500+0000] {dagbag.py:538} INFO - Filling up the DagBag from /home/airflow/.local/lib/python3.8/site-packages/airflow/example_dags/tutorial.py
[2024-02-10T17:54:42.505+0000] {processor.py:840} INFO - DAG(s) 'tutorial' retrieved from /home/airflow/.local/lib/python3.8/site-packages/airflow/example_dags/tutorial.py
[2024-02-10T17:54:42.521+0000] {logging_mixin.py:188} INFO - [2024-02-10T17:54:42.521+0000] {dag.py:3036} INFO - Sync 1 DAGs
[2024-02-10T17:54:42.538+0000] {logging_mixin.py:188} INFO - [2024-02-10T17:54:42.537+0000] {dag.py:3823} INFO - Setting next_dagrun for tutorial to 2024-02-09 00:00:00+00:00, run_after=2024-02-10 00:00:00+00:00
[2024-02-10T17:54:42.557+0000] {processor.py:183} INFO - Processing /home/airflow/.local/lib/python3.8/site-packages/airflow/example_dags/tutorial.py took 0.065 seconds
[2024-02-10T17:55:12.893+0000] {processor.py:161} INFO - Started process (PID=1371) to work on /home/airflow/.local/lib/python3.8/site-packages/airflow/example_dags/tutorial.py
[2024-02-10T17:55:12.894+0000] {processor.py:830} INFO - Processing file /home/airflow/.local/lib/python3.8/site-packages/airflow/example_dags/tutorial.py for tasks to queue
[2024-02-10T17:55:12.896+0000] {logging_mixin.py:188} INFO - [2024-02-10T17:55:12.895+0000] {dagbag.py:538} INFO - Filling up the DagBag from /home/airflow/.local/lib/python3.8/site-packages/airflow/example_dags/tutorial.py
[2024-02-10T17:55:12.901+0000] {processor.py:840} INFO - DAG(s) 'tutorial' retrieved from /home/airflow/.local/lib/python3.8/site-packages/airflow/example_dags/tutorial.py
[2024-02-10T17:55:12.924+0000] {logging_mixin.py:188} INFO - [2024-02-10T17:55:12.924+0000] {dag.py:3036} INFO - Sync 1 DAGs
[2024-02-10T17:55:12.949+0000] {logging_mixin.py:188} INFO - [2024-02-10T17:55:12.948+0000] {dag.py:3823} INFO - Setting next_dagrun for tutorial to 2024-02-09 00:00:00+00:00, run_after=2024-02-10 00:00:00+00:00
[2024-02-10T17:55:12.972+0000] {processor.py:183} INFO - Processing /home/airflow/.local/lib/python3.8/site-packages/airflow/example_dags/tutorial.py took 0.082 seconds
[2024-02-10T17:55:43.165+0000] {processor.py:161} INFO - Started process (PID=1426) to work on /home/airflow/.local/lib/python3.8/site-packages/airflow/example_dags/tutorial.py
[2024-02-10T17:55:43.170+0000] {processor.py:830} INFO - Processing file /home/airflow/.local/lib/python3.8/site-packages/airflow/example_dags/tutorial.py for tasks to queue
[2024-02-10T17:55:43.172+0000] {logging_mixin.py:188} INFO - [2024-02-10T17:55:43.172+0000] {dagbag.py:538} INFO - Filling up the DagBag from /home/airflow/.local/lib/python3.8/site-packages/airflow/example_dags/tutorial.py
[2024-02-10T17:55:43.178+0000] {processor.py:840} INFO - DAG(s) 'tutorial' retrieved from /home/airflow/.local/lib/python3.8/site-packages/airflow/example_dags/tutorial.py
[2024-02-10T17:55:43.207+0000] {logging_mixin.py:188} INFO - [2024-02-10T17:55:43.207+0000] {dag.py:3036} INFO - Sync 1 DAGs
[2024-02-10T17:55:43.228+0000] {logging_mixin.py:188} INFO - [2024-02-10T17:55:43.228+0000] {dag.py:3823} INFO - Setting next_dagrun for tutorial to 2024-02-09 00:00:00+00:00, run_after=2024-02-10 00:00:00+00:00
[2024-02-10T17:55:43.250+0000] {processor.py:183} INFO - Processing /home/airflow/.local/lib/python3.8/site-packages/airflow/example_dags/tutorial.py took 0.089 seconds
[2024-02-10T17:56:13.537+0000] {processor.py:161} INFO - Started process (PID=1482) to work on /home/airflow/.local/lib/python3.8/site-packages/airflow/example_dags/tutorial.py
[2024-02-10T17:56:13.539+0000] {processor.py:830} INFO - Processing file /home/airflow/.local/lib/python3.8/site-packages/airflow/example_dags/tutorial.py for tasks to queue
[2024-02-10T17:56:13.542+0000] {logging_mixin.py:188} INFO - [2024-02-10T17:56:13.541+0000] {dagbag.py:538} INFO - Filling up the DagBag from /home/airflow/.local/lib/python3.8/site-packages/airflow/example_dags/tutorial.py
[2024-02-10T17:56:13.553+0000] {processor.py:840} INFO - DAG(s) 'tutorial' retrieved from /home/airflow/.local/lib/python3.8/site-packages/airflow/example_dags/tutorial.py
[2024-02-10T17:56:13.604+0000] {logging_mixin.py:188} INFO - [2024-02-10T17:56:13.603+0000] {dag.py:3036} INFO - Sync 1 DAGs
[2024-02-10T17:56:13.650+0000] {logging_mixin.py:188} INFO - [2024-02-10T17:56:13.650+0000] {dag.py:3823} INFO - Setting next_dagrun for tutorial to 2024-02-09 00:00:00+00:00, run_after=2024-02-10 00:00:00+00:00
[2024-02-10T17:56:13.708+0000] {processor.py:183} INFO - Processing /home/airflow/.local/lib/python3.8/site-packages/airflow/example_dags/tutorial.py took 0.174 seconds
[2024-02-10T17:56:43.795+0000] {processor.py:161} INFO - Started process (PID=1538) to work on /home/airflow/.local/lib/python3.8/site-packages/airflow/example_dags/tutorial.py
[2024-02-10T17:56:43.796+0000] {processor.py:830} INFO - Processing file /home/airflow/.local/lib/python3.8/site-packages/airflow/example_dags/tutorial.py for tasks to queue
[2024-02-10T17:56:43.799+0000] {logging_mixin.py:188} INFO - [2024-02-10T17:56:43.798+0000] {dagbag.py:538} INFO - Filling up the DagBag from /home/airflow/.local/lib/python3.8/site-packages/airflow/example_dags/tutorial.py
[2024-02-10T17:56:43.807+0000] {processor.py:840} INFO - DAG(s) 'tutorial' retrieved from /home/airflow/.local/lib/python3.8/site-packages/airflow/example_dags/tutorial.py
[2024-02-10T17:56:43.848+0000] {logging_mixin.py:188} INFO - [2024-02-10T17:56:43.847+0000] {dag.py:3036} INFO - Sync 1 DAGs
[2024-02-10T17:56:43.875+0000] {logging_mixin.py:188} INFO - [2024-02-10T17:56:43.874+0000] {dag.py:3823} INFO - Setting next_dagrun for tutorial to 2024-02-09 00:00:00+00:00, run_after=2024-02-10 00:00:00+00:00
[2024-02-10T17:56:43.914+0000] {processor.py:183} INFO - Processing /home/airflow/.local/lib/python3.8/site-packages/airflow/example_dags/tutorial.py took 0.130 seconds
[2024-02-10T17:57:14.806+0000] {processor.py:161} INFO - Started process (PID=1594) to work on /home/airflow/.local/lib/python3.8/site-packages/airflow/example_dags/tutorial.py
[2024-02-10T17:57:14.807+0000] {processor.py:830} INFO - Processing file /home/airflow/.local/lib/python3.8/site-packages/airflow/example_dags/tutorial.py for tasks to queue
[2024-02-10T17:57:14.809+0000] {logging_mixin.py:188} INFO - [2024-02-10T17:57:14.809+0000] {dagbag.py:538} INFO - Filling up the DagBag from /home/airflow/.local/lib/python3.8/site-packages/airflow/example_dags/tutorial.py
[2024-02-10T17:57:14.815+0000] {processor.py:840} INFO - DAG(s) 'tutorial' retrieved from /home/airflow/.local/lib/python3.8/site-packages/airflow/example_dags/tutorial.py
[2024-02-10T17:57:14.837+0000] {logging_mixin.py:188} INFO - [2024-02-10T17:57:14.837+0000] {dag.py:3036} INFO - Sync 1 DAGs
[2024-02-10T17:57:14.862+0000] {logging_mixin.py:188} INFO - [2024-02-10T17:57:14.862+0000] {dag.py:3823} INFO - Setting next_dagrun for tutorial to 2024-02-09 00:00:00+00:00, run_after=2024-02-10 00:00:00+00:00
[2024-02-10T17:57:14.885+0000] {processor.py:183} INFO - Processing /home/airflow/.local/lib/python3.8/site-packages/airflow/example_dags/tutorial.py took 0.082 seconds
[2024-02-10T17:57:45.145+0000] {processor.py:161} INFO - Started process (PID=1649) to work on /home/airflow/.local/lib/python3.8/site-packages/airflow/example_dags/tutorial.py
[2024-02-10T17:57:45.146+0000] {processor.py:830} INFO - Processing file /home/airflow/.local/lib/python3.8/site-packages/airflow/example_dags/tutorial.py for tasks to queue
[2024-02-10T17:57:45.148+0000] {logging_mixin.py:188} INFO - [2024-02-10T17:57:45.148+0000] {dagbag.py:538} INFO - Filling up the DagBag from /home/airflow/.local/lib/python3.8/site-packages/airflow/example_dags/tutorial.py
[2024-02-10T17:57:45.154+0000] {processor.py:840} INFO - DAG(s) 'tutorial' retrieved from /home/airflow/.local/lib/python3.8/site-packages/airflow/example_dags/tutorial.py
[2024-02-10T17:57:45.179+0000] {logging_mixin.py:188} INFO - [2024-02-10T17:57:45.179+0000] {dag.py:3036} INFO - Sync 1 DAGs
[2024-02-10T17:57:45.207+0000] {logging_mixin.py:188} INFO - [2024-02-10T17:57:45.207+0000] {dag.py:3823} INFO - Setting next_dagrun for tutorial to 2024-02-09 00:00:00+00:00, run_after=2024-02-10 00:00:00+00:00
[2024-02-10T17:57:45.229+0000] {processor.py:183} INFO - Processing /home/airflow/.local/lib/python3.8/site-packages/airflow/example_dags/tutorial.py took 0.087 seconds
[2024-02-10T17:58:15.737+0000] {processor.py:161} INFO - Started process (PID=1704) to work on /home/airflow/.local/lib/python3.8/site-packages/airflow/example_dags/tutorial.py
[2024-02-10T17:58:15.737+0000] {processor.py:830} INFO - Processing file /home/airflow/.local/lib/python3.8/site-packages/airflow/example_dags/tutorial.py for tasks to queue
[2024-02-10T17:58:15.739+0000] {logging_mixin.py:188} INFO - [2024-02-10T17:58:15.739+0000] {dagbag.py:538} INFO - Filling up the DagBag from /home/airflow/.local/lib/python3.8/site-packages/airflow/example_dags/tutorial.py
[2024-02-10T17:58:15.743+0000] {processor.py:840} INFO - DAG(s) 'tutorial' retrieved from /home/airflow/.local/lib/python3.8/site-packages/airflow/example_dags/tutorial.py
[2024-02-10T17:58:15.759+0000] {logging_mixin.py:188} INFO - [2024-02-10T17:58:15.759+0000] {dag.py:3036} INFO - Sync 1 DAGs
[2024-02-10T17:58:15.777+0000] {logging_mixin.py:188} INFO - [2024-02-10T17:58:15.777+0000] {dag.py:3823} INFO - Setting next_dagrun for tutorial to 2024-02-09 00:00:00+00:00, run_after=2024-02-10 00:00:00+00:00
[2024-02-10T17:58:15.797+0000] {processor.py:183} INFO - Processing /home/airflow/.local/lib/python3.8/site-packages/airflow/example_dags/tutorial.py took 0.063 seconds
[2024-02-10T17:58:46.096+0000] {processor.py:161} INFO - Started process (PID=1760) to work on /home/airflow/.local/lib/python3.8/site-packages/airflow/example_dags/tutorial.py
[2024-02-10T17:58:46.096+0000] {processor.py:830} INFO - Processing file /home/airflow/.local/lib/python3.8/site-packages/airflow/example_dags/tutorial.py for tasks to queue
[2024-02-10T17:58:46.099+0000] {logging_mixin.py:188} INFO - [2024-02-10T17:58:46.098+0000] {dagbag.py:538} INFO - Filling up the DagBag from /home/airflow/.local/lib/python3.8/site-packages/airflow/example_dags/tutorial.py
[2024-02-10T17:58:46.104+0000] {processor.py:840} INFO - DAG(s) 'tutorial' retrieved from /home/airflow/.local/lib/python3.8/site-packages/airflow/example_dags/tutorial.py
[2024-02-10T17:58:46.125+0000] {logging_mixin.py:188} INFO - [2024-02-10T17:58:46.124+0000] {dag.py:3036} INFO - Sync 1 DAGs
[2024-02-10T17:58:46.152+0000] {logging_mixin.py:188} INFO - [2024-02-10T17:58:46.152+0000] {dag.py:3823} INFO - Setting next_dagrun for tutorial to 2024-02-09 00:00:00+00:00, run_after=2024-02-10 00:00:00+00:00
[2024-02-10T17:58:46.175+0000] {processor.py:183} INFO - Processing /home/airflow/.local/lib/python3.8/site-packages/airflow/example_dags/tutorial.py took 0.082 seconds
[2024-02-10T17:59:16.402+0000] {processor.py:161} INFO - Started process (PID=1815) to work on /home/airflow/.local/lib/python3.8/site-packages/airflow/example_dags/tutorial.py
[2024-02-10T17:59:16.402+0000] {processor.py:830} INFO - Processing file /home/airflow/.local/lib/python3.8/site-packages/airflow/example_dags/tutorial.py for tasks to queue
[2024-02-10T17:59:16.404+0000] {logging_mixin.py:188} INFO - [2024-02-10T17:59:16.404+0000] {dagbag.py:538} INFO - Filling up the DagBag from /home/airflow/.local/lib/python3.8/site-packages/airflow/example_dags/tutorial.py
[2024-02-10T17:59:16.408+0000] {processor.py:840} INFO - DAG(s) 'tutorial' retrieved from /home/airflow/.local/lib/python3.8/site-packages/airflow/example_dags/tutorial.py
[2024-02-10T17:59:16.424+0000] {logging_mixin.py:188} INFO - [2024-02-10T17:59:16.424+0000] {dag.py:3036} INFO - Sync 1 DAGs
[2024-02-10T17:59:16.441+0000] {logging_mixin.py:188} INFO - [2024-02-10T17:59:16.440+0000] {dag.py:3823} INFO - Setting next_dagrun for tutorial to 2024-02-09 00:00:00+00:00, run_after=2024-02-10 00:00:00+00:00
[2024-02-10T17:59:16.461+0000] {processor.py:183} INFO - Processing /home/airflow/.local/lib/python3.8/site-packages/airflow/example_dags/tutorial.py took 0.062 seconds
[2024-02-10T17:59:46.602+0000] {processor.py:161} INFO - Started process (PID=1870) to work on /home/airflow/.local/lib/python3.8/site-packages/airflow/example_dags/tutorial.py
[2024-02-10T17:59:46.603+0000] {processor.py:830} INFO - Processing file /home/airflow/.local/lib/python3.8/site-packages/airflow/example_dags/tutorial.py for tasks to queue
[2024-02-10T17:59:46.605+0000] {logging_mixin.py:188} INFO - [2024-02-10T17:59:46.605+0000] {dagbag.py:538} INFO - Filling up the DagBag from /home/airflow/.local/lib/python3.8/site-packages/airflow/example_dags/tutorial.py
[2024-02-10T17:59:46.610+0000] {processor.py:840} INFO - DAG(s) 'tutorial' retrieved from /home/airflow/.local/lib/python3.8/site-packages/airflow/example_dags/tutorial.py
[2024-02-10T17:59:46.633+0000] {logging_mixin.py:188} INFO - [2024-02-10T17:59:46.633+0000] {dag.py:3036} INFO - Sync 1 DAGs
[2024-02-10T17:59:46.658+0000] {logging_mixin.py:188} INFO - [2024-02-10T17:59:46.658+0000] {dag.py:3823} INFO - Setting next_dagrun for tutorial to 2024-02-09 00:00:00+00:00, run_after=2024-02-10 00:00:00+00:00
[2024-02-10T17:59:46.681+0000] {processor.py:183} INFO - Processing /home/airflow/.local/lib/python3.8/site-packages/airflow/example_dags/tutorial.py took 0.082 seconds
[2024-02-10T18:00:17.055+0000] {processor.py:161} INFO - Started process (PID=1925) to work on /home/airflow/.local/lib/python3.8/site-packages/airflow/example_dags/tutorial.py
[2024-02-10T18:00:17.055+0000] {processor.py:830} INFO - Processing file /home/airflow/.local/lib/python3.8/site-packages/airflow/example_dags/tutorial.py for tasks to queue
[2024-02-10T18:00:17.057+0000] {logging_mixin.py:188} INFO - [2024-02-10T18:00:17.057+0000] {dagbag.py:538} INFO - Filling up the DagBag from /home/airflow/.local/lib/python3.8/site-packages/airflow/example_dags/tutorial.py
[2024-02-10T18:00:17.063+0000] {processor.py:840} INFO - DAG(s) 'tutorial' retrieved from /home/airflow/.local/lib/python3.8/site-packages/airflow/example_dags/tutorial.py
[2024-02-10T18:00:17.086+0000] {logging_mixin.py:188} INFO - [2024-02-10T18:00:17.086+0000] {dag.py:3036} INFO - Sync 1 DAGs
[2024-02-10T18:00:17.111+0000] {logging_mixin.py:188} INFO - [2024-02-10T18:00:17.111+0000] {dag.py:3823} INFO - Setting next_dagrun for tutorial to 2024-02-09 00:00:00+00:00, run_after=2024-02-10 00:00:00+00:00
[2024-02-10T18:00:17.133+0000] {processor.py:183} INFO - Processing /home/airflow/.local/lib/python3.8/site-packages/airflow/example_dags/tutorial.py took 0.082 seconds
[2024-02-10T18:00:47.369+0000] {processor.py:161} INFO - Started process (PID=1980) to work on /home/airflow/.local/lib/python3.8/site-packages/airflow/example_dags/tutorial.py
[2024-02-10T18:00:47.370+0000] {processor.py:830} INFO - Processing file /home/airflow/.local/lib/python3.8/site-packages/airflow/example_dags/tutorial.py for tasks to queue
[2024-02-10T18:00:47.371+0000] {logging_mixin.py:188} INFO - [2024-02-10T18:00:47.371+0000] {dagbag.py:538} INFO - Filling up the DagBag from /home/airflow/.local/lib/python3.8/site-packages/airflow/example_dags/tutorial.py
[2024-02-10T18:00:47.378+0000] {processor.py:840} INFO - DAG(s) 'tutorial' retrieved from /home/airflow/.local/lib/python3.8/site-packages/airflow/example_dags/tutorial.py
[2024-02-10T18:00:47.400+0000] {logging_mixin.py:188} INFO - [2024-02-10T18:00:47.400+0000] {dag.py:3036} INFO - Sync 1 DAGs
[2024-02-10T18:00:47.426+0000] {logging_mixin.py:188} INFO - [2024-02-10T18:00:47.426+0000] {dag.py:3823} INFO - Setting next_dagrun for tutorial to 2024-02-09 00:00:00+00:00, run_after=2024-02-10 00:00:00+00:00
[2024-02-10T18:00:47.450+0000] {processor.py:183} INFO - Processing /home/airflow/.local/lib/python3.8/site-packages/airflow/example_dags/tutorial.py took 0.084 seconds
[2024-02-10T18:01:17.740+0000] {processor.py:161} INFO - Started process (PID=2035) to work on /home/airflow/.local/lib/python3.8/site-packages/airflow/example_dags/tutorial.py
[2024-02-10T18:01:17.741+0000] {processor.py:830} INFO - Processing file /home/airflow/.local/lib/python3.8/site-packages/airflow/example_dags/tutorial.py for tasks to queue
[2024-02-10T18:01:17.743+0000] {logging_mixin.py:188} INFO - [2024-02-10T18:01:17.743+0000] {dagbag.py:538} INFO - Filling up the DagBag from /home/airflow/.local/lib/python3.8/site-packages/airflow/example_dags/tutorial.py
[2024-02-10T18:01:17.751+0000] {processor.py:840} INFO - DAG(s) 'tutorial' retrieved from /home/airflow/.local/lib/python3.8/site-packages/airflow/example_dags/tutorial.py
[2024-02-10T18:01:17.777+0000] {logging_mixin.py:188} INFO - [2024-02-10T18:01:17.777+0000] {dag.py:3036} INFO - Sync 1 DAGs
[2024-02-10T18:01:17.804+0000] {logging_mixin.py:188} INFO - [2024-02-10T18:01:17.804+0000] {dag.py:3823} INFO - Setting next_dagrun for tutorial to 2024-02-09 00:00:00+00:00, run_after=2024-02-10 00:00:00+00:00
[2024-02-10T18:01:17.826+0000] {processor.py:183} INFO - Processing /home/airflow/.local/lib/python3.8/site-packages/airflow/example_dags/tutorial.py took 0.090 seconds
[2024-02-10T18:01:47.985+0000] {processor.py:161} INFO - Started process (PID=2090) to work on /home/airflow/.local/lib/python3.8/site-packages/airflow/example_dags/tutorial.py
[2024-02-10T18:01:47.986+0000] {processor.py:830} INFO - Processing file /home/airflow/.local/lib/python3.8/site-packages/airflow/example_dags/tutorial.py for tasks to queue
[2024-02-10T18:01:47.987+0000] {logging_mixin.py:188} INFO - [2024-02-10T18:01:47.987+0000] {dagbag.py:538} INFO - Filling up the DagBag from /home/airflow/.local/lib/python3.8/site-packages/airflow/example_dags/tutorial.py
[2024-02-10T18:01:47.992+0000] {processor.py:840} INFO - DAG(s) 'tutorial' retrieved from /home/airflow/.local/lib/python3.8/site-packages/airflow/example_dags/tutorial.py
[2024-02-10T18:01:48.008+0000] {logging_mixin.py:188} INFO - [2024-02-10T18:01:48.008+0000] {dag.py:3036} INFO - Sync 1 DAGs
[2024-02-10T18:01:48.025+0000] {logging_mixin.py:188} INFO - [2024-02-10T18:01:48.025+0000] {dag.py:3823} INFO - Setting next_dagrun for tutorial to 2024-02-09 00:00:00+00:00, run_after=2024-02-10 00:00:00+00:00
[2024-02-10T18:01:48.044+0000] {processor.py:183} INFO - Processing /home/airflow/.local/lib/python3.8/site-packages/airflow/example_dags/tutorial.py took 0.062 seconds
[2024-02-10T18:02:18.197+0000] {processor.py:161} INFO - Started process (PID=2145) to work on /home/airflow/.local/lib/python3.8/site-packages/airflow/example_dags/tutorial.py
[2024-02-10T18:02:18.198+0000] {processor.py:830} INFO - Processing file /home/airflow/.local/lib/python3.8/site-packages/airflow/example_dags/tutorial.py for tasks to queue
[2024-02-10T18:02:18.200+0000] {logging_mixin.py:188} INFO - [2024-02-10T18:02:18.200+0000] {dagbag.py:538} INFO - Filling up the DagBag from /home/airflow/.local/lib/python3.8/site-packages/airflow/example_dags/tutorial.py
[2024-02-10T18:02:18.234+0000] {processor.py:840} INFO - DAG(s) 'tutorial' retrieved from /home/airflow/.local/lib/python3.8/site-packages/airflow/example_dags/tutorial.py
[2024-02-10T18:02:18.265+0000] {logging_mixin.py:188} INFO - [2024-02-10T18:02:18.264+0000] {dag.py:3036} INFO - Sync 1 DAGs
[2024-02-10T18:02:18.291+0000] {logging_mixin.py:188} INFO - [2024-02-10T18:02:18.291+0000] {dag.py:3823} INFO - Setting next_dagrun for tutorial to 2024-02-09 00:00:00+00:00, run_after=2024-02-10 00:00:00+00:00
[2024-02-10T18:02:18.314+0000] {processor.py:183} INFO - Processing /home/airflow/.local/lib/python3.8/site-packages/airflow/example_dags/tutorial.py took 0.120 seconds
[2024-02-10T18:02:48.517+0000] {processor.py:161} INFO - Started process (PID=2200) to work on /home/airflow/.local/lib/python3.8/site-packages/airflow/example_dags/tutorial.py
[2024-02-10T18:02:48.518+0000] {processor.py:830} INFO - Processing file /home/airflow/.local/lib/python3.8/site-packages/airflow/example_dags/tutorial.py for tasks to queue
[2024-02-10T18:02:48.521+0000] {logging_mixin.py:188} INFO - [2024-02-10T18:02:48.521+0000] {dagbag.py:538} INFO - Filling up the DagBag from /home/airflow/.local/lib/python3.8/site-packages/airflow/example_dags/tutorial.py
[2024-02-10T18:02:48.528+0000] {processor.py:840} INFO - DAG(s) 'tutorial' retrieved from /home/airflow/.local/lib/python3.8/site-packages/airflow/example_dags/tutorial.py
[2024-02-10T18:02:48.564+0000] {logging_mixin.py:188} INFO - [2024-02-10T18:02:48.563+0000] {dag.py:3036} INFO - Sync 1 DAGs
[2024-02-10T18:02:48.593+0000] {logging_mixin.py:188} INFO - [2024-02-10T18:02:48.593+0000] {dag.py:3823} INFO - Setting next_dagrun for tutorial to 2024-02-09 00:00:00+00:00, run_after=2024-02-10 00:00:00+00:00
[2024-02-10T18:02:48.640+0000] {processor.py:183} INFO - Processing /home/airflow/.local/lib/python3.8/site-packages/airflow/example_dags/tutorial.py took 0.127 seconds
[2024-02-10T18:03:18.710+0000] {processor.py:161} INFO - Started process (PID=2256) to work on /home/airflow/.local/lib/python3.8/site-packages/airflow/example_dags/tutorial.py
[2024-02-10T18:03:18.711+0000] {processor.py:830} INFO - Processing file /home/airflow/.local/lib/python3.8/site-packages/airflow/example_dags/tutorial.py for tasks to queue
[2024-02-10T18:03:18.713+0000] {logging_mixin.py:188} INFO - [2024-02-10T18:03:18.712+0000] {dagbag.py:538} INFO - Filling up the DagBag from /home/airflow/.local/lib/python3.8/site-packages/airflow/example_dags/tutorial.py
[2024-02-10T18:03:18.719+0000] {processor.py:840} INFO - DAG(s) 'tutorial' retrieved from /home/airflow/.local/lib/python3.8/site-packages/airflow/example_dags/tutorial.py
[2024-02-10T18:03:18.739+0000] {logging_mixin.py:188} INFO - [2024-02-10T18:03:18.739+0000] {dag.py:3036} INFO - Sync 1 DAGs
[2024-02-10T18:03:18.763+0000] {logging_mixin.py:188} INFO - [2024-02-10T18:03:18.763+0000] {dag.py:3823} INFO - Setting next_dagrun for tutorial to 2024-02-09 00:00:00+00:00, run_after=2024-02-10 00:00:00+00:00
[2024-02-10T18:03:18.821+0000] {processor.py:183} INFO - Processing /home/airflow/.local/lib/python3.8/site-packages/airflow/example_dags/tutorial.py took 0.114 seconds
[2024-02-10T18:03:49.133+0000] {processor.py:161} INFO - Started process (PID=2311) to work on /home/airflow/.local/lib/python3.8/site-packages/airflow/example_dags/tutorial.py
[2024-02-10T18:03:49.134+0000] {processor.py:830} INFO - Processing file /home/airflow/.local/lib/python3.8/site-packages/airflow/example_dags/tutorial.py for tasks to queue
[2024-02-10T18:03:49.136+0000] {logging_mixin.py:188} INFO - [2024-02-10T18:03:49.135+0000] {dagbag.py:538} INFO - Filling up the DagBag from /home/airflow/.local/lib/python3.8/site-packages/airflow/example_dags/tutorial.py
[2024-02-10T18:03:49.142+0000] {processor.py:840} INFO - DAG(s) 'tutorial' retrieved from /home/airflow/.local/lib/python3.8/site-packages/airflow/example_dags/tutorial.py
[2024-02-10T18:03:49.166+0000] {logging_mixin.py:188} INFO - [2024-02-10T18:03:49.166+0000] {dag.py:3036} INFO - Sync 1 DAGs
[2024-02-10T18:03:49.193+0000] {logging_mixin.py:188} INFO - [2024-02-10T18:03:49.193+0000] {dag.py:3823} INFO - Setting next_dagrun for tutorial to 2024-02-09 00:00:00+00:00, run_after=2024-02-10 00:00:00+00:00
[2024-02-10T18:03:49.218+0000] {processor.py:183} INFO - Processing /home/airflow/.local/lib/python3.8/site-packages/airflow/example_dags/tutorial.py took 0.089 seconds
[2024-02-10T18:04:19.581+0000] {processor.py:161} INFO - Started process (PID=2365) to work on /home/airflow/.local/lib/python3.8/site-packages/airflow/example_dags/tutorial.py
[2024-02-10T18:04:19.581+0000] {processor.py:830} INFO - Processing file /home/airflow/.local/lib/python3.8/site-packages/airflow/example_dags/tutorial.py for tasks to queue
[2024-02-10T18:04:19.583+0000] {logging_mixin.py:188} INFO - [2024-02-10T18:04:19.583+0000] {dagbag.py:538} INFO - Filling up the DagBag from /home/airflow/.local/lib/python3.8/site-packages/airflow/example_dags/tutorial.py
[2024-02-10T18:04:19.587+0000] {processor.py:840} INFO - DAG(s) 'tutorial' retrieved from /home/airflow/.local/lib/python3.8/site-packages/airflow/example_dags/tutorial.py
[2024-02-10T18:04:19.603+0000] {logging_mixin.py:188} INFO - [2024-02-10T18:04:19.603+0000] {dag.py:3036} INFO - Sync 1 DAGs
[2024-02-10T18:04:19.620+0000] {logging_mixin.py:188} INFO - [2024-02-10T18:04:19.620+0000] {dag.py:3823} INFO - Setting next_dagrun for tutorial to 2024-02-09 00:00:00+00:00, run_after=2024-02-10 00:00:00+00:00
[2024-02-10T18:04:19.641+0000] {processor.py:183} INFO - Processing /home/airflow/.local/lib/python3.8/site-packages/airflow/example_dags/tutorial.py took 0.063 seconds
[2024-02-10T18:04:50.275+0000] {processor.py:161} INFO - Started process (PID=2420) to work on /home/airflow/.local/lib/python3.8/site-packages/airflow/example_dags/tutorial.py
[2024-02-10T18:04:50.276+0000] {processor.py:830} INFO - Processing file /home/airflow/.local/lib/python3.8/site-packages/airflow/example_dags/tutorial.py for tasks to queue
[2024-02-10T18:04:50.277+0000] {logging_mixin.py:188} INFO - [2024-02-10T18:04:50.277+0000] {dagbag.py:538} INFO - Filling up the DagBag from /home/airflow/.local/lib/python3.8/site-packages/airflow/example_dags/tutorial.py
[2024-02-10T18:04:50.283+0000] {processor.py:840} INFO - DAG(s) 'tutorial' retrieved from /home/airflow/.local/lib/python3.8/site-packages/airflow/example_dags/tutorial.py
[2024-02-10T18:04:50.306+0000] {logging_mixin.py:188} INFO - [2024-02-10T18:04:50.305+0000] {dag.py:3036} INFO - Sync 1 DAGs
[2024-02-10T18:04:50.332+0000] {logging_mixin.py:188} INFO - [2024-02-10T18:04:50.332+0000] {dag.py:3823} INFO - Setting next_dagrun for tutorial to 2024-02-09 00:00:00+00:00, run_after=2024-02-10 00:00:00+00:00
[2024-02-10T18:04:50.355+0000] {processor.py:183} INFO - Processing /home/airflow/.local/lib/python3.8/site-packages/airflow/example_dags/tutorial.py took 0.083 seconds
[2024-02-10T18:05:21.136+0000] {processor.py:161} INFO - Started process (PID=2480) to work on /home/airflow/.local/lib/python3.8/site-packages/airflow/example_dags/tutorial.py
[2024-02-10T18:05:21.137+0000] {processor.py:830} INFO - Processing file /home/airflow/.local/lib/python3.8/site-packages/airflow/example_dags/tutorial.py for tasks to queue
[2024-02-10T18:05:21.138+0000] {logging_mixin.py:188} INFO - [2024-02-10T18:05:21.138+0000] {dagbag.py:538} INFO - Filling up the DagBag from /home/airflow/.local/lib/python3.8/site-packages/airflow/example_dags/tutorial.py
[2024-02-10T18:05:21.143+0000] {processor.py:840} INFO - DAG(s) 'tutorial' retrieved from /home/airflow/.local/lib/python3.8/site-packages/airflow/example_dags/tutorial.py
[2024-02-10T18:05:21.159+0000] {logging_mixin.py:188} INFO - [2024-02-10T18:05:21.159+0000] {dag.py:3036} INFO - Sync 1 DAGs
[2024-02-10T18:05:21.176+0000] {logging_mixin.py:188} INFO - [2024-02-10T18:05:21.175+0000] {dag.py:3823} INFO - Setting next_dagrun for tutorial to 2024-02-09 00:00:00+00:00, run_after=2024-02-10 00:00:00+00:00
[2024-02-10T18:05:21.195+0000] {processor.py:183} INFO - Processing /home/airflow/.local/lib/python3.8/site-packages/airflow/example_dags/tutorial.py took 0.061 seconds
[2024-02-10T18:05:51.750+0000] {processor.py:161} INFO - Started process (PID=2536) to work on /home/airflow/.local/lib/python3.8/site-packages/airflow/example_dags/tutorial.py
[2024-02-10T18:05:51.751+0000] {processor.py:830} INFO - Processing file /home/airflow/.local/lib/python3.8/site-packages/airflow/example_dags/tutorial.py for tasks to queue
[2024-02-10T18:05:51.753+0000] {logging_mixin.py:188} INFO - [2024-02-10T18:05:51.752+0000] {dagbag.py:538} INFO - Filling up the DagBag from /home/airflow/.local/lib/python3.8/site-packages/airflow/example_dags/tutorial.py
[2024-02-10T18:05:51.761+0000] {processor.py:840} INFO - DAG(s) 'tutorial' retrieved from /home/airflow/.local/lib/python3.8/site-packages/airflow/example_dags/tutorial.py
[2024-02-10T18:05:51.817+0000] {logging_mixin.py:188} INFO - [2024-02-10T18:05:51.816+0000] {dag.py:3036} INFO - Sync 1 DAGs
[2024-02-10T18:05:52.018+0000] {logging_mixin.py:188} INFO - [2024-02-10T18:05:52.018+0000] {dag.py:3823} INFO - Setting next_dagrun for tutorial to 2024-02-09 00:00:00+00:00, run_after=2024-02-10 00:00:00+00:00
[2024-02-10T18:05:52.038+0000] {processor.py:183} INFO - Processing /home/airflow/.local/lib/python3.8/site-packages/airflow/example_dags/tutorial.py took 0.291 seconds
[2024-02-10T18:06:22.165+0000] {processor.py:161} INFO - Started process (PID=2591) to work on /home/airflow/.local/lib/python3.8/site-packages/airflow/example_dags/tutorial.py
[2024-02-10T18:06:22.166+0000] {processor.py:830} INFO - Processing file /home/airflow/.local/lib/python3.8/site-packages/airflow/example_dags/tutorial.py for tasks to queue
[2024-02-10T18:06:22.168+0000] {logging_mixin.py:188} INFO - [2024-02-10T18:06:22.168+0000] {dagbag.py:538} INFO - Filling up the DagBag from /home/airflow/.local/lib/python3.8/site-packages/airflow/example_dags/tutorial.py
[2024-02-10T18:06:22.174+0000] {processor.py:840} INFO - DAG(s) 'tutorial' retrieved from /home/airflow/.local/lib/python3.8/site-packages/airflow/example_dags/tutorial.py
[2024-02-10T18:06:22.196+0000] {logging_mixin.py:188} INFO - [2024-02-10T18:06:22.195+0000] {dag.py:3036} INFO - Sync 1 DAGs
[2024-02-10T18:06:22.219+0000] {logging_mixin.py:188} INFO - [2024-02-10T18:06:22.219+0000] {dag.py:3823} INFO - Setting next_dagrun for tutorial to 2024-02-09 00:00:00+00:00, run_after=2024-02-10 00:00:00+00:00
[2024-02-10T18:06:22.394+0000] {processor.py:183} INFO - Processing /home/airflow/.local/lib/python3.8/site-packages/airflow/example_dags/tutorial.py took 0.233 seconds
[2024-02-10T18:06:52.600+0000] {processor.py:161} INFO - Started process (PID=2646) to work on /home/airflow/.local/lib/python3.8/site-packages/airflow/example_dags/tutorial.py
[2024-02-10T18:06:52.601+0000] {processor.py:830} INFO - Processing file /home/airflow/.local/lib/python3.8/site-packages/airflow/example_dags/tutorial.py for tasks to queue
[2024-02-10T18:06:52.603+0000] {logging_mixin.py:188} INFO - [2024-02-10T18:06:52.603+0000] {dagbag.py:538} INFO - Filling up the DagBag from /home/airflow/.local/lib/python3.8/site-packages/airflow/example_dags/tutorial.py
[2024-02-10T18:06:52.610+0000] {processor.py:840} INFO - DAG(s) 'tutorial' retrieved from /home/airflow/.local/lib/python3.8/site-packages/airflow/example_dags/tutorial.py
[2024-02-10T18:06:52.631+0000] {logging_mixin.py:188} INFO - [2024-02-10T18:06:52.631+0000] {dag.py:3036} INFO - Sync 1 DAGs
[2024-02-10T18:06:52.656+0000] {logging_mixin.py:188} INFO - [2024-02-10T18:06:52.656+0000] {dag.py:3823} INFO - Setting next_dagrun for tutorial to 2024-02-09 00:00:00+00:00, run_after=2024-02-10 00:00:00+00:00
[2024-02-10T18:06:52.679+0000] {processor.py:183} INFO - Processing /home/airflow/.local/lib/python3.8/site-packages/airflow/example_dags/tutorial.py took 0.082 seconds
[2024-02-10T18:07:23.524+0000] {processor.py:161} INFO - Started process (PID=2700) to work on /home/airflow/.local/lib/python3.8/site-packages/airflow/example_dags/tutorial.py
[2024-02-10T18:07:23.525+0000] {processor.py:830} INFO - Processing file /home/airflow/.local/lib/python3.8/site-packages/airflow/example_dags/tutorial.py for tasks to queue
[2024-02-10T18:07:23.527+0000] {logging_mixin.py:188} INFO - [2024-02-10T18:07:23.526+0000] {dagbag.py:538} INFO - Filling up the DagBag from /home/airflow/.local/lib/python3.8/site-packages/airflow/example_dags/tutorial.py
[2024-02-10T18:07:23.531+0000] {processor.py:840} INFO - DAG(s) 'tutorial' retrieved from /home/airflow/.local/lib/python3.8/site-packages/airflow/example_dags/tutorial.py
[2024-02-10T18:07:23.547+0000] {logging_mixin.py:188} INFO - [2024-02-10T18:07:23.547+0000] {dag.py:3036} INFO - Sync 1 DAGs
[2024-02-10T18:07:23.564+0000] {logging_mixin.py:188} INFO - [2024-02-10T18:07:23.564+0000] {dag.py:3823} INFO - Setting next_dagrun for tutorial to 2024-02-09 00:00:00+00:00, run_after=2024-02-10 00:00:00+00:00
[2024-02-10T18:07:23.585+0000] {processor.py:183} INFO - Processing /home/airflow/.local/lib/python3.8/site-packages/airflow/example_dags/tutorial.py took 0.064 seconds
[2024-02-10T18:07:53.951+0000] {processor.py:161} INFO - Started process (PID=2755) to work on /home/airflow/.local/lib/python3.8/site-packages/airflow/example_dags/tutorial.py
[2024-02-10T18:07:53.952+0000] {processor.py:830} INFO - Processing file /home/airflow/.local/lib/python3.8/site-packages/airflow/example_dags/tutorial.py for tasks to queue
[2024-02-10T18:07:53.953+0000] {logging_mixin.py:188} INFO - [2024-02-10T18:07:53.953+0000] {dagbag.py:538} INFO - Filling up the DagBag from /home/airflow/.local/lib/python3.8/site-packages/airflow/example_dags/tutorial.py
[2024-02-10T18:07:53.959+0000] {processor.py:840} INFO - DAG(s) 'tutorial' retrieved from /home/airflow/.local/lib/python3.8/site-packages/airflow/example_dags/tutorial.py
[2024-02-10T18:07:53.983+0000] {logging_mixin.py:188} INFO - [2024-02-10T18:07:53.983+0000] {dag.py:3036} INFO - Sync 1 DAGs
[2024-02-10T18:07:54.008+0000] {logging_mixin.py:188} INFO - [2024-02-10T18:07:54.008+0000] {dag.py:3823} INFO - Setting next_dagrun for tutorial to 2024-02-09 00:00:00+00:00, run_after=2024-02-10 00:00:00+00:00
[2024-02-10T18:07:54.031+0000] {processor.py:183} INFO - Processing /home/airflow/.local/lib/python3.8/site-packages/airflow/example_dags/tutorial.py took 0.083 seconds
[2024-02-10T18:08:24.311+0000] {processor.py:161} INFO - Started process (PID=2811) to work on /home/airflow/.local/lib/python3.8/site-packages/airflow/example_dags/tutorial.py
[2024-02-10T18:08:24.311+0000] {processor.py:830} INFO - Processing file /home/airflow/.local/lib/python3.8/site-packages/airflow/example_dags/tutorial.py for tasks to queue
[2024-02-10T18:08:24.313+0000] {logging_mixin.py:188} INFO - [2024-02-10T18:08:24.312+0000] {dagbag.py:538} INFO - Filling up the DagBag from /home/airflow/.local/lib/python3.8/site-packages/airflow/example_dags/tutorial.py
[2024-02-10T18:08:24.317+0000] {processor.py:840} INFO - DAG(s) 'tutorial' retrieved from /home/airflow/.local/lib/python3.8/site-packages/airflow/example_dags/tutorial.py
[2024-02-10T18:08:24.333+0000] {logging_mixin.py:188} INFO - [2024-02-10T18:08:24.333+0000] {dag.py:3036} INFO - Sync 1 DAGs
[2024-02-10T18:08:24.350+0000] {logging_mixin.py:188} INFO - [2024-02-10T18:08:24.350+0000] {dag.py:3823} INFO - Setting next_dagrun for tutorial to 2024-02-09 00:00:00+00:00, run_after=2024-02-10 00:00:00+00:00
[2024-02-10T18:08:24.370+0000] {processor.py:183} INFO - Processing /home/airflow/.local/lib/python3.8/site-packages/airflow/example_dags/tutorial.py took 0.062 seconds
[2024-02-10T18:08:54.943+0000] {processor.py:161} INFO - Started process (PID=2867) to work on /home/airflow/.local/lib/python3.8/site-packages/airflow/example_dags/tutorial.py
[2024-02-10T18:08:54.944+0000] {processor.py:830} INFO - Processing file /home/airflow/.local/lib/python3.8/site-packages/airflow/example_dags/tutorial.py for tasks to queue
[2024-02-10T18:08:54.946+0000] {logging_mixin.py:188} INFO - [2024-02-10T18:08:54.945+0000] {dagbag.py:538} INFO - Filling up the DagBag from /home/airflow/.local/lib/python3.8/site-packages/airflow/example_dags/tutorial.py
[2024-02-10T18:08:54.959+0000] {processor.py:840} INFO - DAG(s) 'tutorial' retrieved from /home/airflow/.local/lib/python3.8/site-packages/airflow/example_dags/tutorial.py
[2024-02-10T18:08:54.999+0000] {logging_mixin.py:188} INFO - [2024-02-10T18:08:54.999+0000] {dag.py:3036} INFO - Sync 1 DAGs
[2024-02-10T18:08:55.027+0000] {logging_mixin.py:188} INFO - [2024-02-10T18:08:55.027+0000] {dag.py:3823} INFO - Setting next_dagrun for tutorial to 2024-02-09 00:00:00+00:00, run_after=2024-02-10 00:00:00+00:00
[2024-02-10T18:08:55.065+0000] {processor.py:183} INFO - Processing /home/airflow/.local/lib/python3.8/site-packages/airflow/example_dags/tutorial.py took 0.126 seconds
[2024-02-10T18:09:25.179+0000] {processor.py:161} INFO - Started process (PID=2923) to work on /home/airflow/.local/lib/python3.8/site-packages/airflow/example_dags/tutorial.py
[2024-02-10T18:09:25.180+0000] {processor.py:830} INFO - Processing file /home/airflow/.local/lib/python3.8/site-packages/airflow/example_dags/tutorial.py for tasks to queue
[2024-02-10T18:09:25.181+0000] {logging_mixin.py:188} INFO - [2024-02-10T18:09:25.181+0000] {dagbag.py:538} INFO - Filling up the DagBag from /home/airflow/.local/lib/python3.8/site-packages/airflow/example_dags/tutorial.py
[2024-02-10T18:09:25.192+0000] {processor.py:840} INFO - DAG(s) 'tutorial' retrieved from /home/airflow/.local/lib/python3.8/site-packages/airflow/example_dags/tutorial.py
[2024-02-10T18:09:25.235+0000] {logging_mixin.py:188} INFO - [2024-02-10T18:09:25.235+0000] {dag.py:3036} INFO - Sync 1 DAGs
[2024-02-10T18:09:25.278+0000] {logging_mixin.py:188} INFO - [2024-02-10T18:09:25.278+0000] {dag.py:3823} INFO - Setting next_dagrun for tutorial to 2024-02-09 00:00:00+00:00, run_after=2024-02-10 00:00:00+00:00
[2024-02-10T18:09:25.302+0000] {processor.py:183} INFO - Processing /home/airflow/.local/lib/python3.8/site-packages/airflow/example_dags/tutorial.py took 0.127 seconds
[2024-02-10T18:09:55.519+0000] {processor.py:161} INFO - Started process (PID=2977) to work on /home/airflow/.local/lib/python3.8/site-packages/airflow/example_dags/tutorial.py
[2024-02-10T18:09:55.521+0000] {processor.py:830} INFO - Processing file /home/airflow/.local/lib/python3.8/site-packages/airflow/example_dags/tutorial.py for tasks to queue
[2024-02-10T18:09:55.523+0000] {logging_mixin.py:188} INFO - [2024-02-10T18:09:55.523+0000] {dagbag.py:538} INFO - Filling up the DagBag from /home/airflow/.local/lib/python3.8/site-packages/airflow/example_dags/tutorial.py
[2024-02-10T18:09:55.530+0000] {processor.py:840} INFO - DAG(s) 'tutorial' retrieved from /home/airflow/.local/lib/python3.8/site-packages/airflow/example_dags/tutorial.py
[2024-02-10T18:09:55.553+0000] {logging_mixin.py:188} INFO - [2024-02-10T18:09:55.552+0000] {dag.py:3036} INFO - Sync 1 DAGs
[2024-02-10T18:09:55.578+0000] {logging_mixin.py:188} INFO - [2024-02-10T18:09:55.578+0000] {dag.py:3823} INFO - Setting next_dagrun for tutorial to 2024-02-09 00:00:00+00:00, run_after=2024-02-10 00:00:00+00:00
[2024-02-10T18:09:55.602+0000] {processor.py:183} INFO - Processing /home/airflow/.local/lib/python3.8/site-packages/airflow/example_dags/tutorial.py took 0.087 seconds
[2024-02-10T18:10:26.065+0000] {processor.py:161} INFO - Started process (PID=3032) to work on /home/airflow/.local/lib/python3.8/site-packages/airflow/example_dags/tutorial.py
[2024-02-10T18:10:26.066+0000] {processor.py:830} INFO - Processing file /home/airflow/.local/lib/python3.8/site-packages/airflow/example_dags/tutorial.py for tasks to queue
[2024-02-10T18:10:26.068+0000] {logging_mixin.py:188} INFO - [2024-02-10T18:10:26.068+0000] {dagbag.py:538} INFO - Filling up the DagBag from /home/airflow/.local/lib/python3.8/site-packages/airflow/example_dags/tutorial.py
[2024-02-10T18:10:26.075+0000] {processor.py:840} INFO - DAG(s) 'tutorial' retrieved from /home/airflow/.local/lib/python3.8/site-packages/airflow/example_dags/tutorial.py
[2024-02-10T18:10:26.098+0000] {logging_mixin.py:188} INFO - [2024-02-10T18:10:26.098+0000] {dag.py:3036} INFO - Sync 1 DAGs
[2024-02-10T18:10:26.122+0000] {logging_mixin.py:188} INFO - [2024-02-10T18:10:26.122+0000] {dag.py:3823} INFO - Setting next_dagrun for tutorial to 2024-02-09 00:00:00+00:00, run_after=2024-02-10 00:00:00+00:00
[2024-02-10T18:10:26.156+0000] {processor.py:183} INFO - Processing /home/airflow/.local/lib/python3.8/site-packages/airflow/example_dags/tutorial.py took 0.094 seconds
[2024-02-10T18:10:56.204+0000] {processor.py:161} INFO - Started process (PID=3086) to work on /home/airflow/.local/lib/python3.8/site-packages/airflow/example_dags/tutorial.py
[2024-02-10T18:10:56.205+0000] {processor.py:830} INFO - Processing file /home/airflow/.local/lib/python3.8/site-packages/airflow/example_dags/tutorial.py for tasks to queue
[2024-02-10T18:10:56.207+0000] {logging_mixin.py:188} INFO - [2024-02-10T18:10:56.207+0000] {dagbag.py:538} INFO - Filling up the DagBag from /home/airflow/.local/lib/python3.8/site-packages/airflow/example_dags/tutorial.py
[2024-02-10T18:10:56.211+0000] {processor.py:840} INFO - DAG(s) 'tutorial' retrieved from /home/airflow/.local/lib/python3.8/site-packages/airflow/example_dags/tutorial.py
[2024-02-10T18:10:56.226+0000] {logging_mixin.py:188} INFO - [2024-02-10T18:10:56.226+0000] {dag.py:3036} INFO - Sync 1 DAGs
[2024-02-10T18:10:56.243+0000] {logging_mixin.py:188} INFO - [2024-02-10T18:10:56.243+0000] {dag.py:3823} INFO - Setting next_dagrun for tutorial to 2024-02-09 00:00:00+00:00, run_after=2024-02-10 00:00:00+00:00
[2024-02-10T18:10:56.263+0000] {processor.py:183} INFO - Processing /home/airflow/.local/lib/python3.8/site-packages/airflow/example_dags/tutorial.py took 0.063 seconds
[2024-02-10T18:11:27.033+0000] {processor.py:161} INFO - Started process (PID=3142) to work on /home/airflow/.local/lib/python3.8/site-packages/airflow/example_dags/tutorial.py
[2024-02-10T18:11:27.033+0000] {processor.py:830} INFO - Processing file /home/airflow/.local/lib/python3.8/site-packages/airflow/example_dags/tutorial.py for tasks to queue
[2024-02-10T18:11:27.035+0000] {logging_mixin.py:188} INFO - [2024-02-10T18:11:27.034+0000] {dagbag.py:538} INFO - Filling up the DagBag from /home/airflow/.local/lib/python3.8/site-packages/airflow/example_dags/tutorial.py
[2024-02-10T18:11:27.039+0000] {processor.py:840} INFO - DAG(s) 'tutorial' retrieved from /home/airflow/.local/lib/python3.8/site-packages/airflow/example_dags/tutorial.py
[2024-02-10T18:11:27.061+0000] {logging_mixin.py:188} INFO - [2024-02-10T18:11:27.061+0000] {dag.py:3036} INFO - Sync 1 DAGs
[2024-02-10T18:11:27.082+0000] {logging_mixin.py:188} INFO - [2024-02-10T18:11:27.082+0000] {dag.py:3823} INFO - Setting next_dagrun for tutorial to 2024-02-09 00:00:00+00:00, run_after=2024-02-10 00:00:00+00:00
[2024-02-10T18:11:27.102+0000] {processor.py:183} INFO - Processing /home/airflow/.local/lib/python3.8/site-packages/airflow/example_dags/tutorial.py took 0.072 seconds
[2024-02-10T18:11:58.183+0000] {processor.py:161} INFO - Started process (PID=3197) to work on /home/airflow/.local/lib/python3.8/site-packages/airflow/example_dags/tutorial.py
[2024-02-10T18:11:58.185+0000] {processor.py:830} INFO - Processing file /home/airflow/.local/lib/python3.8/site-packages/airflow/example_dags/tutorial.py for tasks to queue
[2024-02-10T18:11:58.189+0000] {logging_mixin.py:188} INFO - [2024-02-10T18:11:58.188+0000] {dagbag.py:538} INFO - Filling up the DagBag from /home/airflow/.local/lib/python3.8/site-packages/airflow/example_dags/tutorial.py
[2024-02-10T18:11:58.207+0000] {processor.py:840} INFO - DAG(s) 'tutorial' retrieved from /home/airflow/.local/lib/python3.8/site-packages/airflow/example_dags/tutorial.py
[2024-02-10T18:11:58.232+0000] {logging_mixin.py:188} INFO - [2024-02-10T18:11:58.231+0000] {dag.py:3036} INFO - Sync 1 DAGs
[2024-02-10T18:11:58.257+0000] {logging_mixin.py:188} INFO - [2024-02-10T18:11:58.257+0000] {dag.py:3823} INFO - Setting next_dagrun for tutorial to 2024-02-09 00:00:00+00:00, run_after=2024-02-10 00:00:00+00:00
[2024-02-10T18:11:58.286+0000] {processor.py:183} INFO - Processing /home/airflow/.local/lib/python3.8/site-packages/airflow/example_dags/tutorial.py took 0.106 seconds
[2024-02-10T18:12:28.692+0000] {processor.py:161} INFO - Started process (PID=3253) to work on /home/airflow/.local/lib/python3.8/site-packages/airflow/example_dags/tutorial.py
[2024-02-10T18:12:28.692+0000] {processor.py:830} INFO - Processing file /home/airflow/.local/lib/python3.8/site-packages/airflow/example_dags/tutorial.py for tasks to queue
[2024-02-10T18:12:28.694+0000] {logging_mixin.py:188} INFO - [2024-02-10T18:12:28.694+0000] {dagbag.py:538} INFO - Filling up the DagBag from /home/airflow/.local/lib/python3.8/site-packages/airflow/example_dags/tutorial.py
[2024-02-10T18:12:28.700+0000] {processor.py:840} INFO - DAG(s) 'tutorial' retrieved from /home/airflow/.local/lib/python3.8/site-packages/airflow/example_dags/tutorial.py
[2024-02-10T18:12:28.726+0000] {logging_mixin.py:188} INFO - [2024-02-10T18:12:28.726+0000] {dag.py:3036} INFO - Sync 1 DAGs
[2024-02-10T18:12:28.751+0000] {logging_mixin.py:188} INFO - [2024-02-10T18:12:28.750+0000] {dag.py:3823} INFO - Setting next_dagrun for tutorial to 2024-02-09 00:00:00+00:00, run_after=2024-02-10 00:00:00+00:00
[2024-02-10T18:12:28.774+0000] {processor.py:183} INFO - Processing /home/airflow/.local/lib/python3.8/site-packages/airflow/example_dags/tutorial.py took 0.086 seconds
[2024-02-10T18:12:58.957+0000] {processor.py:161} INFO - Started process (PID=3308) to work on /home/airflow/.local/lib/python3.8/site-packages/airflow/example_dags/tutorial.py
[2024-02-10T18:12:58.957+0000] {processor.py:830} INFO - Processing file /home/airflow/.local/lib/python3.8/site-packages/airflow/example_dags/tutorial.py for tasks to queue
[2024-02-10T18:12:58.959+0000] {logging_mixin.py:188} INFO - [2024-02-10T18:12:58.959+0000] {dagbag.py:538} INFO - Filling up the DagBag from /home/airflow/.local/lib/python3.8/site-packages/airflow/example_dags/tutorial.py
[2024-02-10T18:12:58.965+0000] {processor.py:840} INFO - DAG(s) 'tutorial' retrieved from /home/airflow/.local/lib/python3.8/site-packages/airflow/example_dags/tutorial.py
[2024-02-10T18:12:58.986+0000] {logging_mixin.py:188} INFO - [2024-02-10T18:12:58.986+0000] {dag.py:3036} INFO - Sync 1 DAGs
[2024-02-10T18:12:59.012+0000] {logging_mixin.py:188} INFO - [2024-02-10T18:12:59.012+0000] {dag.py:3823} INFO - Setting next_dagrun for tutorial to 2024-02-09 00:00:00+00:00, run_after=2024-02-10 00:00:00+00:00
[2024-02-10T18:12:59.037+0000] {processor.py:183} INFO - Processing /home/airflow/.local/lib/python3.8/site-packages/airflow/example_dags/tutorial.py took 0.083 seconds
[2024-02-10T18:13:29.547+0000] {processor.py:161} INFO - Started process (PID=3364) to work on /home/airflow/.local/lib/python3.8/site-packages/airflow/example_dags/tutorial.py
[2024-02-10T18:13:29.548+0000] {processor.py:830} INFO - Processing file /home/airflow/.local/lib/python3.8/site-packages/airflow/example_dags/tutorial.py for tasks to queue
[2024-02-10T18:13:29.550+0000] {logging_mixin.py:188} INFO - [2024-02-10T18:13:29.550+0000] {dagbag.py:538} INFO - Filling up the DagBag from /home/airflow/.local/lib/python3.8/site-packages/airflow/example_dags/tutorial.py
[2024-02-10T18:13:29.557+0000] {processor.py:840} INFO - DAG(s) 'tutorial' retrieved from /home/airflow/.local/lib/python3.8/site-packages/airflow/example_dags/tutorial.py
[2024-02-10T18:13:29.579+0000] {logging_mixin.py:188} INFO - [2024-02-10T18:13:29.579+0000] {dag.py:3036} INFO - Sync 1 DAGs
[2024-02-10T18:13:29.609+0000] {logging_mixin.py:188} INFO - [2024-02-10T18:13:29.608+0000] {dag.py:3823} INFO - Setting next_dagrun for tutorial to 2024-02-09 00:00:00+00:00, run_after=2024-02-10 00:00:00+00:00
[2024-02-10T18:13:29.634+0000] {processor.py:183} INFO - Processing /home/airflow/.local/lib/python3.8/site-packages/airflow/example_dags/tutorial.py took 0.090 seconds
[2024-02-10T18:14:00.166+0000] {processor.py:161} INFO - Started process (PID=3419) to work on /home/airflow/.local/lib/python3.8/site-packages/airflow/example_dags/tutorial.py
[2024-02-10T18:14:00.167+0000] {processor.py:830} INFO - Processing file /home/airflow/.local/lib/python3.8/site-packages/airflow/example_dags/tutorial.py for tasks to queue
[2024-02-10T18:14:00.168+0000] {logging_mixin.py:188} INFO - [2024-02-10T18:14:00.168+0000] {dagbag.py:538} INFO - Filling up the DagBag from /home/airflow/.local/lib/python3.8/site-packages/airflow/example_dags/tutorial.py
[2024-02-10T18:14:00.172+0000] {processor.py:840} INFO - DAG(s) 'tutorial' retrieved from /home/airflow/.local/lib/python3.8/site-packages/airflow/example_dags/tutorial.py
[2024-02-10T18:14:00.192+0000] {logging_mixin.py:188} INFO - [2024-02-10T18:14:00.192+0000] {dag.py:3036} INFO - Sync 1 DAGs
[2024-02-10T18:14:00.218+0000] {logging_mixin.py:188} INFO - [2024-02-10T18:14:00.218+0000] {dag.py:3823} INFO - Setting next_dagrun for tutorial to 2024-02-09 00:00:00+00:00, run_after=2024-02-10 00:00:00+00:00
[2024-02-10T18:14:00.243+0000] {processor.py:183} INFO - Processing /home/airflow/.local/lib/python3.8/site-packages/airflow/example_dags/tutorial.py took 0.080 seconds
[2024-02-10T18:14:30.537+0000] {processor.py:161} INFO - Started process (PID=3474) to work on /home/airflow/.local/lib/python3.8/site-packages/airflow/example_dags/tutorial.py
[2024-02-10T18:14:30.538+0000] {processor.py:830} INFO - Processing file /home/airflow/.local/lib/python3.8/site-packages/airflow/example_dags/tutorial.py for tasks to queue
[2024-02-10T18:14:30.539+0000] {logging_mixin.py:188} INFO - [2024-02-10T18:14:30.539+0000] {dagbag.py:538} INFO - Filling up the DagBag from /home/airflow/.local/lib/python3.8/site-packages/airflow/example_dags/tutorial.py
[2024-02-10T18:14:30.545+0000] {processor.py:840} INFO - DAG(s) 'tutorial' retrieved from /home/airflow/.local/lib/python3.8/site-packages/airflow/example_dags/tutorial.py
[2024-02-10T18:14:30.562+0000] {logging_mixin.py:188} INFO - [2024-02-10T18:14:30.562+0000] {dag.py:3036} INFO - Sync 1 DAGs
[2024-02-10T18:14:30.579+0000] {logging_mixin.py:188} INFO - [2024-02-10T18:14:30.579+0000] {dag.py:3823} INFO - Setting next_dagrun for tutorial to 2024-02-09 00:00:00+00:00, run_after=2024-02-10 00:00:00+00:00
[2024-02-10T18:14:30.600+0000] {processor.py:183} INFO - Processing /home/airflow/.local/lib/python3.8/site-packages/airflow/example_dags/tutorial.py took 0.066 seconds
[2024-02-10T18:15:00.745+0000] {processor.py:161} INFO - Started process (PID=3529) to work on /home/airflow/.local/lib/python3.8/site-packages/airflow/example_dags/tutorial.py
[2024-02-10T18:15:00.747+0000] {processor.py:830} INFO - Processing file /home/airflow/.local/lib/python3.8/site-packages/airflow/example_dags/tutorial.py for tasks to queue
[2024-02-10T18:15:00.749+0000] {logging_mixin.py:188} INFO - [2024-02-10T18:15:00.749+0000] {dagbag.py:538} INFO - Filling up the DagBag from /home/airflow/.local/lib/python3.8/site-packages/airflow/example_dags/tutorial.py
[2024-02-10T18:15:00.755+0000] {processor.py:840} INFO - DAG(s) 'tutorial' retrieved from /home/airflow/.local/lib/python3.8/site-packages/airflow/example_dags/tutorial.py
[2024-02-10T18:15:00.771+0000] {logging_mixin.py:188} INFO - [2024-02-10T18:15:00.771+0000] {dag.py:3036} INFO - Sync 1 DAGs
[2024-02-10T18:15:00.804+0000] {logging_mixin.py:188} INFO - [2024-02-10T18:15:00.803+0000] {dag.py:3823} INFO - Setting next_dagrun for tutorial to 2024-02-09 00:00:00+00:00, run_after=2024-02-10 00:00:00+00:00
[2024-02-10T18:15:00.837+0000] {processor.py:183} INFO - Processing /home/airflow/.local/lib/python3.8/site-packages/airflow/example_dags/tutorial.py took 0.094 seconds
[2024-02-10T18:15:31.286+0000] {processor.py:161} INFO - Started process (PID=3584) to work on /home/airflow/.local/lib/python3.8/site-packages/airflow/example_dags/tutorial.py
[2024-02-10T18:15:31.286+0000] {processor.py:830} INFO - Processing file /home/airflow/.local/lib/python3.8/site-packages/airflow/example_dags/tutorial.py for tasks to queue
[2024-02-10T18:15:31.288+0000] {logging_mixin.py:188} INFO - [2024-02-10T18:15:31.288+0000] {dagbag.py:538} INFO - Filling up the DagBag from /home/airflow/.local/lib/python3.8/site-packages/airflow/example_dags/tutorial.py
[2024-02-10T18:15:31.304+0000] {processor.py:840} INFO - DAG(s) 'tutorial' retrieved from /home/airflow/.local/lib/python3.8/site-packages/airflow/example_dags/tutorial.py
[2024-02-10T18:15:31.329+0000] {logging_mixin.py:188} INFO - [2024-02-10T18:15:31.328+0000] {dag.py:3036} INFO - Sync 1 DAGs
[2024-02-10T18:15:31.361+0000] {logging_mixin.py:188} INFO - [2024-02-10T18:15:31.358+0000] {dag.py:3823} INFO - Setting next_dagrun for tutorial to 2024-02-09 00:00:00+00:00, run_after=2024-02-10 00:00:00+00:00
[2024-02-10T18:15:31.387+0000] {processor.py:183} INFO - Processing /home/airflow/.local/lib/python3.8/site-packages/airflow/example_dags/tutorial.py took 0.106 seconds
[2024-02-10T18:16:01.687+0000] {processor.py:161} INFO - Started process (PID=3640) to work on /home/airflow/.local/lib/python3.8/site-packages/airflow/example_dags/tutorial.py
[2024-02-10T18:16:01.687+0000] {processor.py:830} INFO - Processing file /home/airflow/.local/lib/python3.8/site-packages/airflow/example_dags/tutorial.py for tasks to queue
[2024-02-10T18:16:01.689+0000] {logging_mixin.py:188} INFO - [2024-02-10T18:16:01.689+0000] {dagbag.py:538} INFO - Filling up the DagBag from /home/airflow/.local/lib/python3.8/site-packages/airflow/example_dags/tutorial.py
[2024-02-10T18:16:01.696+0000] {processor.py:840} INFO - DAG(s) 'tutorial' retrieved from /home/airflow/.local/lib/python3.8/site-packages/airflow/example_dags/tutorial.py
[2024-02-10T18:16:01.717+0000] {logging_mixin.py:188} INFO - [2024-02-10T18:16:01.717+0000] {dag.py:3036} INFO - Sync 1 DAGs
[2024-02-10T18:16:01.741+0000] {logging_mixin.py:188} INFO - [2024-02-10T18:16:01.741+0000] {dag.py:3823} INFO - Setting next_dagrun for tutorial to 2024-02-09 00:00:00+00:00, run_after=2024-02-10 00:00:00+00:00
[2024-02-10T18:16:01.768+0000] {processor.py:183} INFO - Processing /home/airflow/.local/lib/python3.8/site-packages/airflow/example_dags/tutorial.py took 0.084 seconds
