[2024-02-19T16:39:43.098+0000] {processor.py:161} INFO - Started process (PID=36) to work on /opt/airflow/dags/create_dag_with_python_operator.py
[2024-02-19T16:39:43.101+0000] {processor.py:830} INFO - Processing file /opt/airflow/dags/create_dag_with_python_operator.py for tasks to queue
[2024-02-19T16:39:43.109+0000] {logging_mixin.py:188} INFO - [2024-02-19T16:39:43.109+0000] {dagbag.py:538} INFO - Filling up the DagBag from /opt/airflow/dags/create_dag_with_python_operator.py
[2024-02-19T16:39:43.181+0000] {processor.py:840} INFO - DAG(s) 'our_dag_with_python_operator_v8' retrieved from /opt/airflow/dags/create_dag_with_python_operator.py
[2024-02-19T16:39:43.335+0000] {logging_mixin.py:188} INFO - [2024-02-19T16:39:43.335+0000] {dag.py:3036} INFO - Sync 1 DAGs
[2024-02-19T16:39:43.523+0000] {logging_mixin.py:188} INFO - [2024-02-19T16:39:43.523+0000] {dag.py:3823} INFO - Setting next_dagrun for our_dag_with_python_operator_v8 to 2024-02-14 00:00:00+00:00, run_after=2024-02-15 00:00:00+00:00
[2024-02-19T16:39:43.665+0000] {processor.py:183} INFO - Processing /opt/airflow/dags/create_dag_with_python_operator.py took 0.584 seconds
[2024-02-19T16:40:14.138+0000] {processor.py:161} INFO - Started process (PID=46) to work on /opt/airflow/dags/create_dag_with_python_operator.py
[2024-02-19T16:40:14.147+0000] {processor.py:830} INFO - Processing file /opt/airflow/dags/create_dag_with_python_operator.py for tasks to queue
[2024-02-19T16:40:14.149+0000] {logging_mixin.py:188} INFO - [2024-02-19T16:40:14.149+0000] {dagbag.py:538} INFO - Filling up the DagBag from /opt/airflow/dags/create_dag_with_python_operator.py
[2024-02-19T16:40:14.160+0000] {processor.py:840} INFO - DAG(s) 'our_dag_with_python_operator_v8' retrieved from /opt/airflow/dags/create_dag_with_python_operator.py
[2024-02-19T16:40:14.202+0000] {logging_mixin.py:188} INFO - [2024-02-19T16:40:14.202+0000] {dag.py:3036} INFO - Sync 1 DAGs
[2024-02-19T16:40:14.237+0000] {logging_mixin.py:188} INFO - [2024-02-19T16:40:14.236+0000] {dag.py:3823} INFO - Setting next_dagrun for our_dag_with_python_operator_v8 to 2024-02-14 00:00:00+00:00, run_after=2024-02-15 00:00:00+00:00
[2024-02-19T16:40:14.261+0000] {processor.py:183} INFO - Processing /opt/airflow/dags/create_dag_with_python_operator.py took 0.126 seconds
[2024-02-19T16:40:44.485+0000] {processor.py:161} INFO - Started process (PID=57) to work on /opt/airflow/dags/create_dag_with_python_operator.py
[2024-02-19T16:40:44.486+0000] {processor.py:830} INFO - Processing file /opt/airflow/dags/create_dag_with_python_operator.py for tasks to queue
[2024-02-19T16:40:44.488+0000] {logging_mixin.py:188} INFO - [2024-02-19T16:40:44.488+0000] {dagbag.py:538} INFO - Filling up the DagBag from /opt/airflow/dags/create_dag_with_python_operator.py
[2024-02-19T16:40:44.531+0000] {processor.py:840} INFO - DAG(s) 'our_dag_with_python_operator_v8' retrieved from /opt/airflow/dags/create_dag_with_python_operator.py
[2024-02-19T16:40:44.610+0000] {logging_mixin.py:188} INFO - [2024-02-19T16:40:44.610+0000] {dag.py:3036} INFO - Sync 1 DAGs
[2024-02-19T16:40:44.644+0000] {logging_mixin.py:188} INFO - [2024-02-19T16:40:44.644+0000] {dag.py:3823} INFO - Setting next_dagrun for our_dag_with_python_operator_v8 to 2024-02-14 00:00:00+00:00, run_after=2024-02-15 00:00:00+00:00
[2024-02-19T16:40:44.675+0000] {processor.py:183} INFO - Processing /opt/airflow/dags/create_dag_with_python_operator.py took 0.193 seconds
[2024-02-19T16:41:14.975+0000] {processor.py:161} INFO - Started process (PID=67) to work on /opt/airflow/dags/create_dag_with_python_operator.py
[2024-02-19T16:41:14.983+0000] {processor.py:830} INFO - Processing file /opt/airflow/dags/create_dag_with_python_operator.py for tasks to queue
[2024-02-19T16:41:14.985+0000] {logging_mixin.py:188} INFO - [2024-02-19T16:41:14.984+0000] {dagbag.py:538} INFO - Filling up the DagBag from /opt/airflow/dags/create_dag_with_python_operator.py
[2024-02-19T16:41:15.012+0000] {processor.py:840} INFO - DAG(s) 'our_dag_with_python_operator_v8' retrieved from /opt/airflow/dags/create_dag_with_python_operator.py
[2024-02-19T16:41:15.091+0000] {logging_mixin.py:188} INFO - [2024-02-19T16:41:15.091+0000] {dag.py:3036} INFO - Sync 1 DAGs
[2024-02-19T16:41:15.136+0000] {logging_mixin.py:188} INFO - [2024-02-19T16:41:15.136+0000] {dag.py:3823} INFO - Setting next_dagrun for our_dag_with_python_operator_v8 to 2024-02-14 00:00:00+00:00, run_after=2024-02-15 00:00:00+00:00
[2024-02-19T16:41:15.159+0000] {processor.py:183} INFO - Processing /opt/airflow/dags/create_dag_with_python_operator.py took 0.190 seconds
[2024-02-19T16:41:45.373+0000] {processor.py:161} INFO - Started process (PID=78) to work on /opt/airflow/dags/create_dag_with_python_operator.py
[2024-02-19T16:41:45.374+0000] {processor.py:830} INFO - Processing file /opt/airflow/dags/create_dag_with_python_operator.py for tasks to queue
[2024-02-19T16:41:45.376+0000] {logging_mixin.py:188} INFO - [2024-02-19T16:41:45.375+0000] {dagbag.py:538} INFO - Filling up the DagBag from /opt/airflow/dags/create_dag_with_python_operator.py
[2024-02-19T16:41:45.386+0000] {processor.py:840} INFO - DAG(s) 'our_dag_with_python_operator_v8' retrieved from /opt/airflow/dags/create_dag_with_python_operator.py
[2024-02-19T16:41:45.463+0000] {logging_mixin.py:188} INFO - [2024-02-19T16:41:45.463+0000] {dag.py:3036} INFO - Sync 1 DAGs
[2024-02-19T16:41:45.531+0000] {logging_mixin.py:188} INFO - [2024-02-19T16:41:45.531+0000] {dag.py:3823} INFO - Setting next_dagrun for our_dag_with_python_operator_v8 to 2024-02-14 00:00:00+00:00, run_after=2024-02-15 00:00:00+00:00
[2024-02-19T16:41:45.607+0000] {processor.py:183} INFO - Processing /opt/airflow/dags/create_dag_with_python_operator.py took 0.238 seconds
[2024-02-19T16:42:15.788+0000] {processor.py:161} INFO - Started process (PID=89) to work on /opt/airflow/dags/create_dag_with_python_operator.py
[2024-02-19T16:42:15.789+0000] {processor.py:830} INFO - Processing file /opt/airflow/dags/create_dag_with_python_operator.py for tasks to queue
[2024-02-19T16:42:15.790+0000] {logging_mixin.py:188} INFO - [2024-02-19T16:42:15.790+0000] {dagbag.py:538} INFO - Filling up the DagBag from /opt/airflow/dags/create_dag_with_python_operator.py
[2024-02-19T16:42:15.810+0000] {processor.py:840} INFO - DAG(s) 'our_dag_with_python_operator_v8' retrieved from /opt/airflow/dags/create_dag_with_python_operator.py
[2024-02-19T16:42:15.845+0000] {logging_mixin.py:188} INFO - [2024-02-19T16:42:15.844+0000] {dag.py:3036} INFO - Sync 1 DAGs
[2024-02-19T16:42:15.872+0000] {logging_mixin.py:188} INFO - [2024-02-19T16:42:15.872+0000] {dag.py:3823} INFO - Setting next_dagrun for our_dag_with_python_operator_v8 to 2024-02-14 00:00:00+00:00, run_after=2024-02-15 00:00:00+00:00
[2024-02-19T16:42:15.923+0000] {processor.py:183} INFO - Processing /opt/airflow/dags/create_dag_with_python_operator.py took 0.139 seconds
[2024-02-19T16:42:46.087+0000] {processor.py:161} INFO - Started process (PID=100) to work on /opt/airflow/dags/create_dag_with_python_operator.py
[2024-02-19T16:42:46.088+0000] {processor.py:830} INFO - Processing file /opt/airflow/dags/create_dag_with_python_operator.py for tasks to queue
[2024-02-19T16:42:46.090+0000] {logging_mixin.py:188} INFO - [2024-02-19T16:42:46.090+0000] {dagbag.py:538} INFO - Filling up the DagBag from /opt/airflow/dags/create_dag_with_python_operator.py
[2024-02-19T16:42:46.101+0000] {processor.py:840} INFO - DAG(s) 'our_dag_with_python_operator_v8' retrieved from /opt/airflow/dags/create_dag_with_python_operator.py
[2024-02-19T16:42:46.131+0000] {logging_mixin.py:188} INFO - [2024-02-19T16:42:46.130+0000] {dag.py:3036} INFO - Sync 1 DAGs
[2024-02-19T16:42:46.157+0000] {logging_mixin.py:188} INFO - [2024-02-19T16:42:46.157+0000] {dag.py:3823} INFO - Setting next_dagrun for our_dag_with_python_operator_v8 to 2024-02-14 00:00:00+00:00, run_after=2024-02-15 00:00:00+00:00
[2024-02-19T16:42:46.184+0000] {processor.py:183} INFO - Processing /opt/airflow/dags/create_dag_with_python_operator.py took 0.100 seconds
[2024-02-19T16:43:16.375+0000] {processor.py:161} INFO - Started process (PID=110) to work on /opt/airflow/dags/create_dag_with_python_operator.py
[2024-02-19T16:43:16.376+0000] {processor.py:830} INFO - Processing file /opt/airflow/dags/create_dag_with_python_operator.py for tasks to queue
[2024-02-19T16:43:16.377+0000] {logging_mixin.py:188} INFO - [2024-02-19T16:43:16.377+0000] {dagbag.py:538} INFO - Filling up the DagBag from /opt/airflow/dags/create_dag_with_python_operator.py
[2024-02-19T16:43:16.390+0000] {processor.py:840} INFO - DAG(s) 'our_dag_with_python_operator_v8' retrieved from /opt/airflow/dags/create_dag_with_python_operator.py
[2024-02-19T16:43:16.418+0000] {logging_mixin.py:188} INFO - [2024-02-19T16:43:16.418+0000] {dag.py:3036} INFO - Sync 1 DAGs
[2024-02-19T16:43:16.445+0000] {logging_mixin.py:188} INFO - [2024-02-19T16:43:16.445+0000] {dag.py:3823} INFO - Setting next_dagrun for our_dag_with_python_operator_v8 to 2024-02-14 00:00:00+00:00, run_after=2024-02-15 00:00:00+00:00
[2024-02-19T16:43:16.487+0000] {processor.py:183} INFO - Processing /opt/airflow/dags/create_dag_with_python_operator.py took 0.115 seconds
[2024-02-19T16:43:46.684+0000] {processor.py:161} INFO - Started process (PID=120) to work on /opt/airflow/dags/create_dag_with_python_operator.py
[2024-02-19T16:43:46.685+0000] {processor.py:830} INFO - Processing file /opt/airflow/dags/create_dag_with_python_operator.py for tasks to queue
[2024-02-19T16:43:46.686+0000] {logging_mixin.py:188} INFO - [2024-02-19T16:43:46.686+0000] {dagbag.py:538} INFO - Filling up the DagBag from /opt/airflow/dags/create_dag_with_python_operator.py
[2024-02-19T16:43:46.698+0000] {processor.py:840} INFO - DAG(s) 'our_dag_with_python_operator_v8' retrieved from /opt/airflow/dags/create_dag_with_python_operator.py
[2024-02-19T16:43:46.727+0000] {logging_mixin.py:188} INFO - [2024-02-19T16:43:46.727+0000] {dag.py:3036} INFO - Sync 1 DAGs
[2024-02-19T16:43:46.756+0000] {logging_mixin.py:188} INFO - [2024-02-19T16:43:46.756+0000] {dag.py:3823} INFO - Setting next_dagrun for our_dag_with_python_operator_v8 to 2024-02-14 00:00:00+00:00, run_after=2024-02-15 00:00:00+00:00
[2024-02-19T16:43:46.778+0000] {processor.py:183} INFO - Processing /opt/airflow/dags/create_dag_with_python_operator.py took 0.098 seconds
[2024-02-19T16:44:16.979+0000] {processor.py:161} INFO - Started process (PID=131) to work on /opt/airflow/dags/create_dag_with_python_operator.py
[2024-02-19T16:44:16.980+0000] {processor.py:830} INFO - Processing file /opt/airflow/dags/create_dag_with_python_operator.py for tasks to queue
[2024-02-19T16:44:16.982+0000] {logging_mixin.py:188} INFO - [2024-02-19T16:44:16.981+0000] {dagbag.py:538} INFO - Filling up the DagBag from /opt/airflow/dags/create_dag_with_python_operator.py
[2024-02-19T16:44:16.998+0000] {processor.py:840} INFO - DAG(s) 'our_dag_with_python_operator_v8' retrieved from /opt/airflow/dags/create_dag_with_python_operator.py
[2024-02-19T16:44:17.030+0000] {logging_mixin.py:188} INFO - [2024-02-19T16:44:17.030+0000] {dag.py:3036} INFO - Sync 1 DAGs
[2024-02-19T16:44:17.070+0000] {logging_mixin.py:188} INFO - [2024-02-19T16:44:17.070+0000] {dag.py:3823} INFO - Setting next_dagrun for our_dag_with_python_operator_v8 to 2024-02-14 00:00:00+00:00, run_after=2024-02-15 00:00:00+00:00
[2024-02-19T16:44:17.100+0000] {processor.py:183} INFO - Processing /opt/airflow/dags/create_dag_with_python_operator.py took 0.124 seconds
[2024-02-19T16:44:47.327+0000] {processor.py:161} INFO - Started process (PID=144) to work on /opt/airflow/dags/create_dag_with_python_operator.py
[2024-02-19T16:44:47.335+0000] {processor.py:830} INFO - Processing file /opt/airflow/dags/create_dag_with_python_operator.py for tasks to queue
[2024-02-19T16:44:47.337+0000] {logging_mixin.py:188} INFO - [2024-02-19T16:44:47.336+0000] {dagbag.py:538} INFO - Filling up the DagBag from /opt/airflow/dags/create_dag_with_python_operator.py
[2024-02-19T16:44:47.386+0000] {processor.py:840} INFO - DAG(s) 'our_dag_with_python_operator_v8' retrieved from /opt/airflow/dags/create_dag_with_python_operator.py
[2024-02-19T16:44:47.480+0000] {logging_mixin.py:188} INFO - [2024-02-19T16:44:47.479+0000] {dag.py:3036} INFO - Sync 1 DAGs
[2024-02-19T16:44:47.590+0000] {logging_mixin.py:188} INFO - [2024-02-19T16:44:47.589+0000] {dag.py:3823} INFO - Setting next_dagrun for our_dag_with_python_operator_v8 to 2024-02-14 00:00:00+00:00, run_after=2024-02-15 00:00:00+00:00
[2024-02-19T16:44:47.682+0000] {processor.py:183} INFO - Processing /opt/airflow/dags/create_dag_with_python_operator.py took 0.357 seconds
[2024-02-19T16:45:18.258+0000] {processor.py:161} INFO - Started process (PID=160) to work on /opt/airflow/dags/create_dag_with_python_operator.py
[2024-02-19T16:45:18.285+0000] {processor.py:830} INFO - Processing file /opt/airflow/dags/create_dag_with_python_operator.py for tasks to queue
[2024-02-19T16:45:18.298+0000] {logging_mixin.py:188} INFO - [2024-02-19T16:45:18.298+0000] {dagbag.py:538} INFO - Filling up the DagBag from /opt/airflow/dags/create_dag_with_python_operator.py
[2024-02-19T16:45:18.344+0000] {processor.py:840} INFO - DAG(s) 'our_dag_with_python_operator_v8' retrieved from /opt/airflow/dags/create_dag_with_python_operator.py
[2024-02-19T16:45:18.504+0000] {logging_mixin.py:188} INFO - [2024-02-19T16:45:18.503+0000] {dag.py:3036} INFO - Sync 1 DAGs
[2024-02-19T16:45:18.861+0000] {logging_mixin.py:188} INFO - [2024-02-19T16:45:18.861+0000] {dag.py:3823} INFO - Setting next_dagrun for our_dag_with_python_operator_v8 to 2024-02-14 00:00:00+00:00, run_after=2024-02-15 00:00:00+00:00
[2024-02-19T16:45:19.084+0000] {processor.py:183} INFO - Processing /opt/airflow/dags/create_dag_with_python_operator.py took 0.855 seconds
[2024-02-19T16:45:49.435+0000] {processor.py:161} INFO - Started process (PID=171) to work on /opt/airflow/dags/create_dag_with_python_operator.py
[2024-02-19T16:45:49.443+0000] {processor.py:830} INFO - Processing file /opt/airflow/dags/create_dag_with_python_operator.py for tasks to queue
[2024-02-19T16:45:49.445+0000] {logging_mixin.py:188} INFO - [2024-02-19T16:45:49.444+0000] {dagbag.py:538} INFO - Filling up the DagBag from /opt/airflow/dags/create_dag_with_python_operator.py
[2024-02-19T16:45:49.466+0000] {processor.py:840} INFO - DAG(s) 'our_dag_with_python_operator_v8' retrieved from /opt/airflow/dags/create_dag_with_python_operator.py
[2024-02-19T16:45:49.517+0000] {logging_mixin.py:188} INFO - [2024-02-19T16:45:49.517+0000] {dag.py:3036} INFO - Sync 1 DAGs
[2024-02-19T16:45:49.544+0000] {logging_mixin.py:188} INFO - [2024-02-19T16:45:49.543+0000] {dag.py:3823} INFO - Setting next_dagrun for our_dag_with_python_operator_v8 to 2024-02-14 00:00:00+00:00, run_after=2024-02-15 00:00:00+00:00
[2024-02-19T16:45:49.619+0000] {processor.py:183} INFO - Processing /opt/airflow/dags/create_dag_with_python_operator.py took 0.217 seconds
[2024-02-19T16:46:20.006+0000] {processor.py:161} INFO - Started process (PID=182) to work on /opt/airflow/dags/create_dag_with_python_operator.py
[2024-02-19T16:46:20.007+0000] {processor.py:830} INFO - Processing file /opt/airflow/dags/create_dag_with_python_operator.py for tasks to queue
[2024-02-19T16:46:20.009+0000] {logging_mixin.py:188} INFO - [2024-02-19T16:46:20.008+0000] {dagbag.py:538} INFO - Filling up the DagBag from /opt/airflow/dags/create_dag_with_python_operator.py
[2024-02-19T16:46:20.040+0000] {processor.py:840} INFO - DAG(s) 'our_dag_with_python_operator_v8' retrieved from /opt/airflow/dags/create_dag_with_python_operator.py
[2024-02-19T16:46:20.071+0000] {logging_mixin.py:188} INFO - [2024-02-19T16:46:20.071+0000] {dag.py:3036} INFO - Sync 1 DAGs
[2024-02-19T16:46:20.098+0000] {logging_mixin.py:188} INFO - [2024-02-19T16:46:20.098+0000] {dag.py:3823} INFO - Setting next_dagrun for our_dag_with_python_operator_v8 to 2024-02-14 00:00:00+00:00, run_after=2024-02-15 00:00:00+00:00
[2024-02-19T16:46:20.128+0000] {processor.py:183} INFO - Processing /opt/airflow/dags/create_dag_with_python_operator.py took 0.133 seconds
[2024-02-19T16:46:50.476+0000] {processor.py:161} INFO - Started process (PID=201) to work on /opt/airflow/dags/create_dag_with_python_operator.py
[2024-02-19T16:46:50.476+0000] {processor.py:830} INFO - Processing file /opt/airflow/dags/create_dag_with_python_operator.py for tasks to queue
[2024-02-19T16:46:50.479+0000] {logging_mixin.py:188} INFO - [2024-02-19T16:46:50.478+0000] {dagbag.py:538} INFO - Filling up the DagBag from /opt/airflow/dags/create_dag_with_python_operator.py
[2024-02-19T16:46:50.495+0000] {processor.py:840} INFO - DAG(s) 'our_dag_with_python_operator_v8' retrieved from /opt/airflow/dags/create_dag_with_python_operator.py
[2024-02-19T16:46:50.540+0000] {logging_mixin.py:188} INFO - [2024-02-19T16:46:50.539+0000] {dag.py:3036} INFO - Sync 1 DAGs
[2024-02-19T16:46:50.601+0000] {logging_mixin.py:188} INFO - [2024-02-19T16:46:50.601+0000] {dag.py:3823} INFO - Setting next_dagrun for our_dag_with_python_operator_v8 to 2024-02-14 00:00:00+00:00, run_after=2024-02-15 00:00:00+00:00
[2024-02-19T16:46:50.647+0000] {processor.py:183} INFO - Processing /opt/airflow/dags/create_dag_with_python_operator.py took 0.175 seconds
[2024-02-19T16:47:21.189+0000] {processor.py:161} INFO - Started process (PID=219) to work on /opt/airflow/dags/create_dag_with_python_operator.py
[2024-02-19T16:47:21.191+0000] {processor.py:830} INFO - Processing file /opt/airflow/dags/create_dag_with_python_operator.py for tasks to queue
[2024-02-19T16:47:21.193+0000] {logging_mixin.py:188} INFO - [2024-02-19T16:47:21.193+0000] {dagbag.py:538} INFO - Filling up the DagBag from /opt/airflow/dags/create_dag_with_python_operator.py
[2024-02-19T16:47:21.228+0000] {processor.py:840} INFO - DAG(s) 'our_dag_with_python_operator_v8' retrieved from /opt/airflow/dags/create_dag_with_python_operator.py
[2024-02-19T16:47:21.273+0000] {logging_mixin.py:188} INFO - [2024-02-19T16:47:21.273+0000] {dag.py:3036} INFO - Sync 1 DAGs
[2024-02-19T16:47:21.317+0000] {logging_mixin.py:188} INFO - [2024-02-19T16:47:21.316+0000] {dag.py:3823} INFO - Setting next_dagrun for our_dag_with_python_operator_v8 to 2024-02-14 00:00:00+00:00, run_after=2024-02-15 00:00:00+00:00
[2024-02-19T16:47:21.348+0000] {processor.py:183} INFO - Processing /opt/airflow/dags/create_dag_with_python_operator.py took 0.178 seconds
[2024-02-19T16:47:51.772+0000] {processor.py:161} INFO - Started process (PID=237) to work on /opt/airflow/dags/create_dag_with_python_operator.py
[2024-02-19T16:47:51.777+0000] {processor.py:830} INFO - Processing file /opt/airflow/dags/create_dag_with_python_operator.py for tasks to queue
[2024-02-19T16:47:51.779+0000] {logging_mixin.py:188} INFO - [2024-02-19T16:47:51.779+0000] {dagbag.py:538} INFO - Filling up the DagBag from /opt/airflow/dags/create_dag_with_python_operator.py
[2024-02-19T16:47:51.808+0000] {processor.py:840} INFO - DAG(s) 'our_dag_with_python_operator_v8' retrieved from /opt/airflow/dags/create_dag_with_python_operator.py
[2024-02-19T16:47:51.864+0000] {logging_mixin.py:188} INFO - [2024-02-19T16:47:51.864+0000] {dag.py:3036} INFO - Sync 1 DAGs
[2024-02-19T16:47:51.924+0000] {logging_mixin.py:188} INFO - [2024-02-19T16:47:51.918+0000] {dag.py:3823} INFO - Setting next_dagrun for our_dag_with_python_operator_v8 to 2024-02-14 00:00:00+00:00, run_after=2024-02-15 00:00:00+00:00
[2024-02-19T16:47:51.977+0000] {processor.py:183} INFO - Processing /opt/airflow/dags/create_dag_with_python_operator.py took 0.215 seconds
[2024-02-19T16:48:22.440+0000] {processor.py:161} INFO - Started process (PID=253) to work on /opt/airflow/dags/create_dag_with_python_operator.py
[2024-02-19T16:48:22.441+0000] {processor.py:830} INFO - Processing file /opt/airflow/dags/create_dag_with_python_operator.py for tasks to queue
[2024-02-19T16:48:22.443+0000] {logging_mixin.py:188} INFO - [2024-02-19T16:48:22.443+0000] {dagbag.py:538} INFO - Filling up the DagBag from /opt/airflow/dags/create_dag_with_python_operator.py
[2024-02-19T16:48:22.455+0000] {processor.py:840} INFO - DAG(s) 'our_dag_with_python_operator_v8' retrieved from /opt/airflow/dags/create_dag_with_python_operator.py
[2024-02-19T16:48:22.485+0000] {logging_mixin.py:188} INFO - [2024-02-19T16:48:22.485+0000] {dag.py:3036} INFO - Sync 1 DAGs
[2024-02-19T16:48:22.511+0000] {logging_mixin.py:188} INFO - [2024-02-19T16:48:22.511+0000] {dag.py:3823} INFO - Setting next_dagrun for our_dag_with_python_operator_v8 to 2024-02-14 00:00:00+00:00, run_after=2024-02-15 00:00:00+00:00
[2024-02-19T16:48:22.535+0000] {processor.py:183} INFO - Processing /opt/airflow/dags/create_dag_with_python_operator.py took 0.099 seconds
[2024-02-19T16:48:53.027+0000] {processor.py:161} INFO - Started process (PID=268) to work on /opt/airflow/dags/create_dag_with_python_operator.py
[2024-02-19T16:48:53.028+0000] {processor.py:830} INFO - Processing file /opt/airflow/dags/create_dag_with_python_operator.py for tasks to queue
[2024-02-19T16:48:53.029+0000] {logging_mixin.py:188} INFO - [2024-02-19T16:48:53.029+0000] {dagbag.py:538} INFO - Filling up the DagBag from /opt/airflow/dags/create_dag_with_python_operator.py
[2024-02-19T16:48:53.041+0000] {processor.py:840} INFO - DAG(s) 'our_dag_with_python_operator_v8' retrieved from /opt/airflow/dags/create_dag_with_python_operator.py
[2024-02-19T16:48:53.069+0000] {logging_mixin.py:188} INFO - [2024-02-19T16:48:53.069+0000] {dag.py:3036} INFO - Sync 1 DAGs
[2024-02-19T16:48:53.109+0000] {logging_mixin.py:188} INFO - [2024-02-19T16:48:53.109+0000] {dag.py:3823} INFO - Setting next_dagrun for our_dag_with_python_operator_v8 to 2024-02-14 00:00:00+00:00, run_after=2024-02-15 00:00:00+00:00
[2024-02-19T16:48:53.158+0000] {processor.py:183} INFO - Processing /opt/airflow/dags/create_dag_with_python_operator.py took 0.135 seconds
[2024-02-19T16:49:23.545+0000] {processor.py:161} INFO - Started process (PID=286) to work on /opt/airflow/dags/create_dag_with_python_operator.py
[2024-02-19T16:49:23.546+0000] {processor.py:830} INFO - Processing file /opt/airflow/dags/create_dag_with_python_operator.py for tasks to queue
[2024-02-19T16:49:23.550+0000] {logging_mixin.py:188} INFO - [2024-02-19T16:49:23.550+0000] {dagbag.py:538} INFO - Filling up the DagBag from /opt/airflow/dags/create_dag_with_python_operator.py
[2024-02-19T16:49:23.565+0000] {processor.py:840} INFO - DAG(s) 'our_dag_with_python_operator_v8' retrieved from /opt/airflow/dags/create_dag_with_python_operator.py
[2024-02-19T16:49:23.625+0000] {logging_mixin.py:188} INFO - [2024-02-19T16:49:23.623+0000] {dag.py:3036} INFO - Sync 1 DAGs
[2024-02-19T16:49:23.665+0000] {logging_mixin.py:188} INFO - [2024-02-19T16:49:23.665+0000] {dag.py:3823} INFO - Setting next_dagrun for our_dag_with_python_operator_v8 to 2024-02-14 00:00:00+00:00, run_after=2024-02-15 00:00:00+00:00
[2024-02-19T16:49:23.688+0000] {processor.py:183} INFO - Processing /opt/airflow/dags/create_dag_with_python_operator.py took 0.146 seconds
[2024-02-19T16:49:54.010+0000] {processor.py:161} INFO - Started process (PID=299) to work on /opt/airflow/dags/create_dag_with_python_operator.py
[2024-02-19T16:49:54.011+0000] {processor.py:830} INFO - Processing file /opt/airflow/dags/create_dag_with_python_operator.py for tasks to queue
[2024-02-19T16:49:54.011+0000] {logging_mixin.py:188} INFO - [2024-02-19T16:49:54.011+0000] {dagbag.py:538} INFO - Filling up the DagBag from /opt/airflow/dags/create_dag_with_python_operator.py
[2024-02-19T16:49:54.023+0000] {processor.py:840} INFO - DAG(s) 'our_dag_with_python_operator_v8' retrieved from /opt/airflow/dags/create_dag_with_python_operator.py
[2024-02-19T16:49:54.082+0000] {logging_mixin.py:188} INFO - [2024-02-19T16:49:54.081+0000] {dag.py:3036} INFO - Sync 1 DAGs
[2024-02-19T16:49:54.106+0000] {logging_mixin.py:188} INFO - [2024-02-19T16:49:54.106+0000] {dag.py:3823} INFO - Setting next_dagrun for our_dag_with_python_operator_v8 to 2024-02-14 00:00:00+00:00, run_after=2024-02-15 00:00:00+00:00
[2024-02-19T16:49:54.126+0000] {processor.py:183} INFO - Processing /opt/airflow/dags/create_dag_with_python_operator.py took 0.120 seconds
[2024-02-19T16:50:24.444+0000] {processor.py:161} INFO - Started process (PID=312) to work on /opt/airflow/dags/create_dag_with_python_operator.py
[2024-02-19T16:50:24.445+0000] {processor.py:830} INFO - Processing file /opt/airflow/dags/create_dag_with_python_operator.py for tasks to queue
[2024-02-19T16:50:24.445+0000] {logging_mixin.py:188} INFO - [2024-02-19T16:50:24.445+0000] {dagbag.py:538} INFO - Filling up the DagBag from /opt/airflow/dags/create_dag_with_python_operator.py
[2024-02-19T16:50:24.457+0000] {processor.py:840} INFO - DAG(s) 'our_dag_with_python_operator_v8' retrieved from /opt/airflow/dags/create_dag_with_python_operator.py
[2024-02-19T16:50:24.487+0000] {logging_mixin.py:188} INFO - [2024-02-19T16:50:24.487+0000] {dag.py:3036} INFO - Sync 1 DAGs
[2024-02-19T16:50:24.516+0000] {logging_mixin.py:188} INFO - [2024-02-19T16:50:24.516+0000] {dag.py:3823} INFO - Setting next_dagrun for our_dag_with_python_operator_v8 to 2024-02-14 00:00:00+00:00, run_after=2024-02-15 00:00:00+00:00
[2024-02-19T16:50:24.542+0000] {processor.py:183} INFO - Processing /opt/airflow/dags/create_dag_with_python_operator.py took 0.102 seconds
[2024-02-19T16:50:54.787+0000] {processor.py:161} INFO - Started process (PID=324) to work on /opt/airflow/dags/create_dag_with_python_operator.py
[2024-02-19T16:50:54.788+0000] {processor.py:830} INFO - Processing file /opt/airflow/dags/create_dag_with_python_operator.py for tasks to queue
[2024-02-19T16:50:54.789+0000] {logging_mixin.py:188} INFO - [2024-02-19T16:50:54.789+0000] {dagbag.py:538} INFO - Filling up the DagBag from /opt/airflow/dags/create_dag_with_python_operator.py
[2024-02-19T16:50:54.801+0000] {processor.py:840} INFO - DAG(s) 'our_dag_with_python_operator_v8' retrieved from /opt/airflow/dags/create_dag_with_python_operator.py
[2024-02-19T16:50:54.830+0000] {logging_mixin.py:188} INFO - [2024-02-19T16:50:54.830+0000] {dag.py:3036} INFO - Sync 1 DAGs
[2024-02-19T16:50:54.855+0000] {logging_mixin.py:188} INFO - [2024-02-19T16:50:54.855+0000] {dag.py:3823} INFO - Setting next_dagrun for our_dag_with_python_operator_v8 to 2024-02-14 00:00:00+00:00, run_after=2024-02-15 00:00:00+00:00
[2024-02-19T16:50:54.878+0000] {processor.py:183} INFO - Processing /opt/airflow/dags/create_dag_with_python_operator.py took 0.094 seconds
[2024-02-19T16:51:25.220+0000] {processor.py:161} INFO - Started process (PID=338) to work on /opt/airflow/dags/create_dag_with_python_operator.py
[2024-02-19T16:51:25.221+0000] {processor.py:830} INFO - Processing file /opt/airflow/dags/create_dag_with_python_operator.py for tasks to queue
[2024-02-19T16:51:25.222+0000] {logging_mixin.py:188} INFO - [2024-02-19T16:51:25.221+0000] {dagbag.py:538} INFO - Filling up the DagBag from /opt/airflow/dags/create_dag_with_python_operator.py
[2024-02-19T16:51:25.234+0000] {processor.py:840} INFO - DAG(s) 'our_dag_with_python_operator_v8' retrieved from /opt/airflow/dags/create_dag_with_python_operator.py
[2024-02-19T16:51:25.263+0000] {logging_mixin.py:188} INFO - [2024-02-19T16:51:25.262+0000] {dag.py:3036} INFO - Sync 1 DAGs
[2024-02-19T16:51:25.293+0000] {logging_mixin.py:188} INFO - [2024-02-19T16:51:25.293+0000] {dag.py:3823} INFO - Setting next_dagrun for our_dag_with_python_operator_v8 to 2024-02-14 00:00:00+00:00, run_after=2024-02-15 00:00:00+00:00
[2024-02-19T16:51:25.315+0000] {processor.py:183} INFO - Processing /opt/airflow/dags/create_dag_with_python_operator.py took 0.099 seconds
[2024-02-19T16:51:55.551+0000] {processor.py:161} INFO - Started process (PID=349) to work on /opt/airflow/dags/create_dag_with_python_operator.py
[2024-02-19T16:51:55.552+0000] {processor.py:830} INFO - Processing file /opt/airflow/dags/create_dag_with_python_operator.py for tasks to queue
[2024-02-19T16:51:55.553+0000] {logging_mixin.py:188} INFO - [2024-02-19T16:51:55.553+0000] {dagbag.py:538} INFO - Filling up the DagBag from /opt/airflow/dags/create_dag_with_python_operator.py
[2024-02-19T16:51:55.565+0000] {processor.py:840} INFO - DAG(s) 'our_dag_with_python_operator_v8' retrieved from /opt/airflow/dags/create_dag_with_python_operator.py
[2024-02-19T16:51:55.598+0000] {logging_mixin.py:188} INFO - [2024-02-19T16:51:55.597+0000] {dag.py:3036} INFO - Sync 1 DAGs
[2024-02-19T16:51:55.625+0000] {logging_mixin.py:188} INFO - [2024-02-19T16:51:55.624+0000] {dag.py:3823} INFO - Setting next_dagrun for our_dag_with_python_operator_v8 to 2024-02-14 00:00:00+00:00, run_after=2024-02-15 00:00:00+00:00
[2024-02-19T16:51:55.646+0000] {processor.py:183} INFO - Processing /opt/airflow/dags/create_dag_with_python_operator.py took 0.099 seconds
[2024-02-19T16:52:26.393+0000] {processor.py:161} INFO - Started process (PID=363) to work on /opt/airflow/dags/create_dag_with_python_operator.py
[2024-02-19T16:52:26.398+0000] {processor.py:830} INFO - Processing file /opt/airflow/dags/create_dag_with_python_operator.py for tasks to queue
[2024-02-19T16:52:26.401+0000] {logging_mixin.py:188} INFO - [2024-02-19T16:52:26.401+0000] {dagbag.py:538} INFO - Filling up the DagBag from /opt/airflow/dags/create_dag_with_python_operator.py
[2024-02-19T16:52:26.456+0000] {processor.py:840} INFO - DAG(s) 'our_dag_with_python_operator_v8' retrieved from /opt/airflow/dags/create_dag_with_python_operator.py
[2024-02-19T16:52:26.539+0000] {logging_mixin.py:188} INFO - [2024-02-19T16:52:26.539+0000] {dag.py:3036} INFO - Sync 1 DAGs
[2024-02-19T16:52:26.591+0000] {logging_mixin.py:188} INFO - [2024-02-19T16:52:26.590+0000] {dag.py:3823} INFO - Setting next_dagrun for our_dag_with_python_operator_v8 to 2024-02-14 00:00:00+00:00, run_after=2024-02-15 00:00:00+00:00
[2024-02-19T16:52:26.627+0000] {processor.py:183} INFO - Processing /opt/airflow/dags/create_dag_with_python_operator.py took 0.246 seconds
[2024-02-19T16:52:56.895+0000] {processor.py:161} INFO - Started process (PID=376) to work on /opt/airflow/dags/create_dag_with_python_operator.py
[2024-02-19T16:52:56.899+0000] {processor.py:830} INFO - Processing file /opt/airflow/dags/create_dag_with_python_operator.py for tasks to queue
[2024-02-19T16:52:56.900+0000] {logging_mixin.py:188} INFO - [2024-02-19T16:52:56.899+0000] {dagbag.py:538} INFO - Filling up the DagBag from /opt/airflow/dags/create_dag_with_python_operator.py
[2024-02-19T16:52:56.935+0000] {processor.py:840} INFO - DAG(s) 'our_dag_with_python_operator_v8' retrieved from /opt/airflow/dags/create_dag_with_python_operator.py
[2024-02-19T16:52:57.022+0000] {logging_mixin.py:188} INFO - [2024-02-19T16:52:57.022+0000] {dag.py:3036} INFO - Sync 1 DAGs
[2024-02-19T16:52:57.109+0000] {logging_mixin.py:188} INFO - [2024-02-19T16:52:57.109+0000] {dag.py:3823} INFO - Setting next_dagrun for our_dag_with_python_operator_v8 to 2024-02-14 00:00:00+00:00, run_after=2024-02-15 00:00:00+00:00
[2024-02-19T16:52:57.177+0000] {processor.py:183} INFO - Processing /opt/airflow/dags/create_dag_with_python_operator.py took 0.292 seconds
[2024-02-19T16:53:27.510+0000] {processor.py:161} INFO - Started process (PID=387) to work on /opt/airflow/dags/create_dag_with_python_operator.py
[2024-02-19T16:53:27.510+0000] {processor.py:830} INFO - Processing file /opt/airflow/dags/create_dag_with_python_operator.py for tasks to queue
[2024-02-19T16:53:27.511+0000] {logging_mixin.py:188} INFO - [2024-02-19T16:53:27.511+0000] {dagbag.py:538} INFO - Filling up the DagBag from /opt/airflow/dags/create_dag_with_python_operator.py
[2024-02-19T16:53:27.523+0000] {processor.py:840} INFO - DAG(s) 'our_dag_with_python_operator_v8' retrieved from /opt/airflow/dags/create_dag_with_python_operator.py
[2024-02-19T16:53:27.553+0000] {logging_mixin.py:188} INFO - [2024-02-19T16:53:27.553+0000] {dag.py:3036} INFO - Sync 1 DAGs
[2024-02-19T16:53:27.583+0000] {logging_mixin.py:188} INFO - [2024-02-19T16:53:27.583+0000] {dag.py:3823} INFO - Setting next_dagrun for our_dag_with_python_operator_v8 to 2024-02-14 00:00:00+00:00, run_after=2024-02-15 00:00:00+00:00
[2024-02-19T16:53:27.605+0000] {processor.py:183} INFO - Processing /opt/airflow/dags/create_dag_with_python_operator.py took 0.104 seconds
[2024-02-19T16:53:57.882+0000] {processor.py:161} INFO - Started process (PID=398) to work on /opt/airflow/dags/create_dag_with_python_operator.py
[2024-02-19T16:53:57.883+0000] {processor.py:830} INFO - Processing file /opt/airflow/dags/create_dag_with_python_operator.py for tasks to queue
[2024-02-19T16:53:57.884+0000] {logging_mixin.py:188} INFO - [2024-02-19T16:53:57.884+0000] {dagbag.py:538} INFO - Filling up the DagBag from /opt/airflow/dags/create_dag_with_python_operator.py
[2024-02-19T16:53:57.896+0000] {processor.py:840} INFO - DAG(s) 'our_dag_with_python_operator_v8' retrieved from /opt/airflow/dags/create_dag_with_python_operator.py
[2024-02-19T16:53:57.926+0000] {logging_mixin.py:188} INFO - [2024-02-19T16:53:57.926+0000] {dag.py:3036} INFO - Sync 1 DAGs
[2024-02-19T16:53:57.954+0000] {logging_mixin.py:188} INFO - [2024-02-19T16:53:57.953+0000] {dag.py:3823} INFO - Setting next_dagrun for our_dag_with_python_operator_v8 to 2024-02-14 00:00:00+00:00, run_after=2024-02-15 00:00:00+00:00
[2024-02-19T16:53:57.977+0000] {processor.py:183} INFO - Processing /opt/airflow/dags/create_dag_with_python_operator.py took 0.098 seconds
[2024-02-19T16:54:28.305+0000] {processor.py:161} INFO - Started process (PID=409) to work on /opt/airflow/dags/create_dag_with_python_operator.py
[2024-02-19T16:54:28.306+0000] {processor.py:830} INFO - Processing file /opt/airflow/dags/create_dag_with_python_operator.py for tasks to queue
[2024-02-19T16:54:28.307+0000] {logging_mixin.py:188} INFO - [2024-02-19T16:54:28.307+0000] {dagbag.py:538} INFO - Filling up the DagBag from /opt/airflow/dags/create_dag_with_python_operator.py
[2024-02-19T16:54:28.321+0000] {processor.py:840} INFO - DAG(s) 'our_dag_with_python_operator_v8' retrieved from /opt/airflow/dags/create_dag_with_python_operator.py
[2024-02-19T16:54:28.351+0000] {logging_mixin.py:188} INFO - [2024-02-19T16:54:28.350+0000] {dag.py:3036} INFO - Sync 1 DAGs
[2024-02-19T16:54:28.393+0000] {logging_mixin.py:188} INFO - [2024-02-19T16:54:28.392+0000] {dag.py:3823} INFO - Setting next_dagrun for our_dag_with_python_operator_v8 to 2024-02-14 00:00:00+00:00, run_after=2024-02-15 00:00:00+00:00
[2024-02-19T16:54:28.439+0000] {processor.py:183} INFO - Processing /opt/airflow/dags/create_dag_with_python_operator.py took 0.139 seconds
[2024-02-19T16:54:58.684+0000] {processor.py:161} INFO - Started process (PID=420) to work on /opt/airflow/dags/create_dag_with_python_operator.py
[2024-02-19T16:54:58.685+0000] {processor.py:830} INFO - Processing file /opt/airflow/dags/create_dag_with_python_operator.py for tasks to queue
[2024-02-19T16:54:58.686+0000] {logging_mixin.py:188} INFO - [2024-02-19T16:54:58.686+0000] {dagbag.py:538} INFO - Filling up the DagBag from /opt/airflow/dags/create_dag_with_python_operator.py
[2024-02-19T16:54:58.698+0000] {processor.py:840} INFO - DAG(s) 'our_dag_with_python_operator_v8' retrieved from /opt/airflow/dags/create_dag_with_python_operator.py
[2024-02-19T16:54:58.743+0000] {logging_mixin.py:188} INFO - [2024-02-19T16:54:58.742+0000] {dag.py:3036} INFO - Sync 1 DAGs
[2024-02-19T16:54:58.768+0000] {logging_mixin.py:188} INFO - [2024-02-19T16:54:58.768+0000] {dag.py:3823} INFO - Setting next_dagrun for our_dag_with_python_operator_v8 to 2024-02-14 00:00:00+00:00, run_after=2024-02-15 00:00:00+00:00
[2024-02-19T16:54:58.788+0000] {processor.py:183} INFO - Processing /opt/airflow/dags/create_dag_with_python_operator.py took 0.107 seconds
[2024-02-19T16:55:29.015+0000] {processor.py:161} INFO - Started process (PID=431) to work on /opt/airflow/dags/create_dag_with_python_operator.py
[2024-02-19T16:55:29.016+0000] {processor.py:830} INFO - Processing file /opt/airflow/dags/create_dag_with_python_operator.py for tasks to queue
[2024-02-19T16:55:29.017+0000] {logging_mixin.py:188} INFO - [2024-02-19T16:55:29.017+0000] {dagbag.py:538} INFO - Filling up the DagBag from /opt/airflow/dags/create_dag_with_python_operator.py
[2024-02-19T16:55:29.033+0000] {processor.py:840} INFO - DAG(s) 'our_dag_with_python_operator_v8' retrieved from /opt/airflow/dags/create_dag_with_python_operator.py
[2024-02-19T16:55:29.065+0000] {logging_mixin.py:188} INFO - [2024-02-19T16:55:29.065+0000] {dag.py:3036} INFO - Sync 1 DAGs
[2024-02-19T16:55:29.142+0000] {logging_mixin.py:188} INFO - [2024-02-19T16:55:29.141+0000] {dag.py:3823} INFO - Setting next_dagrun for our_dag_with_python_operator_v8 to 2024-02-14 00:00:00+00:00, run_after=2024-02-15 00:00:00+00:00
[2024-02-19T16:55:29.243+0000] {processor.py:183} INFO - Processing /opt/airflow/dags/create_dag_with_python_operator.py took 0.231 seconds
[2024-02-19T16:55:59.500+0000] {processor.py:161} INFO - Started process (PID=442) to work on /opt/airflow/dags/create_dag_with_python_operator.py
[2024-02-19T16:55:59.501+0000] {processor.py:830} INFO - Processing file /opt/airflow/dags/create_dag_with_python_operator.py for tasks to queue
[2024-02-19T16:55:59.501+0000] {logging_mixin.py:188} INFO - [2024-02-19T16:55:59.501+0000] {dagbag.py:538} INFO - Filling up the DagBag from /opt/airflow/dags/create_dag_with_python_operator.py
[2024-02-19T16:55:59.514+0000] {processor.py:840} INFO - DAG(s) 'our_dag_with_python_operator_v8' retrieved from /opt/airflow/dags/create_dag_with_python_operator.py
[2024-02-19T16:55:59.544+0000] {logging_mixin.py:188} INFO - [2024-02-19T16:55:59.544+0000] {dag.py:3036} INFO - Sync 1 DAGs
[2024-02-19T16:55:59.571+0000] {logging_mixin.py:188} INFO - [2024-02-19T16:55:59.571+0000] {dag.py:3823} INFO - Setting next_dagrun for our_dag_with_python_operator_v8 to 2024-02-14 00:00:00+00:00, run_after=2024-02-15 00:00:00+00:00
[2024-02-19T16:55:59.596+0000] {processor.py:183} INFO - Processing /opt/airflow/dags/create_dag_with_python_operator.py took 0.100 seconds
[2024-02-19T16:56:30.267+0000] {processor.py:161} INFO - Started process (PID=459) to work on /opt/airflow/dags/create_dag_with_python_operator.py
[2024-02-19T16:56:30.268+0000] {processor.py:830} INFO - Processing file /opt/airflow/dags/create_dag_with_python_operator.py for tasks to queue
[2024-02-19T16:56:30.269+0000] {logging_mixin.py:188} INFO - [2024-02-19T16:56:30.269+0000] {dagbag.py:538} INFO - Filling up the DagBag from /opt/airflow/dags/create_dag_with_python_operator.py
[2024-02-19T16:56:30.281+0000] {processor.py:840} INFO - DAG(s) 'our_dag_with_python_operator_v8' retrieved from /opt/airflow/dags/create_dag_with_python_operator.py
[2024-02-19T16:56:30.310+0000] {logging_mixin.py:188} INFO - [2024-02-19T16:56:30.309+0000] {dag.py:3036} INFO - Sync 1 DAGs
[2024-02-19T16:56:30.337+0000] {logging_mixin.py:188} INFO - [2024-02-19T16:56:30.337+0000] {dag.py:3823} INFO - Setting next_dagrun for our_dag_with_python_operator_v8 to 2024-02-14 00:00:00+00:00, run_after=2024-02-15 00:00:00+00:00
[2024-02-19T16:56:30.358+0000] {processor.py:183} INFO - Processing /opt/airflow/dags/create_dag_with_python_operator.py took 0.094 seconds
[2024-02-19T16:57:00.963+0000] {processor.py:161} INFO - Started process (PID=475) to work on /opt/airflow/dags/create_dag_with_python_operator.py
[2024-02-19T16:57:00.964+0000] {processor.py:830} INFO - Processing file /opt/airflow/dags/create_dag_with_python_operator.py for tasks to queue
[2024-02-19T16:57:00.964+0000] {logging_mixin.py:188} INFO - [2024-02-19T16:57:00.964+0000] {dagbag.py:538} INFO - Filling up the DagBag from /opt/airflow/dags/create_dag_with_python_operator.py
[2024-02-19T16:57:00.977+0000] {processor.py:840} INFO - DAG(s) 'our_dag_with_python_operator_v8' retrieved from /opt/airflow/dags/create_dag_with_python_operator.py
[2024-02-19T16:57:01.005+0000] {logging_mixin.py:188} INFO - [2024-02-19T16:57:01.005+0000] {dag.py:3036} INFO - Sync 1 DAGs
[2024-02-19T16:57:01.032+0000] {logging_mixin.py:188} INFO - [2024-02-19T16:57:01.031+0000] {dag.py:3823} INFO - Setting next_dagrun for our_dag_with_python_operator_v8 to 2024-02-14 00:00:00+00:00, run_after=2024-02-15 00:00:00+00:00
[2024-02-19T16:57:01.053+0000] {processor.py:183} INFO - Processing /opt/airflow/dags/create_dag_with_python_operator.py took 0.094 seconds
[2024-02-19T16:57:31.298+0000] {processor.py:161} INFO - Started process (PID=488) to work on /opt/airflow/dags/create_dag_with_python_operator.py
[2024-02-19T16:57:31.299+0000] {processor.py:830} INFO - Processing file /opt/airflow/dags/create_dag_with_python_operator.py for tasks to queue
[2024-02-19T16:57:31.300+0000] {logging_mixin.py:188} INFO - [2024-02-19T16:57:31.299+0000] {dagbag.py:538} INFO - Filling up the DagBag from /opt/airflow/dags/create_dag_with_python_operator.py
[2024-02-19T16:57:31.312+0000] {processor.py:840} INFO - DAG(s) 'our_dag_with_python_operator_v8' retrieved from /opt/airflow/dags/create_dag_with_python_operator.py
[2024-02-19T16:57:31.340+0000] {logging_mixin.py:188} INFO - [2024-02-19T16:57:31.340+0000] {dag.py:3036} INFO - Sync 1 DAGs
[2024-02-19T16:57:31.366+0000] {logging_mixin.py:188} INFO - [2024-02-19T16:57:31.366+0000] {dag.py:3823} INFO - Setting next_dagrun for our_dag_with_python_operator_v8 to 2024-02-14 00:00:00+00:00, run_after=2024-02-15 00:00:00+00:00
[2024-02-19T16:57:31.391+0000] {processor.py:183} INFO - Processing /opt/airflow/dags/create_dag_with_python_operator.py took 0.096 seconds
[2024-02-19T16:58:01.829+0000] {processor.py:161} INFO - Started process (PID=499) to work on /opt/airflow/dags/create_dag_with_python_operator.py
[2024-02-19T16:58:01.843+0000] {processor.py:830} INFO - Processing file /opt/airflow/dags/create_dag_with_python_operator.py for tasks to queue
[2024-02-19T16:58:01.844+0000] {logging_mixin.py:188} INFO - [2024-02-19T16:58:01.844+0000] {dagbag.py:538} INFO - Filling up the DagBag from /opt/airflow/dags/create_dag_with_python_operator.py
[2024-02-19T16:58:01.894+0000] {processor.py:840} INFO - DAG(s) 'our_dag_with_python_operator_v8' retrieved from /opt/airflow/dags/create_dag_with_python_operator.py
[2024-02-19T16:58:02.168+0000] {logging_mixin.py:188} INFO - [2024-02-19T16:58:02.168+0000] {dag.py:3036} INFO - Sync 1 DAGs
[2024-02-19T16:58:02.297+0000] {logging_mixin.py:188} INFO - [2024-02-19T16:58:02.296+0000] {dag.py:3823} INFO - Setting next_dagrun for our_dag_with_python_operator_v8 to 2024-02-14 00:00:00+00:00, run_after=2024-02-15 00:00:00+00:00
[2024-02-19T16:58:02.451+0000] {processor.py:183} INFO - Processing /opt/airflow/dags/create_dag_with_python_operator.py took 0.632 seconds
