[2024-02-13T00:34:01.166+0000] {processor.py:161} INFO - Started process (PID=62) to work on /home/airflow/.local/lib/python3.8/site-packages/airflow/example_dags/example_sensors.py
[2024-02-13T00:34:01.177+0000] {processor.py:830} INFO - Processing file /home/airflow/.local/lib/python3.8/site-packages/airflow/example_dags/example_sensors.py for tasks to queue
[2024-02-13T00:34:01.185+0000] {logging_mixin.py:188} INFO - [2024-02-13T00:34:01.185+0000] {dagbag.py:538} INFO - Filling up the DagBag from /home/airflow/.local/lib/python3.8/site-packages/airflow/example_dags/example_sensors.py
[2024-02-13T00:34:01.252+0000] {processor.py:840} INFO - DAG(s) 'example_sensors' retrieved from /home/airflow/.local/lib/python3.8/site-packages/airflow/example_dags/example_sensors.py
[2024-02-13T00:34:01.416+0000] {logging_mixin.py:188} INFO - [2024-02-13T00:34:01.416+0000] {dag.py:3036} INFO - Sync 1 DAGs
[2024-02-13T00:34:01.512+0000] {logging_mixin.py:188} INFO - [2024-02-13T00:34:01.511+0000] {dag.py:3823} INFO - Setting next_dagrun for example_sensors to None, run_after=None
[2024-02-13T00:34:01.622+0000] {processor.py:183} INFO - Processing /home/airflow/.local/lib/python3.8/site-packages/airflow/example_dags/example_sensors.py took 0.480 seconds
[2024-02-13T00:34:31.924+0000] {processor.py:161} INFO - Started process (PID=118) to work on /home/airflow/.local/lib/python3.8/site-packages/airflow/example_dags/example_sensors.py
[2024-02-13T00:34:31.925+0000] {processor.py:830} INFO - Processing file /home/airflow/.local/lib/python3.8/site-packages/airflow/example_dags/example_sensors.py for tasks to queue
[2024-02-13T00:34:31.928+0000] {logging_mixin.py:188} INFO - [2024-02-13T00:34:31.927+0000] {dagbag.py:538} INFO - Filling up the DagBag from /home/airflow/.local/lib/python3.8/site-packages/airflow/example_dags/example_sensors.py
[2024-02-13T00:34:31.940+0000] {processor.py:840} INFO - DAG(s) 'example_sensors' retrieved from /home/airflow/.local/lib/python3.8/site-packages/airflow/example_dags/example_sensors.py
[2024-02-13T00:34:31.970+0000] {logging_mixin.py:188} INFO - [2024-02-13T00:34:31.970+0000] {dag.py:3036} INFO - Sync 1 DAGs
[2024-02-13T00:34:31.987+0000] {logging_mixin.py:188} INFO - [2024-02-13T00:34:31.986+0000] {dag.py:3823} INFO - Setting next_dagrun for example_sensors to None, run_after=None
[2024-02-13T00:34:32.017+0000] {processor.py:183} INFO - Processing /home/airflow/.local/lib/python3.8/site-packages/airflow/example_dags/example_sensors.py took 0.101 seconds
[2024-02-13T00:35:02.444+0000] {processor.py:161} INFO - Started process (PID=174) to work on /home/airflow/.local/lib/python3.8/site-packages/airflow/example_dags/example_sensors.py
[2024-02-13T00:35:02.445+0000] {processor.py:830} INFO - Processing file /home/airflow/.local/lib/python3.8/site-packages/airflow/example_dags/example_sensors.py for tasks to queue
[2024-02-13T00:35:02.447+0000] {logging_mixin.py:188} INFO - [2024-02-13T00:35:02.447+0000] {dagbag.py:538} INFO - Filling up the DagBag from /home/airflow/.local/lib/python3.8/site-packages/airflow/example_dags/example_sensors.py
[2024-02-13T00:35:02.471+0000] {processor.py:840} INFO - DAG(s) 'example_sensors' retrieved from /home/airflow/.local/lib/python3.8/site-packages/airflow/example_dags/example_sensors.py
[2024-02-13T00:35:02.503+0000] {logging_mixin.py:188} INFO - [2024-02-13T00:35:02.503+0000] {dag.py:3036} INFO - Sync 1 DAGs
[2024-02-13T00:35:02.517+0000] {logging_mixin.py:188} INFO - [2024-02-13T00:35:02.517+0000] {dag.py:3823} INFO - Setting next_dagrun for example_sensors to None, run_after=None
[2024-02-13T00:35:02.539+0000] {processor.py:183} INFO - Processing /home/airflow/.local/lib/python3.8/site-packages/airflow/example_dags/example_sensors.py took 0.099 seconds
[2024-02-13T00:35:32.932+0000] {processor.py:161} INFO - Started process (PID=229) to work on /home/airflow/.local/lib/python3.8/site-packages/airflow/example_dags/example_sensors.py
[2024-02-13T00:35:32.933+0000] {processor.py:830} INFO - Processing file /home/airflow/.local/lib/python3.8/site-packages/airflow/example_dags/example_sensors.py for tasks to queue
[2024-02-13T00:35:32.936+0000] {logging_mixin.py:188} INFO - [2024-02-13T00:35:32.935+0000] {dagbag.py:538} INFO - Filling up the DagBag from /home/airflow/.local/lib/python3.8/site-packages/airflow/example_dags/example_sensors.py
[2024-02-13T00:35:32.947+0000] {processor.py:840} INFO - DAG(s) 'example_sensors' retrieved from /home/airflow/.local/lib/python3.8/site-packages/airflow/example_dags/example_sensors.py
[2024-02-13T00:35:32.976+0000] {logging_mixin.py:188} INFO - [2024-02-13T00:35:32.976+0000] {dag.py:3036} INFO - Sync 1 DAGs
[2024-02-13T00:35:32.996+0000] {logging_mixin.py:188} INFO - [2024-02-13T00:35:32.996+0000] {dag.py:3823} INFO - Setting next_dagrun for example_sensors to None, run_after=None
[2024-02-13T00:35:33.020+0000] {processor.py:183} INFO - Processing /home/airflow/.local/lib/python3.8/site-packages/airflow/example_dags/example_sensors.py took 0.092 seconds
[2024-02-13T00:36:03.877+0000] {processor.py:161} INFO - Started process (PID=284) to work on /home/airflow/.local/lib/python3.8/site-packages/airflow/example_dags/example_sensors.py
[2024-02-13T00:36:03.878+0000] {processor.py:830} INFO - Processing file /home/airflow/.local/lib/python3.8/site-packages/airflow/example_dags/example_sensors.py for tasks to queue
[2024-02-13T00:36:03.880+0000] {logging_mixin.py:188} INFO - [2024-02-13T00:36:03.879+0000] {dagbag.py:538} INFO - Filling up the DagBag from /home/airflow/.local/lib/python3.8/site-packages/airflow/example_dags/example_sensors.py
[2024-02-13T00:36:03.891+0000] {processor.py:840} INFO - DAG(s) 'example_sensors' retrieved from /home/airflow/.local/lib/python3.8/site-packages/airflow/example_dags/example_sensors.py
[2024-02-13T00:36:03.924+0000] {logging_mixin.py:188} INFO - [2024-02-13T00:36:03.924+0000] {dag.py:3036} INFO - Sync 1 DAGs
[2024-02-13T00:36:03.941+0000] {logging_mixin.py:188} INFO - [2024-02-13T00:36:03.941+0000] {dag.py:3823} INFO - Setting next_dagrun for example_sensors to None, run_after=None
[2024-02-13T00:36:03.965+0000] {processor.py:183} INFO - Processing /home/airflow/.local/lib/python3.8/site-packages/airflow/example_dags/example_sensors.py took 0.092 seconds
[2024-02-13T00:36:34.513+0000] {processor.py:161} INFO - Started process (PID=339) to work on /home/airflow/.local/lib/python3.8/site-packages/airflow/example_dags/example_sensors.py
[2024-02-13T00:36:34.514+0000] {processor.py:830} INFO - Processing file /home/airflow/.local/lib/python3.8/site-packages/airflow/example_dags/example_sensors.py for tasks to queue
[2024-02-13T00:36:34.516+0000] {logging_mixin.py:188} INFO - [2024-02-13T00:36:34.516+0000] {dagbag.py:538} INFO - Filling up the DagBag from /home/airflow/.local/lib/python3.8/site-packages/airflow/example_dags/example_sensors.py
[2024-02-13T00:36:34.539+0000] {processor.py:840} INFO - DAG(s) 'example_sensors' retrieved from /home/airflow/.local/lib/python3.8/site-packages/airflow/example_dags/example_sensors.py
[2024-02-13T00:36:34.571+0000] {logging_mixin.py:188} INFO - [2024-02-13T00:36:34.571+0000] {dag.py:3036} INFO - Sync 1 DAGs
[2024-02-13T00:36:34.586+0000] {logging_mixin.py:188} INFO - [2024-02-13T00:36:34.586+0000] {dag.py:3823} INFO - Setting next_dagrun for example_sensors to None, run_after=None
[2024-02-13T00:36:34.611+0000] {processor.py:183} INFO - Processing /home/airflow/.local/lib/python3.8/site-packages/airflow/example_dags/example_sensors.py took 0.101 seconds
[2024-02-13T00:37:05.139+0000] {processor.py:161} INFO - Started process (PID=393) to work on /home/airflow/.local/lib/python3.8/site-packages/airflow/example_dags/example_sensors.py
[2024-02-13T00:37:05.140+0000] {processor.py:830} INFO - Processing file /home/airflow/.local/lib/python3.8/site-packages/airflow/example_dags/example_sensors.py for tasks to queue
[2024-02-13T00:37:05.142+0000] {logging_mixin.py:188} INFO - [2024-02-13T00:37:05.142+0000] {dagbag.py:538} INFO - Filling up the DagBag from /home/airflow/.local/lib/python3.8/site-packages/airflow/example_dags/example_sensors.py
[2024-02-13T00:37:05.153+0000] {processor.py:840} INFO - DAG(s) 'example_sensors' retrieved from /home/airflow/.local/lib/python3.8/site-packages/airflow/example_dags/example_sensors.py
[2024-02-13T00:37:05.187+0000] {logging_mixin.py:188} INFO - [2024-02-13T00:37:05.187+0000] {dag.py:3036} INFO - Sync 1 DAGs
[2024-02-13T00:37:05.201+0000] {logging_mixin.py:188} INFO - [2024-02-13T00:37:05.201+0000] {dag.py:3823} INFO - Setting next_dagrun for example_sensors to None, run_after=None
[2024-02-13T00:37:05.223+0000] {processor.py:183} INFO - Processing /home/airflow/.local/lib/python3.8/site-packages/airflow/example_dags/example_sensors.py took 0.088 seconds
[2024-02-13T00:37:35.895+0000] {processor.py:161} INFO - Started process (PID=448) to work on /home/airflow/.local/lib/python3.8/site-packages/airflow/example_dags/example_sensors.py
[2024-02-13T00:37:35.896+0000] {processor.py:830} INFO - Processing file /home/airflow/.local/lib/python3.8/site-packages/airflow/example_dags/example_sensors.py for tasks to queue
[2024-02-13T00:37:35.898+0000] {logging_mixin.py:188} INFO - [2024-02-13T00:37:35.898+0000] {dagbag.py:538} INFO - Filling up the DagBag from /home/airflow/.local/lib/python3.8/site-packages/airflow/example_dags/example_sensors.py
[2024-02-13T00:37:35.911+0000] {processor.py:840} INFO - DAG(s) 'example_sensors' retrieved from /home/airflow/.local/lib/python3.8/site-packages/airflow/example_dags/example_sensors.py
[2024-02-13T00:37:35.942+0000] {logging_mixin.py:188} INFO - [2024-02-13T00:37:35.941+0000] {dag.py:3036} INFO - Sync 1 DAGs
[2024-02-13T00:37:35.956+0000] {logging_mixin.py:188} INFO - [2024-02-13T00:37:35.956+0000] {dag.py:3823} INFO - Setting next_dagrun for example_sensors to None, run_after=None
[2024-02-13T00:37:35.978+0000] {processor.py:183} INFO - Processing /home/airflow/.local/lib/python3.8/site-packages/airflow/example_dags/example_sensors.py took 0.087 seconds
