[2024-02-13T00:33:54.271+0000] {processor.py:161} INFO - Started process (PID=47) to work on /home/airflow/.local/lib/python3.8/site-packages/airflow/example_dags/example_branch_labels.py
[2024-02-13T00:33:54.290+0000] {processor.py:830} INFO - Processing file /home/airflow/.local/lib/python3.8/site-packages/airflow/example_dags/example_branch_labels.py for tasks to queue
[2024-02-13T00:33:54.300+0000] {logging_mixin.py:188} INFO - [2024-02-13T00:33:54.300+0000] {dagbag.py:538} INFO - Filling up the DagBag from /home/airflow/.local/lib/python3.8/site-packages/airflow/example_dags/example_branch_labels.py
[2024-02-13T00:33:54.366+0000] {processor.py:840} INFO - DAG(s) 'example_branch_labels' retrieved from /home/airflow/.local/lib/python3.8/site-packages/airflow/example_dags/example_branch_labels.py
[2024-02-13T00:33:54.480+0000] {logging_mixin.py:188} INFO - [2024-02-13T00:33:54.480+0000] {dag.py:3036} INFO - Sync 1 DAGs
[2024-02-13T00:33:54.591+0000] {logging_mixin.py:188} INFO - [2024-02-13T00:33:54.590+0000] {dag.py:3823} INFO - Setting next_dagrun for example_branch_labels to 2024-02-12 00:00:00+00:00, run_after=2024-02-13 00:00:00+00:00
[2024-02-13T00:33:54.736+0000] {processor.py:183} INFO - Processing /home/airflow/.local/lib/python3.8/site-packages/airflow/example_dags/example_branch_labels.py took 0.490 seconds
[2024-02-13T00:34:24.841+0000] {processor.py:161} INFO - Started process (PID=102) to work on /home/airflow/.local/lib/python3.8/site-packages/airflow/example_dags/example_branch_labels.py
[2024-02-13T00:34:24.842+0000] {processor.py:830} INFO - Processing file /home/airflow/.local/lib/python3.8/site-packages/airflow/example_dags/example_branch_labels.py for tasks to queue
[2024-02-13T00:34:24.843+0000] {logging_mixin.py:188} INFO - [2024-02-13T00:34:24.843+0000] {dagbag.py:538} INFO - Filling up the DagBag from /home/airflow/.local/lib/python3.8/site-packages/airflow/example_dags/example_branch_labels.py
[2024-02-13T00:34:24.850+0000] {processor.py:840} INFO - DAG(s) 'example_branch_labels' retrieved from /home/airflow/.local/lib/python3.8/site-packages/airflow/example_dags/example_branch_labels.py
[2024-02-13T00:34:24.868+0000] {logging_mixin.py:188} INFO - [2024-02-13T00:34:24.868+0000] {dag.py:3036} INFO - Sync 1 DAGs
[2024-02-13T00:34:24.887+0000] {logging_mixin.py:188} INFO - [2024-02-13T00:34:24.887+0000] {dag.py:3823} INFO - Setting next_dagrun for example_branch_labels to 2024-02-12 00:00:00+00:00, run_after=2024-02-13 00:00:00+00:00
[2024-02-13T00:34:24.906+0000] {processor.py:183} INFO - Processing /home/airflow/.local/lib/python3.8/site-packages/airflow/example_dags/example_branch_labels.py took 0.068 seconds
[2024-02-13T00:34:55.437+0000] {processor.py:161} INFO - Started process (PID=158) to work on /home/airflow/.local/lib/python3.8/site-packages/airflow/example_dags/example_branch_labels.py
[2024-02-13T00:34:55.438+0000] {processor.py:830} INFO - Processing file /home/airflow/.local/lib/python3.8/site-packages/airflow/example_dags/example_branch_labels.py for tasks to queue
[2024-02-13T00:34:55.440+0000] {logging_mixin.py:188} INFO - [2024-02-13T00:34:55.439+0000] {dagbag.py:538} INFO - Filling up the DagBag from /home/airflow/.local/lib/python3.8/site-packages/airflow/example_dags/example_branch_labels.py
[2024-02-13T00:34:55.446+0000] {processor.py:840} INFO - DAG(s) 'example_branch_labels' retrieved from /home/airflow/.local/lib/python3.8/site-packages/airflow/example_dags/example_branch_labels.py
[2024-02-13T00:34:55.463+0000] {logging_mixin.py:188} INFO - [2024-02-13T00:34:55.463+0000] {dag.py:3036} INFO - Sync 1 DAGs
[2024-02-13T00:34:55.481+0000] {logging_mixin.py:188} INFO - [2024-02-13T00:34:55.481+0000] {dag.py:3823} INFO - Setting next_dagrun for example_branch_labels to 2024-02-12 00:00:00+00:00, run_after=2024-02-13 00:00:00+00:00
[2024-02-13T00:34:55.499+0000] {processor.py:183} INFO - Processing /home/airflow/.local/lib/python3.8/site-packages/airflow/example_dags/example_branch_labels.py took 0.066 seconds
[2024-02-13T00:35:25.661+0000] {processor.py:161} INFO - Started process (PID=213) to work on /home/airflow/.local/lib/python3.8/site-packages/airflow/example_dags/example_branch_labels.py
[2024-02-13T00:35:25.662+0000] {processor.py:830} INFO - Processing file /home/airflow/.local/lib/python3.8/site-packages/airflow/example_dags/example_branch_labels.py for tasks to queue
[2024-02-13T00:35:25.664+0000] {logging_mixin.py:188} INFO - [2024-02-13T00:35:25.663+0000] {dagbag.py:538} INFO - Filling up the DagBag from /home/airflow/.local/lib/python3.8/site-packages/airflow/example_dags/example_branch_labels.py
[2024-02-13T00:35:25.671+0000] {processor.py:840} INFO - DAG(s) 'example_branch_labels' retrieved from /home/airflow/.local/lib/python3.8/site-packages/airflow/example_dags/example_branch_labels.py
[2024-02-13T00:35:25.688+0000] {logging_mixin.py:188} INFO - [2024-02-13T00:35:25.688+0000] {dag.py:3036} INFO - Sync 1 DAGs
[2024-02-13T00:35:25.706+0000] {logging_mixin.py:188} INFO - [2024-02-13T00:35:25.706+0000] {dag.py:3823} INFO - Setting next_dagrun for example_branch_labels to 2024-02-12 00:00:00+00:00, run_after=2024-02-13 00:00:00+00:00
[2024-02-13T00:35:25.726+0000] {processor.py:183} INFO - Processing /home/airflow/.local/lib/python3.8/site-packages/airflow/example_dags/example_branch_labels.py took 0.068 seconds
[2024-02-13T00:35:55.939+0000] {processor.py:161} INFO - Started process (PID=268) to work on /home/airflow/.local/lib/python3.8/site-packages/airflow/example_dags/example_branch_labels.py
[2024-02-13T00:35:55.940+0000] {processor.py:830} INFO - Processing file /home/airflow/.local/lib/python3.8/site-packages/airflow/example_dags/example_branch_labels.py for tasks to queue
[2024-02-13T00:35:55.942+0000] {logging_mixin.py:188} INFO - [2024-02-13T00:35:55.941+0000] {dagbag.py:538} INFO - Filling up the DagBag from /home/airflow/.local/lib/python3.8/site-packages/airflow/example_dags/example_branch_labels.py
[2024-02-13T00:35:55.950+0000] {processor.py:840} INFO - DAG(s) 'example_branch_labels' retrieved from /home/airflow/.local/lib/python3.8/site-packages/airflow/example_dags/example_branch_labels.py
[2024-02-13T00:35:55.971+0000] {logging_mixin.py:188} INFO - [2024-02-13T00:35:55.971+0000] {dag.py:3036} INFO - Sync 1 DAGs
[2024-02-13T00:35:55.991+0000] {logging_mixin.py:188} INFO - [2024-02-13T00:35:55.991+0000] {dag.py:3823} INFO - Setting next_dagrun for example_branch_labels to 2024-02-12 00:00:00+00:00, run_after=2024-02-13 00:00:00+00:00
[2024-02-13T00:35:56.011+0000] {processor.py:183} INFO - Processing /home/airflow/.local/lib/python3.8/site-packages/airflow/example_dags/example_branch_labels.py took 0.075 seconds
[2024-02-13T00:36:26.365+0000] {processor.py:161} INFO - Started process (PID=323) to work on /home/airflow/.local/lib/python3.8/site-packages/airflow/example_dags/example_branch_labels.py
[2024-02-13T00:36:26.366+0000] {processor.py:830} INFO - Processing file /home/airflow/.local/lib/python3.8/site-packages/airflow/example_dags/example_branch_labels.py for tasks to queue
[2024-02-13T00:36:26.369+0000] {logging_mixin.py:188} INFO - [2024-02-13T00:36:26.368+0000] {dagbag.py:538} INFO - Filling up the DagBag from /home/airflow/.local/lib/python3.8/site-packages/airflow/example_dags/example_branch_labels.py
[2024-02-13T00:36:26.376+0000] {processor.py:840} INFO - DAG(s) 'example_branch_labels' retrieved from /home/airflow/.local/lib/python3.8/site-packages/airflow/example_dags/example_branch_labels.py
[2024-02-13T00:36:26.393+0000] {logging_mixin.py:188} INFO - [2024-02-13T00:36:26.393+0000] {dag.py:3036} INFO - Sync 1 DAGs
[2024-02-13T00:36:26.412+0000] {logging_mixin.py:188} INFO - [2024-02-13T00:36:26.412+0000] {dag.py:3823} INFO - Setting next_dagrun for example_branch_labels to 2024-02-12 00:00:00+00:00, run_after=2024-02-13 00:00:00+00:00
[2024-02-13T00:36:26.432+0000] {processor.py:183} INFO - Processing /home/airflow/.local/lib/python3.8/site-packages/airflow/example_dags/example_branch_labels.py took 0.070 seconds
[2024-02-13T00:36:57.117+0000] {processor.py:161} INFO - Started process (PID=377) to work on /home/airflow/.local/lib/python3.8/site-packages/airflow/example_dags/example_branch_labels.py
[2024-02-13T00:36:57.118+0000] {processor.py:830} INFO - Processing file /home/airflow/.local/lib/python3.8/site-packages/airflow/example_dags/example_branch_labels.py for tasks to queue
[2024-02-13T00:36:57.119+0000] {logging_mixin.py:188} INFO - [2024-02-13T00:36:57.119+0000] {dagbag.py:538} INFO - Filling up the DagBag from /home/airflow/.local/lib/python3.8/site-packages/airflow/example_dags/example_branch_labels.py
[2024-02-13T00:36:57.129+0000] {processor.py:840} INFO - DAG(s) 'example_branch_labels' retrieved from /home/airflow/.local/lib/python3.8/site-packages/airflow/example_dags/example_branch_labels.py
[2024-02-13T00:36:57.148+0000] {logging_mixin.py:188} INFO - [2024-02-13T00:36:57.148+0000] {dag.py:3036} INFO - Sync 1 DAGs
[2024-02-13T00:36:57.174+0000] {logging_mixin.py:188} INFO - [2024-02-13T00:36:57.174+0000] {dag.py:3823} INFO - Setting next_dagrun for example_branch_labels to 2024-02-12 00:00:00+00:00, run_after=2024-02-13 00:00:00+00:00
[2024-02-13T00:36:57.198+0000] {processor.py:183} INFO - Processing /home/airflow/.local/lib/python3.8/site-packages/airflow/example_dags/example_branch_labels.py took 0.085 seconds
[2024-02-13T00:37:28.244+0000] {processor.py:161} INFO - Started process (PID=432) to work on /home/airflow/.local/lib/python3.8/site-packages/airflow/example_dags/example_branch_labels.py
[2024-02-13T00:37:28.251+0000] {processor.py:830} INFO - Processing file /home/airflow/.local/lib/python3.8/site-packages/airflow/example_dags/example_branch_labels.py for tasks to queue
[2024-02-13T00:37:28.254+0000] {logging_mixin.py:188} INFO - [2024-02-13T00:37:28.253+0000] {dagbag.py:538} INFO - Filling up the DagBag from /home/airflow/.local/lib/python3.8/site-packages/airflow/example_dags/example_branch_labels.py
[2024-02-13T00:37:28.306+0000] {processor.py:840} INFO - DAG(s) 'example_branch_labels' retrieved from /home/airflow/.local/lib/python3.8/site-packages/airflow/example_dags/example_branch_labels.py
[2024-02-13T00:37:28.507+0000] {logging_mixin.py:188} INFO - [2024-02-13T00:37:28.507+0000] {dag.py:3036} INFO - Sync 1 DAGs
[2024-02-13T00:37:28.581+0000] {logging_mixin.py:188} INFO - [2024-02-13T00:37:28.581+0000] {dag.py:3823} INFO - Setting next_dagrun for example_branch_labels to 2024-02-12 00:00:00+00:00, run_after=2024-02-13 00:00:00+00:00
[2024-02-13T00:37:28.682+0000] {processor.py:183} INFO - Processing /home/airflow/.local/lib/python3.8/site-packages/airflow/example_dags/example_branch_labels.py took 0.454 seconds
