[2024-02-13T00:34:03.968+0000] {processor.py:161} INFO - Started process (PID=72) to work on /home/airflow/.local/lib/python3.8/site-packages/airflow/example_dags/example_branch_operator_decorator.py
[2024-02-13T00:34:03.969+0000] {processor.py:830} INFO - Processing file /home/airflow/.local/lib/python3.8/site-packages/airflow/example_dags/example_branch_operator_decorator.py for tasks to queue
[2024-02-13T00:34:03.971+0000] {logging_mixin.py:188} INFO - [2024-02-13T00:34:03.971+0000] {dagbag.py:538} INFO - Filling up the DagBag from /home/airflow/.local/lib/python3.8/site-packages/airflow/example_dags/example_branch_operator_decorator.py
[2024-02-13T00:34:04.046+0000] {processor.py:840} INFO - DAG(s) 'example_branch_python_operator_decorator' retrieved from /home/airflow/.local/lib/python3.8/site-packages/airflow/example_dags/example_branch_operator_decorator.py
[2024-02-13T00:34:04.488+0000] {logging_mixin.py:188} INFO - [2024-02-13T00:34:04.488+0000] {dag.py:3036} INFO - Sync 1 DAGs
[2024-02-13T00:34:04.585+0000] {logging_mixin.py:188} INFO - [2024-02-13T00:34:04.585+0000] {dag.py:3823} INFO - Setting next_dagrun for example_branch_python_operator_decorator to 2024-02-12 00:00:00+00:00, run_after=2024-02-13 00:00:00+00:00
[2024-02-13T00:34:04.653+0000] {processor.py:183} INFO - Processing /home/airflow/.local/lib/python3.8/site-packages/airflow/example_dags/example_branch_operator_decorator.py took 0.698 seconds
[2024-02-13T00:34:35.283+0000] {processor.py:161} INFO - Started process (PID=128) to work on /home/airflow/.local/lib/python3.8/site-packages/airflow/example_dags/example_branch_operator_decorator.py
[2024-02-13T00:34:35.287+0000] {processor.py:830} INFO - Processing file /home/airflow/.local/lib/python3.8/site-packages/airflow/example_dags/example_branch_operator_decorator.py for tasks to queue
[2024-02-13T00:34:35.292+0000] {logging_mixin.py:188} INFO - [2024-02-13T00:34:35.292+0000] {dagbag.py:538} INFO - Filling up the DagBag from /home/airflow/.local/lib/python3.8/site-packages/airflow/example_dags/example_branch_operator_decorator.py
[2024-02-13T00:34:35.389+0000] {processor.py:840} INFO - DAG(s) 'example_branch_python_operator_decorator' retrieved from /home/airflow/.local/lib/python3.8/site-packages/airflow/example_dags/example_branch_operator_decorator.py
[2024-02-13T00:34:35.525+0000] {logging_mixin.py:188} INFO - [2024-02-13T00:34:35.525+0000] {dag.py:3036} INFO - Sync 1 DAGs
[2024-02-13T00:34:35.654+0000] {logging_mixin.py:188} INFO - [2024-02-13T00:34:35.654+0000] {dag.py:3823} INFO - Setting next_dagrun for example_branch_python_operator_decorator to 2024-02-12 00:00:00+00:00, run_after=2024-02-13 00:00:00+00:00
[2024-02-13T00:34:35.757+0000] {processor.py:183} INFO - Processing /home/airflow/.local/lib/python3.8/site-packages/airflow/example_dags/example_branch_operator_decorator.py took 0.483 seconds
[2024-02-13T00:35:06.325+0000] {processor.py:161} INFO - Started process (PID=184) to work on /home/airflow/.local/lib/python3.8/site-packages/airflow/example_dags/example_branch_operator_decorator.py
[2024-02-13T00:35:06.326+0000] {processor.py:830} INFO - Processing file /home/airflow/.local/lib/python3.8/site-packages/airflow/example_dags/example_branch_operator_decorator.py for tasks to queue
[2024-02-13T00:35:06.327+0000] {logging_mixin.py:188} INFO - [2024-02-13T00:35:06.327+0000] {dagbag.py:538} INFO - Filling up the DagBag from /home/airflow/.local/lib/python3.8/site-packages/airflow/example_dags/example_branch_operator_decorator.py
[2024-02-13T00:35:06.346+0000] {processor.py:840} INFO - DAG(s) 'example_branch_python_operator_decorator' retrieved from /home/airflow/.local/lib/python3.8/site-packages/airflow/example_dags/example_branch_operator_decorator.py
[2024-02-13T00:35:06.370+0000] {logging_mixin.py:188} INFO - [2024-02-13T00:35:06.370+0000] {dag.py:3036} INFO - Sync 1 DAGs
[2024-02-13T00:35:06.388+0000] {logging_mixin.py:188} INFO - [2024-02-13T00:35:06.388+0000] {dag.py:3823} INFO - Setting next_dagrun for example_branch_python_operator_decorator to 2024-02-12 00:00:00+00:00, run_after=2024-02-13 00:00:00+00:00
[2024-02-13T00:35:06.409+0000] {processor.py:183} INFO - Processing /home/airflow/.local/lib/python3.8/site-packages/airflow/example_dags/example_branch_operator_decorator.py took 0.087 seconds
[2024-02-13T00:35:36.590+0000] {processor.py:161} INFO - Started process (PID=239) to work on /home/airflow/.local/lib/python3.8/site-packages/airflow/example_dags/example_branch_operator_decorator.py
[2024-02-13T00:35:36.591+0000] {processor.py:830} INFO - Processing file /home/airflow/.local/lib/python3.8/site-packages/airflow/example_dags/example_branch_operator_decorator.py for tasks to queue
[2024-02-13T00:35:36.594+0000] {logging_mixin.py:188} INFO - [2024-02-13T00:35:36.593+0000] {dagbag.py:538} INFO - Filling up the DagBag from /home/airflow/.local/lib/python3.8/site-packages/airflow/example_dags/example_branch_operator_decorator.py
[2024-02-13T00:35:36.624+0000] {processor.py:840} INFO - DAG(s) 'example_branch_python_operator_decorator' retrieved from /home/airflow/.local/lib/python3.8/site-packages/airflow/example_dags/example_branch_operator_decorator.py
[2024-02-13T00:35:36.661+0000] {logging_mixin.py:188} INFO - [2024-02-13T00:35:36.660+0000] {dag.py:3036} INFO - Sync 1 DAGs
[2024-02-13T00:35:36.688+0000] {logging_mixin.py:188} INFO - [2024-02-13T00:35:36.687+0000] {dag.py:3823} INFO - Setting next_dagrun for example_branch_python_operator_decorator to 2024-02-12 00:00:00+00:00, run_after=2024-02-13 00:00:00+00:00
[2024-02-13T00:35:36.714+0000] {processor.py:183} INFO - Processing /home/airflow/.local/lib/python3.8/site-packages/airflow/example_dags/example_branch_operator_decorator.py took 0.127 seconds
[2024-02-13T00:36:07.544+0000] {processor.py:161} INFO - Started process (PID=294) to work on /home/airflow/.local/lib/python3.8/site-packages/airflow/example_dags/example_branch_operator_decorator.py
[2024-02-13T00:36:07.546+0000] {processor.py:830} INFO - Processing file /home/airflow/.local/lib/python3.8/site-packages/airflow/example_dags/example_branch_operator_decorator.py for tasks to queue
[2024-02-13T00:36:07.552+0000] {logging_mixin.py:188} INFO - [2024-02-13T00:36:07.548+0000] {dagbag.py:538} INFO - Filling up the DagBag from /home/airflow/.local/lib/python3.8/site-packages/airflow/example_dags/example_branch_operator_decorator.py
[2024-02-13T00:36:07.661+0000] {processor.py:840} INFO - DAG(s) 'example_branch_python_operator_decorator' retrieved from /home/airflow/.local/lib/python3.8/site-packages/airflow/example_dags/example_branch_operator_decorator.py
[2024-02-13T00:36:07.725+0000] {logging_mixin.py:188} INFO - [2024-02-13T00:36:07.724+0000] {dag.py:3036} INFO - Sync 1 DAGs
[2024-02-13T00:36:07.757+0000] {logging_mixin.py:188} INFO - [2024-02-13T00:36:07.757+0000] {dag.py:3823} INFO - Setting next_dagrun for example_branch_python_operator_decorator to 2024-02-12 00:00:00+00:00, run_after=2024-02-13 00:00:00+00:00
[2024-02-13T00:36:07.783+0000] {processor.py:183} INFO - Processing /home/airflow/.local/lib/python3.8/site-packages/airflow/example_dags/example_branch_operator_decorator.py took 0.243 seconds
[2024-02-13T00:36:38.160+0000] {processor.py:161} INFO - Started process (PID=349) to work on /home/airflow/.local/lib/python3.8/site-packages/airflow/example_dags/example_branch_operator_decorator.py
[2024-02-13T00:36:38.161+0000] {processor.py:830} INFO - Processing file /home/airflow/.local/lib/python3.8/site-packages/airflow/example_dags/example_branch_operator_decorator.py for tasks to queue
[2024-02-13T00:36:38.163+0000] {logging_mixin.py:188} INFO - [2024-02-13T00:36:38.163+0000] {dagbag.py:538} INFO - Filling up the DagBag from /home/airflow/.local/lib/python3.8/site-packages/airflow/example_dags/example_branch_operator_decorator.py
[2024-02-13T00:36:38.195+0000] {processor.py:840} INFO - DAG(s) 'example_branch_python_operator_decorator' retrieved from /home/airflow/.local/lib/python3.8/site-packages/airflow/example_dags/example_branch_operator_decorator.py
[2024-02-13T00:36:38.231+0000] {logging_mixin.py:188} INFO - [2024-02-13T00:36:38.230+0000] {dag.py:3036} INFO - Sync 1 DAGs
[2024-02-13T00:36:38.258+0000] {logging_mixin.py:188} INFO - [2024-02-13T00:36:38.258+0000] {dag.py:3823} INFO - Setting next_dagrun for example_branch_python_operator_decorator to 2024-02-12 00:00:00+00:00, run_after=2024-02-13 00:00:00+00:00
[2024-02-13T00:36:38.282+0000] {processor.py:183} INFO - Processing /home/airflow/.local/lib/python3.8/site-packages/airflow/example_dags/example_branch_operator_decorator.py took 0.139 seconds
[2024-02-13T00:37:08.842+0000] {processor.py:161} INFO - Started process (PID=403) to work on /home/airflow/.local/lib/python3.8/site-packages/airflow/example_dags/example_branch_operator_decorator.py
[2024-02-13T00:37:08.844+0000] {processor.py:830} INFO - Processing file /home/airflow/.local/lib/python3.8/site-packages/airflow/example_dags/example_branch_operator_decorator.py for tasks to queue
[2024-02-13T00:37:08.846+0000] {logging_mixin.py:188} INFO - [2024-02-13T00:37:08.845+0000] {dagbag.py:538} INFO - Filling up the DagBag from /home/airflow/.local/lib/python3.8/site-packages/airflow/example_dags/example_branch_operator_decorator.py
[2024-02-13T00:37:08.874+0000] {processor.py:840} INFO - DAG(s) 'example_branch_python_operator_decorator' retrieved from /home/airflow/.local/lib/python3.8/site-packages/airflow/example_dags/example_branch_operator_decorator.py
[2024-02-13T00:37:08.906+0000] {logging_mixin.py:188} INFO - [2024-02-13T00:37:08.906+0000] {dag.py:3036} INFO - Sync 1 DAGs
[2024-02-13T00:37:08.932+0000] {logging_mixin.py:188} INFO - [2024-02-13T00:37:08.931+0000] {dag.py:3823} INFO - Setting next_dagrun for example_branch_python_operator_decorator to 2024-02-12 00:00:00+00:00, run_after=2024-02-13 00:00:00+00:00
[2024-02-13T00:37:08.956+0000] {processor.py:183} INFO - Processing /home/airflow/.local/lib/python3.8/site-packages/airflow/example_dags/example_branch_operator_decorator.py took 0.118 seconds
[2024-02-13T00:37:39.790+0000] {processor.py:161} INFO - Started process (PID=458) to work on /home/airflow/.local/lib/python3.8/site-packages/airflow/example_dags/example_branch_operator_decorator.py
[2024-02-13T00:37:39.795+0000] {processor.py:830} INFO - Processing file /home/airflow/.local/lib/python3.8/site-packages/airflow/example_dags/example_branch_operator_decorator.py for tasks to queue
[2024-02-13T00:37:39.803+0000] {logging_mixin.py:188} INFO - [2024-02-13T00:37:39.802+0000] {dagbag.py:538} INFO - Filling up the DagBag from /home/airflow/.local/lib/python3.8/site-packages/airflow/example_dags/example_branch_operator_decorator.py
[2024-02-13T00:37:39.872+0000] {processor.py:840} INFO - DAG(s) 'example_branch_python_operator_decorator' retrieved from /home/airflow/.local/lib/python3.8/site-packages/airflow/example_dags/example_branch_operator_decorator.py
[2024-02-13T00:37:40.091+0000] {logging_mixin.py:188} INFO - [2024-02-13T00:37:40.090+0000] {dag.py:3036} INFO - Sync 1 DAGs
[2024-02-13T00:37:40.281+0000] {logging_mixin.py:188} INFO - [2024-02-13T00:37:40.269+0000] {dag.py:3823} INFO - Setting next_dagrun for example_branch_python_operator_decorator to 2024-02-12 00:00:00+00:00, run_after=2024-02-13 00:00:00+00:00
[2024-02-13T00:37:40.342+0000] {processor.py:183} INFO - Processing /home/airflow/.local/lib/python3.8/site-packages/airflow/example_dags/example_branch_operator_decorator.py took 0.555 seconds
