[2024-02-13T00:33:58.767+0000] {processor.py:161} INFO - Started process (PID=57) to work on /home/airflow/.local/lib/python3.8/site-packages/airflow/example_dags/example_branch_operator.py
[2024-02-13T00:33:58.768+0000] {processor.py:830} INFO - Processing file /home/airflow/.local/lib/python3.8/site-packages/airflow/example_dags/example_branch_operator.py for tasks to queue
[2024-02-13T00:33:58.772+0000] {logging_mixin.py:188} INFO - [2024-02-13T00:33:58.771+0000] {dagbag.py:538} INFO - Filling up the DagBag from /home/airflow/.local/lib/python3.8/site-packages/airflow/example_dags/example_branch_operator.py
[2024-02-13T00:33:58.863+0000] {processor.py:840} INFO - DAG(s) 'example_branch_operator' retrieved from /home/airflow/.local/lib/python3.8/site-packages/airflow/example_dags/example_branch_operator.py
[2024-02-13T00:33:59.616+0000] {logging_mixin.py:188} INFO - [2024-02-13T00:33:59.608+0000] {dag.py:3036} INFO - Sync 1 DAGs
[2024-02-13T00:33:59.752+0000] {logging_mixin.py:188} INFO - [2024-02-13T00:33:59.741+0000] {dag.py:3823} INFO - Setting next_dagrun for example_branch_operator to 2024-02-12 00:00:00+00:00, run_after=2024-02-13 00:00:00+00:00
[2024-02-13T00:33:59.877+0000] {processor.py:183} INFO - Processing /home/airflow/.local/lib/python3.8/site-packages/airflow/example_dags/example_branch_operator.py took 1.143 seconds
[2024-02-13T00:34:30.347+0000] {processor.py:161} INFO - Started process (PID=113) to work on /home/airflow/.local/lib/python3.8/site-packages/airflow/example_dags/example_branch_operator.py
[2024-02-13T00:34:30.348+0000] {processor.py:830} INFO - Processing file /home/airflow/.local/lib/python3.8/site-packages/airflow/example_dags/example_branch_operator.py for tasks to queue
[2024-02-13T00:34:30.350+0000] {logging_mixin.py:188} INFO - [2024-02-13T00:34:30.350+0000] {dagbag.py:538} INFO - Filling up the DagBag from /home/airflow/.local/lib/python3.8/site-packages/airflow/example_dags/example_branch_operator.py
[2024-02-13T00:34:30.372+0000] {processor.py:840} INFO - DAG(s) 'example_branch_operator' retrieved from /home/airflow/.local/lib/python3.8/site-packages/airflow/example_dags/example_branch_operator.py
[2024-02-13T00:34:30.413+0000] {logging_mixin.py:188} INFO - [2024-02-13T00:34:30.413+0000] {dag.py:3036} INFO - Sync 1 DAGs
[2024-02-13T00:34:30.445+0000] {logging_mixin.py:188} INFO - [2024-02-13T00:34:30.445+0000] {dag.py:3823} INFO - Setting next_dagrun for example_branch_operator to 2024-02-12 00:00:00+00:00, run_after=2024-02-13 00:00:00+00:00
[2024-02-13T00:34:30.471+0000] {processor.py:183} INFO - Processing /home/airflow/.local/lib/python3.8/site-packages/airflow/example_dags/example_branch_operator.py took 0.128 seconds
[2024-02-13T00:35:00.975+0000] {processor.py:161} INFO - Started process (PID=169) to work on /home/airflow/.local/lib/python3.8/site-packages/airflow/example_dags/example_branch_operator.py
[2024-02-13T00:35:00.976+0000] {processor.py:830} INFO - Processing file /home/airflow/.local/lib/python3.8/site-packages/airflow/example_dags/example_branch_operator.py for tasks to queue
[2024-02-13T00:35:00.978+0000] {logging_mixin.py:188} INFO - [2024-02-13T00:35:00.978+0000] {dagbag.py:538} INFO - Filling up the DagBag from /home/airflow/.local/lib/python3.8/site-packages/airflow/example_dags/example_branch_operator.py
[2024-02-13T00:35:00.999+0000] {processor.py:840} INFO - DAG(s) 'example_branch_operator' retrieved from /home/airflow/.local/lib/python3.8/site-packages/airflow/example_dags/example_branch_operator.py
[2024-02-13T00:35:01.052+0000] {logging_mixin.py:188} INFO - [2024-02-13T00:35:01.052+0000] {dag.py:3036} INFO - Sync 1 DAGs
[2024-02-13T00:35:01.083+0000] {logging_mixin.py:188} INFO - [2024-02-13T00:35:01.082+0000] {dag.py:3823} INFO - Setting next_dagrun for example_branch_operator to 2024-02-12 00:00:00+00:00, run_after=2024-02-13 00:00:00+00:00
[2024-02-13T00:35:01.109+0000] {processor.py:183} INFO - Processing /home/airflow/.local/lib/python3.8/site-packages/airflow/example_dags/example_branch_operator.py took 0.138 seconds
[2024-02-13T00:35:31.481+0000] {processor.py:161} INFO - Started process (PID=224) to work on /home/airflow/.local/lib/python3.8/site-packages/airflow/example_dags/example_branch_operator.py
[2024-02-13T00:35:31.482+0000] {processor.py:830} INFO - Processing file /home/airflow/.local/lib/python3.8/site-packages/airflow/example_dags/example_branch_operator.py for tasks to queue
[2024-02-13T00:35:31.485+0000] {logging_mixin.py:188} INFO - [2024-02-13T00:35:31.484+0000] {dagbag.py:538} INFO - Filling up the DagBag from /home/airflow/.local/lib/python3.8/site-packages/airflow/example_dags/example_branch_operator.py
[2024-02-13T00:35:31.512+0000] {processor.py:840} INFO - DAG(s) 'example_branch_operator' retrieved from /home/airflow/.local/lib/python3.8/site-packages/airflow/example_dags/example_branch_operator.py
[2024-02-13T00:35:31.547+0000] {logging_mixin.py:188} INFO - [2024-02-13T00:35:31.546+0000] {dag.py:3036} INFO - Sync 1 DAGs
[2024-02-13T00:35:31.578+0000] {logging_mixin.py:188} INFO - [2024-02-13T00:35:31.578+0000] {dag.py:3823} INFO - Setting next_dagrun for example_branch_operator to 2024-02-12 00:00:00+00:00, run_after=2024-02-13 00:00:00+00:00
[2024-02-13T00:35:31.603+0000] {processor.py:183} INFO - Processing /home/airflow/.local/lib/python3.8/site-packages/airflow/example_dags/example_branch_operator.py took 0.126 seconds
[2024-02-13T00:36:02.489+0000] {processor.py:161} INFO - Started process (PID=279) to work on /home/airflow/.local/lib/python3.8/site-packages/airflow/example_dags/example_branch_operator.py
[2024-02-13T00:36:02.490+0000] {processor.py:830} INFO - Processing file /home/airflow/.local/lib/python3.8/site-packages/airflow/example_dags/example_branch_operator.py for tasks to queue
[2024-02-13T00:36:02.492+0000] {logging_mixin.py:188} INFO - [2024-02-13T00:36:02.492+0000] {dagbag.py:538} INFO - Filling up the DagBag from /home/airflow/.local/lib/python3.8/site-packages/airflow/example_dags/example_branch_operator.py
[2024-02-13T00:36:02.522+0000] {processor.py:840} INFO - DAG(s) 'example_branch_operator' retrieved from /home/airflow/.local/lib/python3.8/site-packages/airflow/example_dags/example_branch_operator.py
[2024-02-13T00:36:02.557+0000] {logging_mixin.py:188} INFO - [2024-02-13T00:36:02.556+0000] {dag.py:3036} INFO - Sync 1 DAGs
[2024-02-13T00:36:02.587+0000] {logging_mixin.py:188} INFO - [2024-02-13T00:36:02.587+0000] {dag.py:3823} INFO - Setting next_dagrun for example_branch_operator to 2024-02-12 00:00:00+00:00, run_after=2024-02-13 00:00:00+00:00
[2024-02-13T00:36:02.613+0000] {processor.py:183} INFO - Processing /home/airflow/.local/lib/python3.8/site-packages/airflow/example_dags/example_branch_operator.py took 0.128 seconds
[2024-02-13T00:36:32.934+0000] {processor.py:161} INFO - Started process (PID=334) to work on /home/airflow/.local/lib/python3.8/site-packages/airflow/example_dags/example_branch_operator.py
[2024-02-13T00:36:32.935+0000] {processor.py:830} INFO - Processing file /home/airflow/.local/lib/python3.8/site-packages/airflow/example_dags/example_branch_operator.py for tasks to queue
[2024-02-13T00:36:32.937+0000] {logging_mixin.py:188} INFO - [2024-02-13T00:36:32.937+0000] {dagbag.py:538} INFO - Filling up the DagBag from /home/airflow/.local/lib/python3.8/site-packages/airflow/example_dags/example_branch_operator.py
[2024-02-13T00:36:32.960+0000] {processor.py:840} INFO - DAG(s) 'example_branch_operator' retrieved from /home/airflow/.local/lib/python3.8/site-packages/airflow/example_dags/example_branch_operator.py
[2024-02-13T00:36:33.000+0000] {logging_mixin.py:188} INFO - [2024-02-13T00:36:32.999+0000] {dag.py:3036} INFO - Sync 1 DAGs
[2024-02-13T00:36:33.033+0000] {logging_mixin.py:188} INFO - [2024-02-13T00:36:33.033+0000] {dag.py:3823} INFO - Setting next_dagrun for example_branch_operator to 2024-02-12 00:00:00+00:00, run_after=2024-02-13 00:00:00+00:00
[2024-02-13T00:36:33.059+0000] {processor.py:183} INFO - Processing /home/airflow/.local/lib/python3.8/site-packages/airflow/example_dags/example_branch_operator.py took 0.129 seconds
[2024-02-13T00:37:03.670+0000] {processor.py:161} INFO - Started process (PID=388) to work on /home/airflow/.local/lib/python3.8/site-packages/airflow/example_dags/example_branch_operator.py
[2024-02-13T00:37:03.671+0000] {processor.py:830} INFO - Processing file /home/airflow/.local/lib/python3.8/site-packages/airflow/example_dags/example_branch_operator.py for tasks to queue
[2024-02-13T00:37:03.673+0000] {logging_mixin.py:188} INFO - [2024-02-13T00:37:03.672+0000] {dagbag.py:538} INFO - Filling up the DagBag from /home/airflow/.local/lib/python3.8/site-packages/airflow/example_dags/example_branch_operator.py
[2024-02-13T00:37:03.693+0000] {processor.py:840} INFO - DAG(s) 'example_branch_operator' retrieved from /home/airflow/.local/lib/python3.8/site-packages/airflow/example_dags/example_branch_operator.py
[2024-02-13T00:37:03.726+0000] {logging_mixin.py:188} INFO - [2024-02-13T00:37:03.726+0000] {dag.py:3036} INFO - Sync 1 DAGs
[2024-02-13T00:37:03.758+0000] {logging_mixin.py:188} INFO - [2024-02-13T00:37:03.758+0000] {dag.py:3823} INFO - Setting next_dagrun for example_branch_operator to 2024-02-12 00:00:00+00:00, run_after=2024-02-13 00:00:00+00:00
[2024-02-13T00:37:03.783+0000] {processor.py:183} INFO - Processing /home/airflow/.local/lib/python3.8/site-packages/airflow/example_dags/example_branch_operator.py took 0.121 seconds
[2024-02-13T00:37:34.522+0000] {processor.py:161} INFO - Started process (PID=443) to work on /home/airflow/.local/lib/python3.8/site-packages/airflow/example_dags/example_branch_operator.py
[2024-02-13T00:37:34.523+0000] {processor.py:830} INFO - Processing file /home/airflow/.local/lib/python3.8/site-packages/airflow/example_dags/example_branch_operator.py for tasks to queue
[2024-02-13T00:37:34.525+0000] {logging_mixin.py:188} INFO - [2024-02-13T00:37:34.525+0000] {dagbag.py:538} INFO - Filling up the DagBag from /home/airflow/.local/lib/python3.8/site-packages/airflow/example_dags/example_branch_operator.py
[2024-02-13T00:37:34.545+0000] {processor.py:840} INFO - DAG(s) 'example_branch_operator' retrieved from /home/airflow/.local/lib/python3.8/site-packages/airflow/example_dags/example_branch_operator.py
[2024-02-13T00:37:34.604+0000] {logging_mixin.py:188} INFO - [2024-02-13T00:37:34.603+0000] {dag.py:3036} INFO - Sync 1 DAGs
[2024-02-13T00:37:34.633+0000] {logging_mixin.py:188} INFO - [2024-02-13T00:37:34.633+0000] {dag.py:3823} INFO - Setting next_dagrun for example_branch_operator to 2024-02-12 00:00:00+00:00, run_after=2024-02-13 00:00:00+00:00
[2024-02-13T00:37:34.659+0000] {processor.py:183} INFO - Processing /home/airflow/.local/lib/python3.8/site-packages/airflow/example_dags/example_branch_operator.py took 0.144 seconds
