[2024-02-13T00:34:05.114+0000] {processor.py:161} INFO - Started process (PID=76) to work on /home/airflow/.local/lib/python3.8/site-packages/airflow/example_dags/example_params_trigger_ui.py
[2024-02-13T00:34:05.114+0000] {processor.py:830} INFO - Processing file /home/airflow/.local/lib/python3.8/site-packages/airflow/example_dags/example_params_trigger_ui.py for tasks to queue
[2024-02-13T00:34:05.125+0000] {logging_mixin.py:188} INFO - [2024-02-13T00:34:05.125+0000] {dagbag.py:538} INFO - Filling up the DagBag from /home/airflow/.local/lib/python3.8/site-packages/airflow/example_dags/example_params_trigger_ui.py
[2024-02-13T00:34:05.162+0000] {processor.py:840} INFO - DAG(s) 'example_params_trigger_ui' retrieved from /home/airflow/.local/lib/python3.8/site-packages/airflow/example_dags/example_params_trigger_ui.py
[2024-02-13T00:34:05.493+0000] {logging_mixin.py:188} INFO - [2024-02-13T00:34:05.493+0000] {dag.py:3036} INFO - Sync 1 DAGs
[2024-02-13T00:34:05.664+0000] {logging_mixin.py:188} INFO - [2024-02-13T00:34:05.664+0000] {dag.py:3823} INFO - Setting next_dagrun for example_params_trigger_ui to None, run_after=None
[2024-02-13T00:34:05.881+0000] {processor.py:183} INFO - Processing /home/airflow/.local/lib/python3.8/site-packages/airflow/example_dags/example_params_trigger_ui.py took 0.796 seconds
[2024-02-13T00:34:36.556+0000] {processor.py:161} INFO - Started process (PID=132) to work on /home/airflow/.local/lib/python3.8/site-packages/airflow/example_dags/example_params_trigger_ui.py
[2024-02-13T00:34:36.564+0000] {processor.py:830} INFO - Processing file /home/airflow/.local/lib/python3.8/site-packages/airflow/example_dags/example_params_trigger_ui.py for tasks to queue
[2024-02-13T00:34:36.567+0000] {logging_mixin.py:188} INFO - [2024-02-13T00:34:36.566+0000] {dagbag.py:538} INFO - Filling up the DagBag from /home/airflow/.local/lib/python3.8/site-packages/airflow/example_dags/example_params_trigger_ui.py
[2024-02-13T00:34:36.675+0000] {processor.py:840} INFO - DAG(s) 'example_params_trigger_ui' retrieved from /home/airflow/.local/lib/python3.8/site-packages/airflow/example_dags/example_params_trigger_ui.py
[2024-02-13T00:34:37.102+0000] {logging_mixin.py:188} INFO - [2024-02-13T00:34:37.101+0000] {dag.py:3036} INFO - Sync 1 DAGs
[2024-02-13T00:34:37.161+0000] {logging_mixin.py:188} INFO - [2024-02-13T00:34:37.158+0000] {dag.py:3823} INFO - Setting next_dagrun for example_params_trigger_ui to None, run_after=None
[2024-02-13T00:34:37.248+0000] {processor.py:183} INFO - Processing /home/airflow/.local/lib/python3.8/site-packages/airflow/example_dags/example_params_trigger_ui.py took 0.696 seconds
[2024-02-13T00:35:07.650+0000] {processor.py:161} INFO - Started process (PID=188) to work on /home/airflow/.local/lib/python3.8/site-packages/airflow/example_dags/example_params_trigger_ui.py
[2024-02-13T00:35:07.651+0000] {processor.py:830} INFO - Processing file /home/airflow/.local/lib/python3.8/site-packages/airflow/example_dags/example_params_trigger_ui.py for tasks to queue
[2024-02-13T00:35:07.653+0000] {logging_mixin.py:188} INFO - [2024-02-13T00:35:07.653+0000] {dagbag.py:538} INFO - Filling up the DagBag from /home/airflow/.local/lib/python3.8/site-packages/airflow/example_dags/example_params_trigger_ui.py
[2024-02-13T00:35:07.670+0000] {processor.py:840} INFO - DAG(s) 'example_params_trigger_ui' retrieved from /home/airflow/.local/lib/python3.8/site-packages/airflow/example_dags/example_params_trigger_ui.py
[2024-02-13T00:35:07.743+0000] {logging_mixin.py:188} INFO - [2024-02-13T00:35:07.743+0000] {dag.py:3036} INFO - Sync 1 DAGs
[2024-02-13T00:35:07.757+0000] {logging_mixin.py:188} INFO - [2024-02-13T00:35:07.757+0000] {dag.py:3823} INFO - Setting next_dagrun for example_params_trigger_ui to None, run_after=None
[2024-02-13T00:35:07.782+0000] {processor.py:183} INFO - Processing /home/airflow/.local/lib/python3.8/site-packages/airflow/example_dags/example_params_trigger_ui.py took 0.136 seconds
[2024-02-13T00:35:37.893+0000] {processor.py:161} INFO - Started process (PID=243) to work on /home/airflow/.local/lib/python3.8/site-packages/airflow/example_dags/example_params_trigger_ui.py
[2024-02-13T00:35:37.894+0000] {processor.py:830} INFO - Processing file /home/airflow/.local/lib/python3.8/site-packages/airflow/example_dags/example_params_trigger_ui.py for tasks to queue
[2024-02-13T00:35:37.896+0000] {logging_mixin.py:188} INFO - [2024-02-13T00:35:37.895+0000] {dagbag.py:538} INFO - Filling up the DagBag from /home/airflow/.local/lib/python3.8/site-packages/airflow/example_dags/example_params_trigger_ui.py
[2024-02-13T00:35:37.912+0000] {processor.py:840} INFO - DAG(s) 'example_params_trigger_ui' retrieved from /home/airflow/.local/lib/python3.8/site-packages/airflow/example_dags/example_params_trigger_ui.py
[2024-02-13T00:35:37.986+0000] {logging_mixin.py:188} INFO - [2024-02-13T00:35:37.985+0000] {dag.py:3036} INFO - Sync 1 DAGs
[2024-02-13T00:35:38.003+0000] {logging_mixin.py:188} INFO - [2024-02-13T00:35:38.003+0000] {dag.py:3823} INFO - Setting next_dagrun for example_params_trigger_ui to None, run_after=None
[2024-02-13T00:35:38.028+0000] {processor.py:183} INFO - Processing /home/airflow/.local/lib/python3.8/site-packages/airflow/example_dags/example_params_trigger_ui.py took 0.138 seconds
[2024-02-13T00:36:08.949+0000] {processor.py:161} INFO - Started process (PID=298) to work on /home/airflow/.local/lib/python3.8/site-packages/airflow/example_dags/example_params_trigger_ui.py
[2024-02-13T00:36:08.949+0000] {processor.py:830} INFO - Processing file /home/airflow/.local/lib/python3.8/site-packages/airflow/example_dags/example_params_trigger_ui.py for tasks to queue
[2024-02-13T00:36:08.951+0000] {logging_mixin.py:188} INFO - [2024-02-13T00:36:08.951+0000] {dagbag.py:538} INFO - Filling up the DagBag from /home/airflow/.local/lib/python3.8/site-packages/airflow/example_dags/example_params_trigger_ui.py
[2024-02-13T00:36:08.967+0000] {processor.py:840} INFO - DAG(s) 'example_params_trigger_ui' retrieved from /home/airflow/.local/lib/python3.8/site-packages/airflow/example_dags/example_params_trigger_ui.py
[2024-02-13T00:36:09.042+0000] {logging_mixin.py:188} INFO - [2024-02-13T00:36:09.042+0000] {dag.py:3036} INFO - Sync 1 DAGs
[2024-02-13T00:36:09.057+0000] {logging_mixin.py:188} INFO - [2024-02-13T00:36:09.056+0000] {dag.py:3823} INFO - Setting next_dagrun for example_params_trigger_ui to None, run_after=None
[2024-02-13T00:36:09.080+0000] {processor.py:183} INFO - Processing /home/airflow/.local/lib/python3.8/site-packages/airflow/example_dags/example_params_trigger_ui.py took 0.134 seconds
[2024-02-13T00:36:39.473+0000] {processor.py:161} INFO - Started process (PID=353) to work on /home/airflow/.local/lib/python3.8/site-packages/airflow/example_dags/example_params_trigger_ui.py
[2024-02-13T00:36:39.474+0000] {processor.py:830} INFO - Processing file /home/airflow/.local/lib/python3.8/site-packages/airflow/example_dags/example_params_trigger_ui.py for tasks to queue
[2024-02-13T00:36:39.475+0000] {logging_mixin.py:188} INFO - [2024-02-13T00:36:39.475+0000] {dagbag.py:538} INFO - Filling up the DagBag from /home/airflow/.local/lib/python3.8/site-packages/airflow/example_dags/example_params_trigger_ui.py
[2024-02-13T00:36:39.496+0000] {processor.py:840} INFO - DAG(s) 'example_params_trigger_ui' retrieved from /home/airflow/.local/lib/python3.8/site-packages/airflow/example_dags/example_params_trigger_ui.py
[2024-02-13T00:36:39.566+0000] {logging_mixin.py:188} INFO - [2024-02-13T00:36:39.565+0000] {dag.py:3036} INFO - Sync 1 DAGs
[2024-02-13T00:36:39.581+0000] {logging_mixin.py:188} INFO - [2024-02-13T00:36:39.581+0000] {dag.py:3823} INFO - Setting next_dagrun for example_params_trigger_ui to None, run_after=None
[2024-02-13T00:36:39.615+0000] {processor.py:183} INFO - Processing /home/airflow/.local/lib/python3.8/site-packages/airflow/example_dags/example_params_trigger_ui.py took 0.146 seconds
[2024-02-13T00:37:10.158+0000] {processor.py:161} INFO - Started process (PID=407) to work on /home/airflow/.local/lib/python3.8/site-packages/airflow/example_dags/example_params_trigger_ui.py
[2024-02-13T00:37:10.159+0000] {processor.py:830} INFO - Processing file /home/airflow/.local/lib/python3.8/site-packages/airflow/example_dags/example_params_trigger_ui.py for tasks to queue
[2024-02-13T00:37:10.161+0000] {logging_mixin.py:188} INFO - [2024-02-13T00:37:10.161+0000] {dagbag.py:538} INFO - Filling up the DagBag from /home/airflow/.local/lib/python3.8/site-packages/airflow/example_dags/example_params_trigger_ui.py
[2024-02-13T00:37:10.177+0000] {processor.py:840} INFO - DAG(s) 'example_params_trigger_ui' retrieved from /home/airflow/.local/lib/python3.8/site-packages/airflow/example_dags/example_params_trigger_ui.py
[2024-02-13T00:37:10.251+0000] {logging_mixin.py:188} INFO - [2024-02-13T00:37:10.251+0000] {dag.py:3036} INFO - Sync 1 DAGs
[2024-02-13T00:37:10.267+0000] {logging_mixin.py:188} INFO - [2024-02-13T00:37:10.267+0000] {dag.py:3823} INFO - Setting next_dagrun for example_params_trigger_ui to None, run_after=None
[2024-02-13T00:37:10.290+0000] {processor.py:183} INFO - Processing /home/airflow/.local/lib/python3.8/site-packages/airflow/example_dags/example_params_trigger_ui.py took 0.135 seconds
