[2024-02-13T00:33:56.323+0000] {processor.py:161} INFO - Started process (PID=51) to work on /home/airflow/.local/lib/python3.8/site-packages/airflow/example_dags/example_external_task_marker_dag.py
[2024-02-13T00:33:56.336+0000] {processor.py:830} INFO - Processing file /home/airflow/.local/lib/python3.8/site-packages/airflow/example_dags/example_external_task_marker_dag.py for tasks to queue
[2024-02-13T00:33:56.356+0000] {logging_mixin.py:188} INFO - [2024-02-13T00:33:56.356+0000] {dagbag.py:538} INFO - Filling up the DagBag from /home/airflow/.local/lib/python3.8/site-packages/airflow/example_dags/example_external_task_marker_dag.py
[2024-02-13T00:33:56.391+0000] {processor.py:840} INFO - DAG(s) 'example_external_task_marker_parent', 'example_external_task_marker_child' retrieved from /home/airflow/.local/lib/python3.8/site-packages/airflow/example_dags/example_external_task_marker_dag.py
[2024-02-13T00:33:56.484+0000] {logging_mixin.py:188} INFO - [2024-02-13T00:33:56.483+0000] {dag.py:3036} INFO - Sync 2 DAGs
[2024-02-13T00:33:56.523+0000] {logging_mixin.py:188} INFO - [2024-02-13T00:33:56.522+0000] {dag.py:3823} INFO - Setting next_dagrun for example_external_task_marker_child to None, run_after=None
[2024-02-13T00:33:56.536+0000] {logging_mixin.py:188} INFO - [2024-02-13T00:33:56.536+0000] {dag.py:3823} INFO - Setting next_dagrun for example_external_task_marker_parent to None, run_after=None
[2024-02-13T00:33:56.588+0000] {processor.py:183} INFO - Processing /home/airflow/.local/lib/python3.8/site-packages/airflow/example_dags/example_external_task_marker_dag.py took 0.279 seconds
[2024-02-13T00:34:27.135+0000] {processor.py:161} INFO - Started process (PID=107) to work on /home/airflow/.local/lib/python3.8/site-packages/airflow/example_dags/example_external_task_marker_dag.py
[2024-02-13T00:34:27.136+0000] {processor.py:830} INFO - Processing file /home/airflow/.local/lib/python3.8/site-packages/airflow/example_dags/example_external_task_marker_dag.py for tasks to queue
[2024-02-13T00:34:27.137+0000] {logging_mixin.py:188} INFO - [2024-02-13T00:34:27.137+0000] {dagbag.py:538} INFO - Filling up the DagBag from /home/airflow/.local/lib/python3.8/site-packages/airflow/example_dags/example_external_task_marker_dag.py
[2024-02-13T00:34:27.142+0000] {processor.py:840} INFO - DAG(s) 'example_external_task_marker_parent', 'example_external_task_marker_child' retrieved from /home/airflow/.local/lib/python3.8/site-packages/airflow/example_dags/example_external_task_marker_dag.py
[2024-02-13T00:34:27.163+0000] {logging_mixin.py:188} INFO - [2024-02-13T00:34:27.163+0000] {dag.py:3036} INFO - Sync 2 DAGs
[2024-02-13T00:34:27.174+0000] {logging_mixin.py:188} INFO - [2024-02-13T00:34:27.174+0000] {dag.py:3823} INFO - Setting next_dagrun for example_external_task_marker_child to None, run_after=None
[2024-02-13T00:34:27.178+0000] {logging_mixin.py:188} INFO - [2024-02-13T00:34:27.177+0000] {dag.py:3823} INFO - Setting next_dagrun for example_external_task_marker_parent to None, run_after=None
[2024-02-13T00:34:27.205+0000] {processor.py:183} INFO - Processing /home/airflow/.local/lib/python3.8/site-packages/airflow/example_dags/example_external_task_marker_dag.py took 0.074 seconds
[2024-02-13T00:34:57.704+0000] {processor.py:161} INFO - Started process (PID=163) to work on /home/airflow/.local/lib/python3.8/site-packages/airflow/example_dags/example_external_task_marker_dag.py
[2024-02-13T00:34:57.705+0000] {processor.py:830} INFO - Processing file /home/airflow/.local/lib/python3.8/site-packages/airflow/example_dags/example_external_task_marker_dag.py for tasks to queue
[2024-02-13T00:34:57.707+0000] {logging_mixin.py:188} INFO - [2024-02-13T00:34:57.706+0000] {dagbag.py:538} INFO - Filling up the DagBag from /home/airflow/.local/lib/python3.8/site-packages/airflow/example_dags/example_external_task_marker_dag.py
[2024-02-13T00:34:57.712+0000] {processor.py:840} INFO - DAG(s) 'example_external_task_marker_child', 'example_external_task_marker_parent' retrieved from /home/airflow/.local/lib/python3.8/site-packages/airflow/example_dags/example_external_task_marker_dag.py
[2024-02-13T00:34:57.739+0000] {logging_mixin.py:188} INFO - [2024-02-13T00:34:57.739+0000] {dag.py:3036} INFO - Sync 2 DAGs
[2024-02-13T00:34:57.750+0000] {logging_mixin.py:188} INFO - [2024-02-13T00:34:57.750+0000] {dag.py:3823} INFO - Setting next_dagrun for example_external_task_marker_child to None, run_after=None
[2024-02-13T00:34:57.753+0000] {logging_mixin.py:188} INFO - [2024-02-13T00:34:57.753+0000] {dag.py:3823} INFO - Setting next_dagrun for example_external_task_marker_parent to None, run_after=None
[2024-02-13T00:34:57.771+0000] {processor.py:183} INFO - Processing /home/airflow/.local/lib/python3.8/site-packages/airflow/example_dags/example_external_task_marker_dag.py took 0.070 seconds
[2024-02-13T00:35:28.209+0000] {processor.py:161} INFO - Started process (PID=218) to work on /home/airflow/.local/lib/python3.8/site-packages/airflow/example_dags/example_external_task_marker_dag.py
[2024-02-13T00:35:28.210+0000] {processor.py:830} INFO - Processing file /home/airflow/.local/lib/python3.8/site-packages/airflow/example_dags/example_external_task_marker_dag.py for tasks to queue
[2024-02-13T00:35:28.212+0000] {logging_mixin.py:188} INFO - [2024-02-13T00:35:28.212+0000] {dagbag.py:538} INFO - Filling up the DagBag from /home/airflow/.local/lib/python3.8/site-packages/airflow/example_dags/example_external_task_marker_dag.py
[2024-02-13T00:35:28.217+0000] {processor.py:840} INFO - DAG(s) 'example_external_task_marker_child', 'example_external_task_marker_parent' retrieved from /home/airflow/.local/lib/python3.8/site-packages/airflow/example_dags/example_external_task_marker_dag.py
[2024-02-13T00:35:28.239+0000] {logging_mixin.py:188} INFO - [2024-02-13T00:35:28.239+0000] {dag.py:3036} INFO - Sync 2 DAGs
[2024-02-13T00:35:28.251+0000] {logging_mixin.py:188} INFO - [2024-02-13T00:35:28.250+0000] {dag.py:3823} INFO - Setting next_dagrun for example_external_task_marker_child to None, run_after=None
[2024-02-13T00:35:28.254+0000] {logging_mixin.py:188} INFO - [2024-02-13T00:35:28.253+0000] {dag.py:3823} INFO - Setting next_dagrun for example_external_task_marker_parent to None, run_after=None
[2024-02-13T00:35:28.272+0000] {processor.py:183} INFO - Processing /home/airflow/.local/lib/python3.8/site-packages/airflow/example_dags/example_external_task_marker_dag.py took 0.067 seconds
[2024-02-13T00:35:59.226+0000] {processor.py:161} INFO - Started process (PID=273) to work on /home/airflow/.local/lib/python3.8/site-packages/airflow/example_dags/example_external_task_marker_dag.py
[2024-02-13T00:35:59.227+0000] {processor.py:830} INFO - Processing file /home/airflow/.local/lib/python3.8/site-packages/airflow/example_dags/example_external_task_marker_dag.py for tasks to queue
[2024-02-13T00:35:59.229+0000] {logging_mixin.py:188} INFO - [2024-02-13T00:35:59.229+0000] {dagbag.py:538} INFO - Filling up the DagBag from /home/airflow/.local/lib/python3.8/site-packages/airflow/example_dags/example_external_task_marker_dag.py
[2024-02-13T00:35:59.234+0000] {processor.py:840} INFO - DAG(s) 'example_external_task_marker_parent', 'example_external_task_marker_child' retrieved from /home/airflow/.local/lib/python3.8/site-packages/airflow/example_dags/example_external_task_marker_dag.py
[2024-02-13T00:35:59.253+0000] {logging_mixin.py:188} INFO - [2024-02-13T00:35:59.252+0000] {dag.py:3036} INFO - Sync 2 DAGs
[2024-02-13T00:35:59.263+0000] {logging_mixin.py:188} INFO - [2024-02-13T00:35:59.263+0000] {dag.py:3823} INFO - Setting next_dagrun for example_external_task_marker_child to None, run_after=None
[2024-02-13T00:35:59.266+0000] {logging_mixin.py:188} INFO - [2024-02-13T00:35:59.266+0000] {dag.py:3823} INFO - Setting next_dagrun for example_external_task_marker_parent to None, run_after=None
[2024-02-13T00:35:59.283+0000] {processor.py:183} INFO - Processing /home/airflow/.local/lib/python3.8/site-packages/airflow/example_dags/example_external_task_marker_dag.py took 0.059 seconds
[2024-02-13T00:36:29.658+0000] {processor.py:161} INFO - Started process (PID=328) to work on /home/airflow/.local/lib/python3.8/site-packages/airflow/example_dags/example_external_task_marker_dag.py
[2024-02-13T00:36:29.658+0000] {processor.py:830} INFO - Processing file /home/airflow/.local/lib/python3.8/site-packages/airflow/example_dags/example_external_task_marker_dag.py for tasks to queue
[2024-02-13T00:36:29.660+0000] {logging_mixin.py:188} INFO - [2024-02-13T00:36:29.660+0000] {dagbag.py:538} INFO - Filling up the DagBag from /home/airflow/.local/lib/python3.8/site-packages/airflow/example_dags/example_external_task_marker_dag.py
[2024-02-13T00:36:29.665+0000] {processor.py:840} INFO - DAG(s) 'example_external_task_marker_parent', 'example_external_task_marker_child' retrieved from /home/airflow/.local/lib/python3.8/site-packages/airflow/example_dags/example_external_task_marker_dag.py
[2024-02-13T00:36:29.684+0000] {logging_mixin.py:188} INFO - [2024-02-13T00:36:29.684+0000] {dag.py:3036} INFO - Sync 2 DAGs
[2024-02-13T00:36:29.694+0000] {logging_mixin.py:188} INFO - [2024-02-13T00:36:29.694+0000] {dag.py:3823} INFO - Setting next_dagrun for example_external_task_marker_child to None, run_after=None
[2024-02-13T00:36:29.698+0000] {logging_mixin.py:188} INFO - [2024-02-13T00:36:29.698+0000] {dag.py:3823} INFO - Setting next_dagrun for example_external_task_marker_parent to None, run_after=None
[2024-02-13T00:36:29.717+0000] {processor.py:183} INFO - Processing /home/airflow/.local/lib/python3.8/site-packages/airflow/example_dags/example_external_task_marker_dag.py took 0.062 seconds
[2024-02-13T00:37:00.397+0000] {processor.py:161} INFO - Started process (PID=382) to work on /home/airflow/.local/lib/python3.8/site-packages/airflow/example_dags/example_external_task_marker_dag.py
[2024-02-13T00:37:00.397+0000] {processor.py:830} INFO - Processing file /home/airflow/.local/lib/python3.8/site-packages/airflow/example_dags/example_external_task_marker_dag.py for tasks to queue
[2024-02-13T00:37:00.399+0000] {logging_mixin.py:188} INFO - [2024-02-13T00:37:00.399+0000] {dagbag.py:538} INFO - Filling up the DagBag from /home/airflow/.local/lib/python3.8/site-packages/airflow/example_dags/example_external_task_marker_dag.py
[2024-02-13T00:37:00.404+0000] {processor.py:840} INFO - DAG(s) 'example_external_task_marker_child', 'example_external_task_marker_parent' retrieved from /home/airflow/.local/lib/python3.8/site-packages/airflow/example_dags/example_external_task_marker_dag.py
[2024-02-13T00:37:00.424+0000] {logging_mixin.py:188} INFO - [2024-02-13T00:37:00.424+0000] {dag.py:3036} INFO - Sync 2 DAGs
[2024-02-13T00:37:00.434+0000] {logging_mixin.py:188} INFO - [2024-02-13T00:37:00.434+0000] {dag.py:3823} INFO - Setting next_dagrun for example_external_task_marker_child to None, run_after=None
[2024-02-13T00:37:00.437+0000] {logging_mixin.py:188} INFO - [2024-02-13T00:37:00.437+0000] {dag.py:3823} INFO - Setting next_dagrun for example_external_task_marker_parent to None, run_after=None
[2024-02-13T00:37:00.454+0000] {processor.py:183} INFO - Processing /home/airflow/.local/lib/python3.8/site-packages/airflow/example_dags/example_external_task_marker_dag.py took 0.060 seconds
[2024-02-13T00:37:31.088+0000] {processor.py:161} INFO - Started process (PID=437) to work on /home/airflow/.local/lib/python3.8/site-packages/airflow/example_dags/example_external_task_marker_dag.py
[2024-02-13T00:37:31.088+0000] {processor.py:830} INFO - Processing file /home/airflow/.local/lib/python3.8/site-packages/airflow/example_dags/example_external_task_marker_dag.py for tasks to queue
[2024-02-13T00:37:31.090+0000] {logging_mixin.py:188} INFO - [2024-02-13T00:37:31.090+0000] {dagbag.py:538} INFO - Filling up the DagBag from /home/airflow/.local/lib/python3.8/site-packages/airflow/example_dags/example_external_task_marker_dag.py
[2024-02-13T00:37:31.098+0000] {processor.py:840} INFO - DAG(s) 'example_external_task_marker_child', 'example_external_task_marker_parent' retrieved from /home/airflow/.local/lib/python3.8/site-packages/airflow/example_dags/example_external_task_marker_dag.py
[2024-02-13T00:37:31.146+0000] {logging_mixin.py:188} INFO - [2024-02-13T00:37:31.146+0000] {dag.py:3036} INFO - Sync 2 DAGs
[2024-02-13T00:37:31.161+0000] {logging_mixin.py:188} INFO - [2024-02-13T00:37:31.161+0000] {dag.py:3823} INFO - Setting next_dagrun for example_external_task_marker_child to None, run_after=None
[2024-02-13T00:37:31.165+0000] {logging_mixin.py:188} INFO - [2024-02-13T00:37:31.165+0000] {dag.py:3823} INFO - Setting next_dagrun for example_external_task_marker_parent to None, run_after=None
[2024-02-13T00:37:31.238+0000] {processor.py:183} INFO - Processing /home/airflow/.local/lib/python3.8/site-packages/airflow/example_dags/example_external_task_marker_dag.py took 0.160 seconds
