[2024-02-13T00:33:53.550+0000] {processor.py:161} INFO - Started process (PID=45) to work on /home/airflow/.local/lib/python3.8/site-packages/airflow/example_dags/example_setup_teardown_taskflow.py
[2024-02-13T00:33:53.558+0000] {processor.py:830} INFO - Processing file /home/airflow/.local/lib/python3.8/site-packages/airflow/example_dags/example_setup_teardown_taskflow.py for tasks to queue
[2024-02-13T00:33:53.561+0000] {logging_mixin.py:188} INFO - [2024-02-13T00:33:53.561+0000] {dagbag.py:538} INFO - Filling up the DagBag from /home/airflow/.local/lib/python3.8/site-packages/airflow/example_dags/example_setup_teardown_taskflow.py
[2024-02-13T00:33:53.584+0000] {processor.py:840} INFO - DAG(s) 'example_setup_teardown_taskflow' retrieved from /home/airflow/.local/lib/python3.8/site-packages/airflow/example_dags/example_setup_teardown_taskflow.py
[2024-02-13T00:33:53.685+0000] {logging_mixin.py:188} INFO - [2024-02-13T00:33:53.685+0000] {dag.py:3036} INFO - Sync 1 DAGs
[2024-02-13T00:33:53.806+0000] {logging_mixin.py:188} INFO - [2024-02-13T00:33:53.806+0000] {dag.py:3823} INFO - Setting next_dagrun for example_setup_teardown_taskflow to 2024-02-12 00:00:00+00:00, run_after=2024-02-13 00:00:00+00:00
[2024-02-13T00:33:53.968+0000] {processor.py:183} INFO - Processing /home/airflow/.local/lib/python3.8/site-packages/airflow/example_dags/example_setup_teardown_taskflow.py took 0.426 seconds
[2024-02-13T00:34:24.728+0000] {processor.py:161} INFO - Started process (PID=101) to work on /home/airflow/.local/lib/python3.8/site-packages/airflow/example_dags/example_setup_teardown_taskflow.py
[2024-02-13T00:34:24.729+0000] {processor.py:830} INFO - Processing file /home/airflow/.local/lib/python3.8/site-packages/airflow/example_dags/example_setup_teardown_taskflow.py for tasks to queue
[2024-02-13T00:34:24.732+0000] {logging_mixin.py:188} INFO - [2024-02-13T00:34:24.731+0000] {dagbag.py:538} INFO - Filling up the DagBag from /home/airflow/.local/lib/python3.8/site-packages/airflow/example_dags/example_setup_teardown_taskflow.py
[2024-02-13T00:34:24.743+0000] {processor.py:840} INFO - DAG(s) 'example_setup_teardown_taskflow' retrieved from /home/airflow/.local/lib/python3.8/site-packages/airflow/example_dags/example_setup_teardown_taskflow.py
[2024-02-13T00:34:24.770+0000] {logging_mixin.py:188} INFO - [2024-02-13T00:34:24.769+0000] {dag.py:3036} INFO - Sync 1 DAGs
[2024-02-13T00:34:24.796+0000] {logging_mixin.py:188} INFO - [2024-02-13T00:34:24.795+0000] {dag.py:3823} INFO - Setting next_dagrun for example_setup_teardown_taskflow to 2024-02-12 00:00:00+00:00, run_after=2024-02-13 00:00:00+00:00
[2024-02-13T00:34:24.820+0000] {processor.py:183} INFO - Processing /home/airflow/.local/lib/python3.8/site-packages/airflow/example_dags/example_setup_teardown_taskflow.py took 0.096 seconds
[2024-02-13T00:34:55.331+0000] {processor.py:161} INFO - Started process (PID=157) to work on /home/airflow/.local/lib/python3.8/site-packages/airflow/example_dags/example_setup_teardown_taskflow.py
[2024-02-13T00:34:55.333+0000] {processor.py:830} INFO - Processing file /home/airflow/.local/lib/python3.8/site-packages/airflow/example_dags/example_setup_teardown_taskflow.py for tasks to queue
[2024-02-13T00:34:55.335+0000] {logging_mixin.py:188} INFO - [2024-02-13T00:34:55.334+0000] {dagbag.py:538} INFO - Filling up the DagBag from /home/airflow/.local/lib/python3.8/site-packages/airflow/example_dags/example_setup_teardown_taskflow.py
[2024-02-13T00:34:55.348+0000] {processor.py:840} INFO - DAG(s) 'example_setup_teardown_taskflow' retrieved from /home/airflow/.local/lib/python3.8/site-packages/airflow/example_dags/example_setup_teardown_taskflow.py
[2024-02-13T00:34:55.375+0000] {logging_mixin.py:188} INFO - [2024-02-13T00:34:55.374+0000] {dag.py:3036} INFO - Sync 1 DAGs
[2024-02-13T00:34:55.398+0000] {logging_mixin.py:188} INFO - [2024-02-13T00:34:55.398+0000] {dag.py:3823} INFO - Setting next_dagrun for example_setup_teardown_taskflow to 2024-02-12 00:00:00+00:00, run_after=2024-02-13 00:00:00+00:00
[2024-02-13T00:34:55.423+0000] {processor.py:183} INFO - Processing /home/airflow/.local/lib/python3.8/site-packages/airflow/example_dags/example_setup_teardown_taskflow.py took 0.096 seconds
[2024-02-13T00:35:25.554+0000] {processor.py:161} INFO - Started process (PID=212) to work on /home/airflow/.local/lib/python3.8/site-packages/airflow/example_dags/example_setup_teardown_taskflow.py
[2024-02-13T00:35:25.555+0000] {processor.py:830} INFO - Processing file /home/airflow/.local/lib/python3.8/site-packages/airflow/example_dags/example_setup_teardown_taskflow.py for tasks to queue
[2024-02-13T00:35:25.557+0000] {logging_mixin.py:188} INFO - [2024-02-13T00:35:25.556+0000] {dagbag.py:538} INFO - Filling up the DagBag from /home/airflow/.local/lib/python3.8/site-packages/airflow/example_dags/example_setup_teardown_taskflow.py
[2024-02-13T00:35:25.569+0000] {processor.py:840} INFO - DAG(s) 'example_setup_teardown_taskflow' retrieved from /home/airflow/.local/lib/python3.8/site-packages/airflow/example_dags/example_setup_teardown_taskflow.py
[2024-02-13T00:35:25.594+0000] {logging_mixin.py:188} INFO - [2024-02-13T00:35:25.594+0000] {dag.py:3036} INFO - Sync 1 DAGs
[2024-02-13T00:35:25.620+0000] {logging_mixin.py:188} INFO - [2024-02-13T00:35:25.619+0000] {dag.py:3823} INFO - Setting next_dagrun for example_setup_teardown_taskflow to 2024-02-12 00:00:00+00:00, run_after=2024-02-13 00:00:00+00:00
[2024-02-13T00:35:25.648+0000] {processor.py:183} INFO - Processing /home/airflow/.local/lib/python3.8/site-packages/airflow/example_dags/example_setup_teardown_taskflow.py took 0.097 seconds
[2024-02-13T00:35:55.828+0000] {processor.py:161} INFO - Started process (PID=267) to work on /home/airflow/.local/lib/python3.8/site-packages/airflow/example_dags/example_setup_teardown_taskflow.py
[2024-02-13T00:35:55.829+0000] {processor.py:830} INFO - Processing file /home/airflow/.local/lib/python3.8/site-packages/airflow/example_dags/example_setup_teardown_taskflow.py for tasks to queue
[2024-02-13T00:35:55.832+0000] {logging_mixin.py:188} INFO - [2024-02-13T00:35:55.831+0000] {dagbag.py:538} INFO - Filling up the DagBag from /home/airflow/.local/lib/python3.8/site-packages/airflow/example_dags/example_setup_teardown_taskflow.py
[2024-02-13T00:35:55.843+0000] {processor.py:840} INFO - DAG(s) 'example_setup_teardown_taskflow' retrieved from /home/airflow/.local/lib/python3.8/site-packages/airflow/example_dags/example_setup_teardown_taskflow.py
[2024-02-13T00:35:55.869+0000] {logging_mixin.py:188} INFO - [2024-02-13T00:35:55.869+0000] {dag.py:3036} INFO - Sync 1 DAGs
[2024-02-13T00:35:55.897+0000] {logging_mixin.py:188} INFO - [2024-02-13T00:35:55.896+0000] {dag.py:3823} INFO - Setting next_dagrun for example_setup_teardown_taskflow to 2024-02-12 00:00:00+00:00, run_after=2024-02-13 00:00:00+00:00
[2024-02-13T00:35:55.926+0000] {processor.py:183} INFO - Processing /home/airflow/.local/lib/python3.8/site-packages/airflow/example_dags/example_setup_teardown_taskflow.py took 0.101 seconds
[2024-02-13T00:36:26.258+0000] {processor.py:161} INFO - Started process (PID=322) to work on /home/airflow/.local/lib/python3.8/site-packages/airflow/example_dags/example_setup_teardown_taskflow.py
[2024-02-13T00:36:26.260+0000] {processor.py:830} INFO - Processing file /home/airflow/.local/lib/python3.8/site-packages/airflow/example_dags/example_setup_teardown_taskflow.py for tasks to queue
[2024-02-13T00:36:26.262+0000] {logging_mixin.py:188} INFO - [2024-02-13T00:36:26.261+0000] {dagbag.py:538} INFO - Filling up the DagBag from /home/airflow/.local/lib/python3.8/site-packages/airflow/example_dags/example_setup_teardown_taskflow.py
[2024-02-13T00:36:26.273+0000] {processor.py:840} INFO - DAG(s) 'example_setup_teardown_taskflow' retrieved from /home/airflow/.local/lib/python3.8/site-packages/airflow/example_dags/example_setup_teardown_taskflow.py
[2024-02-13T00:36:26.298+0000] {logging_mixin.py:188} INFO - [2024-02-13T00:36:26.298+0000] {dag.py:3036} INFO - Sync 1 DAGs
[2024-02-13T00:36:26.329+0000] {logging_mixin.py:188} INFO - [2024-02-13T00:36:26.328+0000] {dag.py:3823} INFO - Setting next_dagrun for example_setup_teardown_taskflow to 2024-02-12 00:00:00+00:00, run_after=2024-02-13 00:00:00+00:00
[2024-02-13T00:36:26.352+0000] {processor.py:183} INFO - Processing /home/airflow/.local/lib/python3.8/site-packages/airflow/example_dags/example_setup_teardown_taskflow.py took 0.097 seconds
[2024-02-13T00:36:57.006+0000] {processor.py:161} INFO - Started process (PID=376) to work on /home/airflow/.local/lib/python3.8/site-packages/airflow/example_dags/example_setup_teardown_taskflow.py
[2024-02-13T00:36:57.007+0000] {processor.py:830} INFO - Processing file /home/airflow/.local/lib/python3.8/site-packages/airflow/example_dags/example_setup_teardown_taskflow.py for tasks to queue
[2024-02-13T00:36:57.009+0000] {logging_mixin.py:188} INFO - [2024-02-13T00:36:57.009+0000] {dagbag.py:538} INFO - Filling up the DagBag from /home/airflow/.local/lib/python3.8/site-packages/airflow/example_dags/example_setup_teardown_taskflow.py
[2024-02-13T00:36:57.022+0000] {processor.py:840} INFO - DAG(s) 'example_setup_teardown_taskflow' retrieved from /home/airflow/.local/lib/python3.8/site-packages/airflow/example_dags/example_setup_teardown_taskflow.py
[2024-02-13T00:36:57.054+0000] {logging_mixin.py:188} INFO - [2024-02-13T00:36:57.054+0000] {dag.py:3036} INFO - Sync 1 DAGs
[2024-02-13T00:36:57.083+0000] {logging_mixin.py:188} INFO - [2024-02-13T00:36:57.083+0000] {dag.py:3823} INFO - Setting next_dagrun for example_setup_teardown_taskflow to 2024-02-12 00:00:00+00:00, run_after=2024-02-13 00:00:00+00:00
[2024-02-13T00:36:57.109+0000] {processor.py:183} INFO - Processing /home/airflow/.local/lib/python3.8/site-packages/airflow/example_dags/example_setup_teardown_taskflow.py took 0.107 seconds
[2024-02-13T00:37:27.868+0000] {processor.py:161} INFO - Started process (PID=431) to work on /home/airflow/.local/lib/python3.8/site-packages/airflow/example_dags/example_setup_teardown_taskflow.py
[2024-02-13T00:37:27.871+0000] {processor.py:830} INFO - Processing file /home/airflow/.local/lib/python3.8/site-packages/airflow/example_dags/example_setup_teardown_taskflow.py for tasks to queue
[2024-02-13T00:37:27.881+0000] {logging_mixin.py:188} INFO - [2024-02-13T00:37:27.881+0000] {dagbag.py:538} INFO - Filling up the DagBag from /home/airflow/.local/lib/python3.8/site-packages/airflow/example_dags/example_setup_teardown_taskflow.py
[2024-02-13T00:37:27.916+0000] {processor.py:840} INFO - DAG(s) 'example_setup_teardown_taskflow' retrieved from /home/airflow/.local/lib/python3.8/site-packages/airflow/example_dags/example_setup_teardown_taskflow.py
[2024-02-13T00:37:28.012+0000] {logging_mixin.py:188} INFO - [2024-02-13T00:37:28.012+0000] {dag.py:3036} INFO - Sync 1 DAGs
[2024-02-13T00:37:28.114+0000] {logging_mixin.py:188} INFO - [2024-02-13T00:37:28.113+0000] {dag.py:3823} INFO - Setting next_dagrun for example_setup_teardown_taskflow to 2024-02-12 00:00:00+00:00, run_after=2024-02-13 00:00:00+00:00
[2024-02-13T00:37:28.255+0000] {processor.py:183} INFO - Processing /home/airflow/.local/lib/python3.8/site-packages/airflow/example_dags/example_setup_teardown_taskflow.py took 0.406 seconds
