[2024-02-13T00:34:01.967+0000] {processor.py:161} INFO - Started process (PID=65) to work on /home/airflow/.local/lib/python3.8/site-packages/airflow/example_dags/example_datasets.py
[2024-02-13T00:34:01.976+0000] {processor.py:830} INFO - Processing file /home/airflow/.local/lib/python3.8/site-packages/airflow/example_dags/example_datasets.py for tasks to queue
[2024-02-13T00:34:01.983+0000] {logging_mixin.py:188} INFO - [2024-02-13T00:34:01.982+0000] {dagbag.py:538} INFO - Filling up the DagBag from /home/airflow/.local/lib/python3.8/site-packages/airflow/example_dags/example_datasets.py
[2024-02-13T00:34:02.058+0000] {processor.py:840} INFO - DAG(s) 'dataset_produces_1', 'dataset_consumes_1', 'dataset_consumes_1_never_scheduled', 'dataset_consumes_unknown_never_scheduled', 'dataset_produces_2', 'dataset_consumes_1_and_2' retrieved from /home/airflow/.local/lib/python3.8/site-packages/airflow/example_dags/example_datasets.py
[2024-02-13T00:34:02.280+0000] {logging_mixin.py:188} INFO - [2024-02-13T00:34:02.279+0000] {dag.py:3036} INFO - Sync 6 DAGs
[2024-02-13T00:34:02.372+0000] {logging_mixin.py:188} INFO - [2024-02-13T00:34:02.372+0000] {dag.py:3823} INFO - Setting next_dagrun for dataset_consumes_1 to None, run_after=None
[2024-02-13T00:34:02.383+0000] {logging_mixin.py:188} INFO - [2024-02-13T00:34:02.383+0000] {dag.py:3823} INFO - Setting next_dagrun for dataset_consumes_1_and_2 to None, run_after=None
[2024-02-13T00:34:02.397+0000] {logging_mixin.py:188} INFO - [2024-02-13T00:34:02.397+0000] {dag.py:3823} INFO - Setting next_dagrun for dataset_consumes_1_never_scheduled to None, run_after=None
[2024-02-13T00:34:02.399+0000] {logging_mixin.py:188} INFO - [2024-02-13T00:34:02.399+0000] {dag.py:3823} INFO - Setting next_dagrun for dataset_consumes_unknown_never_scheduled to None, run_after=None
[2024-02-13T00:34:02.413+0000] {logging_mixin.py:188} INFO - [2024-02-13T00:34:02.413+0000] {dag.py:3823} INFO - Setting next_dagrun for dataset_produces_1 to 2024-02-12 00:00:00+00:00, run_after=2024-02-13 00:00:00+00:00
[2024-02-13T00:34:02.415+0000] {logging_mixin.py:188} INFO - [2024-02-13T00:34:02.415+0000] {dag.py:3823} INFO - Setting next_dagrun for dataset_produces_2 to None, run_after=None
[2024-02-13T00:34:02.556+0000] {processor.py:183} INFO - Processing /home/airflow/.local/lib/python3.8/site-packages/airflow/example_dags/example_datasets.py took 0.636 seconds
[2024-02-13T00:34:33.150+0000] {processor.py:161} INFO - Started process (PID=121) to work on /home/airflow/.local/lib/python3.8/site-packages/airflow/example_dags/example_datasets.py
[2024-02-13T00:34:33.163+0000] {processor.py:830} INFO - Processing file /home/airflow/.local/lib/python3.8/site-packages/airflow/example_dags/example_datasets.py for tasks to queue
[2024-02-13T00:34:33.182+0000] {logging_mixin.py:188} INFO - [2024-02-13T00:34:33.182+0000] {dagbag.py:538} INFO - Filling up the DagBag from /home/airflow/.local/lib/python3.8/site-packages/airflow/example_dags/example_datasets.py
[2024-02-13T00:34:33.256+0000] {processor.py:840} INFO - DAG(s) 'dataset_produces_2', 'dataset_consumes_1_and_2', 'dataset_consumes_unknown_never_scheduled', 'dataset_consumes_1_never_scheduled', 'dataset_produces_1', 'dataset_consumes_1' retrieved from /home/airflow/.local/lib/python3.8/site-packages/airflow/example_dags/example_datasets.py
[2024-02-13T00:34:33.458+0000] {logging_mixin.py:188} INFO - [2024-02-13T00:34:33.458+0000] {dag.py:3036} INFO - Sync 6 DAGs
[2024-02-13T00:34:33.619+0000] {logging_mixin.py:188} INFO - [2024-02-13T00:34:33.618+0000] {dag.py:3823} INFO - Setting next_dagrun for dataset_consumes_1 to None, run_after=None
[2024-02-13T00:34:33.652+0000] {logging_mixin.py:188} INFO - [2024-02-13T00:34:33.652+0000] {dag.py:3823} INFO - Setting next_dagrun for dataset_consumes_1_and_2 to None, run_after=None
[2024-02-13T00:34:33.659+0000] {logging_mixin.py:188} INFO - [2024-02-13T00:34:33.658+0000] {dag.py:3823} INFO - Setting next_dagrun for dataset_consumes_1_never_scheduled to None, run_after=None
[2024-02-13T00:34:33.667+0000] {logging_mixin.py:188} INFO - [2024-02-13T00:34:33.666+0000] {dag.py:3823} INFO - Setting next_dagrun for dataset_consumes_unknown_never_scheduled to None, run_after=None
[2024-02-13T00:34:33.686+0000] {logging_mixin.py:188} INFO - [2024-02-13T00:34:33.685+0000] {dag.py:3823} INFO - Setting next_dagrun for dataset_produces_1 to 2024-02-12 00:00:00+00:00, run_after=2024-02-13 00:00:00+00:00
[2024-02-13T00:34:33.696+0000] {logging_mixin.py:188} INFO - [2024-02-13T00:34:33.696+0000] {dag.py:3823} INFO - Setting next_dagrun for dataset_produces_2 to None, run_after=None
[2024-02-13T00:34:33.928+0000] {processor.py:183} INFO - Processing /home/airflow/.local/lib/python3.8/site-packages/airflow/example_dags/example_datasets.py took 0.803 seconds
[2024-02-13T00:35:04.651+0000] {processor.py:161} INFO - Started process (PID=177) to work on /home/airflow/.local/lib/python3.8/site-packages/airflow/example_dags/example_datasets.py
[2024-02-13T00:35:04.652+0000] {processor.py:830} INFO - Processing file /home/airflow/.local/lib/python3.8/site-packages/airflow/example_dags/example_datasets.py for tasks to queue
[2024-02-13T00:35:04.654+0000] {logging_mixin.py:188} INFO - [2024-02-13T00:35:04.654+0000] {dagbag.py:538} INFO - Filling up the DagBag from /home/airflow/.local/lib/python3.8/site-packages/airflow/example_dags/example_datasets.py
[2024-02-13T00:35:04.666+0000] {processor.py:840} INFO - DAG(s) 'dataset_consumes_unknown_never_scheduled', 'dataset_consumes_1_never_scheduled', 'dataset_consumes_1_and_2', 'dataset_produces_1', 'dataset_consumes_1', 'dataset_produces_2' retrieved from /home/airflow/.local/lib/python3.8/site-packages/airflow/example_dags/example_datasets.py
[2024-02-13T00:35:04.709+0000] {logging_mixin.py:188} INFO - [2024-02-13T00:35:04.709+0000] {dag.py:3036} INFO - Sync 6 DAGs
[2024-02-13T00:35:04.736+0000] {logging_mixin.py:188} INFO - [2024-02-13T00:35:04.736+0000] {dag.py:3823} INFO - Setting next_dagrun for dataset_consumes_1 to None, run_after=None
[2024-02-13T00:35:04.741+0000] {logging_mixin.py:188} INFO - [2024-02-13T00:35:04.740+0000] {dag.py:3823} INFO - Setting next_dagrun for dataset_consumes_1_and_2 to None, run_after=None
[2024-02-13T00:35:04.742+0000] {logging_mixin.py:188} INFO - [2024-02-13T00:35:04.742+0000] {dag.py:3823} INFO - Setting next_dagrun for dataset_consumes_1_never_scheduled to None, run_after=None
[2024-02-13T00:35:04.744+0000] {logging_mixin.py:188} INFO - [2024-02-13T00:35:04.743+0000] {dag.py:3823} INFO - Setting next_dagrun for dataset_consumes_unknown_never_scheduled to None, run_after=None
[2024-02-13T00:35:04.747+0000] {logging_mixin.py:188} INFO - [2024-02-13T00:35:04.747+0000] {dag.py:3823} INFO - Setting next_dagrun for dataset_produces_1 to 2024-02-12 00:00:00+00:00, run_after=2024-02-13 00:00:00+00:00
[2024-02-13T00:35:04.749+0000] {logging_mixin.py:188} INFO - [2024-02-13T00:35:04.748+0000] {dag.py:3823} INFO - Setting next_dagrun for dataset_produces_2 to None, run_after=None
[2024-02-13T00:35:04.786+0000] {processor.py:183} INFO - Processing /home/airflow/.local/lib/python3.8/site-packages/airflow/example_dags/example_datasets.py took 0.138 seconds
[2024-02-13T00:35:35.068+0000] {processor.py:161} INFO - Started process (PID=232) to work on /home/airflow/.local/lib/python3.8/site-packages/airflow/example_dags/example_datasets.py
[2024-02-13T00:35:35.069+0000] {processor.py:830} INFO - Processing file /home/airflow/.local/lib/python3.8/site-packages/airflow/example_dags/example_datasets.py for tasks to queue
[2024-02-13T00:35:35.071+0000] {logging_mixin.py:188} INFO - [2024-02-13T00:35:35.071+0000] {dagbag.py:538} INFO - Filling up the DagBag from /home/airflow/.local/lib/python3.8/site-packages/airflow/example_dags/example_datasets.py
[2024-02-13T00:35:35.083+0000] {processor.py:840} INFO - DAG(s) 'dataset_consumes_unknown_never_scheduled', 'dataset_consumes_1', 'dataset_consumes_1_and_2', 'dataset_produces_2', 'dataset_produces_1', 'dataset_consumes_1_never_scheduled' retrieved from /home/airflow/.local/lib/python3.8/site-packages/airflow/example_dags/example_datasets.py
[2024-02-13T00:35:35.126+0000] {logging_mixin.py:188} INFO - [2024-02-13T00:35:35.126+0000] {dag.py:3036} INFO - Sync 6 DAGs
[2024-02-13T00:35:35.158+0000] {logging_mixin.py:188} INFO - [2024-02-13T00:35:35.158+0000] {dag.py:3823} INFO - Setting next_dagrun for dataset_consumes_1 to None, run_after=None
[2024-02-13T00:35:35.174+0000] {logging_mixin.py:188} INFO - [2024-02-13T00:35:35.174+0000] {dag.py:3823} INFO - Setting next_dagrun for dataset_consumes_1_and_2 to None, run_after=None
[2024-02-13T00:35:35.176+0000] {logging_mixin.py:188} INFO - [2024-02-13T00:35:35.176+0000] {dag.py:3823} INFO - Setting next_dagrun for dataset_consumes_1_never_scheduled to None, run_after=None
[2024-02-13T00:35:35.178+0000] {logging_mixin.py:188} INFO - [2024-02-13T00:35:35.178+0000] {dag.py:3823} INFO - Setting next_dagrun for dataset_consumes_unknown_never_scheduled to None, run_after=None
[2024-02-13T00:35:35.182+0000] {logging_mixin.py:188} INFO - [2024-02-13T00:35:35.182+0000] {dag.py:3823} INFO - Setting next_dagrun for dataset_produces_1 to 2024-02-12 00:00:00+00:00, run_after=2024-02-13 00:00:00+00:00
[2024-02-13T00:35:35.184+0000] {logging_mixin.py:188} INFO - [2024-02-13T00:35:35.183+0000] {dag.py:3823} INFO - Setting next_dagrun for dataset_produces_2 to None, run_after=None
[2024-02-13T00:35:35.223+0000] {processor.py:183} INFO - Processing /home/airflow/.local/lib/python3.8/site-packages/airflow/example_dags/example_datasets.py took 0.158 seconds
[2024-02-13T00:36:06.022+0000] {processor.py:161} INFO - Started process (PID=287) to work on /home/airflow/.local/lib/python3.8/site-packages/airflow/example_dags/example_datasets.py
[2024-02-13T00:36:06.023+0000] {processor.py:830} INFO - Processing file /home/airflow/.local/lib/python3.8/site-packages/airflow/example_dags/example_datasets.py for tasks to queue
[2024-02-13T00:36:06.025+0000] {logging_mixin.py:188} INFO - [2024-02-13T00:36:06.024+0000] {dagbag.py:538} INFO - Filling up the DagBag from /home/airflow/.local/lib/python3.8/site-packages/airflow/example_dags/example_datasets.py
[2024-02-13T00:36:06.036+0000] {processor.py:840} INFO - DAG(s) 'dataset_consumes_unknown_never_scheduled', 'dataset_produces_1', 'dataset_consumes_1_and_2', 'dataset_produces_2', 'dataset_consumes_1', 'dataset_consumes_1_never_scheduled' retrieved from /home/airflow/.local/lib/python3.8/site-packages/airflow/example_dags/example_datasets.py
[2024-02-13T00:36:06.083+0000] {logging_mixin.py:188} INFO - [2024-02-13T00:36:06.083+0000] {dag.py:3036} INFO - Sync 6 DAGs
[2024-02-13T00:36:06.115+0000] {logging_mixin.py:188} INFO - [2024-02-13T00:36:06.115+0000] {dag.py:3823} INFO - Setting next_dagrun for dataset_consumes_1 to None, run_after=None
[2024-02-13T00:36:06.120+0000] {logging_mixin.py:188} INFO - [2024-02-13T00:36:06.120+0000] {dag.py:3823} INFO - Setting next_dagrun for dataset_consumes_1_and_2 to None, run_after=None
[2024-02-13T00:36:06.122+0000] {logging_mixin.py:188} INFO - [2024-02-13T00:36:06.121+0000] {dag.py:3823} INFO - Setting next_dagrun for dataset_consumes_1_never_scheduled to None, run_after=None
[2024-02-13T00:36:06.123+0000] {logging_mixin.py:188} INFO - [2024-02-13T00:36:06.123+0000] {dag.py:3823} INFO - Setting next_dagrun for dataset_consumes_unknown_never_scheduled to None, run_after=None
[2024-02-13T00:36:06.127+0000] {logging_mixin.py:188} INFO - [2024-02-13T00:36:06.127+0000] {dag.py:3823} INFO - Setting next_dagrun for dataset_produces_1 to 2024-02-12 00:00:00+00:00, run_after=2024-02-13 00:00:00+00:00
[2024-02-13T00:36:06.138+0000] {logging_mixin.py:188} INFO - [2024-02-13T00:36:06.138+0000] {dag.py:3823} INFO - Setting next_dagrun for dataset_produces_2 to None, run_after=None
[2024-02-13T00:36:06.208+0000] {processor.py:183} INFO - Processing /home/airflow/.local/lib/python3.8/site-packages/airflow/example_dags/example_datasets.py took 0.189 seconds
[2024-02-13T00:36:36.659+0000] {processor.py:161} INFO - Started process (PID=342) to work on /home/airflow/.local/lib/python3.8/site-packages/airflow/example_dags/example_datasets.py
[2024-02-13T00:36:36.661+0000] {processor.py:830} INFO - Processing file /home/airflow/.local/lib/python3.8/site-packages/airflow/example_dags/example_datasets.py for tasks to queue
[2024-02-13T00:36:36.663+0000] {logging_mixin.py:188} INFO - [2024-02-13T00:36:36.662+0000] {dagbag.py:538} INFO - Filling up the DagBag from /home/airflow/.local/lib/python3.8/site-packages/airflow/example_dags/example_datasets.py
[2024-02-13T00:36:36.674+0000] {processor.py:840} INFO - DAG(s) 'dataset_consumes_unknown_never_scheduled', 'dataset_consumes_1_and_2', 'dataset_consumes_1_never_scheduled', 'dataset_produces_1', 'dataset_consumes_1', 'dataset_produces_2' retrieved from /home/airflow/.local/lib/python3.8/site-packages/airflow/example_dags/example_datasets.py
[2024-02-13T00:36:36.723+0000] {logging_mixin.py:188} INFO - [2024-02-13T00:36:36.723+0000] {dag.py:3036} INFO - Sync 6 DAGs
[2024-02-13T00:36:36.748+0000] {logging_mixin.py:188} INFO - [2024-02-13T00:36:36.748+0000] {dag.py:3823} INFO - Setting next_dagrun for dataset_consumes_1 to None, run_after=None
[2024-02-13T00:36:36.752+0000] {logging_mixin.py:188} INFO - [2024-02-13T00:36:36.752+0000] {dag.py:3823} INFO - Setting next_dagrun for dataset_consumes_1_and_2 to None, run_after=None
[2024-02-13T00:36:36.754+0000] {logging_mixin.py:188} INFO - [2024-02-13T00:36:36.753+0000] {dag.py:3823} INFO - Setting next_dagrun for dataset_consumes_1_never_scheduled to None, run_after=None
[2024-02-13T00:36:36.755+0000] {logging_mixin.py:188} INFO - [2024-02-13T00:36:36.755+0000] {dag.py:3823} INFO - Setting next_dagrun for dataset_consumes_unknown_never_scheduled to None, run_after=None
[2024-02-13T00:36:36.758+0000] {logging_mixin.py:188} INFO - [2024-02-13T00:36:36.758+0000] {dag.py:3823} INFO - Setting next_dagrun for dataset_produces_1 to 2024-02-12 00:00:00+00:00, run_after=2024-02-13 00:00:00+00:00
[2024-02-13T00:36:36.759+0000] {logging_mixin.py:188} INFO - [2024-02-13T00:36:36.759+0000] {dag.py:3823} INFO - Setting next_dagrun for dataset_produces_2 to None, run_after=None
[2024-02-13T00:36:36.797+0000] {processor.py:183} INFO - Processing /home/airflow/.local/lib/python3.8/site-packages/airflow/example_dags/example_datasets.py took 0.141 seconds
[2024-02-13T00:37:07.340+0000] {processor.py:161} INFO - Started process (PID=396) to work on /home/airflow/.local/lib/python3.8/site-packages/airflow/example_dags/example_datasets.py
[2024-02-13T00:37:07.341+0000] {processor.py:830} INFO - Processing file /home/airflow/.local/lib/python3.8/site-packages/airflow/example_dags/example_datasets.py for tasks to queue
[2024-02-13T00:37:07.343+0000] {logging_mixin.py:188} INFO - [2024-02-13T00:37:07.343+0000] {dagbag.py:538} INFO - Filling up the DagBag from /home/airflow/.local/lib/python3.8/site-packages/airflow/example_dags/example_datasets.py
[2024-02-13T00:37:07.354+0000] {processor.py:840} INFO - DAG(s) 'dataset_produces_1', 'dataset_consumes_1_never_scheduled', 'dataset_consumes_1', 'dataset_produces_2', 'dataset_consumes_1_and_2', 'dataset_consumes_unknown_never_scheduled' retrieved from /home/airflow/.local/lib/python3.8/site-packages/airflow/example_dags/example_datasets.py
[2024-02-13T00:37:07.396+0000] {logging_mixin.py:188} INFO - [2024-02-13T00:37:07.396+0000] {dag.py:3036} INFO - Sync 6 DAGs
[2024-02-13T00:37:07.420+0000] {logging_mixin.py:188} INFO - [2024-02-13T00:37:07.420+0000] {dag.py:3823} INFO - Setting next_dagrun for dataset_consumes_1 to None, run_after=None
[2024-02-13T00:37:07.424+0000] {logging_mixin.py:188} INFO - [2024-02-13T00:37:07.424+0000] {dag.py:3823} INFO - Setting next_dagrun for dataset_consumes_1_and_2 to None, run_after=None
[2024-02-13T00:37:07.426+0000] {logging_mixin.py:188} INFO - [2024-02-13T00:37:07.425+0000] {dag.py:3823} INFO - Setting next_dagrun for dataset_consumes_1_never_scheduled to None, run_after=None
[2024-02-13T00:37:07.427+0000] {logging_mixin.py:188} INFO - [2024-02-13T00:37:07.427+0000] {dag.py:3823} INFO - Setting next_dagrun for dataset_consumes_unknown_never_scheduled to None, run_after=None
[2024-02-13T00:37:07.430+0000] {logging_mixin.py:188} INFO - [2024-02-13T00:37:07.430+0000] {dag.py:3823} INFO - Setting next_dagrun for dataset_produces_1 to 2024-02-12 00:00:00+00:00, run_after=2024-02-13 00:00:00+00:00
[2024-02-13T00:37:07.432+0000] {logging_mixin.py:188} INFO - [2024-02-13T00:37:07.432+0000] {dag.py:3823} INFO - Setting next_dagrun for dataset_produces_2 to None, run_after=None
[2024-02-13T00:37:07.477+0000] {processor.py:183} INFO - Processing /home/airflow/.local/lib/python3.8/site-packages/airflow/example_dags/example_datasets.py took 0.140 seconds
[2024-02-13T00:37:38.051+0000] {processor.py:161} INFO - Started process (PID=451) to work on /home/airflow/.local/lib/python3.8/site-packages/airflow/example_dags/example_datasets.py
[2024-02-13T00:37:38.054+0000] {processor.py:830} INFO - Processing file /home/airflow/.local/lib/python3.8/site-packages/airflow/example_dags/example_datasets.py for tasks to queue
[2024-02-13T00:37:38.059+0000] {logging_mixin.py:188} INFO - [2024-02-13T00:37:38.058+0000] {dagbag.py:538} INFO - Filling up the DagBag from /home/airflow/.local/lib/python3.8/site-packages/airflow/example_dags/example_datasets.py
[2024-02-13T00:37:38.079+0000] {processor.py:840} INFO - DAG(s) 'dataset_consumes_1_never_scheduled', 'dataset_produces_2', 'dataset_consumes_1_and_2', 'dataset_consumes_1', 'dataset_produces_1', 'dataset_consumes_unknown_never_scheduled' retrieved from /home/airflow/.local/lib/python3.8/site-packages/airflow/example_dags/example_datasets.py
[2024-02-13T00:37:38.169+0000] {logging_mixin.py:188} INFO - [2024-02-13T00:37:38.169+0000] {dag.py:3036} INFO - Sync 6 DAGs
[2024-02-13T00:37:38.194+0000] {logging_mixin.py:188} INFO - [2024-02-13T00:37:38.194+0000] {dag.py:3823} INFO - Setting next_dagrun for dataset_consumes_1 to None, run_after=None
[2024-02-13T00:37:38.198+0000] {logging_mixin.py:188} INFO - [2024-02-13T00:37:38.197+0000] {dag.py:3823} INFO - Setting next_dagrun for dataset_consumes_1_and_2 to None, run_after=None
[2024-02-13T00:37:38.199+0000] {logging_mixin.py:188} INFO - [2024-02-13T00:37:38.199+0000] {dag.py:3823} INFO - Setting next_dagrun for dataset_consumes_1_never_scheduled to None, run_after=None
[2024-02-13T00:37:38.200+0000] {logging_mixin.py:188} INFO - [2024-02-13T00:37:38.200+0000] {dag.py:3823} INFO - Setting next_dagrun for dataset_consumes_unknown_never_scheduled to None, run_after=None
[2024-02-13T00:37:38.204+0000] {logging_mixin.py:188} INFO - [2024-02-13T00:37:38.204+0000] {dag.py:3823} INFO - Setting next_dagrun for dataset_produces_1 to 2024-02-12 00:00:00+00:00, run_after=2024-02-13 00:00:00+00:00
[2024-02-13T00:37:38.205+0000] {logging_mixin.py:188} INFO - [2024-02-13T00:37:38.205+0000] {dag.py:3823} INFO - Setting next_dagrun for dataset_produces_2 to None, run_after=None
[2024-02-13T00:37:38.247+0000] {processor.py:183} INFO - Processing /home/airflow/.local/lib/python3.8/site-packages/airflow/example_dags/example_datasets.py took 0.204 seconds
