[2024-02-13T00:33:52.485+0000] {processor.py:161} INFO - Started process (PID=41) to work on /home/airflow/.local/lib/python3.8/site-packages/airflow/example_dags/example_short_circuit_operator.py
[2024-02-13T00:33:52.493+0000] {processor.py:830} INFO - Processing file /home/airflow/.local/lib/python3.8/site-packages/airflow/example_dags/example_short_circuit_operator.py for tasks to queue
[2024-02-13T00:33:52.507+0000] {logging_mixin.py:188} INFO - [2024-02-13T00:33:52.507+0000] {dagbag.py:538} INFO - Filling up the DagBag from /home/airflow/.local/lib/python3.8/site-packages/airflow/example_dags/example_short_circuit_operator.py
[2024-02-13T00:33:52.582+0000] {processor.py:840} INFO - DAG(s) 'example_short_circuit_operator' retrieved from /home/airflow/.local/lib/python3.8/site-packages/airflow/example_dags/example_short_circuit_operator.py
[2024-02-13T00:33:52.837+0000] {logging_mixin.py:188} INFO - [2024-02-13T00:33:52.837+0000] {dag.py:3036} INFO - Sync 1 DAGs
[2024-02-13T00:33:53.019+0000] {logging_mixin.py:188} INFO - [2024-02-13T00:33:53.019+0000] {dag.py:3823} INFO - Setting next_dagrun for example_short_circuit_operator to 2024-02-12 00:00:00+00:00, run_after=2024-02-13 00:00:00+00:00
[2024-02-13T00:33:53.110+0000] {processor.py:183} INFO - Processing /home/airflow/.local/lib/python3.8/site-packages/airflow/example_dags/example_short_circuit_operator.py took 0.642 seconds
[2024-02-13T00:34:23.457+0000] {processor.py:161} INFO - Started process (PID=97) to work on /home/airflow/.local/lib/python3.8/site-packages/airflow/example_dags/example_short_circuit_operator.py
[2024-02-13T00:34:23.458+0000] {processor.py:830} INFO - Processing file /home/airflow/.local/lib/python3.8/site-packages/airflow/example_dags/example_short_circuit_operator.py for tasks to queue
[2024-02-13T00:34:23.460+0000] {logging_mixin.py:188} INFO - [2024-02-13T00:34:23.460+0000] {dagbag.py:538} INFO - Filling up the DagBag from /home/airflow/.local/lib/python3.8/site-packages/airflow/example_dags/example_short_circuit_operator.py
[2024-02-13T00:34:23.470+0000] {processor.py:840} INFO - DAG(s) 'example_short_circuit_operator' retrieved from /home/airflow/.local/lib/python3.8/site-packages/airflow/example_dags/example_short_circuit_operator.py
[2024-02-13T00:34:23.500+0000] {logging_mixin.py:188} INFO - [2024-02-13T00:34:23.499+0000] {dag.py:3036} INFO - Sync 1 DAGs
[2024-02-13T00:34:23.534+0000] {logging_mixin.py:188} INFO - [2024-02-13T00:34:23.533+0000] {dag.py:3823} INFO - Setting next_dagrun for example_short_circuit_operator to 2024-02-12 00:00:00+00:00, run_after=2024-02-13 00:00:00+00:00
[2024-02-13T00:34:23.559+0000] {processor.py:183} INFO - Processing /home/airflow/.local/lib/python3.8/site-packages/airflow/example_dags/example_short_circuit_operator.py took 0.106 seconds
[2024-02-13T00:34:54.167+0000] {processor.py:161} INFO - Started process (PID=153) to work on /home/airflow/.local/lib/python3.8/site-packages/airflow/example_dags/example_short_circuit_operator.py
[2024-02-13T00:34:54.168+0000] {processor.py:830} INFO - Processing file /home/airflow/.local/lib/python3.8/site-packages/airflow/example_dags/example_short_circuit_operator.py for tasks to queue
[2024-02-13T00:34:54.170+0000] {logging_mixin.py:188} INFO - [2024-02-13T00:34:54.170+0000] {dagbag.py:538} INFO - Filling up the DagBag from /home/airflow/.local/lib/python3.8/site-packages/airflow/example_dags/example_short_circuit_operator.py
[2024-02-13T00:34:54.179+0000] {processor.py:840} INFO - DAG(s) 'example_short_circuit_operator' retrieved from /home/airflow/.local/lib/python3.8/site-packages/airflow/example_dags/example_short_circuit_operator.py
[2024-02-13T00:34:54.207+0000] {logging_mixin.py:188} INFO - [2024-02-13T00:34:54.206+0000] {dag.py:3036} INFO - Sync 1 DAGs
[2024-02-13T00:34:54.237+0000] {logging_mixin.py:188} INFO - [2024-02-13T00:34:54.236+0000] {dag.py:3823} INFO - Setting next_dagrun for example_short_circuit_operator to 2024-02-12 00:00:00+00:00, run_after=2024-02-13 00:00:00+00:00
[2024-02-13T00:34:54.265+0000] {processor.py:183} INFO - Processing /home/airflow/.local/lib/python3.8/site-packages/airflow/example_dags/example_short_circuit_operator.py took 0.102 seconds
[2024-02-13T00:35:24.354+0000] {processor.py:161} INFO - Started process (PID=208) to work on /home/airflow/.local/lib/python3.8/site-packages/airflow/example_dags/example_short_circuit_operator.py
[2024-02-13T00:35:24.355+0000] {processor.py:830} INFO - Processing file /home/airflow/.local/lib/python3.8/site-packages/airflow/example_dags/example_short_circuit_operator.py for tasks to queue
[2024-02-13T00:35:24.357+0000] {logging_mixin.py:188} INFO - [2024-02-13T00:35:24.357+0000] {dagbag.py:538} INFO - Filling up the DagBag from /home/airflow/.local/lib/python3.8/site-packages/airflow/example_dags/example_short_circuit_operator.py
[2024-02-13T00:35:24.366+0000] {processor.py:840} INFO - DAG(s) 'example_short_circuit_operator' retrieved from /home/airflow/.local/lib/python3.8/site-packages/airflow/example_dags/example_short_circuit_operator.py
[2024-02-13T00:35:24.392+0000] {logging_mixin.py:188} INFO - [2024-02-13T00:35:24.392+0000] {dag.py:3036} INFO - Sync 1 DAGs
[2024-02-13T00:35:24.418+0000] {logging_mixin.py:188} INFO - [2024-02-13T00:35:24.418+0000] {dag.py:3823} INFO - Setting next_dagrun for example_short_circuit_operator to 2024-02-12 00:00:00+00:00, run_after=2024-02-13 00:00:00+00:00
[2024-02-13T00:35:24.442+0000] {processor.py:183} INFO - Processing /home/airflow/.local/lib/python3.8/site-packages/airflow/example_dags/example_short_circuit_operator.py took 0.092 seconds
[2024-02-13T00:35:54.603+0000] {processor.py:161} INFO - Started process (PID=263) to work on /home/airflow/.local/lib/python3.8/site-packages/airflow/example_dags/example_short_circuit_operator.py
[2024-02-13T00:35:54.604+0000] {processor.py:830} INFO - Processing file /home/airflow/.local/lib/python3.8/site-packages/airflow/example_dags/example_short_circuit_operator.py for tasks to queue
[2024-02-13T00:35:54.606+0000] {logging_mixin.py:188} INFO - [2024-02-13T00:35:54.605+0000] {dagbag.py:538} INFO - Filling up the DagBag from /home/airflow/.local/lib/python3.8/site-packages/airflow/example_dags/example_short_circuit_operator.py
[2024-02-13T00:35:54.616+0000] {processor.py:840} INFO - DAG(s) 'example_short_circuit_operator' retrieved from /home/airflow/.local/lib/python3.8/site-packages/airflow/example_dags/example_short_circuit_operator.py
[2024-02-13T00:35:54.646+0000] {logging_mixin.py:188} INFO - [2024-02-13T00:35:54.646+0000] {dag.py:3036} INFO - Sync 1 DAGs
[2024-02-13T00:35:54.675+0000] {logging_mixin.py:188} INFO - [2024-02-13T00:35:54.675+0000] {dag.py:3823} INFO - Setting next_dagrun for example_short_circuit_operator to 2024-02-12 00:00:00+00:00, run_after=2024-02-13 00:00:00+00:00
[2024-02-13T00:35:54.701+0000] {processor.py:183} INFO - Processing /home/airflow/.local/lib/python3.8/site-packages/airflow/example_dags/example_short_circuit_operator.py took 0.102 seconds
[2024-02-13T00:36:25.027+0000] {processor.py:161} INFO - Started process (PID=318) to work on /home/airflow/.local/lib/python3.8/site-packages/airflow/example_dags/example_short_circuit_operator.py
[2024-02-13T00:36:25.028+0000] {processor.py:830} INFO - Processing file /home/airflow/.local/lib/python3.8/site-packages/airflow/example_dags/example_short_circuit_operator.py for tasks to queue
[2024-02-13T00:36:25.030+0000] {logging_mixin.py:188} INFO - [2024-02-13T00:36:25.030+0000] {dagbag.py:538} INFO - Filling up the DagBag from /home/airflow/.local/lib/python3.8/site-packages/airflow/example_dags/example_short_circuit_operator.py
[2024-02-13T00:36:25.040+0000] {processor.py:840} INFO - DAG(s) 'example_short_circuit_operator' retrieved from /home/airflow/.local/lib/python3.8/site-packages/airflow/example_dags/example_short_circuit_operator.py
[2024-02-13T00:36:25.069+0000] {logging_mixin.py:188} INFO - [2024-02-13T00:36:25.069+0000] {dag.py:3036} INFO - Sync 1 DAGs
[2024-02-13T00:36:25.095+0000] {logging_mixin.py:188} INFO - [2024-02-13T00:36:25.094+0000] {dag.py:3823} INFO - Setting next_dagrun for example_short_circuit_operator to 2024-02-12 00:00:00+00:00, run_after=2024-02-13 00:00:00+00:00
[2024-02-13T00:36:25.121+0000] {processor.py:183} INFO - Processing /home/airflow/.local/lib/python3.8/site-packages/airflow/example_dags/example_short_circuit_operator.py took 0.098 seconds
[2024-02-13T00:36:55.501+0000] {processor.py:161} INFO - Started process (PID=372) to work on /home/airflow/.local/lib/python3.8/site-packages/airflow/example_dags/example_short_circuit_operator.py
[2024-02-13T00:36:55.508+0000] {processor.py:830} INFO - Processing file /home/airflow/.local/lib/python3.8/site-packages/airflow/example_dags/example_short_circuit_operator.py for tasks to queue
[2024-02-13T00:36:55.509+0000] {logging_mixin.py:188} INFO - [2024-02-13T00:36:55.509+0000] {dagbag.py:538} INFO - Filling up the DagBag from /home/airflow/.local/lib/python3.8/site-packages/airflow/example_dags/example_short_circuit_operator.py
[2024-02-13T00:36:55.530+0000] {processor.py:840} INFO - DAG(s) 'example_short_circuit_operator' retrieved from /home/airflow/.local/lib/python3.8/site-packages/airflow/example_dags/example_short_circuit_operator.py
[2024-02-13T00:36:55.625+0000] {logging_mixin.py:188} INFO - [2024-02-13T00:36:55.625+0000] {dag.py:3036} INFO - Sync 1 DAGs
[2024-02-13T00:36:55.776+0000] {logging_mixin.py:188} INFO - [2024-02-13T00:36:55.763+0000] {dag.py:3823} INFO - Setting next_dagrun for example_short_circuit_operator to 2024-02-12 00:00:00+00:00, run_after=2024-02-13 00:00:00+00:00
[2024-02-13T00:36:55.849+0000] {processor.py:183} INFO - Processing /home/airflow/.local/lib/python3.8/site-packages/airflow/example_dags/example_short_circuit_operator.py took 0.377 seconds
[2024-02-13T00:37:26.482+0000] {processor.py:161} INFO - Started process (PID=427) to work on /home/airflow/.local/lib/python3.8/site-packages/airflow/example_dags/example_short_circuit_operator.py
[2024-02-13T00:37:26.485+0000] {processor.py:830} INFO - Processing file /home/airflow/.local/lib/python3.8/site-packages/airflow/example_dags/example_short_circuit_operator.py for tasks to queue
[2024-02-13T00:37:26.487+0000] {logging_mixin.py:188} INFO - [2024-02-13T00:37:26.486+0000] {dagbag.py:538} INFO - Filling up the DagBag from /home/airflow/.local/lib/python3.8/site-packages/airflow/example_dags/example_short_circuit_operator.py
[2024-02-13T00:37:26.516+0000] {processor.py:840} INFO - DAG(s) 'example_short_circuit_operator' retrieved from /home/airflow/.local/lib/python3.8/site-packages/airflow/example_dags/example_short_circuit_operator.py
[2024-02-13T00:37:26.545+0000] {logging_mixin.py:188} INFO - [2024-02-13T00:37:26.545+0000] {dag.py:3036} INFO - Sync 1 DAGs
[2024-02-13T00:37:26.578+0000] {logging_mixin.py:188} INFO - [2024-02-13T00:37:26.577+0000] {dag.py:3823} INFO - Setting next_dagrun for example_short_circuit_operator to 2024-02-12 00:00:00+00:00, run_after=2024-02-13 00:00:00+00:00
[2024-02-13T00:37:26.641+0000] {processor.py:183} INFO - Processing /home/airflow/.local/lib/python3.8/site-packages/airflow/example_dags/example_short_circuit_operator.py took 0.162 seconds
