[2024-02-13T00:34:04.770+0000] {processor.py:161} INFO - Started process (PID=75) to work on /home/airflow/.local/lib/python3.8/site-packages/airflow/example_dags/example_latest_only.py
[2024-02-13T00:34:04.775+0000] {processor.py:830} INFO - Processing file /home/airflow/.local/lib/python3.8/site-packages/airflow/example_dags/example_latest_only.py for tasks to queue
[2024-02-13T00:34:04.780+0000] {logging_mixin.py:188} INFO - [2024-02-13T00:34:04.776+0000] {dagbag.py:538} INFO - Filling up the DagBag from /home/airflow/.local/lib/python3.8/site-packages/airflow/example_dags/example_latest_only.py
[2024-02-13T00:34:04.792+0000] {processor.py:840} INFO - DAG(s) 'latest_only' retrieved from /home/airflow/.local/lib/python3.8/site-packages/airflow/example_dags/example_latest_only.py
[2024-02-13T00:34:04.841+0000] {logging_mixin.py:188} INFO - [2024-02-13T00:34:04.841+0000] {dag.py:3036} INFO - Sync 1 DAGs
[2024-02-13T00:34:05.002+0000] {logging_mixin.py:188} INFO - [2024-02-13T00:34:05.002+0000] {dag.py:3823} INFO - Setting next_dagrun for latest_only to 2024-02-12 20:00:00+00:00, run_after=2024-02-13 00:00:00+00:00
[2024-02-13T00:34:05.137+0000] {processor.py:183} INFO - Processing /home/airflow/.local/lib/python3.8/site-packages/airflow/example_dags/example_latest_only.py took 0.376 seconds
[2024-02-13T00:34:36.088+0000] {processor.py:161} INFO - Started process (PID=131) to work on /home/airflow/.local/lib/python3.8/site-packages/airflow/example_dags/example_latest_only.py
[2024-02-13T00:34:36.092+0000] {processor.py:830} INFO - Processing file /home/airflow/.local/lib/python3.8/site-packages/airflow/example_dags/example_latest_only.py for tasks to queue
[2024-02-13T00:34:36.100+0000] {logging_mixin.py:188} INFO - [2024-02-13T00:34:36.100+0000] {dagbag.py:538} INFO - Filling up the DagBag from /home/airflow/.local/lib/python3.8/site-packages/airflow/example_dags/example_latest_only.py
[2024-02-13T00:34:36.106+0000] {processor.py:840} INFO - DAG(s) 'latest_only' retrieved from /home/airflow/.local/lib/python3.8/site-packages/airflow/example_dags/example_latest_only.py
[2024-02-13T00:34:36.221+0000] {logging_mixin.py:188} INFO - [2024-02-13T00:34:36.221+0000] {dag.py:3036} INFO - Sync 1 DAGs
[2024-02-13T00:34:36.436+0000] {logging_mixin.py:188} INFO - [2024-02-13T00:34:36.436+0000] {dag.py:3823} INFO - Setting next_dagrun for latest_only to 2024-02-12 20:00:00+00:00, run_after=2024-02-13 00:00:00+00:00
[2024-02-13T00:34:36.584+0000] {processor.py:183} INFO - Processing /home/airflow/.local/lib/python3.8/site-packages/airflow/example_dags/example_latest_only.py took 0.511 seconds
[2024-02-13T00:35:06.639+0000] {processor.py:161} INFO - Started process (PID=187) to work on /home/airflow/.local/lib/python3.8/site-packages/airflow/example_dags/example_latest_only.py
[2024-02-13T00:35:06.640+0000] {processor.py:830} INFO - Processing file /home/airflow/.local/lib/python3.8/site-packages/airflow/example_dags/example_latest_only.py for tasks to queue
[2024-02-13T00:35:06.641+0000] {logging_mixin.py:188} INFO - [2024-02-13T00:35:06.641+0000] {dagbag.py:538} INFO - Filling up the DagBag from /home/airflow/.local/lib/python3.8/site-packages/airflow/example_dags/example_latest_only.py
[2024-02-13T00:35:06.645+0000] {processor.py:840} INFO - DAG(s) 'latest_only' retrieved from /home/airflow/.local/lib/python3.8/site-packages/airflow/example_dags/example_latest_only.py
[2024-02-13T00:35:06.663+0000] {logging_mixin.py:188} INFO - [2024-02-13T00:35:06.663+0000] {dag.py:3036} INFO - Sync 1 DAGs
[2024-02-13T00:35:06.681+0000] {logging_mixin.py:188} INFO - [2024-02-13T00:35:06.681+0000] {dag.py:3823} INFO - Setting next_dagrun for latest_only to 2024-02-12 20:00:00+00:00, run_after=2024-02-13 00:00:00+00:00
[2024-02-13T00:35:06.701+0000] {processor.py:183} INFO - Processing /home/airflow/.local/lib/python3.8/site-packages/airflow/example_dags/example_latest_only.py took 0.064 seconds
[2024-02-13T00:35:36.797+0000] {processor.py:161} INFO - Started process (PID=242) to work on /home/airflow/.local/lib/python3.8/site-packages/airflow/example_dags/example_latest_only.py
[2024-02-13T00:35:36.798+0000] {processor.py:830} INFO - Processing file /home/airflow/.local/lib/python3.8/site-packages/airflow/example_dags/example_latest_only.py for tasks to queue
[2024-02-13T00:35:36.800+0000] {logging_mixin.py:188} INFO - [2024-02-13T00:35:36.800+0000] {dagbag.py:538} INFO - Filling up the DagBag from /home/airflow/.local/lib/python3.8/site-packages/airflow/example_dags/example_latest_only.py
[2024-02-13T00:35:36.806+0000] {processor.py:840} INFO - DAG(s) 'latest_only' retrieved from /home/airflow/.local/lib/python3.8/site-packages/airflow/example_dags/example_latest_only.py
[2024-02-13T00:35:36.833+0000] {logging_mixin.py:188} INFO - [2024-02-13T00:35:36.833+0000] {dag.py:3036} INFO - Sync 1 DAGs
[2024-02-13T00:35:36.859+0000] {logging_mixin.py:188} INFO - [2024-02-13T00:35:36.858+0000] {dag.py:3823} INFO - Setting next_dagrun for latest_only to 2024-02-12 20:00:00+00:00, run_after=2024-02-13 00:00:00+00:00
[2024-02-13T00:35:36.881+0000] {processor.py:183} INFO - Processing /home/airflow/.local/lib/python3.8/site-packages/airflow/example_dags/example_latest_only.py took 0.088 seconds
[2024-02-13T00:36:07.938+0000] {processor.py:161} INFO - Started process (PID=297) to work on /home/airflow/.local/lib/python3.8/site-packages/airflow/example_dags/example_latest_only.py
[2024-02-13T00:36:07.939+0000] {processor.py:830} INFO - Processing file /home/airflow/.local/lib/python3.8/site-packages/airflow/example_dags/example_latest_only.py for tasks to queue
[2024-02-13T00:36:07.940+0000] {logging_mixin.py:188} INFO - [2024-02-13T00:36:07.940+0000] {dagbag.py:538} INFO - Filling up the DagBag from /home/airflow/.local/lib/python3.8/site-packages/airflow/example_dags/example_latest_only.py
[2024-02-13T00:36:07.944+0000] {processor.py:840} INFO - DAG(s) 'latest_only' retrieved from /home/airflow/.local/lib/python3.8/site-packages/airflow/example_dags/example_latest_only.py
[2024-02-13T00:36:07.962+0000] {logging_mixin.py:188} INFO - [2024-02-13T00:36:07.961+0000] {dag.py:3036} INFO - Sync 1 DAGs
[2024-02-13T00:36:07.980+0000] {logging_mixin.py:188} INFO - [2024-02-13T00:36:07.980+0000] {dag.py:3823} INFO - Setting next_dagrun for latest_only to 2024-02-12 20:00:00+00:00, run_after=2024-02-13 00:00:00+00:00
[2024-02-13T00:36:08.000+0000] {processor.py:183} INFO - Processing /home/airflow/.local/lib/python3.8/site-packages/airflow/example_dags/example_latest_only.py took 0.065 seconds
[2024-02-13T00:36:38.382+0000] {processor.py:161} INFO - Started process (PID=352) to work on /home/airflow/.local/lib/python3.8/site-packages/airflow/example_dags/example_latest_only.py
[2024-02-13T00:36:38.384+0000] {processor.py:830} INFO - Processing file /home/airflow/.local/lib/python3.8/site-packages/airflow/example_dags/example_latest_only.py for tasks to queue
[2024-02-13T00:36:38.386+0000] {logging_mixin.py:188} INFO - [2024-02-13T00:36:38.386+0000] {dagbag.py:538} INFO - Filling up the DagBag from /home/airflow/.local/lib/python3.8/site-packages/airflow/example_dags/example_latest_only.py
[2024-02-13T00:36:38.392+0000] {processor.py:840} INFO - DAG(s) 'latest_only' retrieved from /home/airflow/.local/lib/python3.8/site-packages/airflow/example_dags/example_latest_only.py
[2024-02-13T00:36:38.426+0000] {logging_mixin.py:188} INFO - [2024-02-13T00:36:38.425+0000] {dag.py:3036} INFO - Sync 1 DAGs
[2024-02-13T00:36:38.452+0000] {logging_mixin.py:188} INFO - [2024-02-13T00:36:38.452+0000] {dag.py:3823} INFO - Setting next_dagrun for latest_only to 2024-02-12 20:00:00+00:00, run_after=2024-02-13 00:00:00+00:00
[2024-02-13T00:36:38.473+0000] {processor.py:183} INFO - Processing /home/airflow/.local/lib/python3.8/site-packages/airflow/example_dags/example_latest_only.py took 0.095 seconds
[2024-02-13T00:37:09.048+0000] {processor.py:161} INFO - Started process (PID=406) to work on /home/airflow/.local/lib/python3.8/site-packages/airflow/example_dags/example_latest_only.py
[2024-02-13T00:37:09.049+0000] {processor.py:830} INFO - Processing file /home/airflow/.local/lib/python3.8/site-packages/airflow/example_dags/example_latest_only.py for tasks to queue
[2024-02-13T00:37:09.052+0000] {logging_mixin.py:188} INFO - [2024-02-13T00:37:09.051+0000] {dagbag.py:538} INFO - Filling up the DagBag from /home/airflow/.local/lib/python3.8/site-packages/airflow/example_dags/example_latest_only.py
[2024-02-13T00:37:09.064+0000] {processor.py:840} INFO - DAG(s) 'latest_only' retrieved from /home/airflow/.local/lib/python3.8/site-packages/airflow/example_dags/example_latest_only.py
[2024-02-13T00:37:09.101+0000] {logging_mixin.py:188} INFO - [2024-02-13T00:37:09.100+0000] {dag.py:3036} INFO - Sync 1 DAGs
[2024-02-13T00:37:09.125+0000] {logging_mixin.py:188} INFO - [2024-02-13T00:37:09.125+0000] {dag.py:3823} INFO - Setting next_dagrun for latest_only to 2024-02-12 20:00:00+00:00, run_after=2024-02-13 00:00:00+00:00
[2024-02-13T00:37:09.148+0000] {processor.py:183} INFO - Processing /home/airflow/.local/lib/python3.8/site-packages/airflow/example_dags/example_latest_only.py took 0.103 seconds
[2024-02-13T00:37:40.471+0000] {processor.py:161} INFO - Started process (PID=461) to work on /home/airflow/.local/lib/python3.8/site-packages/airflow/example_dags/example_latest_only.py
[2024-02-13T00:37:40.479+0000] {processor.py:830} INFO - Processing file /home/airflow/.local/lib/python3.8/site-packages/airflow/example_dags/example_latest_only.py for tasks to queue
[2024-02-13T00:37:40.481+0000] {logging_mixin.py:188} INFO - [2024-02-13T00:37:40.481+0000] {dagbag.py:538} INFO - Filling up the DagBag from /home/airflow/.local/lib/python3.8/site-packages/airflow/example_dags/example_latest_only.py
[2024-02-13T00:37:40.487+0000] {processor.py:840} INFO - DAG(s) 'latest_only' retrieved from /home/airflow/.local/lib/python3.8/site-packages/airflow/example_dags/example_latest_only.py
[2024-02-13T00:37:43.180+0000] {logging_mixin.py:188} INFO - [2024-02-13T00:37:43.179+0000] {process_utils.py:262} INFO - Waiting up to 5 seconds for processes to exit...
