[2024-02-13T00:34:05.234+0000] {processor.py:161} INFO - Started process (PID=77) to work on /home/airflow/.local/lib/python3.8/site-packages/airflow/example_dags/example_setup_teardown.py
[2024-02-13T00:34:05.235+0000] {processor.py:830} INFO - Processing file /home/airflow/.local/lib/python3.8/site-packages/airflow/example_dags/example_setup_teardown.py for tasks to queue
[2024-02-13T00:34:05.244+0000] {logging_mixin.py:188} INFO - [2024-02-13T00:34:05.237+0000] {dagbag.py:538} INFO - Filling up the DagBag from /home/airflow/.local/lib/python3.8/site-packages/airflow/example_dags/example_setup_teardown.py
[2024-02-13T00:34:05.274+0000] {processor.py:840} INFO - DAG(s) 'example_setup_teardown' retrieved from /home/airflow/.local/lib/python3.8/site-packages/airflow/example_dags/example_setup_teardown.py
[2024-02-13T00:34:05.403+0000] {logging_mixin.py:188} INFO - [2024-02-13T00:34:05.403+0000] {dag.py:3036} INFO - Sync 1 DAGs
[2024-02-13T00:34:05.471+0000] {logging_mixin.py:188} INFO - [2024-02-13T00:34:05.470+0000] {dag.py:3823} INFO - Setting next_dagrun for example_setup_teardown to 2024-02-12 00:00:00+00:00, run_after=2024-02-13 00:00:00+00:00
[2024-02-13T00:34:05.723+0000] {processor.py:183} INFO - Processing /home/airflow/.local/lib/python3.8/site-packages/airflow/example_dags/example_setup_teardown.py took 0.503 seconds
[2024-02-13T00:34:36.692+0000] {processor.py:161} INFO - Started process (PID=133) to work on /home/airflow/.local/lib/python3.8/site-packages/airflow/example_dags/example_setup_teardown.py
[2024-02-13T00:34:36.702+0000] {processor.py:830} INFO - Processing file /home/airflow/.local/lib/python3.8/site-packages/airflow/example_dags/example_setup_teardown.py for tasks to queue
[2024-02-13T00:34:36.705+0000] {logging_mixin.py:188} INFO - [2024-02-13T00:34:36.704+0000] {dagbag.py:538} INFO - Filling up the DagBag from /home/airflow/.local/lib/python3.8/site-packages/airflow/example_dags/example_setup_teardown.py
[2024-02-13T00:34:36.729+0000] {processor.py:840} INFO - DAG(s) 'example_setup_teardown' retrieved from /home/airflow/.local/lib/python3.8/site-packages/airflow/example_dags/example_setup_teardown.py
[2024-02-13T00:34:36.805+0000] {logging_mixin.py:188} INFO - [2024-02-13T00:34:36.804+0000] {dag.py:3036} INFO - Sync 1 DAGs
[2024-02-13T00:34:36.918+0000] {logging_mixin.py:188} INFO - [2024-02-13T00:34:36.918+0000] {dag.py:3823} INFO - Setting next_dagrun for example_setup_teardown to 2024-02-12 00:00:00+00:00, run_after=2024-02-13 00:00:00+00:00
[2024-02-13T00:34:36.992+0000] {processor.py:183} INFO - Processing /home/airflow/.local/lib/python3.8/site-packages/airflow/example_dags/example_setup_teardown.py took 0.315 seconds
[2024-02-13T00:35:07.661+0000] {processor.py:161} INFO - Started process (PID=189) to work on /home/airflow/.local/lib/python3.8/site-packages/airflow/example_dags/example_setup_teardown.py
[2024-02-13T00:35:07.662+0000] {processor.py:830} INFO - Processing file /home/airflow/.local/lib/python3.8/site-packages/airflow/example_dags/example_setup_teardown.py for tasks to queue
[2024-02-13T00:35:07.664+0000] {logging_mixin.py:188} INFO - [2024-02-13T00:35:07.664+0000] {dagbag.py:538} INFO - Filling up the DagBag from /home/airflow/.local/lib/python3.8/site-packages/airflow/example_dags/example_setup_teardown.py
[2024-02-13T00:35:07.672+0000] {processor.py:840} INFO - DAG(s) 'example_setup_teardown' retrieved from /home/airflow/.local/lib/python3.8/site-packages/airflow/example_dags/example_setup_teardown.py
[2024-02-13T00:35:07.696+0000] {logging_mixin.py:188} INFO - [2024-02-13T00:35:07.695+0000] {dag.py:3036} INFO - Sync 1 DAGs
[2024-02-13T00:35:07.728+0000] {logging_mixin.py:188} INFO - [2024-02-13T00:35:07.728+0000] {dag.py:3823} INFO - Setting next_dagrun for example_setup_teardown to 2024-02-12 00:00:00+00:00, run_after=2024-02-13 00:00:00+00:00
[2024-02-13T00:35:07.758+0000] {processor.py:183} INFO - Processing /home/airflow/.local/lib/python3.8/site-packages/airflow/example_dags/example_setup_teardown.py took 0.100 seconds
[2024-02-13T00:35:37.910+0000] {processor.py:161} INFO - Started process (PID=244) to work on /home/airflow/.local/lib/python3.8/site-packages/airflow/example_dags/example_setup_teardown.py
[2024-02-13T00:35:37.911+0000] {processor.py:830} INFO - Processing file /home/airflow/.local/lib/python3.8/site-packages/airflow/example_dags/example_setup_teardown.py for tasks to queue
[2024-02-13T00:35:37.914+0000] {logging_mixin.py:188} INFO - [2024-02-13T00:35:37.913+0000] {dagbag.py:538} INFO - Filling up the DagBag from /home/airflow/.local/lib/python3.8/site-packages/airflow/example_dags/example_setup_teardown.py
[2024-02-13T00:35:37.922+0000] {processor.py:840} INFO - DAG(s) 'example_setup_teardown' retrieved from /home/airflow/.local/lib/python3.8/site-packages/airflow/example_dags/example_setup_teardown.py
[2024-02-13T00:35:37.945+0000] {logging_mixin.py:188} INFO - [2024-02-13T00:35:37.945+0000] {dag.py:3036} INFO - Sync 1 DAGs
[2024-02-13T00:35:37.973+0000] {logging_mixin.py:188} INFO - [2024-02-13T00:35:37.973+0000] {dag.py:3823} INFO - Setting next_dagrun for example_setup_teardown to 2024-02-12 00:00:00+00:00, run_after=2024-02-13 00:00:00+00:00
[2024-02-13T00:35:38.002+0000] {processor.py:183} INFO - Processing /home/airflow/.local/lib/python3.8/site-packages/airflow/example_dags/example_setup_teardown.py took 0.100 seconds
[2024-02-13T00:36:08.960+0000] {processor.py:161} INFO - Started process (PID=299) to work on /home/airflow/.local/lib/python3.8/site-packages/airflow/example_dags/example_setup_teardown.py
[2024-02-13T00:36:08.962+0000] {processor.py:830} INFO - Processing file /home/airflow/.local/lib/python3.8/site-packages/airflow/example_dags/example_setup_teardown.py for tasks to queue
[2024-02-13T00:36:08.964+0000] {logging_mixin.py:188} INFO - [2024-02-13T00:36:08.963+0000] {dagbag.py:538} INFO - Filling up the DagBag from /home/airflow/.local/lib/python3.8/site-packages/airflow/example_dags/example_setup_teardown.py
[2024-02-13T00:36:08.973+0000] {processor.py:840} INFO - DAG(s) 'example_setup_teardown' retrieved from /home/airflow/.local/lib/python3.8/site-packages/airflow/example_dags/example_setup_teardown.py
[2024-02-13T00:36:08.996+0000] {logging_mixin.py:188} INFO - [2024-02-13T00:36:08.996+0000] {dag.py:3036} INFO - Sync 1 DAGs
[2024-02-13T00:36:09.034+0000] {logging_mixin.py:188} INFO - [2024-02-13T00:36:09.034+0000] {dag.py:3823} INFO - Setting next_dagrun for example_setup_teardown to 2024-02-12 00:00:00+00:00, run_after=2024-02-13 00:00:00+00:00
[2024-02-13T00:36:09.060+0000] {processor.py:183} INFO - Processing /home/airflow/.local/lib/python3.8/site-packages/airflow/example_dags/example_setup_teardown.py took 0.104 seconds
[2024-02-13T00:36:39.484+0000] {processor.py:161} INFO - Started process (PID=354) to work on /home/airflow/.local/lib/python3.8/site-packages/airflow/example_dags/example_setup_teardown.py
[2024-02-13T00:36:39.485+0000] {processor.py:830} INFO - Processing file /home/airflow/.local/lib/python3.8/site-packages/airflow/example_dags/example_setup_teardown.py for tasks to queue
[2024-02-13T00:36:39.487+0000] {logging_mixin.py:188} INFO - [2024-02-13T00:36:39.487+0000] {dagbag.py:538} INFO - Filling up the DagBag from /home/airflow/.local/lib/python3.8/site-packages/airflow/example_dags/example_setup_teardown.py
[2024-02-13T00:36:39.495+0000] {processor.py:840} INFO - DAG(s) 'example_setup_teardown' retrieved from /home/airflow/.local/lib/python3.8/site-packages/airflow/example_dags/example_setup_teardown.py
[2024-02-13T00:36:39.522+0000] {logging_mixin.py:188} INFO - [2024-02-13T00:36:39.522+0000] {dag.py:3036} INFO - Sync 1 DAGs
[2024-02-13T00:36:39.550+0000] {logging_mixin.py:188} INFO - [2024-02-13T00:36:39.549+0000] {dag.py:3823} INFO - Setting next_dagrun for example_setup_teardown to 2024-02-12 00:00:00+00:00, run_after=2024-02-13 00:00:00+00:00
[2024-02-13T00:36:39.577+0000] {processor.py:183} INFO - Processing /home/airflow/.local/lib/python3.8/site-packages/airflow/example_dags/example_setup_teardown.py took 0.096 seconds
[2024-02-13T00:37:10.175+0000] {processor.py:161} INFO - Started process (PID=408) to work on /home/airflow/.local/lib/python3.8/site-packages/airflow/example_dags/example_setup_teardown.py
[2024-02-13T00:37:10.178+0000] {processor.py:830} INFO - Processing file /home/airflow/.local/lib/python3.8/site-packages/airflow/example_dags/example_setup_teardown.py for tasks to queue
[2024-02-13T00:37:10.180+0000] {logging_mixin.py:188} INFO - [2024-02-13T00:37:10.180+0000] {dagbag.py:538} INFO - Filling up the DagBag from /home/airflow/.local/lib/python3.8/site-packages/airflow/example_dags/example_setup_teardown.py
[2024-02-13T00:37:10.188+0000] {processor.py:840} INFO - DAG(s) 'example_setup_teardown' retrieved from /home/airflow/.local/lib/python3.8/site-packages/airflow/example_dags/example_setup_teardown.py
[2024-02-13T00:37:10.212+0000] {logging_mixin.py:188} INFO - [2024-02-13T00:37:10.211+0000] {dag.py:3036} INFO - Sync 1 DAGs
[2024-02-13T00:37:10.239+0000] {logging_mixin.py:188} INFO - [2024-02-13T00:37:10.239+0000] {dag.py:3823} INFO - Setting next_dagrun for example_setup_teardown to 2024-02-12 00:00:00+00:00, run_after=2024-02-13 00:00:00+00:00
[2024-02-13T00:37:10.263+0000] {processor.py:183} INFO - Processing /home/airflow/.local/lib/python3.8/site-packages/airflow/example_dags/example_setup_teardown.py took 0.091 seconds
