[2024-02-13T00:33:56.671+0000] {processor.py:161} INFO - Started process (PID=52) to work on /home/airflow/.local/lib/python3.8/site-packages/airflow/example_dags/example_sla_dag.py
[2024-02-13T00:33:56.679+0000] {processor.py:830} INFO - Processing file /home/airflow/.local/lib/python3.8/site-packages/airflow/example_dags/example_sla_dag.py for tasks to queue
[2024-02-13T00:33:56.682+0000] {logging_mixin.py:188} INFO - [2024-02-13T00:33:56.681+0000] {dagbag.py:538} INFO - Filling up the DagBag from /home/airflow/.local/lib/python3.8/site-packages/airflow/example_dags/example_sla_dag.py
[2024-02-13T00:33:56.753+0000] {processor.py:840} INFO - DAG(s) 'example_sla_dag' retrieved from /home/airflow/.local/lib/python3.8/site-packages/airflow/example_dags/example_sla_dag.py
[2024-02-13T00:33:57.033+0000] {logging_mixin.py:188} INFO - [2024-02-13T00:33:57.032+0000] {dag.py:3036} INFO - Sync 1 DAGs
[2024-02-13T00:33:57.244+0000] {logging_mixin.py:188} INFO - [2024-02-13T00:33:57.243+0000] {dag.py:3823} INFO - Setting next_dagrun for example_sla_dag to 2024-02-13 00:30:00+00:00, run_after=2024-02-13 00:32:00+00:00
[2024-02-13T00:33:57.354+0000] {processor.py:183} INFO - Processing /home/airflow/.local/lib/python3.8/site-packages/airflow/example_dags/example_sla_dag.py took 0.695 seconds
[2024-02-13T00:34:28.150+0000] {processor.py:161} INFO - Started process (PID=108) to work on /home/airflow/.local/lib/python3.8/site-packages/airflow/example_dags/example_sla_dag.py
[2024-02-13T00:34:28.152+0000] {processor.py:830} INFO - Processing file /home/airflow/.local/lib/python3.8/site-packages/airflow/example_dags/example_sla_dag.py for tasks to queue
[2024-02-13T00:34:28.154+0000] {logging_mixin.py:188} INFO - [2024-02-13T00:34:28.154+0000] {dagbag.py:538} INFO - Filling up the DagBag from /home/airflow/.local/lib/python3.8/site-packages/airflow/example_dags/example_sla_dag.py
[2024-02-13T00:34:28.167+0000] {processor.py:840} INFO - DAG(s) 'example_sla_dag' retrieved from /home/airflow/.local/lib/python3.8/site-packages/airflow/example_dags/example_sla_dag.py
[2024-02-13T00:34:28.193+0000] {logging_mixin.py:188} INFO - [2024-02-13T00:34:28.193+0000] {dag.py:3036} INFO - Sync 1 DAGs
[2024-02-13T00:34:28.226+0000] {logging_mixin.py:188} INFO - [2024-02-13T00:34:28.226+0000] {dag.py:3823} INFO - Setting next_dagrun for example_sla_dag to 2024-02-13 00:32:00+00:00, run_after=2024-02-13 00:34:00+00:00
[2024-02-13T00:34:28.256+0000] {processor.py:183} INFO - Processing /home/airflow/.local/lib/python3.8/site-packages/airflow/example_dags/example_sla_dag.py took 0.109 seconds
[2024-02-13T00:34:58.715+0000] {processor.py:161} INFO - Started process (PID=164) to work on /home/airflow/.local/lib/python3.8/site-packages/airflow/example_dags/example_sla_dag.py
[2024-02-13T00:34:58.717+0000] {processor.py:830} INFO - Processing file /home/airflow/.local/lib/python3.8/site-packages/airflow/example_dags/example_sla_dag.py for tasks to queue
[2024-02-13T00:34:58.719+0000] {logging_mixin.py:188} INFO - [2024-02-13T00:34:58.719+0000] {dagbag.py:538} INFO - Filling up the DagBag from /home/airflow/.local/lib/python3.8/site-packages/airflow/example_dags/example_sla_dag.py
[2024-02-13T00:34:58.730+0000] {processor.py:840} INFO - DAG(s) 'example_sla_dag' retrieved from /home/airflow/.local/lib/python3.8/site-packages/airflow/example_dags/example_sla_dag.py
[2024-02-13T00:34:58.753+0000] {logging_mixin.py:188} INFO - [2024-02-13T00:34:58.752+0000] {dag.py:3036} INFO - Sync 1 DAGs
[2024-02-13T00:34:58.796+0000] {logging_mixin.py:188} INFO - [2024-02-13T00:34:58.795+0000] {dag.py:3823} INFO - Setting next_dagrun for example_sla_dag to 2024-02-13 00:32:00+00:00, run_after=2024-02-13 00:34:00+00:00
[2024-02-13T00:34:58.821+0000] {processor.py:183} INFO - Processing /home/airflow/.local/lib/python3.8/site-packages/airflow/example_dags/example_sla_dag.py took 0.110 seconds
[2024-02-13T00:35:29.217+0000] {processor.py:161} INFO - Started process (PID=219) to work on /home/airflow/.local/lib/python3.8/site-packages/airflow/example_dags/example_sla_dag.py
[2024-02-13T00:35:29.218+0000] {processor.py:830} INFO - Processing file /home/airflow/.local/lib/python3.8/site-packages/airflow/example_dags/example_sla_dag.py for tasks to queue
[2024-02-13T00:35:29.220+0000] {logging_mixin.py:188} INFO - [2024-02-13T00:35:29.219+0000] {dagbag.py:538} INFO - Filling up the DagBag from /home/airflow/.local/lib/python3.8/site-packages/airflow/example_dags/example_sla_dag.py
[2024-02-13T00:35:29.230+0000] {processor.py:840} INFO - DAG(s) 'example_sla_dag' retrieved from /home/airflow/.local/lib/python3.8/site-packages/airflow/example_dags/example_sla_dag.py
[2024-02-13T00:35:29.255+0000] {logging_mixin.py:188} INFO - [2024-02-13T00:35:29.255+0000] {dag.py:3036} INFO - Sync 1 DAGs
[2024-02-13T00:35:29.289+0000] {logging_mixin.py:188} INFO - [2024-02-13T00:35:29.289+0000] {dag.py:3823} INFO - Setting next_dagrun for example_sla_dag to 2024-02-13 00:32:00+00:00, run_after=2024-02-13 00:34:00+00:00
[2024-02-13T00:35:29.319+0000] {processor.py:183} INFO - Processing /home/airflow/.local/lib/python3.8/site-packages/airflow/example_dags/example_sla_dag.py took 0.105 seconds
[2024-02-13T00:36:00.237+0000] {processor.py:161} INFO - Started process (PID=274) to work on /home/airflow/.local/lib/python3.8/site-packages/airflow/example_dags/example_sla_dag.py
[2024-02-13T00:36:00.237+0000] {processor.py:830} INFO - Processing file /home/airflow/.local/lib/python3.8/site-packages/airflow/example_dags/example_sla_dag.py for tasks to queue
[2024-02-13T00:36:00.239+0000] {logging_mixin.py:188} INFO - [2024-02-13T00:36:00.239+0000] {dagbag.py:538} INFO - Filling up the DagBag from /home/airflow/.local/lib/python3.8/site-packages/airflow/example_dags/example_sla_dag.py
[2024-02-13T00:36:00.248+0000] {processor.py:840} INFO - DAG(s) 'example_sla_dag' retrieved from /home/airflow/.local/lib/python3.8/site-packages/airflow/example_dags/example_sla_dag.py
[2024-02-13T00:36:00.270+0000] {logging_mixin.py:188} INFO - [2024-02-13T00:36:00.270+0000] {dag.py:3036} INFO - Sync 1 DAGs
[2024-02-13T00:36:00.306+0000] {logging_mixin.py:188} INFO - [2024-02-13T00:36:00.306+0000] {dag.py:3823} INFO - Setting next_dagrun for example_sla_dag to 2024-02-13 00:34:00+00:00, run_after=2024-02-13 00:36:00+00:00
[2024-02-13T00:36:00.331+0000] {processor.py:183} INFO - Processing /home/airflow/.local/lib/python3.8/site-packages/airflow/example_dags/example_sla_dag.py took 0.097 seconds
[2024-02-13T00:36:30.668+0000] {processor.py:161} INFO - Started process (PID=329) to work on /home/airflow/.local/lib/python3.8/site-packages/airflow/example_dags/example_sla_dag.py
[2024-02-13T00:36:30.669+0000] {processor.py:830} INFO - Processing file /home/airflow/.local/lib/python3.8/site-packages/airflow/example_dags/example_sla_dag.py for tasks to queue
[2024-02-13T00:36:30.671+0000] {logging_mixin.py:188} INFO - [2024-02-13T00:36:30.671+0000] {dagbag.py:538} INFO - Filling up the DagBag from /home/airflow/.local/lib/python3.8/site-packages/airflow/example_dags/example_sla_dag.py
[2024-02-13T00:36:30.680+0000] {processor.py:840} INFO - DAG(s) 'example_sla_dag' retrieved from /home/airflow/.local/lib/python3.8/site-packages/airflow/example_dags/example_sla_dag.py
[2024-02-13T00:36:30.704+0000] {logging_mixin.py:188} INFO - [2024-02-13T00:36:30.704+0000] {dag.py:3036} INFO - Sync 1 DAGs
[2024-02-13T00:36:30.736+0000] {logging_mixin.py:188} INFO - [2024-02-13T00:36:30.736+0000] {dag.py:3823} INFO - Setting next_dagrun for example_sla_dag to 2024-02-13 00:34:00+00:00, run_after=2024-02-13 00:36:00+00:00
[2024-02-13T00:36:30.760+0000] {processor.py:183} INFO - Processing /home/airflow/.local/lib/python3.8/site-packages/airflow/example_dags/example_sla_dag.py took 0.095 seconds
[2024-02-13T00:37:01.414+0000] {processor.py:161} INFO - Started process (PID=383) to work on /home/airflow/.local/lib/python3.8/site-packages/airflow/example_dags/example_sla_dag.py
[2024-02-13T00:37:01.415+0000] {processor.py:830} INFO - Processing file /home/airflow/.local/lib/python3.8/site-packages/airflow/example_dags/example_sla_dag.py for tasks to queue
[2024-02-13T00:37:01.417+0000] {logging_mixin.py:188} INFO - [2024-02-13T00:37:01.417+0000] {dagbag.py:538} INFO - Filling up the DagBag from /home/airflow/.local/lib/python3.8/site-packages/airflow/example_dags/example_sla_dag.py
[2024-02-13T00:37:01.428+0000] {processor.py:840} INFO - DAG(s) 'example_sla_dag' retrieved from /home/airflow/.local/lib/python3.8/site-packages/airflow/example_dags/example_sla_dag.py
[2024-02-13T00:37:01.451+0000] {logging_mixin.py:188} INFO - [2024-02-13T00:37:01.451+0000] {dag.py:3036} INFO - Sync 1 DAGs
[2024-02-13T00:37:01.486+0000] {logging_mixin.py:188} INFO - [2024-02-13T00:37:01.485+0000] {dag.py:3823} INFO - Setting next_dagrun for example_sla_dag to 2024-02-13 00:34:00+00:00, run_after=2024-02-13 00:36:00+00:00
[2024-02-13T00:37:01.511+0000] {processor.py:183} INFO - Processing /home/airflow/.local/lib/python3.8/site-packages/airflow/example_dags/example_sla_dag.py took 0.101 seconds
[2024-02-13T00:37:32.146+0000] {processor.py:161} INFO - Started process (PID=438) to work on /home/airflow/.local/lib/python3.8/site-packages/airflow/example_dags/example_sla_dag.py
[2024-02-13T00:37:32.147+0000] {processor.py:830} INFO - Processing file /home/airflow/.local/lib/python3.8/site-packages/airflow/example_dags/example_sla_dag.py for tasks to queue
[2024-02-13T00:37:32.148+0000] {logging_mixin.py:188} INFO - [2024-02-13T00:37:32.148+0000] {dagbag.py:538} INFO - Filling up the DagBag from /home/airflow/.local/lib/python3.8/site-packages/airflow/example_dags/example_sla_dag.py
[2024-02-13T00:37:32.158+0000] {processor.py:840} INFO - DAG(s) 'example_sla_dag' retrieved from /home/airflow/.local/lib/python3.8/site-packages/airflow/example_dags/example_sla_dag.py
[2024-02-13T00:37:32.180+0000] {logging_mixin.py:188} INFO - [2024-02-13T00:37:32.179+0000] {dag.py:3036} INFO - Sync 1 DAGs
[2024-02-13T00:37:32.248+0000] {logging_mixin.py:188} INFO - [2024-02-13T00:37:32.248+0000] {dag.py:3823} INFO - Setting next_dagrun for example_sla_dag to 2024-02-13 00:34:00+00:00, run_after=2024-02-13 00:36:00+00:00
[2024-02-13T00:37:32.305+0000] {processor.py:183} INFO - Processing /home/airflow/.local/lib/python3.8/site-packages/airflow/example_dags/example_sla_dag.py took 0.162 seconds
