[2024-02-13T00:33:50.842+0000] {processor.py:161} INFO - Started process (PID=29) to work on /home/airflow/.local/lib/python3.8/site-packages/airflow/example_dags/example_python_decorator.py
[2024-02-13T00:33:50.851+0000] {processor.py:830} INFO - Processing file /home/airflow/.local/lib/python3.8/site-packages/airflow/example_dags/example_python_decorator.py for tasks to queue
[2024-02-13T00:33:50.855+0000] {logging_mixin.py:188} INFO - [2024-02-13T00:33:50.855+0000] {dagbag.py:538} INFO - Filling up the DagBag from /home/airflow/.local/lib/python3.8/site-packages/airflow/example_dags/example_python_decorator.py
[2024-02-13T00:33:50.947+0000] {processor.py:840} INFO - DAG(s) 'example_python_decorator' retrieved from /home/airflow/.local/lib/python3.8/site-packages/airflow/example_dags/example_python_decorator.py
[2024-02-13T00:33:51.546+0000] {logging_mixin.py:188} INFO - [2024-02-13T00:33:51.545+0000] {dag.py:3036} INFO - Sync 1 DAGs
[2024-02-13T00:33:51.562+0000] {logging_mixin.py:188} INFO - [2024-02-13T00:33:51.561+0000] {dag.py:3823} INFO - Setting next_dagrun for example_python_decorator to None, run_after=None
[2024-02-13T00:33:51.613+0000] {processor.py:183} INFO - Processing /home/airflow/.local/lib/python3.8/site-packages/airflow/example_dags/example_python_decorator.py took 0.781 seconds
[2024-02-13T00:34:21.998+0000] {processor.py:161} INFO - Started process (PID=91) to work on /home/airflow/.local/lib/python3.8/site-packages/airflow/example_dags/example_python_decorator.py
[2024-02-13T00:34:21.999+0000] {processor.py:830} INFO - Processing file /home/airflow/.local/lib/python3.8/site-packages/airflow/example_dags/example_python_decorator.py for tasks to queue
[2024-02-13T00:34:22.001+0000] {logging_mixin.py:188} INFO - [2024-02-13T00:34:22.001+0000] {dagbag.py:538} INFO - Filling up the DagBag from /home/airflow/.local/lib/python3.8/site-packages/airflow/example_dags/example_python_decorator.py
[2024-02-13T00:34:22.024+0000] {processor.py:840} INFO - DAG(s) 'example_python_decorator' retrieved from /home/airflow/.local/lib/python3.8/site-packages/airflow/example_dags/example_python_decorator.py
[2024-02-13T00:34:22.070+0000] {logging_mixin.py:188} INFO - [2024-02-13T00:34:22.070+0000] {dag.py:3036} INFO - Sync 1 DAGs
[2024-02-13T00:34:22.118+0000] {logging_mixin.py:188} INFO - [2024-02-13T00:34:22.117+0000] {dag.py:3823} INFO - Setting next_dagrun for example_python_decorator to None, run_after=None
[2024-02-13T00:34:22.163+0000] {processor.py:183} INFO - Processing /home/airflow/.local/lib/python3.8/site-packages/airflow/example_dags/example_python_decorator.py took 0.169 seconds
[2024-02-13T00:34:52.866+0000] {processor.py:161} INFO - Started process (PID=147) to work on /home/airflow/.local/lib/python3.8/site-packages/airflow/example_dags/example_python_decorator.py
[2024-02-13T00:34:52.867+0000] {processor.py:830} INFO - Processing file /home/airflow/.local/lib/python3.8/site-packages/airflow/example_dags/example_python_decorator.py for tasks to queue
[2024-02-13T00:34:52.868+0000] {logging_mixin.py:188} INFO - [2024-02-13T00:34:52.868+0000] {dagbag.py:538} INFO - Filling up the DagBag from /home/airflow/.local/lib/python3.8/site-packages/airflow/example_dags/example_python_decorator.py
[2024-02-13T00:34:52.883+0000] {processor.py:840} INFO - DAG(s) 'example_python_decorator' retrieved from /home/airflow/.local/lib/python3.8/site-packages/airflow/example_dags/example_python_decorator.py
[2024-02-13T00:34:52.923+0000] {logging_mixin.py:188} INFO - [2024-02-13T00:34:52.923+0000] {dag.py:3036} INFO - Sync 1 DAGs
[2024-02-13T00:34:52.938+0000] {logging_mixin.py:188} INFO - [2024-02-13T00:34:52.938+0000] {dag.py:3823} INFO - Setting next_dagrun for example_python_decorator to None, run_after=None
[2024-02-13T00:34:52.964+0000] {processor.py:183} INFO - Processing /home/airflow/.local/lib/python3.8/site-packages/airflow/example_dags/example_python_decorator.py took 0.102 seconds
[2024-02-13T00:35:23.022+0000] {processor.py:161} INFO - Started process (PID=202) to work on /home/airflow/.local/lib/python3.8/site-packages/airflow/example_dags/example_python_decorator.py
[2024-02-13T00:35:23.023+0000] {processor.py:830} INFO - Processing file /home/airflow/.local/lib/python3.8/site-packages/airflow/example_dags/example_python_decorator.py for tasks to queue
[2024-02-13T00:35:23.025+0000] {logging_mixin.py:188} INFO - [2024-02-13T00:35:23.024+0000] {dagbag.py:538} INFO - Filling up the DagBag from /home/airflow/.local/lib/python3.8/site-packages/airflow/example_dags/example_python_decorator.py
[2024-02-13T00:35:23.040+0000] {processor.py:840} INFO - DAG(s) 'example_python_decorator' retrieved from /home/airflow/.local/lib/python3.8/site-packages/airflow/example_dags/example_python_decorator.py
[2024-02-13T00:35:23.072+0000] {logging_mixin.py:188} INFO - [2024-02-13T00:35:23.072+0000] {dag.py:3036} INFO - Sync 1 DAGs
[2024-02-13T00:35:23.087+0000] {logging_mixin.py:188} INFO - [2024-02-13T00:35:23.087+0000] {dag.py:3823} INFO - Setting next_dagrun for example_python_decorator to None, run_after=None
[2024-02-13T00:35:23.113+0000] {processor.py:183} INFO - Processing /home/airflow/.local/lib/python3.8/site-packages/airflow/example_dags/example_python_decorator.py took 0.095 seconds
[2024-02-13T00:35:53.283+0000] {processor.py:161} INFO - Started process (PID=257) to work on /home/airflow/.local/lib/python3.8/site-packages/airflow/example_dags/example_python_decorator.py
[2024-02-13T00:35:53.284+0000] {processor.py:830} INFO - Processing file /home/airflow/.local/lib/python3.8/site-packages/airflow/example_dags/example_python_decorator.py for tasks to queue
[2024-02-13T00:35:53.286+0000] {logging_mixin.py:188} INFO - [2024-02-13T00:35:53.285+0000] {dagbag.py:538} INFO - Filling up the DagBag from /home/airflow/.local/lib/python3.8/site-packages/airflow/example_dags/example_python_decorator.py
[2024-02-13T00:35:53.301+0000] {processor.py:840} INFO - DAG(s) 'example_python_decorator' retrieved from /home/airflow/.local/lib/python3.8/site-packages/airflow/example_dags/example_python_decorator.py
[2024-02-13T00:35:53.329+0000] {logging_mixin.py:188} INFO - [2024-02-13T00:35:53.328+0000] {dag.py:3036} INFO - Sync 1 DAGs
[2024-02-13T00:35:53.344+0000] {logging_mixin.py:188} INFO - [2024-02-13T00:35:53.344+0000] {dag.py:3823} INFO - Setting next_dagrun for example_python_decorator to None, run_after=None
[2024-02-13T00:35:53.371+0000] {processor.py:183} INFO - Processing /home/airflow/.local/lib/python3.8/site-packages/airflow/example_dags/example_python_decorator.py took 0.091 seconds
[2024-02-13T00:36:23.737+0000] {processor.py:161} INFO - Started process (PID=312) to work on /home/airflow/.local/lib/python3.8/site-packages/airflow/example_dags/example_python_decorator.py
[2024-02-13T00:36:23.737+0000] {processor.py:830} INFO - Processing file /home/airflow/.local/lib/python3.8/site-packages/airflow/example_dags/example_python_decorator.py for tasks to queue
[2024-02-13T00:36:23.739+0000] {logging_mixin.py:188} INFO - [2024-02-13T00:36:23.739+0000] {dagbag.py:538} INFO - Filling up the DagBag from /home/airflow/.local/lib/python3.8/site-packages/airflow/example_dags/example_python_decorator.py
[2024-02-13T00:36:23.754+0000] {processor.py:840} INFO - DAG(s) 'example_python_decorator' retrieved from /home/airflow/.local/lib/python3.8/site-packages/airflow/example_dags/example_python_decorator.py
[2024-02-13T00:36:23.783+0000] {logging_mixin.py:188} INFO - [2024-02-13T00:36:23.782+0000] {dag.py:3036} INFO - Sync 1 DAGs
[2024-02-13T00:36:23.802+0000] {logging_mixin.py:188} INFO - [2024-02-13T00:36:23.802+0000] {dag.py:3823} INFO - Setting next_dagrun for example_python_decorator to None, run_after=None
[2024-02-13T00:36:23.828+0000] {processor.py:183} INFO - Processing /home/airflow/.local/lib/python3.8/site-packages/airflow/example_dags/example_python_decorator.py took 0.095 seconds
[2024-02-13T00:36:54.244+0000] {processor.py:161} INFO - Started process (PID=366) to work on /home/airflow/.local/lib/python3.8/site-packages/airflow/example_dags/example_python_decorator.py
[2024-02-13T00:36:54.245+0000] {processor.py:830} INFO - Processing file /home/airflow/.local/lib/python3.8/site-packages/airflow/example_dags/example_python_decorator.py for tasks to queue
[2024-02-13T00:36:54.256+0000] {logging_mixin.py:188} INFO - [2024-02-13T00:36:54.256+0000] {dagbag.py:538} INFO - Filling up the DagBag from /home/airflow/.local/lib/python3.8/site-packages/airflow/example_dags/example_python_decorator.py
[2024-02-13T00:36:54.311+0000] {processor.py:840} INFO - DAG(s) 'example_python_decorator' retrieved from /home/airflow/.local/lib/python3.8/site-packages/airflow/example_dags/example_python_decorator.py
[2024-02-13T00:36:54.390+0000] {logging_mixin.py:188} INFO - [2024-02-13T00:36:54.390+0000] {dag.py:3036} INFO - Sync 1 DAGs
[2024-02-13T00:36:54.430+0000] {logging_mixin.py:188} INFO - [2024-02-13T00:36:54.430+0000] {dag.py:3823} INFO - Setting next_dagrun for example_python_decorator to None, run_after=None
[2024-02-13T00:36:54.541+0000] {processor.py:183} INFO - Processing /home/airflow/.local/lib/python3.8/site-packages/airflow/example_dags/example_python_decorator.py took 0.305 seconds
[2024-02-13T00:37:24.880+0000] {processor.py:161} INFO - Started process (PID=421) to work on /home/airflow/.local/lib/python3.8/site-packages/airflow/example_dags/example_python_decorator.py
[2024-02-13T00:37:24.881+0000] {processor.py:830} INFO - Processing file /home/airflow/.local/lib/python3.8/site-packages/airflow/example_dags/example_python_decorator.py for tasks to queue
[2024-02-13T00:37:24.883+0000] {logging_mixin.py:188} INFO - [2024-02-13T00:37:24.883+0000] {dagbag.py:538} INFO - Filling up the DagBag from /home/airflow/.local/lib/python3.8/site-packages/airflow/example_dags/example_python_decorator.py
[2024-02-13T00:37:24.899+0000] {processor.py:840} INFO - DAG(s) 'example_python_decorator' retrieved from /home/airflow/.local/lib/python3.8/site-packages/airflow/example_dags/example_python_decorator.py
[2024-02-13T00:37:24.925+0000] {logging_mixin.py:188} INFO - [2024-02-13T00:37:24.925+0000] {dag.py:3036} INFO - Sync 1 DAGs
[2024-02-13T00:37:24.940+0000] {logging_mixin.py:188} INFO - [2024-02-13T00:37:24.940+0000] {dag.py:3823} INFO - Setting next_dagrun for example_python_decorator to None, run_after=None
[2024-02-13T00:37:24.964+0000] {processor.py:183} INFO - Processing /home/airflow/.local/lib/python3.8/site-packages/airflow/example_dags/example_python_decorator.py took 0.087 seconds
