[2024-02-13T00:33:51.785+0000] {processor.py:161} INFO - Started process (PID=38) to work on /home/airflow/.local/lib/python3.8/site-packages/airflow/example_dags/example_local_kubernetes_executor.py
[2024-02-13T00:33:51.795+0000] {processor.py:830} INFO - Processing file /home/airflow/.local/lib/python3.8/site-packages/airflow/example_dags/example_local_kubernetes_executor.py for tasks to queue
[2024-02-13T00:33:51.801+0000] {logging_mixin.py:188} INFO - [2024-02-13T00:33:51.800+0000] {dagbag.py:538} INFO - Filling up the DagBag from /home/airflow/.local/lib/python3.8/site-packages/airflow/example_dags/example_local_kubernetes_executor.py
[2024-02-13T00:33:51.824+0000] {processor.py:840} INFO - DAG(s) 'example_local_kubernetes_executor' retrieved from /home/airflow/.local/lib/python3.8/site-packages/airflow/example_dags/example_local_kubernetes_executor.py
[2024-02-13T00:33:51.963+0000] {logging_mixin.py:188} INFO - [2024-02-13T00:33:51.962+0000] {dag.py:3036} INFO - Sync 1 DAGs
[2024-02-13T00:33:51.992+0000] {logging_mixin.py:188} INFO - [2024-02-13T00:33:51.991+0000] {dag.py:3823} INFO - Setting next_dagrun for example_local_kubernetes_executor to None, run_after=None
[2024-02-13T00:33:52.040+0000] {processor.py:183} INFO - Processing /home/airflow/.local/lib/python3.8/site-packages/airflow/example_dags/example_local_kubernetes_executor.py took 0.264 seconds
[2024-02-13T00:34:22.294+0000] {processor.py:161} INFO - Started process (PID=94) to work on /home/airflow/.local/lib/python3.8/site-packages/airflow/example_dags/example_local_kubernetes_executor.py
[2024-02-13T00:34:22.296+0000] {processor.py:830} INFO - Processing file /home/airflow/.local/lib/python3.8/site-packages/airflow/example_dags/example_local_kubernetes_executor.py for tasks to queue
[2024-02-13T00:34:22.298+0000] {logging_mixin.py:188} INFO - [2024-02-13T00:34:22.298+0000] {dagbag.py:538} INFO - Filling up the DagBag from /home/airflow/.local/lib/python3.8/site-packages/airflow/example_dags/example_local_kubernetes_executor.py
[2024-02-13T00:34:22.309+0000] {processor.py:840} INFO - DAG(s) 'example_local_kubernetes_executor' retrieved from /home/airflow/.local/lib/python3.8/site-packages/airflow/example_dags/example_local_kubernetes_executor.py
[2024-02-13T00:34:22.354+0000] {logging_mixin.py:188} INFO - [2024-02-13T00:34:22.354+0000] {dag.py:3036} INFO - Sync 1 DAGs
[2024-02-13T00:34:22.371+0000] {logging_mixin.py:188} INFO - [2024-02-13T00:34:22.371+0000] {dag.py:3823} INFO - Setting next_dagrun for example_local_kubernetes_executor to None, run_after=None
[2024-02-13T00:34:22.401+0000] {processor.py:183} INFO - Processing /home/airflow/.local/lib/python3.8/site-packages/airflow/example_dags/example_local_kubernetes_executor.py took 0.110 seconds
[2024-02-13T00:34:53.033+0000] {processor.py:161} INFO - Started process (PID=150) to work on /home/airflow/.local/lib/python3.8/site-packages/airflow/example_dags/example_local_kubernetes_executor.py
[2024-02-13T00:34:53.035+0000] {processor.py:830} INFO - Processing file /home/airflow/.local/lib/python3.8/site-packages/airflow/example_dags/example_local_kubernetes_executor.py for tasks to queue
[2024-02-13T00:34:53.036+0000] {logging_mixin.py:188} INFO - [2024-02-13T00:34:53.036+0000] {dagbag.py:538} INFO - Filling up the DagBag from /home/airflow/.local/lib/python3.8/site-packages/airflow/example_dags/example_local_kubernetes_executor.py
[2024-02-13T00:34:53.045+0000] {processor.py:840} INFO - DAG(s) 'example_local_kubernetes_executor' retrieved from /home/airflow/.local/lib/python3.8/site-packages/airflow/example_dags/example_local_kubernetes_executor.py
[2024-02-13T00:34:53.084+0000] {logging_mixin.py:188} INFO - [2024-02-13T00:34:53.083+0000] {dag.py:3036} INFO - Sync 1 DAGs
[2024-02-13T00:34:53.097+0000] {logging_mixin.py:188} INFO - [2024-02-13T00:34:53.097+0000] {dag.py:3823} INFO - Setting next_dagrun for example_local_kubernetes_executor to None, run_after=None
[2024-02-13T00:34:53.123+0000] {processor.py:183} INFO - Processing /home/airflow/.local/lib/python3.8/site-packages/airflow/example_dags/example_local_kubernetes_executor.py took 0.097 seconds
[2024-02-13T00:35:23.169+0000] {processor.py:161} INFO - Started process (PID=205) to work on /home/airflow/.local/lib/python3.8/site-packages/airflow/example_dags/example_local_kubernetes_executor.py
[2024-02-13T00:35:23.170+0000] {processor.py:830} INFO - Processing file /home/airflow/.local/lib/python3.8/site-packages/airflow/example_dags/example_local_kubernetes_executor.py for tasks to queue
[2024-02-13T00:35:23.172+0000] {logging_mixin.py:188} INFO - [2024-02-13T00:35:23.172+0000] {dagbag.py:538} INFO - Filling up the DagBag from /home/airflow/.local/lib/python3.8/site-packages/airflow/example_dags/example_local_kubernetes_executor.py
[2024-02-13T00:35:23.182+0000] {processor.py:840} INFO - DAG(s) 'example_local_kubernetes_executor' retrieved from /home/airflow/.local/lib/python3.8/site-packages/airflow/example_dags/example_local_kubernetes_executor.py
[2024-02-13T00:35:23.222+0000] {logging_mixin.py:188} INFO - [2024-02-13T00:35:23.222+0000] {dag.py:3036} INFO - Sync 1 DAGs
[2024-02-13T00:35:23.239+0000] {logging_mixin.py:188} INFO - [2024-02-13T00:35:23.238+0000] {dag.py:3823} INFO - Setting next_dagrun for example_local_kubernetes_executor to None, run_after=None
[2024-02-13T00:35:23.262+0000] {processor.py:183} INFO - Processing /home/airflow/.local/lib/python3.8/site-packages/airflow/example_dags/example_local_kubernetes_executor.py took 0.097 seconds
[2024-02-13T00:35:53.451+0000] {processor.py:161} INFO - Started process (PID=260) to work on /home/airflow/.local/lib/python3.8/site-packages/airflow/example_dags/example_local_kubernetes_executor.py
[2024-02-13T00:35:53.452+0000] {processor.py:830} INFO - Processing file /home/airflow/.local/lib/python3.8/site-packages/airflow/example_dags/example_local_kubernetes_executor.py for tasks to queue
[2024-02-13T00:35:53.455+0000] {logging_mixin.py:188} INFO - [2024-02-13T00:35:53.454+0000] {dagbag.py:538} INFO - Filling up the DagBag from /home/airflow/.local/lib/python3.8/site-packages/airflow/example_dags/example_local_kubernetes_executor.py
[2024-02-13T00:35:53.464+0000] {processor.py:840} INFO - DAG(s) 'example_local_kubernetes_executor' retrieved from /home/airflow/.local/lib/python3.8/site-packages/airflow/example_dags/example_local_kubernetes_executor.py
[2024-02-13T00:35:53.503+0000] {logging_mixin.py:188} INFO - [2024-02-13T00:35:53.502+0000] {dag.py:3036} INFO - Sync 1 DAGs
[2024-02-13T00:35:53.518+0000] {logging_mixin.py:188} INFO - [2024-02-13T00:35:53.517+0000] {dag.py:3823} INFO - Setting next_dagrun for example_local_kubernetes_executor to None, run_after=None
[2024-02-13T00:35:53.554+0000] {processor.py:183} INFO - Processing /home/airflow/.local/lib/python3.8/site-packages/airflow/example_dags/example_local_kubernetes_executor.py took 0.108 seconds
[2024-02-13T00:36:23.883+0000] {processor.py:161} INFO - Started process (PID=315) to work on /home/airflow/.local/lib/python3.8/site-packages/airflow/example_dags/example_local_kubernetes_executor.py
[2024-02-13T00:36:23.884+0000] {processor.py:830} INFO - Processing file /home/airflow/.local/lib/python3.8/site-packages/airflow/example_dags/example_local_kubernetes_executor.py for tasks to queue
[2024-02-13T00:36:23.886+0000] {logging_mixin.py:188} INFO - [2024-02-13T00:36:23.886+0000] {dagbag.py:538} INFO - Filling up the DagBag from /home/airflow/.local/lib/python3.8/site-packages/airflow/example_dags/example_local_kubernetes_executor.py
[2024-02-13T00:36:23.895+0000] {processor.py:840} INFO - DAG(s) 'example_local_kubernetes_executor' retrieved from /home/airflow/.local/lib/python3.8/site-packages/airflow/example_dags/example_local_kubernetes_executor.py
[2024-02-13T00:36:23.934+0000] {logging_mixin.py:188} INFO - [2024-02-13T00:36:23.934+0000] {dag.py:3036} INFO - Sync 1 DAGs
[2024-02-13T00:36:23.950+0000] {logging_mixin.py:188} INFO - [2024-02-13T00:36:23.950+0000] {dag.py:3823} INFO - Setting next_dagrun for example_local_kubernetes_executor to None, run_after=None
[2024-02-13T00:36:23.974+0000] {processor.py:183} INFO - Processing /home/airflow/.local/lib/python3.8/site-packages/airflow/example_dags/example_local_kubernetes_executor.py took 0.095 seconds
[2024-02-13T00:36:54.748+0000] {processor.py:161} INFO - Started process (PID=369) to work on /home/airflow/.local/lib/python3.8/site-packages/airflow/example_dags/example_local_kubernetes_executor.py
[2024-02-13T00:36:54.756+0000] {processor.py:830} INFO - Processing file /home/airflow/.local/lib/python3.8/site-packages/airflow/example_dags/example_local_kubernetes_executor.py for tasks to queue
[2024-02-13T00:36:54.761+0000] {logging_mixin.py:188} INFO - [2024-02-13T00:36:54.761+0000] {dagbag.py:538} INFO - Filling up the DagBag from /home/airflow/.local/lib/python3.8/site-packages/airflow/example_dags/example_local_kubernetes_executor.py
[2024-02-13T00:36:54.806+0000] {processor.py:840} INFO - DAG(s) 'example_local_kubernetes_executor' retrieved from /home/airflow/.local/lib/python3.8/site-packages/airflow/example_dags/example_local_kubernetes_executor.py
[2024-02-13T00:36:54.960+0000] {logging_mixin.py:188} INFO - [2024-02-13T00:36:54.960+0000] {dag.py:3036} INFO - Sync 1 DAGs
[2024-02-13T00:36:55.039+0000] {logging_mixin.py:188} INFO - [2024-02-13T00:36:55.038+0000] {dag.py:3823} INFO - Setting next_dagrun for example_local_kubernetes_executor to None, run_after=None
[2024-02-13T00:36:55.181+0000] {processor.py:183} INFO - Processing /home/airflow/.local/lib/python3.8/site-packages/airflow/example_dags/example_local_kubernetes_executor.py took 0.450 seconds
[2024-02-13T00:37:26.040+0000] {processor.py:161} INFO - Started process (PID=424) to work on /home/airflow/.local/lib/python3.8/site-packages/airflow/example_dags/example_local_kubernetes_executor.py
[2024-02-13T00:37:26.041+0000] {processor.py:830} INFO - Processing file /home/airflow/.local/lib/python3.8/site-packages/airflow/example_dags/example_local_kubernetes_executor.py for tasks to queue
[2024-02-13T00:37:26.048+0000] {logging_mixin.py:188} INFO - [2024-02-13T00:37:26.048+0000] {dagbag.py:538} INFO - Filling up the DagBag from /home/airflow/.local/lib/python3.8/site-packages/airflow/example_dags/example_local_kubernetes_executor.py
[2024-02-13T00:37:26.073+0000] {processor.py:840} INFO - DAG(s) 'example_local_kubernetes_executor' retrieved from /home/airflow/.local/lib/python3.8/site-packages/airflow/example_dags/example_local_kubernetes_executor.py
[2024-02-13T00:37:26.161+0000] {logging_mixin.py:188} INFO - [2024-02-13T00:37:26.161+0000] {dag.py:3036} INFO - Sync 1 DAGs
[2024-02-13T00:37:26.197+0000] {logging_mixin.py:188} INFO - [2024-02-13T00:37:26.196+0000] {dag.py:3823} INFO - Setting next_dagrun for example_local_kubernetes_executor to None, run_after=None
[2024-02-13T00:37:26.275+0000] {processor.py:183} INFO - Processing /home/airflow/.local/lib/python3.8/site-packages/airflow/example_dags/example_local_kubernetes_executor.py took 0.247 seconds
