[2024-02-13T00:34:01.022+0000] {processor.py:161} INFO - Started process (PID=61) to work on /home/airflow/.local/lib/python3.8/site-packages/airflow/example_dags/example_xcomargs.py
[2024-02-13T00:34:01.053+0000] {processor.py:830} INFO - Processing file /home/airflow/.local/lib/python3.8/site-packages/airflow/example_dags/example_xcomargs.py for tasks to queue
[2024-02-13T00:34:01.061+0000] {logging_mixin.py:188} INFO - [2024-02-13T00:34:01.060+0000] {dagbag.py:538} INFO - Filling up the DagBag from /home/airflow/.local/lib/python3.8/site-packages/airflow/example_dags/example_xcomargs.py
[2024-02-13T00:34:01.116+0000] {processor.py:840} INFO - DAG(s) 'example_xcom_args_with_operators', 'example_xcom_args' retrieved from /home/airflow/.local/lib/python3.8/site-packages/airflow/example_dags/example_xcomargs.py
[2024-02-13T00:34:01.183+0000] {logging_mixin.py:188} INFO - [2024-02-13T00:34:01.183+0000] {dag.py:3036} INFO - Sync 2 DAGs
[2024-02-13T00:34:01.202+0000] {logging_mixin.py:188} INFO - [2024-02-13T00:34:01.202+0000] {dag.py:3823} INFO - Setting next_dagrun for example_xcom_args to None, run_after=None
[2024-02-13T00:34:01.219+0000] {logging_mixin.py:188} INFO - [2024-02-13T00:34:01.218+0000] {dag.py:3823} INFO - Setting next_dagrun for example_xcom_args_with_operators to None, run_after=None
[2024-02-13T00:34:01.293+0000] {processor.py:183} INFO - Processing /home/airflow/.local/lib/python3.8/site-packages/airflow/example_dags/example_xcomargs.py took 0.286 seconds
[2024-02-13T00:34:31.894+0000] {processor.py:161} INFO - Started process (PID=117) to work on /home/airflow/.local/lib/python3.8/site-packages/airflow/example_dags/example_xcomargs.py
[2024-02-13T00:34:31.895+0000] {processor.py:830} INFO - Processing file /home/airflow/.local/lib/python3.8/site-packages/airflow/example_dags/example_xcomargs.py for tasks to queue
[2024-02-13T00:34:31.897+0000] {logging_mixin.py:188} INFO - [2024-02-13T00:34:31.897+0000] {dagbag.py:538} INFO - Filling up the DagBag from /home/airflow/.local/lib/python3.8/site-packages/airflow/example_dags/example_xcomargs.py
[2024-02-13T00:34:31.907+0000] {processor.py:840} INFO - DAG(s) 'example_xcom_args_with_operators', 'example_xcom_args' retrieved from /home/airflow/.local/lib/python3.8/site-packages/airflow/example_dags/example_xcomargs.py
[2024-02-13T00:34:31.937+0000] {logging_mixin.py:188} INFO - [2024-02-13T00:34:31.936+0000] {dag.py:3036} INFO - Sync 2 DAGs
[2024-02-13T00:34:31.953+0000] {logging_mixin.py:188} INFO - [2024-02-13T00:34:31.953+0000] {dag.py:3823} INFO - Setting next_dagrun for example_xcom_args to None, run_after=None
[2024-02-13T00:34:31.957+0000] {logging_mixin.py:188} INFO - [2024-02-13T00:34:31.957+0000] {dag.py:3823} INFO - Setting next_dagrun for example_xcom_args_with_operators to None, run_after=None
[2024-02-13T00:34:31.979+0000] {processor.py:183} INFO - Processing /home/airflow/.local/lib/python3.8/site-packages/airflow/example_dags/example_xcomargs.py took 0.089 seconds
[2024-02-13T00:35:02.417+0000] {processor.py:161} INFO - Started process (PID=173) to work on /home/airflow/.local/lib/python3.8/site-packages/airflow/example_dags/example_xcomargs.py
[2024-02-13T00:35:02.418+0000] {processor.py:830} INFO - Processing file /home/airflow/.local/lib/python3.8/site-packages/airflow/example_dags/example_xcomargs.py for tasks to queue
[2024-02-13T00:35:02.420+0000] {logging_mixin.py:188} INFO - [2024-02-13T00:35:02.420+0000] {dagbag.py:538} INFO - Filling up the DagBag from /home/airflow/.local/lib/python3.8/site-packages/airflow/example_dags/example_xcomargs.py
[2024-02-13T00:35:02.429+0000] {processor.py:840} INFO - DAG(s) 'example_xcom_args_with_operators', 'example_xcom_args' retrieved from /home/airflow/.local/lib/python3.8/site-packages/airflow/example_dags/example_xcomargs.py
[2024-02-13T00:35:02.467+0000] {logging_mixin.py:188} INFO - [2024-02-13T00:35:02.467+0000] {dag.py:3036} INFO - Sync 2 DAGs
[2024-02-13T00:35:02.483+0000] {logging_mixin.py:188} INFO - [2024-02-13T00:35:02.483+0000] {dag.py:3823} INFO - Setting next_dagrun for example_xcom_args to None, run_after=None
[2024-02-13T00:35:02.487+0000] {logging_mixin.py:188} INFO - [2024-02-13T00:35:02.487+0000] {dag.py:3823} INFO - Setting next_dagrun for example_xcom_args_with_operators to None, run_after=None
[2024-02-13T00:35:02.510+0000] {processor.py:183} INFO - Processing /home/airflow/.local/lib/python3.8/site-packages/airflow/example_dags/example_xcomargs.py took 0.096 seconds
[2024-02-13T00:35:32.902+0000] {processor.py:161} INFO - Started process (PID=228) to work on /home/airflow/.local/lib/python3.8/site-packages/airflow/example_dags/example_xcomargs.py
[2024-02-13T00:35:32.902+0000] {processor.py:830} INFO - Processing file /home/airflow/.local/lib/python3.8/site-packages/airflow/example_dags/example_xcomargs.py for tasks to queue
[2024-02-13T00:35:32.904+0000] {logging_mixin.py:188} INFO - [2024-02-13T00:35:32.904+0000] {dagbag.py:538} INFO - Filling up the DagBag from /home/airflow/.local/lib/python3.8/site-packages/airflow/example_dags/example_xcomargs.py
[2024-02-13T00:35:32.913+0000] {processor.py:840} INFO - DAG(s) 'example_xcom_args', 'example_xcom_args_with_operators' retrieved from /home/airflow/.local/lib/python3.8/site-packages/airflow/example_dags/example_xcomargs.py
[2024-02-13T00:35:32.939+0000] {logging_mixin.py:188} INFO - [2024-02-13T00:35:32.939+0000] {dag.py:3036} INFO - Sync 2 DAGs
[2024-02-13T00:35:32.956+0000] {logging_mixin.py:188} INFO - [2024-02-13T00:35:32.955+0000] {dag.py:3823} INFO - Setting next_dagrun for example_xcom_args to None, run_after=None
[2024-02-13T00:35:32.961+0000] {logging_mixin.py:188} INFO - [2024-02-13T00:35:32.961+0000] {dag.py:3823} INFO - Setting next_dagrun for example_xcom_args_with_operators to None, run_after=None
[2024-02-13T00:35:32.983+0000] {processor.py:183} INFO - Processing /home/airflow/.local/lib/python3.8/site-packages/airflow/example_dags/example_xcomargs.py took 0.085 seconds
[2024-02-13T00:36:03.793+0000] {processor.py:161} INFO - Started process (PID=283) to work on /home/airflow/.local/lib/python3.8/site-packages/airflow/example_dags/example_xcomargs.py
[2024-02-13T00:36:03.794+0000] {processor.py:830} INFO - Processing file /home/airflow/.local/lib/python3.8/site-packages/airflow/example_dags/example_xcomargs.py for tasks to queue
[2024-02-13T00:36:03.796+0000] {logging_mixin.py:188} INFO - [2024-02-13T00:36:03.795+0000] {dagbag.py:538} INFO - Filling up the DagBag from /home/airflow/.local/lib/python3.8/site-packages/airflow/example_dags/example_xcomargs.py
[2024-02-13T00:36:03.802+0000] {processor.py:840} INFO - DAG(s) 'example_xcom_args_with_operators', 'example_xcom_args' retrieved from /home/airflow/.local/lib/python3.8/site-packages/airflow/example_dags/example_xcomargs.py
[2024-02-13T00:36:03.823+0000] {logging_mixin.py:188} INFO - [2024-02-13T00:36:03.823+0000] {dag.py:3036} INFO - Sync 2 DAGs
[2024-02-13T00:36:03.834+0000] {logging_mixin.py:188} INFO - [2024-02-13T00:36:03.834+0000] {dag.py:3823} INFO - Setting next_dagrun for example_xcom_args to None, run_after=None
[2024-02-13T00:36:03.837+0000] {logging_mixin.py:188} INFO - [2024-02-13T00:36:03.837+0000] {dag.py:3823} INFO - Setting next_dagrun for example_xcom_args_with_operators to None, run_after=None
[2024-02-13T00:36:03.855+0000] {processor.py:183} INFO - Processing /home/airflow/.local/lib/python3.8/site-packages/airflow/example_dags/example_xcomargs.py took 0.065 seconds
[2024-02-13T00:36:34.424+0000] {processor.py:161} INFO - Started process (PID=338) to work on /home/airflow/.local/lib/python3.8/site-packages/airflow/example_dags/example_xcomargs.py
[2024-02-13T00:36:34.425+0000] {processor.py:830} INFO - Processing file /home/airflow/.local/lib/python3.8/site-packages/airflow/example_dags/example_xcomargs.py for tasks to queue
[2024-02-13T00:36:34.427+0000] {logging_mixin.py:188} INFO - [2024-02-13T00:36:34.427+0000] {dagbag.py:538} INFO - Filling up the DagBag from /home/airflow/.local/lib/python3.8/site-packages/airflow/example_dags/example_xcomargs.py
[2024-02-13T00:36:34.434+0000] {processor.py:840} INFO - DAG(s) 'example_xcom_args_with_operators', 'example_xcom_args' retrieved from /home/airflow/.local/lib/python3.8/site-packages/airflow/example_dags/example_xcomargs.py
[2024-02-13T00:36:34.455+0000] {logging_mixin.py:188} INFO - [2024-02-13T00:36:34.455+0000] {dag.py:3036} INFO - Sync 2 DAGs
[2024-02-13T00:36:34.466+0000] {logging_mixin.py:188} INFO - [2024-02-13T00:36:34.466+0000] {dag.py:3823} INFO - Setting next_dagrun for example_xcom_args to None, run_after=None
[2024-02-13T00:36:34.469+0000] {logging_mixin.py:188} INFO - [2024-02-13T00:36:34.469+0000] {dag.py:3823} INFO - Setting next_dagrun for example_xcom_args_with_operators to None, run_after=None
[2024-02-13T00:36:34.489+0000] {processor.py:183} INFO - Processing /home/airflow/.local/lib/python3.8/site-packages/airflow/example_dags/example_xcomargs.py took 0.067 seconds
[2024-02-13T00:37:05.110+0000] {processor.py:161} INFO - Started process (PID=392) to work on /home/airflow/.local/lib/python3.8/site-packages/airflow/example_dags/example_xcomargs.py
[2024-02-13T00:37:05.111+0000] {processor.py:830} INFO - Processing file /home/airflow/.local/lib/python3.8/site-packages/airflow/example_dags/example_xcomargs.py for tasks to queue
[2024-02-13T00:37:05.113+0000] {logging_mixin.py:188} INFO - [2024-02-13T00:37:05.112+0000] {dagbag.py:538} INFO - Filling up the DagBag from /home/airflow/.local/lib/python3.8/site-packages/airflow/example_dags/example_xcomargs.py
[2024-02-13T00:37:05.122+0000] {processor.py:840} INFO - DAG(s) 'example_xcom_args_with_operators', 'example_xcom_args' retrieved from /home/airflow/.local/lib/python3.8/site-packages/airflow/example_dags/example_xcomargs.py
[2024-02-13T00:37:05.150+0000] {logging_mixin.py:188} INFO - [2024-02-13T00:37:05.149+0000] {dag.py:3036} INFO - Sync 2 DAGs
[2024-02-13T00:37:05.167+0000] {logging_mixin.py:188} INFO - [2024-02-13T00:37:05.167+0000] {dag.py:3823} INFO - Setting next_dagrun for example_xcom_args to None, run_after=None
[2024-02-13T00:37:05.171+0000] {logging_mixin.py:188} INFO - [2024-02-13T00:37:05.171+0000] {dag.py:3823} INFO - Setting next_dagrun for example_xcom_args_with_operators to None, run_after=None
[2024-02-13T00:37:05.193+0000] {processor.py:183} INFO - Processing /home/airflow/.local/lib/python3.8/site-packages/airflow/example_dags/example_xcomargs.py took 0.087 seconds
[2024-02-13T00:37:35.884+0000] {processor.py:161} INFO - Started process (PID=447) to work on /home/airflow/.local/lib/python3.8/site-packages/airflow/example_dags/example_xcomargs.py
[2024-02-13T00:37:35.885+0000] {processor.py:830} INFO - Processing file /home/airflow/.local/lib/python3.8/site-packages/airflow/example_dags/example_xcomargs.py for tasks to queue
[2024-02-13T00:37:35.887+0000] {logging_mixin.py:188} INFO - [2024-02-13T00:37:35.886+0000] {dagbag.py:538} INFO - Filling up the DagBag from /home/airflow/.local/lib/python3.8/site-packages/airflow/example_dags/example_xcomargs.py
[2024-02-13T00:37:35.896+0000] {processor.py:840} INFO - DAG(s) 'example_xcom_args_with_operators', 'example_xcom_args' retrieved from /home/airflow/.local/lib/python3.8/site-packages/airflow/example_dags/example_xcomargs.py
[2024-02-13T00:37:35.925+0000] {logging_mixin.py:188} INFO - [2024-02-13T00:37:35.924+0000] {dag.py:3036} INFO - Sync 2 DAGs
[2024-02-13T00:37:35.940+0000] {logging_mixin.py:188} INFO - [2024-02-13T00:37:35.940+0000] {dag.py:3823} INFO - Setting next_dagrun for example_xcom_args to None, run_after=None
[2024-02-13T00:37:35.944+0000] {logging_mixin.py:188} INFO - [2024-02-13T00:37:35.944+0000] {dag.py:3823} INFO - Setting next_dagrun for example_xcom_args_with_operators to None, run_after=None
[2024-02-13T00:37:35.967+0000] {processor.py:183} INFO - Processing /home/airflow/.local/lib/python3.8/site-packages/airflow/example_dags/example_xcomargs.py took 0.087 seconds
