[2024-02-13T00:34:00.616+0000] {processor.py:161} INFO - Started process (PID=60) to work on /home/airflow/.local/lib/python3.8/site-packages/airflow/example_dags/tutorial_dag.py
[2024-02-13T00:34:00.628+0000] {processor.py:830} INFO - Processing file /home/airflow/.local/lib/python3.8/site-packages/airflow/example_dags/tutorial_dag.py for tasks to queue
[2024-02-13T00:34:00.644+0000] {logging_mixin.py:188} INFO - [2024-02-13T00:34:00.644+0000] {dagbag.py:538} INFO - Filling up the DagBag from /home/airflow/.local/lib/python3.8/site-packages/airflow/example_dags/tutorial_dag.py
[2024-02-13T00:34:00.681+0000] {processor.py:840} INFO - DAG(s) 'tutorial_dag' retrieved from /home/airflow/.local/lib/python3.8/site-packages/airflow/example_dags/tutorial_dag.py
[2024-02-13T00:34:00.848+0000] {logging_mixin.py:188} INFO - [2024-02-13T00:34:00.848+0000] {dag.py:3036} INFO - Sync 1 DAGs
[2024-02-13T00:34:00.906+0000] {logging_mixin.py:188} INFO - [2024-02-13T00:34:00.905+0000] {dag.py:3823} INFO - Setting next_dagrun for tutorial_dag to None, run_after=None
[2024-02-13T00:34:01.039+0000] {processor.py:183} INFO - Processing /home/airflow/.local/lib/python3.8/site-packages/airflow/example_dags/tutorial_dag.py took 0.505 seconds
[2024-02-13T00:34:31.762+0000] {processor.py:161} INFO - Started process (PID=116) to work on /home/airflow/.local/lib/python3.8/site-packages/airflow/example_dags/tutorial_dag.py
[2024-02-13T00:34:31.763+0000] {processor.py:830} INFO - Processing file /home/airflow/.local/lib/python3.8/site-packages/airflow/example_dags/tutorial_dag.py for tasks to queue
[2024-02-13T00:34:31.766+0000] {logging_mixin.py:188} INFO - [2024-02-13T00:34:31.765+0000] {dagbag.py:538} INFO - Filling up the DagBag from /home/airflow/.local/lib/python3.8/site-packages/airflow/example_dags/tutorial_dag.py
[2024-02-13T00:34:31.772+0000] {processor.py:840} INFO - DAG(s) 'tutorial_dag' retrieved from /home/airflow/.local/lib/python3.8/site-packages/airflow/example_dags/tutorial_dag.py
[2024-02-13T00:34:31.822+0000] {logging_mixin.py:188} INFO - [2024-02-13T00:34:31.822+0000] {dag.py:3036} INFO - Sync 1 DAGs
[2024-02-13T00:34:31.838+0000] {logging_mixin.py:188} INFO - [2024-02-13T00:34:31.838+0000] {dag.py:3823} INFO - Setting next_dagrun for tutorial_dag to None, run_after=None
[2024-02-13T00:34:31.865+0000] {processor.py:183} INFO - Processing /home/airflow/.local/lib/python3.8/site-packages/airflow/example_dags/tutorial_dag.py took 0.106 seconds
[2024-02-13T00:35:02.313+0000] {processor.py:161} INFO - Started process (PID=172) to work on /home/airflow/.local/lib/python3.8/site-packages/airflow/example_dags/tutorial_dag.py
[2024-02-13T00:35:02.314+0000] {processor.py:830} INFO - Processing file /home/airflow/.local/lib/python3.8/site-packages/airflow/example_dags/tutorial_dag.py for tasks to queue
[2024-02-13T00:35:02.316+0000] {logging_mixin.py:188} INFO - [2024-02-13T00:35:02.316+0000] {dagbag.py:538} INFO - Filling up the DagBag from /home/airflow/.local/lib/python3.8/site-packages/airflow/example_dags/tutorial_dag.py
[2024-02-13T00:35:02.322+0000] {processor.py:840} INFO - DAG(s) 'tutorial_dag' retrieved from /home/airflow/.local/lib/python3.8/site-packages/airflow/example_dags/tutorial_dag.py
[2024-02-13T00:35:02.344+0000] {logging_mixin.py:188} INFO - [2024-02-13T00:35:02.344+0000] {dag.py:3036} INFO - Sync 1 DAGs
[2024-02-13T00:35:02.360+0000] {logging_mixin.py:188} INFO - [2024-02-13T00:35:02.360+0000] {dag.py:3823} INFO - Setting next_dagrun for tutorial_dag to None, run_after=None
[2024-02-13T00:35:02.386+0000] {processor.py:183} INFO - Processing /home/airflow/.local/lib/python3.8/site-packages/airflow/example_dags/tutorial_dag.py took 0.076 seconds
[2024-02-13T00:35:32.794+0000] {processor.py:161} INFO - Started process (PID=227) to work on /home/airflow/.local/lib/python3.8/site-packages/airflow/example_dags/tutorial_dag.py
[2024-02-13T00:35:32.795+0000] {processor.py:830} INFO - Processing file /home/airflow/.local/lib/python3.8/site-packages/airflow/example_dags/tutorial_dag.py for tasks to queue
[2024-02-13T00:35:32.802+0000] {logging_mixin.py:188} INFO - [2024-02-13T00:35:32.802+0000] {dagbag.py:538} INFO - Filling up the DagBag from /home/airflow/.local/lib/python3.8/site-packages/airflow/example_dags/tutorial_dag.py
[2024-02-13T00:35:32.809+0000] {processor.py:840} INFO - DAG(s) 'tutorial_dag' retrieved from /home/airflow/.local/lib/python3.8/site-packages/airflow/example_dags/tutorial_dag.py
[2024-02-13T00:35:32.831+0000] {logging_mixin.py:188} INFO - [2024-02-13T00:35:32.831+0000] {dag.py:3036} INFO - Sync 1 DAGs
[2024-02-13T00:35:32.845+0000] {logging_mixin.py:188} INFO - [2024-02-13T00:35:32.845+0000] {dag.py:3823} INFO - Setting next_dagrun for tutorial_dag to None, run_after=None
[2024-02-13T00:35:32.872+0000] {processor.py:183} INFO - Processing /home/airflow/.local/lib/python3.8/site-packages/airflow/example_dags/tutorial_dag.py took 0.081 seconds
[2024-02-13T00:36:03.664+0000] {processor.py:161} INFO - Started process (PID=282) to work on /home/airflow/.local/lib/python3.8/site-packages/airflow/example_dags/tutorial_dag.py
[2024-02-13T00:36:03.665+0000] {processor.py:830} INFO - Processing file /home/airflow/.local/lib/python3.8/site-packages/airflow/example_dags/tutorial_dag.py for tasks to queue
[2024-02-13T00:36:03.668+0000] {logging_mixin.py:188} INFO - [2024-02-13T00:36:03.667+0000] {dagbag.py:538} INFO - Filling up the DagBag from /home/airflow/.local/lib/python3.8/site-packages/airflow/example_dags/tutorial_dag.py
[2024-02-13T00:36:03.675+0000] {processor.py:840} INFO - DAG(s) 'tutorial_dag' retrieved from /home/airflow/.local/lib/python3.8/site-packages/airflow/example_dags/tutorial_dag.py
[2024-02-13T00:36:03.698+0000] {logging_mixin.py:188} INFO - [2024-02-13T00:36:03.698+0000] {dag.py:3036} INFO - Sync 1 DAGs
[2024-02-13T00:36:03.714+0000] {logging_mixin.py:188} INFO - [2024-02-13T00:36:03.713+0000] {dag.py:3823} INFO - Setting next_dagrun for tutorial_dag to None, run_after=None
[2024-02-13T00:36:03.765+0000] {processor.py:183} INFO - Processing /home/airflow/.local/lib/python3.8/site-packages/airflow/example_dags/tutorial_dag.py took 0.104 seconds
[2024-02-13T00:36:34.261+0000] {processor.py:161} INFO - Started process (PID=337) to work on /home/airflow/.local/lib/python3.8/site-packages/airflow/example_dags/tutorial_dag.py
[2024-02-13T00:36:34.262+0000] {processor.py:830} INFO - Processing file /home/airflow/.local/lib/python3.8/site-packages/airflow/example_dags/tutorial_dag.py for tasks to queue
[2024-02-13T00:36:34.264+0000] {logging_mixin.py:188} INFO - [2024-02-13T00:36:34.263+0000] {dagbag.py:538} INFO - Filling up the DagBag from /home/airflow/.local/lib/python3.8/site-packages/airflow/example_dags/tutorial_dag.py
[2024-02-13T00:36:34.274+0000] {processor.py:840} INFO - DAG(s) 'tutorial_dag' retrieved from /home/airflow/.local/lib/python3.8/site-packages/airflow/example_dags/tutorial_dag.py
[2024-02-13T00:36:34.313+0000] {logging_mixin.py:188} INFO - [2024-02-13T00:36:34.313+0000] {dag.py:3036} INFO - Sync 1 DAGs
[2024-02-13T00:36:34.360+0000] {logging_mixin.py:188} INFO - [2024-02-13T00:36:34.359+0000] {dag.py:3823} INFO - Setting next_dagrun for tutorial_dag to None, run_after=None
[2024-02-13T00:36:34.396+0000] {processor.py:183} INFO - Processing /home/airflow/.local/lib/python3.8/site-packages/airflow/example_dags/tutorial_dag.py took 0.138 seconds
[2024-02-13T00:37:04.999+0000] {processor.py:161} INFO - Started process (PID=391) to work on /home/airflow/.local/lib/python3.8/site-packages/airflow/example_dags/tutorial_dag.py
[2024-02-13T00:37:05.000+0000] {processor.py:830} INFO - Processing file /home/airflow/.local/lib/python3.8/site-packages/airflow/example_dags/tutorial_dag.py for tasks to queue
[2024-02-13T00:37:05.002+0000] {logging_mixin.py:188} INFO - [2024-02-13T00:37:05.002+0000] {dagbag.py:538} INFO - Filling up the DagBag from /home/airflow/.local/lib/python3.8/site-packages/airflow/example_dags/tutorial_dag.py
[2024-02-13T00:37:05.010+0000] {processor.py:840} INFO - DAG(s) 'tutorial_dag' retrieved from /home/airflow/.local/lib/python3.8/site-packages/airflow/example_dags/tutorial_dag.py
[2024-02-13T00:37:05.032+0000] {logging_mixin.py:188} INFO - [2024-02-13T00:37:05.032+0000] {dag.py:3036} INFO - Sync 1 DAGs
[2024-02-13T00:37:05.050+0000] {logging_mixin.py:188} INFO - [2024-02-13T00:37:05.050+0000] {dag.py:3823} INFO - Setting next_dagrun for tutorial_dag to None, run_after=None
[2024-02-13T00:37:05.078+0000] {processor.py:183} INFO - Processing /home/airflow/.local/lib/python3.8/site-packages/airflow/example_dags/tutorial_dag.py took 0.085 seconds
[2024-02-13T00:37:35.712+0000] {processor.py:161} INFO - Started process (PID=446) to work on /home/airflow/.local/lib/python3.8/site-packages/airflow/example_dags/tutorial_dag.py
[2024-02-13T00:37:35.713+0000] {processor.py:830} INFO - Processing file /home/airflow/.local/lib/python3.8/site-packages/airflow/example_dags/tutorial_dag.py for tasks to queue
[2024-02-13T00:37:35.716+0000] {logging_mixin.py:188} INFO - [2024-02-13T00:37:35.715+0000] {dagbag.py:538} INFO - Filling up the DagBag from /home/airflow/.local/lib/python3.8/site-packages/airflow/example_dags/tutorial_dag.py
[2024-02-13T00:37:35.723+0000] {processor.py:840} INFO - DAG(s) 'tutorial_dag' retrieved from /home/airflow/.local/lib/python3.8/site-packages/airflow/example_dags/tutorial_dag.py
[2024-02-13T00:37:35.764+0000] {logging_mixin.py:188} INFO - [2024-02-13T00:37:35.764+0000] {dag.py:3036} INFO - Sync 1 DAGs
[2024-02-13T00:37:35.794+0000] {logging_mixin.py:188} INFO - [2024-02-13T00:37:35.794+0000] {dag.py:3823} INFO - Setting next_dagrun for tutorial_dag to None, run_after=None
[2024-02-13T00:37:35.857+0000] {processor.py:183} INFO - Processing /home/airflow/.local/lib/python3.8/site-packages/airflow/example_dags/tutorial_dag.py took 0.149 seconds
