[2024-02-19T18:29:58.111+0000] {taskinstance.py:1956} INFO - Dependencies all met for dep_context=non-requeueable deps ti=<TaskInstance: dag_with_postgres_operator_v08.create_postgres_table scheduled__2024-02-14T00:00:00+00:00 [queued]>
[2024-02-19T18:29:58.174+0000] {taskinstance.py:1956} INFO - Dependencies all met for dep_context=requeueable deps ti=<TaskInstance: dag_with_postgres_operator_v08.create_postgres_table scheduled__2024-02-14T00:00:00+00:00 [queued]>
[2024-02-19T18:29:58.181+0000] {taskinstance.py:2170} INFO - Starting attempt 1 of 6
[2024-02-19T18:29:58.231+0000] {taskinstance.py:2191} INFO - Executing <Task(PostgresOperator): create_postgres_table> on 2024-02-14 00:00:00+00:00
[2024-02-19T18:29:58.240+0000] {standard_task_runner.py:60} INFO - Started process 1163 to run task
[2024-02-19T18:29:58.250+0000] {standard_task_runner.py:87} INFO - Running: ['***', 'tasks', 'run', 'dag_with_postgres_operator_v08', 'create_postgres_table', 'scheduled__2024-02-14T00:00:00+00:00', '--job-id', '449', '--raw', '--subdir', 'DAGS_FOLDER/dag_with_postgres_operator.py', '--cfg-path', '/tmp/tmpa04wbnk0']
[2024-02-19T18:29:58.255+0000] {standard_task_runner.py:88} INFO - Job 449: Subtask create_postgres_table
[2024-02-19T18:29:58.404+0000] {task_command.py:423} INFO - Running <TaskInstance: dag_with_postgres_operator_v08.create_postgres_table scheduled__2024-02-14T00:00:00+00:00 [running]> on host 55ac849b3b96
[2024-02-19T18:29:58.615+0000] {taskinstance.py:2480} INFO - Exporting env vars: AIRFLOW_CTX_DAG_OWNER='Shiv' AIRFLOW_CTX_DAG_ID='dag_with_postgres_operator_v08' AIRFLOW_CTX_TASK_ID='create_postgres_table' AIRFLOW_CTX_EXECUTION_DATE='2024-02-14T00:00:00+00:00' AIRFLOW_CTX_TRY_NUMBER='1' AIRFLOW_CTX_DAG_RUN_ID='scheduled__2024-02-14T00:00:00+00:00'
[2024-02-19T18:29:58.616+0000] {sql.py:276} INFO - Executing: 
            CREATE TABLE IF NOT EXISTS dag_runs (
                dt DATE,
                dag_id VARCHAR,
                PRIMARY KEY (dt, dag_id)
            );
        
[2024-02-19T18:29:58.638+0000] {base.py:83} INFO - Using connection ID 'postgres_localhost' for task execution.
[2024-02-19T18:29:58.662+0000] {base.py:83} INFO - Using connection ID 'postgres_localhost' for task execution.
[2024-02-19T18:29:58.675+0000] {sql.py:450} INFO - Running statement: 
            CREATE TABLE IF NOT EXISTS dag_runs (
                dt DATE,
                dag_id VARCHAR,
                PRIMARY KEY (dt, dag_id)
            );
        , parameters: None
[2024-02-19T18:29:58.712+0000] {taskinstance.py:1138} INFO - Marking task as SUCCESS. dag_id=dag_with_postgres_operator_v08, task_id=create_postgres_table, execution_date=20240214T000000, start_date=20240219T182958, end_date=20240219T182958
[2024-02-19T18:29:58.795+0000] {local_task_job_runner.py:234} INFO - Task exited with return code 0
[2024-02-19T18:29:58.892+0000] {taskinstance.py:3280} INFO - 1 downstream tasks scheduled from follow-on schedule check
