[2024-02-27T04:13:53.921+0000] {taskinstance.py:1956} INFO - Dependencies all met for dep_context=non-requeueable deps ti=<TaskInstance: dag_with_postgres_operator_v08.insert_into_table scheduled__2024-02-23T00:00:00+00:00 [queued]>
[2024-02-27T04:13:54.014+0000] {taskinstance.py:1956} INFO - Dependencies all met for dep_context=requeueable deps ti=<TaskInstance: dag_with_postgres_operator_v08.insert_into_table scheduled__2024-02-23T00:00:00+00:00 [queued]>
[2024-02-27T04:13:54.014+0000] {taskinstance.py:2170} INFO - Starting attempt 1 of 6
[2024-02-27T04:13:54.323+0000] {taskinstance.py:2191} INFO - Executing <Task(PostgresOperator): insert_into_table> on 2024-02-23 00:00:00+00:00
[2024-02-27T04:13:54.612+0000] {standard_task_runner.py:60} INFO - Started process 103 to run task
[2024-02-27T04:13:54.725+0000] {standard_task_runner.py:87} INFO - Running: ['***', 'tasks', 'run', 'dag_with_postgres_operator_v08', 'insert_into_table', 'scheduled__2024-02-23T00:00:00+00:00', '--job-id', '493', '--raw', '--subdir', 'DAGS_FOLDER/dag_with_postgres_operator.py', '--cfg-path', '/tmp/tmpj3h6snlo']
[2024-02-27T04:13:54.754+0000] {standard_task_runner.py:88} INFO - Job 493: Subtask insert_into_table
[2024-02-27T04:13:55.394+0000] {task_command.py:423} INFO - Running <TaskInstance: dag_with_postgres_operator_v08.insert_into_table scheduled__2024-02-23T00:00:00+00:00 [running]> on host f592a0b4b395
[2024-02-27T04:13:56.364+0000] {taskinstance.py:2480} INFO - Exporting env vars: AIRFLOW_CTX_DAG_OWNER='Shiv' AIRFLOW_CTX_DAG_ID='dag_with_postgres_operator_v08' AIRFLOW_CTX_TASK_ID='insert_into_table' AIRFLOW_CTX_EXECUTION_DATE='2024-02-23T00:00:00+00:00' AIRFLOW_CTX_TRY_NUMBER='1' AIRFLOW_CTX_DAG_RUN_ID='scheduled__2024-02-23T00:00:00+00:00'
[2024-02-27T04:13:56.369+0000] {sql.py:276} INFO - Executing: 
            INSERT INTO dag_runs (dt, dag_id) VALUES ('2024-02-23', 'dag_with_postgres_operator_v08');
        
[2024-02-27T04:13:56.425+0000] {base.py:83} INFO - Using connection ID 'postgres_localhost' for task execution.
[2024-02-27T04:13:56.494+0000] {base.py:83} INFO - Using connection ID 'postgres_localhost' for task execution.
[2024-02-27T04:13:56.528+0000] {sql.py:450} INFO - Running statement: 
            INSERT INTO dag_runs (dt, dag_id) VALUES ('2024-02-23', 'dag_with_postgres_operator_v08');
        , parameters: None
[2024-02-27T04:13:56.532+0000] {sql.py:459} INFO - Rows affected: 1
[2024-02-27T04:13:56.600+0000] {taskinstance.py:1138} INFO - Marking task as SUCCESS. dag_id=dag_with_postgres_operator_v08, task_id=insert_into_table, execution_date=20240223T000000, start_date=20240227T041353, end_date=20240227T041356
[2024-02-27T04:13:56.988+0000] {local_task_job_runner.py:234} INFO - Task exited with return code 0
[2024-02-27T04:13:57.069+0000] {taskinstance.py:3280} INFO - 0 downstream tasks scheduled from follow-on schedule check
