[2024-02-10T04:51:41.213+0000] {processor.py:161} INFO - Started process (PID=8108) to work on /workspaces/Airflow_101/airflow_tutorial/py_env/lib/python3.10/site-packages/airflow/example_dags/plugins/event_listener.py
[2024-02-10T04:51:41.213+0000] {processor.py:830} INFO - Processing file /workspaces/Airflow_101/airflow_tutorial/py_env/lib/python3.10/site-packages/airflow/example_dags/plugins/event_listener.py for tasks to queue
[2024-02-10T04:51:41.215+0000] {logging_mixin.py:188} INFO - [2024-02-10T04:51:41.214+0000] {dagbag.py:538} INFO - Filling up the DagBag from /workspaces/Airflow_101/airflow_tutorial/py_env/lib/python3.10/site-packages/airflow/example_dags/plugins/event_listener.py
[2024-02-10T04:51:41.217+0000] {processor.py:842} WARNING - No viable dags retrieved from /workspaces/Airflow_101/airflow_tutorial/py_env/lib/python3.10/site-packages/airflow/example_dags/plugins/event_listener.py
[2024-02-10T04:51:41.228+0000] {processor.py:183} INFO - Processing /workspaces/Airflow_101/airflow_tutorial/py_env/lib/python3.10/site-packages/airflow/example_dags/plugins/event_listener.py took 0.017 seconds
[2024-02-10T04:52:38.439+0000] {processor.py:161} INFO - Started process (PID=8625) to work on /workspaces/Airflow_101/airflow_tutorial/py_env/lib/python3.10/site-packages/airflow/example_dags/plugins/event_listener.py
[2024-02-10T04:52:38.440+0000] {processor.py:830} INFO - Processing file /workspaces/Airflow_101/airflow_tutorial/py_env/lib/python3.10/site-packages/airflow/example_dags/plugins/event_listener.py for tasks to queue
[2024-02-10T04:52:38.441+0000] {logging_mixin.py:188} INFO - [2024-02-10T04:52:38.440+0000] {dagbag.py:538} INFO - Filling up the DagBag from /workspaces/Airflow_101/airflow_tutorial/py_env/lib/python3.10/site-packages/airflow/example_dags/plugins/event_listener.py
[2024-02-10T04:52:38.442+0000] {processor.py:842} WARNING - No viable dags retrieved from /workspaces/Airflow_101/airflow_tutorial/py_env/lib/python3.10/site-packages/airflow/example_dags/plugins/event_listener.py
[2024-02-10T04:52:38.450+0000] {processor.py:183} INFO - Processing /workspaces/Airflow_101/airflow_tutorial/py_env/lib/python3.10/site-packages/airflow/example_dags/plugins/event_listener.py took 0.013 seconds
[2024-02-10T04:53:22.513+0000] {processor.py:161} INFO - Started process (PID=8920) to work on /workspaces/Airflow_101/airflow_tutorial/py_env/lib/python3.10/site-packages/airflow/example_dags/plugins/event_listener.py
[2024-02-10T04:53:22.513+0000] {processor.py:830} INFO - Processing file /workspaces/Airflow_101/airflow_tutorial/py_env/lib/python3.10/site-packages/airflow/example_dags/plugins/event_listener.py for tasks to queue
[2024-02-10T04:53:22.514+0000] {logging_mixin.py:188} INFO - [2024-02-10T04:53:22.514+0000] {dagbag.py:538} INFO - Filling up the DagBag from /workspaces/Airflow_101/airflow_tutorial/py_env/lib/python3.10/site-packages/airflow/example_dags/plugins/event_listener.py
[2024-02-10T04:53:22.516+0000] {processor.py:842} WARNING - No viable dags retrieved from /workspaces/Airflow_101/airflow_tutorial/py_env/lib/python3.10/site-packages/airflow/example_dags/plugins/event_listener.py
[2024-02-10T04:53:22.524+0000] {processor.py:183} INFO - Processing /workspaces/Airflow_101/airflow_tutorial/py_env/lib/python3.10/site-packages/airflow/example_dags/plugins/event_listener.py took 0.014 seconds
[2024-02-10T04:54:10.521+0000] {processor.py:161} INFO - Started process (PID=9530) to work on /workspaces/Airflow_101/airflow_tutorial/py_env/lib/python3.10/site-packages/airflow/example_dags/plugins/event_listener.py
[2024-02-10T04:54:10.525+0000] {processor.py:830} INFO - Processing file /workspaces/Airflow_101/airflow_tutorial/py_env/lib/python3.10/site-packages/airflow/example_dags/plugins/event_listener.py for tasks to queue
[2024-02-10T04:54:10.526+0000] {logging_mixin.py:188} INFO - [2024-02-10T04:54:10.526+0000] {dagbag.py:538} INFO - Filling up the DagBag from /workspaces/Airflow_101/airflow_tutorial/py_env/lib/python3.10/site-packages/airflow/example_dags/plugins/event_listener.py
[2024-02-10T04:54:10.528+0000] {processor.py:842} WARNING - No viable dags retrieved from /workspaces/Airflow_101/airflow_tutorial/py_env/lib/python3.10/site-packages/airflow/example_dags/plugins/event_listener.py
[2024-02-10T04:54:10.539+0000] {processor.py:183} INFO - Processing /workspaces/Airflow_101/airflow_tutorial/py_env/lib/python3.10/site-packages/airflow/example_dags/plugins/event_listener.py took 0.021 seconds
[2024-02-10T04:54:46.838+0000] {processor.py:161} INFO - Started process (PID=9831) to work on /workspaces/Airflow_101/airflow_tutorial/py_env/lib/python3.10/site-packages/airflow/example_dags/plugins/event_listener.py
[2024-02-10T04:54:46.839+0000] {processor.py:830} INFO - Processing file /workspaces/Airflow_101/airflow_tutorial/py_env/lib/python3.10/site-packages/airflow/example_dags/plugins/event_listener.py for tasks to queue
[2024-02-10T04:54:46.840+0000] {logging_mixin.py:188} INFO - [2024-02-10T04:54:46.840+0000] {dagbag.py:538} INFO - Filling up the DagBag from /workspaces/Airflow_101/airflow_tutorial/py_env/lib/python3.10/site-packages/airflow/example_dags/plugins/event_listener.py
[2024-02-10T04:54:46.842+0000] {processor.py:842} WARNING - No viable dags retrieved from /workspaces/Airflow_101/airflow_tutorial/py_env/lib/python3.10/site-packages/airflow/example_dags/plugins/event_listener.py
[2024-02-10T04:54:46.849+0000] {processor.py:183} INFO - Processing /workspaces/Airflow_101/airflow_tutorial/py_env/lib/python3.10/site-packages/airflow/example_dags/plugins/event_listener.py took 0.013 seconds
