[2024-02-27T04:16:31.771+0000] {taskinstance.py:1956} INFO - Dependencies all met for dep_context=non-requeueable deps ti=<TaskInstance: dag_with_python_dependencies_v01.get_matplotlib manual__2024-02-27T04:16:23.413366+00:00 [queued]>
[2024-02-27T04:16:31.900+0000] {taskinstance.py:1956} INFO - Dependencies all met for dep_context=requeueable deps ti=<TaskInstance: dag_with_python_dependencies_v01.get_matplotlib manual__2024-02-27T04:16:23.413366+00:00 [queued]>
[2024-02-27T04:16:31.936+0000] {taskinstance.py:2170} INFO - Starting attempt 1 of 1
[2024-02-27T04:16:32.120+0000] {taskinstance.py:2191} INFO - Executing <Task(PythonOperator): get_matplotlib> on 2024-02-27 04:16:23.413366+00:00
[2024-02-27T04:16:32.175+0000] {standard_task_runner.py:60} INFO - Started process 159 to run task
[2024-02-27T04:16:32.255+0000] {standard_task_runner.py:87} INFO - Running: ['***', 'tasks', 'run', 'dag_with_python_dependencies_v01', 'get_matplotlib', 'manual__2024-02-27T04:16:23.413366+00:00', '--job-id', '506', '--raw', '--subdir', 'DAGS_FOLDER/dag_with_python_dependencies.py', '--cfg-path', '/tmp/tmphae6ncws']
[2024-02-27T04:16:32.267+0000] {standard_task_runner.py:88} INFO - Job 506: Subtask get_matplotlib
[2024-02-27T04:16:32.526+0000] {task_command.py:423} INFO - Running <TaskInstance: dag_with_python_dependencies_v01.get_matplotlib manual__2024-02-27T04:16:23.413366+00:00 [running]> on host f592a0b4b395
[2024-02-27T04:16:32.807+0000] {taskinstance.py:2480} INFO - Exporting env vars: AIRFLOW_CTX_DAG_OWNER='Shiv' AIRFLOW_CTX_DAG_ID='dag_with_python_dependencies_v01' AIRFLOW_CTX_TASK_ID='get_matplotlib' AIRFLOW_CTX_EXECUTION_DATE='2024-02-27T04:16:23.413366+00:00' AIRFLOW_CTX_TRY_NUMBER='1' AIRFLOW_CTX_DAG_RUN_ID='manual__2024-02-27T04:16:23.413366+00:00'
[2024-02-27T04:16:32.810+0000] {taskinstance.py:2698} ERROR - Task failed with exception
Traceback (most recent call last):
  File "/home/airflow/.local/lib/python3.8/site-packages/airflow/models/taskinstance.py", line 433, in _execute_task
    result = execute_callable(context=context, **execute_callable_kwargs)
  File "/home/airflow/.local/lib/python3.8/site-packages/airflow/operators/python.py", line 199, in execute
    return_value = self.execute_callable()
  File "/home/airflow/.local/lib/python3.8/site-packages/airflow/operators/python.py", line 216, in execute_callable
    return self.python_callable(*self.op_args, **self.op_kwargs)
  File "/opt/airflow/dags/dag_with_python_dependencies.py", line 18, in get_matplotlib
    import matplotlib
ModuleNotFoundError: No module named 'matplotlib'
[2024-02-27T04:16:32.824+0000] {taskinstance.py:1138} INFO - Marking task as FAILED. dag_id=dag_with_python_dependencies_v01, task_id=get_matplotlib, execution_date=20240227T041623, start_date=20240227T041631, end_date=20240227T041632
[2024-02-27T04:16:32.844+0000] {standard_task_runner.py:107} ERROR - Failed to execute job 506 for task get_matplotlib (No module named 'matplotlib'; 159)
[2024-02-27T04:16:32.904+0000] {local_task_job_runner.py:234} INFO - Task exited with return code 1
[2024-02-27T04:16:32.942+0000] {taskinstance.py:3280} INFO - 0 downstream tasks scheduled from follow-on schedule check
