[2024-02-10T04:52:22.942+0000] {processor.py:161} INFO - Started process (PID=8507) to work on /workspaces/Airflow_101/airflow_tutorial/py_env/lib/python3.10/site-packages/airflow/example_dags/example_branch_operator.py
[2024-02-10T04:52:22.942+0000] {processor.py:830} INFO - Processing file /workspaces/Airflow_101/airflow_tutorial/py_env/lib/python3.10/site-packages/airflow/example_dags/example_branch_operator.py for tasks to queue
[2024-02-10T04:52:22.943+0000] {logging_mixin.py:188} INFO - [2024-02-10T04:52:22.943+0000] {dagbag.py:538} INFO - Filling up the DagBag from /workspaces/Airflow_101/airflow_tutorial/py_env/lib/python3.10/site-packages/airflow/example_dags/example_branch_operator.py
[2024-02-10T04:52:22.957+0000] {processor.py:840} INFO - DAG(s) 'example_branch_operator' retrieved from /workspaces/Airflow_101/airflow_tutorial/py_env/lib/python3.10/site-packages/airflow/example_dags/example_branch_operator.py
[2024-02-10T04:52:23.100+0000] {logging_mixin.py:188} INFO - [2024-02-10T04:52:23.099+0000] {override.py:1769} INFO - Created Permission View: can delete on DAG:example_branch_operator
[2024-02-10T04:52:23.148+0000] {logging_mixin.py:188} INFO - [2024-02-10T04:52:23.148+0000] {override.py:1769} INFO - Created Permission View: can read on DAG:example_branch_operator
[2024-02-10T04:52:23.196+0000] {logging_mixin.py:188} INFO - [2024-02-10T04:52:23.196+0000] {override.py:1769} INFO - Created Permission View: can edit on DAG:example_branch_operator
[2024-02-10T04:52:23.197+0000] {logging_mixin.py:188} INFO - [2024-02-10T04:52:23.197+0000] {dag.py:3036} INFO - Sync 1 DAGs
[2024-02-10T04:52:23.213+0000] {logging_mixin.py:188} INFO - [2024-02-10T04:52:23.212+0000] {dag.py:3058} INFO - Creating ORM DAG for example_branch_operator
[2024-02-10T04:52:23.221+0000] {logging_mixin.py:188} INFO - [2024-02-10T04:52:23.221+0000] {dag.py:3823} INFO - Setting next_dagrun for example_branch_operator to 2024-02-09 00:00:00+00:00, run_after=2024-02-10 00:00:00+00:00
[2024-02-10T04:52:23.266+0000] {processor.py:183} INFO - Processing /workspaces/Airflow_101/airflow_tutorial/py_env/lib/python3.10/site-packages/airflow/example_dags/example_branch_operator.py took 0.326 seconds
[2024-02-10T04:53:12.373+0000] {processor.py:161} INFO - Started process (PID=8850) to work on /workspaces/Airflow_101/airflow_tutorial/py_env/lib/python3.10/site-packages/airflow/example_dags/example_branch_operator.py
[2024-02-10T04:53:12.374+0000] {processor.py:830} INFO - Processing file /workspaces/Airflow_101/airflow_tutorial/py_env/lib/python3.10/site-packages/airflow/example_dags/example_branch_operator.py for tasks to queue
[2024-02-10T04:53:12.375+0000] {logging_mixin.py:188} INFO - [2024-02-10T04:53:12.374+0000] {dagbag.py:538} INFO - Filling up the DagBag from /workspaces/Airflow_101/airflow_tutorial/py_env/lib/python3.10/site-packages/airflow/example_dags/example_branch_operator.py
[2024-02-10T04:53:12.389+0000] {processor.py:840} INFO - DAG(s) 'example_branch_operator' retrieved from /workspaces/Airflow_101/airflow_tutorial/py_env/lib/python3.10/site-packages/airflow/example_dags/example_branch_operator.py
[2024-02-10T04:53:12.406+0000] {logging_mixin.py:188} INFO - [2024-02-10T04:53:12.406+0000] {dag.py:3036} INFO - Sync 1 DAGs
[2024-02-10T04:53:12.422+0000] {logging_mixin.py:188} INFO - [2024-02-10T04:53:12.422+0000] {dag.py:3823} INFO - Setting next_dagrun for example_branch_operator to 2024-02-09 00:00:00+00:00, run_after=2024-02-10 00:00:00+00:00
[2024-02-10T04:53:12.461+0000] {processor.py:183} INFO - Processing /workspaces/Airflow_101/airflow_tutorial/py_env/lib/python3.10/site-packages/airflow/example_dags/example_branch_operator.py took 0.090 seconds
[2024-02-10T04:54:09.387+0000] {processor.py:161} INFO - Started process (PID=9493) to work on /workspaces/Airflow_101/airflow_tutorial/py_env/lib/python3.10/site-packages/airflow/example_dags/example_branch_operator.py
[2024-02-10T04:54:09.388+0000] {processor.py:830} INFO - Processing file /workspaces/Airflow_101/airflow_tutorial/py_env/lib/python3.10/site-packages/airflow/example_dags/example_branch_operator.py for tasks to queue
[2024-02-10T04:54:09.388+0000] {logging_mixin.py:188} INFO - [2024-02-10T04:54:09.388+0000] {dagbag.py:538} INFO - Filling up the DagBag from /workspaces/Airflow_101/airflow_tutorial/py_env/lib/python3.10/site-packages/airflow/example_dags/example_branch_operator.py
[2024-02-10T04:54:09.402+0000] {processor.py:840} INFO - DAG(s) 'example_branch_operator' retrieved from /workspaces/Airflow_101/airflow_tutorial/py_env/lib/python3.10/site-packages/airflow/example_dags/example_branch_operator.py
[2024-02-10T04:54:09.420+0000] {logging_mixin.py:188} INFO - [2024-02-10T04:54:09.420+0000] {dag.py:3036} INFO - Sync 1 DAGs
[2024-02-10T04:54:09.436+0000] {logging_mixin.py:188} INFO - [2024-02-10T04:54:09.436+0000] {dag.py:3823} INFO - Setting next_dagrun for example_branch_operator to 2024-02-09 00:00:00+00:00, run_after=2024-02-10 00:00:00+00:00
[2024-02-10T04:54:09.477+0000] {processor.py:183} INFO - Processing /workspaces/Airflow_101/airflow_tutorial/py_env/lib/python3.10/site-packages/airflow/example_dags/example_branch_operator.py took 0.092 seconds
[2024-02-10T04:54:58.297+0000] {processor.py:161} INFO - Started process (PID=9903) to work on /workspaces/Airflow_101/airflow_tutorial/py_env/lib/python3.10/site-packages/airflow/example_dags/example_branch_operator.py
[2024-02-10T04:54:58.297+0000] {processor.py:830} INFO - Processing file /workspaces/Airflow_101/airflow_tutorial/py_env/lib/python3.10/site-packages/airflow/example_dags/example_branch_operator.py for tasks to queue
[2024-02-10T04:54:58.298+0000] {logging_mixin.py:188} INFO - [2024-02-10T04:54:58.298+0000] {dagbag.py:538} INFO - Filling up the DagBag from /workspaces/Airflow_101/airflow_tutorial/py_env/lib/python3.10/site-packages/airflow/example_dags/example_branch_operator.py
[2024-02-10T04:54:58.312+0000] {processor.py:840} INFO - DAG(s) 'example_branch_operator' retrieved from /workspaces/Airflow_101/airflow_tutorial/py_env/lib/python3.10/site-packages/airflow/example_dags/example_branch_operator.py
[2024-02-10T04:54:58.329+0000] {logging_mixin.py:188} INFO - [2024-02-10T04:54:58.329+0000] {dag.py:3036} INFO - Sync 1 DAGs
[2024-02-10T04:54:58.346+0000] {logging_mixin.py:188} INFO - [2024-02-10T04:54:58.345+0000] {dag.py:3823} INFO - Setting next_dagrun for example_branch_operator to 2024-02-09 00:00:00+00:00, run_after=2024-02-10 00:00:00+00:00
[2024-02-10T04:54:58.405+0000] {processor.py:183} INFO - Processing /workspaces/Airflow_101/airflow_tutorial/py_env/lib/python3.10/site-packages/airflow/example_dags/example_branch_operator.py took 0.110 seconds
