[2024-02-10T04:52:01.313+0000] {processor.py:161} INFO - Started process (PID=8308) to work on /workspaces/Airflow_101/airflow_tutorial/py_env/lib/python3.10/site-packages/airflow/example_dags/example_dynamic_task_mapping.py
[2024-02-10T04:52:01.314+0000] {processor.py:830} INFO - Processing file /workspaces/Airflow_101/airflow_tutorial/py_env/lib/python3.10/site-packages/airflow/example_dags/example_dynamic_task_mapping.py for tasks to queue
[2024-02-10T04:52:01.315+0000] {logging_mixin.py:188} INFO - [2024-02-10T04:52:01.314+0000] {dagbag.py:538} INFO - Filling up the DagBag from /workspaces/Airflow_101/airflow_tutorial/py_env/lib/python3.10/site-packages/airflow/example_dags/example_dynamic_task_mapping.py
[2024-02-10T04:52:01.320+0000] {processor.py:840} INFO - DAG(s) 'example_dynamic_task_mapping' retrieved from /workspaces/Airflow_101/airflow_tutorial/py_env/lib/python3.10/site-packages/airflow/example_dags/example_dynamic_task_mapping.py
[2024-02-10T04:52:01.465+0000] {logging_mixin.py:188} INFO - [2024-02-10T04:52:01.464+0000] {override.py:1769} INFO - Created Permission View: can delete on DAG:example_dynamic_task_mapping
[2024-02-10T04:52:01.511+0000] {logging_mixin.py:188} INFO - [2024-02-10T04:52:01.511+0000] {override.py:1769} INFO - Created Permission View: can read on DAG:example_dynamic_task_mapping
[2024-02-10T04:52:01.540+0000] {logging_mixin.py:188} INFO - [2024-02-10T04:52:01.539+0000] {override.py:1769} INFO - Created Permission View: can edit on DAG:example_dynamic_task_mapping
[2024-02-10T04:52:01.540+0000] {logging_mixin.py:188} INFO - [2024-02-10T04:52:01.540+0000] {dag.py:3036} INFO - Sync 1 DAGs
[2024-02-10T04:52:01.548+0000] {logging_mixin.py:188} INFO - [2024-02-10T04:52:01.548+0000] {dag.py:3058} INFO - Creating ORM DAG for example_dynamic_task_mapping
[2024-02-10T04:52:01.555+0000] {logging_mixin.py:188} INFO - [2024-02-10T04:52:01.555+0000] {dag.py:3823} INFO - Setting next_dagrun for example_dynamic_task_mapping to 2022-03-04 00:00:00+00:00, run_after=2022-03-05 00:00:00+00:00
[2024-02-10T04:52:01.592+0000] {processor.py:183} INFO - Processing /workspaces/Airflow_101/airflow_tutorial/py_env/lib/python3.10/site-packages/airflow/example_dags/example_dynamic_task_mapping.py took 0.281 seconds
[2024-02-10T04:52:56.782+0000] {processor.py:161} INFO - Started process (PID=8738) to work on /workspaces/Airflow_101/airflow_tutorial/py_env/lib/python3.10/site-packages/airflow/example_dags/example_dynamic_task_mapping.py
[2024-02-10T04:52:56.783+0000] {processor.py:830} INFO - Processing file /workspaces/Airflow_101/airflow_tutorial/py_env/lib/python3.10/site-packages/airflow/example_dags/example_dynamic_task_mapping.py for tasks to queue
[2024-02-10T04:52:56.784+0000] {logging_mixin.py:188} INFO - [2024-02-10T04:52:56.783+0000] {dagbag.py:538} INFO - Filling up the DagBag from /workspaces/Airflow_101/airflow_tutorial/py_env/lib/python3.10/site-packages/airflow/example_dags/example_dynamic_task_mapping.py
[2024-02-10T04:52:56.800+0000] {processor.py:840} INFO - DAG(s) 'example_dynamic_task_mapping' retrieved from /workspaces/Airflow_101/airflow_tutorial/py_env/lib/python3.10/site-packages/airflow/example_dags/example_dynamic_task_mapping.py
[2024-02-10T04:52:56.817+0000] {logging_mixin.py:188} INFO - [2024-02-10T04:52:56.817+0000] {dag.py:3036} INFO - Sync 1 DAGs
[2024-02-10T04:52:56.855+0000] {logging_mixin.py:188} INFO - [2024-02-10T04:52:56.855+0000] {dag.py:3823} INFO - Setting next_dagrun for example_dynamic_task_mapping to 2022-03-04 00:00:00+00:00, run_after=2022-03-05 00:00:00+00:00
[2024-02-10T04:52:56.908+0000] {processor.py:183} INFO - Processing /workspaces/Airflow_101/airflow_tutorial/py_env/lib/python3.10/site-packages/airflow/example_dags/example_dynamic_task_mapping.py took 0.130 seconds
[2024-02-10T04:53:45.065+0000] {processor.py:161} INFO - Started process (PID=9226) to work on /workspaces/Airflow_101/airflow_tutorial/py_env/lib/python3.10/site-packages/airflow/example_dags/example_dynamic_task_mapping.py
[2024-02-10T04:53:45.066+0000] {processor.py:830} INFO - Processing file /workspaces/Airflow_101/airflow_tutorial/py_env/lib/python3.10/site-packages/airflow/example_dags/example_dynamic_task_mapping.py for tasks to queue
[2024-02-10T04:53:45.067+0000] {logging_mixin.py:188} INFO - [2024-02-10T04:53:45.067+0000] {dagbag.py:538} INFO - Filling up the DagBag from /workspaces/Airflow_101/airflow_tutorial/py_env/lib/python3.10/site-packages/airflow/example_dags/example_dynamic_task_mapping.py
[2024-02-10T04:53:45.074+0000] {processor.py:840} INFO - DAG(s) 'example_dynamic_task_mapping' retrieved from /workspaces/Airflow_101/airflow_tutorial/py_env/lib/python3.10/site-packages/airflow/example_dags/example_dynamic_task_mapping.py
[2024-02-10T04:53:45.089+0000] {logging_mixin.py:188} INFO - [2024-02-10T04:53:45.089+0000] {dag.py:3036} INFO - Sync 1 DAGs
[2024-02-10T04:53:45.106+0000] {logging_mixin.py:188} INFO - [2024-02-10T04:53:45.105+0000] {dag.py:3823} INFO - Setting next_dagrun for example_dynamic_task_mapping to 2022-03-04 00:00:00+00:00, run_after=2022-03-05 00:00:00+00:00
[2024-02-10T04:53:45.144+0000] {processor.py:183} INFO - Processing /workspaces/Airflow_101/airflow_tutorial/py_env/lib/python3.10/site-packages/airflow/example_dags/example_dynamic_task_mapping.py took 0.082 seconds
[2024-02-10T04:54:35.178+0000] {processor.py:161} INFO - Started process (PID=9752) to work on /workspaces/Airflow_101/airflow_tutorial/py_env/lib/python3.10/site-packages/airflow/example_dags/example_dynamic_task_mapping.py
[2024-02-10T04:54:35.178+0000] {processor.py:830} INFO - Processing file /workspaces/Airflow_101/airflow_tutorial/py_env/lib/python3.10/site-packages/airflow/example_dags/example_dynamic_task_mapping.py for tasks to queue
[2024-02-10T04:54:35.179+0000] {logging_mixin.py:188} INFO - [2024-02-10T04:54:35.179+0000] {dagbag.py:538} INFO - Filling up the DagBag from /workspaces/Airflow_101/airflow_tutorial/py_env/lib/python3.10/site-packages/airflow/example_dags/example_dynamic_task_mapping.py
[2024-02-10T04:54:35.184+0000] {processor.py:840} INFO - DAG(s) 'example_dynamic_task_mapping' retrieved from /workspaces/Airflow_101/airflow_tutorial/py_env/lib/python3.10/site-packages/airflow/example_dags/example_dynamic_task_mapping.py
[2024-02-10T04:54:35.195+0000] {logging_mixin.py:188} INFO - [2024-02-10T04:54:35.194+0000] {dag.py:3036} INFO - Sync 1 DAGs
[2024-02-10T04:54:35.212+0000] {logging_mixin.py:188} INFO - [2024-02-10T04:54:35.211+0000] {dag.py:3823} INFO - Setting next_dagrun for example_dynamic_task_mapping to 2022-03-04 00:00:00+00:00, run_after=2022-03-05 00:00:00+00:00
[2024-02-10T04:54:35.249+0000] {processor.py:183} INFO - Processing /workspaces/Airflow_101/airflow_tutorial/py_env/lib/python3.10/site-packages/airflow/example_dags/example_dynamic_task_mapping.py took 0.074 seconds
