[2024-02-10T04:51:46.408+0000] {processor.py:161} INFO - Started process (PID=8186) to work on /workspaces/Airflow_101/airflow_tutorial/py_env/lib/python3.10/site-packages/airflow/example_dags/example_setup_teardown_taskflow.py
[2024-02-10T04:51:46.409+0000] {processor.py:830} INFO - Processing file /workspaces/Airflow_101/airflow_tutorial/py_env/lib/python3.10/site-packages/airflow/example_dags/example_setup_teardown_taskflow.py for tasks to queue
[2024-02-10T04:51:46.409+0000] {logging_mixin.py:188} INFO - [2024-02-10T04:51:46.409+0000] {dagbag.py:538} INFO - Filling up the DagBag from /workspaces/Airflow_101/airflow_tutorial/py_env/lib/python3.10/site-packages/airflow/example_dags/example_setup_teardown_taskflow.py
[2024-02-10T04:51:46.419+0000] {processor.py:840} INFO - DAG(s) 'example_setup_teardown_taskflow' retrieved from /workspaces/Airflow_101/airflow_tutorial/py_env/lib/python3.10/site-packages/airflow/example_dags/example_setup_teardown_taskflow.py
[2024-02-10T04:51:46.576+0000] {logging_mixin.py:188} INFO - [2024-02-10T04:51:46.575+0000] {override.py:1769} INFO - Created Permission View: can delete on DAG:example_setup_teardown_taskflow
[2024-02-10T04:51:46.606+0000] {logging_mixin.py:188} INFO - [2024-02-10T04:51:46.606+0000] {override.py:1769} INFO - Created Permission View: can read on DAG:example_setup_teardown_taskflow
[2024-02-10T04:51:46.635+0000] {logging_mixin.py:188} INFO - [2024-02-10T04:51:46.635+0000] {override.py:1769} INFO - Created Permission View: can edit on DAG:example_setup_teardown_taskflow
[2024-02-10T04:51:46.635+0000] {logging_mixin.py:188} INFO - [2024-02-10T04:51:46.635+0000] {dag.py:3036} INFO - Sync 1 DAGs
[2024-02-10T04:51:46.644+0000] {logging_mixin.py:188} INFO - [2024-02-10T04:51:46.644+0000] {dag.py:3058} INFO - Creating ORM DAG for example_setup_teardown_taskflow
[2024-02-10T04:51:46.652+0000] {logging_mixin.py:188} INFO - [2024-02-10T04:51:46.651+0000] {dag.py:3823} INFO - Setting next_dagrun for example_setup_teardown_taskflow to 2024-02-09 00:00:00+00:00, run_after=2024-02-10 00:00:00+00:00
[2024-02-10T04:51:46.706+0000] {processor.py:183} INFO - Processing /workspaces/Airflow_101/airflow_tutorial/py_env/lib/python3.10/site-packages/airflow/example_dags/example_setup_teardown_taskflow.py took 0.301 seconds
[2024-02-10T04:52:43.214+0000] {processor.py:161} INFO - Started process (PID=8642) to work on /workspaces/Airflow_101/airflow_tutorial/py_env/lib/python3.10/site-packages/airflow/example_dags/example_setup_teardown_taskflow.py
[2024-02-10T04:52:43.214+0000] {processor.py:830} INFO - Processing file /workspaces/Airflow_101/airflow_tutorial/py_env/lib/python3.10/site-packages/airflow/example_dags/example_setup_teardown_taskflow.py for tasks to queue
[2024-02-10T04:52:43.215+0000] {logging_mixin.py:188} INFO - [2024-02-10T04:52:43.215+0000] {dagbag.py:538} INFO - Filling up the DagBag from /workspaces/Airflow_101/airflow_tutorial/py_env/lib/python3.10/site-packages/airflow/example_dags/example_setup_teardown_taskflow.py
[2024-02-10T04:52:43.223+0000] {processor.py:840} INFO - DAG(s) 'example_setup_teardown_taskflow' retrieved from /workspaces/Airflow_101/airflow_tutorial/py_env/lib/python3.10/site-packages/airflow/example_dags/example_setup_teardown_taskflow.py
[2024-02-10T04:52:43.236+0000] {logging_mixin.py:188} INFO - [2024-02-10T04:52:43.236+0000] {dag.py:3036} INFO - Sync 1 DAGs
[2024-02-10T04:52:43.251+0000] {logging_mixin.py:188} INFO - [2024-02-10T04:52:43.251+0000] {dag.py:3823} INFO - Setting next_dagrun for example_setup_teardown_taskflow to 2024-02-09 00:00:00+00:00, run_after=2024-02-10 00:00:00+00:00
[2024-02-10T04:52:43.289+0000] {processor.py:183} INFO - Processing /workspaces/Airflow_101/airflow_tutorial/py_env/lib/python3.10/site-packages/airflow/example_dags/example_setup_teardown_taskflow.py took 0.079 seconds
[2024-02-10T04:53:27.830+0000] {processor.py:161} INFO - Started process (PID=8963) to work on /workspaces/Airflow_101/airflow_tutorial/py_env/lib/python3.10/site-packages/airflow/example_dags/example_setup_teardown_taskflow.py
[2024-02-10T04:53:27.831+0000] {processor.py:830} INFO - Processing file /workspaces/Airflow_101/airflow_tutorial/py_env/lib/python3.10/site-packages/airflow/example_dags/example_setup_teardown_taskflow.py for tasks to queue
[2024-02-10T04:53:27.831+0000] {logging_mixin.py:188} INFO - [2024-02-10T04:53:27.831+0000] {dagbag.py:538} INFO - Filling up the DagBag from /workspaces/Airflow_101/airflow_tutorial/py_env/lib/python3.10/site-packages/airflow/example_dags/example_setup_teardown_taskflow.py
[2024-02-10T04:53:27.839+0000] {processor.py:840} INFO - DAG(s) 'example_setup_teardown_taskflow' retrieved from /workspaces/Airflow_101/airflow_tutorial/py_env/lib/python3.10/site-packages/airflow/example_dags/example_setup_teardown_taskflow.py
[2024-02-10T04:53:27.851+0000] {logging_mixin.py:188} INFO - [2024-02-10T04:53:27.851+0000] {dag.py:3036} INFO - Sync 1 DAGs
[2024-02-10T04:53:27.866+0000] {logging_mixin.py:188} INFO - [2024-02-10T04:53:27.866+0000] {dag.py:3823} INFO - Setting next_dagrun for example_setup_teardown_taskflow to 2024-02-09 00:00:00+00:00, run_after=2024-02-10 00:00:00+00:00
[2024-02-10T04:53:27.903+0000] {processor.py:183} INFO - Processing /workspaces/Airflow_101/airflow_tutorial/py_env/lib/python3.10/site-packages/airflow/example_dags/example_setup_teardown_taskflow.py took 0.076 seconds
[2024-02-10T04:54:14.552+0000] {processor.py:161} INFO - Started process (PID=9547) to work on /workspaces/Airflow_101/airflow_tutorial/py_env/lib/python3.10/site-packages/airflow/example_dags/example_setup_teardown_taskflow.py
[2024-02-10T04:54:14.553+0000] {processor.py:830} INFO - Processing file /workspaces/Airflow_101/airflow_tutorial/py_env/lib/python3.10/site-packages/airflow/example_dags/example_setup_teardown_taskflow.py for tasks to queue
[2024-02-10T04:54:14.554+0000] {logging_mixin.py:188} INFO - [2024-02-10T04:54:14.554+0000] {dagbag.py:538} INFO - Filling up the DagBag from /workspaces/Airflow_101/airflow_tutorial/py_env/lib/python3.10/site-packages/airflow/example_dags/example_setup_teardown_taskflow.py
[2024-02-10T04:54:14.567+0000] {processor.py:840} INFO - DAG(s) 'example_setup_teardown_taskflow' retrieved from /workspaces/Airflow_101/airflow_tutorial/py_env/lib/python3.10/site-packages/airflow/example_dags/example_setup_teardown_taskflow.py
[2024-02-10T04:54:14.589+0000] {logging_mixin.py:188} INFO - [2024-02-10T04:54:14.589+0000] {dag.py:3036} INFO - Sync 1 DAGs
[2024-02-10T04:54:14.611+0000] {logging_mixin.py:188} INFO - [2024-02-10T04:54:14.610+0000] {dag.py:3823} INFO - Setting next_dagrun for example_setup_teardown_taskflow to 2024-02-09 00:00:00+00:00, run_after=2024-02-10 00:00:00+00:00
[2024-02-10T04:54:14.655+0000] {processor.py:183} INFO - Processing /workspaces/Airflow_101/airflow_tutorial/py_env/lib/python3.10/site-packages/airflow/example_dags/example_setup_teardown_taskflow.py took 0.106 seconds
[2024-02-10T04:55:06.327+0000] {processor.py:161} INFO - Started process (PID=9964) to work on /workspaces/Airflow_101/airflow_tutorial/py_env/lib/python3.10/site-packages/airflow/example_dags/example_setup_teardown_taskflow.py
[2024-02-10T04:55:06.327+0000] {processor.py:830} INFO - Processing file /workspaces/Airflow_101/airflow_tutorial/py_env/lib/python3.10/site-packages/airflow/example_dags/example_setup_teardown_taskflow.py for tasks to queue
[2024-02-10T04:55:06.328+0000] {logging_mixin.py:188} INFO - [2024-02-10T04:55:06.328+0000] {dagbag.py:538} INFO - Filling up the DagBag from /workspaces/Airflow_101/airflow_tutorial/py_env/lib/python3.10/site-packages/airflow/example_dags/example_setup_teardown_taskflow.py
[2024-02-10T04:55:06.336+0000] {processor.py:840} INFO - DAG(s) 'example_setup_teardown_taskflow' retrieved from /workspaces/Airflow_101/airflow_tutorial/py_env/lib/python3.10/site-packages/airflow/example_dags/example_setup_teardown_taskflow.py
[2024-02-10T04:55:06.347+0000] {logging_mixin.py:188} INFO - [2024-02-10T04:55:06.347+0000] {dag.py:3036} INFO - Sync 1 DAGs
[2024-02-10T04:55:06.363+0000] {logging_mixin.py:188} INFO - [2024-02-10T04:55:06.363+0000] {dag.py:3823} INFO - Setting next_dagrun for example_setup_teardown_taskflow to 2024-02-09 00:00:00+00:00, run_after=2024-02-10 00:00:00+00:00
[2024-02-10T04:55:06.402+0000] {processor.py:183} INFO - Processing /workspaces/Airflow_101/airflow_tutorial/py_env/lib/python3.10/site-packages/airflow/example_dags/example_setup_teardown_taskflow.py took 0.077 seconds
