[2024-02-10T04:51:43.841+0000] {processor.py:161} INFO - Started process (PID=8152) to work on /workspaces/Airflow_101/airflow_tutorial/py_env/lib/python3.10/site-packages/airflow/example_dags/example_skip_dag.py
[2024-02-10T04:51:43.842+0000] {processor.py:830} INFO - Processing file /workspaces/Airflow_101/airflow_tutorial/py_env/lib/python3.10/site-packages/airflow/example_dags/example_skip_dag.py for tasks to queue
[2024-02-10T04:51:43.843+0000] {logging_mixin.py:188} INFO - [2024-02-10T04:51:43.842+0000] {dagbag.py:538} INFO - Filling up the DagBag from /workspaces/Airflow_101/airflow_tutorial/py_env/lib/python3.10/site-packages/airflow/example_dags/example_skip_dag.py
[2024-02-10T04:51:43.850+0000] {processor.py:840} INFO - DAG(s) 'example_skip_dag' retrieved from /workspaces/Airflow_101/airflow_tutorial/py_env/lib/python3.10/site-packages/airflow/example_dags/example_skip_dag.py
[2024-02-10T04:51:44.007+0000] {logging_mixin.py:188} INFO - [2024-02-10T04:51:44.006+0000] {override.py:1769} INFO - Created Permission View: can delete on DAG:example_skip_dag
[2024-02-10T04:51:44.040+0000] {logging_mixin.py:188} INFO - [2024-02-10T04:51:44.040+0000] {override.py:1769} INFO - Created Permission View: can read on DAG:example_skip_dag
[2024-02-10T04:51:44.069+0000] {logging_mixin.py:188} INFO - [2024-02-10T04:51:44.069+0000] {override.py:1769} INFO - Created Permission View: can edit on DAG:example_skip_dag
[2024-02-10T04:51:44.070+0000] {logging_mixin.py:188} INFO - [2024-02-10T04:51:44.070+0000] {dag.py:3036} INFO - Sync 1 DAGs
[2024-02-10T04:51:44.079+0000] {logging_mixin.py:188} INFO - [2024-02-10T04:51:44.078+0000] {dag.py:3058} INFO - Creating ORM DAG for example_skip_dag
[2024-02-10T04:51:44.086+0000] {logging_mixin.py:188} INFO - [2024-02-10T04:51:44.085+0000] {dag.py:3823} INFO - Setting next_dagrun for example_skip_dag to 2024-02-09 00:00:00+00:00, run_after=2024-02-10 00:00:00+00:00
[2024-02-10T04:51:44.129+0000] {processor.py:183} INFO - Processing /workspaces/Airflow_101/airflow_tutorial/py_env/lib/python3.10/site-packages/airflow/example_dags/example_skip_dag.py took 0.290 seconds
[2024-02-10T04:52:40.171+0000] {processor.py:161} INFO - Started process (PID=8633) to work on /workspaces/Airflow_101/airflow_tutorial/py_env/lib/python3.10/site-packages/airflow/example_dags/example_skip_dag.py
[2024-02-10T04:52:40.172+0000] {processor.py:830} INFO - Processing file /workspaces/Airflow_101/airflow_tutorial/py_env/lib/python3.10/site-packages/airflow/example_dags/example_skip_dag.py for tasks to queue
[2024-02-10T04:52:40.172+0000] {logging_mixin.py:188} INFO - [2024-02-10T04:52:40.172+0000] {dagbag.py:538} INFO - Filling up the DagBag from /workspaces/Airflow_101/airflow_tutorial/py_env/lib/python3.10/site-packages/airflow/example_dags/example_skip_dag.py
[2024-02-10T04:52:40.178+0000] {processor.py:840} INFO - DAG(s) 'example_skip_dag' retrieved from /workspaces/Airflow_101/airflow_tutorial/py_env/lib/python3.10/site-packages/airflow/example_dags/example_skip_dag.py
[2024-02-10T04:52:40.190+0000] {logging_mixin.py:188} INFO - [2024-02-10T04:52:40.189+0000] {dag.py:3036} INFO - Sync 1 DAGs
[2024-02-10T04:52:40.205+0000] {logging_mixin.py:188} INFO - [2024-02-10T04:52:40.205+0000] {dag.py:3823} INFO - Setting next_dagrun for example_skip_dag to 2024-02-09 00:00:00+00:00, run_after=2024-02-10 00:00:00+00:00
[2024-02-10T04:52:40.254+0000] {processor.py:183} INFO - Processing /workspaces/Airflow_101/airflow_tutorial/py_env/lib/python3.10/site-packages/airflow/example_dags/example_skip_dag.py took 0.085 seconds
[2024-02-10T04:53:24.780+0000] {processor.py:161} INFO - Started process (PID=8930) to work on /workspaces/Airflow_101/airflow_tutorial/py_env/lib/python3.10/site-packages/airflow/example_dags/example_skip_dag.py
[2024-02-10T04:53:24.781+0000] {processor.py:830} INFO - Processing file /workspaces/Airflow_101/airflow_tutorial/py_env/lib/python3.10/site-packages/airflow/example_dags/example_skip_dag.py for tasks to queue
[2024-02-10T04:53:24.782+0000] {logging_mixin.py:188} INFO - [2024-02-10T04:53:24.782+0000] {dagbag.py:538} INFO - Filling up the DagBag from /workspaces/Airflow_101/airflow_tutorial/py_env/lib/python3.10/site-packages/airflow/example_dags/example_skip_dag.py
[2024-02-10T04:53:24.787+0000] {processor.py:840} INFO - DAG(s) 'example_skip_dag' retrieved from /workspaces/Airflow_101/airflow_tutorial/py_env/lib/python3.10/site-packages/airflow/example_dags/example_skip_dag.py
[2024-02-10T04:53:24.800+0000] {logging_mixin.py:188} INFO - [2024-02-10T04:53:24.800+0000] {dag.py:3036} INFO - Sync 1 DAGs
[2024-02-10T04:53:24.816+0000] {logging_mixin.py:188} INFO - [2024-02-10T04:53:24.815+0000] {dag.py:3823} INFO - Setting next_dagrun for example_skip_dag to 2024-02-09 00:00:00+00:00, run_after=2024-02-10 00:00:00+00:00
[2024-02-10T04:53:24.858+0000] {processor.py:183} INFO - Processing /workspaces/Airflow_101/airflow_tutorial/py_env/lib/python3.10/site-packages/airflow/example_dags/example_skip_dag.py took 0.079 seconds
[2024-02-10T04:54:12.783+0000] {processor.py:161} INFO - Started process (PID=9538) to work on /workspaces/Airflow_101/airflow_tutorial/py_env/lib/python3.10/site-packages/airflow/example_dags/example_skip_dag.py
[2024-02-10T04:54:12.784+0000] {processor.py:830} INFO - Processing file /workspaces/Airflow_101/airflow_tutorial/py_env/lib/python3.10/site-packages/airflow/example_dags/example_skip_dag.py for tasks to queue
[2024-02-10T04:54:12.784+0000] {logging_mixin.py:188} INFO - [2024-02-10T04:54:12.784+0000] {dagbag.py:538} INFO - Filling up the DagBag from /workspaces/Airflow_101/airflow_tutorial/py_env/lib/python3.10/site-packages/airflow/example_dags/example_skip_dag.py
[2024-02-10T04:54:12.790+0000] {processor.py:840} INFO - DAG(s) 'example_skip_dag' retrieved from /workspaces/Airflow_101/airflow_tutorial/py_env/lib/python3.10/site-packages/airflow/example_dags/example_skip_dag.py
[2024-02-10T04:54:12.802+0000] {logging_mixin.py:188} INFO - [2024-02-10T04:54:12.802+0000] {dag.py:3036} INFO - Sync 1 DAGs
[2024-02-10T04:54:12.817+0000] {logging_mixin.py:188} INFO - [2024-02-10T04:54:12.817+0000] {dag.py:3823} INFO - Setting next_dagrun for example_skip_dag to 2024-02-09 00:00:00+00:00, run_after=2024-02-10 00:00:00+00:00
[2024-02-10T04:54:12.856+0000] {processor.py:183} INFO - Processing /workspaces/Airflow_101/airflow_tutorial/py_env/lib/python3.10/site-packages/airflow/example_dags/example_skip_dag.py took 0.075 seconds
[2024-02-10T04:55:02.789+0000] {processor.py:161} INFO - Started process (PID=9943) to work on /workspaces/Airflow_101/airflow_tutorial/py_env/lib/python3.10/site-packages/airflow/example_dags/example_skip_dag.py
[2024-02-10T04:55:02.790+0000] {processor.py:830} INFO - Processing file /workspaces/Airflow_101/airflow_tutorial/py_env/lib/python3.10/site-packages/airflow/example_dags/example_skip_dag.py for tasks to queue
[2024-02-10T04:55:02.791+0000] {logging_mixin.py:188} INFO - [2024-02-10T04:55:02.790+0000] {dagbag.py:538} INFO - Filling up the DagBag from /workspaces/Airflow_101/airflow_tutorial/py_env/lib/python3.10/site-packages/airflow/example_dags/example_skip_dag.py
[2024-02-10T04:55:02.796+0000] {processor.py:840} INFO - DAG(s) 'example_skip_dag' retrieved from /workspaces/Airflow_101/airflow_tutorial/py_env/lib/python3.10/site-packages/airflow/example_dags/example_skip_dag.py
[2024-02-10T04:55:02.808+0000] {logging_mixin.py:188} INFO - [2024-02-10T04:55:02.808+0000] {dag.py:3036} INFO - Sync 1 DAGs
[2024-02-10T04:55:02.823+0000] {logging_mixin.py:188} INFO - [2024-02-10T04:55:02.823+0000] {dag.py:3823} INFO - Setting next_dagrun for example_skip_dag to 2024-02-09 00:00:00+00:00, run_after=2024-02-10 00:00:00+00:00
[2024-02-10T04:55:02.873+0000] {processor.py:183} INFO - Processing /workspaces/Airflow_101/airflow_tutorial/py_env/lib/python3.10/site-packages/airflow/example_dags/example_skip_dag.py took 0.086 seconds
