[2024-02-10T04:52:18.805+0000] {processor.py:161} INFO - Started process (PID=8485) to work on /workspaces/Airflow_101/airflow_tutorial/py_env/lib/python3.10/site-packages/airflow/example_dags/example_branch_python_dop_operator_3.py
[2024-02-10T04:52:18.805+0000] {processor.py:830} INFO - Processing file /workspaces/Airflow_101/airflow_tutorial/py_env/lib/python3.10/site-packages/airflow/example_dags/example_branch_python_dop_operator_3.py for tasks to queue
[2024-02-10T04:52:18.806+0000] {logging_mixin.py:188} INFO - [2024-02-10T04:52:18.806+0000] {dagbag.py:538} INFO - Filling up the DagBag from /workspaces/Airflow_101/airflow_tutorial/py_env/lib/python3.10/site-packages/airflow/example_dags/example_branch_python_dop_operator_3.py
[2024-02-10T04:52:18.814+0000] {processor.py:840} INFO - DAG(s) 'example_branch_dop_operator_v3' retrieved from /workspaces/Airflow_101/airflow_tutorial/py_env/lib/python3.10/site-packages/airflow/example_dags/example_branch_python_dop_operator_3.py
[2024-02-10T04:52:18.945+0000] {logging_mixin.py:188} INFO - [2024-02-10T04:52:18.945+0000] {override.py:1769} INFO - Created Permission View: can delete on DAG:example_branch_dop_operator_v3
[2024-02-10T04:52:18.979+0000] {logging_mixin.py:188} INFO - [2024-02-10T04:52:18.979+0000] {override.py:1769} INFO - Created Permission View: can read on DAG:example_branch_dop_operator_v3
[2024-02-10T04:52:19.006+0000] {logging_mixin.py:188} INFO - [2024-02-10T04:52:19.006+0000] {override.py:1769} INFO - Created Permission View: can edit on DAG:example_branch_dop_operator_v3
[2024-02-10T04:52:19.007+0000] {logging_mixin.py:188} INFO - [2024-02-10T04:52:19.006+0000] {dag.py:3036} INFO - Sync 1 DAGs
[2024-02-10T04:52:19.015+0000] {logging_mixin.py:188} INFO - [2024-02-10T04:52:19.015+0000] {dag.py:3058} INFO - Creating ORM DAG for example_branch_dop_operator_v3
[2024-02-10T04:52:19.026+0000] {logging_mixin.py:188} INFO - [2024-02-10T04:52:19.025+0000] {dag.py:3823} INFO - Setting next_dagrun for example_branch_dop_operator_v3 to 2024-02-10 04:51:00+00:00, run_after=2024-02-10 04:52:00+00:00
[2024-02-10T04:52:19.073+0000] {processor.py:183} INFO - Processing /workspaces/Airflow_101/airflow_tutorial/py_env/lib/python3.10/site-packages/airflow/example_dags/example_branch_python_dop_operator_3.py took 0.270 seconds
[2024-02-10T04:53:09.475+0000] {processor.py:161} INFO - Started process (PID=8829) to work on /workspaces/Airflow_101/airflow_tutorial/py_env/lib/python3.10/site-packages/airflow/example_dags/example_branch_python_dop_operator_3.py
[2024-02-10T04:53:09.475+0000] {processor.py:830} INFO - Processing file /workspaces/Airflow_101/airflow_tutorial/py_env/lib/python3.10/site-packages/airflow/example_dags/example_branch_python_dop_operator_3.py for tasks to queue
[2024-02-10T04:53:09.476+0000] {logging_mixin.py:188} INFO - [2024-02-10T04:53:09.476+0000] {dagbag.py:538} INFO - Filling up the DagBag from /workspaces/Airflow_101/airflow_tutorial/py_env/lib/python3.10/site-packages/airflow/example_dags/example_branch_python_dop_operator_3.py
[2024-02-10T04:53:09.483+0000] {processor.py:840} INFO - DAG(s) 'example_branch_dop_operator_v3' retrieved from /workspaces/Airflow_101/airflow_tutorial/py_env/lib/python3.10/site-packages/airflow/example_dags/example_branch_python_dop_operator_3.py
[2024-02-10T04:53:09.494+0000] {logging_mixin.py:188} INFO - [2024-02-10T04:53:09.494+0000] {dag.py:3036} INFO - Sync 1 DAGs
[2024-02-10T04:53:09.513+0000] {logging_mixin.py:188} INFO - [2024-02-10T04:53:09.513+0000] {dag.py:3823} INFO - Setting next_dagrun for example_branch_dop_operator_v3 to 2024-02-10 04:52:00+00:00, run_after=2024-02-10 04:53:00+00:00
[2024-02-10T04:53:09.550+0000] {processor.py:183} INFO - Processing /workspaces/Airflow_101/airflow_tutorial/py_env/lib/python3.10/site-packages/airflow/example_dags/example_branch_python_dop_operator_3.py took 0.077 seconds
[2024-02-10T04:54:06.489+0000] {processor.py:161} INFO - Started process (PID=9466) to work on /workspaces/Airflow_101/airflow_tutorial/py_env/lib/python3.10/site-packages/airflow/example_dags/example_branch_python_dop_operator_3.py
[2024-02-10T04:54:06.490+0000] {processor.py:830} INFO - Processing file /workspaces/Airflow_101/airflow_tutorial/py_env/lib/python3.10/site-packages/airflow/example_dags/example_branch_python_dop_operator_3.py for tasks to queue
[2024-02-10T04:54:06.491+0000] {logging_mixin.py:188} INFO - [2024-02-10T04:54:06.490+0000] {dagbag.py:538} INFO - Filling up the DagBag from /workspaces/Airflow_101/airflow_tutorial/py_env/lib/python3.10/site-packages/airflow/example_dags/example_branch_python_dop_operator_3.py
[2024-02-10T04:54:06.498+0000] {processor.py:840} INFO - DAG(s) 'example_branch_dop_operator_v3' retrieved from /workspaces/Airflow_101/airflow_tutorial/py_env/lib/python3.10/site-packages/airflow/example_dags/example_branch_python_dop_operator_3.py
[2024-02-10T04:54:06.509+0000] {logging_mixin.py:188} INFO - [2024-02-10T04:54:06.509+0000] {dag.py:3036} INFO - Sync 1 DAGs
[2024-02-10T04:54:06.527+0000] {logging_mixin.py:188} INFO - [2024-02-10T04:54:06.527+0000] {dag.py:3823} INFO - Setting next_dagrun for example_branch_dop_operator_v3 to 2024-02-10 04:53:00+00:00, run_after=2024-02-10 04:54:00+00:00
[2024-02-10T04:54:06.568+0000] {processor.py:183} INFO - Processing /workspaces/Airflow_101/airflow_tutorial/py_env/lib/python3.10/site-packages/airflow/example_dags/example_branch_python_dop_operator_3.py took 0.081 seconds
[2024-02-10T04:54:54.864+0000] {processor.py:161} INFO - Started process (PID=9894) to work on /workspaces/Airflow_101/airflow_tutorial/py_env/lib/python3.10/site-packages/airflow/example_dags/example_branch_python_dop_operator_3.py
[2024-02-10T04:54:54.865+0000] {processor.py:830} INFO - Processing file /workspaces/Airflow_101/airflow_tutorial/py_env/lib/python3.10/site-packages/airflow/example_dags/example_branch_python_dop_operator_3.py for tasks to queue
[2024-02-10T04:54:54.866+0000] {logging_mixin.py:188} INFO - [2024-02-10T04:54:54.866+0000] {dagbag.py:538} INFO - Filling up the DagBag from /workspaces/Airflow_101/airflow_tutorial/py_env/lib/python3.10/site-packages/airflow/example_dags/example_branch_python_dop_operator_3.py
[2024-02-10T04:54:54.873+0000] {processor.py:840} INFO - DAG(s) 'example_branch_dop_operator_v3' retrieved from /workspaces/Airflow_101/airflow_tutorial/py_env/lib/python3.10/site-packages/airflow/example_dags/example_branch_python_dop_operator_3.py
[2024-02-10T04:54:54.884+0000] {logging_mixin.py:188} INFO - [2024-02-10T04:54:54.884+0000] {dag.py:3036} INFO - Sync 1 DAGs
[2024-02-10T04:54:54.903+0000] {logging_mixin.py:188} INFO - [2024-02-10T04:54:54.902+0000] {dag.py:3823} INFO - Setting next_dagrun for example_branch_dop_operator_v3 to 2024-02-10 04:53:00+00:00, run_after=2024-02-10 04:54:00+00:00
[2024-02-10T04:54:54.941+0000] {processor.py:183} INFO - Processing /workspaces/Airflow_101/airflow_tutorial/py_env/lib/python3.10/site-packages/airflow/example_dags/example_branch_python_dop_operator_3.py took 0.079 seconds
