[2024-02-10T04:51:56.014+0000] {processor.py:161} INFO - Started process (PID=8279) to work on /workspaces/Airflow_101/airflow_tutorial/py_env/lib/python3.10/site-packages/airflow/example_dags/example_trigger_target_dag.py
[2024-02-10T04:51:56.015+0000] {processor.py:830} INFO - Processing file /workspaces/Airflow_101/airflow_tutorial/py_env/lib/python3.10/site-packages/airflow/example_dags/example_trigger_target_dag.py for tasks to queue
[2024-02-10T04:51:56.016+0000] {logging_mixin.py:188} INFO - [2024-02-10T04:51:56.016+0000] {dagbag.py:538} INFO - Filling up the DagBag from /workspaces/Airflow_101/airflow_tutorial/py_env/lib/python3.10/site-packages/airflow/example_dags/example_trigger_target_dag.py
[2024-02-10T04:51:56.022+0000] {processor.py:840} INFO - DAG(s) 'example_trigger_target_dag' retrieved from /workspaces/Airflow_101/airflow_tutorial/py_env/lib/python3.10/site-packages/airflow/example_dags/example_trigger_target_dag.py
[2024-02-10T04:51:56.175+0000] {logging_mixin.py:188} INFO - [2024-02-10T04:51:56.174+0000] {override.py:1769} INFO - Created Permission View: can delete on DAG:example_trigger_target_dag
[2024-02-10T04:51:56.206+0000] {logging_mixin.py:188} INFO - [2024-02-10T04:51:56.205+0000] {override.py:1769} INFO - Created Permission View: can read on DAG:example_trigger_target_dag
[2024-02-10T04:51:56.235+0000] {logging_mixin.py:188} INFO - [2024-02-10T04:51:56.234+0000] {override.py:1769} INFO - Created Permission View: can edit on DAG:example_trigger_target_dag
[2024-02-10T04:51:56.235+0000] {logging_mixin.py:188} INFO - [2024-02-10T04:51:56.235+0000] {dag.py:3036} INFO - Sync 1 DAGs
[2024-02-10T04:51:56.243+0000] {logging_mixin.py:188} INFO - [2024-02-10T04:51:56.243+0000] {dag.py:3058} INFO - Creating ORM DAG for example_trigger_target_dag
[2024-02-10T04:51:56.244+0000] {logging_mixin.py:188} INFO - [2024-02-10T04:51:56.244+0000] {dag.py:3823} INFO - Setting next_dagrun for example_trigger_target_dag to None, run_after=None
[2024-02-10T04:51:56.296+0000] {processor.py:183} INFO - Processing /workspaces/Airflow_101/airflow_tutorial/py_env/lib/python3.10/site-packages/airflow/example_dags/example_trigger_target_dag.py took 0.285 seconds
[2024-02-10T04:52:51.661+0000] {processor.py:161} INFO - Started process (PID=8704) to work on /workspaces/Airflow_101/airflow_tutorial/py_env/lib/python3.10/site-packages/airflow/example_dags/example_trigger_target_dag.py
[2024-02-10T04:52:51.662+0000] {processor.py:830} INFO - Processing file /workspaces/Airflow_101/airflow_tutorial/py_env/lib/python3.10/site-packages/airflow/example_dags/example_trigger_target_dag.py for tasks to queue
[2024-02-10T04:52:51.663+0000] {logging_mixin.py:188} INFO - [2024-02-10T04:52:51.662+0000] {dagbag.py:538} INFO - Filling up the DagBag from /workspaces/Airflow_101/airflow_tutorial/py_env/lib/python3.10/site-packages/airflow/example_dags/example_trigger_target_dag.py
[2024-02-10T04:52:51.669+0000] {processor.py:840} INFO - DAG(s) 'example_trigger_target_dag' retrieved from /workspaces/Airflow_101/airflow_tutorial/py_env/lib/python3.10/site-packages/airflow/example_dags/example_trigger_target_dag.py
[2024-02-10T04:52:51.686+0000] {logging_mixin.py:188} INFO - [2024-02-10T04:52:51.686+0000] {dag.py:3036} INFO - Sync 1 DAGs
[2024-02-10T04:52:51.698+0000] {logging_mixin.py:188} INFO - [2024-02-10T04:52:51.698+0000] {dag.py:3823} INFO - Setting next_dagrun for example_trigger_target_dag to None, run_after=None
[2024-02-10T04:52:51.741+0000] {processor.py:183} INFO - Processing /workspaces/Airflow_101/airflow_tutorial/py_env/lib/python3.10/site-packages/airflow/example_dags/example_trigger_target_dag.py took 0.084 seconds
[2024-02-10T04:53:40.538+0000] {processor.py:161} INFO - Started process (PID=9176) to work on /workspaces/Airflow_101/airflow_tutorial/py_env/lib/python3.10/site-packages/airflow/example_dags/example_trigger_target_dag.py
[2024-02-10T04:53:40.538+0000] {processor.py:830} INFO - Processing file /workspaces/Airflow_101/airflow_tutorial/py_env/lib/python3.10/site-packages/airflow/example_dags/example_trigger_target_dag.py for tasks to queue
[2024-02-10T04:53:40.539+0000] {logging_mixin.py:188} INFO - [2024-02-10T04:53:40.539+0000] {dagbag.py:538} INFO - Filling up the DagBag from /workspaces/Airflow_101/airflow_tutorial/py_env/lib/python3.10/site-packages/airflow/example_dags/example_trigger_target_dag.py
[2024-02-10T04:53:40.544+0000] {processor.py:840} INFO - DAG(s) 'example_trigger_target_dag' retrieved from /workspaces/Airflow_101/airflow_tutorial/py_env/lib/python3.10/site-packages/airflow/example_dags/example_trigger_target_dag.py
[2024-02-10T04:53:40.554+0000] {logging_mixin.py:188} INFO - [2024-02-10T04:53:40.554+0000] {dag.py:3036} INFO - Sync 1 DAGs
[2024-02-10T04:53:40.563+0000] {logging_mixin.py:188} INFO - [2024-02-10T04:53:40.562+0000] {dag.py:3823} INFO - Setting next_dagrun for example_trigger_target_dag to None, run_after=None
[2024-02-10T04:53:40.601+0000] {processor.py:183} INFO - Processing /workspaces/Airflow_101/airflow_tutorial/py_env/lib/python3.10/site-packages/airflow/example_dags/example_trigger_target_dag.py took 0.066 seconds
[2024-02-10T04:54:30.986+0000] {processor.py:161} INFO - Started process (PID=9729) to work on /workspaces/Airflow_101/airflow_tutorial/py_env/lib/python3.10/site-packages/airflow/example_dags/example_trigger_target_dag.py
[2024-02-10T04:54:30.987+0000] {processor.py:830} INFO - Processing file /workspaces/Airflow_101/airflow_tutorial/py_env/lib/python3.10/site-packages/airflow/example_dags/example_trigger_target_dag.py for tasks to queue
[2024-02-10T04:54:30.988+0000] {logging_mixin.py:188} INFO - [2024-02-10T04:54:30.988+0000] {dagbag.py:538} INFO - Filling up the DagBag from /workspaces/Airflow_101/airflow_tutorial/py_env/lib/python3.10/site-packages/airflow/example_dags/example_trigger_target_dag.py
[2024-02-10T04:54:30.993+0000] {processor.py:840} INFO - DAG(s) 'example_trigger_target_dag' retrieved from /workspaces/Airflow_101/airflow_tutorial/py_env/lib/python3.10/site-packages/airflow/example_dags/example_trigger_target_dag.py
[2024-02-10T04:54:31.005+0000] {logging_mixin.py:188} INFO - [2024-02-10T04:54:31.005+0000] {dag.py:3036} INFO - Sync 1 DAGs
[2024-02-10T04:54:31.014+0000] {logging_mixin.py:188} INFO - [2024-02-10T04:54:31.014+0000] {dag.py:3823} INFO - Setting next_dagrun for example_trigger_target_dag to None, run_after=None
[2024-02-10T04:54:31.060+0000] {processor.py:183} INFO - Processing /workspaces/Airflow_101/airflow_tutorial/py_env/lib/python3.10/site-packages/airflow/example_dags/example_trigger_target_dag.py took 0.076 seconds
