[2024-02-10T04:52:01.082+0000] {processor.py:161} INFO - Started process (PID=8307) to work on /workspaces/Airflow_101/airflow_tutorial/py_env/lib/python3.10/site-packages/airflow/example_dags/example_local_kubernetes_executor.py
[2024-02-10T04:52:01.083+0000] {processor.py:830} INFO - Processing file /workspaces/Airflow_101/airflow_tutorial/py_env/lib/python3.10/site-packages/airflow/example_dags/example_local_kubernetes_executor.py for tasks to queue
[2024-02-10T04:52:01.084+0000] {logging_mixin.py:188} INFO - [2024-02-10T04:52:01.084+0000] {dagbag.py:538} INFO - Filling up the DagBag from /workspaces/Airflow_101/airflow_tutorial/py_env/lib/python3.10/site-packages/airflow/example_dags/example_local_kubernetes_executor.py
[2024-02-10T04:52:01.088+0000] {logging_mixin.py:188} INFO - [2024-02-10T04:52:01.087+0000] {example_local_kubernetes_executor.py:39} WARNING - Could not import DAGs in example_local_kubernetes_executor.py
Traceback (most recent call last):
  File "/workspaces/Airflow_101/airflow_tutorial/py_env/lib/python3.10/site-packages/airflow/example_dags/example_local_kubernetes_executor.py", line 37, in <module>
    from kubernetes.client import models as k8s
ModuleNotFoundError: No module named 'kubernetes'
[2024-02-10T04:52:01.088+0000] {logging_mixin.py:188} INFO - [2024-02-10T04:52:01.088+0000] {example_local_kubernetes_executor.py:40} WARNING - Install Kubernetes dependencies with: pip install apache-airflow[cncf.kubernetes]
[2024-02-10T04:52:01.088+0000] {processor.py:842} WARNING - No viable dags retrieved from /workspaces/Airflow_101/airflow_tutorial/py_env/lib/python3.10/site-packages/airflow/example_dags/example_local_kubernetes_executor.py
[2024-02-10T04:52:01.099+0000] {processor.py:183} INFO - Processing /workspaces/Airflow_101/airflow_tutorial/py_env/lib/python3.10/site-packages/airflow/example_dags/example_local_kubernetes_executor.py took 0.020 seconds
[2024-02-10T04:52:55.612+0000] {processor.py:161} INFO - Started process (PID=8726) to work on /workspaces/Airflow_101/airflow_tutorial/py_env/lib/python3.10/site-packages/airflow/example_dags/example_local_kubernetes_executor.py
[2024-02-10T04:52:55.613+0000] {processor.py:830} INFO - Processing file /workspaces/Airflow_101/airflow_tutorial/py_env/lib/python3.10/site-packages/airflow/example_dags/example_local_kubernetes_executor.py for tasks to queue
[2024-02-10T04:52:55.614+0000] {logging_mixin.py:188} INFO - [2024-02-10T04:52:55.613+0000] {dagbag.py:538} INFO - Filling up the DagBag from /workspaces/Airflow_101/airflow_tutorial/py_env/lib/python3.10/site-packages/airflow/example_dags/example_local_kubernetes_executor.py
[2024-02-10T04:52:55.616+0000] {logging_mixin.py:188} INFO - [2024-02-10T04:52:55.616+0000] {example_local_kubernetes_executor.py:39} WARNING - Could not import DAGs in example_local_kubernetes_executor.py
Traceback (most recent call last):
  File "/workspaces/Airflow_101/airflow_tutorial/py_env/lib/python3.10/site-packages/airflow/example_dags/example_local_kubernetes_executor.py", line 37, in <module>
    from kubernetes.client import models as k8s
ModuleNotFoundError: No module named 'kubernetes'
[2024-02-10T04:52:55.616+0000] {logging_mixin.py:188} INFO - [2024-02-10T04:52:55.616+0000] {example_local_kubernetes_executor.py:40} WARNING - Install Kubernetes dependencies with: pip install apache-airflow[cncf.kubernetes]
[2024-02-10T04:52:55.617+0000] {processor.py:842} WARNING - No viable dags retrieved from /workspaces/Airflow_101/airflow_tutorial/py_env/lib/python3.10/site-packages/airflow/example_dags/example_local_kubernetes_executor.py
[2024-02-10T04:52:55.624+0000] {processor.py:183} INFO - Processing /workspaces/Airflow_101/airflow_tutorial/py_env/lib/python3.10/site-packages/airflow/example_dags/example_local_kubernetes_executor.py took 0.014 seconds
[2024-02-10T04:53:43.919+0000] {processor.py:161} INFO - Started process (PID=9222) to work on /workspaces/Airflow_101/airflow_tutorial/py_env/lib/python3.10/site-packages/airflow/example_dags/example_local_kubernetes_executor.py
[2024-02-10T04:53:43.920+0000] {processor.py:830} INFO - Processing file /workspaces/Airflow_101/airflow_tutorial/py_env/lib/python3.10/site-packages/airflow/example_dags/example_local_kubernetes_executor.py for tasks to queue
[2024-02-10T04:53:43.920+0000] {logging_mixin.py:188} INFO - [2024-02-10T04:53:43.920+0000] {dagbag.py:538} INFO - Filling up the DagBag from /workspaces/Airflow_101/airflow_tutorial/py_env/lib/python3.10/site-packages/airflow/example_dags/example_local_kubernetes_executor.py
[2024-02-10T04:53:43.923+0000] {logging_mixin.py:188} INFO - [2024-02-10T04:53:43.922+0000] {example_local_kubernetes_executor.py:39} WARNING - Could not import DAGs in example_local_kubernetes_executor.py
Traceback (most recent call last):
  File "/workspaces/Airflow_101/airflow_tutorial/py_env/lib/python3.10/site-packages/airflow/example_dags/example_local_kubernetes_executor.py", line 37, in <module>
    from kubernetes.client import models as k8s
ModuleNotFoundError: No module named 'kubernetes'
[2024-02-10T04:53:43.923+0000] {logging_mixin.py:188} INFO - [2024-02-10T04:53:43.923+0000] {example_local_kubernetes_executor.py:40} WARNING - Install Kubernetes dependencies with: pip install apache-airflow[cncf.kubernetes]
[2024-02-10T04:53:43.923+0000] {processor.py:842} WARNING - No viable dags retrieved from /workspaces/Airflow_101/airflow_tutorial/py_env/lib/python3.10/site-packages/airflow/example_dags/example_local_kubernetes_executor.py
[2024-02-10T04:53:43.930+0000] {processor.py:183} INFO - Processing /workspaces/Airflow_101/airflow_tutorial/py_env/lib/python3.10/site-packages/airflow/example_dags/example_local_kubernetes_executor.py took 0.014 seconds
[2024-02-10T04:54:34.015+0000] {processor.py:161} INFO - Started process (PID=9745) to work on /workspaces/Airflow_101/airflow_tutorial/py_env/lib/python3.10/site-packages/airflow/example_dags/example_local_kubernetes_executor.py
[2024-02-10T04:54:34.016+0000] {processor.py:830} INFO - Processing file /workspaces/Airflow_101/airflow_tutorial/py_env/lib/python3.10/site-packages/airflow/example_dags/example_local_kubernetes_executor.py for tasks to queue
[2024-02-10T04:54:34.017+0000] {logging_mixin.py:188} INFO - [2024-02-10T04:54:34.016+0000] {dagbag.py:538} INFO - Filling up the DagBag from /workspaces/Airflow_101/airflow_tutorial/py_env/lib/python3.10/site-packages/airflow/example_dags/example_local_kubernetes_executor.py
[2024-02-10T04:54:34.019+0000] {logging_mixin.py:188} INFO - [2024-02-10T04:54:34.019+0000] {example_local_kubernetes_executor.py:39} WARNING - Could not import DAGs in example_local_kubernetes_executor.py
Traceback (most recent call last):
  File "/workspaces/Airflow_101/airflow_tutorial/py_env/lib/python3.10/site-packages/airflow/example_dags/example_local_kubernetes_executor.py", line 37, in <module>
    from kubernetes.client import models as k8s
ModuleNotFoundError: No module named 'kubernetes'
[2024-02-10T04:54:34.019+0000] {logging_mixin.py:188} INFO - [2024-02-10T04:54:34.019+0000] {example_local_kubernetes_executor.py:40} WARNING - Install Kubernetes dependencies with: pip install apache-airflow[cncf.kubernetes]
[2024-02-10T04:54:34.020+0000] {processor.py:842} WARNING - No viable dags retrieved from /workspaces/Airflow_101/airflow_tutorial/py_env/lib/python3.10/site-packages/airflow/example_dags/example_local_kubernetes_executor.py
[2024-02-10T04:54:34.028+0000] {processor.py:183} INFO - Processing /workspaces/Airflow_101/airflow_tutorial/py_env/lib/python3.10/site-packages/airflow/example_dags/example_local_kubernetes_executor.py took 0.016 seconds
