[2024-02-10T04:51:59.952+0000] {processor.py:161} INFO - Started process (PID=8300) to work on /workspaces/Airflow_101/airflow_tutorial/py_env/lib/python3.10/site-packages/airflow/example_dags/example_python_decorator.py
[2024-02-10T04:51:59.953+0000] {processor.py:830} INFO - Processing file /workspaces/Airflow_101/airflow_tutorial/py_env/lib/python3.10/site-packages/airflow/example_dags/example_python_decorator.py for tasks to queue
[2024-02-10T04:51:59.954+0000] {logging_mixin.py:188} INFO - [2024-02-10T04:51:59.953+0000] {dagbag.py:538} INFO - Filling up the DagBag from /workspaces/Airflow_101/airflow_tutorial/py_env/lib/python3.10/site-packages/airflow/example_dags/example_python_decorator.py
[2024-02-10T04:51:59.964+0000] {processor.py:840} INFO - DAG(s) 'example_python_decorator' retrieved from /workspaces/Airflow_101/airflow_tutorial/py_env/lib/python3.10/site-packages/airflow/example_dags/example_python_decorator.py
[2024-02-10T04:52:00.119+0000] {logging_mixin.py:188} INFO - [2024-02-10T04:52:00.119+0000] {override.py:1769} INFO - Created Permission View: can delete on DAG:example_python_decorator
[2024-02-10T04:52:00.151+0000] {logging_mixin.py:188} INFO - [2024-02-10T04:52:00.150+0000] {override.py:1769} INFO - Created Permission View: can read on DAG:example_python_decorator
[2024-02-10T04:52:00.179+0000] {logging_mixin.py:188} INFO - [2024-02-10T04:52:00.179+0000] {override.py:1769} INFO - Created Permission View: can edit on DAG:example_python_decorator
[2024-02-10T04:52:00.180+0000] {logging_mixin.py:188} INFO - [2024-02-10T04:52:00.180+0000] {dag.py:3036} INFO - Sync 1 DAGs
[2024-02-10T04:52:00.188+0000] {logging_mixin.py:188} INFO - [2024-02-10T04:52:00.188+0000] {dag.py:3058} INFO - Creating ORM DAG for example_python_decorator
[2024-02-10T04:52:00.188+0000] {logging_mixin.py:188} INFO - [2024-02-10T04:52:00.188+0000] {dag.py:3823} INFO - Setting next_dagrun for example_python_decorator to None, run_after=None
[2024-02-10T04:52:00.249+0000] {processor.py:183} INFO - Processing /workspaces/Airflow_101/airflow_tutorial/py_env/lib/python3.10/site-packages/airflow/example_dags/example_python_decorator.py took 0.299 seconds
[2024-02-10T04:52:54.479+0000] {processor.py:161} INFO - Started process (PID=8725) to work on /workspaces/Airflow_101/airflow_tutorial/py_env/lib/python3.10/site-packages/airflow/example_dags/example_python_decorator.py
[2024-02-10T04:52:54.480+0000] {processor.py:830} INFO - Processing file /workspaces/Airflow_101/airflow_tutorial/py_env/lib/python3.10/site-packages/airflow/example_dags/example_python_decorator.py for tasks to queue
[2024-02-10T04:52:54.481+0000] {logging_mixin.py:188} INFO - [2024-02-10T04:52:54.481+0000] {dagbag.py:538} INFO - Filling up the DagBag from /workspaces/Airflow_101/airflow_tutorial/py_env/lib/python3.10/site-packages/airflow/example_dags/example_python_decorator.py
[2024-02-10T04:52:54.492+0000] {processor.py:840} INFO - DAG(s) 'example_python_decorator' retrieved from /workspaces/Airflow_101/airflow_tutorial/py_env/lib/python3.10/site-packages/airflow/example_dags/example_python_decorator.py
[2024-02-10T04:52:54.506+0000] {logging_mixin.py:188} INFO - [2024-02-10T04:52:54.506+0000] {dag.py:3036} INFO - Sync 1 DAGs
[2024-02-10T04:52:54.520+0000] {logging_mixin.py:188} INFO - [2024-02-10T04:52:54.520+0000] {dag.py:3823} INFO - Setting next_dagrun for example_python_decorator to None, run_after=None
[2024-02-10T04:52:54.562+0000] {processor.py:183} INFO - Processing /workspaces/Airflow_101/airflow_tutorial/py_env/lib/python3.10/site-packages/airflow/example_dags/example_python_decorator.py took 0.085 seconds
[2024-02-10T04:53:42.784+0000] {processor.py:161} INFO - Started process (PID=9185) to work on /workspaces/Airflow_101/airflow_tutorial/py_env/lib/python3.10/site-packages/airflow/example_dags/example_python_decorator.py
[2024-02-10T04:53:42.785+0000] {processor.py:830} INFO - Processing file /workspaces/Airflow_101/airflow_tutorial/py_env/lib/python3.10/site-packages/airflow/example_dags/example_python_decorator.py for tasks to queue
[2024-02-10T04:53:42.786+0000] {logging_mixin.py:188} INFO - [2024-02-10T04:53:42.785+0000] {dagbag.py:538} INFO - Filling up the DagBag from /workspaces/Airflow_101/airflow_tutorial/py_env/lib/python3.10/site-packages/airflow/example_dags/example_python_decorator.py
[2024-02-10T04:53:42.796+0000] {processor.py:840} INFO - DAG(s) 'example_python_decorator' retrieved from /workspaces/Airflow_101/airflow_tutorial/py_env/lib/python3.10/site-packages/airflow/example_dags/example_python_decorator.py
[2024-02-10T04:53:42.809+0000] {logging_mixin.py:188} INFO - [2024-02-10T04:53:42.809+0000] {dag.py:3036} INFO - Sync 1 DAGs
[2024-02-10T04:53:42.817+0000] {logging_mixin.py:188} INFO - [2024-02-10T04:53:42.817+0000] {dag.py:3823} INFO - Setting next_dagrun for example_python_decorator to None, run_after=None
[2024-02-10T04:53:42.856+0000] {processor.py:183} INFO - Processing /workspaces/Airflow_101/airflow_tutorial/py_env/lib/python3.10/site-packages/airflow/example_dags/example_python_decorator.py took 0.074 seconds
[2024-02-10T04:54:33.489+0000] {processor.py:161} INFO - Started process (PID=9744) to work on /workspaces/Airflow_101/airflow_tutorial/py_env/lib/python3.10/site-packages/airflow/example_dags/example_python_decorator.py
[2024-02-10T04:54:33.490+0000] {processor.py:830} INFO - Processing file /workspaces/Airflow_101/airflow_tutorial/py_env/lib/python3.10/site-packages/airflow/example_dags/example_python_decorator.py for tasks to queue
[2024-02-10T04:54:33.490+0000] {logging_mixin.py:188} INFO - [2024-02-10T04:54:33.490+0000] {dagbag.py:538} INFO - Filling up the DagBag from /workspaces/Airflow_101/airflow_tutorial/py_env/lib/python3.10/site-packages/airflow/example_dags/example_python_decorator.py
[2024-02-10T04:54:33.501+0000] {processor.py:840} INFO - DAG(s) 'example_python_decorator' retrieved from /workspaces/Airflow_101/airflow_tutorial/py_env/lib/python3.10/site-packages/airflow/example_dags/example_python_decorator.py
[2024-02-10T04:54:33.514+0000] {logging_mixin.py:188} INFO - [2024-02-10T04:54:33.514+0000] {dag.py:3036} INFO - Sync 1 DAGs
[2024-02-10T04:54:33.523+0000] {logging_mixin.py:188} INFO - [2024-02-10T04:54:33.523+0000] {dag.py:3823} INFO - Setting next_dagrun for example_python_decorator to None, run_after=None
[2024-02-10T04:54:33.563+0000] {processor.py:183} INFO - Processing /workspaces/Airflow_101/airflow_tutorial/py_env/lib/python3.10/site-packages/airflow/example_dags/example_python_decorator.py took 0.076 seconds
