[2024-02-10T04:52:10.778+0000] {processor.py:161} INFO - Started process (PID=8401) to work on /workspaces/Airflow_101/airflow_tutorial/py_env/lib/python3.10/site-packages/airflow/example_dags/example_datasets.py
[2024-02-10T04:52:10.778+0000] {processor.py:830} INFO - Processing file /workspaces/Airflow_101/airflow_tutorial/py_env/lib/python3.10/site-packages/airflow/example_dags/example_datasets.py for tasks to queue
[2024-02-10T04:52:10.779+0000] {logging_mixin.py:188} INFO - [2024-02-10T04:52:10.779+0000] {dagbag.py:538} INFO - Filling up the DagBag from /workspaces/Airflow_101/airflow_tutorial/py_env/lib/python3.10/site-packages/airflow/example_dags/example_datasets.py
[2024-02-10T04:52:10.787+0000] {processor.py:840} INFO - DAG(s) 'dataset_consumes_1', 'dataset_consumes_1_never_scheduled', 'dataset_consumes_1_and_2', 'dataset_produces_2', 'dataset_produces_1', 'dataset_consumes_unknown_never_scheduled' retrieved from /workspaces/Airflow_101/airflow_tutorial/py_env/lib/python3.10/site-packages/airflow/example_dags/example_datasets.py
[2024-02-10T04:52:10.923+0000] {logging_mixin.py:188} INFO - [2024-02-10T04:52:10.922+0000] {override.py:1769} INFO - Created Permission View: can delete on DAG:dataset_consumes_1
[2024-02-10T04:52:10.956+0000] {logging_mixin.py:188} INFO - [2024-02-10T04:52:10.955+0000] {override.py:1769} INFO - Created Permission View: can read on DAG:dataset_consumes_1
[2024-02-10T04:52:10.985+0000] {logging_mixin.py:188} INFO - [2024-02-10T04:52:10.985+0000] {override.py:1769} INFO - Created Permission View: can edit on DAG:dataset_consumes_1
[2024-02-10T04:52:11.047+0000] {logging_mixin.py:188} INFO - [2024-02-10T04:52:11.046+0000] {override.py:1769} INFO - Created Permission View: can delete on DAG:dataset_consumes_1_never_scheduled
[2024-02-10T04:52:11.076+0000] {logging_mixin.py:188} INFO - [2024-02-10T04:52:11.076+0000] {override.py:1769} INFO - Created Permission View: can read on DAG:dataset_consumes_1_never_scheduled
[2024-02-10T04:52:11.113+0000] {logging_mixin.py:188} INFO - [2024-02-10T04:52:11.112+0000] {override.py:1769} INFO - Created Permission View: can edit on DAG:dataset_consumes_1_never_scheduled
[2024-02-10T04:52:11.185+0000] {logging_mixin.py:188} INFO - [2024-02-10T04:52:11.185+0000] {override.py:1769} INFO - Created Permission View: can delete on DAG:dataset_consumes_1_and_2
[2024-02-10T04:52:11.226+0000] {logging_mixin.py:188} INFO - [2024-02-10T04:52:11.226+0000] {override.py:1769} INFO - Created Permission View: can read on DAG:dataset_consumes_1_and_2
[2024-02-10T04:52:11.255+0000] {logging_mixin.py:188} INFO - [2024-02-10T04:52:11.255+0000] {override.py:1769} INFO - Created Permission View: can edit on DAG:dataset_consumes_1_and_2
[2024-02-10T04:52:11.319+0000] {logging_mixin.py:188} INFO - [2024-02-10T04:52:11.319+0000] {override.py:1769} INFO - Created Permission View: can delete on DAG:dataset_produces_2
[2024-02-10T04:52:11.348+0000] {logging_mixin.py:188} INFO - [2024-02-10T04:52:11.348+0000] {override.py:1769} INFO - Created Permission View: can read on DAG:dataset_produces_2
[2024-02-10T04:52:11.376+0000] {logging_mixin.py:188} INFO - [2024-02-10T04:52:11.376+0000] {override.py:1769} INFO - Created Permission View: can edit on DAG:dataset_produces_2
[2024-02-10T04:52:11.433+0000] {logging_mixin.py:188} INFO - [2024-02-10T04:52:11.433+0000] {override.py:1769} INFO - Created Permission View: can delete on DAG:dataset_produces_1
[2024-02-10T04:52:11.461+0000] {logging_mixin.py:188} INFO - [2024-02-10T04:52:11.461+0000] {override.py:1769} INFO - Created Permission View: can read on DAG:dataset_produces_1
[2024-02-10T04:52:11.494+0000] {logging_mixin.py:188} INFO - [2024-02-10T04:52:11.494+0000] {override.py:1769} INFO - Created Permission View: can edit on DAG:dataset_produces_1
[2024-02-10T04:52:11.560+0000] {logging_mixin.py:188} INFO - [2024-02-10T04:52:11.559+0000] {override.py:1769} INFO - Created Permission View: can delete on DAG:dataset_consumes_unknown_never_scheduled
[2024-02-10T04:52:11.588+0000] {logging_mixin.py:188} INFO - [2024-02-10T04:52:11.588+0000] {override.py:1769} INFO - Created Permission View: can read on DAG:dataset_consumes_unknown_never_scheduled
[2024-02-10T04:52:11.618+0000] {logging_mixin.py:188} INFO - [2024-02-10T04:52:11.618+0000] {override.py:1769} INFO - Created Permission View: can edit on DAG:dataset_consumes_unknown_never_scheduled
[2024-02-10T04:52:11.619+0000] {logging_mixin.py:188} INFO - [2024-02-10T04:52:11.619+0000] {dag.py:3036} INFO - Sync 6 DAGs
[2024-02-10T04:52:11.627+0000] {logging_mixin.py:188} INFO - [2024-02-10T04:52:11.627+0000] {dag.py:3058} INFO - Creating ORM DAG for dataset_consumes_1_and_2
[2024-02-10T04:52:11.628+0000] {logging_mixin.py:188} INFO - [2024-02-10T04:52:11.628+0000] {dag.py:3058} INFO - Creating ORM DAG for dataset_produces_1
[2024-02-10T04:52:11.628+0000] {logging_mixin.py:188} INFO - [2024-02-10T04:52:11.628+0000] {dag.py:3058} INFO - Creating ORM DAG for dataset_consumes_unknown_never_scheduled
[2024-02-10T04:52:11.629+0000] {logging_mixin.py:188} INFO - [2024-02-10T04:52:11.629+0000] {dag.py:3058} INFO - Creating ORM DAG for dataset_produces_2
[2024-02-10T04:52:11.629+0000] {logging_mixin.py:188} INFO - [2024-02-10T04:52:11.629+0000] {dag.py:3058} INFO - Creating ORM DAG for dataset_consumes_1_never_scheduled
[2024-02-10T04:52:11.630+0000] {logging_mixin.py:188} INFO - [2024-02-10T04:52:11.630+0000] {dag.py:3058} INFO - Creating ORM DAG for dataset_consumes_1
[2024-02-10T04:52:11.636+0000] {logging_mixin.py:188} INFO - [2024-02-10T04:52:11.636+0000] {dag.py:3823} INFO - Setting next_dagrun for dataset_consumes_1 to None, run_after=None
[2024-02-10T04:52:11.637+0000] {logging_mixin.py:188} INFO - [2024-02-10T04:52:11.637+0000] {dag.py:3823} INFO - Setting next_dagrun for dataset_consumes_1_and_2 to None, run_after=None
[2024-02-10T04:52:11.637+0000] {logging_mixin.py:188} INFO - [2024-02-10T04:52:11.637+0000] {dag.py:3823} INFO - Setting next_dagrun for dataset_consumes_1_never_scheduled to None, run_after=None
[2024-02-10T04:52:11.638+0000] {logging_mixin.py:188} INFO - [2024-02-10T04:52:11.638+0000] {dag.py:3823} INFO - Setting next_dagrun for dataset_consumes_unknown_never_scheduled to None, run_after=None
[2024-02-10T04:52:11.640+0000] {logging_mixin.py:188} INFO - [2024-02-10T04:52:11.639+0000] {dag.py:3823} INFO - Setting next_dagrun for dataset_produces_1 to 2024-02-09 00:00:00+00:00, run_after=2024-02-10 00:00:00+00:00
[2024-02-10T04:52:11.640+0000] {logging_mixin.py:188} INFO - [2024-02-10T04:52:11.640+0000] {dag.py:3823} INFO - Setting next_dagrun for dataset_produces_2 to None, run_after=None
[2024-02-10T04:52:11.694+0000] {processor.py:183} INFO - Processing /workspaces/Airflow_101/airflow_tutorial/py_env/lib/python3.10/site-packages/airflow/example_dags/example_datasets.py took 0.918 seconds
[2024-02-10T04:53:03.478+0000] {processor.py:161} INFO - Started process (PID=8780) to work on /workspaces/Airflow_101/airflow_tutorial/py_env/lib/python3.10/site-packages/airflow/example_dags/example_datasets.py
[2024-02-10T04:53:03.479+0000] {processor.py:830} INFO - Processing file /workspaces/Airflow_101/airflow_tutorial/py_env/lib/python3.10/site-packages/airflow/example_dags/example_datasets.py for tasks to queue
[2024-02-10T04:53:03.479+0000] {logging_mixin.py:188} INFO - [2024-02-10T04:53:03.479+0000] {dagbag.py:538} INFO - Filling up the DagBag from /workspaces/Airflow_101/airflow_tutorial/py_env/lib/python3.10/site-packages/airflow/example_dags/example_datasets.py
[2024-02-10T04:53:03.487+0000] {processor.py:840} INFO - DAG(s) 'dataset_consumes_1', 'dataset_consumes_1_never_scheduled', 'dataset_produces_1', 'dataset_consumes_unknown_never_scheduled', 'dataset_consumes_1_and_2', 'dataset_produces_2' retrieved from /workspaces/Airflow_101/airflow_tutorial/py_env/lib/python3.10/site-packages/airflow/example_dags/example_datasets.py
[2024-02-10T04:53:03.507+0000] {logging_mixin.py:188} INFO - [2024-02-10T04:53:03.507+0000] {dag.py:3036} INFO - Sync 6 DAGs
[2024-02-10T04:53:03.522+0000] {logging_mixin.py:188} INFO - [2024-02-10T04:53:03.522+0000] {dag.py:3823} INFO - Setting next_dagrun for dataset_consumes_1 to None, run_after=None
[2024-02-10T04:53:03.525+0000] {logging_mixin.py:188} INFO - [2024-02-10T04:53:03.525+0000] {dag.py:3823} INFO - Setting next_dagrun for dataset_consumes_1_and_2 to None, run_after=None
[2024-02-10T04:53:03.526+0000] {logging_mixin.py:188} INFO - [2024-02-10T04:53:03.526+0000] {dag.py:3823} INFO - Setting next_dagrun for dataset_consumes_1_never_scheduled to None, run_after=None
[2024-02-10T04:53:03.527+0000] {logging_mixin.py:188} INFO - [2024-02-10T04:53:03.527+0000] {dag.py:3823} INFO - Setting next_dagrun for dataset_consumes_unknown_never_scheduled to None, run_after=None
[2024-02-10T04:53:03.530+0000] {logging_mixin.py:188} INFO - [2024-02-10T04:53:03.529+0000] {dag.py:3823} INFO - Setting next_dagrun for dataset_produces_1 to 2024-02-09 00:00:00+00:00, run_after=2024-02-10 00:00:00+00:00
[2024-02-10T04:53:03.530+0000] {logging_mixin.py:188} INFO - [2024-02-10T04:53:03.530+0000] {dag.py:3823} INFO - Setting next_dagrun for dataset_produces_2 to None, run_after=None
[2024-02-10T04:53:03.583+0000] {processor.py:183} INFO - Processing /workspaces/Airflow_101/airflow_tutorial/py_env/lib/python3.10/site-packages/airflow/example_dags/example_datasets.py took 0.107 seconds
[2024-02-10T04:54:00.199+0000] {processor.py:161} INFO - Started process (PID=9413) to work on /workspaces/Airflow_101/airflow_tutorial/py_env/lib/python3.10/site-packages/airflow/example_dags/example_datasets.py
[2024-02-10T04:54:00.200+0000] {processor.py:830} INFO - Processing file /workspaces/Airflow_101/airflow_tutorial/py_env/lib/python3.10/site-packages/airflow/example_dags/example_datasets.py for tasks to queue
[2024-02-10T04:54:00.201+0000] {logging_mixin.py:188} INFO - [2024-02-10T04:54:00.201+0000] {dagbag.py:538} INFO - Filling up the DagBag from /workspaces/Airflow_101/airflow_tutorial/py_env/lib/python3.10/site-packages/airflow/example_dags/example_datasets.py
[2024-02-10T04:54:00.209+0000] {processor.py:840} INFO - DAG(s) 'dataset_produces_2', 'dataset_consumes_1', 'dataset_consumes_1_never_scheduled', 'dataset_consumes_unknown_never_scheduled', 'dataset_produces_1', 'dataset_consumes_1_and_2' retrieved from /workspaces/Airflow_101/airflow_tutorial/py_env/lib/python3.10/site-packages/airflow/example_dags/example_datasets.py
[2024-02-10T04:54:00.232+0000] {logging_mixin.py:188} INFO - [2024-02-10T04:54:00.232+0000] {dag.py:3036} INFO - Sync 6 DAGs
[2024-02-10T04:54:00.248+0000] {logging_mixin.py:188} INFO - [2024-02-10T04:54:00.248+0000] {dag.py:3823} INFO - Setting next_dagrun for dataset_consumes_1 to None, run_after=None
[2024-02-10T04:54:00.251+0000] {logging_mixin.py:188} INFO - [2024-02-10T04:54:00.251+0000] {dag.py:3823} INFO - Setting next_dagrun for dataset_consumes_1_and_2 to None, run_after=None
[2024-02-10T04:54:00.252+0000] {logging_mixin.py:188} INFO - [2024-02-10T04:54:00.252+0000] {dag.py:3823} INFO - Setting next_dagrun for dataset_consumes_1_never_scheduled to None, run_after=None
[2024-02-10T04:54:00.252+0000] {logging_mixin.py:188} INFO - [2024-02-10T04:54:00.252+0000] {dag.py:3823} INFO - Setting next_dagrun for dataset_consumes_unknown_never_scheduled to None, run_after=None
[2024-02-10T04:54:00.255+0000] {logging_mixin.py:188} INFO - [2024-02-10T04:54:00.254+0000] {dag.py:3823} INFO - Setting next_dagrun for dataset_produces_1 to 2024-02-09 00:00:00+00:00, run_after=2024-02-10 00:00:00+00:00
[2024-02-10T04:54:00.255+0000] {logging_mixin.py:188} INFO - [2024-02-10T04:54:00.255+0000] {dag.py:3823} INFO - Setting next_dagrun for dataset_produces_2 to None, run_after=None
[2024-02-10T04:54:00.303+0000] {processor.py:183} INFO - Processing /workspaces/Airflow_101/airflow_tutorial/py_env/lib/python3.10/site-packages/airflow/example_dags/example_datasets.py took 0.106 seconds
[2024-02-10T04:54:48.796+0000] {processor.py:161} INFO - Started process (PID=9858) to work on /workspaces/Airflow_101/airflow_tutorial/py_env/lib/python3.10/site-packages/airflow/example_dags/example_datasets.py
[2024-02-10T04:54:48.797+0000] {processor.py:830} INFO - Processing file /workspaces/Airflow_101/airflow_tutorial/py_env/lib/python3.10/site-packages/airflow/example_dags/example_datasets.py for tasks to queue
[2024-02-10T04:54:48.799+0000] {logging_mixin.py:188} INFO - [2024-02-10T04:54:48.798+0000] {dagbag.py:538} INFO - Filling up the DagBag from /workspaces/Airflow_101/airflow_tutorial/py_env/lib/python3.10/site-packages/airflow/example_dags/example_datasets.py
[2024-02-10T04:54:48.810+0000] {processor.py:840} INFO - DAG(s) 'dataset_produces_2', 'dataset_consumes_1_never_scheduled', 'dataset_consumes_1', 'dataset_produces_1', 'dataset_consumes_1_and_2', 'dataset_consumes_unknown_never_scheduled' retrieved from /workspaces/Airflow_101/airflow_tutorial/py_env/lib/python3.10/site-packages/airflow/example_dags/example_datasets.py
[2024-02-10T04:54:48.834+0000] {logging_mixin.py:188} INFO - [2024-02-10T04:54:48.834+0000] {dag.py:3036} INFO - Sync 6 DAGs
[2024-02-10T04:54:48.857+0000] {logging_mixin.py:188} INFO - [2024-02-10T04:54:48.857+0000] {dag.py:3823} INFO - Setting next_dagrun for dataset_consumes_1 to None, run_after=None
[2024-02-10T04:54:48.860+0000] {logging_mixin.py:188} INFO - [2024-02-10T04:54:48.860+0000] {dag.py:3823} INFO - Setting next_dagrun for dataset_consumes_1_and_2 to None, run_after=None
[2024-02-10T04:54:48.861+0000] {logging_mixin.py:188} INFO - [2024-02-10T04:54:48.861+0000] {dag.py:3823} INFO - Setting next_dagrun for dataset_consumes_1_never_scheduled to None, run_after=None
[2024-02-10T04:54:48.862+0000] {logging_mixin.py:188} INFO - [2024-02-10T04:54:48.861+0000] {dag.py:3823} INFO - Setting next_dagrun for dataset_consumes_unknown_never_scheduled to None, run_after=None
[2024-02-10T04:54:48.864+0000] {logging_mixin.py:188} INFO - [2024-02-10T04:54:48.864+0000] {dag.py:3823} INFO - Setting next_dagrun for dataset_produces_1 to 2024-02-09 00:00:00+00:00, run_after=2024-02-10 00:00:00+00:00
[2024-02-10T04:54:48.864+0000] {logging_mixin.py:188} INFO - [2024-02-10T04:54:48.864+0000] {dag.py:3823} INFO - Setting next_dagrun for dataset_produces_2 to None, run_after=None
[2024-02-10T04:54:48.909+0000] {processor.py:183} INFO - Processing /workspaces/Airflow_101/airflow_tutorial/py_env/lib/python3.10/site-packages/airflow/example_dags/example_datasets.py took 0.116 seconds
