[2024-02-10T04:51:53.244+0000] {processor.py:161} INFO - Started process (PID=8247) to work on /workspaces/Airflow_101/airflow_tutorial/py_env/lib/python3.10/site-packages/airflow/example_dags/example_sensor_decorator.py
[2024-02-10T04:51:53.244+0000] {processor.py:830} INFO - Processing file /workspaces/Airflow_101/airflow_tutorial/py_env/lib/python3.10/site-packages/airflow/example_dags/example_sensor_decorator.py for tasks to queue
[2024-02-10T04:51:53.245+0000] {logging_mixin.py:188} INFO - [2024-02-10T04:51:53.245+0000] {dagbag.py:538} INFO - Filling up the DagBag from /workspaces/Airflow_101/airflow_tutorial/py_env/lib/python3.10/site-packages/airflow/example_dags/example_sensor_decorator.py
[2024-02-10T04:51:53.250+0000] {processor.py:840} INFO - DAG(s) 'example_sensor_decorator' retrieved from /workspaces/Airflow_101/airflow_tutorial/py_env/lib/python3.10/site-packages/airflow/example_dags/example_sensor_decorator.py
[2024-02-10T04:51:53.389+0000] {logging_mixin.py:188} INFO - [2024-02-10T04:51:53.388+0000] {override.py:1769} INFO - Created Permission View: can delete on DAG:example_sensor_decorator
[2024-02-10T04:51:53.422+0000] {logging_mixin.py:188} INFO - [2024-02-10T04:51:53.422+0000] {override.py:1769} INFO - Created Permission View: can read on DAG:example_sensor_decorator
[2024-02-10T04:51:53.452+0000] {logging_mixin.py:188} INFO - [2024-02-10T04:51:53.451+0000] {override.py:1769} INFO - Created Permission View: can edit on DAG:example_sensor_decorator
[2024-02-10T04:51:53.452+0000] {logging_mixin.py:188} INFO - [2024-02-10T04:51:53.452+0000] {dag.py:3036} INFO - Sync 1 DAGs
[2024-02-10T04:51:53.460+0000] {logging_mixin.py:188} INFO - [2024-02-10T04:51:53.460+0000] {dag.py:3058} INFO - Creating ORM DAG for example_sensor_decorator
[2024-02-10T04:51:53.461+0000] {logging_mixin.py:188} INFO - [2024-02-10T04:51:53.461+0000] {dag.py:3823} INFO - Setting next_dagrun for example_sensor_decorator to None, run_after=None
[2024-02-10T04:51:53.505+0000] {processor.py:183} INFO - Processing /workspaces/Airflow_101/airflow_tutorial/py_env/lib/python3.10/site-packages/airflow/example_dags/example_sensor_decorator.py took 0.264 seconds
[2024-02-10T04:52:50.104+0000] {processor.py:161} INFO - Started process (PID=8702) to work on /workspaces/Airflow_101/airflow_tutorial/py_env/lib/python3.10/site-packages/airflow/example_dags/example_sensor_decorator.py
[2024-02-10T04:52:50.105+0000] {processor.py:830} INFO - Processing file /workspaces/Airflow_101/airflow_tutorial/py_env/lib/python3.10/site-packages/airflow/example_dags/example_sensor_decorator.py for tasks to queue
[2024-02-10T04:52:50.105+0000] {logging_mixin.py:188} INFO - [2024-02-10T04:52:50.105+0000] {dagbag.py:538} INFO - Filling up the DagBag from /workspaces/Airflow_101/airflow_tutorial/py_env/lib/python3.10/site-packages/airflow/example_dags/example_sensor_decorator.py
[2024-02-10T04:52:50.110+0000] {processor.py:840} INFO - DAG(s) 'example_sensor_decorator' retrieved from /workspaces/Airflow_101/airflow_tutorial/py_env/lib/python3.10/site-packages/airflow/example_dags/example_sensor_decorator.py
[2024-02-10T04:52:50.121+0000] {logging_mixin.py:188} INFO - [2024-02-10T04:52:50.121+0000] {dag.py:3036} INFO - Sync 1 DAGs
[2024-02-10T04:52:50.130+0000] {logging_mixin.py:188} INFO - [2024-02-10T04:52:50.130+0000] {dag.py:3823} INFO - Setting next_dagrun for example_sensor_decorator to None, run_after=None
[2024-02-10T04:52:50.170+0000] {processor.py:183} INFO - Processing /workspaces/Airflow_101/airflow_tutorial/py_env/lib/python3.10/site-packages/airflow/example_dags/example_sensor_decorator.py took 0.069 seconds
[2024-02-10T04:53:38.274+0000] {processor.py:161} INFO - Started process (PID=9145) to work on /workspaces/Airflow_101/airflow_tutorial/py_env/lib/python3.10/site-packages/airflow/example_dags/example_sensor_decorator.py
[2024-02-10T04:53:38.275+0000] {processor.py:830} INFO - Processing file /workspaces/Airflow_101/airflow_tutorial/py_env/lib/python3.10/site-packages/airflow/example_dags/example_sensor_decorator.py for tasks to queue
[2024-02-10T04:53:38.276+0000] {logging_mixin.py:188} INFO - [2024-02-10T04:53:38.275+0000] {dagbag.py:538} INFO - Filling up the DagBag from /workspaces/Airflow_101/airflow_tutorial/py_env/lib/python3.10/site-packages/airflow/example_dags/example_sensor_decorator.py
[2024-02-10T04:53:38.281+0000] {processor.py:840} INFO - DAG(s) 'example_sensor_decorator' retrieved from /workspaces/Airflow_101/airflow_tutorial/py_env/lib/python3.10/site-packages/airflow/example_dags/example_sensor_decorator.py
[2024-02-10T04:53:38.292+0000] {logging_mixin.py:188} INFO - [2024-02-10T04:53:38.292+0000] {dag.py:3036} INFO - Sync 1 DAGs
[2024-02-10T04:53:38.300+0000] {logging_mixin.py:188} INFO - [2024-02-10T04:53:38.300+0000] {dag.py:3823} INFO - Setting next_dagrun for example_sensor_decorator to None, run_after=None
[2024-02-10T04:53:38.337+0000] {processor.py:183} INFO - Processing /workspaces/Airflow_101/airflow_tutorial/py_env/lib/python3.10/site-packages/airflow/example_dags/example_sensor_decorator.py took 0.065 seconds
[2024-02-10T04:54:20.923+0000] {processor.py:161} INFO - Started process (PID=9627) to work on /workspaces/Airflow_101/airflow_tutorial/py_env/lib/python3.10/site-packages/airflow/example_dags/example_sensor_decorator.py
[2024-02-10T04:54:20.924+0000] {processor.py:830} INFO - Processing file /workspaces/Airflow_101/airflow_tutorial/py_env/lib/python3.10/site-packages/airflow/example_dags/example_sensor_decorator.py for tasks to queue
[2024-02-10T04:54:20.925+0000] {logging_mixin.py:188} INFO - [2024-02-10T04:54:20.925+0000] {dagbag.py:538} INFO - Filling up the DagBag from /workspaces/Airflow_101/airflow_tutorial/py_env/lib/python3.10/site-packages/airflow/example_dags/example_sensor_decorator.py
[2024-02-10T04:54:20.930+0000] {processor.py:840} INFO - DAG(s) 'example_sensor_decorator' retrieved from /workspaces/Airflow_101/airflow_tutorial/py_env/lib/python3.10/site-packages/airflow/example_dags/example_sensor_decorator.py
[2024-02-10T04:54:20.941+0000] {logging_mixin.py:188} INFO - [2024-02-10T04:54:20.940+0000] {dag.py:3036} INFO - Sync 1 DAGs
[2024-02-10T04:54:20.949+0000] {logging_mixin.py:188} INFO - [2024-02-10T04:54:20.949+0000] {dag.py:3823} INFO - Setting next_dagrun for example_sensor_decorator to None, run_after=None
[2024-02-10T04:54:20.992+0000] {processor.py:183} INFO - Processing /workspaces/Airflow_101/airflow_tutorial/py_env/lib/python3.10/site-packages/airflow/example_dags/example_sensor_decorator.py took 0.071 seconds
[2024-02-10T04:55:12.634+0000] {processor.py:161} INFO - Started process (PID=10013) to work on /workspaces/Airflow_101/airflow_tutorial/py_env/lib/python3.10/site-packages/airflow/example_dags/example_sensor_decorator.py
[2024-02-10T04:55:12.635+0000] {processor.py:830} INFO - Processing file /workspaces/Airflow_101/airflow_tutorial/py_env/lib/python3.10/site-packages/airflow/example_dags/example_sensor_decorator.py for tasks to queue
[2024-02-10T04:55:12.636+0000] {logging_mixin.py:188} INFO - [2024-02-10T04:55:12.635+0000] {dagbag.py:538} INFO - Filling up the DagBag from /workspaces/Airflow_101/airflow_tutorial/py_env/lib/python3.10/site-packages/airflow/example_dags/example_sensor_decorator.py
[2024-02-10T04:55:12.640+0000] {processor.py:840} INFO - DAG(s) 'example_sensor_decorator' retrieved from /workspaces/Airflow_101/airflow_tutorial/py_env/lib/python3.10/site-packages/airflow/example_dags/example_sensor_decorator.py
[2024-02-10T04:55:12.651+0000] {logging_mixin.py:188} INFO - [2024-02-10T04:55:12.651+0000] {dag.py:3036} INFO - Sync 1 DAGs
[2024-02-10T04:55:12.661+0000] {logging_mixin.py:188} INFO - [2024-02-10T04:55:12.661+0000] {dag.py:3823} INFO - Setting next_dagrun for example_sensor_decorator to None, run_after=None
[2024-02-10T04:55:12.700+0000] {processor.py:183} INFO - Processing /workspaces/Airflow_101/airflow_tutorial/py_env/lib/python3.10/site-packages/airflow/example_dags/example_sensor_decorator.py took 0.068 seconds
