[2024-02-10T04:52:27.172+0000] {processor.py:161} INFO - Started process (PID=8548) to work on /workspaces/Airflow_101/airflow_tutorial/py_env/lib/python3.10/site-packages/airflow/example_dags/example_branch_operator_decorator.py
[2024-02-10T04:52:27.172+0000] {processor.py:830} INFO - Processing file /workspaces/Airflow_101/airflow_tutorial/py_env/lib/python3.10/site-packages/airflow/example_dags/example_branch_operator_decorator.py for tasks to queue
[2024-02-10T04:52:27.173+0000] {logging_mixin.py:188} INFO - [2024-02-10T04:52:27.173+0000] {dagbag.py:538} INFO - Filling up the DagBag from /workspaces/Airflow_101/airflow_tutorial/py_env/lib/python3.10/site-packages/airflow/example_dags/example_branch_operator_decorator.py
[2024-02-10T04:52:27.195+0000] {processor.py:840} INFO - DAG(s) 'example_branch_python_operator_decorator' retrieved from /workspaces/Airflow_101/airflow_tutorial/py_env/lib/python3.10/site-packages/airflow/example_dags/example_branch_operator_decorator.py
[2024-02-10T04:52:27.382+0000] {logging_mixin.py:188} INFO - [2024-02-10T04:52:27.382+0000] {override.py:1769} INFO - Created Permission View: can delete on DAG:example_branch_python_operator_decorator
[2024-02-10T04:52:27.414+0000] {logging_mixin.py:188} INFO - [2024-02-10T04:52:27.414+0000] {override.py:1769} INFO - Created Permission View: can read on DAG:example_branch_python_operator_decorator
[2024-02-10T04:52:27.446+0000] {logging_mixin.py:188} INFO - [2024-02-10T04:52:27.445+0000] {override.py:1769} INFO - Created Permission View: can edit on DAG:example_branch_python_operator_decorator
[2024-02-10T04:52:27.446+0000] {logging_mixin.py:188} INFO - [2024-02-10T04:52:27.446+0000] {dag.py:3036} INFO - Sync 1 DAGs
[2024-02-10T04:52:27.456+0000] {logging_mixin.py:188} INFO - [2024-02-10T04:52:27.456+0000] {dag.py:3058} INFO - Creating ORM DAG for example_branch_python_operator_decorator
[2024-02-10T04:52:27.464+0000] {logging_mixin.py:188} INFO - [2024-02-10T04:52:27.464+0000] {dag.py:3823} INFO - Setting next_dagrun for example_branch_python_operator_decorator to 2024-02-09 00:00:00+00:00, run_after=2024-02-10 00:00:00+00:00
[2024-02-10T04:52:27.509+0000] {processor.py:183} INFO - Processing /workspaces/Airflow_101/airflow_tutorial/py_env/lib/python3.10/site-packages/airflow/example_dags/example_branch_operator_decorator.py took 0.339 seconds
[2024-02-10T04:53:30.742+0000] {processor.py:161} INFO - Started process (PID=8978) to work on /workspaces/Airflow_101/airflow_tutorial/py_env/lib/python3.10/site-packages/airflow/example_dags/example_branch_operator_decorator.py
[2024-02-10T04:53:30.743+0000] {processor.py:830} INFO - Processing file /workspaces/Airflow_101/airflow_tutorial/py_env/lib/python3.10/site-packages/airflow/example_dags/example_branch_operator_decorator.py for tasks to queue
[2024-02-10T04:53:30.744+0000] {logging_mixin.py:188} INFO - [2024-02-10T04:53:30.744+0000] {dagbag.py:538} INFO - Filling up the DagBag from /workspaces/Airflow_101/airflow_tutorial/py_env/lib/python3.10/site-packages/airflow/example_dags/example_branch_operator_decorator.py
[2024-02-10T04:53:30.771+0000] {processor.py:840} INFO - DAG(s) 'example_branch_python_operator_decorator' retrieved from /workspaces/Airflow_101/airflow_tutorial/py_env/lib/python3.10/site-packages/airflow/example_dags/example_branch_operator_decorator.py
[2024-02-10T04:53:30.792+0000] {logging_mixin.py:188} INFO - [2024-02-10T04:53:30.792+0000] {dag.py:3036} INFO - Sync 1 DAGs
[2024-02-10T04:53:30.832+0000] {logging_mixin.py:188} INFO - [2024-02-10T04:53:30.832+0000] {dag.py:3823} INFO - Setting next_dagrun for example_branch_python_operator_decorator to 2024-02-09 00:00:00+00:00, run_after=2024-02-10 00:00:00+00:00
[2024-02-10T04:53:30.900+0000] {processor.py:183} INFO - Processing /workspaces/Airflow_101/airflow_tutorial/py_env/lib/python3.10/site-packages/airflow/example_dags/example_branch_operator_decorator.py took 0.160 seconds
[2024-02-10T04:54:23.679+0000] {processor.py:161} INFO - Started process (PID=9643) to work on /workspaces/Airflow_101/airflow_tutorial/py_env/lib/python3.10/site-packages/airflow/example_dags/example_branch_operator_decorator.py
[2024-02-10T04:54:23.679+0000] {processor.py:830} INFO - Processing file /workspaces/Airflow_101/airflow_tutorial/py_env/lib/python3.10/site-packages/airflow/example_dags/example_branch_operator_decorator.py for tasks to queue
[2024-02-10T04:54:23.680+0000] {logging_mixin.py:188} INFO - [2024-02-10T04:54:23.680+0000] {dagbag.py:538} INFO - Filling up the DagBag from /workspaces/Airflow_101/airflow_tutorial/py_env/lib/python3.10/site-packages/airflow/example_dags/example_branch_operator_decorator.py
[2024-02-10T04:54:23.699+0000] {processor.py:840} INFO - DAG(s) 'example_branch_python_operator_decorator' retrieved from /workspaces/Airflow_101/airflow_tutorial/py_env/lib/python3.10/site-packages/airflow/example_dags/example_branch_operator_decorator.py
[2024-02-10T04:54:23.716+0000] {logging_mixin.py:188} INFO - [2024-02-10T04:54:23.716+0000] {dag.py:3036} INFO - Sync 1 DAGs
[2024-02-10T04:54:23.733+0000] {logging_mixin.py:188} INFO - [2024-02-10T04:54:23.732+0000] {dag.py:3823} INFO - Setting next_dagrun for example_branch_python_operator_decorator to 2024-02-09 00:00:00+00:00, run_after=2024-02-10 00:00:00+00:00
[2024-02-10T04:54:23.773+0000] {processor.py:183} INFO - Processing /workspaces/Airflow_101/airflow_tutorial/py_env/lib/python3.10/site-packages/airflow/example_dags/example_branch_operator_decorator.py took 0.096 seconds
[2024-02-10T04:55:15.501+0000] {processor.py:161} INFO - Started process (PID=10035) to work on /workspaces/Airflow_101/airflow_tutorial/py_env/lib/python3.10/site-packages/airflow/example_dags/example_branch_operator_decorator.py
[2024-02-10T04:55:15.502+0000] {processor.py:830} INFO - Processing file /workspaces/Airflow_101/airflow_tutorial/py_env/lib/python3.10/site-packages/airflow/example_dags/example_branch_operator_decorator.py for tasks to queue
[2024-02-10T04:55:15.503+0000] {logging_mixin.py:188} INFO - [2024-02-10T04:55:15.502+0000] {dagbag.py:538} INFO - Filling up the DagBag from /workspaces/Airflow_101/airflow_tutorial/py_env/lib/python3.10/site-packages/airflow/example_dags/example_branch_operator_decorator.py
[2024-02-10T04:55:15.522+0000] {processor.py:840} INFO - DAG(s) 'example_branch_python_operator_decorator' retrieved from /workspaces/Airflow_101/airflow_tutorial/py_env/lib/python3.10/site-packages/airflow/example_dags/example_branch_operator_decorator.py
[2024-02-10T04:55:15.539+0000] {logging_mixin.py:188} INFO - [2024-02-10T04:55:15.539+0000] {dag.py:3036} INFO - Sync 1 DAGs
[2024-02-10T04:55:15.555+0000] {logging_mixin.py:188} INFO - [2024-02-10T04:55:15.555+0000] {dag.py:3823} INFO - Setting next_dagrun for example_branch_python_operator_decorator to 2024-02-09 00:00:00+00:00, run_after=2024-02-10 00:00:00+00:00
[2024-02-10T04:55:15.596+0000] {processor.py:183} INFO - Processing /workspaces/Airflow_101/airflow_tutorial/py_env/lib/python3.10/site-packages/airflow/example_dags/example_branch_operator_decorator.py took 0.097 seconds
