[2024-02-10T04:51:49.205+0000] {processor.py:161} INFO - Started process (PID=8231) to work on /workspaces/Airflow_101/airflow_tutorial/py_env/lib/python3.10/site-packages/airflow/example_dags/example_sla_dag.py
[2024-02-10T04:51:49.206+0000] {processor.py:830} INFO - Processing file /workspaces/Airflow_101/airflow_tutorial/py_env/lib/python3.10/site-packages/airflow/example_dags/example_sla_dag.py for tasks to queue
[2024-02-10T04:51:49.206+0000] {logging_mixin.py:188} INFO - [2024-02-10T04:51:49.206+0000] {dagbag.py:538} INFO - Filling up the DagBag from /workspaces/Airflow_101/airflow_tutorial/py_env/lib/python3.10/site-packages/airflow/example_dags/example_sla_dag.py
[2024-02-10T04:51:49.216+0000] {processor.py:840} INFO - DAG(s) 'example_sla_dag' retrieved from /workspaces/Airflow_101/airflow_tutorial/py_env/lib/python3.10/site-packages/airflow/example_dags/example_sla_dag.py
[2024-02-10T04:51:49.360+0000] {logging_mixin.py:188} INFO - [2024-02-10T04:51:49.359+0000] {override.py:1769} INFO - Created Permission View: can delete on DAG:example_sla_dag
[2024-02-10T04:51:49.398+0000] {logging_mixin.py:188} INFO - [2024-02-10T04:51:49.397+0000] {override.py:1769} INFO - Created Permission View: can read on DAG:example_sla_dag
[2024-02-10T04:51:49.427+0000] {logging_mixin.py:188} INFO - [2024-02-10T04:51:49.427+0000] {override.py:1769} INFO - Created Permission View: can edit on DAG:example_sla_dag
[2024-02-10T04:51:49.428+0000] {logging_mixin.py:188} INFO - [2024-02-10T04:51:49.427+0000] {dag.py:3036} INFO - Sync 1 DAGs
[2024-02-10T04:51:49.436+0000] {logging_mixin.py:188} INFO - [2024-02-10T04:51:49.435+0000] {dag.py:3058} INFO - Creating ORM DAG for example_sla_dag
[2024-02-10T04:51:49.451+0000] {logging_mixin.py:188} INFO - [2024-02-10T04:51:49.450+0000] {dag.py:3823} INFO - Setting next_dagrun for example_sla_dag to 2024-02-10 04:48:00+00:00, run_after=2024-02-10 04:50:00+00:00
[2024-02-10T04:51:49.493+0000] {processor.py:183} INFO - Processing /workspaces/Airflow_101/airflow_tutorial/py_env/lib/python3.10/site-packages/airflow/example_dags/example_sla_dag.py took 0.290 seconds
[2024-02-10T04:52:45.333+0000] {processor.py:161} INFO - Started process (PID=8656) to work on /workspaces/Airflow_101/airflow_tutorial/py_env/lib/python3.10/site-packages/airflow/example_dags/example_sla_dag.py
[2024-02-10T04:52:45.333+0000] {processor.py:830} INFO - Processing file /workspaces/Airflow_101/airflow_tutorial/py_env/lib/python3.10/site-packages/airflow/example_dags/example_sla_dag.py for tasks to queue
[2024-02-10T04:52:45.334+0000] {logging_mixin.py:188} INFO - [2024-02-10T04:52:45.334+0000] {dagbag.py:538} INFO - Filling up the DagBag from /workspaces/Airflow_101/airflow_tutorial/py_env/lib/python3.10/site-packages/airflow/example_dags/example_sla_dag.py
[2024-02-10T04:52:45.341+0000] {processor.py:840} INFO - DAG(s) 'example_sla_dag' retrieved from /workspaces/Airflow_101/airflow_tutorial/py_env/lib/python3.10/site-packages/airflow/example_dags/example_sla_dag.py
[2024-02-10T04:52:45.351+0000] {logging_mixin.py:188} INFO - [2024-02-10T04:52:45.351+0000] {dag.py:3036} INFO - Sync 1 DAGs
[2024-02-10T04:52:45.369+0000] {logging_mixin.py:188} INFO - [2024-02-10T04:52:45.369+0000] {dag.py:3823} INFO - Setting next_dagrun for example_sla_dag to 2024-02-10 04:50:00+00:00, run_after=2024-02-10 04:52:00+00:00
[2024-02-10T04:52:45.407+0000] {processor.py:183} INFO - Processing /workspaces/Airflow_101/airflow_tutorial/py_env/lib/python3.10/site-packages/airflow/example_dags/example_sla_dag.py took 0.077 seconds
[2024-02-10T04:53:33.785+0000] {processor.py:161} INFO - Started process (PID=9075) to work on /workspaces/Airflow_101/airflow_tutorial/py_env/lib/python3.10/site-packages/airflow/example_dags/example_sla_dag.py
[2024-02-10T04:53:33.786+0000] {processor.py:830} INFO - Processing file /workspaces/Airflow_101/airflow_tutorial/py_env/lib/python3.10/site-packages/airflow/example_dags/example_sla_dag.py for tasks to queue
[2024-02-10T04:53:33.787+0000] {logging_mixin.py:188} INFO - [2024-02-10T04:53:33.786+0000] {dagbag.py:538} INFO - Filling up the DagBag from /workspaces/Airflow_101/airflow_tutorial/py_env/lib/python3.10/site-packages/airflow/example_dags/example_sla_dag.py
[2024-02-10T04:53:33.793+0000] {processor.py:840} INFO - DAG(s) 'example_sla_dag' retrieved from /workspaces/Airflow_101/airflow_tutorial/py_env/lib/python3.10/site-packages/airflow/example_dags/example_sla_dag.py
[2024-02-10T04:53:33.804+0000] {logging_mixin.py:188} INFO - [2024-02-10T04:53:33.804+0000] {dag.py:3036} INFO - Sync 1 DAGs
[2024-02-10T04:53:33.825+0000] {logging_mixin.py:188} INFO - [2024-02-10T04:53:33.825+0000] {dag.py:3823} INFO - Setting next_dagrun for example_sla_dag to 2024-02-10 04:50:00+00:00, run_after=2024-02-10 04:52:00+00:00
[2024-02-10T04:53:33.872+0000] {processor.py:183} INFO - Processing /workspaces/Airflow_101/airflow_tutorial/py_env/lib/python3.10/site-packages/airflow/example_dags/example_sla_dag.py took 0.089 seconds
[2024-02-10T04:54:16.916+0000] {processor.py:161} INFO - Started process (PID=9562) to work on /workspaces/Airflow_101/airflow_tutorial/py_env/lib/python3.10/site-packages/airflow/example_dags/example_sla_dag.py
[2024-02-10T04:54:16.917+0000] {processor.py:830} INFO - Processing file /workspaces/Airflow_101/airflow_tutorial/py_env/lib/python3.10/site-packages/airflow/example_dags/example_sla_dag.py for tasks to queue
[2024-02-10T04:54:16.918+0000] {logging_mixin.py:188} INFO - [2024-02-10T04:54:16.918+0000] {dagbag.py:538} INFO - Filling up the DagBag from /workspaces/Airflow_101/airflow_tutorial/py_env/lib/python3.10/site-packages/airflow/example_dags/example_sla_dag.py
[2024-02-10T04:54:16.925+0000] {processor.py:840} INFO - DAG(s) 'example_sla_dag' retrieved from /workspaces/Airflow_101/airflow_tutorial/py_env/lib/python3.10/site-packages/airflow/example_dags/example_sla_dag.py
[2024-02-10T04:54:16.936+0000] {logging_mixin.py:188} INFO - [2024-02-10T04:54:16.936+0000] {dag.py:3036} INFO - Sync 1 DAGs
[2024-02-10T04:54:16.955+0000] {logging_mixin.py:188} INFO - [2024-02-10T04:54:16.955+0000] {dag.py:3823} INFO - Setting next_dagrun for example_sla_dag to 2024-02-10 04:52:00+00:00, run_after=2024-02-10 04:54:00+00:00
[2024-02-10T04:54:16.993+0000] {processor.py:183} INFO - Processing /workspaces/Airflow_101/airflow_tutorial/py_env/lib/python3.10/site-packages/airflow/example_dags/example_sla_dag.py took 0.078 seconds
[2024-02-10T04:55:08.589+0000] {processor.py:161} INFO - Started process (PID=9972) to work on /workspaces/Airflow_101/airflow_tutorial/py_env/lib/python3.10/site-packages/airflow/example_dags/example_sla_dag.py
[2024-02-10T04:55:08.590+0000] {processor.py:830} INFO - Processing file /workspaces/Airflow_101/airflow_tutorial/py_env/lib/python3.10/site-packages/airflow/example_dags/example_sla_dag.py for tasks to queue
[2024-02-10T04:55:08.591+0000] {logging_mixin.py:188} INFO - [2024-02-10T04:55:08.590+0000] {dagbag.py:538} INFO - Filling up the DagBag from /workspaces/Airflow_101/airflow_tutorial/py_env/lib/python3.10/site-packages/airflow/example_dags/example_sla_dag.py
[2024-02-10T04:55:08.598+0000] {processor.py:840} INFO - DAG(s) 'example_sla_dag' retrieved from /workspaces/Airflow_101/airflow_tutorial/py_env/lib/python3.10/site-packages/airflow/example_dags/example_sla_dag.py
[2024-02-10T04:55:08.609+0000] {logging_mixin.py:188} INFO - [2024-02-10T04:55:08.609+0000] {dag.py:3036} INFO - Sync 1 DAGs
[2024-02-10T04:55:08.627+0000] {logging_mixin.py:188} INFO - [2024-02-10T04:55:08.627+0000] {dag.py:3823} INFO - Setting next_dagrun for example_sla_dag to 2024-02-10 04:52:00+00:00, run_after=2024-02-10 04:54:00+00:00
[2024-02-10T04:55:08.667+0000] {processor.py:183} INFO - Processing /workspaces/Airflow_101/airflow_tutorial/py_env/lib/python3.10/site-packages/airflow/example_dags/example_sla_dag.py took 0.080 seconds
