[2024-02-10T04:52:25.839+0000] {processor.py:161} INFO - Started process (PID=8521) to work on /workspaces/Airflow_101/airflow_tutorial/py_env/lib/python3.10/site-packages/airflow/example_dags/example_complex.py
[2024-02-10T04:52:25.840+0000] {processor.py:830} INFO - Processing file /workspaces/Airflow_101/airflow_tutorial/py_env/lib/python3.10/site-packages/airflow/example_dags/example_complex.py for tasks to queue
[2024-02-10T04:52:25.841+0000] {logging_mixin.py:188} INFO - [2024-02-10T04:52:25.840+0000] {dagbag.py:538} INFO - Filling up the DagBag from /workspaces/Airflow_101/airflow_tutorial/py_env/lib/python3.10/site-packages/airflow/example_dags/example_complex.py
[2024-02-10T04:52:25.850+0000] {processor.py:840} INFO - DAG(s) 'example_complex' retrieved from /workspaces/Airflow_101/airflow_tutorial/py_env/lib/python3.10/site-packages/airflow/example_dags/example_complex.py
[2024-02-10T04:52:25.990+0000] {logging_mixin.py:188} INFO - [2024-02-10T04:52:25.990+0000] {override.py:1769} INFO - Created Permission View: can delete on DAG:example_complex
[2024-02-10T04:52:26.024+0000] {logging_mixin.py:188} INFO - [2024-02-10T04:52:26.024+0000] {override.py:1769} INFO - Created Permission View: can read on DAG:example_complex
[2024-02-10T04:52:26.054+0000] {logging_mixin.py:188} INFO - [2024-02-10T04:52:26.054+0000] {override.py:1769} INFO - Created Permission View: can edit on DAG:example_complex
[2024-02-10T04:52:26.055+0000] {logging_mixin.py:188} INFO - [2024-02-10T04:52:26.054+0000] {dag.py:3036} INFO - Sync 1 DAGs
[2024-02-10T04:52:26.064+0000] {logging_mixin.py:188} INFO - [2024-02-10T04:52:26.064+0000] {dag.py:3058} INFO - Creating ORM DAG for example_complex
[2024-02-10T04:52:26.065+0000] {logging_mixin.py:188} INFO - [2024-02-10T04:52:26.064+0000] {dag.py:3823} INFO - Setting next_dagrun for example_complex to None, run_after=None
[2024-02-10T04:52:26.109+0000] {processor.py:183} INFO - Processing /workspaces/Airflow_101/airflow_tutorial/py_env/lib/python3.10/site-packages/airflow/example_dags/example_complex.py took 0.272 seconds
[2024-02-10T04:53:30.094+0000] {processor.py:161} INFO - Started process (PID=8971) to work on /workspaces/Airflow_101/airflow_tutorial/py_env/lib/python3.10/site-packages/airflow/example_dags/example_complex.py
[2024-02-10T04:53:30.095+0000] {processor.py:830} INFO - Processing file /workspaces/Airflow_101/airflow_tutorial/py_env/lib/python3.10/site-packages/airflow/example_dags/example_complex.py for tasks to queue
[2024-02-10T04:53:30.096+0000] {logging_mixin.py:188} INFO - [2024-02-10T04:53:30.096+0000] {dagbag.py:538} INFO - Filling up the DagBag from /workspaces/Airflow_101/airflow_tutorial/py_env/lib/python3.10/site-packages/airflow/example_dags/example_complex.py
[2024-02-10T04:53:30.110+0000] {processor.py:840} INFO - DAG(s) 'example_complex' retrieved from /workspaces/Airflow_101/airflow_tutorial/py_env/lib/python3.10/site-packages/airflow/example_dags/example_complex.py
[2024-02-10T04:53:30.145+0000] {logging_mixin.py:188} INFO - [2024-02-10T04:53:30.144+0000] {dag.py:3036} INFO - Sync 1 DAGs
[2024-02-10T04:53:30.157+0000] {logging_mixin.py:188} INFO - [2024-02-10T04:53:30.157+0000] {dag.py:3823} INFO - Setting next_dagrun for example_complex to None, run_after=None
[2024-02-10T04:53:30.202+0000] {processor.py:183} INFO - Processing /workspaces/Airflow_101/airflow_tutorial/py_env/lib/python3.10/site-packages/airflow/example_dags/example_complex.py took 0.110 seconds
[2024-02-10T04:54:23.356+0000] {processor.py:161} INFO - Started process (PID=9642) to work on /workspaces/Airflow_101/airflow_tutorial/py_env/lib/python3.10/site-packages/airflow/example_dags/example_complex.py
[2024-02-10T04:54:23.356+0000] {processor.py:830} INFO - Processing file /workspaces/Airflow_101/airflow_tutorial/py_env/lib/python3.10/site-packages/airflow/example_dags/example_complex.py for tasks to queue
[2024-02-10T04:54:23.357+0000] {logging_mixin.py:188} INFO - [2024-02-10T04:54:23.357+0000] {dagbag.py:538} INFO - Filling up the DagBag from /workspaces/Airflow_101/airflow_tutorial/py_env/lib/python3.10/site-packages/airflow/example_dags/example_complex.py
[2024-02-10T04:54:23.366+0000] {processor.py:840} INFO - DAG(s) 'example_complex' retrieved from /workspaces/Airflow_101/airflow_tutorial/py_env/lib/python3.10/site-packages/airflow/example_dags/example_complex.py
[2024-02-10T04:54:23.386+0000] {logging_mixin.py:188} INFO - [2024-02-10T04:54:23.386+0000] {dag.py:3036} INFO - Sync 1 DAGs
[2024-02-10T04:54:23.395+0000] {logging_mixin.py:188} INFO - [2024-02-10T04:54:23.395+0000] {dag.py:3823} INFO - Setting next_dagrun for example_complex to None, run_after=None
[2024-02-10T04:54:23.435+0000] {processor.py:183} INFO - Processing /workspaces/Airflow_101/airflow_tutorial/py_env/lib/python3.10/site-packages/airflow/example_dags/example_complex.py took 0.082 seconds
[2024-02-10T04:55:15.204+0000] {processor.py:161} INFO - Started process (PID=10022) to work on /workspaces/Airflow_101/airflow_tutorial/py_env/lib/python3.10/site-packages/airflow/example_dags/example_complex.py
[2024-02-10T04:55:15.205+0000] {processor.py:830} INFO - Processing file /workspaces/Airflow_101/airflow_tutorial/py_env/lib/python3.10/site-packages/airflow/example_dags/example_complex.py for tasks to queue
[2024-02-10T04:55:15.206+0000] {logging_mixin.py:188} INFO - [2024-02-10T04:55:15.206+0000] {dagbag.py:538} INFO - Filling up the DagBag from /workspaces/Airflow_101/airflow_tutorial/py_env/lib/python3.10/site-packages/airflow/example_dags/example_complex.py
[2024-02-10T04:55:15.230+0000] {processor.py:840} INFO - DAG(s) 'example_complex' retrieved from /workspaces/Airflow_101/airflow_tutorial/py_env/lib/python3.10/site-packages/airflow/example_dags/example_complex.py
[2024-02-10T04:55:15.278+0000] {logging_mixin.py:188} INFO - [2024-02-10T04:55:15.277+0000] {dag.py:3036} INFO - Sync 1 DAGs
[2024-02-10T04:55:15.292+0000] {logging_mixin.py:188} INFO - [2024-02-10T04:55:15.291+0000] {dag.py:3823} INFO - Setting next_dagrun for example_complex to None, run_after=None
[2024-02-10T04:55:15.349+0000] {processor.py:183} INFO - Processing /workspaces/Airflow_101/airflow_tutorial/py_env/lib/python3.10/site-packages/airflow/example_dags/example_complex.py took 0.149 seconds
