[2024-02-10T04:52:21.507+0000] {processor.py:161} INFO - Started process (PID=8499) to work on /workspaces/Airflow_101/airflow_tutorial/py_env/lib/python3.10/site-packages/airflow/example_dags/example_branch_day_of_week_operator.py
[2024-02-10T04:52:21.508+0000] {processor.py:830} INFO - Processing file /workspaces/Airflow_101/airflow_tutorial/py_env/lib/python3.10/site-packages/airflow/example_dags/example_branch_day_of_week_operator.py for tasks to queue
[2024-02-10T04:52:21.509+0000] {logging_mixin.py:188} INFO - [2024-02-10T04:52:21.508+0000] {dagbag.py:538} INFO - Filling up the DagBag from /workspaces/Airflow_101/airflow_tutorial/py_env/lib/python3.10/site-packages/airflow/example_dags/example_branch_day_of_week_operator.py
[2024-02-10T04:52:21.515+0000] {processor.py:840} INFO - DAG(s) 'example_weekday_branch_operator' retrieved from /workspaces/Airflow_101/airflow_tutorial/py_env/lib/python3.10/site-packages/airflow/example_dags/example_branch_day_of_week_operator.py
[2024-02-10T04:52:21.667+0000] {logging_mixin.py:188} INFO - [2024-02-10T04:52:21.666+0000] {override.py:1769} INFO - Created Permission View: can delete on DAG:example_weekday_branch_operator
[2024-02-10T04:52:21.698+0000] {logging_mixin.py:188} INFO - [2024-02-10T04:52:21.698+0000] {override.py:1769} INFO - Created Permission View: can read on DAG:example_weekday_branch_operator
[2024-02-10T04:52:21.734+0000] {logging_mixin.py:188} INFO - [2024-02-10T04:52:21.734+0000] {override.py:1769} INFO - Created Permission View: can edit on DAG:example_weekday_branch_operator
[2024-02-10T04:52:21.735+0000] {logging_mixin.py:188} INFO - [2024-02-10T04:52:21.735+0000] {dag.py:3036} INFO - Sync 1 DAGs
[2024-02-10T04:52:21.743+0000] {logging_mixin.py:188} INFO - [2024-02-10T04:52:21.743+0000] {dag.py:3058} INFO - Creating ORM DAG for example_weekday_branch_operator
[2024-02-10T04:52:21.751+0000] {logging_mixin.py:188} INFO - [2024-02-10T04:52:21.751+0000] {dag.py:3823} INFO - Setting next_dagrun for example_weekday_branch_operator to 2024-02-09 00:00:00+00:00, run_after=2024-02-10 00:00:00+00:00
[2024-02-10T04:52:21.808+0000] {processor.py:183} INFO - Processing /workspaces/Airflow_101/airflow_tutorial/py_env/lib/python3.10/site-packages/airflow/example_dags/example_branch_day_of_week_operator.py took 0.303 seconds
[2024-02-10T04:53:11.208+0000] {processor.py:161} INFO - Started process (PID=8843) to work on /workspaces/Airflow_101/airflow_tutorial/py_env/lib/python3.10/site-packages/airflow/example_dags/example_branch_day_of_week_operator.py
[2024-02-10T04:53:11.209+0000] {processor.py:830} INFO - Processing file /workspaces/Airflow_101/airflow_tutorial/py_env/lib/python3.10/site-packages/airflow/example_dags/example_branch_day_of_week_operator.py for tasks to queue
[2024-02-10T04:53:11.210+0000] {logging_mixin.py:188} INFO - [2024-02-10T04:53:11.209+0000] {dagbag.py:538} INFO - Filling up the DagBag from /workspaces/Airflow_101/airflow_tutorial/py_env/lib/python3.10/site-packages/airflow/example_dags/example_branch_day_of_week_operator.py
[2024-02-10T04:53:11.216+0000] {processor.py:840} INFO - DAG(s) 'example_weekday_branch_operator' retrieved from /workspaces/Airflow_101/airflow_tutorial/py_env/lib/python3.10/site-packages/airflow/example_dags/example_branch_day_of_week_operator.py
[2024-02-10T04:53:11.230+0000] {logging_mixin.py:188} INFO - [2024-02-10T04:53:11.230+0000] {dag.py:3036} INFO - Sync 1 DAGs
[2024-02-10T04:53:11.246+0000] {logging_mixin.py:188} INFO - [2024-02-10T04:53:11.246+0000] {dag.py:3823} INFO - Setting next_dagrun for example_weekday_branch_operator to 2024-02-09 00:00:00+00:00, run_after=2024-02-10 00:00:00+00:00
[2024-02-10T04:53:11.294+0000] {processor.py:183} INFO - Processing /workspaces/Airflow_101/airflow_tutorial/py_env/lib/python3.10/site-packages/airflow/example_dags/example_branch_day_of_week_operator.py took 0.088 seconds
[2024-02-10T04:54:08.224+0000] {processor.py:161} INFO - Started process (PID=9492) to work on /workspaces/Airflow_101/airflow_tutorial/py_env/lib/python3.10/site-packages/airflow/example_dags/example_branch_day_of_week_operator.py
[2024-02-10T04:54:08.225+0000] {processor.py:830} INFO - Processing file /workspaces/Airflow_101/airflow_tutorial/py_env/lib/python3.10/site-packages/airflow/example_dags/example_branch_day_of_week_operator.py for tasks to queue
[2024-02-10T04:54:08.226+0000] {logging_mixin.py:188} INFO - [2024-02-10T04:54:08.226+0000] {dagbag.py:538} INFO - Filling up the DagBag from /workspaces/Airflow_101/airflow_tutorial/py_env/lib/python3.10/site-packages/airflow/example_dags/example_branch_day_of_week_operator.py
[2024-02-10T04:54:08.235+0000] {processor.py:840} INFO - DAG(s) 'example_weekday_branch_operator' retrieved from /workspaces/Airflow_101/airflow_tutorial/py_env/lib/python3.10/site-packages/airflow/example_dags/example_branch_day_of_week_operator.py
[2024-02-10T04:54:08.248+0000] {logging_mixin.py:188} INFO - [2024-02-10T04:54:08.248+0000] {dag.py:3036} INFO - Sync 1 DAGs
[2024-02-10T04:54:08.265+0000] {logging_mixin.py:188} INFO - [2024-02-10T04:54:08.265+0000] {dag.py:3823} INFO - Setting next_dagrun for example_weekday_branch_operator to 2024-02-09 00:00:00+00:00, run_after=2024-02-10 00:00:00+00:00
[2024-02-10T04:54:08.305+0000] {processor.py:183} INFO - Processing /workspaces/Airflow_101/airflow_tutorial/py_env/lib/python3.10/site-packages/airflow/example_dags/example_branch_day_of_week_operator.py took 0.083 seconds
[2024-02-10T04:54:57.164+0000] {processor.py:161} INFO - Started process (PID=9902) to work on /workspaces/Airflow_101/airflow_tutorial/py_env/lib/python3.10/site-packages/airflow/example_dags/example_branch_day_of_week_operator.py
[2024-02-10T04:54:57.165+0000] {processor.py:830} INFO - Processing file /workspaces/Airflow_101/airflow_tutorial/py_env/lib/python3.10/site-packages/airflow/example_dags/example_branch_day_of_week_operator.py for tasks to queue
[2024-02-10T04:54:57.165+0000] {logging_mixin.py:188} INFO - [2024-02-10T04:54:57.165+0000] {dagbag.py:538} INFO - Filling up the DagBag from /workspaces/Airflow_101/airflow_tutorial/py_env/lib/python3.10/site-packages/airflow/example_dags/example_branch_day_of_week_operator.py
[2024-02-10T04:54:57.173+0000] {processor.py:840} INFO - DAG(s) 'example_weekday_branch_operator' retrieved from /workspaces/Airflow_101/airflow_tutorial/py_env/lib/python3.10/site-packages/airflow/example_dags/example_branch_day_of_week_operator.py
[2024-02-10T04:54:57.185+0000] {logging_mixin.py:188} INFO - [2024-02-10T04:54:57.185+0000] {dag.py:3036} INFO - Sync 1 DAGs
[2024-02-10T04:54:57.203+0000] {logging_mixin.py:188} INFO - [2024-02-10T04:54:57.203+0000] {dag.py:3823} INFO - Setting next_dagrun for example_weekday_branch_operator to 2024-02-09 00:00:00+00:00, run_after=2024-02-10 00:00:00+00:00
[2024-02-10T04:54:57.247+0000] {processor.py:183} INFO - Processing /workspaces/Airflow_101/airflow_tutorial/py_env/lib/python3.10/site-packages/airflow/example_dags/example_branch_day_of_week_operator.py took 0.085 seconds
