[2024-02-10T04:51:38.735+0000] {processor.py:161} INFO - Started process (PID=8099) to work on /workspaces/Airflow_101/airflow_tutorial/py_env/lib/python3.10/site-packages/airflow/example_dags/tutorial_objectstorage.py
[2024-02-10T04:51:38.736+0000] {processor.py:830} INFO - Processing file /workspaces/Airflow_101/airflow_tutorial/py_env/lib/python3.10/site-packages/airflow/example_dags/tutorial_objectstorage.py for tasks to queue
[2024-02-10T04:51:38.737+0000] {logging_mixin.py:188} INFO - [2024-02-10T04:51:38.736+0000] {dagbag.py:538} INFO - Filling up the DagBag from /workspaces/Airflow_101/airflow_tutorial/py_env/lib/python3.10/site-packages/airflow/example_dags/tutorial_objectstorage.py
[2024-02-10T04:51:38.744+0000] {processor.py:840} INFO - DAG(s) 'tutorial_objectstorage' retrieved from /workspaces/Airflow_101/airflow_tutorial/py_env/lib/python3.10/site-packages/airflow/example_dags/tutorial_objectstorage.py
[2024-02-10T04:51:38.879+0000] {logging_mixin.py:188} INFO - [2024-02-10T04:51:38.879+0000] {override.py:1769} INFO - Created Permission View: can delete on DAG:tutorial_objectstorage
[2024-02-10T04:51:38.912+0000] {logging_mixin.py:188} INFO - [2024-02-10T04:51:38.912+0000] {override.py:1769} INFO - Created Permission View: can read on DAG:tutorial_objectstorage
[2024-02-10T04:51:38.941+0000] {logging_mixin.py:188} INFO - [2024-02-10T04:51:38.941+0000] {override.py:1769} INFO - Created Permission View: can edit on DAG:tutorial_objectstorage
[2024-02-10T04:51:38.941+0000] {logging_mixin.py:188} INFO - [2024-02-10T04:51:38.941+0000] {dag.py:3036} INFO - Sync 1 DAGs
[2024-02-10T04:51:38.949+0000] {logging_mixin.py:188} INFO - [2024-02-10T04:51:38.949+0000] {dag.py:3058} INFO - Creating ORM DAG for tutorial_objectstorage
[2024-02-10T04:51:38.949+0000] {logging_mixin.py:188} INFO - [2024-02-10T04:51:38.949+0000] {dag.py:3823} INFO - Setting next_dagrun for tutorial_objectstorage to None, run_after=None
[2024-02-10T04:51:38.992+0000] {processor.py:183} INFO - Processing /workspaces/Airflow_101/airflow_tutorial/py_env/lib/python3.10/site-packages/airflow/example_dags/tutorial_objectstorage.py took 0.259 seconds
[2024-02-10T04:52:35.002+0000] {processor.py:161} INFO - Started process (PID=8586) to work on /workspaces/Airflow_101/airflow_tutorial/py_env/lib/python3.10/site-packages/airflow/example_dags/tutorial_objectstorage.py
[2024-02-10T04:52:35.003+0000] {processor.py:830} INFO - Processing file /workspaces/Airflow_101/airflow_tutorial/py_env/lib/python3.10/site-packages/airflow/example_dags/tutorial_objectstorage.py for tasks to queue
[2024-02-10T04:52:35.003+0000] {logging_mixin.py:188} INFO - [2024-02-10T04:52:35.003+0000] {dagbag.py:538} INFO - Filling up the DagBag from /workspaces/Airflow_101/airflow_tutorial/py_env/lib/python3.10/site-packages/airflow/example_dags/tutorial_objectstorage.py
[2024-02-10T04:52:35.009+0000] {processor.py:840} INFO - DAG(s) 'tutorial_objectstorage' retrieved from /workspaces/Airflow_101/airflow_tutorial/py_env/lib/python3.10/site-packages/airflow/example_dags/tutorial_objectstorage.py
[2024-02-10T04:52:35.020+0000] {logging_mixin.py:188} INFO - [2024-02-10T04:52:35.020+0000] {dag.py:3036} INFO - Sync 1 DAGs
[2024-02-10T04:52:35.028+0000] {logging_mixin.py:188} INFO - [2024-02-10T04:52:35.028+0000] {dag.py:3823} INFO - Setting next_dagrun for tutorial_objectstorage to None, run_after=None
[2024-02-10T04:52:35.069+0000] {processor.py:183} INFO - Processing /workspaces/Airflow_101/airflow_tutorial/py_env/lib/python3.10/site-packages/airflow/example_dags/tutorial_objectstorage.py took 0.069 seconds
[2024-02-10T04:53:19.137+0000] {processor.py:161} INFO - Started process (PID=8901) to work on /workspaces/Airflow_101/airflow_tutorial/py_env/lib/python3.10/site-packages/airflow/example_dags/tutorial_objectstorage.py
[2024-02-10T04:53:19.138+0000] {processor.py:830} INFO - Processing file /workspaces/Airflow_101/airflow_tutorial/py_env/lib/python3.10/site-packages/airflow/example_dags/tutorial_objectstorage.py for tasks to queue
[2024-02-10T04:53:19.139+0000] {logging_mixin.py:188} INFO - [2024-02-10T04:53:19.138+0000] {dagbag.py:538} INFO - Filling up the DagBag from /workspaces/Airflow_101/airflow_tutorial/py_env/lib/python3.10/site-packages/airflow/example_dags/tutorial_objectstorage.py
[2024-02-10T04:53:19.144+0000] {processor.py:840} INFO - DAG(s) 'tutorial_objectstorage' retrieved from /workspaces/Airflow_101/airflow_tutorial/py_env/lib/python3.10/site-packages/airflow/example_dags/tutorial_objectstorage.py
[2024-02-10T04:53:19.155+0000] {logging_mixin.py:188} INFO - [2024-02-10T04:53:19.155+0000] {dag.py:3036} INFO - Sync 1 DAGs
[2024-02-10T04:53:19.163+0000] {logging_mixin.py:188} INFO - [2024-02-10T04:53:19.163+0000] {dag.py:3823} INFO - Setting next_dagrun for tutorial_objectstorage to None, run_after=None
[2024-02-10T04:53:19.204+0000] {processor.py:183} INFO - Processing /workspaces/Airflow_101/airflow_tutorial/py_env/lib/python3.10/site-packages/airflow/example_dags/tutorial_objectstorage.py took 0.069 seconds
[2024-02-10T04:53:57.606+0000] {processor.py:161} INFO - Started process (PID=9355) to work on /workspaces/Airflow_101/airflow_tutorial/py_env/lib/python3.10/site-packages/airflow/example_dags/tutorial_objectstorage.py
[2024-02-10T04:53:57.607+0000] {processor.py:830} INFO - Processing file /workspaces/Airflow_101/airflow_tutorial/py_env/lib/python3.10/site-packages/airflow/example_dags/tutorial_objectstorage.py for tasks to queue
[2024-02-10T04:53:57.608+0000] {logging_mixin.py:188} INFO - [2024-02-10T04:53:57.608+0000] {dagbag.py:538} INFO - Filling up the DagBag from /workspaces/Airflow_101/airflow_tutorial/py_env/lib/python3.10/site-packages/airflow/example_dags/tutorial_objectstorage.py
[2024-02-10T04:53:57.614+0000] {processor.py:840} INFO - DAG(s) 'tutorial_objectstorage' retrieved from /workspaces/Airflow_101/airflow_tutorial/py_env/lib/python3.10/site-packages/airflow/example_dags/tutorial_objectstorage.py
[2024-02-10T04:53:57.624+0000] {logging_mixin.py:188} INFO - [2024-02-10T04:53:57.624+0000] {dag.py:3036} INFO - Sync 1 DAGs
[2024-02-10T04:53:57.633+0000] {logging_mixin.py:188} INFO - [2024-02-10T04:53:57.633+0000] {dag.py:3823} INFO - Setting next_dagrun for tutorial_objectstorage to None, run_after=None
[2024-02-10T04:53:57.677+0000] {processor.py:183} INFO - Processing /workspaces/Airflow_101/airflow_tutorial/py_env/lib/python3.10/site-packages/airflow/example_dags/tutorial_objectstorage.py took 0.073 seconds
[2024-02-10T04:54:43.623+0000] {processor.py:161} INFO - Started process (PID=9816) to work on /workspaces/Airflow_101/airflow_tutorial/py_env/lib/python3.10/site-packages/airflow/example_dags/tutorial_objectstorage.py
[2024-02-10T04:54:43.624+0000] {processor.py:830} INFO - Processing file /workspaces/Airflow_101/airflow_tutorial/py_env/lib/python3.10/site-packages/airflow/example_dags/tutorial_objectstorage.py for tasks to queue
[2024-02-10T04:54:43.625+0000] {logging_mixin.py:188} INFO - [2024-02-10T04:54:43.624+0000] {dagbag.py:538} INFO - Filling up the DagBag from /workspaces/Airflow_101/airflow_tutorial/py_env/lib/python3.10/site-packages/airflow/example_dags/tutorial_objectstorage.py
[2024-02-10T04:54:43.631+0000] {processor.py:840} INFO - DAG(s) 'tutorial_objectstorage' retrieved from /workspaces/Airflow_101/airflow_tutorial/py_env/lib/python3.10/site-packages/airflow/example_dags/tutorial_objectstorage.py
[2024-02-10T04:54:43.641+0000] {logging_mixin.py:188} INFO - [2024-02-10T04:54:43.641+0000] {dag.py:3036} INFO - Sync 1 DAGs
[2024-02-10T04:54:43.649+0000] {logging_mixin.py:188} INFO - [2024-02-10T04:54:43.649+0000] {dag.py:3823} INFO - Setting next_dagrun for tutorial_objectstorage to None, run_after=None
[2024-02-10T04:54:43.687+0000] {processor.py:183} INFO - Processing /workspaces/Airflow_101/airflow_tutorial/py_env/lib/python3.10/site-packages/airflow/example_dags/tutorial_objectstorage.py took 0.066 seconds
