[2024-02-10T04:51:33.596+0000] {processor.py:161} INFO - Started process (PID=8037) to work on /workspaces/Airflow_101/airflow_tutorial/py_env/lib/python3.10/site-packages/airflow/example_dags/tutorial_taskflow_api.py
[2024-02-10T04:51:33.597+0000] {processor.py:830} INFO - Processing file /workspaces/Airflow_101/airflow_tutorial/py_env/lib/python3.10/site-packages/airflow/example_dags/tutorial_taskflow_api.py for tasks to queue
[2024-02-10T04:51:33.598+0000] {logging_mixin.py:188} INFO - [2024-02-10T04:51:33.598+0000] {dagbag.py:538} INFO - Filling up the DagBag from /workspaces/Airflow_101/airflow_tutorial/py_env/lib/python3.10/site-packages/airflow/example_dags/tutorial_taskflow_api.py
[2024-02-10T04:51:33.607+0000] {processor.py:840} INFO - DAG(s) 'tutorial_taskflow_api' retrieved from /workspaces/Airflow_101/airflow_tutorial/py_env/lib/python3.10/site-packages/airflow/example_dags/tutorial_taskflow_api.py
[2024-02-10T04:51:33.739+0000] {logging_mixin.py:188} INFO - [2024-02-10T04:51:33.739+0000] {override.py:1769} INFO - Created Permission View: can delete on DAG:tutorial_taskflow_api
[2024-02-10T04:51:33.772+0000] {logging_mixin.py:188} INFO - [2024-02-10T04:51:33.772+0000] {override.py:1769} INFO - Created Permission View: can read on DAG:tutorial_taskflow_api
[2024-02-10T04:51:33.800+0000] {logging_mixin.py:188} INFO - [2024-02-10T04:51:33.800+0000] {override.py:1769} INFO - Created Permission View: can edit on DAG:tutorial_taskflow_api
[2024-02-10T04:51:33.801+0000] {logging_mixin.py:188} INFO - [2024-02-10T04:51:33.801+0000] {dag.py:3036} INFO - Sync 1 DAGs
[2024-02-10T04:51:33.814+0000] {logging_mixin.py:188} INFO - [2024-02-10T04:51:33.814+0000] {dag.py:3058} INFO - Creating ORM DAG for tutorial_taskflow_api
[2024-02-10T04:51:33.814+0000] {logging_mixin.py:188} INFO - [2024-02-10T04:51:33.814+0000] {dag.py:3823} INFO - Setting next_dagrun for tutorial_taskflow_api to None, run_after=None
[2024-02-10T04:51:33.850+0000] {processor.py:183} INFO - Processing /workspaces/Airflow_101/airflow_tutorial/py_env/lib/python3.10/site-packages/airflow/example_dags/tutorial_taskflow_api.py took 0.256 seconds
[2024-02-10T04:52:31.483+0000] {processor.py:161} INFO - Started process (PID=8570) to work on /workspaces/Airflow_101/airflow_tutorial/py_env/lib/python3.10/site-packages/airflow/example_dags/tutorial_taskflow_api.py
[2024-02-10T04:52:31.484+0000] {processor.py:830} INFO - Processing file /workspaces/Airflow_101/airflow_tutorial/py_env/lib/python3.10/site-packages/airflow/example_dags/tutorial_taskflow_api.py for tasks to queue
[2024-02-10T04:52:31.485+0000] {logging_mixin.py:188} INFO - [2024-02-10T04:52:31.484+0000] {dagbag.py:538} INFO - Filling up the DagBag from /workspaces/Airflow_101/airflow_tutorial/py_env/lib/python3.10/site-packages/airflow/example_dags/tutorial_taskflow_api.py
[2024-02-10T04:52:31.490+0000] {processor.py:840} INFO - DAG(s) 'tutorial_taskflow_api' retrieved from /workspaces/Airflow_101/airflow_tutorial/py_env/lib/python3.10/site-packages/airflow/example_dags/tutorial_taskflow_api.py
[2024-02-10T04:52:31.501+0000] {logging_mixin.py:188} INFO - [2024-02-10T04:52:31.501+0000] {dag.py:3036} INFO - Sync 1 DAGs
[2024-02-10T04:52:31.510+0000] {logging_mixin.py:188} INFO - [2024-02-10T04:52:31.510+0000] {dag.py:3823} INFO - Setting next_dagrun for tutorial_taskflow_api to None, run_after=None
[2024-02-10T04:52:31.549+0000] {processor.py:183} INFO - Processing /workspaces/Airflow_101/airflow_tutorial/py_env/lib/python3.10/site-packages/airflow/example_dags/tutorial_taskflow_api.py took 0.068 seconds
[2024-02-10T04:53:15.772+0000] {processor.py:161} INFO - Started process (PID=8859) to work on /workspaces/Airflow_101/airflow_tutorial/py_env/lib/python3.10/site-packages/airflow/example_dags/tutorial_taskflow_api.py
[2024-02-10T04:53:15.773+0000] {processor.py:830} INFO - Processing file /workspaces/Airflow_101/airflow_tutorial/py_env/lib/python3.10/site-packages/airflow/example_dags/tutorial_taskflow_api.py for tasks to queue
[2024-02-10T04:53:15.773+0000] {logging_mixin.py:188} INFO - [2024-02-10T04:53:15.773+0000] {dagbag.py:538} INFO - Filling up the DagBag from /workspaces/Airflow_101/airflow_tutorial/py_env/lib/python3.10/site-packages/airflow/example_dags/tutorial_taskflow_api.py
[2024-02-10T04:53:15.778+0000] {processor.py:840} INFO - DAG(s) 'tutorial_taskflow_api' retrieved from /workspaces/Airflow_101/airflow_tutorial/py_env/lib/python3.10/site-packages/airflow/example_dags/tutorial_taskflow_api.py
[2024-02-10T04:53:15.791+0000] {logging_mixin.py:188} INFO - [2024-02-10T04:53:15.791+0000] {dag.py:3036} INFO - Sync 1 DAGs
[2024-02-10T04:53:15.803+0000] {logging_mixin.py:188} INFO - [2024-02-10T04:53:15.803+0000] {dag.py:3823} INFO - Setting next_dagrun for tutorial_taskflow_api to None, run_after=None
[2024-02-10T04:53:15.854+0000] {processor.py:183} INFO - Processing /workspaces/Airflow_101/airflow_tutorial/py_env/lib/python3.10/site-packages/airflow/example_dags/tutorial_taskflow_api.py took 0.085 seconds
[2024-02-10T04:53:52.917+0000] {processor.py:161} INFO - Started process (PID=9303) to work on /workspaces/Airflow_101/airflow_tutorial/py_env/lib/python3.10/site-packages/airflow/example_dags/tutorial_taskflow_api.py
[2024-02-10T04:53:52.918+0000] {processor.py:830} INFO - Processing file /workspaces/Airflow_101/airflow_tutorial/py_env/lib/python3.10/site-packages/airflow/example_dags/tutorial_taskflow_api.py for tasks to queue
[2024-02-10T04:53:52.919+0000] {logging_mixin.py:188} INFO - [2024-02-10T04:53:52.918+0000] {dagbag.py:538} INFO - Filling up the DagBag from /workspaces/Airflow_101/airflow_tutorial/py_env/lib/python3.10/site-packages/airflow/example_dags/tutorial_taskflow_api.py
[2024-02-10T04:53:52.924+0000] {processor.py:840} INFO - DAG(s) 'tutorial_taskflow_api' retrieved from /workspaces/Airflow_101/airflow_tutorial/py_env/lib/python3.10/site-packages/airflow/example_dags/tutorial_taskflow_api.py
[2024-02-10T04:53:52.936+0000] {logging_mixin.py:188} INFO - [2024-02-10T04:53:52.935+0000] {dag.py:3036} INFO - Sync 1 DAGs
[2024-02-10T04:53:52.945+0000] {logging_mixin.py:188} INFO - [2024-02-10T04:53:52.945+0000] {dag.py:3823} INFO - Setting next_dagrun for tutorial_taskflow_api to None, run_after=None
[2024-02-10T04:53:52.986+0000] {processor.py:183} INFO - Processing /workspaces/Airflow_101/airflow_tutorial/py_env/lib/python3.10/site-packages/airflow/example_dags/tutorial_taskflow_api.py took 0.072 seconds
[2024-02-10T04:54:28.263+0000] {processor.py:161} INFO - Started process (PID=9701) to work on /workspaces/Airflow_101/airflow_tutorial/py_env/lib/python3.10/site-packages/airflow/example_dags/tutorial_taskflow_api.py
[2024-02-10T04:54:28.264+0000] {processor.py:830} INFO - Processing file /workspaces/Airflow_101/airflow_tutorial/py_env/lib/python3.10/site-packages/airflow/example_dags/tutorial_taskflow_api.py for tasks to queue
[2024-02-10T04:54:28.264+0000] {logging_mixin.py:188} INFO - [2024-02-10T04:54:28.264+0000] {dagbag.py:538} INFO - Filling up the DagBag from /workspaces/Airflow_101/airflow_tutorial/py_env/lib/python3.10/site-packages/airflow/example_dags/tutorial_taskflow_api.py
[2024-02-10T04:54:28.269+0000] {processor.py:840} INFO - DAG(s) 'tutorial_taskflow_api' retrieved from /workspaces/Airflow_101/airflow_tutorial/py_env/lib/python3.10/site-packages/airflow/example_dags/tutorial_taskflow_api.py
[2024-02-10T04:54:28.281+0000] {logging_mixin.py:188} INFO - [2024-02-10T04:54:28.280+0000] {dag.py:3036} INFO - Sync 1 DAGs
[2024-02-10T04:54:28.289+0000] {logging_mixin.py:188} INFO - [2024-02-10T04:54:28.289+0000] {dag.py:3823} INFO - Setting next_dagrun for tutorial_taskflow_api to None, run_after=None
[2024-02-10T04:54:28.327+0000] {processor.py:183} INFO - Processing /workspaces/Airflow_101/airflow_tutorial/py_env/lib/python3.10/site-packages/airflow/example_dags/tutorial_taskflow_api.py took 0.066 seconds
[2024-02-10T04:55:01.195+0000] {processor.py:161} INFO - Started process (PID=9941) to work on /workspaces/Airflow_101/airflow_tutorial/py_env/lib/python3.10/site-packages/airflow/example_dags/tutorial_taskflow_api.py
[2024-02-10T04:55:01.196+0000] {processor.py:830} INFO - Processing file /workspaces/Airflow_101/airflow_tutorial/py_env/lib/python3.10/site-packages/airflow/example_dags/tutorial_taskflow_api.py for tasks to queue
[2024-02-10T04:55:01.197+0000] {logging_mixin.py:188} INFO - [2024-02-10T04:55:01.197+0000] {dagbag.py:538} INFO - Filling up the DagBag from /workspaces/Airflow_101/airflow_tutorial/py_env/lib/python3.10/site-packages/airflow/example_dags/tutorial_taskflow_api.py
[2024-02-10T04:55:01.202+0000] {processor.py:840} INFO - DAG(s) 'tutorial_taskflow_api' retrieved from /workspaces/Airflow_101/airflow_tutorial/py_env/lib/python3.10/site-packages/airflow/example_dags/tutorial_taskflow_api.py
[2024-02-10T04:55:01.214+0000] {logging_mixin.py:188} INFO - [2024-02-10T04:55:01.213+0000] {dag.py:3036} INFO - Sync 1 DAGs
[2024-02-10T04:55:01.222+0000] {logging_mixin.py:188} INFO - [2024-02-10T04:55:01.222+0000] {dag.py:3823} INFO - Setting next_dagrun for tutorial_taskflow_api to None, run_after=None
[2024-02-10T04:55:01.262+0000] {processor.py:183} INFO - Processing /workspaces/Airflow_101/airflow_tutorial/py_env/lib/python3.10/site-packages/airflow/example_dags/tutorial_taskflow_api.py took 0.071 seconds
