[2024-02-10T04:52:08.083+0000] {processor.py:161} INFO - Started process (PID=8372) to work on /workspaces/Airflow_101/airflow_tutorial/py_env/lib/python3.10/site-packages/airflow/example_dags/example_latest_only_with_trigger.py
[2024-02-10T04:52:08.083+0000] {processor.py:830} INFO - Processing file /workspaces/Airflow_101/airflow_tutorial/py_env/lib/python3.10/site-packages/airflow/example_dags/example_latest_only_with_trigger.py for tasks to queue
[2024-02-10T04:52:08.084+0000] {logging_mixin.py:188} INFO - [2024-02-10T04:52:08.084+0000] {dagbag.py:538} INFO - Filling up the DagBag from /workspaces/Airflow_101/airflow_tutorial/py_env/lib/python3.10/site-packages/airflow/example_dags/example_latest_only_with_trigger.py
[2024-02-10T04:52:08.090+0000] {processor.py:840} INFO - DAG(s) 'latest_only_with_trigger' retrieved from /workspaces/Airflow_101/airflow_tutorial/py_env/lib/python3.10/site-packages/airflow/example_dags/example_latest_only_with_trigger.py
[2024-02-10T04:52:08.228+0000] {logging_mixin.py:188} INFO - [2024-02-10T04:52:08.228+0000] {override.py:1769} INFO - Created Permission View: can delete on DAG:latest_only_with_trigger
[2024-02-10T04:52:08.261+0000] {logging_mixin.py:188} INFO - [2024-02-10T04:52:08.260+0000] {override.py:1769} INFO - Created Permission View: can read on DAG:latest_only_with_trigger
[2024-02-10T04:52:08.293+0000] {logging_mixin.py:188} INFO - [2024-02-10T04:52:08.293+0000] {override.py:1769} INFO - Created Permission View: can edit on DAG:latest_only_with_trigger
[2024-02-10T04:52:08.294+0000] {logging_mixin.py:188} INFO - [2024-02-10T04:52:08.294+0000] {dag.py:3036} INFO - Sync 1 DAGs
[2024-02-10T04:52:08.307+0000] {logging_mixin.py:188} INFO - [2024-02-10T04:52:08.306+0000] {dag.py:3058} INFO - Creating ORM DAG for latest_only_with_trigger
[2024-02-10T04:52:08.316+0000] {logging_mixin.py:188} INFO - [2024-02-10T04:52:08.316+0000] {dag.py:3823} INFO - Setting next_dagrun for latest_only_with_trigger to 2024-02-10 00:00:00+00:00, run_after=2024-02-10 04:00:00+00:00
[2024-02-10T04:52:08.361+0000] {processor.py:183} INFO - Processing /workspaces/Airflow_101/airflow_tutorial/py_env/lib/python3.10/site-packages/airflow/example_dags/example_latest_only_with_trigger.py took 0.281 seconds
[2024-02-10T04:53:01.735+0000] {processor.py:161} INFO - Started process (PID=8772) to work on /workspaces/Airflow_101/airflow_tutorial/py_env/lib/python3.10/site-packages/airflow/example_dags/example_latest_only_with_trigger.py
[2024-02-10T04:53:01.735+0000] {processor.py:830} INFO - Processing file /workspaces/Airflow_101/airflow_tutorial/py_env/lib/python3.10/site-packages/airflow/example_dags/example_latest_only_with_trigger.py for tasks to queue
[2024-02-10T04:53:01.736+0000] {logging_mixin.py:188} INFO - [2024-02-10T04:53:01.736+0000] {dagbag.py:538} INFO - Filling up the DagBag from /workspaces/Airflow_101/airflow_tutorial/py_env/lib/python3.10/site-packages/airflow/example_dags/example_latest_only_with_trigger.py
[2024-02-10T04:53:01.740+0000] {processor.py:840} INFO - DAG(s) 'latest_only_with_trigger' retrieved from /workspaces/Airflow_101/airflow_tutorial/py_env/lib/python3.10/site-packages/airflow/example_dags/example_latest_only_with_trigger.py
[2024-02-10T04:53:01.752+0000] {logging_mixin.py:188} INFO - [2024-02-10T04:53:01.752+0000] {dag.py:3036} INFO - Sync 1 DAGs
[2024-02-10T04:53:01.767+0000] {logging_mixin.py:188} INFO - [2024-02-10T04:53:01.767+0000] {dag.py:3823} INFO - Setting next_dagrun for latest_only_with_trigger to 2024-02-10 00:00:00+00:00, run_after=2024-02-10 04:00:00+00:00
[2024-02-10T04:53:01.807+0000] {processor.py:183} INFO - Processing /workspaces/Airflow_101/airflow_tutorial/py_env/lib/python3.10/site-packages/airflow/example_dags/example_latest_only_with_trigger.py took 0.074 seconds
[2024-02-10T04:53:50.167+0000] {processor.py:161} INFO - Started process (PID=9293) to work on /workspaces/Airflow_101/airflow_tutorial/py_env/lib/python3.10/site-packages/airflow/example_dags/example_latest_only_with_trigger.py
[2024-02-10T04:53:50.168+0000] {processor.py:830} INFO - Processing file /workspaces/Airflow_101/airflow_tutorial/py_env/lib/python3.10/site-packages/airflow/example_dags/example_latest_only_with_trigger.py for tasks to queue
[2024-02-10T04:53:50.169+0000] {logging_mixin.py:188} INFO - [2024-02-10T04:53:50.168+0000] {dagbag.py:538} INFO - Filling up the DagBag from /workspaces/Airflow_101/airflow_tutorial/py_env/lib/python3.10/site-packages/airflow/example_dags/example_latest_only_with_trigger.py
[2024-02-10T04:53:50.173+0000] {processor.py:840} INFO - DAG(s) 'latest_only_with_trigger' retrieved from /workspaces/Airflow_101/airflow_tutorial/py_env/lib/python3.10/site-packages/airflow/example_dags/example_latest_only_with_trigger.py
[2024-02-10T04:53:50.185+0000] {logging_mixin.py:188} INFO - [2024-02-10T04:53:50.185+0000] {dag.py:3036} INFO - Sync 1 DAGs
[2024-02-10T04:53:50.200+0000] {logging_mixin.py:188} INFO - [2024-02-10T04:53:50.200+0000] {dag.py:3823} INFO - Setting next_dagrun for latest_only_with_trigger to 2024-02-10 00:00:00+00:00, run_after=2024-02-10 04:00:00+00:00
[2024-02-10T04:53:50.241+0000] {processor.py:183} INFO - Processing /workspaces/Airflow_101/airflow_tutorial/py_env/lib/python3.10/site-packages/airflow/example_dags/example_latest_only_with_trigger.py took 0.076 seconds
[2024-02-10T04:54:40.541+0000] {processor.py:161} INFO - Started process (PID=9800) to work on /workspaces/Airflow_101/airflow_tutorial/py_env/lib/python3.10/site-packages/airflow/example_dags/example_latest_only_with_trigger.py
[2024-02-10T04:54:40.542+0000] {processor.py:830} INFO - Processing file /workspaces/Airflow_101/airflow_tutorial/py_env/lib/python3.10/site-packages/airflow/example_dags/example_latest_only_with_trigger.py for tasks to queue
[2024-02-10T04:54:40.543+0000] {logging_mixin.py:188} INFO - [2024-02-10T04:54:40.542+0000] {dagbag.py:538} INFO - Filling up the DagBag from /workspaces/Airflow_101/airflow_tutorial/py_env/lib/python3.10/site-packages/airflow/example_dags/example_latest_only_with_trigger.py
[2024-02-10T04:54:40.547+0000] {processor.py:840} INFO - DAG(s) 'latest_only_with_trigger' retrieved from /workspaces/Airflow_101/airflow_tutorial/py_env/lib/python3.10/site-packages/airflow/example_dags/example_latest_only_with_trigger.py
[2024-02-10T04:54:40.559+0000] {logging_mixin.py:188} INFO - [2024-02-10T04:54:40.559+0000] {dag.py:3036} INFO - Sync 1 DAGs
[2024-02-10T04:54:40.574+0000] {logging_mixin.py:188} INFO - [2024-02-10T04:54:40.574+0000] {dag.py:3823} INFO - Setting next_dagrun for latest_only_with_trigger to 2024-02-10 00:00:00+00:00, run_after=2024-02-10 04:00:00+00:00
[2024-02-10T04:54:40.623+0000] {processor.py:183} INFO - Processing /workspaces/Airflow_101/airflow_tutorial/py_env/lib/python3.10/site-packages/airflow/example_dags/example_latest_only_with_trigger.py took 0.084 seconds
