[2024-02-10T04:52:24.176+0000] {processor.py:161} INFO - Started process (PID=8514) to work on /workspaces/Airflow_101/airflow_tutorial/py_env/lib/python3.10/site-packages/airflow/example_dags/example_branch_datetime_operator.py
[2024-02-10T04:52:24.176+0000] {processor.py:830} INFO - Processing file /workspaces/Airflow_101/airflow_tutorial/py_env/lib/python3.10/site-packages/airflow/example_dags/example_branch_datetime_operator.py for tasks to queue
[2024-02-10T04:52:24.177+0000] {logging_mixin.py:188} INFO - [2024-02-10T04:52:24.177+0000] {dagbag.py:538} INFO - Filling up the DagBag from /workspaces/Airflow_101/airflow_tutorial/py_env/lib/python3.10/site-packages/airflow/example_dags/example_branch_datetime_operator.py
[2024-02-10T04:52:24.185+0000] {processor.py:840} INFO - DAG(s) 'example_branch_datetime_operator_2', 'example_branch_datetime_operator', 'example_branch_datetime_operator_3' retrieved from /workspaces/Airflow_101/airflow_tutorial/py_env/lib/python3.10/site-packages/airflow/example_dags/example_branch_datetime_operator.py
[2024-02-10T04:52:24.317+0000] {logging_mixin.py:188} INFO - [2024-02-10T04:52:24.316+0000] {override.py:1769} INFO - Created Permission View: can delete on DAG:example_branch_datetime_operator_2
[2024-02-10T04:52:24.348+0000] {logging_mixin.py:188} INFO - [2024-02-10T04:52:24.348+0000] {override.py:1769} INFO - Created Permission View: can read on DAG:example_branch_datetime_operator_2
[2024-02-10T04:52:24.376+0000] {logging_mixin.py:188} INFO - [2024-02-10T04:52:24.375+0000] {override.py:1769} INFO - Created Permission View: can edit on DAG:example_branch_datetime_operator_2
[2024-02-10T04:52:24.438+0000] {logging_mixin.py:188} INFO - [2024-02-10T04:52:24.437+0000] {override.py:1769} INFO - Created Permission View: can delete on DAG:example_branch_datetime_operator
[2024-02-10T04:52:24.467+0000] {logging_mixin.py:188} INFO - [2024-02-10T04:52:24.467+0000] {override.py:1769} INFO - Created Permission View: can read on DAG:example_branch_datetime_operator
[2024-02-10T04:52:24.494+0000] {logging_mixin.py:188} INFO - [2024-02-10T04:52:24.494+0000] {override.py:1769} INFO - Created Permission View: can edit on DAG:example_branch_datetime_operator
[2024-02-10T04:52:24.556+0000] {logging_mixin.py:188} INFO - [2024-02-10T04:52:24.555+0000] {override.py:1769} INFO - Created Permission View: can delete on DAG:example_branch_datetime_operator_3
[2024-02-10T04:52:24.583+0000] {logging_mixin.py:188} INFO - [2024-02-10T04:52:24.583+0000] {override.py:1769} INFO - Created Permission View: can read on DAG:example_branch_datetime_operator_3
[2024-02-10T04:52:24.615+0000] {logging_mixin.py:188} INFO - [2024-02-10T04:52:24.615+0000] {override.py:1769} INFO - Created Permission View: can edit on DAG:example_branch_datetime_operator_3
[2024-02-10T04:52:24.615+0000] {logging_mixin.py:188} INFO - [2024-02-10T04:52:24.615+0000] {dag.py:3036} INFO - Sync 3 DAGs
[2024-02-10T04:52:24.623+0000] {logging_mixin.py:188} INFO - [2024-02-10T04:52:24.623+0000] {dag.py:3058} INFO - Creating ORM DAG for example_branch_datetime_operator_3
[2024-02-10T04:52:24.624+0000] {logging_mixin.py:188} INFO - [2024-02-10T04:52:24.624+0000] {dag.py:3058} INFO - Creating ORM DAG for example_branch_datetime_operator_2
[2024-02-10T04:52:24.624+0000] {logging_mixin.py:188} INFO - [2024-02-10T04:52:24.624+0000] {dag.py:3058} INFO - Creating ORM DAG for example_branch_datetime_operator
[2024-02-10T04:52:24.633+0000] {logging_mixin.py:188} INFO - [2024-02-10T04:52:24.633+0000] {dag.py:3823} INFO - Setting next_dagrun for example_branch_datetime_operator to 2024-02-09 00:00:00+00:00, run_after=2024-02-10 00:00:00+00:00
[2024-02-10T04:52:24.635+0000] {logging_mixin.py:188} INFO - [2024-02-10T04:52:24.635+0000] {dag.py:3823} INFO - Setting next_dagrun for example_branch_datetime_operator_2 to 2024-02-09 00:00:00+00:00, run_after=2024-02-10 00:00:00+00:00
[2024-02-10T04:52:24.637+0000] {logging_mixin.py:188} INFO - [2024-02-10T04:52:24.636+0000] {dag.py:3823} INFO - Setting next_dagrun for example_branch_datetime_operator_3 to 2024-02-09 00:00:00+00:00, run_after=2024-02-10 00:00:00+00:00
[2024-02-10T04:52:24.680+0000] {processor.py:183} INFO - Processing /workspaces/Airflow_101/airflow_tutorial/py_env/lib/python3.10/site-packages/airflow/example_dags/example_branch_datetime_operator.py took 0.506 seconds
[2024-02-10T04:53:28.962+0000] {processor.py:161} INFO - Started process (PID=8970) to work on /workspaces/Airflow_101/airflow_tutorial/py_env/lib/python3.10/site-packages/airflow/example_dags/example_branch_datetime_operator.py
[2024-02-10T04:53:28.962+0000] {processor.py:830} INFO - Processing file /workspaces/Airflow_101/airflow_tutorial/py_env/lib/python3.10/site-packages/airflow/example_dags/example_branch_datetime_operator.py for tasks to queue
[2024-02-10T04:53:28.963+0000] {logging_mixin.py:188} INFO - [2024-02-10T04:53:28.963+0000] {dagbag.py:538} INFO - Filling up the DagBag from /workspaces/Airflow_101/airflow_tutorial/py_env/lib/python3.10/site-packages/airflow/example_dags/example_branch_datetime_operator.py
[2024-02-10T04:53:28.971+0000] {processor.py:840} INFO - DAG(s) 'example_branch_datetime_operator_2', 'example_branch_datetime_operator', 'example_branch_datetime_operator_3' retrieved from /workspaces/Airflow_101/airflow_tutorial/py_env/lib/python3.10/site-packages/airflow/example_dags/example_branch_datetime_operator.py
[2024-02-10T04:53:28.988+0000] {logging_mixin.py:188} INFO - [2024-02-10T04:53:28.988+0000] {dag.py:3036} INFO - Sync 3 DAGs
[2024-02-10T04:53:29.006+0000] {logging_mixin.py:188} INFO - [2024-02-10T04:53:29.006+0000] {dag.py:3823} INFO - Setting next_dagrun for example_branch_datetime_operator to 2024-02-09 00:00:00+00:00, run_after=2024-02-10 00:00:00+00:00
[2024-02-10T04:53:29.010+0000] {logging_mixin.py:188} INFO - [2024-02-10T04:53:29.010+0000] {dag.py:3823} INFO - Setting next_dagrun for example_branch_datetime_operator_2 to 2024-02-09 00:00:00+00:00, run_after=2024-02-10 00:00:00+00:00
[2024-02-10T04:53:29.012+0000] {logging_mixin.py:188} INFO - [2024-02-10T04:53:29.012+0000] {dag.py:3823} INFO - Setting next_dagrun for example_branch_datetime_operator_3 to 2024-02-09 00:00:00+00:00, run_after=2024-02-10 00:00:00+00:00
[2024-02-10T04:53:29.049+0000] {processor.py:183} INFO - Processing /workspaces/Airflow_101/airflow_tutorial/py_env/lib/python3.10/site-packages/airflow/example_dags/example_branch_datetime_operator.py took 0.090 seconds
[2024-02-10T04:54:23.198+0000] {processor.py:161} INFO - Started process (PID=9641) to work on /workspaces/Airflow_101/airflow_tutorial/py_env/lib/python3.10/site-packages/airflow/example_dags/example_branch_datetime_operator.py
[2024-02-10T04:54:23.199+0000] {processor.py:830} INFO - Processing file /workspaces/Airflow_101/airflow_tutorial/py_env/lib/python3.10/site-packages/airflow/example_dags/example_branch_datetime_operator.py for tasks to queue
[2024-02-10T04:54:23.200+0000] {logging_mixin.py:188} INFO - [2024-02-10T04:54:23.199+0000] {dagbag.py:538} INFO - Filling up the DagBag from /workspaces/Airflow_101/airflow_tutorial/py_env/lib/python3.10/site-packages/airflow/example_dags/example_branch_datetime_operator.py
[2024-02-10T04:54:23.208+0000] {processor.py:840} INFO - DAG(s) 'example_branch_datetime_operator_2', 'example_branch_datetime_operator', 'example_branch_datetime_operator_3' retrieved from /workspaces/Airflow_101/airflow_tutorial/py_env/lib/python3.10/site-packages/airflow/example_dags/example_branch_datetime_operator.py
[2024-02-10T04:54:23.225+0000] {logging_mixin.py:188} INFO - [2024-02-10T04:54:23.225+0000] {dag.py:3036} INFO - Sync 3 DAGs
[2024-02-10T04:54:23.244+0000] {logging_mixin.py:188} INFO - [2024-02-10T04:54:23.244+0000] {dag.py:3823} INFO - Setting next_dagrun for example_branch_datetime_operator to 2024-02-09 00:00:00+00:00, run_after=2024-02-10 00:00:00+00:00
[2024-02-10T04:54:23.248+0000] {logging_mixin.py:188} INFO - [2024-02-10T04:54:23.248+0000] {dag.py:3823} INFO - Setting next_dagrun for example_branch_datetime_operator_2 to 2024-02-09 00:00:00+00:00, run_after=2024-02-10 00:00:00+00:00
[2024-02-10T04:54:23.250+0000] {logging_mixin.py:188} INFO - [2024-02-10T04:54:23.250+0000] {dag.py:3823} INFO - Setting next_dagrun for example_branch_datetime_operator_3 to 2024-02-09 00:00:00+00:00, run_after=2024-02-10 00:00:00+00:00
[2024-02-10T04:54:23.286+0000] {processor.py:183} INFO - Processing /workspaces/Airflow_101/airflow_tutorial/py_env/lib/python3.10/site-packages/airflow/example_dags/example_branch_datetime_operator.py took 0.090 seconds
[2024-02-10T04:55:14.061+0000] {processor.py:161} INFO - Started process (PID=10021) to work on /workspaces/Airflow_101/airflow_tutorial/py_env/lib/python3.10/site-packages/airflow/example_dags/example_branch_datetime_operator.py
[2024-02-10T04:55:14.061+0000] {processor.py:830} INFO - Processing file /workspaces/Airflow_101/airflow_tutorial/py_env/lib/python3.10/site-packages/airflow/example_dags/example_branch_datetime_operator.py for tasks to queue
[2024-02-10T04:55:14.062+0000] {logging_mixin.py:188} INFO - [2024-02-10T04:55:14.062+0000] {dagbag.py:538} INFO - Filling up the DagBag from /workspaces/Airflow_101/airflow_tutorial/py_env/lib/python3.10/site-packages/airflow/example_dags/example_branch_datetime_operator.py
[2024-02-10T04:55:14.070+0000] {processor.py:840} INFO - DAG(s) 'example_branch_datetime_operator_3', 'example_branch_datetime_operator', 'example_branch_datetime_operator_2' retrieved from /workspaces/Airflow_101/airflow_tutorial/py_env/lib/python3.10/site-packages/airflow/example_dags/example_branch_datetime_operator.py
[2024-02-10T04:55:14.087+0000] {logging_mixin.py:188} INFO - [2024-02-10T04:55:14.086+0000] {dag.py:3036} INFO - Sync 3 DAGs
[2024-02-10T04:55:14.104+0000] {logging_mixin.py:188} INFO - [2024-02-10T04:55:14.103+0000] {dag.py:3823} INFO - Setting next_dagrun for example_branch_datetime_operator to 2024-02-09 00:00:00+00:00, run_after=2024-02-10 00:00:00+00:00
[2024-02-10T04:55:14.108+0000] {logging_mixin.py:188} INFO - [2024-02-10T04:55:14.108+0000] {dag.py:3823} INFO - Setting next_dagrun for example_branch_datetime_operator_2 to 2024-02-09 00:00:00+00:00, run_after=2024-02-10 00:00:00+00:00
[2024-02-10T04:55:14.110+0000] {logging_mixin.py:188} INFO - [2024-02-10T04:55:14.110+0000] {dag.py:3823} INFO - Setting next_dagrun for example_branch_datetime_operator_3 to 2024-02-09 00:00:00+00:00, run_after=2024-02-10 00:00:00+00:00
[2024-02-10T04:55:14.152+0000] {processor.py:183} INFO - Processing /workspaces/Airflow_101/airflow_tutorial/py_env/lib/python3.10/site-packages/airflow/example_dags/example_branch_datetime_operator.py took 0.093 seconds
