[2024-02-10T04:52:06.960+0000] {processor.py:161} INFO - Started process (PID=8356) to work on /workspaces/Airflow_101/airflow_tutorial/py_env/lib/python3.10/site-packages/airflow/example_dags/example_dag_decorator.py
[2024-02-10T04:52:06.961+0000] {processor.py:830} INFO - Processing file /workspaces/Airflow_101/airflow_tutorial/py_env/lib/python3.10/site-packages/airflow/example_dags/example_dag_decorator.py for tasks to queue
[2024-02-10T04:52:06.962+0000] {logging_mixin.py:188} INFO - [2024-02-10T04:52:06.962+0000] {dagbag.py:538} INFO - Filling up the DagBag from /workspaces/Airflow_101/airflow_tutorial/py_env/lib/python3.10/site-packages/airflow/example_dags/example_dag_decorator.py
[2024-02-10T04:52:07.159+0000] {processor.py:840} INFO - DAG(s) 'example_dag_decorator' retrieved from /workspaces/Airflow_101/airflow_tutorial/py_env/lib/python3.10/site-packages/airflow/example_dags/example_dag_decorator.py
[2024-02-10T04:52:07.411+0000] {logging_mixin.py:188} INFO - [2024-02-10T04:52:07.410+0000] {override.py:1769} INFO - Created Permission View: can delete on DAG:example_dag_decorator
[2024-02-10T04:52:07.475+0000] {logging_mixin.py:188} INFO - [2024-02-10T04:52:07.474+0000] {override.py:1769} INFO - Created Permission View: can read on DAG:example_dag_decorator
[2024-02-10T04:52:07.532+0000] {logging_mixin.py:188} INFO - [2024-02-10T04:52:07.532+0000] {override.py:1769} INFO - Created Permission View: can edit on DAG:example_dag_decorator
[2024-02-10T04:52:07.533+0000] {logging_mixin.py:188} INFO - [2024-02-10T04:52:07.532+0000] {dag.py:3036} INFO - Sync 1 DAGs
[2024-02-10T04:52:07.541+0000] {logging_mixin.py:188} INFO - [2024-02-10T04:52:07.541+0000] {dag.py:3058} INFO - Creating ORM DAG for example_dag_decorator
[2024-02-10T04:52:07.542+0000] {logging_mixin.py:188} INFO - [2024-02-10T04:52:07.541+0000] {dag.py:3823} INFO - Setting next_dagrun for example_dag_decorator to None, run_after=None
[2024-02-10T04:52:07.602+0000] {processor.py:183} INFO - Processing /workspaces/Airflow_101/airflow_tutorial/py_env/lib/python3.10/site-packages/airflow/example_dags/example_dag_decorator.py took 0.646 seconds
[2024-02-10T04:53:00.775+0000] {processor.py:161} INFO - Started process (PID=8771) to work on /workspaces/Airflow_101/airflow_tutorial/py_env/lib/python3.10/site-packages/airflow/example_dags/example_dag_decorator.py
[2024-02-10T04:53:00.776+0000] {processor.py:830} INFO - Processing file /workspaces/Airflow_101/airflow_tutorial/py_env/lib/python3.10/site-packages/airflow/example_dags/example_dag_decorator.py for tasks to queue
[2024-02-10T04:53:00.776+0000] {logging_mixin.py:188} INFO - [2024-02-10T04:53:00.776+0000] {dagbag.py:538} INFO - Filling up the DagBag from /workspaces/Airflow_101/airflow_tutorial/py_env/lib/python3.10/site-packages/airflow/example_dags/example_dag_decorator.py
[2024-02-10T04:53:00.848+0000] {processor.py:840} INFO - DAG(s) 'example_dag_decorator' retrieved from /workspaces/Airflow_101/airflow_tutorial/py_env/lib/python3.10/site-packages/airflow/example_dags/example_dag_decorator.py
[2024-02-10T04:53:00.925+0000] {logging_mixin.py:188} INFO - [2024-02-10T04:53:00.924+0000] {dag.py:3036} INFO - Sync 1 DAGs
[2024-02-10T04:53:00.932+0000] {logging_mixin.py:188} INFO - [2024-02-10T04:53:00.932+0000] {dag.py:3823} INFO - Setting next_dagrun for example_dag_decorator to None, run_after=None
[2024-02-10T04:53:00.970+0000] {processor.py:183} INFO - Processing /workspaces/Airflow_101/airflow_tutorial/py_env/lib/python3.10/site-packages/airflow/example_dags/example_dag_decorator.py took 0.198 seconds
[2024-02-10T04:53:48.734+0000] {processor.py:161} INFO - Started process (PID=9263) to work on /workspaces/Airflow_101/airflow_tutorial/py_env/lib/python3.10/site-packages/airflow/example_dags/example_dag_decorator.py
[2024-02-10T04:53:48.742+0000] {processor.py:830} INFO - Processing file /workspaces/Airflow_101/airflow_tutorial/py_env/lib/python3.10/site-packages/airflow/example_dags/example_dag_decorator.py for tasks to queue
[2024-02-10T04:53:48.743+0000] {logging_mixin.py:188} INFO - [2024-02-10T04:53:48.743+0000] {dagbag.py:538} INFO - Filling up the DagBag from /workspaces/Airflow_101/airflow_tutorial/py_env/lib/python3.10/site-packages/airflow/example_dags/example_dag_decorator.py
[2024-02-10T04:53:48.841+0000] {processor.py:840} INFO - DAG(s) 'example_dag_decorator' retrieved from /workspaces/Airflow_101/airflow_tutorial/py_env/lib/python3.10/site-packages/airflow/example_dags/example_dag_decorator.py
[2024-02-10T04:53:49.070+0000] {logging_mixin.py:188} INFO - [2024-02-10T04:53:49.070+0000] {dag.py:3036} INFO - Sync 1 DAGs
[2024-02-10T04:53:49.082+0000] {logging_mixin.py:188} INFO - [2024-02-10T04:53:49.082+0000] {dag.py:3823} INFO - Setting next_dagrun for example_dag_decorator to None, run_after=None
[2024-02-10T04:53:49.123+0000] {processor.py:183} INFO - Processing /workspaces/Airflow_101/airflow_tutorial/py_env/lib/python3.10/site-packages/airflow/example_dags/example_dag_decorator.py took 0.392 seconds
[2024-02-10T04:54:39.180+0000] {processor.py:161} INFO - Started process (PID=9793) to work on /workspaces/Airflow_101/airflow_tutorial/py_env/lib/python3.10/site-packages/airflow/example_dags/example_dag_decorator.py
[2024-02-10T04:54:39.181+0000] {processor.py:830} INFO - Processing file /workspaces/Airflow_101/airflow_tutorial/py_env/lib/python3.10/site-packages/airflow/example_dags/example_dag_decorator.py for tasks to queue
[2024-02-10T04:54:39.181+0000] {logging_mixin.py:188} INFO - [2024-02-10T04:54:39.181+0000] {dagbag.py:538} INFO - Filling up the DagBag from /workspaces/Airflow_101/airflow_tutorial/py_env/lib/python3.10/site-packages/airflow/example_dags/example_dag_decorator.py
[2024-02-10T04:54:39.256+0000] {processor.py:840} INFO - DAG(s) 'example_dag_decorator' retrieved from /workspaces/Airflow_101/airflow_tutorial/py_env/lib/python3.10/site-packages/airflow/example_dags/example_dag_decorator.py
[2024-02-10T04:54:39.335+0000] {logging_mixin.py:188} INFO - [2024-02-10T04:54:39.335+0000] {dag.py:3036} INFO - Sync 1 DAGs
[2024-02-10T04:54:39.343+0000] {logging_mixin.py:188} INFO - [2024-02-10T04:54:39.343+0000] {dag.py:3823} INFO - Setting next_dagrun for example_dag_decorator to None, run_after=None
[2024-02-10T04:54:39.396+0000] {processor.py:183} INFO - Processing /workspaces/Airflow_101/airflow_tutorial/py_env/lib/python3.10/site-packages/airflow/example_dags/example_dag_decorator.py took 0.219 seconds
