[2024-02-10T04:52:17.482+0000] {processor.py:161} INFO - Started process (PID=8484) to work on /workspaces/Airflow_101/airflow_tutorial/py_env/lib/python3.10/site-packages/airflow/example_dags/example_params_trigger_ui.py
[2024-02-10T04:52:17.483+0000] {processor.py:830} INFO - Processing file /workspaces/Airflow_101/airflow_tutorial/py_env/lib/python3.10/site-packages/airflow/example_dags/example_params_trigger_ui.py for tasks to queue
[2024-02-10T04:52:17.484+0000] {logging_mixin.py:188} INFO - [2024-02-10T04:52:17.483+0000] {dagbag.py:538} INFO - Filling up the DagBag from /workspaces/Airflow_101/airflow_tutorial/py_env/lib/python3.10/site-packages/airflow/example_dags/example_params_trigger_ui.py
[2024-02-10T04:52:17.494+0000] {processor.py:840} INFO - DAG(s) 'example_params_trigger_ui' retrieved from /workspaces/Airflow_101/airflow_tutorial/py_env/lib/python3.10/site-packages/airflow/example_dags/example_params_trigger_ui.py
[2024-02-10T04:52:17.693+0000] {logging_mixin.py:188} INFO - [2024-02-10T04:52:17.692+0000] {override.py:1769} INFO - Created Permission View: can delete on DAG:example_params_trigger_ui
[2024-02-10T04:52:17.723+0000] {logging_mixin.py:188} INFO - [2024-02-10T04:52:17.723+0000] {override.py:1769} INFO - Created Permission View: can read on DAG:example_params_trigger_ui
[2024-02-10T04:52:17.757+0000] {logging_mixin.py:188} INFO - [2024-02-10T04:52:17.757+0000] {override.py:1769} INFO - Created Permission View: can edit on DAG:example_params_trigger_ui
[2024-02-10T04:52:17.757+0000] {logging_mixin.py:188} INFO - [2024-02-10T04:52:17.757+0000] {dag.py:3036} INFO - Sync 1 DAGs
[2024-02-10T04:52:17.765+0000] {logging_mixin.py:188} INFO - [2024-02-10T04:52:17.765+0000] {dag.py:3058} INFO - Creating ORM DAG for example_params_trigger_ui
[2024-02-10T04:52:17.765+0000] {logging_mixin.py:188} INFO - [2024-02-10T04:52:17.765+0000] {dag.py:3823} INFO - Setting next_dagrun for example_params_trigger_ui to None, run_after=None
[2024-02-10T04:52:17.819+0000] {processor.py:183} INFO - Processing /workspaces/Airflow_101/airflow_tutorial/py_env/lib/python3.10/site-packages/airflow/example_dags/example_params_trigger_ui.py took 0.339 seconds
[2024-02-10T04:53:08.341+0000] {processor.py:161} INFO - Started process (PID=8828) to work on /workspaces/Airflow_101/airflow_tutorial/py_env/lib/python3.10/site-packages/airflow/example_dags/example_params_trigger_ui.py
[2024-02-10T04:53:08.342+0000] {processor.py:830} INFO - Processing file /workspaces/Airflow_101/airflow_tutorial/py_env/lib/python3.10/site-packages/airflow/example_dags/example_params_trigger_ui.py for tasks to queue
[2024-02-10T04:53:08.342+0000] {logging_mixin.py:188} INFO - [2024-02-10T04:53:08.342+0000] {dagbag.py:538} INFO - Filling up the DagBag from /workspaces/Airflow_101/airflow_tutorial/py_env/lib/python3.10/site-packages/airflow/example_dags/example_params_trigger_ui.py
[2024-02-10T04:53:08.353+0000] {processor.py:840} INFO - DAG(s) 'example_params_trigger_ui' retrieved from /workspaces/Airflow_101/airflow_tutorial/py_env/lib/python3.10/site-packages/airflow/example_dags/example_params_trigger_ui.py
[2024-02-10T04:53:08.387+0000] {logging_mixin.py:188} INFO - [2024-02-10T04:53:08.387+0000] {dag.py:3036} INFO - Sync 1 DAGs
[2024-02-10T04:53:08.396+0000] {logging_mixin.py:188} INFO - [2024-02-10T04:53:08.395+0000] {dag.py:3823} INFO - Setting next_dagrun for example_params_trigger_ui to None, run_after=None
[2024-02-10T04:53:08.433+0000] {processor.py:183} INFO - Processing /workspaces/Airflow_101/airflow_tutorial/py_env/lib/python3.10/site-packages/airflow/example_dags/example_params_trigger_ui.py took 0.094 seconds
[2024-02-10T04:54:05.357+0000] {processor.py:161} INFO - Started process (PID=9459) to work on /workspaces/Airflow_101/airflow_tutorial/py_env/lib/python3.10/site-packages/airflow/example_dags/example_params_trigger_ui.py
[2024-02-10T04:54:05.357+0000] {processor.py:830} INFO - Processing file /workspaces/Airflow_101/airflow_tutorial/py_env/lib/python3.10/site-packages/airflow/example_dags/example_params_trigger_ui.py for tasks to queue
[2024-02-10T04:54:05.358+0000] {logging_mixin.py:188} INFO - [2024-02-10T04:54:05.358+0000] {dagbag.py:538} INFO - Filling up the DagBag from /workspaces/Airflow_101/airflow_tutorial/py_env/lib/python3.10/site-packages/airflow/example_dags/example_params_trigger_ui.py
[2024-02-10T04:54:05.369+0000] {processor.py:840} INFO - DAG(s) 'example_params_trigger_ui' retrieved from /workspaces/Airflow_101/airflow_tutorial/py_env/lib/python3.10/site-packages/airflow/example_dags/example_params_trigger_ui.py
[2024-02-10T04:54:05.403+0000] {logging_mixin.py:188} INFO - [2024-02-10T04:54:05.403+0000] {dag.py:3036} INFO - Sync 1 DAGs
[2024-02-10T04:54:05.412+0000] {logging_mixin.py:188} INFO - [2024-02-10T04:54:05.411+0000] {dag.py:3823} INFO - Setting next_dagrun for example_params_trigger_ui to None, run_after=None
[2024-02-10T04:54:05.448+0000] {processor.py:183} INFO - Processing /workspaces/Airflow_101/airflow_tutorial/py_env/lib/python3.10/site-packages/airflow/example_dags/example_params_trigger_ui.py took 0.094 seconds
[2024-02-10T04:54:53.758+0000] {processor.py:161} INFO - Started process (PID=9887) to work on /workspaces/Airflow_101/airflow_tutorial/py_env/lib/python3.10/site-packages/airflow/example_dags/example_params_trigger_ui.py
[2024-02-10T04:54:53.759+0000] {processor.py:830} INFO - Processing file /workspaces/Airflow_101/airflow_tutorial/py_env/lib/python3.10/site-packages/airflow/example_dags/example_params_trigger_ui.py for tasks to queue
[2024-02-10T04:54:53.759+0000] {logging_mixin.py:188} INFO - [2024-02-10T04:54:53.759+0000] {dagbag.py:538} INFO - Filling up the DagBag from /workspaces/Airflow_101/airflow_tutorial/py_env/lib/python3.10/site-packages/airflow/example_dags/example_params_trigger_ui.py
[2024-02-10T04:54:53.772+0000] {processor.py:840} INFO - DAG(s) 'example_params_trigger_ui' retrieved from /workspaces/Airflow_101/airflow_tutorial/py_env/lib/python3.10/site-packages/airflow/example_dags/example_params_trigger_ui.py
[2024-02-10T04:54:53.807+0000] {logging_mixin.py:188} INFO - [2024-02-10T04:54:53.807+0000] {dag.py:3036} INFO - Sync 1 DAGs
[2024-02-10T04:54:53.816+0000] {logging_mixin.py:188} INFO - [2024-02-10T04:54:53.815+0000] {dag.py:3823} INFO - Setting next_dagrun for example_params_trigger_ui to None, run_after=None
[2024-02-10T04:54:53.860+0000] {processor.py:183} INFO - Processing /workspaces/Airflow_101/airflow_tutorial/py_env/lib/python3.10/site-packages/airflow/example_dags/example_params_trigger_ui.py took 0.104 seconds
