[2024-02-10T04:52:28.605+0000] {processor.py:161} INFO - Started process (PID=8555) to work on /workspaces/Airflow_101/airflow_tutorial/py_env/lib/python3.10/site-packages/airflow/example_dags/example_bash_operator.py
[2024-02-10T04:52:28.606+0000] {processor.py:830} INFO - Processing file /workspaces/Airflow_101/airflow_tutorial/py_env/lib/python3.10/site-packages/airflow/example_dags/example_bash_operator.py for tasks to queue
[2024-02-10T04:52:28.606+0000] {logging_mixin.py:188} INFO - [2024-02-10T04:52:28.606+0000] {dagbag.py:538} INFO - Filling up the DagBag from /workspaces/Airflow_101/airflow_tutorial/py_env/lib/python3.10/site-packages/airflow/example_dags/example_bash_operator.py
[2024-02-10T04:52:28.616+0000] {processor.py:840} INFO - DAG(s) 'example_bash_operator' retrieved from /workspaces/Airflow_101/airflow_tutorial/py_env/lib/python3.10/site-packages/airflow/example_dags/example_bash_operator.py
[2024-02-10T04:52:28.759+0000] {logging_mixin.py:188} INFO - [2024-02-10T04:52:28.759+0000] {override.py:1769} INFO - Created Permission View: can delete on DAG:example_bash_operator
[2024-02-10T04:52:28.791+0000] {logging_mixin.py:188} INFO - [2024-02-10T04:52:28.791+0000] {override.py:1769} INFO - Created Permission View: can read on DAG:example_bash_operator
[2024-02-10T04:52:28.825+0000] {logging_mixin.py:188} INFO - [2024-02-10T04:52:28.824+0000] {override.py:1769} INFO - Created Permission View: can edit on DAG:example_bash_operator
[2024-02-10T04:52:28.825+0000] {logging_mixin.py:188} INFO - [2024-02-10T04:52:28.825+0000] {dag.py:3036} INFO - Sync 1 DAGs
[2024-02-10T04:52:28.835+0000] {logging_mixin.py:188} INFO - [2024-02-10T04:52:28.835+0000] {dag.py:3058} INFO - Creating ORM DAG for example_bash_operator
[2024-02-10T04:52:28.843+0000] {logging_mixin.py:188} INFO - [2024-02-10T04:52:28.843+0000] {dag.py:3823} INFO - Setting next_dagrun for example_bash_operator to 2024-02-09 00:00:00+00:00, run_after=2024-02-10 00:00:00+00:00
[2024-02-10T04:52:28.881+0000] {processor.py:183} INFO - Processing /workspaces/Airflow_101/airflow_tutorial/py_env/lib/python3.10/site-packages/airflow/example_dags/example_bash_operator.py took 0.278 seconds
[2024-02-10T04:53:31.833+0000] {processor.py:161} INFO - Started process (PID=8994) to work on /workspaces/Airflow_101/airflow_tutorial/py_env/lib/python3.10/site-packages/airflow/example_dags/example_bash_operator.py
[2024-02-10T04:53:31.834+0000] {processor.py:830} INFO - Processing file /workspaces/Airflow_101/airflow_tutorial/py_env/lib/python3.10/site-packages/airflow/example_dags/example_bash_operator.py for tasks to queue
[2024-02-10T04:53:31.835+0000] {logging_mixin.py:188} INFO - [2024-02-10T04:53:31.834+0000] {dagbag.py:538} INFO - Filling up the DagBag from /workspaces/Airflow_101/airflow_tutorial/py_env/lib/python3.10/site-packages/airflow/example_dags/example_bash_operator.py
[2024-02-10T04:53:31.844+0000] {processor.py:840} INFO - DAG(s) 'example_bash_operator' retrieved from /workspaces/Airflow_101/airflow_tutorial/py_env/lib/python3.10/site-packages/airflow/example_dags/example_bash_operator.py
[2024-02-10T04:53:31.867+0000] {logging_mixin.py:188} INFO - [2024-02-10T04:53:31.867+0000] {dag.py:3036} INFO - Sync 1 DAGs
[2024-02-10T04:53:31.884+0000] {logging_mixin.py:188} INFO - [2024-02-10T04:53:31.884+0000] {dag.py:3823} INFO - Setting next_dagrun for example_bash_operator to 2024-02-09 00:00:00+00:00, run_after=2024-02-10 00:00:00+00:00
[2024-02-10T04:53:31.945+0000] {processor.py:183} INFO - Processing /workspaces/Airflow_101/airflow_tutorial/py_env/lib/python3.10/site-packages/airflow/example_dags/example_bash_operator.py took 0.114 seconds
[2024-02-10T04:54:24.843+0000] {processor.py:161} INFO - Started process (PID=9665) to work on /workspaces/Airflow_101/airflow_tutorial/py_env/lib/python3.10/site-packages/airflow/example_dags/example_bash_operator.py
[2024-02-10T04:54:24.844+0000] {processor.py:830} INFO - Processing file /workspaces/Airflow_101/airflow_tutorial/py_env/lib/python3.10/site-packages/airflow/example_dags/example_bash_operator.py for tasks to queue
[2024-02-10T04:54:24.845+0000] {logging_mixin.py:188} INFO - [2024-02-10T04:54:24.844+0000] {dagbag.py:538} INFO - Filling up the DagBag from /workspaces/Airflow_101/airflow_tutorial/py_env/lib/python3.10/site-packages/airflow/example_dags/example_bash_operator.py
[2024-02-10T04:54:24.854+0000] {processor.py:840} INFO - DAG(s) 'example_bash_operator' retrieved from /workspaces/Airflow_101/airflow_tutorial/py_env/lib/python3.10/site-packages/airflow/example_dags/example_bash_operator.py
[2024-02-10T04:54:24.872+0000] {logging_mixin.py:188} INFO - [2024-02-10T04:54:24.872+0000] {dag.py:3036} INFO - Sync 1 DAGs
[2024-02-10T04:54:24.888+0000] {logging_mixin.py:188} INFO - [2024-02-10T04:54:24.887+0000] {dag.py:3823} INFO - Setting next_dagrun for example_bash_operator to 2024-02-09 00:00:00+00:00, run_after=2024-02-10 00:00:00+00:00
[2024-02-10T04:54:24.927+0000] {processor.py:183} INFO - Processing /workspaces/Airflow_101/airflow_tutorial/py_env/lib/python3.10/site-packages/airflow/example_dags/example_bash_operator.py took 0.087 seconds
[2024-02-10T04:55:16.684+0000] {processor.py:161} INFO - Started process (PID=10036) to work on /workspaces/Airflow_101/airflow_tutorial/py_env/lib/python3.10/site-packages/airflow/example_dags/example_bash_operator.py
[2024-02-10T04:55:16.685+0000] {processor.py:830} INFO - Processing file /workspaces/Airflow_101/airflow_tutorial/py_env/lib/python3.10/site-packages/airflow/example_dags/example_bash_operator.py for tasks to queue
[2024-02-10T04:55:16.686+0000] {logging_mixin.py:188} INFO - [2024-02-10T04:55:16.686+0000] {dagbag.py:538} INFO - Filling up the DagBag from /workspaces/Airflow_101/airflow_tutorial/py_env/lib/python3.10/site-packages/airflow/example_dags/example_bash_operator.py
[2024-02-10T04:55:16.695+0000] {processor.py:840} INFO - DAG(s) 'example_bash_operator' retrieved from /workspaces/Airflow_101/airflow_tutorial/py_env/lib/python3.10/site-packages/airflow/example_dags/example_bash_operator.py
[2024-02-10T04:55:16.713+0000] {logging_mixin.py:188} INFO - [2024-02-10T04:55:16.713+0000] {dag.py:3036} INFO - Sync 1 DAGs
[2024-02-10T04:55:16.729+0000] {logging_mixin.py:188} INFO - [2024-02-10T04:55:16.729+0000] {dag.py:3823} INFO - Setting next_dagrun for example_bash_operator to 2024-02-09 00:00:00+00:00, run_after=2024-02-10 00:00:00+00:00
[2024-02-10T04:55:16.766+0000] {processor.py:183} INFO - Processing /workspaces/Airflow_101/airflow_tutorial/py_env/lib/python3.10/site-packages/airflow/example_dags/example_bash_operator.py took 0.084 seconds
