[2024-02-10T04:51:45.740+0000] {processor.py:161} INFO - Started process (PID=8179) to work on /workspaces/Airflow_101/airflow_tutorial/py_env/lib/python3.10/site-packages/airflow/example_dags/example_short_circuit_operator.py
[2024-02-10T04:51:45.740+0000] {processor.py:830} INFO - Processing file /workspaces/Airflow_101/airflow_tutorial/py_env/lib/python3.10/site-packages/airflow/example_dags/example_short_circuit_operator.py for tasks to queue
[2024-02-10T04:51:45.741+0000] {logging_mixin.py:188} INFO - [2024-02-10T04:51:45.741+0000] {dagbag.py:538} INFO - Filling up the DagBag from /workspaces/Airflow_101/airflow_tutorial/py_env/lib/python3.10/site-packages/airflow/example_dags/example_short_circuit_operator.py
[2024-02-10T04:51:45.749+0000] {processor.py:840} INFO - DAG(s) 'example_short_circuit_operator' retrieved from /workspaces/Airflow_101/airflow_tutorial/py_env/lib/python3.10/site-packages/airflow/example_dags/example_short_circuit_operator.py
[2024-02-10T04:51:45.892+0000] {logging_mixin.py:188} INFO - [2024-02-10T04:51:45.891+0000] {override.py:1769} INFO - Created Permission View: can delete on DAG:example_short_circuit_operator
[2024-02-10T04:51:45.926+0000] {logging_mixin.py:188} INFO - [2024-02-10T04:51:45.926+0000] {override.py:1769} INFO - Created Permission View: can read on DAG:example_short_circuit_operator
[2024-02-10T04:51:45.966+0000] {logging_mixin.py:188} INFO - [2024-02-10T04:51:45.966+0000] {override.py:1769} INFO - Created Permission View: can edit on DAG:example_short_circuit_operator
[2024-02-10T04:51:45.966+0000] {logging_mixin.py:188} INFO - [2024-02-10T04:51:45.966+0000] {dag.py:3036} INFO - Sync 1 DAGs
[2024-02-10T04:51:45.974+0000] {logging_mixin.py:188} INFO - [2024-02-10T04:51:45.974+0000] {dag.py:3058} INFO - Creating ORM DAG for example_short_circuit_operator
[2024-02-10T04:51:45.981+0000] {logging_mixin.py:188} INFO - [2024-02-10T04:51:45.981+0000] {dag.py:3823} INFO - Setting next_dagrun for example_short_circuit_operator to 2024-02-09 00:00:00+00:00, run_after=2024-02-10 00:00:00+00:00
[2024-02-10T04:51:46.025+0000] {processor.py:183} INFO - Processing /workspaces/Airflow_101/airflow_tutorial/py_env/lib/python3.10/site-packages/airflow/example_dags/example_short_circuit_operator.py took 0.287 seconds
[2024-02-10T04:52:42.077+0000] {processor.py:161} INFO - Started process (PID=8641) to work on /workspaces/Airflow_101/airflow_tutorial/py_env/lib/python3.10/site-packages/airflow/example_dags/example_short_circuit_operator.py
[2024-02-10T04:52:42.077+0000] {processor.py:830} INFO - Processing file /workspaces/Airflow_101/airflow_tutorial/py_env/lib/python3.10/site-packages/airflow/example_dags/example_short_circuit_operator.py for tasks to queue
[2024-02-10T04:52:42.078+0000] {logging_mixin.py:188} INFO - [2024-02-10T04:52:42.078+0000] {dagbag.py:538} INFO - Filling up the DagBag from /workspaces/Airflow_101/airflow_tutorial/py_env/lib/python3.10/site-packages/airflow/example_dags/example_short_circuit_operator.py
[2024-02-10T04:52:42.085+0000] {processor.py:840} INFO - DAG(s) 'example_short_circuit_operator' retrieved from /workspaces/Airflow_101/airflow_tutorial/py_env/lib/python3.10/site-packages/airflow/example_dags/example_short_circuit_operator.py
[2024-02-10T04:52:42.100+0000] {logging_mixin.py:188} INFO - [2024-02-10T04:52:42.100+0000] {dag.py:3036} INFO - Sync 1 DAGs
[2024-02-10T04:52:42.116+0000] {logging_mixin.py:188} INFO - [2024-02-10T04:52:42.115+0000] {dag.py:3823} INFO - Setting next_dagrun for example_short_circuit_operator to 2024-02-09 00:00:00+00:00, run_after=2024-02-10 00:00:00+00:00
[2024-02-10T04:52:42.157+0000] {processor.py:183} INFO - Processing /workspaces/Airflow_101/airflow_tutorial/py_env/lib/python3.10/site-packages/airflow/example_dags/example_short_circuit_operator.py took 0.082 seconds
[2024-02-10T04:53:26.572+0000] {processor.py:161} INFO - Started process (PID=8933) to work on /workspaces/Airflow_101/airflow_tutorial/py_env/lib/python3.10/site-packages/airflow/example_dags/example_short_circuit_operator.py
[2024-02-10T04:53:26.573+0000] {processor.py:830} INFO - Processing file /workspaces/Airflow_101/airflow_tutorial/py_env/lib/python3.10/site-packages/airflow/example_dags/example_short_circuit_operator.py for tasks to queue
[2024-02-10T04:53:26.574+0000] {logging_mixin.py:188} INFO - [2024-02-10T04:53:26.573+0000] {dagbag.py:538} INFO - Filling up the DagBag from /workspaces/Airflow_101/airflow_tutorial/py_env/lib/python3.10/site-packages/airflow/example_dags/example_short_circuit_operator.py
[2024-02-10T04:53:26.584+0000] {processor.py:840} INFO - DAG(s) 'example_short_circuit_operator' retrieved from /workspaces/Airflow_101/airflow_tutorial/py_env/lib/python3.10/site-packages/airflow/example_dags/example_short_circuit_operator.py
[2024-02-10T04:53:26.606+0000] {logging_mixin.py:188} INFO - [2024-02-10T04:53:26.605+0000] {dag.py:3036} INFO - Sync 1 DAGs
[2024-02-10T04:53:26.625+0000] {logging_mixin.py:188} INFO - [2024-02-10T04:53:26.624+0000] {dag.py:3823} INFO - Setting next_dagrun for example_short_circuit_operator to 2024-02-09 00:00:00+00:00, run_after=2024-02-10 00:00:00+00:00
[2024-02-10T04:53:26.669+0000] {processor.py:183} INFO - Processing /workspaces/Airflow_101/airflow_tutorial/py_env/lib/python3.10/site-packages/airflow/example_dags/example_short_circuit_operator.py took 0.101 seconds
[2024-02-10T04:54:13.385+0000] {processor.py:161} INFO - Started process (PID=9540) to work on /workspaces/Airflow_101/airflow_tutorial/py_env/lib/python3.10/site-packages/airflow/example_dags/example_short_circuit_operator.py
[2024-02-10T04:54:13.385+0000] {processor.py:830} INFO - Processing file /workspaces/Airflow_101/airflow_tutorial/py_env/lib/python3.10/site-packages/airflow/example_dags/example_short_circuit_operator.py for tasks to queue
[2024-02-10T04:54:13.386+0000] {logging_mixin.py:188} INFO - [2024-02-10T04:54:13.386+0000] {dagbag.py:538} INFO - Filling up the DagBag from /workspaces/Airflow_101/airflow_tutorial/py_env/lib/python3.10/site-packages/airflow/example_dags/example_short_circuit_operator.py
[2024-02-10T04:54:13.392+0000] {processor.py:840} INFO - DAG(s) 'example_short_circuit_operator' retrieved from /workspaces/Airflow_101/airflow_tutorial/py_env/lib/python3.10/site-packages/airflow/example_dags/example_short_circuit_operator.py
[2024-02-10T04:54:13.407+0000] {logging_mixin.py:188} INFO - [2024-02-10T04:54:13.406+0000] {dag.py:3036} INFO - Sync 1 DAGs
[2024-02-10T04:54:13.422+0000] {logging_mixin.py:188} INFO - [2024-02-10T04:54:13.422+0000] {dag.py:3823} INFO - Setting next_dagrun for example_short_circuit_operator to 2024-02-09 00:00:00+00:00, run_after=2024-02-10 00:00:00+00:00
[2024-02-10T04:54:13.462+0000] {processor.py:183} INFO - Processing /workspaces/Airflow_101/airflow_tutorial/py_env/lib/python3.10/site-packages/airflow/example_dags/example_short_circuit_operator.py took 0.079 seconds
[2024-02-10T04:55:05.068+0000] {processor.py:161} INFO - Started process (PID=9960) to work on /workspaces/Airflow_101/airflow_tutorial/py_env/lib/python3.10/site-packages/airflow/example_dags/example_short_circuit_operator.py
[2024-02-10T04:55:05.069+0000] {processor.py:830} INFO - Processing file /workspaces/Airflow_101/airflow_tutorial/py_env/lib/python3.10/site-packages/airflow/example_dags/example_short_circuit_operator.py for tasks to queue
[2024-02-10T04:55:05.070+0000] {logging_mixin.py:188} INFO - [2024-02-10T04:55:05.069+0000] {dagbag.py:538} INFO - Filling up the DagBag from /workspaces/Airflow_101/airflow_tutorial/py_env/lib/python3.10/site-packages/airflow/example_dags/example_short_circuit_operator.py
[2024-02-10T04:55:05.080+0000] {processor.py:840} INFO - DAG(s) 'example_short_circuit_operator' retrieved from /workspaces/Airflow_101/airflow_tutorial/py_env/lib/python3.10/site-packages/airflow/example_dags/example_short_circuit_operator.py
[2024-02-10T04:55:05.104+0000] {logging_mixin.py:188} INFO - [2024-02-10T04:55:05.103+0000] {dag.py:3036} INFO - Sync 1 DAGs
[2024-02-10T04:55:05.132+0000] {logging_mixin.py:188} INFO - [2024-02-10T04:55:05.132+0000] {dag.py:3823} INFO - Setting next_dagrun for example_short_circuit_operator to 2024-02-09 00:00:00+00:00, run_after=2024-02-10 00:00:00+00:00
[2024-02-10T04:55:05.186+0000] {processor.py:183} INFO - Processing /workspaces/Airflow_101/airflow_tutorial/py_env/lib/python3.10/site-packages/airflow/example_dags/example_short_circuit_operator.py took 0.122 seconds
