[2024-02-10T04:51:37.213+0000] {processor.py:161} INFO - Started process (PID=8086) to work on /workspaces/Airflow_101/airflow_tutorial/py_env/lib/python3.10/site-packages/airflow/example_dags/example_xcomargs.py
[2024-02-10T04:51:37.214+0000] {processor.py:830} INFO - Processing file /workspaces/Airflow_101/airflow_tutorial/py_env/lib/python3.10/site-packages/airflow/example_dags/example_xcomargs.py for tasks to queue
[2024-02-10T04:51:37.215+0000] {logging_mixin.py:188} INFO - [2024-02-10T04:51:37.215+0000] {dagbag.py:538} INFO - Filling up the DagBag from /workspaces/Airflow_101/airflow_tutorial/py_env/lib/python3.10/site-packages/airflow/example_dags/example_xcomargs.py
[2024-02-10T04:51:37.225+0000] {processor.py:840} INFO - DAG(s) 'example_xcom_args_with_operators', 'example_xcom_args' retrieved from /workspaces/Airflow_101/airflow_tutorial/py_env/lib/python3.10/site-packages/airflow/example_dags/example_xcomargs.py
[2024-02-10T04:51:37.369+0000] {logging_mixin.py:188} INFO - [2024-02-10T04:51:37.368+0000] {override.py:1769} INFO - Created Permission View: can delete on DAG:example_xcom_args_with_operators
[2024-02-10T04:51:37.401+0000] {logging_mixin.py:188} INFO - [2024-02-10T04:51:37.400+0000] {override.py:1769} INFO - Created Permission View: can read on DAG:example_xcom_args_with_operators
[2024-02-10T04:51:37.432+0000] {logging_mixin.py:188} INFO - [2024-02-10T04:51:37.432+0000] {override.py:1769} INFO - Created Permission View: can edit on DAG:example_xcom_args_with_operators
[2024-02-10T04:51:37.496+0000] {logging_mixin.py:188} INFO - [2024-02-10T04:51:37.496+0000] {override.py:1769} INFO - Created Permission View: can delete on DAG:example_xcom_args
[2024-02-10T04:51:37.525+0000] {logging_mixin.py:188} INFO - [2024-02-10T04:51:37.525+0000] {override.py:1769} INFO - Created Permission View: can read on DAG:example_xcom_args
[2024-02-10T04:51:37.555+0000] {logging_mixin.py:188} INFO - [2024-02-10T04:51:37.555+0000] {override.py:1769} INFO - Created Permission View: can edit on DAG:example_xcom_args
[2024-02-10T04:51:37.556+0000] {logging_mixin.py:188} INFO - [2024-02-10T04:51:37.556+0000] {dag.py:3036} INFO - Sync 2 DAGs
[2024-02-10T04:51:37.564+0000] {logging_mixin.py:188} INFO - [2024-02-10T04:51:37.563+0000] {dag.py:3058} INFO - Creating ORM DAG for example_xcom_args
[2024-02-10T04:51:37.564+0000] {logging_mixin.py:188} INFO - [2024-02-10T04:51:37.564+0000] {dag.py:3058} INFO - Creating ORM DAG for example_xcom_args_with_operators
[2024-02-10T04:51:37.565+0000] {logging_mixin.py:188} INFO - [2024-02-10T04:51:37.564+0000] {dag.py:3823} INFO - Setting next_dagrun for example_xcom_args to None, run_after=None
[2024-02-10T04:51:37.565+0000] {logging_mixin.py:188} INFO - [2024-02-10T04:51:37.565+0000] {dag.py:3823} INFO - Setting next_dagrun for example_xcom_args_with_operators to None, run_after=None
[2024-02-10T04:51:37.609+0000] {processor.py:183} INFO - Processing /workspaces/Airflow_101/airflow_tutorial/py_env/lib/python3.10/site-packages/airflow/example_dags/example_xcomargs.py took 0.398 seconds
[2024-02-10T04:52:34.221+0000] {processor.py:161} INFO - Started process (PID=8585) to work on /workspaces/Airflow_101/airflow_tutorial/py_env/lib/python3.10/site-packages/airflow/example_dags/example_xcomargs.py
[2024-02-10T04:52:34.222+0000] {processor.py:830} INFO - Processing file /workspaces/Airflow_101/airflow_tutorial/py_env/lib/python3.10/site-packages/airflow/example_dags/example_xcomargs.py for tasks to queue
[2024-02-10T04:52:34.223+0000] {logging_mixin.py:188} INFO - [2024-02-10T04:52:34.223+0000] {dagbag.py:538} INFO - Filling up the DagBag from /workspaces/Airflow_101/airflow_tutorial/py_env/lib/python3.10/site-packages/airflow/example_dags/example_xcomargs.py
[2024-02-10T04:52:34.230+0000] {processor.py:840} INFO - DAG(s) 'example_xcom_args_with_operators', 'example_xcom_args' retrieved from /workspaces/Airflow_101/airflow_tutorial/py_env/lib/python3.10/site-packages/airflow/example_dags/example_xcomargs.py
[2024-02-10T04:52:34.244+0000] {logging_mixin.py:188} INFO - [2024-02-10T04:52:34.244+0000] {dag.py:3036} INFO - Sync 2 DAGs
[2024-02-10T04:52:34.253+0000] {logging_mixin.py:188} INFO - [2024-02-10T04:52:34.252+0000] {dag.py:3823} INFO - Setting next_dagrun for example_xcom_args to None, run_after=None
[2024-02-10T04:52:34.255+0000] {logging_mixin.py:188} INFO - [2024-02-10T04:52:34.255+0000] {dag.py:3823} INFO - Setting next_dagrun for example_xcom_args_with_operators to None, run_after=None
[2024-02-10T04:52:34.293+0000] {processor.py:183} INFO - Processing /workspaces/Airflow_101/airflow_tutorial/py_env/lib/python3.10/site-packages/airflow/example_dags/example_xcomargs.py took 0.074 seconds
[2024-02-10T04:53:18.004+0000] {processor.py:161} INFO - Started process (PID=8894) to work on /workspaces/Airflow_101/airflow_tutorial/py_env/lib/python3.10/site-packages/airflow/example_dags/example_xcomargs.py
[2024-02-10T04:53:18.005+0000] {processor.py:830} INFO - Processing file /workspaces/Airflow_101/airflow_tutorial/py_env/lib/python3.10/site-packages/airflow/example_dags/example_xcomargs.py for tasks to queue
[2024-02-10T04:53:18.006+0000] {logging_mixin.py:188} INFO - [2024-02-10T04:53:18.005+0000] {dagbag.py:538} INFO - Filling up the DagBag from /workspaces/Airflow_101/airflow_tutorial/py_env/lib/python3.10/site-packages/airflow/example_dags/example_xcomargs.py
[2024-02-10T04:53:18.012+0000] {processor.py:840} INFO - DAG(s) 'example_xcom_args', 'example_xcom_args_with_operators' retrieved from /workspaces/Airflow_101/airflow_tutorial/py_env/lib/python3.10/site-packages/airflow/example_dags/example_xcomargs.py
[2024-02-10T04:53:18.026+0000] {logging_mixin.py:188} INFO - [2024-02-10T04:53:18.026+0000] {dag.py:3036} INFO - Sync 2 DAGs
[2024-02-10T04:53:18.035+0000] {logging_mixin.py:188} INFO - [2024-02-10T04:53:18.035+0000] {dag.py:3823} INFO - Setting next_dagrun for example_xcom_args to None, run_after=None
[2024-02-10T04:53:18.038+0000] {logging_mixin.py:188} INFO - [2024-02-10T04:53:18.037+0000] {dag.py:3823} INFO - Setting next_dagrun for example_xcom_args_with_operators to None, run_after=None
[2024-02-10T04:53:18.075+0000] {processor.py:183} INFO - Processing /workspaces/Airflow_101/airflow_tutorial/py_env/lib/python3.10/site-packages/airflow/example_dags/example_xcomargs.py took 0.073 seconds
[2024-02-10T04:53:56.474+0000] {processor.py:161} INFO - Started process (PID=9348) to work on /workspaces/Airflow_101/airflow_tutorial/py_env/lib/python3.10/site-packages/airflow/example_dags/example_xcomargs.py
[2024-02-10T04:53:56.475+0000] {processor.py:830} INFO - Processing file /workspaces/Airflow_101/airflow_tutorial/py_env/lib/python3.10/site-packages/airflow/example_dags/example_xcomargs.py for tasks to queue
[2024-02-10T04:53:56.475+0000] {logging_mixin.py:188} INFO - [2024-02-10T04:53:56.475+0000] {dagbag.py:538} INFO - Filling up the DagBag from /workspaces/Airflow_101/airflow_tutorial/py_env/lib/python3.10/site-packages/airflow/example_dags/example_xcomargs.py
[2024-02-10T04:53:56.482+0000] {processor.py:840} INFO - DAG(s) 'example_xcom_args', 'example_xcom_args_with_operators' retrieved from /workspaces/Airflow_101/airflow_tutorial/py_env/lib/python3.10/site-packages/airflow/example_dags/example_xcomargs.py
[2024-02-10T04:53:56.495+0000] {logging_mixin.py:188} INFO - [2024-02-10T04:53:56.495+0000] {dag.py:3036} INFO - Sync 2 DAGs
[2024-02-10T04:53:56.504+0000] {logging_mixin.py:188} INFO - [2024-02-10T04:53:56.504+0000] {dag.py:3823} INFO - Setting next_dagrun for example_xcom_args to None, run_after=None
[2024-02-10T04:53:56.507+0000] {logging_mixin.py:188} INFO - [2024-02-10T04:53:56.507+0000] {dag.py:3823} INFO - Setting next_dagrun for example_xcom_args_with_operators to None, run_after=None
[2024-02-10T04:53:56.544+0000] {processor.py:183} INFO - Processing /workspaces/Airflow_101/airflow_tutorial/py_env/lib/python3.10/site-packages/airflow/example_dags/example_xcomargs.py took 0.072 seconds
[2024-02-10T04:54:42.805+0000] {processor.py:161} INFO - Started process (PID=9815) to work on /workspaces/Airflow_101/airflow_tutorial/py_env/lib/python3.10/site-packages/airflow/example_dags/example_xcomargs.py
[2024-02-10T04:54:42.806+0000] {processor.py:830} INFO - Processing file /workspaces/Airflow_101/airflow_tutorial/py_env/lib/python3.10/site-packages/airflow/example_dags/example_xcomargs.py for tasks to queue
[2024-02-10T04:54:42.807+0000] {logging_mixin.py:188} INFO - [2024-02-10T04:54:42.807+0000] {dagbag.py:538} INFO - Filling up the DagBag from /workspaces/Airflow_101/airflow_tutorial/py_env/lib/python3.10/site-packages/airflow/example_dags/example_xcomargs.py
[2024-02-10T04:54:42.814+0000] {processor.py:840} INFO - DAG(s) 'example_xcom_args', 'example_xcom_args_with_operators' retrieved from /workspaces/Airflow_101/airflow_tutorial/py_env/lib/python3.10/site-packages/airflow/example_dags/example_xcomargs.py
[2024-02-10T04:54:42.827+0000] {logging_mixin.py:188} INFO - [2024-02-10T04:54:42.827+0000] {dag.py:3036} INFO - Sync 2 DAGs
[2024-02-10T04:54:42.836+0000] {logging_mixin.py:188} INFO - [2024-02-10T04:54:42.836+0000] {dag.py:3823} INFO - Setting next_dagrun for example_xcom_args to None, run_after=None
[2024-02-10T04:54:42.839+0000] {logging_mixin.py:188} INFO - [2024-02-10T04:54:42.839+0000] {dag.py:3823} INFO - Setting next_dagrun for example_xcom_args_with_operators to None, run_after=None
[2024-02-10T04:54:42.877+0000] {processor.py:183} INFO - Processing /workspaces/Airflow_101/airflow_tutorial/py_env/lib/python3.10/site-packages/airflow/example_dags/example_xcomargs.py took 0.074 seconds
