[2024-02-10T04:51:57.260+0000] {processor.py:161} INFO - Started process (PID=8286) to work on /workspaces/Airflow_101/airflow_tutorial/py_env/lib/python3.10/site-packages/airflow/example_dags/example_setup_teardown.py
[2024-02-10T04:51:57.261+0000] {processor.py:830} INFO - Processing file /workspaces/Airflow_101/airflow_tutorial/py_env/lib/python3.10/site-packages/airflow/example_dags/example_setup_teardown.py for tasks to queue
[2024-02-10T04:51:57.262+0000] {logging_mixin.py:188} INFO - [2024-02-10T04:51:57.262+0000] {dagbag.py:538} INFO - Filling up the DagBag from /workspaces/Airflow_101/airflow_tutorial/py_env/lib/python3.10/site-packages/airflow/example_dags/example_setup_teardown.py
[2024-02-10T04:51:57.270+0000] {processor.py:840} INFO - DAG(s) 'example_setup_teardown' retrieved from /workspaces/Airflow_101/airflow_tutorial/py_env/lib/python3.10/site-packages/airflow/example_dags/example_setup_teardown.py
[2024-02-10T04:51:57.417+0000] {logging_mixin.py:188} INFO - [2024-02-10T04:51:57.416+0000] {override.py:1769} INFO - Created Permission View: can delete on DAG:example_setup_teardown
[2024-02-10T04:51:57.452+0000] {logging_mixin.py:188} INFO - [2024-02-10T04:51:57.452+0000] {override.py:1769} INFO - Created Permission View: can read on DAG:example_setup_teardown
[2024-02-10T04:51:57.482+0000] {logging_mixin.py:188} INFO - [2024-02-10T04:51:57.482+0000] {override.py:1769} INFO - Created Permission View: can edit on DAG:example_setup_teardown
[2024-02-10T04:51:57.483+0000] {logging_mixin.py:188} INFO - [2024-02-10T04:51:57.483+0000] {dag.py:3036} INFO - Sync 1 DAGs
[2024-02-10T04:51:57.492+0000] {logging_mixin.py:188} INFO - [2024-02-10T04:51:57.491+0000] {dag.py:3058} INFO - Creating ORM DAG for example_setup_teardown
[2024-02-10T04:51:57.498+0000] {logging_mixin.py:188} INFO - [2024-02-10T04:51:57.498+0000] {dag.py:3823} INFO - Setting next_dagrun for example_setup_teardown to 2024-02-09 00:00:00+00:00, run_after=2024-02-10 00:00:00+00:00
[2024-02-10T04:51:57.542+0000] {processor.py:183} INFO - Processing /workspaces/Airflow_101/airflow_tutorial/py_env/lib/python3.10/site-packages/airflow/example_dags/example_setup_teardown.py took 0.291 seconds
[2024-02-10T04:52:52.211+0000] {processor.py:161} INFO - Started process (PID=8711) to work on /workspaces/Airflow_101/airflow_tutorial/py_env/lib/python3.10/site-packages/airflow/example_dags/example_setup_teardown.py
[2024-02-10T04:52:52.212+0000] {processor.py:830} INFO - Processing file /workspaces/Airflow_101/airflow_tutorial/py_env/lib/python3.10/site-packages/airflow/example_dags/example_setup_teardown.py for tasks to queue
[2024-02-10T04:52:52.213+0000] {logging_mixin.py:188} INFO - [2024-02-10T04:52:52.212+0000] {dagbag.py:538} INFO - Filling up the DagBag from /workspaces/Airflow_101/airflow_tutorial/py_env/lib/python3.10/site-packages/airflow/example_dags/example_setup_teardown.py
[2024-02-10T04:52:52.219+0000] {processor.py:840} INFO - DAG(s) 'example_setup_teardown' retrieved from /workspaces/Airflow_101/airflow_tutorial/py_env/lib/python3.10/site-packages/airflow/example_dags/example_setup_teardown.py
[2024-02-10T04:52:52.231+0000] {logging_mixin.py:188} INFO - [2024-02-10T04:52:52.231+0000] {dag.py:3036} INFO - Sync 1 DAGs
[2024-02-10T04:52:52.247+0000] {logging_mixin.py:188} INFO - [2024-02-10T04:52:52.247+0000] {dag.py:3823} INFO - Setting next_dagrun for example_setup_teardown to 2024-02-09 00:00:00+00:00, run_after=2024-02-10 00:00:00+00:00
[2024-02-10T04:52:52.292+0000] {processor.py:183} INFO - Processing /workspaces/Airflow_101/airflow_tutorial/py_env/lib/python3.10/site-packages/airflow/example_dags/example_setup_teardown.py took 0.084 seconds
[2024-02-10T04:53:41.670+0000] {processor.py:161} INFO - Started process (PID=9183) to work on /workspaces/Airflow_101/airflow_tutorial/py_env/lib/python3.10/site-packages/airflow/example_dags/example_setup_teardown.py
[2024-02-10T04:53:41.671+0000] {processor.py:830} INFO - Processing file /workspaces/Airflow_101/airflow_tutorial/py_env/lib/python3.10/site-packages/airflow/example_dags/example_setup_teardown.py for tasks to queue
[2024-02-10T04:53:41.672+0000] {logging_mixin.py:188} INFO - [2024-02-10T04:53:41.671+0000] {dagbag.py:538} INFO - Filling up the DagBag from /workspaces/Airflow_101/airflow_tutorial/py_env/lib/python3.10/site-packages/airflow/example_dags/example_setup_teardown.py
[2024-02-10T04:53:41.677+0000] {processor.py:840} INFO - DAG(s) 'example_setup_teardown' retrieved from /workspaces/Airflow_101/airflow_tutorial/py_env/lib/python3.10/site-packages/airflow/example_dags/example_setup_teardown.py
[2024-02-10T04:53:41.694+0000] {logging_mixin.py:188} INFO - [2024-02-10T04:53:41.694+0000] {dag.py:3036} INFO - Sync 1 DAGs
[2024-02-10T04:53:41.709+0000] {logging_mixin.py:188} INFO - [2024-02-10T04:53:41.709+0000] {dag.py:3823} INFO - Setting next_dagrun for example_setup_teardown to 2024-02-09 00:00:00+00:00, run_after=2024-02-10 00:00:00+00:00
[2024-02-10T04:53:41.749+0000] {processor.py:183} INFO - Processing /workspaces/Airflow_101/airflow_tutorial/py_env/lib/python3.10/site-packages/airflow/example_dags/example_setup_teardown.py took 0.081 seconds
[2024-02-10T04:54:32.123+0000] {processor.py:161} INFO - Started process (PID=9736) to work on /workspaces/Airflow_101/airflow_tutorial/py_env/lib/python3.10/site-packages/airflow/example_dags/example_setup_teardown.py
[2024-02-10T04:54:32.123+0000] {processor.py:830} INFO - Processing file /workspaces/Airflow_101/airflow_tutorial/py_env/lib/python3.10/site-packages/airflow/example_dags/example_setup_teardown.py for tasks to queue
[2024-02-10T04:54:32.124+0000] {logging_mixin.py:188} INFO - [2024-02-10T04:54:32.124+0000] {dagbag.py:538} INFO - Filling up the DagBag from /workspaces/Airflow_101/airflow_tutorial/py_env/lib/python3.10/site-packages/airflow/example_dags/example_setup_teardown.py
[2024-02-10T04:54:32.130+0000] {processor.py:840} INFO - DAG(s) 'example_setup_teardown' retrieved from /workspaces/Airflow_101/airflow_tutorial/py_env/lib/python3.10/site-packages/airflow/example_dags/example_setup_teardown.py
[2024-02-10T04:54:32.141+0000] {logging_mixin.py:188} INFO - [2024-02-10T04:54:32.141+0000] {dag.py:3036} INFO - Sync 1 DAGs
[2024-02-10T04:54:32.157+0000] {logging_mixin.py:188} INFO - [2024-02-10T04:54:32.157+0000] {dag.py:3823} INFO - Setting next_dagrun for example_setup_teardown to 2024-02-09 00:00:00+00:00, run_after=2024-02-10 00:00:00+00:00
[2024-02-10T04:54:32.203+0000] {processor.py:183} INFO - Processing /workspaces/Airflow_101/airflow_tutorial/py_env/lib/python3.10/site-packages/airflow/example_dags/example_setup_teardown.py took 0.083 seconds
