[2024-02-10T04:52:12.814+0000] {processor.py:161} INFO - Started process (PID=8423) to work on /workspaces/Airflow_101/airflow_tutorial/py_env/lib/python3.10/site-packages/airflow/example_dags/example_kubernetes_executor.py
[2024-02-10T04:52:12.814+0000] {processor.py:830} INFO - Processing file /workspaces/Airflow_101/airflow_tutorial/py_env/lib/python3.10/site-packages/airflow/example_dags/example_kubernetes_executor.py for tasks to queue
[2024-02-10T04:52:12.815+0000] {logging_mixin.py:188} INFO - [2024-02-10T04:52:12.815+0000] {dagbag.py:538} INFO - Filling up the DagBag from /workspaces/Airflow_101/airflow_tutorial/py_env/lib/python3.10/site-packages/airflow/example_dags/example_kubernetes_executor.py
[2024-02-10T04:52:12.817+0000] {logging_mixin.py:188} INFO - [2024-02-10T04:52:12.817+0000] {example_kubernetes_executor.py:38} WARNING - The example_kubernetes_executor example DAG requires the kubernetes provider. Please install it with: pip install apache-airflow[cncf.kubernetes]
[2024-02-10T04:52:12.818+0000] {processor.py:842} WARNING - No viable dags retrieved from /workspaces/Airflow_101/airflow_tutorial/py_env/lib/python3.10/site-packages/airflow/example_dags/example_kubernetes_executor.py
[2024-02-10T04:52:12.825+0000] {processor.py:183} INFO - Processing /workspaces/Airflow_101/airflow_tutorial/py_env/lib/python3.10/site-packages/airflow/example_dags/example_kubernetes_executor.py took 0.013 seconds
[2024-02-10T04:53:04.712+0000] {processor.py:161} INFO - Started process (PID=8787) to work on /workspaces/Airflow_101/airflow_tutorial/py_env/lib/python3.10/site-packages/airflow/example_dags/example_kubernetes_executor.py
[2024-02-10T04:53:04.713+0000] {processor.py:830} INFO - Processing file /workspaces/Airflow_101/airflow_tutorial/py_env/lib/python3.10/site-packages/airflow/example_dags/example_kubernetes_executor.py for tasks to queue
[2024-02-10T04:53:04.714+0000] {logging_mixin.py:188} INFO - [2024-02-10T04:53:04.713+0000] {dagbag.py:538} INFO - Filling up the DagBag from /workspaces/Airflow_101/airflow_tutorial/py_env/lib/python3.10/site-packages/airflow/example_dags/example_kubernetes_executor.py
[2024-02-10T04:53:04.716+0000] {logging_mixin.py:188} INFO - [2024-02-10T04:53:04.716+0000] {example_kubernetes_executor.py:38} WARNING - The example_kubernetes_executor example DAG requires the kubernetes provider. Please install it with: pip install apache-airflow[cncf.kubernetes]
[2024-02-10T04:53:04.716+0000] {processor.py:842} WARNING - No viable dags retrieved from /workspaces/Airflow_101/airflow_tutorial/py_env/lib/python3.10/site-packages/airflow/example_dags/example_kubernetes_executor.py
[2024-02-10T04:53:04.723+0000] {processor.py:183} INFO - Processing /workspaces/Airflow_101/airflow_tutorial/py_env/lib/python3.10/site-packages/airflow/example_dags/example_kubernetes_executor.py took 0.013 seconds
[2024-02-10T04:54:01.433+0000] {processor.py:161} INFO - Started process (PID=9414) to work on /workspaces/Airflow_101/airflow_tutorial/py_env/lib/python3.10/site-packages/airflow/example_dags/example_kubernetes_executor.py
[2024-02-10T04:54:01.434+0000] {processor.py:830} INFO - Processing file /workspaces/Airflow_101/airflow_tutorial/py_env/lib/python3.10/site-packages/airflow/example_dags/example_kubernetes_executor.py for tasks to queue
[2024-02-10T04:54:01.434+0000] {logging_mixin.py:188} INFO - [2024-02-10T04:54:01.434+0000] {dagbag.py:538} INFO - Filling up the DagBag from /workspaces/Airflow_101/airflow_tutorial/py_env/lib/python3.10/site-packages/airflow/example_dags/example_kubernetes_executor.py
[2024-02-10T04:54:01.437+0000] {logging_mixin.py:188} INFO - [2024-02-10T04:54:01.437+0000] {example_kubernetes_executor.py:38} WARNING - The example_kubernetes_executor example DAG requires the kubernetes provider. Please install it with: pip install apache-airflow[cncf.kubernetes]
[2024-02-10T04:54:01.437+0000] {processor.py:842} WARNING - No viable dags retrieved from /workspaces/Airflow_101/airflow_tutorial/py_env/lib/python3.10/site-packages/airflow/example_dags/example_kubernetes_executor.py
[2024-02-10T04:54:01.444+0000] {processor.py:183} INFO - Processing /workspaces/Airflow_101/airflow_tutorial/py_env/lib/python3.10/site-packages/airflow/example_dags/example_kubernetes_executor.py took 0.013 seconds
[2024-02-10T04:54:49.704+0000] {processor.py:161} INFO - Started process (PID=9865) to work on /workspaces/Airflow_101/airflow_tutorial/py_env/lib/python3.10/site-packages/airflow/example_dags/example_kubernetes_executor.py
[2024-02-10T04:54:49.705+0000] {processor.py:830} INFO - Processing file /workspaces/Airflow_101/airflow_tutorial/py_env/lib/python3.10/site-packages/airflow/example_dags/example_kubernetes_executor.py for tasks to queue
[2024-02-10T04:54:49.706+0000] {logging_mixin.py:188} INFO - [2024-02-10T04:54:49.705+0000] {dagbag.py:538} INFO - Filling up the DagBag from /workspaces/Airflow_101/airflow_tutorial/py_env/lib/python3.10/site-packages/airflow/example_dags/example_kubernetes_executor.py
[2024-02-10T04:54:49.708+0000] {logging_mixin.py:188} INFO - [2024-02-10T04:54:49.708+0000] {example_kubernetes_executor.py:38} WARNING - The example_kubernetes_executor example DAG requires the kubernetes provider. Please install it with: pip install apache-airflow[cncf.kubernetes]
[2024-02-10T04:54:49.708+0000] {processor.py:842} WARNING - No viable dags retrieved from /workspaces/Airflow_101/airflow_tutorial/py_env/lib/python3.10/site-packages/airflow/example_dags/example_kubernetes_executor.py
[2024-02-10T04:54:49.715+0000] {processor.py:183} INFO - Processing /workspaces/Airflow_101/airflow_tutorial/py_env/lib/python3.10/site-packages/airflow/example_dags/example_kubernetes_executor.py took 0.013 seconds
