[2024-02-10T04:51:32.131+0000] {processor.py:161} INFO - Started process (PID=7993) to work on /workspaces/Airflow_101/airflow_tutorial/py_env/lib/python3.10/site-packages/airflow/example_dags/tutorial.py
[2024-02-10T04:51:32.132+0000] {processor.py:830} INFO - Processing file /workspaces/Airflow_101/airflow_tutorial/py_env/lib/python3.10/site-packages/airflow/example_dags/tutorial.py for tasks to queue
[2024-02-10T04:51:32.133+0000] {logging_mixin.py:188} INFO - [2024-02-10T04:51:32.132+0000] {dagbag.py:538} INFO - Filling up the DagBag from /workspaces/Airflow_101/airflow_tutorial/py_env/lib/python3.10/site-packages/airflow/example_dags/tutorial.py
[2024-02-10T04:51:32.140+0000] {processor.py:840} INFO - DAG(s) 'tutorial' retrieved from /workspaces/Airflow_101/airflow_tutorial/py_env/lib/python3.10/site-packages/airflow/example_dags/tutorial.py
[2024-02-10T04:51:32.333+0000] {logging_mixin.py:188} INFO - [2024-02-10T04:51:32.333+0000] {override.py:1769} INFO - Created Permission View: can delete on DAG:tutorial
[2024-02-10T04:51:32.390+0000] {logging_mixin.py:188} INFO - [2024-02-10T04:51:32.389+0000] {override.py:1769} INFO - Created Permission View: can read on DAG:tutorial
[2024-02-10T04:51:32.442+0000] {logging_mixin.py:188} INFO - [2024-02-10T04:51:32.442+0000] {override.py:1769} INFO - Created Permission View: can edit on DAG:tutorial
[2024-02-10T04:51:32.443+0000] {logging_mixin.py:188} INFO - [2024-02-10T04:51:32.442+0000] {dag.py:3036} INFO - Sync 1 DAGs
[2024-02-10T04:51:32.455+0000] {logging_mixin.py:188} INFO - [2024-02-10T04:51:32.455+0000] {dag.py:3058} INFO - Creating ORM DAG for tutorial
[2024-02-10T04:51:32.471+0000] {logging_mixin.py:188} INFO - [2024-02-10T04:51:32.471+0000] {dag.py:3823} INFO - Setting next_dagrun for tutorial to 2024-02-09 00:00:00+00:00, run_after=2024-02-10 00:00:00+00:00
[2024-02-10T04:51:32.521+0000] {processor.py:183} INFO - Processing /workspaces/Airflow_101/airflow_tutorial/py_env/lib/python3.10/site-packages/airflow/example_dags/tutorial.py took 0.392 seconds
[2024-02-10T04:52:30.741+0000] {processor.py:161} INFO - Started process (PID=8563) to work on /workspaces/Airflow_101/airflow_tutorial/py_env/lib/python3.10/site-packages/airflow/example_dags/tutorial.py
[2024-02-10T04:52:30.742+0000] {processor.py:830} INFO - Processing file /workspaces/Airflow_101/airflow_tutorial/py_env/lib/python3.10/site-packages/airflow/example_dags/tutorial.py for tasks to queue
[2024-02-10T04:52:30.743+0000] {logging_mixin.py:188} INFO - [2024-02-10T04:52:30.742+0000] {dagbag.py:538} INFO - Filling up the DagBag from /workspaces/Airflow_101/airflow_tutorial/py_env/lib/python3.10/site-packages/airflow/example_dags/tutorial.py
[2024-02-10T04:52:30.748+0000] {processor.py:840} INFO - DAG(s) 'tutorial' retrieved from /workspaces/Airflow_101/airflow_tutorial/py_env/lib/python3.10/site-packages/airflow/example_dags/tutorial.py
[2024-02-10T04:52:30.759+0000] {logging_mixin.py:188} INFO - [2024-02-10T04:52:30.758+0000] {dag.py:3036} INFO - Sync 1 DAGs
[2024-02-10T04:52:30.773+0000] {logging_mixin.py:188} INFO - [2024-02-10T04:52:30.773+0000] {dag.py:3823} INFO - Setting next_dagrun for tutorial to 2024-02-09 00:00:00+00:00, run_after=2024-02-10 00:00:00+00:00
[2024-02-10T04:52:30.812+0000] {processor.py:183} INFO - Processing /workspaces/Airflow_101/airflow_tutorial/py_env/lib/python3.10/site-packages/airflow/example_dags/tutorial.py took 0.073 seconds
[2024-02-10T04:53:14.639+0000] {processor.py:161} INFO - Started process (PID=8858) to work on /workspaces/Airflow_101/airflow_tutorial/py_env/lib/python3.10/site-packages/airflow/example_dags/tutorial.py
[2024-02-10T04:53:14.640+0000] {processor.py:830} INFO - Processing file /workspaces/Airflow_101/airflow_tutorial/py_env/lib/python3.10/site-packages/airflow/example_dags/tutorial.py for tasks to queue
[2024-02-10T04:53:14.640+0000] {logging_mixin.py:188} INFO - [2024-02-10T04:53:14.640+0000] {dagbag.py:538} INFO - Filling up the DagBag from /workspaces/Airflow_101/airflow_tutorial/py_env/lib/python3.10/site-packages/airflow/example_dags/tutorial.py
[2024-02-10T04:53:14.645+0000] {processor.py:840} INFO - DAG(s) 'tutorial' retrieved from /workspaces/Airflow_101/airflow_tutorial/py_env/lib/python3.10/site-packages/airflow/example_dags/tutorial.py
[2024-02-10T04:53:14.656+0000] {logging_mixin.py:188} INFO - [2024-02-10T04:53:14.656+0000] {dag.py:3036} INFO - Sync 1 DAGs
[2024-02-10T04:53:14.671+0000] {logging_mixin.py:188} INFO - [2024-02-10T04:53:14.671+0000] {dag.py:3823} INFO - Setting next_dagrun for tutorial to 2024-02-09 00:00:00+00:00, run_after=2024-02-10 00:00:00+00:00
[2024-02-10T04:53:14.707+0000] {processor.py:183} INFO - Processing /workspaces/Airflow_101/airflow_tutorial/py_env/lib/python3.10/site-packages/airflow/example_dags/tutorial.py took 0.071 seconds
[2024-02-10T04:53:52.728+0000] {processor.py:161} INFO - Started process (PID=9302) to work on /workspaces/Airflow_101/airflow_tutorial/py_env/lib/python3.10/site-packages/airflow/example_dags/tutorial.py
[2024-02-10T04:53:52.728+0000] {processor.py:830} INFO - Processing file /workspaces/Airflow_101/airflow_tutorial/py_env/lib/python3.10/site-packages/airflow/example_dags/tutorial.py for tasks to queue
[2024-02-10T04:53:52.729+0000] {logging_mixin.py:188} INFO - [2024-02-10T04:53:52.729+0000] {dagbag.py:538} INFO - Filling up the DagBag from /workspaces/Airflow_101/airflow_tutorial/py_env/lib/python3.10/site-packages/airflow/example_dags/tutorial.py
[2024-02-10T04:53:52.734+0000] {processor.py:840} INFO - DAG(s) 'tutorial' retrieved from /workspaces/Airflow_101/airflow_tutorial/py_env/lib/python3.10/site-packages/airflow/example_dags/tutorial.py
[2024-02-10T04:53:52.745+0000] {logging_mixin.py:188} INFO - [2024-02-10T04:53:52.745+0000] {dag.py:3036} INFO - Sync 1 DAGs
[2024-02-10T04:53:52.761+0000] {logging_mixin.py:188} INFO - [2024-02-10T04:53:52.761+0000] {dag.py:3823} INFO - Setting next_dagrun for tutorial to 2024-02-09 00:00:00+00:00, run_after=2024-02-10 00:00:00+00:00
[2024-02-10T04:53:52.800+0000] {processor.py:183} INFO - Processing /workspaces/Airflow_101/airflow_tutorial/py_env/lib/python3.10/site-packages/airflow/example_dags/tutorial.py took 0.075 seconds
[2024-02-10T04:54:27.118+0000] {processor.py:161} INFO - Started process (PID=9694) to work on /workspaces/Airflow_101/airflow_tutorial/py_env/lib/python3.10/site-packages/airflow/example_dags/tutorial.py
[2024-02-10T04:54:27.119+0000] {processor.py:830} INFO - Processing file /workspaces/Airflow_101/airflow_tutorial/py_env/lib/python3.10/site-packages/airflow/example_dags/tutorial.py for tasks to queue
[2024-02-10T04:54:27.120+0000] {logging_mixin.py:188} INFO - [2024-02-10T04:54:27.119+0000] {dagbag.py:538} INFO - Filling up the DagBag from /workspaces/Airflow_101/airflow_tutorial/py_env/lib/python3.10/site-packages/airflow/example_dags/tutorial.py
[2024-02-10T04:54:27.124+0000] {processor.py:840} INFO - DAG(s) 'tutorial' retrieved from /workspaces/Airflow_101/airflow_tutorial/py_env/lib/python3.10/site-packages/airflow/example_dags/tutorial.py
[2024-02-10T04:54:27.135+0000] {logging_mixin.py:188} INFO - [2024-02-10T04:54:27.135+0000] {dag.py:3036} INFO - Sync 1 DAGs
[2024-02-10T04:54:27.151+0000] {logging_mixin.py:188} INFO - [2024-02-10T04:54:27.151+0000] {dag.py:3823} INFO - Setting next_dagrun for tutorial to 2024-02-09 00:00:00+00:00, run_after=2024-02-10 00:00:00+00:00
[2024-02-10T04:54:27.189+0000] {processor.py:183} INFO - Processing /workspaces/Airflow_101/airflow_tutorial/py_env/lib/python3.10/site-packages/airflow/example_dags/tutorial.py took 0.073 seconds
[2024-02-10T04:55:00.032+0000] {processor.py:161} INFO - Started process (PID=9934) to work on /workspaces/Airflow_101/airflow_tutorial/py_env/lib/python3.10/site-packages/airflow/example_dags/tutorial.py
[2024-02-10T04:55:00.033+0000] {processor.py:830} INFO - Processing file /workspaces/Airflow_101/airflow_tutorial/py_env/lib/python3.10/site-packages/airflow/example_dags/tutorial.py for tasks to queue
[2024-02-10T04:55:00.034+0000] {logging_mixin.py:188} INFO - [2024-02-10T04:55:00.034+0000] {dagbag.py:538} INFO - Filling up the DagBag from /workspaces/Airflow_101/airflow_tutorial/py_env/lib/python3.10/site-packages/airflow/example_dags/tutorial.py
[2024-02-10T04:55:00.039+0000] {processor.py:840} INFO - DAG(s) 'tutorial' retrieved from /workspaces/Airflow_101/airflow_tutorial/py_env/lib/python3.10/site-packages/airflow/example_dags/tutorial.py
[2024-02-10T04:55:00.050+0000] {logging_mixin.py:188} INFO - [2024-02-10T04:55:00.050+0000] {dag.py:3036} INFO - Sync 1 DAGs
[2024-02-10T04:55:00.066+0000] {logging_mixin.py:188} INFO - [2024-02-10T04:55:00.065+0000] {dag.py:3823} INFO - Setting next_dagrun for tutorial to 2024-02-09 00:00:00+00:00, run_after=2024-02-10 00:00:00+00:00
[2024-02-10T04:55:00.115+0000] {processor.py:183} INFO - Processing /workspaces/Airflow_101/airflow_tutorial/py_env/lib/python3.10/site-packages/airflow/example_dags/tutorial.py took 0.085 seconds
