[2024-02-10T04:51:34.930+0000] {processor.py:161} INFO - Started process (PID=8057) to work on /workspaces/Airflow_101/airflow_tutorial/py_env/lib/python3.10/site-packages/airflow/example_dags/tutorial_taskflow_api_virtualenv.py
[2024-02-10T04:51:34.930+0000] {processor.py:830} INFO - Processing file /workspaces/Airflow_101/airflow_tutorial/py_env/lib/python3.10/site-packages/airflow/example_dags/tutorial_taskflow_api_virtualenv.py for tasks to queue
[2024-02-10T04:51:34.931+0000] {logging_mixin.py:188} INFO - [2024-02-10T04:51:34.931+0000] {dagbag.py:538} INFO - Filling up the DagBag from /workspaces/Airflow_101/airflow_tutorial/py_env/lib/python3.10/site-packages/airflow/example_dags/tutorial_taskflow_api_virtualenv.py
[2024-02-10T04:51:35.060+0000] {processor.py:840} INFO - DAG(s) 'tutorial_taskflow_api_virtualenv' retrieved from /workspaces/Airflow_101/airflow_tutorial/py_env/lib/python3.10/site-packages/airflow/example_dags/tutorial_taskflow_api_virtualenv.py
[2024-02-10T04:51:35.195+0000] {logging_mixin.py:188} INFO - [2024-02-10T04:51:35.194+0000] {override.py:1769} INFO - Created Permission View: can delete on DAG:tutorial_taskflow_api_virtualenv
[2024-02-10T04:51:35.226+0000] {logging_mixin.py:188} INFO - [2024-02-10T04:51:35.226+0000] {override.py:1769} INFO - Created Permission View: can read on DAG:tutorial_taskflow_api_virtualenv
[2024-02-10T04:51:35.258+0000] {logging_mixin.py:188} INFO - [2024-02-10T04:51:35.258+0000] {override.py:1769} INFO - Created Permission View: can edit on DAG:tutorial_taskflow_api_virtualenv
[2024-02-10T04:51:35.259+0000] {logging_mixin.py:188} INFO - [2024-02-10T04:51:35.258+0000] {dag.py:3036} INFO - Sync 1 DAGs
[2024-02-10T04:51:35.272+0000] {logging_mixin.py:188} INFO - [2024-02-10T04:51:35.272+0000] {dag.py:3058} INFO - Creating ORM DAG for tutorial_taskflow_api_virtualenv
[2024-02-10T04:51:35.273+0000] {logging_mixin.py:188} INFO - [2024-02-10T04:51:35.273+0000] {dag.py:3823} INFO - Setting next_dagrun for tutorial_taskflow_api_virtualenv to None, run_after=None
[2024-02-10T04:51:35.324+0000] {processor.py:183} INFO - Processing /workspaces/Airflow_101/airflow_tutorial/py_env/lib/python3.10/site-packages/airflow/example_dags/tutorial_taskflow_api_virtualenv.py took 0.397 seconds
[2024-02-10T04:52:31.941+0000] {processor.py:161} INFO - Started process (PID=8571) to work on /workspaces/Airflow_101/airflow_tutorial/py_env/lib/python3.10/site-packages/airflow/example_dags/tutorial_taskflow_api_virtualenv.py
[2024-02-10T04:52:31.942+0000] {processor.py:830} INFO - Processing file /workspaces/Airflow_101/airflow_tutorial/py_env/lib/python3.10/site-packages/airflow/example_dags/tutorial_taskflow_api_virtualenv.py for tasks to queue
[2024-02-10T04:52:31.943+0000] {logging_mixin.py:188} INFO - [2024-02-10T04:52:31.942+0000] {dagbag.py:538} INFO - Filling up the DagBag from /workspaces/Airflow_101/airflow_tutorial/py_env/lib/python3.10/site-packages/airflow/example_dags/tutorial_taskflow_api_virtualenv.py
[2024-02-10T04:52:31.951+0000] {processor.py:840} INFO - DAG(s) 'tutorial_taskflow_api_virtualenv' retrieved from /workspaces/Airflow_101/airflow_tutorial/py_env/lib/python3.10/site-packages/airflow/example_dags/tutorial_taskflow_api_virtualenv.py
[2024-02-10T04:52:31.963+0000] {logging_mixin.py:188} INFO - [2024-02-10T04:52:31.962+0000] {dag.py:3036} INFO - Sync 1 DAGs
[2024-02-10T04:52:31.971+0000] {logging_mixin.py:188} INFO - [2024-02-10T04:52:31.971+0000] {dag.py:3823} INFO - Setting next_dagrun for tutorial_taskflow_api_virtualenv to None, run_after=None
[2024-02-10T04:52:32.011+0000] {processor.py:183} INFO - Processing /workspaces/Airflow_101/airflow_tutorial/py_env/lib/python3.10/site-packages/airflow/example_dags/tutorial_taskflow_api_virtualenv.py took 0.072 seconds
[2024-02-10T04:53:16.373+0000] {processor.py:161} INFO - Started process (PID=8873) to work on /workspaces/Airflow_101/airflow_tutorial/py_env/lib/python3.10/site-packages/airflow/example_dags/tutorial_taskflow_api_virtualenv.py
[2024-02-10T04:53:16.373+0000] {processor.py:830} INFO - Processing file /workspaces/Airflow_101/airflow_tutorial/py_env/lib/python3.10/site-packages/airflow/example_dags/tutorial_taskflow_api_virtualenv.py for tasks to queue
[2024-02-10T04:53:16.374+0000] {logging_mixin.py:188} INFO - [2024-02-10T04:53:16.374+0000] {dagbag.py:538} INFO - Filling up the DagBag from /workspaces/Airflow_101/airflow_tutorial/py_env/lib/python3.10/site-packages/airflow/example_dags/tutorial_taskflow_api_virtualenv.py
[2024-02-10T04:53:16.382+0000] {processor.py:840} INFO - DAG(s) 'tutorial_taskflow_api_virtualenv' retrieved from /workspaces/Airflow_101/airflow_tutorial/py_env/lib/python3.10/site-packages/airflow/example_dags/tutorial_taskflow_api_virtualenv.py
[2024-02-10T04:53:16.393+0000] {logging_mixin.py:188} INFO - [2024-02-10T04:53:16.393+0000] {dag.py:3036} INFO - Sync 1 DAGs
[2024-02-10T04:53:16.402+0000] {logging_mixin.py:188} INFO - [2024-02-10T04:53:16.402+0000] {dag.py:3823} INFO - Setting next_dagrun for tutorial_taskflow_api_virtualenv to None, run_after=None
[2024-02-10T04:53:16.440+0000] {processor.py:183} INFO - Processing /workspaces/Airflow_101/airflow_tutorial/py_env/lib/python3.10/site-packages/airflow/example_dags/tutorial_taskflow_api_virtualenv.py took 0.070 seconds
[2024-02-10T04:53:54.052+0000] {processor.py:161} INFO - Started process (PID=9316) to work on /workspaces/Airflow_101/airflow_tutorial/py_env/lib/python3.10/site-packages/airflow/example_dags/tutorial_taskflow_api_virtualenv.py
[2024-02-10T04:53:54.052+0000] {processor.py:830} INFO - Processing file /workspaces/Airflow_101/airflow_tutorial/py_env/lib/python3.10/site-packages/airflow/example_dags/tutorial_taskflow_api_virtualenv.py for tasks to queue
[2024-02-10T04:53:54.053+0000] {logging_mixin.py:188} INFO - [2024-02-10T04:53:54.053+0000] {dagbag.py:538} INFO - Filling up the DagBag from /workspaces/Airflow_101/airflow_tutorial/py_env/lib/python3.10/site-packages/airflow/example_dags/tutorial_taskflow_api_virtualenv.py
[2024-02-10T04:53:54.062+0000] {processor.py:840} INFO - DAG(s) 'tutorial_taskflow_api_virtualenv' retrieved from /workspaces/Airflow_101/airflow_tutorial/py_env/lib/python3.10/site-packages/airflow/example_dags/tutorial_taskflow_api_virtualenv.py
[2024-02-10T04:53:54.075+0000] {logging_mixin.py:188} INFO - [2024-02-10T04:53:54.075+0000] {dag.py:3036} INFO - Sync 1 DAGs
[2024-02-10T04:53:54.101+0000] {logging_mixin.py:188} INFO - [2024-02-10T04:53:54.100+0000] {dag.py:3823} INFO - Setting next_dagrun for tutorial_taskflow_api_virtualenv to None, run_after=None
[2024-02-10T04:53:54.242+0000] {processor.py:183} INFO - Processing /workspaces/Airflow_101/airflow_tutorial/py_env/lib/python3.10/site-packages/airflow/example_dags/tutorial_taskflow_api_virtualenv.py took 0.193 seconds
[2024-02-10T04:54:28.843+0000] {processor.py:161} INFO - Started process (PID=9721) to work on /workspaces/Airflow_101/airflow_tutorial/py_env/lib/python3.10/site-packages/airflow/example_dags/tutorial_taskflow_api_virtualenv.py
[2024-02-10T04:54:28.843+0000] {processor.py:830} INFO - Processing file /workspaces/Airflow_101/airflow_tutorial/py_env/lib/python3.10/site-packages/airflow/example_dags/tutorial_taskflow_api_virtualenv.py for tasks to queue
[2024-02-10T04:54:28.844+0000] {logging_mixin.py:188} INFO - [2024-02-10T04:54:28.844+0000] {dagbag.py:538} INFO - Filling up the DagBag from /workspaces/Airflow_101/airflow_tutorial/py_env/lib/python3.10/site-packages/airflow/example_dags/tutorial_taskflow_api_virtualenv.py
[2024-02-10T04:54:28.852+0000] {processor.py:840} INFO - DAG(s) 'tutorial_taskflow_api_virtualenv' retrieved from /workspaces/Airflow_101/airflow_tutorial/py_env/lib/python3.10/site-packages/airflow/example_dags/tutorial_taskflow_api_virtualenv.py
[2024-02-10T04:54:28.864+0000] {logging_mixin.py:188} INFO - [2024-02-10T04:54:28.864+0000] {dag.py:3036} INFO - Sync 1 DAGs
[2024-02-10T04:54:28.872+0000] {logging_mixin.py:188} INFO - [2024-02-10T04:54:28.872+0000] {dag.py:3823} INFO - Setting next_dagrun for tutorial_taskflow_api_virtualenv to None, run_after=None
[2024-02-10T04:54:28.910+0000] {processor.py:183} INFO - Processing /workspaces/Airflow_101/airflow_tutorial/py_env/lib/python3.10/site-packages/airflow/example_dags/tutorial_taskflow_api_virtualenv.py took 0.070 seconds
[2024-02-10T04:55:02.325+0000] {processor.py:161} INFO - Started process (PID=9942) to work on /workspaces/Airflow_101/airflow_tutorial/py_env/lib/python3.10/site-packages/airflow/example_dags/tutorial_taskflow_api_virtualenv.py
[2024-02-10T04:55:02.326+0000] {processor.py:830} INFO - Processing file /workspaces/Airflow_101/airflow_tutorial/py_env/lib/python3.10/site-packages/airflow/example_dags/tutorial_taskflow_api_virtualenv.py for tasks to queue
[2024-02-10T04:55:02.327+0000] {logging_mixin.py:188} INFO - [2024-02-10T04:55:02.326+0000] {dagbag.py:538} INFO - Filling up the DagBag from /workspaces/Airflow_101/airflow_tutorial/py_env/lib/python3.10/site-packages/airflow/example_dags/tutorial_taskflow_api_virtualenv.py
[2024-02-10T04:55:02.335+0000] {processor.py:840} INFO - DAG(s) 'tutorial_taskflow_api_virtualenv' retrieved from /workspaces/Airflow_101/airflow_tutorial/py_env/lib/python3.10/site-packages/airflow/example_dags/tutorial_taskflow_api_virtualenv.py
[2024-02-10T04:55:02.346+0000] {logging_mixin.py:188} INFO - [2024-02-10T04:55:02.346+0000] {dag.py:3036} INFO - Sync 1 DAGs
[2024-02-10T04:55:02.354+0000] {logging_mixin.py:188} INFO - [2024-02-10T04:55:02.354+0000] {dag.py:3823} INFO - Setting next_dagrun for tutorial_taskflow_api_virtualenv to None, run_after=None
[2024-02-10T04:55:02.394+0000] {processor.py:183} INFO - Processing /workspaces/Airflow_101/airflow_tutorial/py_env/lib/python3.10/site-packages/airflow/example_dags/tutorial_taskflow_api_virtualenv.py took 0.071 seconds
