[2024-02-10T04:51:30.959+0000] {processor.py:161} INFO - Started process (PID=7981) to work on /workspaces/Airflow_101/airflow_tutorial/py_env/lib/python3.10/site-packages/airflow/example_dags/subdags/subdag.py
[2024-02-10T04:51:30.960+0000] {processor.py:830} INFO - Processing file /workspaces/Airflow_101/airflow_tutorial/py_env/lib/python3.10/site-packages/airflow/example_dags/subdags/subdag.py for tasks to queue
[2024-02-10T04:51:30.961+0000] {logging_mixin.py:188} INFO - [2024-02-10T04:51:30.960+0000] {dagbag.py:538} INFO - Filling up the DagBag from /workspaces/Airflow_101/airflow_tutorial/py_env/lib/python3.10/site-packages/airflow/example_dags/subdags/subdag.py
[2024-02-10T04:51:30.963+0000] {processor.py:842} WARNING - No viable dags retrieved from /workspaces/Airflow_101/airflow_tutorial/py_env/lib/python3.10/site-packages/airflow/example_dags/subdags/subdag.py
[2024-02-10T04:51:30.973+0000] {processor.py:183} INFO - Processing /workspaces/Airflow_101/airflow_tutorial/py_env/lib/python3.10/site-packages/airflow/example_dags/subdags/subdag.py took 0.017 seconds
[2024-02-10T04:52:29.838+0000] {processor.py:161} INFO - Started process (PID=8562) to work on /workspaces/Airflow_101/airflow_tutorial/py_env/lib/python3.10/site-packages/airflow/example_dags/subdags/subdag.py
[2024-02-10T04:52:29.839+0000] {processor.py:830} INFO - Processing file /workspaces/Airflow_101/airflow_tutorial/py_env/lib/python3.10/site-packages/airflow/example_dags/subdags/subdag.py for tasks to queue
[2024-02-10T04:52:29.840+0000] {logging_mixin.py:188} INFO - [2024-02-10T04:52:29.840+0000] {dagbag.py:538} INFO - Filling up the DagBag from /workspaces/Airflow_101/airflow_tutorial/py_env/lib/python3.10/site-packages/airflow/example_dags/subdags/subdag.py
[2024-02-10T04:52:29.842+0000] {processor.py:842} WARNING - No viable dags retrieved from /workspaces/Airflow_101/airflow_tutorial/py_env/lib/python3.10/site-packages/airflow/example_dags/subdags/subdag.py
[2024-02-10T04:52:29.849+0000] {processor.py:183} INFO - Processing /workspaces/Airflow_101/airflow_tutorial/py_env/lib/python3.10/site-packages/airflow/example_dags/subdags/subdag.py took 0.013 seconds
[2024-02-10T04:53:13.506+0000] {processor.py:161} INFO - Started process (PID=8851) to work on /workspaces/Airflow_101/airflow_tutorial/py_env/lib/python3.10/site-packages/airflow/example_dags/subdags/subdag.py
[2024-02-10T04:53:13.507+0000] {processor.py:830} INFO - Processing file /workspaces/Airflow_101/airflow_tutorial/py_env/lib/python3.10/site-packages/airflow/example_dags/subdags/subdag.py for tasks to queue
[2024-02-10T04:53:13.508+0000] {logging_mixin.py:188} INFO - [2024-02-10T04:53:13.508+0000] {dagbag.py:538} INFO - Filling up the DagBag from /workspaces/Airflow_101/airflow_tutorial/py_env/lib/python3.10/site-packages/airflow/example_dags/subdags/subdag.py
[2024-02-10T04:53:13.510+0000] {processor.py:842} WARNING - No viable dags retrieved from /workspaces/Airflow_101/airflow_tutorial/py_env/lib/python3.10/site-packages/airflow/example_dags/subdags/subdag.py
[2024-02-10T04:53:13.517+0000] {processor.py:183} INFO - Processing /workspaces/Airflow_101/airflow_tutorial/py_env/lib/python3.10/site-packages/airflow/example_dags/subdags/subdag.py took 0.012 seconds
[2024-02-10T04:53:52.431+0000] {processor.py:161} INFO - Started process (PID=9301) to work on /workspaces/Airflow_101/airflow_tutorial/py_env/lib/python3.10/site-packages/airflow/example_dags/subdags/subdag.py
[2024-02-10T04:53:52.432+0000] {processor.py:830} INFO - Processing file /workspaces/Airflow_101/airflow_tutorial/py_env/lib/python3.10/site-packages/airflow/example_dags/subdags/subdag.py for tasks to queue
[2024-02-10T04:53:52.433+0000] {logging_mixin.py:188} INFO - [2024-02-10T04:53:52.433+0000] {dagbag.py:538} INFO - Filling up the DagBag from /workspaces/Airflow_101/airflow_tutorial/py_env/lib/python3.10/site-packages/airflow/example_dags/subdags/subdag.py
[2024-02-10T04:53:52.434+0000] {processor.py:842} WARNING - No viable dags retrieved from /workspaces/Airflow_101/airflow_tutorial/py_env/lib/python3.10/site-packages/airflow/example_dags/subdags/subdag.py
[2024-02-10T04:53:52.442+0000] {processor.py:183} INFO - Processing /workspaces/Airflow_101/airflow_tutorial/py_env/lib/python3.10/site-packages/airflow/example_dags/subdags/subdag.py took 0.014 seconds
[2024-02-10T04:54:25.986+0000] {processor.py:161} INFO - Started process (PID=9681) to work on /workspaces/Airflow_101/airflow_tutorial/py_env/lib/python3.10/site-packages/airflow/example_dags/subdags/subdag.py
[2024-02-10T04:54:25.987+0000] {processor.py:830} INFO - Processing file /workspaces/Airflow_101/airflow_tutorial/py_env/lib/python3.10/site-packages/airflow/example_dags/subdags/subdag.py for tasks to queue
[2024-02-10T04:54:25.988+0000] {logging_mixin.py:188} INFO - [2024-02-10T04:54:25.987+0000] {dagbag.py:538} INFO - Filling up the DagBag from /workspaces/Airflow_101/airflow_tutorial/py_env/lib/python3.10/site-packages/airflow/example_dags/subdags/subdag.py
[2024-02-10T04:54:25.989+0000] {processor.py:842} WARNING - No viable dags retrieved from /workspaces/Airflow_101/airflow_tutorial/py_env/lib/python3.10/site-packages/airflow/example_dags/subdags/subdag.py
[2024-02-10T04:54:25.997+0000] {processor.py:183} INFO - Processing /workspaces/Airflow_101/airflow_tutorial/py_env/lib/python3.10/site-packages/airflow/example_dags/subdags/subdag.py took 0.013 seconds
[2024-02-10T04:54:59.529+0000] {processor.py:161} INFO - Started process (PID=9933) to work on /workspaces/Airflow_101/airflow_tutorial/py_env/lib/python3.10/site-packages/airflow/example_dags/subdags/subdag.py
[2024-02-10T04:54:59.530+0000] {processor.py:830} INFO - Processing file /workspaces/Airflow_101/airflow_tutorial/py_env/lib/python3.10/site-packages/airflow/example_dags/subdags/subdag.py for tasks to queue
[2024-02-10T04:54:59.530+0000] {logging_mixin.py:188} INFO - [2024-02-10T04:54:59.530+0000] {dagbag.py:538} INFO - Filling up the DagBag from /workspaces/Airflow_101/airflow_tutorial/py_env/lib/python3.10/site-packages/airflow/example_dags/subdags/subdag.py
[2024-02-10T04:54:59.532+0000] {processor.py:842} WARNING - No viable dags retrieved from /workspaces/Airflow_101/airflow_tutorial/py_env/lib/python3.10/site-packages/airflow/example_dags/subdags/subdag.py
[2024-02-10T04:54:59.539+0000] {processor.py:183} INFO - Processing /workspaces/Airflow_101/airflow_tutorial/py_env/lib/python3.10/site-packages/airflow/example_dags/subdags/subdag.py took 0.012 seconds
