[2024-02-14T03:30:51.329+0000] {taskinstance.py:1956} INFO - Dependencies all met for dep_context=non-requeueable deps ti=<TaskInstance: our_dag_with_python_operator_v7.greet scheduled__2024-02-13T00:00:00+00:00 [queued]>
[2024-02-14T03:30:51.342+0000] {taskinstance.py:1956} INFO - Dependencies all met for dep_context=requeueable deps ti=<TaskInstance: our_dag_with_python_operator_v7.greet scheduled__2024-02-13T00:00:00+00:00 [queued]>
[2024-02-14T03:30:51.343+0000] {taskinstance.py:2170} INFO - Starting attempt 1 of 6
[2024-02-14T03:30:51.370+0000] {taskinstance.py:2191} INFO - Executing <Task(PythonOperator): greet> on 2024-02-13 00:00:00+00:00
[2024-02-14T03:30:51.379+0000] {standard_task_runner.py:60} INFO - Started process 611 to run task
[2024-02-14T03:30:51.387+0000] {standard_task_runner.py:87} INFO - Running: ['***', 'tasks', 'run', 'our_dag_with_python_operator_v7', 'greet', 'scheduled__2024-02-13T00:00:00+00:00', '--job-id', '52', '--raw', '--subdir', 'DAGS_FOLDER/create_dag_with_python_operator.py', '--cfg-path', '/tmp/tmp1w_umk9h']
[2024-02-14T03:30:51.391+0000] {standard_task_runner.py:88} INFO - Job 52: Subtask greet
[2024-02-14T03:30:51.477+0000] {task_command.py:423} INFO - Running <TaskInstance: our_dag_with_python_operator_v7.greet scheduled__2024-02-13T00:00:00+00:00 [running]> on host e97f82a89325
[2024-02-14T03:30:51.615+0000] {taskinstance.py:2480} INFO - Exporting env vars: AIRFLOW_CTX_DAG_OWNER='shiv' AIRFLOW_CTX_DAG_ID='our_dag_with_python_operator_v7' AIRFLOW_CTX_TASK_ID='greet' AIRFLOW_CTX_EXECUTION_DATE='2024-02-13T00:00:00+00:00' AIRFLOW_CTX_TRY_NUMBER='1' AIRFLOW_CTX_DAG_RUN_ID='scheduled__2024-02-13T00:00:00+00:00'
[2024-02-14T03:30:51.652+0000] {taskinstance.py:2698} ERROR - Task failed with exception
Traceback (most recent call last):
  File "/home/airflow/.local/lib/python3.8/site-packages/airflow/models/taskinstance.py", line 433, in _execute_task
    result = execute_callable(context=context, **execute_callable_kwargs)
  File "/home/airflow/.local/lib/python3.8/site-packages/airflow/operators/python.py", line 199, in execute
    return_value = self.execute_callable()
  File "/home/airflow/.local/lib/python3.8/site-packages/airflow/operators/python.py", line 216, in execute_callable
    return self.python_callable(*self.op_args, **self.op_kwargs)
  File "/opt/airflow/dags/create_dag_with_python_operator.py", line 14, in greet
    age    = ti.xcom_pull(tasks_ids='get_age', key='age')
  File "/home/airflow/.local/lib/python3.8/site-packages/airflow/utils/session.py", line 79, in wrapper
    return func(*args, session=session, **kwargs)
TypeError: xcom_pull() got an unexpected keyword argument 'tasks_ids'
[2024-02-14T03:30:51.665+0000] {taskinstance.py:1138} INFO - Marking task as UP_FOR_RETRY. dag_id=our_dag_with_python_operator_v7, task_id=greet, execution_date=20240213T000000, start_date=20240214T033051, end_date=20240214T033051
[2024-02-14T03:30:51.695+0000] {standard_task_runner.py:107} ERROR - Failed to execute job 52 for task greet (xcom_pull() got an unexpected keyword argument 'tasks_ids'; 611)
[2024-02-14T03:30:51.729+0000] {local_task_job_runner.py:234} INFO - Task exited with return code 1
[2024-02-14T03:30:51.754+0000] {taskinstance.py:3280} INFO - 0 downstream tasks scheduled from follow-on schedule check
